08.05.2024 08:12:58.950: ================================================NEW LOG SESSION===================================================
13.05.2024 04:26:06.923: ================================================NEW LOG SESSION===================================================
13.05.2024 04:48:19.907: ================================================NEW LOG SESSION===================================================

13.05.2024 04:55:12.473: [I] Received dump pulse. Pid = 2183204
13.05.2024 04:55:12.474: [D] Process name: qws_server
13.05.2024 04:55:12.474: [D] Process path: /usr/bin
13.05.2024 04:55:12.777: [D] /mnt/user/archive/logs/dumps.core/qws_server.core.gz file rotation
13.05.2024 04:55:12.781: [I] Timestamp added: /mnt/user/archive/logs/dumps.core/qws_server_20240513_045512.core.gz
13.05.2024 04:55:15.329: ================================================END LOG SESSION===================================================
13.05.2024 04:55:39.877: ================================================NEW LOG SESSION===================================================
13.05.2024 05:29:01.947: ================================================NEW LOG SESSION===================================================
13.05.2024 05:59:23.945: ================================================NEW LOG SESSION===================================================
13.05.2024 06:30:14.949: ================================================NEW LOG SESSION===================================================
14.05.2024 03:59:53.944: ================================================NEW LOG SESSION===================================================
14.05.2024 04:12:50.900: ================================================NEW LOG SESSION===================================================
14.05.2024 04:26:26.909: ================================================NEW LOG SESSION===================================================

14.05.2024 06:29:41.471: [I] Received dump pulse. Pid = 2154532
14.05.2024 06:29:41.473: [D] Process name: qws_server
14.05.2024 06:29:41.473: [D] Process path: /usr/bin
14.05.2024 06:29:41.775: [D] /mnt/user/archive/logs/dumps.core/qws_server.core.gz file rotation
14.05.2024 06:29:41.775: [I] Timestamp added: /mnt/user/archive/logs/dumps.core/qws_server_20240514_062941.core.gz
14.05.2024 06:29:45.251: ================================================END LOG SESSION===================================================
14.05.2024 06:30:09.907: ================================================NEW LOG SESSION===================================================
14.05.2024 06:50:55.941: ================================================NEW LOG SESSION===================================================
14.05.2024 07:31:35.943: ================================================NEW LOG SESSION===================================================
14.05.2024 08:12:59.908: ================================================NEW LOG SESSION===================================================
14.05.2024 08:59:50.901: ================================================NEW LOG SESSION===================================================
14.05.2024 09:15:20.837: ================================================NEW LOG SESSION===================================================
14.05.2024 09:37:35.914: ================================================NEW LOG SESSION===================================================
14.05.2024 10:02:05.907: ================================================NEW LOG SESSION===================================================

14.05.2024 10:39:16.576: [I] Received dump pulse. Pid = 2154532
14.05.2024 10:39:16.578: [D] Process name: qws_server
14.05.2024 10:39:16.578: [D] Process path: /usr/bin
14.05.2024 10:39:16.881: [D] /mnt/user/archive/logs/dumps.core/qws_server.core.gz file rotation
14.05.2024 10:39:16.884: [I] Timestamp added: /mnt/user/archive/logs/dumps.core/qws_server_20240514_103916.core.gz
14.05.2024 10:39:19.108: ================================================END LOG SESSION===================================================
14.05.2024 10:39:44.908: ================================================NEW LOG SESSION===================================================
15.05.2024 05:26:03.904: ================================================NEW LOG SESSION===================================================
15.05.2024 05:44:42.955: ================================================NEW LOG SESSION===================================================
15.05.2024 07:36:17.947: ================================================NEW LOG SESSION===================================================
15.05.2024 08:41:08.926: ================================================NEW LOG SESSION===================================================
15.05.2024 08:48:50.912: ================================================NEW LOG SESSION===================================================
15.05.2024 10:58:54.927: ================================================NEW LOG SESSION===================================================

16.05.2024 10:06:04.646: [I] Received dump pulse. Pid = 6148105
16.05.2024 10:06:04.648: [D] Process name: opcua_dhub_driver
16.05.2024 10:06:04.648: [D] Process path: /usr/bin
16.05.2024 10:06:04.952: [D] /mnt/user/archive/logs/dumps.core/opcua_dhub_driver.core.gz file rotation
16.05.2024 10:06:04.953: [I] Timestamp added: /mnt/user/archive/logs/dumps.core/opcua_dhub_driver_20240516_100604.core.gz
16.05.2024 10:46:46.912: ================================================NEW LOG SESSION===================================================

16.05.2024 13:23:14.537: [I] Received dump pulse. Pid = 2183204
16.05.2024 13:23:14.539: [D] Process name: qws_server
16.05.2024 13:23:14.539: [D] Process path: /usr/bin
16.05.2024 13:23:14.842: [D] /mnt/user/archive/logs/dumps.core/qws_server.core.gz file rotation
16.05.2024 13:23:14.842: [I] Timestamp added: /mnt/user/archive/logs/dumps.core/qws_server_20240516_132314.core.gz
16.05.2024 13:23:14.845: [I] File /mnt/user/archive/logs/dumps.core/qws_server_20240513_045512.core.gz was removed successfully
16.05.2024 13:23:16.157: ================================================END LOG SESSION===================================================
16.05.2024 13:23:41.902: ================================================NEW LOG SESSION===================================================
20.05.2024 05:27:05.955: ================================================NEW LOG SESSION===================================================
20.05.2024 07:31:34.950: ================================================NEW LOG SESSION===================================================
20.05.2024 10:44:06.903: ================================================NEW LOG SESSION===================================================
04.09.2024 09:52:03.959: ================================================NEW LOG SESSION===================================================
05.09.2024 04:52:06.948: ================================================NEW LOG SESSION===================================================
09.09.2024 10:29:04.959: ================================================NEW LOG SESSION===================================================
09.09.2024 12:30:57.947: ================================================NEW LOG SESSION===================================================
10.09.2024 04:37:26.959: ================================================NEW LOG SESSION===================================================
11.09.2024 04:42:16.952: ================================================NEW LOG SESSION===================================================
12.09.2024 04:37:43.957: ================================================NEW LOG SESSION===================================================
13.09.2024 04:52:17.949: ================================================NEW LOG SESSION===================================================
17.09.2024 04:31:41.949: ================================================NEW LOG SESSION===================================================
18.09.2024 04:38:12.957: ================================================NEW LOG SESSION===================================================
19.09.2024 04:38:03.948: ================================================NEW LOG SESSION===================================================
20.09.2024 04:43:11.954: ================================================NEW LOG SESSION===================================================
20.09.2024 04:59:43.912: ================================================NEW LOG SESSION===================================================
23.09.2024 07:29:18.947: ================================================NEW LOG SESSION===================================================
23.09.2024 08:12:02.908: ================================================NEW LOG SESSION===================================================
23.09.2024 10:30:14.879: ================================================NEW LOG SESSION===================================================
24.09.2024 04:29:09.928: ================================================NEW LOG SESSION===================================================
24.09.2024 09:22:31.925: ================================================NEW LOG SESSION===================================================
25.09.2024 04:29:10.926: ================================================NEW LOG SESSION===================================================
25.09.2024 04:38:13.910: ================================================NEW LOG SESSION===================================================
26.09.2024 04:26:57.925: ================================================NEW LOG SESSION===================================================
30.09.2024 06:43:18.945: ================================================NEW LOG SESSION===================================================
30.09.2024 06:46:42.929: ================================================NEW LOG SESSION===================================================
30.09.2024 06:57:49.948: ================================================NEW LOG SESSION===================================================
30.09.2024 08:48:58.958: ================================================NEW LOG SESSION===================================================
30.09.2024 08:51:04.948: ================================================NEW LOG SESSION===================================================
30.09.2024 11:58:22.957: ================================================NEW LOG SESSION===================================================
01.10.2024 08:38:13.948: ================================================NEW LOG SESSION===================================================
01.10.2024 08:40:04.955: ================================================NEW LOG SESSION===================================================
01.10.2024 08:42:55.957: ================================================NEW LOG SESSION===================================================
02.10.2024 11:51:22.954: ================================================NEW LOG SESSION===================================================
03.10.2024 04:48:08.946: ================================================NEW LOG SESSION===================================================

04.10.2024 04:24:54.194: [D] Got a message, rcvid is 1D0006
04.10.2024 04:24:54.194: [I] Create report for process 6471740
04.10.2024 04:24:54.195: [I] Process name: codesyscontrol
04.10.2024 04:24:54.195: [I] Process path: /codesys
04.10.2024 04:24:54.195: [I] Dump process 6471740(codesyscontrol)
04.10.2024 04:25:11.583: [D] /mnt/user/archive/logs/dumps.core/codesyscontrol.core.gz file rotation
04.10.2024 04:25:11.584: [I] Timestamp added: /mnt/user/archive/logs/dumps.core/codesyscontrol_20241004_082454.core.gz

04.10.2024 04:25:12.518: [D] Got a message, rcvid is 0
04.10.2024 04:25:12.518: [D] _PULSE_CODE_DISCONNECT
04.10.2024 04:27:28.946: ================================================NEW LOG SESSION===================================================
