25.04.2024 04:58:53.539: ================================================NEW LOG SESSION===================================================
25.04.2024 04:58:55.876: port30: Start listening interface...
25.04.2024 04:58:55.876: port40: Start listening interface...
25.04.2024 04:58:55.876: port50: Start listening interface...
25.04.2024 04:58:55.876: port60: Start listening interface...
25.04.2024 05:00:55.100: port30: ESP_ID_GET_HOST_INFO from MAC 04:7c:16:47:7c:c9
25.04.2024 05:00:55.100: port40: ESP_ID_GET_HOST_INFO from MAC 04:7c:16:47:7c:c9
25.04.2024 05:00:55.100: port50: ESP_ID_GET_HOST_INFO from MAC 04:7c:16:47:7c:c9
25.04.2024 05:00:55.100: port60: ESP_ID_GET_HOST_INFO from MAC 04:7c:16:47:7c:c9
25.04.2024 05:00:56.102: port30: ESP_ID_GET_INTERFACE_INFO ItfNo 0
25.04.2024 05:00:56.102: port40: ESP_ID_GET_INTERFACE_INFO ItfNo 0
25.04.2024 05:00:56.102: port30: ESP_ID_GET_INTERFACE_INFO ItfNo 1
25.04.2024 05:00:56.102: port40: ESP_ID_GET_INTERFACE_INFO ItfNo 1
25.04.2024 05:00:56.102: port30: ESP_ID_GET_INTERFACE_INFO ItfNo 2
25.04.2024 05:00:56.102: port40: ESP_ID_GET_INTERFACE_INFO ItfNo 2
25.04.2024 05:00:56.102: port40: ESP_ID_GET_INTERFACE_INFO ItfNo 3
25.04.2024 05:00:56.102: port30: ESP_ID_GET_INTERFACE_INFO ItfNo 3
25.04.2024 05:00:56.102: port50: ESP_ID_GET_INTERFACE_INFO ItfNo 0
25.04.2024 05:00:56.102: port50: ESP_ID_GET_INTERFACE_INFO ItfNo 1
25.04.2024 05:00:56.102: port50: ESP_ID_GET_INTERFACE_INFO ItfNo 2
25.04.2024 05:00:56.102: port50: ESP_ID_GET_INTERFACE_INFO ItfNo 3
25.04.2024 05:00:56.102: port60: ESP_ID_GET_INTERFACE_INFO ItfNo 0
25.04.2024 05:00:56.102: port60: ESP_ID_GET_INTERFACE_INFO ItfNo 1
25.04.2024 05:00:56.102: port60: ESP_ID_GET_INTERFACE_INFO ItfNo 2
25.04.2024 05:00:56.102: port60: ESP_ID_GET_INTERFACE_INFO ItfNo 3
08.05.2024 08:13:29.620: ================================================NEW LOG SESSION===================================================
08.05.2024 08:13:31.331: port30: Start listening interface...
08.05.2024 08:13:31.331: port40: Start listening interface...
08.05.2024 08:13:31.331: port50: Start listening interface...
08.05.2024 08:13:31.331: port60: Start listening interface...
08.05.2024 09:40:31.956: port50: ESP_ID_GET_HOST_INFO from MAC f4:a4:75:ca:cf:a1
08.05.2024 09:40:32.958: port50: ESP_ID_GET_INTERFACE_INFO ItfNo 0
08.05.2024 09:40:32.958: port50: ESP_ID_GET_INTERFACE_INFO ItfNo 1
08.05.2024 09:40:32.958: port50: ESP_ID_GET_INTERFACE_INFO ItfNo 2
08.05.2024 09:40:32.958: port50: ESP_ID_GET_INTERFACE_INFO ItfNo 3
08.05.2024 09:43:11.250: port50: ESP_ID_GET_HOST_INFO from MAC f4:a4:75:ca:cf:a1
08.05.2024 09:43:12.252: port50: ESP_ID_GET_INTERFACE_INFO ItfNo 0
08.05.2024 09:43:12.252: port50: ESP_ID_GET_INTERFACE_INFO ItfNo 1
08.05.2024 09:43:12.252: port50: ESP_ID_GET_INTERFACE_INFO ItfNo 2
08.05.2024 09:43:12.252: port50: ESP_ID_GET_INTERFACE_INFO ItfNo 3
08.05.2024 09:43:55.331: port50: ESP_ID_SET_IP from MAC f4:a4:75:ca:cf:a1
08.05.2024 09:43:55.331: Write to config: key=[ip/port50] value=[192.168.1.211 255.255.255.0] prev_value=[null]
08.05.2024 09:44:19.375: port50: ESP_ID_SET_IP from MAC f4:a4:75:ca:cf:a1
08.05.2024 09:44:19.375: Write to config: key=[ip/port30] value=[192.168.98.1 255.255.255.0] prev_value=[null]
08.05.2024 09:44:39.412: port50: ESP_ID_SET_HOSTNAME from MAC f4:a4:75:ca:cf:a1
08.05.2024 09:44:39.412: Write to config: key=[global/hostname] value=[Regul_R500_71_A] prev_value=[localhost]
08.05.2024 09:44:40.414: port50: ESP_ID_SET_GATEWAY from MAC f4:a4:75:ca:cf:a1
08.05.2024 09:44:40.414: Write to config: key=[routing/gateway] value=[192.168.1.1] prev_value=[]
08.05.2024 09:44:45.423: port50: ESP_ID_SET_IP from MAC f4:a4:75:ca:cf:a1
08.05.2024 09:44:45.423: Write to config: key=[ip/port40] value=[192.168.99.1 255.255.255.0] prev_value=[null]
08.05.2024 09:44:50.433: port50: ESP_ID_SET_IP from MAC f4:a4:75:ca:cf:a1
08.05.2024 09:44:50.433: Write to config: key=[ip/port60] value=[192.168.2.211 255.255.255.0] prev_value=[null]
08.05.2024 09:45:48.540: port50: ESP_ID_GET_HOST_INFO from MAC f4:a4:75:ca:cf:a1
08.05.2024 09:45:49.542: port50: ESP_ID_GET_INTERFACE_INFO ItfNo 0
08.05.2024 09:45:49.542: port50: ESP_ID_GET_INTERFACE_INFO ItfNo 1
08.05.2024 09:45:49.542: port50: ESP_ID_GET_INTERFACE_INFO ItfNo 2
08.05.2024 09:45:49.542: port50: ESP_ID_GET_INTERFACE_INFO ItfNo 3
13.05.2024 04:26:38.170: ================================================NEW LOG SESSION===================================================
13.05.2024 04:26:38.308: port30: pcap_open_live(): BIOCSETIF: port30: No such device or address
13.05.2024 04:26:38.397: port40: pcap_open_live(): BIOCSETIF: port40: No such device or address
13.05.2024 04:26:39.888: port50: Start listening interface...
13.05.2024 04:26:39.888: port60: Start listening interface...
13.05.2024 04:48:51.155: ================================================NEW LOG SESSION===================================================
13.05.2024 04:48:51.296: port30: pcap_open_live(): BIOCSETIF: port30: No such device or address
13.05.2024 04:48:51.435: port40: pcap_open_live(): BIOCSETIF: port40: No such device or address
13.05.2024 04:48:52.908: port50: Start listening interface...
13.05.2024 04:48:52.908: port60: Start listening interface...
13.05.2024 04:55:15.346: ================================================END LOG SESSION===================================================
13.05.2024 04:56:21.090: ================================================NEW LOG SESSION===================================================
13.05.2024 04:56:21.221: port30: pcap_open_live(): BIOCSETIF: port30: No such device or address
13.05.2024 04:56:21.353: port40: pcap_open_live(): BIOCSETIF: port40: No such device or address
13.05.2024 04:56:22.794: port50: Start listening interface...
13.05.2024 04:56:22.794: port60: Start listening interface...
13.05.2024 05:29:33.069: ================================================NEW LOG SESSION===================================================
13.05.2024 05:29:33.258: port30: pcap_open_live(): BIOCSETIF: port30: No such device or address
13.05.2024 05:29:33.408: port40: pcap_open_live(): BIOCSETIF: port40: No such device or address
13.05.2024 05:29:34.854: port50: Start listening interface...
13.05.2024 05:29:34.854: port60: Start listening interface...
13.05.2024 05:59:55.110: ================================================NEW LOG SESSION===================================================
13.05.2024 05:59:55.240: port30: pcap_open_live(): BIOCSETIF: port30: No such device or address
13.05.2024 05:59:55.357: port40: pcap_open_live(): BIOCSETIF: port40: No such device or address
13.05.2024 05:59:56.740: port50: Start listening interface...
13.05.2024 05:59:56.740: port60: Start listening interface...
13.05.2024 06:30:46.201: ================================================NEW LOG SESSION===================================================
13.05.2024 06:30:46.377: port30: pcap_open_live(): BIOCSETIF: port30: No such device or address
13.05.2024 06:30:46.528: port40: pcap_open_live(): BIOCSETIF: port40: No such device or address
13.05.2024 06:30:47.971: port50: Start listening interface...
13.05.2024 06:30:47.971: port60: Start listening interface...
14.05.2024 04:00:16.150: ================================================NEW LOG SESSION===================================================
14.05.2024 04:00:16.312: port30: pcap_open_live(): BIOCSETIF: port30: No such device or address
14.05.2024 04:00:16.423: port40: pcap_open_live(): BIOCSETIF: port40: No such device or address
14.05.2024 04:00:17.813: port50: Start listening interface...
14.05.2024 04:00:17.813: port60: Start listening interface...
14.05.2024 04:13:12.995: ================================================NEW LOG SESSION===================================================
14.05.2024 04:13:13.118: port30: pcap_open_live(): BIOCSETIF: port30: No such device or address
14.05.2024 04:13:13.228: port40: pcap_open_live(): BIOCSETIF: port40: No such device or address
14.05.2024 04:13:14.626: port50: Start listening interface...
14.05.2024 04:13:14.626: port60: Start listening interface...
14.05.2024 04:19:00.263: port50: ESP_ID_GET_HOST_INFO from MAC f4:a4:75:ca:cf:a1
14.05.2024 04:19:01.265: port50: ESP_ID_GET_INTERFACE_INFO ItfNo 0
14.05.2024 04:19:01.265: port50: ESP_ID_GET_INTERFACE_INFO ItfNo 1
14.05.2024 04:19:01.265: port50: ESP_ID_GET_INTERFACE_INFO ItfNo 2
14.05.2024 04:19:01.265: port50: ESP_ID_GET_INTERFACE_INFO ItfNo 3
14.05.2024 04:22:54.698: port50: ESP_ID_GET_HOST_INFO from MAC f4:a4:75:ca:cf:a1
14.05.2024 04:22:55.699: port50: ESP_ID_GET_INTERFACE_INFO ItfNo 0
14.05.2024 04:22:55.699: port50: ESP_ID_GET_INTERFACE_INFO ItfNo 1
14.05.2024 04:22:55.699: port50: ESP_ID_GET_INTERFACE_INFO ItfNo 2
14.05.2024 04:22:55.699: port50: ESP_ID_GET_INTERFACE_INFO ItfNo 3
14.05.2024 04:23:13.733: port50: ESP_ID_ENABLE_DHCP from MAC f4:a4:75:ca:cf:a1
14.05.2024 04:23:13.733: Write to config: key=[ip/port40] value=[auto] prev_value=[192.168.99.1 255.255.255.0]
14.05.2024 04:26:48.075: ================================================NEW LOG SESSION===================================================
14.05.2024 04:26:48.286: port30: pcap_open_live(): BIOCSETIF: port30: No such device or address
14.05.2024 04:26:49.886: port40: Start listening interface...
14.05.2024 04:26:49.886: port50: Start listening interface...
14.05.2024 04:26:49.886: port60: Start listening interface...
14.05.2024 04:50:56.557: port50: ESP_ID_GET_HOST_INFO from MAC f4:a4:75:ca:cf:a1
14.05.2024 04:50:57.559: port50: ESP_ID_GET_INTERFACE_INFO ItfNo 0
14.05.2024 04:50:57.559: port50: ESP_ID_GET_INTERFACE_INFO ItfNo 1
14.05.2024 04:50:57.559: port50: ESP_ID_GET_INTERFACE_INFO ItfNo 2
14.05.2024 04:50:57.559: port50: ESP_ID_GET_INTERFACE_INFO ItfNo 3
14.05.2024 04:51:12.587: port50: ESP_ID_SET_IP from MAC f4:a4:75:ca:cf:a1
14.05.2024 04:51:12.587: Write to config: key=[ip/port60] value=[192.168.99.1 255.255.255.0] prev_value=[192.168.2.211 255.255.255.0]
14.05.2024 06:23:58.861: port50: ESP_ID_GET_HOST_INFO from MAC f4:a4:75:ca:cf:a1
14.05.2024 06:23:59.863: port50: ESP_ID_GET_INTERFACE_INFO ItfNo 0
14.05.2024 06:23:59.863: port50: ESP_ID_GET_INTERFACE_INFO ItfNo 1
14.05.2024 06:23:59.863: port50: ESP_ID_GET_INTERFACE_INFO ItfNo 2
14.05.2024 06:23:59.863: port50: ESP_ID_GET_INTERFACE_INFO ItfNo 3
14.05.2024 06:29:45.439: ================================================END LOG SESSION===================================================
14.05.2024 06:30:30.866: ================================================NEW LOG SESSION===================================================
14.05.2024 06:30:30.994: port30: pcap_open_live(): BIOCSETIF: port30: No such device or address
14.05.2024 06:30:31.443: port60: pcap_open_live(): BIOCSETIF: port60: No such device or address
14.05.2024 06:30:32.548: port40: Start listening interface...
14.05.2024 06:30:32.548: port50: Start listening interface...
14.05.2024 06:51:18.157: ================================================NEW LOG SESSION===================================================
14.05.2024 06:51:18.269: port30: pcap_open_live(): BIOCSETIF: port30: No such device or address
14.05.2024 06:51:18.740: port60: pcap_open_live(): BIOCSETIF: port60: No such device or address
14.05.2024 06:51:19.842: port40: Start listening interface...
14.05.2024 06:51:19.842: port50: Start listening interface...
14.05.2024 07:31:57.097: ================================================NEW LOG SESSION===================================================
14.05.2024 07:31:57.200: port30: pcap_open_live(): BIOCSETIF: port30: No such device or address
14.05.2024 07:31:57.616: port60: pcap_open_live(): BIOCSETIF: port60: No such device or address
14.05.2024 07:31:58.721: port40: Start listening interface...
14.05.2024 07:31:58.721: port50: Start listening interface...
14.05.2024 08:11:21.079: port50: ESP_ID_GET_HOST_INFO from MAC f4:a4:75:ca:cf:a1
14.05.2024 08:11:22.081: port50: ESP_ID_GET_INTERFACE_INFO ItfNo 0
14.05.2024 08:11:22.081: port50: ESP_ID_GET_INTERFACE_INFO ItfNo 1
14.05.2024 08:11:22.081: port50: ESP_ID_GET_INTERFACE_INFO ItfNo 2
14.05.2024 08:11:22.081: port50: ESP_ID_GET_INTERFACE_INFO ItfNo 3
14.05.2024 08:11:29.094: port50: ESP_ID_SET_IP from MAC f4:a4:75:ca:cf:a1
14.05.2024 08:11:29.094: Write to config: key=[ip/port30] value=[] prev_value=[192.168.98.1 255.255.255.0]
14.05.2024 08:11:39.112: port50: ESP_ID_SET_IP from MAC f4:a4:75:ca:cf:a1
14.05.2024 08:11:39.112: Write to config: key=[ip/port40] value=[] prev_value=[auto]
14.05.2024 08:11:44.122: port50: ESP_ID_SET_IP from MAC f4:a4:75:ca:cf:a1
14.05.2024 08:11:44.122: Write to config: key=[ip/port60] value=[192.168.98.1 255.255.255.0] prev_value=[192.168.99.1 255.255.255.0]
14.05.2024 08:13:21.868: ================================================NEW LOG SESSION===================================================
14.05.2024 08:13:22.537: port60: pcap_open_live(): BIOCSETIF: port60: No such device or address
14.05.2024 08:13:23.631: port30: Start listening interface...
14.05.2024 08:13:23.631: port40: Start listening interface...
14.05.2024 08:13:23.631: port50: Start listening interface...
14.05.2024 08:29:33.419: port50: ESP_ID_GET_HOST_INFO from MAC f4:a4:75:ca:cf:a1
14.05.2024 08:29:34.421: port50: ESP_ID_GET_INTERFACE_INFO ItfNo 0
14.05.2024 08:29:34.421: port50: ESP_ID_GET_INTERFACE_INFO ItfNo 1
14.05.2024 08:29:34.421: port50: ESP_ID_GET_INTERFACE_INFO ItfNo 2
14.05.2024 08:29:34.421: port50: ESP_ID_GET_INTERFACE_INFO ItfNo 3
14.05.2024 08:29:57.463: port50: ESP_ID_SET_HOSTNAME from MAC f4:a4:75:ca:cf:a1
14.05.2024 08:29:57.463: Write to config: key=[global/hostname] value=[Regul_R500_71_A] prev_value=[Regul_R500_71_A]
14.05.2024 08:29:58.465: port50: ESP_ID_SET_GATEWAY from MAC f4:a4:75:ca:cf:a1
14.05.2024 08:29:58.465: Write to config: key=[routing/gateway] value=[] prev_value=[192.168.1.1]
14.05.2024 09:00:10.495: ================================================NEW LOG SESSION===================================================
14.05.2024 09:00:11.391: port60: pcap_open_live(): BIOCSETIF: port60: No such device or address
14.05.2024 09:00:12.509: port30: Start listening interface...
14.05.2024 09:00:12.509: port40: Start listening interface...
14.05.2024 09:00:12.509: port50: Start listening interface...
14.05.2024 09:15:39.556: ================================================NEW LOG SESSION===================================================
14.05.2024 09:15:40.203: port60: pcap_open_live(): BIOCSETIF: port60: No such device or address
14.05.2024 09:15:41.316: port30: Start listening interface...
14.05.2024 09:15:41.316: port40: Start listening interface...
14.05.2024 09:15:41.316: port50: Start listening interface...
14.05.2024 09:37:55.429: ================================================NEW LOG SESSION===================================================
14.05.2024 09:37:56.132: port60: pcap_open_live(): BIOCSETIF: port60: No such device or address
14.05.2024 09:37:57.235: port30: Start listening interface...
14.05.2024 09:37:57.235: port40: Start listening interface...
14.05.2024 09:37:57.235: port50: Start listening interface...
14.05.2024 10:02:24.695: ================================================NEW LOG SESSION===================================================
14.05.2024 10:02:25.325: port60: pcap_open_live(): BIOCSETIF: port60: No such device or address
14.05.2024 10:02:26.419: port30: Start listening interface...
14.05.2024 10:02:26.419: port40: Start listening interface...
14.05.2024 10:02:26.419: port50: Start listening interface...
14.05.2024 10:39:19.151: ================================================END LOG SESSION===================================================
14.05.2024 10:40:04.757: ================================================NEW LOG SESSION===================================================
14.05.2024 10:40:05.559: port60: pcap_open_live(): BIOCSETIF: port60: No such device or address
14.05.2024 10:40:06.665: port30: Start listening interface...
14.05.2024 10:40:06.665: port40: Start listening interface...
14.05.2024 10:40:06.665: port50: Start listening interface...
15.05.2024 05:26:26.394: ================================================NEW LOG SESSION===================================================
15.05.2024 05:26:27.028: port60: pcap_open_live(): BIOCSETIF: port60: No such device or address
15.05.2024 05:26:28.127: port30: Start listening interface...
15.05.2024 05:26:28.127: port40: Start listening interface...
15.05.2024 05:26:28.127: port50: Start listening interface...
15.05.2024 05:45:05.387: ================================================NEW LOG SESSION===================================================
15.05.2024 05:45:06.003: port60: pcap_open_live(): BIOCSETIF: port60: No such device or address
15.05.2024 05:45:07.107: port30: Start listening interface...
15.05.2024 05:45:07.107: port40: Start listening interface...
15.05.2024 05:45:07.107: port50: Start listening interface...
15.05.2024 07:36:40.156: ================================================NEW LOG SESSION===================================================
15.05.2024 07:36:40.809: port60: pcap_open_live(): BIOCSETIF: port60: No such device or address
15.05.2024 07:36:41.918: port30: Start listening interface...
15.05.2024 07:36:41.918: port40: Start listening interface...
15.05.2024 07:36:41.918: port50: Start listening interface...
15.05.2024 08:31:09.957: port50: ESP_ID_GET_HOST_INFO from MAC f4:a4:75:ca:cf:a1
15.05.2024 08:31:10.959: port50: ESP_ID_GET_INTERFACE_INFO ItfNo 0
15.05.2024 08:31:10.959: port50: ESP_ID_GET_INTERFACE_INFO ItfNo 1
15.05.2024 08:31:10.959: port50: ESP_ID_GET_INTERFACE_INFO ItfNo 2
15.05.2024 08:31:10.959: port50: ESP_ID_GET_INTERFACE_INFO ItfNo 3
15.05.2024 08:31:31.998: port50: ESP_ID_SET_IP from MAC f4:a4:75:ca:cf:a1
15.05.2024 08:31:31.998: Write to config: key=[ip/port60] value=[192.168.2.211 255.255.255.0] prev_value=[192.168.98.1 255.255.255.0]
15.05.2024 08:31:39.011: port50: ESP_ID_SET_IP from MAC f4:a4:75:ca:cf:a1
15.05.2024 08:31:39.011: Write to config: key=[ip/port30] value=[192.168.98.1 255.255.255.0] prev_value=[]
15.05.2024 08:31:42.016: port50: ESP_ID_SET_IP from MAC f4:a4:75:ca:cf:a1
15.05.2024 08:31:42.016: Write to config: key=[ip/port40] value=[192.168.99.1 255.255.255.0] prev_value=[]
15.05.2024 08:41:30.702: ================================================NEW LOG SESSION===================================================
15.05.2024 08:41:30.817: port30: pcap_open_live(): BIOCSETIF: port30: No such device or address
15.05.2024 08:41:30.921: port40: pcap_open_live(): BIOCSETIF: port40: No such device or address
15.05.2024 08:41:32.343: port50: Start listening interface...
15.05.2024 08:41:32.343: port60: Start listening interface...
15.05.2024 08:45:59.839: port50: ESP_ID_GET_HOST_INFO from MAC f4:a4:75:ca:cf:a1
15.05.2024 08:46:00.841: port50: ESP_ID_GET_INTERFACE_INFO ItfNo 0
15.05.2024 08:46:00.841: port50: ESP_ID_GET_INTERFACE_INFO ItfNo 1
15.05.2024 08:46:00.841: port50: ESP_ID_GET_INTERFACE_INFO ItfNo 2
15.05.2024 08:46:00.841: port50: ESP_ID_GET_INTERFACE_INFO ItfNo 3
15.05.2024 08:49:12.218: ================================================NEW LOG SESSION===================================================
15.05.2024 08:49:12.339: port30: pcap_open_live(): BIOCSETIF: port30: No such device or address
15.05.2024 08:49:12.462: port40: pcap_open_live(): BIOCSETIF: port40: No such device or address
15.05.2024 08:49:14.061: port50: Start listening interface...
15.05.2024 08:49:14.061: port60: Start listening interface...
15.05.2024 10:59:17.684: ================================================NEW LOG SESSION===================================================
15.05.2024 10:59:17.846: port30: pcap_open_live(): BIOCSETIF: port30: No such device or address
15.05.2024 10:59:17.945: port40: pcap_open_live(): BIOCSETIF: port40: No such device or address
15.05.2024 10:59:19.369: port50: Start listening interface...
15.05.2024 10:59:19.369: port60: Start listening interface...
16.05.2024 10:47:09.543: ================================================NEW LOG SESSION===================================================
16.05.2024 10:47:09.703: port30: pcap_open_live(): BIOCSETIF: port30: No such device or address
16.05.2024 10:47:09.870: port40: pcap_open_live(): BIOCSETIF: port40: No such device or address
16.05.2024 10:47:11.314: port50: Start listening interface...
16.05.2024 10:47:11.314: port60: Start listening interface...
16.05.2024 13:23:16.175: ================================================END LOG SESSION===================================================
16.05.2024 13:24:04.268: ================================================NEW LOG SESSION===================================================
16.05.2024 13:24:04.437: port30: pcap_open_live(): BIOCSETIF: port30: No such device or address
16.05.2024 13:24:04.619: port40: pcap_open_live(): BIOCSETIF: port40: No such device or address
16.05.2024 13:24:06.162: port50: Start listening interface...
16.05.2024 13:24:06.162: port60: Start listening interface...
20.05.2024 05:27:28.243: ================================================NEW LOG SESSION===================================================
20.05.2024 05:27:28.408: port30: pcap_open_live(): BIOCSETIF: port30: No such device or address
20.05.2024 05:27:28.598: port40: pcap_open_live(): BIOCSETIF: port40: No such device or address
20.05.2024 05:27:30.143: port50: Start listening interface...
20.05.2024 05:27:30.143: port60: Start listening interface...
20.05.2024 07:31:57.445: ================================================NEW LOG SESSION===================================================
20.05.2024 07:31:57.558: port30: pcap_open_live(): BIOCSETIF: port30: No such device or address
20.05.2024 07:31:57.659: port40: pcap_open_live(): BIOCSETIF: port40: No such device or address
20.05.2024 07:31:59.112: port50: Start listening interface...
20.05.2024 07:31:59.112: port60: Start listening interface...
20.05.2024 10:44:28.317: ================================================NEW LOG SESSION===================================================
20.05.2024 10:44:28.440: port30: pcap_open_live(): BIOCSETIF: port30: No such device or address
20.05.2024 10:44:28.625: port40: pcap_open_live(): BIOCSETIF: port40: No such device or address
20.05.2024 10:44:30.109: port50: Start listening interface...
20.05.2024 10:44:30.109: port60: Start listening interface...
04.09.2024 09:52:25.998: ================================================NEW LOG SESSION===================================================
04.09.2024 09:52:26.142: port30: pcap_open_live(): BIOCSETIF: port30: No such device or address
04.09.2024 09:52:26.284: port40: pcap_open_live(): BIOCSETIF: port40: No such device or address
04.09.2024 09:52:27.686: port50: Start listening interface...
04.09.2024 09:52:27.686: port60: Start listening interface...
05.09.2024 04:52:29.247: ================================================NEW LOG SESSION===================================================
05.09.2024 04:52:29.376: port30: pcap_open_live(): BIOCSETIF: port30: No such device or address
05.09.2024 04:52:29.490: port40: pcap_open_live(): BIOCSETIF: port40: No such device or address
05.09.2024 04:52:30.868: port50: Start listening interface...
05.09.2024 04:52:30.868: port60: Start listening interface...
09.09.2024 10:29:27.326: ================================================NEW LOG SESSION===================================================
09.09.2024 10:29:27.460: port30: pcap_open_live(): BIOCSETIF: port30: No such device or address
09.09.2024 10:29:27.549: port40: pcap_open_live(): BIOCSETIF: port40: No such device or address
09.09.2024 10:29:29.034: port50: Start listening interface...
09.09.2024 10:29:29.034: port60: Start listening interface...
09.09.2024 12:31:20.124: ================================================NEW LOG SESSION===================================================
09.09.2024 12:31:20.279: port30: pcap_open_live(): BIOCSETIF: port30: No such device or address
09.09.2024 12:31:20.444: port40: pcap_open_live(): BIOCSETIF: port40: No such device or address
09.09.2024 12:31:21.905: port50: Start listening interface...
09.09.2024 12:31:21.905: port60: Start listening interface...
10.09.2024 04:37:48.154: ================================================NEW LOG SESSION===================================================
10.09.2024 04:37:48.307: port30: pcap_open_live(): BIOCSETIF: port30: No such device or address
10.09.2024 04:37:48.395: port40: pcap_open_live(): BIOCSETIF: port40: No such device or address
10.09.2024 04:37:49.869: port50: Start listening interface...
10.09.2024 04:37:49.869: port60: Start listening interface...
11.09.2024 04:42:38.474: ================================================NEW LOG SESSION===================================================
11.09.2024 04:42:38.598: port30: pcap_open_live(): BIOCSETIF: port30: No such device or address
11.09.2024 04:42:38.706: port40: pcap_open_live(): BIOCSETIF: port40: No such device or address
11.09.2024 04:42:40.192: port50: Start listening interface...
11.09.2024 04:42:40.192: port60: Start listening interface...
12.09.2024 04:38:06.382: ================================================NEW LOG SESSION===================================================
12.09.2024 04:38:06.492: port30: pcap_open_live(): BIOCSETIF: port30: No such device or address
12.09.2024 04:38:06.579: port40: pcap_open_live(): BIOCSETIF: port40: No such device or address
12.09.2024 04:38:08.053: port50: Start listening interface...
12.09.2024 04:38:08.053: port60: Start listening interface...
13.09.2024 04:52:40.008: ================================================NEW LOG SESSION===================================================
13.09.2024 04:52:40.153: port30: pcap_open_live(): BIOCSETIF: port30: No such device or address
13.09.2024 04:52:40.341: port40: pcap_open_live(): BIOCSETIF: port40: No such device or address
13.09.2024 04:52:41.748: port50: Start listening interface...
13.09.2024 04:52:41.748: port60: Start listening interface...
17.09.2024 04:32:04.388: ================================================NEW LOG SESSION===================================================
17.09.2024 04:32:04.514: port30: pcap_open_live(): BIOCSETIF: port30: No such device or address
17.09.2024 04:32:04.716: port40: pcap_open_live(): BIOCSETIF: port40: No such device or address
17.09.2024 04:32:06.191: port50: Start listening interface...
17.09.2024 04:32:06.191: port60: Start listening interface...
18.09.2024 04:38:35.729: ================================================NEW LOG SESSION===================================================
18.09.2024 04:38:35.906: port30: pcap_open_live(): BIOCSETIF: port30: No such device or address
18.09.2024 04:38:36.044: port40: pcap_open_live(): BIOCSETIF: port40: No such device or address
18.09.2024 04:38:37.434: port50: Start listening interface...
18.09.2024 04:38:37.434: port60: Start listening interface...
19.09.2024 04:38:26.512: ================================================NEW LOG SESSION===================================================
19.09.2024 04:38:26.680: port30: pcap_open_live(): BIOCSETIF: port30: No such device or address
19.09.2024 04:38:26.923: port40: pcap_open_live(): BIOCSETIF: port40: No such device or address
19.09.2024 04:38:28.326: port50: Start listening interface...
19.09.2024 04:38:28.326: port60: Start listening interface...
19.09.2024 06:29:02.662: port50: ESP_ID_GET_HOST_INFO from MAC d4:93:90:09:c8:8a
19.09.2024 06:29:03.664: port50: ESP_ID_GET_INTERFACE_INFO ItfNo 0
19.09.2024 06:29:03.664: port50: ESP_ID_GET_INTERFACE_INFO ItfNo 1
19.09.2024 06:29:03.664: port50: ESP_ID_GET_INTERFACE_INFO ItfNo 2
19.09.2024 06:29:03.664: port50: ESP_ID_GET_INTERFACE_INFO ItfNo 3
20.09.2024 04:43:33.522: ================================================NEW LOG SESSION===================================================
20.09.2024 04:43:33.686: port30: pcap_open_live(): BIOCSETIF: port30: No such device or address
20.09.2024 04:43:33.882: port40: pcap_open_live(): BIOCSETIF: port40: No such device or address
20.09.2024 04:43:35.355: port50: Start listening interface...
20.09.2024 04:43:35.355: port60: Start listening interface...
20.09.2024 05:00:06.492: ================================================NEW LOG SESSION===================================================
20.09.2024 05:00:06.652: port30: pcap_open_live(): BIOCSETIF: port30: No such device or address
20.09.2024 05:00:06.813: port40: pcap_open_live(): BIOCSETIF: port40: No such device or address
20.09.2024 05:00:08.213: port50: Start listening interface...
20.09.2024 05:00:08.213: port60: Start listening interface...
23.09.2024 07:29:40.401: ================================================NEW LOG SESSION===================================================
23.09.2024 07:29:40.572: port30: pcap_open_live(): BIOCSETIF: port30: No such device or address
23.09.2024 07:29:40.760: port40: pcap_open_live(): BIOCSETIF: port40: No such device or address
23.09.2024 07:29:42.238: port50: Start listening interface...
23.09.2024 07:29:42.238: port60: Start listening interface...
23.09.2024 08:12:25.515: ================================================NEW LOG SESSION===================================================
23.09.2024 08:12:25.655: port30: pcap_open_live(): BIOCSETIF: port30: No such device or address
23.09.2024 08:12:25.850: port40: pcap_open_live(): BIOCSETIF: port40: No such device or address
23.09.2024 08:12:27.231: port50: Start listening interface...
23.09.2024 08:12:27.231: port60: Start listening interface...
23.09.2024 10:30:36.557: ================================================NEW LOG SESSION===================================================
23.09.2024 10:30:36.795: port30: pcap_open_live(): BIOCSETIF: port30: No such device or address
23.09.2024 10:30:36.935: port40: pcap_open_live(): BIOCSETIF: port40: No such device or address
23.09.2024 10:30:38.356: port50: Start listening interface...
23.09.2024 10:30:38.356: port60: Start listening interface...
24.09.2024 04:29:31.551: ================================================NEW LOG SESSION===================================================
24.09.2024 04:29:31.702: port30: pcap_open_live(): BIOCSETIF: port30: No such device or address
24.09.2024 04:29:31.903: port40: pcap_open_live(): BIOCSETIF: port40: No such device or address
24.09.2024 04:29:33.307: port50: Start listening interface...
24.09.2024 04:29:33.307: port60: Start listening interface...
24.09.2024 09:22:53.510: ================================================NEW LOG SESSION===================================================
24.09.2024 09:22:53.636: port30: pcap_open_live(): BIOCSETIF: port30: No such device or address
24.09.2024 09:22:53.739: port40: pcap_open_live(): BIOCSETIF: port40: No such device or address
24.09.2024 09:22:55.131: port50: Start listening interface...
24.09.2024 09:22:55.131: port60: Start listening interface...
25.09.2024 04:29:33.548: ================================================NEW LOG SESSION===================================================
25.09.2024 04:29:33.666: port30: pcap_open_live(): BIOCSETIF: port30: No such device or address
25.09.2024 04:29:33.845: port40: pcap_open_live(): BIOCSETIF: port40: No such device or address
25.09.2024 04:29:35.253: port50: Start listening interface...
25.09.2024 04:29:35.253: port60: Start listening interface...
25.09.2024 04:38:36.684: ================================================NEW LOG SESSION===================================================
25.09.2024 04:38:36.855: port30: pcap_open_live(): BIOCSETIF: port30: No such device or address
25.09.2024 04:38:37.001: port40: pcap_open_live(): BIOCSETIF: port40: No such device or address
25.09.2024 04:38:38.388: port50: Start listening interface...
25.09.2024 04:38:38.388: port60: Start listening interface...
25.09.2024 05:25:57.669: port50: ESP_ID_GET_HOST_INFO from MAC d4:93:90:09:c8:8a
25.09.2024 05:25:58.671: port50: ESP_ID_GET_INTERFACE_INFO ItfNo 0
25.09.2024 05:25:58.671: port50: ESP_ID_GET_INTERFACE_INFO ItfNo 1
25.09.2024 05:25:58.671: port50: ESP_ID_GET_INTERFACE_INFO ItfNo 2
25.09.2024 05:25:58.671: port50: ESP_ID_GET_INTERFACE_INFO ItfNo 3
26.09.2024 04:27:19.549: ================================================NEW LOG SESSION===================================================
26.09.2024 04:27:19.698: port30: pcap_open_live(): BIOCSETIF: port30: No such device or address
26.09.2024 04:27:19.890: port40: pcap_open_live(): BIOCSETIF: port40: No such device or address
26.09.2024 04:27:21.339: port50: Start listening interface...
26.09.2024 04:27:21.339: port60: Start listening interface...
26.09.2024 05:10:28.152: port50: ESP_ID_GET_HOST_INFO from MAC d4:93:90:09:c8:8a
26.09.2024 05:10:29.153: port50: ESP_ID_GET_INTERFACE_INFO ItfNo 0
26.09.2024 05:10:29.153: port50: ESP_ID_GET_INTERFACE_INFO ItfNo 1
26.09.2024 05:10:29.153: port50: ESP_ID_GET_INTERFACE_INFO ItfNo 2
26.09.2024 05:10:29.153: port50: ESP_ID_GET_INTERFACE_INFO ItfNo 3
26.09.2024 05:10:32.161: port50: ESP_ID_GET_HOST_INFO from MAC d4:93:90:09:c8:8a
26.09.2024 05:10:33.163: port50: ESP_ID_GET_INTERFACE_INFO ItfNo 0
26.09.2024 05:10:33.163: port50: ESP_ID_GET_INTERFACE_INFO ItfNo 1
26.09.2024 05:10:33.163: port50: ESP_ID_GET_INTERFACE_INFO ItfNo 2
26.09.2024 05:10:33.163: port50: ESP_ID_GET_INTERFACE_INFO ItfNo 3
26.09.2024 05:11:15.242: port50: ESP_ID_GET_HOST_INFO from MAC d4:93:90:09:c8:8a
26.09.2024 05:11:16.244: port50: ESP_ID_GET_INTERFACE_INFO ItfNo 0
26.09.2024 05:11:16.244: port50: ESP_ID_GET_INTERFACE_INFO ItfNo 1
26.09.2024 05:11:16.244: port50: ESP_ID_GET_INTERFACE_INFO ItfNo 2
26.09.2024 05:11:16.244: port50: ESP_ID_GET_INTERFACE_INFO ItfNo 3
30.09.2024 06:43:41.499: ================================================NEW LOG SESSION===================================================
30.09.2024 06:43:41.606: port30: pcap_open_live(): BIOCSETIF: port30: No such device or address
30.09.2024 06:43:41.699: port40: pcap_open_live(): BIOCSETIF: port40: No such device or address
30.09.2024 06:43:43.148: port50: Start listening interface...
30.09.2024 06:43:43.148: port60: Start listening interface...
30.09.2024 06:47:04.619: ================================================NEW LOG SESSION===================================================
30.09.2024 06:47:04.795: port30: pcap_open_live(): BIOCSETIF: port30: No such device or address
30.09.2024 06:47:04.960: port40: pcap_open_live(): BIOCSETIF: port40: No such device or address
30.09.2024 06:47:06.332: port50: Start listening interface...
30.09.2024 06:47:06.332: port60: Start listening interface...
30.09.2024 06:58:11.453: ================================================NEW LOG SESSION===================================================
30.09.2024 06:58:11.626: port30: pcap_open_live(): BIOCSETIF: port30: No such device or address
30.09.2024 06:58:11.829: port40: pcap_open_live(): BIOCSETIF: port40: No such device or address
30.09.2024 06:58:13.251: port50: Start listening interface...
30.09.2024 06:58:13.251: port60: Start listening interface...
30.09.2024 08:49:21.432: ================================================NEW LOG SESSION===================================================
30.09.2024 08:49:21.533: port30: pcap_open_live(): BIOCSETIF: port30: No such device or address
30.09.2024 08:49:21.715: port40: pcap_open_live(): BIOCSETIF: port40: No such device or address
30.09.2024 08:49:23.116: port50: Start listening interface...
30.09.2024 08:49:23.116: port60: Start listening interface...
30.09.2024 08:51:26.589: ================================================NEW LOG SESSION===================================================
30.09.2024 08:51:26.686: port30: pcap_open_live(): BIOCSETIF: port30: No such device or address
30.09.2024 08:51:26.893: port40: pcap_open_live(): BIOCSETIF: port40: No such device or address
30.09.2024 08:51:28.330: port50: Start listening interface...
30.09.2024 08:51:28.330: port60: Start listening interface...
30.09.2024 11:58:45.394: ================================================NEW LOG SESSION===================================================
30.09.2024 11:58:45.562: port30: pcap_open_live(): BIOCSETIF: port30: No such device or address
30.09.2024 11:58:45.744: port40: pcap_open_live(): BIOCSETIF: port40: No such device or address
30.09.2024 11:58:47.158: port50: Start listening interface...
30.09.2024 11:58:47.158: port60: Start listening interface...
01.10.2024 08:38:35.479: ================================================NEW LOG SESSION===================================================
01.10.2024 08:38:35.610: port30: pcap_open_live(): BIOCSETIF: port30: No such device or address
01.10.2024 08:38:35.724: port40: pcap_open_live(): BIOCSETIF: port40: No such device or address
01.10.2024 08:38:37.120: port50: Start listening interface...
01.10.2024 08:38:37.120: port60: Start listening interface...
01.10.2024 08:40:27.125: ================================================NEW LOG SESSION===================================================
01.10.2024 08:40:27.315: port30: pcap_open_live(): BIOCSETIF: port30: No such device or address
01.10.2024 08:40:27.487: port40: pcap_open_live(): BIOCSETIF: port40: No such device or address
01.10.2024 08:40:28.863: port50: Start listening interface...
01.10.2024 08:40:28.863: port60: Start listening interface...
01.10.2024 08:43:17.173: ================================================NEW LOG SESSION===================================================
01.10.2024 08:43:17.285: port30: pcap_open_live(): BIOCSETIF: port30: No such device or address
01.10.2024 08:43:17.394: port40: pcap_open_live(): BIOCSETIF: port40: No such device or address
01.10.2024 08:43:18.887: port50: Start listening interface...
01.10.2024 08:43:18.887: port60: Start listening interface...
02.10.2024 11:51:42.392: ================================================NEW LOG SESSION===================================================
02.10.2024 11:51:42.496: port30: pcap_open_live(): BIOCSETIF: port30: No such device or address
02.10.2024 11:51:42.720: port40: pcap_open_live(): BIOCSETIF: port40: No such device or address
02.10.2024 11:51:44.158: port50: Start listening interface...
02.10.2024 11:51:44.158: port60: Start listening interface...
03.10.2024 04:48:28.938: ================================================NEW LOG SESSION===================================================
03.10.2024 04:48:29.174: port30: pcap_open_live(): BIOCSETIF: port30: No such device or address
03.10.2024 04:48:29.316: port40: pcap_open_live(): BIOCSETIF: port40: No such device or address
03.10.2024 04:48:30.739: port50: Start listening interface...
03.10.2024 04:48:30.739: port60: Start listening interface...
03.10.2024 06:39:30.227: port50: ESP_ID_GET_HOST_INFO from MAC d4:93:90:09:c8:8a
03.10.2024 06:39:31.228: port50: ESP_ID_GET_INTERFACE_INFO ItfNo 0
03.10.2024 06:39:31.228: port50: ESP_ID_GET_INTERFACE_INFO ItfNo 1
03.10.2024 06:39:31.228: port50: ESP_ID_GET_INTERFACE_INFO ItfNo 2
03.10.2024 06:39:31.228: port50: ESP_ID_GET_INTERFACE_INFO ItfNo 3
03.10.2024 06:40:01.286: port50: ESP_ID_GET_HOST_INFO from MAC d4:93:90:09:c8:8a
03.10.2024 06:40:02.288: port50: ESP_ID_GET_INTERFACE_INFO ItfNo 0
03.10.2024 06:40:02.288: port50: ESP_ID_GET_INTERFACE_INFO ItfNo 1
03.10.2024 06:40:02.288: port50: ESP_ID_GET_INTERFACE_INFO ItfNo 2
03.10.2024 06:40:02.288: port50: ESP_ID_GET_INTERFACE_INFO ItfNo 3
03.10.2024 06:40:04.291: port50: ESP_ID_GET_HOST_INFO from MAC d4:93:90:09:c8:8a
03.10.2024 06:40:05.293: port50: ESP_ID_GET_INTERFACE_INFO ItfNo 0
03.10.2024 06:40:05.293: port50: ESP_ID_GET_INTERFACE_INFO ItfNo 1
03.10.2024 06:40:05.293: port50: ESP_ID_GET_INTERFACE_INFO ItfNo 2
03.10.2024 06:40:05.293: port50: ESP_ID_GET_INTERFACE_INFO ItfNo 3
03.10.2024 06:40:08.299: port50: ESP_ID_GET_HOST_INFO from MAC d4:93:90:09:c8:8a
03.10.2024 06:40:09.301: port50: ESP_ID_GET_INTERFACE_INFO ItfNo 0
03.10.2024 06:40:09.301: port50: ESP_ID_GET_INTERFACE_INFO ItfNo 1
03.10.2024 06:40:09.301: port50: ESP_ID_GET_INTERFACE_INFO ItfNo 2
03.10.2024 06:40:09.301: port50: ESP_ID_GET_INTERFACE_INFO ItfNo 3
03.10.2024 06:40:37.352: port50: ESP_ID_GET_HOST_INFO from MAC d4:93:90:09:c8:8a
03.10.2024 06:40:38.354: port50: ESP_ID_GET_INTERFACE_INFO ItfNo 0
03.10.2024 06:40:38.354: port50: ESP_ID_GET_INTERFACE_INFO ItfNo 1
03.10.2024 06:40:38.354: port50: ESP_ID_GET_INTERFACE_INFO ItfNo 2
03.10.2024 06:40:38.354: port50: ESP_ID_GET_INTERFACE_INFO ItfNo 3
03.10.2024 06:40:41.360: port50: ESP_ID_GET_HOST_INFO from MAC d4:93:90:09:c8:8a
03.10.2024 06:40:42.362: port50: ESP_ID_GET_INTERFACE_INFO ItfNo 0
03.10.2024 06:40:42.362: port50: ESP_ID_GET_INTERFACE_INFO ItfNo 1
03.10.2024 06:40:42.362: port50: ESP_ID_GET_INTERFACE_INFO ItfNo 2
03.10.2024 06:40:42.362: port50: ESP_ID_GET_INTERFACE_INFO ItfNo 3
04.10.2024 04:27:47.994: ================================================NEW LOG SESSION===================================================
04.10.2024 04:27:48.125: port30: pcap_open_live(): BIOCSETIF: port30: No such device or address
04.10.2024 04:27:48.260: port40: pcap_open_live(): BIOCSETIF: port40: No such device or address
04.10.2024 04:27:49.665: port50: Start listening interface...
04.10.2024 04:27:49.665: port60: Start listening interface...
07.10.2024 10:11:58.362: port50: ESP_ID_GET_HOST_INFO from MAC d4:93:90:09:c8:8a
07.10.2024 10:11:59.364: port50: ESP_ID_GET_INTERFACE_INFO ItfNo 0
07.10.2024 10:11:59.364: port50: ESP_ID_GET_INTERFACE_INFO ItfNo 1
07.10.2024 10:11:59.364: port50: ESP_ID_GET_INTERFACE_INFO ItfNo 2
07.10.2024 10:11:59.364: port50: ESP_ID_GET_INTERFACE_INFO ItfNo 3
