25.04.2024 04:58:49.515: ================================================
25.04.2024 04:58:50.057: List of current users: plclogs plcuser
25.04.2024 04:58:50.745: List of users from ftp.userlist: plclogs plcuser
25.04.2024 04:58:51.031: --------- User.0 ----------
25.04.2024 04:58:51.384: 'Access' is set to 'ReadOnly' for [User.0]
25.04.2024 04:58:52.342: Set password for user: plclogs
25.04.2024 04:58:54.402: Login              : plclogs
25.04.2024 04:58:54.594: Directory          : //logs/./
25.04.2024 04:58:54.749: Download bandwidth : 0 Kb (unlimited)
25.04.2024 04:58:54.862: Upload   bandwidth : 0 Kb (unlimited)
25.04.2024 04:58:54.985: Allowed client IPs : 
25.04.2024 04:58:55.104: Denied  client IPs : 
25.04.2024 04:58:55.198: Time restrictions  : 0000-0000 (unlimited)
25.04.2024 04:58:55.246: --------- User.1 ----------
25.04.2024 04:58:55.427: 'Access' is set to 'ReadWrite' for [User.1]
25.04.2024 04:58:56.252: Set password for user: plcuser
25.04.2024 04:58:59.902: Login              : plcuser
25.04.2024 04:58:59.986: Directory          : /./
25.04.2024 04:59:00.107: Download bandwidth : 0 Kb (unlimited)
25.04.2024 04:59:00.165: Upload   bandwidth : 0 Kb (unlimited)
25.04.2024 04:59:00.228: Allowed client IPs : 
25.04.2024 04:59:00.352: Denied  client IPs : 
25.04.2024 04:59:00.440: Time restrictions  : 0000-0000 (unlimited)
25.04.2024 04:59:00.611: ---
25.04.2024 04:59:00.611: Remove password from ftp.userlist
08.05.2024 08:13:27.253: ================================================
08.05.2024 08:13:27.875: List of current users: plclogs plcuser
08.05.2024 08:13:28.490: List of users from ftp.userlist: plclogs plcuser
08.05.2024 08:13:28.728: --------- User.0 ----------
08.05.2024 08:13:28.961: 'Access' is set to 'ReadOnly' for [User.0]
08.05.2024 08:13:29.954: Login              : plclogs
08.05.2024 08:13:30.071: Directory          : //logs/./
08.05.2024 08:13:30.144: Download bandwidth : 0 Kb (unlimited)
08.05.2024 08:13:30.221: Upload   bandwidth : 0 Kb (unlimited)
08.05.2024 08:13:30.298: Allowed client IPs : 
08.05.2024 08:13:30.354: Denied  client IPs : 
08.05.2024 08:13:30.399: Time restrictions  : 0000-0000 (unlimited)
08.05.2024 08:13:30.436: --------- User.1 ----------
08.05.2024 08:13:30.538: 'Access' is set to 'ReadWrite' for [User.1]
08.05.2024 08:13:30.955: Login              : plcuser
08.05.2024 08:13:31.007: Directory          : /./
08.05.2024 08:13:31.055: Download bandwidth : 0 Kb (unlimited)
08.05.2024 08:13:31.123: Upload   bandwidth : 0 Kb (unlimited)
08.05.2024 08:13:31.186: Allowed client IPs : 
08.05.2024 08:13:31.243: Denied  client IPs : 
08.05.2024 08:13:31.300: Time restrictions  : 0000-0000 (unlimited)
13.05.2024 04:26:35.663: ================================================
13.05.2024 04:26:36.282: List of current users: plclogs plcuser
13.05.2024 04:26:36.859: List of users from ftp.userlist: plclogs plcuser
13.05.2024 04:26:37.123: --------- User.0 ----------
13.05.2024 04:26:37.432: 'Access' is set to 'ReadOnly' for [User.0]
13.05.2024 04:26:38.504: Login              : plclogs
13.05.2024 04:26:38.631: Directory          : //logs/./
13.05.2024 04:26:38.704: Download bandwidth : 0 Kb (unlimited)
13.05.2024 04:26:38.788: Upload   bandwidth : 0 Kb (unlimited)
13.05.2024 04:26:38.857: Allowed client IPs : 
13.05.2024 04:26:38.906: Denied  client IPs : 
13.05.2024 04:26:38.950: Time restrictions  : 0000-0000 (unlimited)
13.05.2024 04:26:38.982: --------- User.1 ----------
13.05.2024 04:26:39.089: 'Access' is set to 'ReadWrite' for [User.1]
13.05.2024 04:26:39.480: Login              : plcuser
13.05.2024 04:26:39.532: Directory          : /./
13.05.2024 04:26:39.576: Download bandwidth : 0 Kb (unlimited)
13.05.2024 04:26:39.622: Upload   bandwidth : 0 Kb (unlimited)
13.05.2024 04:26:39.669: Allowed client IPs : 
13.05.2024 04:26:39.716: Denied  client IPs : 
13.05.2024 04:26:39.765: Time restrictions  : 0000-0000 (unlimited)
13.05.2024 04:48:48.612: ================================================
13.05.2024 04:48:49.114: List of current users: plclogs plcuser
13.05.2024 04:48:49.670: List of users from ftp.userlist: plclogs plcuser
13.05.2024 04:48:49.924: --------- User.0 ----------
13.05.2024 04:48:50.261: 'Access' is set to 'ReadOnly' for [User.0]
13.05.2024 04:48:51.360: Login              : plclogs
13.05.2024 04:48:51.453: Directory          : //logs/./
13.05.2024 04:48:51.575: Download bandwidth : 0 Kb (unlimited)
13.05.2024 04:48:51.669: Upload   bandwidth : 0 Kb (unlimited)
13.05.2024 04:48:51.744: Allowed client IPs : 
13.05.2024 04:48:51.830: Denied  client IPs : 
13.05.2024 04:48:51.892: Time restrictions  : 0000-0000 (unlimited)
13.05.2024 04:48:51.928: --------- User.1 ----------
13.05.2024 04:48:52.022: 'Access' is set to 'ReadWrite' for [User.1]
13.05.2024 04:48:52.459: Login              : plcuser
13.05.2024 04:48:52.514: Directory          : /./
13.05.2024 04:48:52.561: Download bandwidth : 0 Kb (unlimited)
13.05.2024 04:48:52.606: Upload   bandwidth : 0 Kb (unlimited)
13.05.2024 04:48:52.656: Allowed client IPs : 
13.05.2024 04:48:52.705: Denied  client IPs : 
13.05.2024 04:48:52.753: Time restrictions  : 0000-0000 (unlimited)
13.05.2024 04:56:18.621: ================================================
13.05.2024 04:56:19.168: List of current users: plclogs plcuser
13.05.2024 04:56:19.813: List of users from ftp.userlist: plclogs plcuser
13.05.2024 04:56:20.065: --------- User.0 ----------
13.05.2024 04:56:20.372: 'Access' is set to 'ReadOnly' for [User.0]
13.05.2024 04:56:21.385: Login              : plclogs
13.05.2024 04:56:21.524: Directory          : //logs/./
13.05.2024 04:56:21.604: Download bandwidth : 0 Kb (unlimited)
13.05.2024 04:56:21.681: Upload   bandwidth : 0 Kb (unlimited)
13.05.2024 04:56:21.757: Allowed client IPs : 
13.05.2024 04:56:21.802: Denied  client IPs : 
13.05.2024 04:56:21.851: Time restrictions  : 0000-0000 (unlimited)
13.05.2024 04:56:21.886: --------- User.1 ----------
13.05.2024 04:56:21.981: 'Access' is set to 'ReadWrite' for [User.1]
13.05.2024 04:56:22.403: Login              : plcuser
13.05.2024 04:56:22.456: Directory          : /./
13.05.2024 04:56:22.505: Download bandwidth : 0 Kb (unlimited)
13.05.2024 04:56:22.553: Upload   bandwidth : 0 Kb (unlimited)
13.05.2024 04:56:22.600: Allowed client IPs : 
13.05.2024 04:56:22.649: Denied  client IPs : 
13.05.2024 04:56:22.698: Time restrictions  : 0000-0000 (unlimited)
13.05.2024 05:29:30.657: ================================================
13.05.2024 05:29:31.272: List of current users: plclogs plcuser
13.05.2024 05:29:31.846: List of users from ftp.userlist: plclogs plcuser
13.05.2024 05:29:32.119: --------- User.0 ----------
13.05.2024 05:29:32.425: 'Access' is set to 'ReadOnly' for [User.0]
13.05.2024 05:29:33.408: Login              : plclogs
13.05.2024 05:29:33.552: Directory          : //logs/./
13.05.2024 05:29:33.639: Download bandwidth : 0 Kb (unlimited)
13.05.2024 05:29:33.717: Upload   bandwidth : 0 Kb (unlimited)
13.05.2024 05:29:33.793: Allowed client IPs : 
13.05.2024 05:29:33.851: Denied  client IPs : 
13.05.2024 05:29:33.897: Time restrictions  : 0000-0000 (unlimited)
13.05.2024 05:29:33.930: --------- User.1 ----------
13.05.2024 05:29:34.034: 'Access' is set to 'ReadWrite' for [User.1]
13.05.2024 05:29:34.456: Login              : plcuser
13.05.2024 05:29:34.509: Directory          : /./
13.05.2024 05:29:34.553: Download bandwidth : 0 Kb (unlimited)
13.05.2024 05:29:34.599: Upload   bandwidth : 0 Kb (unlimited)
13.05.2024 05:29:34.649: Allowed client IPs : 
13.05.2024 05:29:34.697: Denied  client IPs : 
13.05.2024 05:29:34.744: Time restrictions  : 0000-0000 (unlimited)
13.05.2024 05:59:52.754: ================================================
13.05.2024 05:59:53.272: List of current users: plclogs plcuser
13.05.2024 05:59:53.919: List of users from ftp.userlist: plclogs plcuser
13.05.2024 05:59:54.211: --------- User.0 ----------
13.05.2024 05:59:54.447: 'Access' is set to 'ReadOnly' for [User.0]
13.05.2024 05:59:55.555: Login              : plclogs
13.05.2024 05:59:55.641: Directory          : //logs/./
13.05.2024 05:59:55.722: Download bandwidth : 0 Kb (unlimited)
13.05.2024 05:59:55.789: Upload   bandwidth : 0 Kb (unlimited)
13.05.2024 05:59:55.834: Allowed client IPs : 
13.05.2024 05:59:55.880: Denied  client IPs : 
13.05.2024 05:59:55.925: Time restrictions  : 0000-0000 (unlimited)
13.05.2024 05:59:55.965: --------- User.1 ----------
13.05.2024 05:59:56.063: 'Access' is set to 'ReadWrite' for [User.1]
13.05.2024 05:59:56.468: Login              : plcuser
13.05.2024 05:59:56.515: Directory          : /./
13.05.2024 05:59:56.564: Download bandwidth : 0 Kb (unlimited)
13.05.2024 05:59:56.613: Upload   bandwidth : 0 Kb (unlimited)
13.05.2024 05:59:56.664: Allowed client IPs : 
13.05.2024 05:59:56.710: Denied  client IPs : 
13.05.2024 05:59:56.757: Time restrictions  : 0000-0000 (unlimited)
13.05.2024 06:30:43.634: ================================================
13.05.2024 06:30:44.092: List of current users: plclogs plcuser
13.05.2024 06:30:44.639: List of users from ftp.userlist: plclogs plcuser
13.05.2024 06:30:44.922: --------- User.0 ----------
13.05.2024 06:30:45.268: 'Access' is set to 'ReadOnly' for [User.0]
13.05.2024 06:30:46.381: Login              : plclogs
13.05.2024 06:30:46.490: Directory          : //logs/./
13.05.2024 06:30:46.605: Download bandwidth : 0 Kb (unlimited)
13.05.2024 06:30:46.695: Upload   bandwidth : 0 Kb (unlimited)
13.05.2024 06:30:46.776: Allowed client IPs : 
13.05.2024 06:30:46.859: Denied  client IPs : 
13.05.2024 06:30:46.926: Time restrictions  : 0000-0000 (unlimited)
13.05.2024 06:30:46.961: --------- User.1 ----------
13.05.2024 06:30:47.061: 'Access' is set to 'ReadWrite' for [User.1]
13.05.2024 06:30:47.471: Login              : plcuser
13.05.2024 06:30:47.521: Directory          : /./
13.05.2024 06:30:47.571: Download bandwidth : 0 Kb (unlimited)
13.05.2024 06:30:47.618: Upload   bandwidth : 0 Kb (unlimited)
13.05.2024 06:30:47.664: Allowed client IPs : 
13.05.2024 06:30:47.712: Denied  client IPs : 
13.05.2024 06:30:47.761: Time restrictions  : 0000-0000 (unlimited)
14.05.2024 04:00:13.753: ================================================
14.05.2024 04:00:14.458: List of current users: plclogs plcuser
14.05.2024 04:00:15.001: List of users from ftp.userlist: plclogs plcuser
14.05.2024 04:00:15.266: --------- User.0 ----------
14.05.2024 04:00:15.492: 'Access' is set to 'ReadOnly' for [User.0]
14.05.2024 04:00:16.628: Login              : plclogs
14.05.2024 04:00:16.713: Directory          : //logs/./
14.05.2024 04:00:16.788: Download bandwidth : 0 Kb (unlimited)
14.05.2024 04:00:16.854: Upload   bandwidth : 0 Kb (unlimited)
14.05.2024 04:00:16.905: Allowed client IPs : 
14.05.2024 04:00:16.953: Denied  client IPs : 
14.05.2024 04:00:17.000: Time restrictions  : 0000-0000 (unlimited)
14.05.2024 04:00:17.039: --------- User.1 ----------
14.05.2024 04:00:17.145: 'Access' is set to 'ReadWrite' for [User.1]
14.05.2024 04:00:17.613: Login              : plcuser
14.05.2024 04:00:17.664: Directory          : /./
14.05.2024 04:00:17.712: Download bandwidth : 0 Kb (unlimited)
14.05.2024 04:00:17.759: Upload   bandwidth : 0 Kb (unlimited)
14.05.2024 04:00:17.805: Allowed client IPs : 
14.05.2024 04:00:17.851: Denied  client IPs : 
14.05.2024 04:00:17.895: Time restrictions  : 0000-0000 (unlimited)
14.05.2024 04:13:10.480: ================================================
14.05.2024 04:13:11.099: List of current users: plclogs plcuser
14.05.2024 04:13:11.748: List of users from ftp.userlist: plclogs plcuser
14.05.2024 04:13:12.051: --------- User.0 ----------
14.05.2024 04:13:12.294: 'Access' is set to 'ReadOnly' for [User.0]
14.05.2024 04:13:13.472: Login              : plclogs
14.05.2024 04:13:13.559: Directory          : //logs/./
14.05.2024 04:13:13.624: Download bandwidth : 0 Kb (unlimited)
14.05.2024 04:13:13.699: Upload   bandwidth : 0 Kb (unlimited)
14.05.2024 04:13:13.744: Allowed client IPs : 
14.05.2024 04:13:13.789: Denied  client IPs : 
14.05.2024 04:13:13.842: Time restrictions  : 0000-0000 (unlimited)
14.05.2024 04:13:13.880: --------- User.1 ----------
14.05.2024 04:13:13.998: 'Access' is set to 'ReadWrite' for [User.1]
14.05.2024 04:13:14.406: Login              : plcuser
14.05.2024 04:13:14.463: Directory          : /./
14.05.2024 04:13:14.511: Download bandwidth : 0 Kb (unlimited)
14.05.2024 04:13:14.558: Upload   bandwidth : 0 Kb (unlimited)
14.05.2024 04:13:14.601: Allowed client IPs : 
14.05.2024 04:13:14.646: Denied  client IPs : 
14.05.2024 04:13:14.690: Time restrictions  : 0000-0000 (unlimited)
14.05.2024 04:26:45.517: ================================================
14.05.2024 04:26:45.987: List of current users: plclogs plcuser
14.05.2024 04:26:46.579: List of users from ftp.userlist: plclogs plcuser
14.05.2024 04:26:46.858: --------- User.0 ----------
14.05.2024 04:26:47.155: 'Access' is set to 'ReadOnly' for [User.0]
14.05.2024 04:26:48.226: Login              : plclogs
14.05.2024 04:26:48.349: Directory          : //logs/./
14.05.2024 04:26:48.425: Download bandwidth : 0 Kb (unlimited)
14.05.2024 04:26:48.541: Upload   bandwidth : 0 Kb (unlimited)
14.05.2024 04:26:48.634: Allowed client IPs : 
14.05.2024 04:26:48.713: Denied  client IPs : 
14.05.2024 04:26:48.801: Time restrictions  : 0000-0000 (unlimited)
14.05.2024 04:26:48.840: --------- User.1 ----------
14.05.2024 04:26:48.943: 'Access' is set to 'ReadWrite' for [User.1]
14.05.2024 04:26:49.423: Login              : plcuser
14.05.2024 04:26:49.477: Directory          : /./
14.05.2024 04:26:49.526: Download bandwidth : 0 Kb (unlimited)
14.05.2024 04:26:49.570: Upload   bandwidth : 0 Kb (unlimited)
14.05.2024 04:26:49.615: Allowed client IPs : 
14.05.2024 04:26:49.663: Denied  client IPs : 
14.05.2024 04:26:49.709: Time restrictions  : 0000-0000 (unlimited)
14.05.2024 06:30:28.382: ================================================
14.05.2024 06:30:28.952: List of current users: plclogs plcuser
14.05.2024 06:30:29.490: List of users from ftp.userlist: plclogs plcuser
14.05.2024 06:30:29.755: --------- User.0 ----------
14.05.2024 06:30:30.069: 'Access' is set to 'ReadOnly' for [User.0]
14.05.2024 06:30:31.158: Login              : plclogs
14.05.2024 06:30:31.259: Directory          : //logs/./
14.05.2024 06:30:31.349: Download bandwidth : 0 Kb (unlimited)
14.05.2024 06:30:31.429: Upload   bandwidth : 0 Kb (unlimited)
14.05.2024 06:30:31.509: Allowed client IPs : 
14.05.2024 06:30:31.570: Denied  client IPs : 
14.05.2024 06:30:31.619: Time restrictions  : 0000-0000 (unlimited)
14.05.2024 06:30:31.651: --------- User.1 ----------
14.05.2024 06:30:31.745: 'Access' is set to 'ReadWrite' for [User.1]
14.05.2024 06:30:32.277: Login              : plcuser
14.05.2024 06:30:32.331: Directory          : /./
14.05.2024 06:30:32.376: Download bandwidth : 0 Kb (unlimited)
14.05.2024 06:30:32.422: Upload   bandwidth : 0 Kb (unlimited)
14.05.2024 06:30:32.469: Allowed client IPs : 
14.05.2024 06:30:32.517: Denied  client IPs : 
14.05.2024 06:30:32.567: Time restrictions  : 0000-0000 (unlimited)
14.05.2024 06:51:15.616: ================================================
14.05.2024 06:51:16.242: List of current users: plclogs plcuser
14.05.2024 06:51:16.800: List of users from ftp.userlist: plclogs plcuser
14.05.2024 06:51:17.041: --------- User.0 ----------
14.05.2024 06:51:17.378: 'Access' is set to 'ReadOnly' for [User.0]
14.05.2024 06:51:18.433: Login              : plclogs
14.05.2024 06:51:18.541: Directory          : //logs/./
14.05.2024 06:51:18.630: Download bandwidth : 0 Kb (unlimited)
14.05.2024 06:51:18.708: Upload   bandwidth : 0 Kb (unlimited)
14.05.2024 06:51:18.788: Allowed client IPs : 
14.05.2024 06:51:18.859: Denied  client IPs : 
14.05.2024 06:51:18.908: Time restrictions  : 0000-0000 (unlimited)
14.05.2024 06:51:18.943: --------- User.1 ----------
14.05.2024 06:51:19.042: 'Access' is set to 'ReadWrite' for [User.1]
14.05.2024 06:51:19.583: Login              : plcuser
14.05.2024 06:51:19.636: Directory          : /./
14.05.2024 06:51:19.683: Download bandwidth : 0 Kb (unlimited)
14.05.2024 06:51:19.733: Upload   bandwidth : 0 Kb (unlimited)
14.05.2024 06:51:19.780: Allowed client IPs : 
14.05.2024 06:51:19.830: Denied  client IPs : 
14.05.2024 06:51:19.876: Time restrictions  : 0000-0000 (unlimited)
14.05.2024 07:31:54.544: ================================================
14.05.2024 07:31:55.095: List of current users: plclogs plcuser
14.05.2024 07:31:55.662: List of users from ftp.userlist: plclogs plcuser
14.05.2024 07:31:55.923: --------- User.0 ----------
14.05.2024 07:31:56.274: 'Access' is set to 'ReadOnly' for [User.0]
14.05.2024 07:31:57.374: Login              : plclogs
14.05.2024 07:31:57.448: Directory          : //logs/./
14.05.2024 07:31:57.537: Download bandwidth : 0 Kb (unlimited)
14.05.2024 07:31:57.617: Upload   bandwidth : 0 Kb (unlimited)
14.05.2024 07:31:57.699: Allowed client IPs : 
14.05.2024 07:31:57.768: Denied  client IPs : 
14.05.2024 07:31:57.816: Time restrictions  : 0000-0000 (unlimited)
14.05.2024 07:31:57.854: --------- User.1 ----------
14.05.2024 07:31:57.950: 'Access' is set to 'ReadWrite' for [User.1]
14.05.2024 07:31:58.420: Login              : plcuser
14.05.2024 07:31:58.474: Directory          : /./
14.05.2024 07:31:58.523: Download bandwidth : 0 Kb (unlimited)
14.05.2024 07:31:58.570: Upload   bandwidth : 0 Kb (unlimited)
14.05.2024 07:31:58.618: Allowed client IPs : 
14.05.2024 07:31:58.666: Denied  client IPs : 
14.05.2024 07:31:58.713: Time restrictions  : 0000-0000 (unlimited)
14.05.2024 08:13:19.327: ================================================
14.05.2024 08:13:19.787: List of current users: plclogs plcuser
14.05.2024 08:13:20.373: List of users from ftp.userlist: plclogs plcuser
14.05.2024 08:13:20.643: --------- User.0 ----------
14.05.2024 08:13:20.931: 'Access' is set to 'ReadOnly' for [User.0]
14.05.2024 08:13:21.993: Login              : plclogs
14.05.2024 08:13:22.131: Directory          : //logs/./
14.05.2024 08:13:22.233: Download bandwidth : 0 Kb (unlimited)
14.05.2024 08:13:22.355: Upload   bandwidth : 0 Kb (unlimited)
14.05.2024 08:13:22.437: Allowed client IPs : 
14.05.2024 08:13:22.508: Denied  client IPs : 
14.05.2024 08:13:22.593: Time restrictions  : 0000-0000 (unlimited)
14.05.2024 08:13:22.633: --------- User.1 ----------
14.05.2024 08:13:22.732: 'Access' is set to 'ReadWrite' for [User.1]
14.05.2024 08:13:23.147: Login              : plcuser
14.05.2024 08:13:23.201: Directory          : /./
14.05.2024 08:13:23.250: Download bandwidth : 0 Kb (unlimited)
14.05.2024 08:13:23.295: Upload   bandwidth : 0 Kb (unlimited)
14.05.2024 08:13:23.342: Allowed client IPs : 
14.05.2024 08:13:23.390: Denied  client IPs : 
14.05.2024 08:13:23.438: Time restrictions  : 0000-0000 (unlimited)
14.05.2024 09:00:07.626: ================================================
14.05.2024 09:00:08.090: List of current users: plclogs plcuser
14.05.2024 09:00:08.643: List of users from ftp.userlist: plclogs plcuser
14.05.2024 09:00:08.897: --------- User.0 ----------
14.05.2024 09:00:09.201: 'Access' is set to 'ReadOnly' for [User.0]
14.05.2024 09:00:10.259: Login              : plclogs
14.05.2024 09:00:10.543: Directory          : //logs/./
14.05.2024 09:00:10.737: Download bandwidth : 0 Kb (unlimited)
14.05.2024 09:00:10.896: Upload   bandwidth : 0 Kb (unlimited)
14.05.2024 09:00:11.059: Allowed client IPs : 
14.05.2024 09:00:11.234: Denied  client IPs : 
14.05.2024 09:00:11.364: Time restrictions  : 0000-0000 (unlimited)
14.05.2024 09:00:11.456: --------- User.1 ----------
14.05.2024 09:00:11.697: 'Access' is set to 'ReadWrite' for [User.1]
14.05.2024 09:00:12.294: Login              : plcuser
14.05.2024 09:00:12.392: Directory          : /./
14.05.2024 09:00:12.456: Download bandwidth : 0 Kb (unlimited)
14.05.2024 09:00:12.502: Upload   bandwidth : 0 Kb (unlimited)
14.05.2024 09:00:12.564: Allowed client IPs : 
14.05.2024 09:00:12.624: Denied  client IPs : 
14.05.2024 09:00:12.671: Time restrictions  : 0000-0000 (unlimited)
14.05.2024 09:15:36.983: ================================================
14.05.2024 09:15:37.492: List of current users: plclogs plcuser
14.05.2024 09:15:38.080: List of users from ftp.userlist: plclogs plcuser
14.05.2024 09:15:38.333: --------- User.0 ----------
14.05.2024 09:15:38.626: 'Access' is set to 'ReadOnly' for [User.0]
14.05.2024 09:15:39.881: Login              : plclogs
14.05.2024 09:15:40.032: Directory          : //logs/./
14.05.2024 09:15:40.130: Download bandwidth : 0 Kb (unlimited)
14.05.2024 09:15:40.215: Upload   bandwidth : 0 Kb (unlimited)
14.05.2024 09:15:40.311: Allowed client IPs : 
14.05.2024 09:15:40.390: Denied  client IPs : 
14.05.2024 09:15:40.450: Time restrictions  : 0000-0000 (unlimited)
14.05.2024 09:15:40.486: --------- User.1 ----------
14.05.2024 09:15:40.607: 'Access' is set to 'ReadWrite' for [User.1]
14.05.2024 09:15:41.073: Login              : plcuser
14.05.2024 09:15:41.137: Directory          : /./
14.05.2024 09:15:41.192: Download bandwidth : 0 Kb (unlimited)
14.05.2024 09:15:41.242: Upload   bandwidth : 0 Kb (unlimited)
14.05.2024 09:15:41.295: Allowed client IPs : 
14.05.2024 09:15:41.348: Denied  client IPs : 
14.05.2024 09:15:41.400: Time restrictions  : 0000-0000 (unlimited)
14.05.2024 09:37:52.833: ================================================
14.05.2024 09:37:53.341: List of current users: plclogs plcuser
14.05.2024 09:37:53.888: List of users from ftp.userlist: plclogs plcuser
14.05.2024 09:37:54.134: --------- User.0 ----------
14.05.2024 09:37:54.440: 'Access' is set to 'ReadOnly' for [User.0]
14.05.2024 09:37:55.670: Login              : plclogs
14.05.2024 09:37:55.757: Directory          : //logs/./
14.05.2024 09:37:55.862: Download bandwidth : 0 Kb (unlimited)
14.05.2024 09:37:55.976: Upload   bandwidth : 0 Kb (unlimited)
14.05.2024 09:37:56.063: Allowed client IPs : 
14.05.2024 09:37:56.155: Denied  client IPs : 
14.05.2024 09:37:56.231: Time restrictions  : 0000-0000 (unlimited)
14.05.2024 09:37:56.271: --------- User.1 ----------
14.05.2024 09:37:56.389: 'Access' is set to 'ReadWrite' for [User.1]
14.05.2024 09:37:56.877: Login              : plcuser
14.05.2024 09:37:56.934: Directory          : /./
14.05.2024 09:37:56.981: Download bandwidth : 0 Kb (unlimited)
14.05.2024 09:37:57.037: Upload   bandwidth : 0 Kb (unlimited)
14.05.2024 09:37:57.095: Allowed client IPs : 
14.05.2024 09:37:57.145: Denied  client IPs : 
14.05.2024 09:37:57.199: Time restrictions  : 0000-0000 (unlimited)
14.05.2024 10:02:22.031: ================================================
14.05.2024 10:02:22.458: List of current users: plclogs plcuser
14.05.2024 10:02:23.005: List of users from ftp.userlist: plclogs plcuser
14.05.2024 10:02:23.269: --------- User.0 ----------
14.05.2024 10:02:23.575: 'Access' is set to 'ReadOnly' for [User.0]
14.05.2024 10:02:24.803: Login              : plclogs
14.05.2024 10:02:24.912: Directory          : //logs/./
14.05.2024 10:02:25.006: Download bandwidth : 0 Kb (unlimited)
14.05.2024 10:02:25.116: Upload   bandwidth : 0 Kb (unlimited)
14.05.2024 10:02:25.201: Allowed client IPs : 
14.05.2024 10:02:25.301: Denied  client IPs : 
14.05.2024 10:02:25.394: Time restrictions  : 0000-0000 (unlimited)
14.05.2024 10:02:25.436: --------- User.1 ----------
14.05.2024 10:02:25.554: 'Access' is set to 'ReadWrite' for [User.1]
14.05.2024 10:02:26.040: Login              : plcuser
14.05.2024 10:02:26.099: Directory          : /./
14.05.2024 10:02:26.152: Download bandwidth : 0 Kb (unlimited)
14.05.2024 10:02:26.199: Upload   bandwidth : 0 Kb (unlimited)
14.05.2024 10:02:26.258: Allowed client IPs : 
14.05.2024 10:02:26.314: Denied  client IPs : 
14.05.2024 10:02:26.365: Time restrictions  : 0000-0000 (unlimited)
14.05.2024 10:40:02.066: ================================================
14.05.2024 10:40:02.540: List of current users: plclogs plcuser
14.05.2024 10:40:03.085: List of users from ftp.userlist: plclogs plcuser
14.05.2024 10:40:03.329: --------- User.0 ----------
14.05.2024 10:40:03.625: 'Access' is set to 'ReadOnly' for [User.0]
14.05.2024 10:40:05.012: Login              : plclogs
14.05.2024 10:40:05.146: Directory          : //logs/./
14.05.2024 10:40:05.273: Download bandwidth : 0 Kb (unlimited)
14.05.2024 10:40:05.387: Upload   bandwidth : 0 Kb (unlimited)
14.05.2024 10:40:05.489: Allowed client IPs : 
14.05.2024 10:40:05.598: Denied  client IPs : 
14.05.2024 10:40:05.662: Time restrictions  : 0000-0000 (unlimited)
14.05.2024 10:40:05.700: --------- User.1 ----------
14.05.2024 10:40:05.799: 'Access' is set to 'ReadWrite' for [User.1]
14.05.2024 10:40:06.293: Login              : plcuser
14.05.2024 10:40:06.347: Directory          : /./
14.05.2024 10:40:06.392: Download bandwidth : 0 Kb (unlimited)
14.05.2024 10:40:06.440: Upload   bandwidth : 0 Kb (unlimited)
14.05.2024 10:40:06.492: Allowed client IPs : 
14.05.2024 10:40:06.541: Denied  client IPs : 
14.05.2024 10:40:06.587: Time restrictions  : 0000-0000 (unlimited)
15.05.2024 05:26:23.589: ================================================
15.05.2024 05:26:24.152: List of current users: plclogs plcuser
15.05.2024 05:26:24.802: List of users from ftp.userlist: plclogs plcuser
15.05.2024 05:26:25.053: --------- User.0 ----------
15.05.2024 05:26:25.356: 'Access' is set to 'ReadOnly' for [User.0]
15.05.2024 05:26:26.646: Login              : plclogs
15.05.2024 05:26:26.748: Directory          : //logs/./
15.05.2024 05:26:26.826: Download bandwidth : 0 Kb (unlimited)
15.05.2024 05:26:26.921: Upload   bandwidth : 0 Kb (unlimited)
15.05.2024 05:26:27.002: Allowed client IPs : 
15.05.2024 05:26:27.055: Denied  client IPs : 
15.05.2024 05:26:27.099: Time restrictions  : 0000-0000 (unlimited)
15.05.2024 05:26:27.141: --------- User.1 ----------
15.05.2024 05:26:27.255: 'Access' is set to 'ReadWrite' for [User.1]
15.05.2024 05:26:27.724: Login              : plcuser
15.05.2024 05:26:27.775: Directory          : /./
15.05.2024 05:26:27.824: Download bandwidth : 0 Kb (unlimited)
15.05.2024 05:26:27.871: Upload   bandwidth : 0 Kb (unlimited)
15.05.2024 05:26:27.920: Allowed client IPs : 
15.05.2024 05:26:27.970: Denied  client IPs : 
15.05.2024 05:26:28.020: Time restrictions  : 0000-0000 (unlimited)
15.05.2024 05:45:02.389: ================================================
15.05.2024 05:45:02.998: List of current users: plclogs plcuser
15.05.2024 05:45:03.617: List of users from ftp.userlist: plclogs plcuser
15.05.2024 05:45:03.887: --------- User.0 ----------
15.05.2024 05:45:04.203: 'Access' is set to 'ReadOnly' for [User.0]
15.05.2024 05:45:05.413: Login              : plclogs
15.05.2024 05:45:05.520: Directory          : //logs/./
15.05.2024 05:45:05.616: Download bandwidth : 0 Kb (unlimited)
15.05.2024 05:45:05.749: Upload   bandwidth : 0 Kb (unlimited)
15.05.2024 05:45:05.850: Allowed client IPs : 
15.05.2024 05:45:05.921: Denied  client IPs : 
15.05.2024 05:45:05.976: Time restrictions  : 0000-0000 (unlimited)
15.05.2024 05:45:06.015: --------- User.1 ----------
15.05.2024 05:45:06.115: 'Access' is set to 'ReadWrite' for [User.1]
15.05.2024 05:45:06.549: Login              : plcuser
15.05.2024 05:45:06.601: Directory          : /./
15.05.2024 05:45:06.648: Download bandwidth : 0 Kb (unlimited)
15.05.2024 05:45:06.695: Upload   bandwidth : 0 Kb (unlimited)
15.05.2024 05:45:06.745: Allowed client IPs : 
15.05.2024 05:45:06.794: Denied  client IPs : 
15.05.2024 05:45:06.841: Time restrictions  : 0000-0000 (unlimited)
15.05.2024 07:36:37.362: ================================================
15.05.2024 07:36:37.904: List of current users: plclogs plcuser
15.05.2024 07:36:38.561: List of users from ftp.userlist: plclogs plcuser
15.05.2024 07:36:38.826: --------- User.0 ----------
15.05.2024 07:36:39.136: 'Access' is set to 'ReadOnly' for [User.0]
15.05.2024 07:36:40.449: Login              : plclogs
15.05.2024 07:36:40.575: Directory          : //logs/./
15.05.2024 07:36:40.670: Download bandwidth : 0 Kb (unlimited)
15.05.2024 07:36:40.761: Upload   bandwidth : 0 Kb (unlimited)
15.05.2024 07:36:40.822: Allowed client IPs : 
15.05.2024 07:36:40.869: Denied  client IPs : 
15.05.2024 07:36:40.916: Time restrictions  : 0000-0000 (unlimited)
15.05.2024 07:36:40.951: --------- User.1 ----------
15.05.2024 07:36:41.078: 'Access' is set to 'ReadWrite' for [User.1]
15.05.2024 07:36:41.479: Login              : plcuser
15.05.2024 07:36:41.531: Directory          : /./
15.05.2024 07:36:41.579: Download bandwidth : 0 Kb (unlimited)
15.05.2024 07:36:41.628: Upload   bandwidth : 0 Kb (unlimited)
15.05.2024 07:36:41.675: Allowed client IPs : 
15.05.2024 07:36:41.721: Denied  client IPs : 
15.05.2024 07:36:41.771: Time restrictions  : 0000-0000 (unlimited)
15.05.2024 08:41:27.869: ================================================
15.05.2024 08:41:28.560: List of current users: plclogs plcuser
15.05.2024 08:41:29.244: List of users from ftp.userlist: plclogs plcuser
15.05.2024 08:41:29.485: --------- User.0 ----------
15.05.2024 08:41:29.730: 'Access' is set to 'ReadOnly' for [User.0]
15.05.2024 08:41:31.006: Login              : plclogs
15.05.2024 08:41:31.110: Directory          : //logs/./
15.05.2024 08:41:31.186: Download bandwidth : 0 Kb (unlimited)
15.05.2024 08:41:31.240: Upload   bandwidth : 0 Kb (unlimited)
15.05.2024 08:41:31.285: Allowed client IPs : 
15.05.2024 08:41:31.331: Denied  client IPs : 
15.05.2024 08:41:31.384: Time restrictions  : 0000-0000 (unlimited)
15.05.2024 08:41:31.436: --------- User.1 ----------
15.05.2024 08:41:31.531: 'Access' is set to 'ReadWrite' for [User.1]
15.05.2024 08:41:31.942: Login              : plcuser
15.05.2024 08:41:31.996: Directory          : /./
15.05.2024 08:41:32.042: Download bandwidth : 0 Kb (unlimited)
15.05.2024 08:41:32.089: Upload   bandwidth : 0 Kb (unlimited)
15.05.2024 08:41:32.135: Allowed client IPs : 
15.05.2024 08:41:32.185: Denied  client IPs : 
15.05.2024 08:41:32.235: Time restrictions  : 0000-0000 (unlimited)
15.05.2024 08:49:09.571: ================================================
15.05.2024 08:49:10.148: List of current users: plclogs plcuser
15.05.2024 08:49:10.730: List of users from ftp.userlist: plclogs plcuser
15.05.2024 08:49:10.983: --------- User.0 ----------
15.05.2024 08:49:11.303: 'Access' is set to 'ReadOnly' for [User.0]
15.05.2024 08:49:12.660: Login              : plclogs
15.05.2024 08:49:12.786: Directory          : //logs/./
15.05.2024 08:49:12.923: Download bandwidth : 0 Kb (unlimited)
15.05.2024 08:49:13.013: Upload   bandwidth : 0 Kb (unlimited)
15.05.2024 08:49:13.088: Allowed client IPs : 
15.05.2024 08:49:13.137: Denied  client IPs : 
15.05.2024 08:49:13.182: Time restrictions  : 0000-0000 (unlimited)
15.05.2024 08:49:13.217: --------- User.1 ----------
15.05.2024 08:49:13.330: 'Access' is set to 'ReadWrite' for [User.1]
15.05.2024 08:49:13.742: Login              : plcuser
15.05.2024 08:49:13.794: Directory          : /./
15.05.2024 08:49:13.842: Download bandwidth : 0 Kb (unlimited)
15.05.2024 08:49:13.889: Upload   bandwidth : 0 Kb (unlimited)
15.05.2024 08:49:13.939: Allowed client IPs : 
15.05.2024 08:49:13.987: Denied  client IPs : 
15.05.2024 08:49:14.036: Time restrictions  : 0000-0000 (unlimited)
15.05.2024 10:59:14.781: ================================================
15.05.2024 10:59:15.090: List of current users: plclogs plcuser
15.05.2024 10:59:16.064: List of users from ftp.userlist: plclogs plcuser
15.05.2024 10:59:16.344: --------- User.0 ----------
15.05.2024 10:59:16.630: 'Access' is set to 'ReadOnly' for [User.0]
15.05.2024 10:59:18.037: Login              : plclogs
15.05.2024 10:59:18.141: Directory          : //logs/./
15.05.2024 10:59:18.214: Download bandwidth : 0 Kb (unlimited)
15.05.2024 10:59:18.272: Upload   bandwidth : 0 Kb (unlimited)
15.05.2024 10:59:18.318: Allowed client IPs : 
15.05.2024 10:59:18.367: Denied  client IPs : 
15.05.2024 10:59:18.414: Time restrictions  : 0000-0000 (unlimited)
15.05.2024 10:59:18.453: --------- User.1 ----------
15.05.2024 10:59:18.550: 'Access' is set to 'ReadWrite' for [User.1]
15.05.2024 10:59:18.996: Login              : plcuser
15.05.2024 10:59:19.047: Directory          : /./
15.05.2024 10:59:19.093: Download bandwidth : 0 Kb (unlimited)
15.05.2024 10:59:19.142: Upload   bandwidth : 0 Kb (unlimited)
15.05.2024 10:59:19.186: Allowed client IPs : 
15.05.2024 10:59:19.234: Denied  client IPs : 
15.05.2024 10:59:19.282: Time restrictions  : 0000-0000 (unlimited)
16.05.2024 10:47:06.743: ================================================
16.05.2024 10:47:07.436: List of current users: plclogs plcuser
16.05.2024 10:47:07.998: List of users from ftp.userlist: plclogs plcuser
16.05.2024 10:47:08.291: --------- User.0 ----------
16.05.2024 10:47:08.571: 'Access' is set to 'ReadOnly' for [User.0]
16.05.2024 10:47:09.989: Login              : plclogs
16.05.2024 10:47:10.099: Directory          : //logs/./
16.05.2024 10:47:10.172: Download bandwidth : 0 Kb (unlimited)
16.05.2024 10:47:10.227: Upload   bandwidth : 0 Kb (unlimited)
16.05.2024 10:47:10.274: Allowed client IPs : 
16.05.2024 10:47:10.339: Denied  client IPs : 
16.05.2024 10:47:10.386: Time restrictions  : 0000-0000 (unlimited)
16.05.2024 10:47:10.418: --------- User.1 ----------
16.05.2024 10:47:10.527: 'Access' is set to 'ReadWrite' for [User.1]
16.05.2024 10:47:11.050: Login              : plcuser
16.05.2024 10:47:11.099: Directory          : /./
16.05.2024 10:47:11.150: Download bandwidth : 0 Kb (unlimited)
16.05.2024 10:47:11.199: Upload   bandwidth : 0 Kb (unlimited)
16.05.2024 10:47:11.248: Allowed client IPs : 
16.05.2024 10:47:11.298: Denied  client IPs : 
16.05.2024 10:47:11.344: Time restrictions  : 0000-0000 (unlimited)
16.05.2024 13:24:01.556: ================================================
16.05.2024 13:24:02.116: List of current users: plclogs plcuser
16.05.2024 13:24:02.751: List of users from ftp.userlist: plclogs plcuser
16.05.2024 13:24:03.005: --------- User.0 ----------
16.05.2024 13:24:03.330: 'Access' is set to 'ReadOnly' for [User.0]
16.05.2024 13:24:04.539: Login              : plclogs
16.05.2024 13:24:04.636: Directory          : //logs/./
16.05.2024 13:24:04.789: Download bandwidth : 0 Kb (unlimited)
16.05.2024 13:24:04.954: Upload   bandwidth : 0 Kb (unlimited)
16.05.2024 13:24:05.070: Allowed client IPs : 
16.05.2024 13:24:05.137: Denied  client IPs : 
16.05.2024 13:24:05.202: Time restrictions  : 0000-0000 (unlimited)
16.05.2024 13:24:05.248: --------- User.1 ----------
16.05.2024 13:24:05.345: 'Access' is set to 'ReadWrite' for [User.1]
16.05.2024 13:24:05.755: Login              : plcuser
16.05.2024 13:24:05.807: Directory          : /./
16.05.2024 13:24:05.856: Download bandwidth : 0 Kb (unlimited)
16.05.2024 13:24:05.901: Upload   bandwidth : 0 Kb (unlimited)
16.05.2024 13:24:05.950: Allowed client IPs : 
16.05.2024 13:24:06.000: Denied  client IPs : 
16.05.2024 13:24:06.052: Time restrictions  : 0000-0000 (unlimited)
20.05.2024 05:27:25.540: ================================================
20.05.2024 05:27:26.135: List of current users: plclogs plcuser
20.05.2024 05:27:26.746: List of users from ftp.userlist: plclogs plcuser
20.05.2024 05:27:27.017: --------- User.0 ----------
20.05.2024 05:27:27.345: 'Access' is set to 'ReadOnly' for [User.0]
20.05.2024 05:27:28.694: Login              : plclogs
20.05.2024 05:27:28.917: Directory          : //logs/./
20.05.2024 05:27:28.997: Download bandwidth : 0 Kb (unlimited)
20.05.2024 05:27:29.082: Upload   bandwidth : 0 Kb (unlimited)
20.05.2024 05:27:29.152: Allowed client IPs : 
20.05.2024 05:27:29.210: Denied  client IPs : 
20.05.2024 05:27:29.255: Time restrictions  : 0000-0000 (unlimited)
20.05.2024 05:27:29.290: --------- User.1 ----------
20.05.2024 05:27:29.401: 'Access' is set to 'ReadWrite' for [User.1]
20.05.2024 05:27:29.810: Login              : plcuser
20.05.2024 05:27:29.863: Directory          : /./
20.05.2024 05:27:29.909: Download bandwidth : 0 Kb (unlimited)
20.05.2024 05:27:29.959: Upload   bandwidth : 0 Kb (unlimited)
20.05.2024 05:27:30.008: Allowed client IPs : 
20.05.2024 05:27:30.061: Denied  client IPs : 
20.05.2024 05:27:30.104: Time restrictions  : 0000-0000 (unlimited)
20.05.2024 07:31:54.810: ================================================
20.05.2024 07:31:55.491: List of current users: plclogs plcuser
20.05.2024 07:31:56.087: List of users from ftp.userlist: plclogs plcuser
20.05.2024 07:31:56.369: --------- User.0 ----------
20.05.2024 07:31:56.648: 'Access' is set to 'ReadOnly' for [User.0]
20.05.2024 07:31:57.858: Login              : plclogs
20.05.2024 07:31:57.938: Directory          : //logs/./
20.05.2024 07:31:58.023: Download bandwidth : 0 Kb (unlimited)
20.05.2024 07:31:58.091: Upload   bandwidth : 0 Kb (unlimited)
20.05.2024 07:31:58.144: Allowed client IPs : 
20.05.2024 07:31:58.189: Denied  client IPs : 
20.05.2024 07:31:58.236: Time restrictions  : 0000-0000 (unlimited)
20.05.2024 07:31:58.275: --------- User.1 ----------
20.05.2024 07:31:58.391: 'Access' is set to 'ReadWrite' for [User.1]
20.05.2024 07:31:58.849: Login              : plcuser
20.05.2024 07:31:58.905: Directory          : /./
20.05.2024 07:31:58.947: Download bandwidth : 0 Kb (unlimited)
20.05.2024 07:31:58.992: Upload   bandwidth : 0 Kb (unlimited)
20.05.2024 07:31:59.043: Allowed client IPs : 
20.05.2024 07:31:59.089: Denied  client IPs : 
20.05.2024 07:31:59.141: Time restrictions  : 0000-0000 (unlimited)
20.05.2024 10:44:25.568: ================================================
20.05.2024 10:44:26.124: List of current users: plclogs plcuser
20.05.2024 10:44:26.763: List of users from ftp.userlist: plclogs plcuser
20.05.2024 10:44:27.043: --------- User.0 ----------
20.05.2024 10:44:27.369: 'Access' is set to 'ReadOnly' for [User.0]
20.05.2024 10:44:28.764: Login              : plclogs
20.05.2024 10:44:28.873: Directory          : //logs/./
20.05.2024 10:44:28.966: Download bandwidth : 0 Kb (unlimited)
20.05.2024 10:44:29.051: Upload   bandwidth : 0 Kb (unlimited)
20.05.2024 10:44:29.148: Allowed client IPs : 
20.05.2024 10:44:29.194: Denied  client IPs : 
20.05.2024 10:44:29.261: Time restrictions  : 0000-0000 (unlimited)
20.05.2024 10:44:29.300: --------- User.1 ----------
20.05.2024 10:44:29.447: 'Access' is set to 'ReadWrite' for [User.1]
20.05.2024 10:44:29.966: Login              : plcuser
20.05.2024 10:44:30.019: Directory          : /./
20.05.2024 10:44:30.066: Download bandwidth : 0 Kb (unlimited)
20.05.2024 10:44:30.123: Upload   bandwidth : 0 Kb (unlimited)
20.05.2024 10:44:30.177: Allowed client IPs : 
20.05.2024 10:44:30.225: Denied  client IPs : 
20.05.2024 10:44:30.281: Time restrictions  : 0000-0000 (unlimited)
04.09.2024 09:52:23.618: ================================================
04.09.2024 09:52:24.165: List of current users: plclogs plcuser
04.09.2024 09:52:24.777: List of users from ftp.userlist: plclogs plcuser
04.09.2024 09:52:25.045: --------- User.0 ----------
04.09.2024 09:52:25.362: 'Access' is set to 'ReadOnly' for [User.0]
04.09.2024 09:52:26.499: Login              : plclogs
04.09.2024 09:52:26.584: Directory          : //logs/./
04.09.2024 09:52:26.645: Download bandwidth : 0 Kb (unlimited)
04.09.2024 09:52:26.714: Upload   bandwidth : 0 Kb (unlimited)
04.09.2024 09:52:26.766: Allowed client IPs : 
04.09.2024 09:52:26.809: Denied  client IPs : 
04.09.2024 09:52:26.863: Time restrictions  : 0000-0000 (unlimited)
04.09.2024 09:52:26.900: --------- User.1 ----------
04.09.2024 09:52:27.002: 'Access' is set to 'ReadWrite' for [User.1]
04.09.2024 09:52:27.443: Login              : plcuser
04.09.2024 09:52:27.497: Directory          : /./
04.09.2024 09:52:27.546: Download bandwidth : 0 Kb (unlimited)
04.09.2024 09:52:27.590: Upload   bandwidth : 0 Kb (unlimited)
04.09.2024 09:52:27.634: Allowed client IPs : 
04.09.2024 09:52:27.678: Denied  client IPs : 
04.09.2024 09:52:27.726: Time restrictions  : 0000-0000 (unlimited)
05.09.2024 04:52:26.730: ================================================
05.09.2024 04:52:27.422: List of current users: plclogs plcuser
05.09.2024 04:52:28.032: List of users from ftp.userlist: plclogs plcuser
05.09.2024 04:52:28.290: --------- User.0 ----------
05.09.2024 04:52:28.563: 'Access' is set to 'ReadOnly' for [User.0]
05.09.2024 04:52:29.688: Login              : plclogs
05.09.2024 04:52:29.773: Directory          : //logs/./
05.09.2024 04:52:29.852: Download bandwidth : 0 Kb (unlimited)
05.09.2024 04:52:29.922: Upload   bandwidth : 0 Kb (unlimited)
05.09.2024 04:52:29.967: Allowed client IPs : 
05.09.2024 04:52:30.012: Denied  client IPs : 
05.09.2024 04:52:30.057: Time restrictions  : 0000-0000 (unlimited)
05.09.2024 04:52:30.090: --------- User.1 ----------
05.09.2024 04:52:30.199: 'Access' is set to 'ReadWrite' for [User.1]
05.09.2024 04:52:30.676: Login              : plcuser
05.09.2024 04:52:30.730: Directory          : /./
05.09.2024 04:52:30.778: Download bandwidth : 0 Kb (unlimited)
05.09.2024 04:52:30.828: Upload   bandwidth : 0 Kb (unlimited)
05.09.2024 04:52:30.875: Allowed client IPs : 
05.09.2024 04:52:30.925: Denied  client IPs : 
05.09.2024 04:52:30.969: Time restrictions  : 0000-0000 (unlimited)
09.09.2024 10:29:24.805: ================================================
09.09.2024 10:29:25.314: List of current users: plclogs plcuser
09.09.2024 10:29:25.961: List of users from ftp.userlist: plclogs plcuser
09.09.2024 10:29:26.213: --------- User.0 ----------
09.09.2024 10:29:26.509: 'Access' is set to 'ReadOnly' for [User.0]
09.09.2024 10:29:27.638: Login              : plclogs
09.09.2024 10:29:27.768: Directory          : //logs/./
09.09.2024 10:29:27.845: Download bandwidth : 0 Kb (unlimited)
09.09.2024 10:29:27.925: Upload   bandwidth : 0 Kb (unlimited)
09.09.2024 10:29:27.995: Allowed client IPs : 
09.09.2024 10:29:28.052: Denied  client IPs : 
09.09.2024 10:29:28.098: Time restrictions  : 0000-0000 (unlimited)
09.09.2024 10:29:28.140: --------- User.1 ----------
09.09.2024 10:29:28.244: 'Access' is set to 'ReadWrite' for [User.1]
09.09.2024 10:29:28.763: Login              : plcuser
09.09.2024 10:29:28.812: Directory          : /./
09.09.2024 10:29:28.859: Download bandwidth : 0 Kb (unlimited)
09.09.2024 10:29:28.908: Upload   bandwidth : 0 Kb (unlimited)
09.09.2024 10:29:28.954: Allowed client IPs : 
09.09.2024 10:29:29.003: Denied  client IPs : 
09.09.2024 10:29:29.051: Time restrictions  : 0000-0000 (unlimited)
09.09.2024 12:31:17.488: ================================================
09.09.2024 12:31:17.913: List of current users: plclogs plcuser
09.09.2024 12:31:18.434: List of users from ftp.userlist: plclogs plcuser
09.09.2024 12:31:18.703: --------- User.0 ----------
09.09.2024 12:31:19.045: 'Access' is set to 'ReadOnly' for [User.0]
09.09.2024 12:31:20.177: Login              : plclogs
09.09.2024 12:31:20.364: Directory          : //logs/./
09.09.2024 12:31:20.452: Download bandwidth : 0 Kb (unlimited)
09.09.2024 12:31:20.601: Upload   bandwidth : 0 Kb (unlimited)
09.09.2024 12:31:20.690: Allowed client IPs : 
09.09.2024 12:31:20.769: Denied  client IPs : 
09.09.2024 12:31:20.843: Time restrictions  : 0000-0000 (unlimited)
09.09.2024 12:31:20.890: --------- User.1 ----------
09.09.2024 12:31:20.988: 'Access' is set to 'ReadWrite' for [User.1]
09.09.2024 12:31:21.475: Login              : plcuser
09.09.2024 12:31:21.527: Directory          : /./
09.09.2024 12:31:21.573: Download bandwidth : 0 Kb (unlimited)
09.09.2024 12:31:21.619: Upload   bandwidth : 0 Kb (unlimited)
09.09.2024 12:31:21.667: Allowed client IPs : 
09.09.2024 12:31:21.717: Denied  client IPs : 
09.09.2024 12:31:21.764: Time restrictions  : 0000-0000 (unlimited)
10.09.2024 04:37:45.575: ================================================
10.09.2024 04:37:46.167: List of current users: plclogs plcuser
10.09.2024 04:37:46.799: List of users from ftp.userlist: plclogs plcuser
10.09.2024 04:37:47.081: --------- User.0 ----------
10.09.2024 04:37:47.413: 'Access' is set to 'ReadOnly' for [User.0]
10.09.2024 04:37:48.479: Login              : plclogs
10.09.2024 04:37:48.617: Directory          : //logs/./
10.09.2024 04:37:48.692: Download bandwidth : 0 Kb (unlimited)
10.09.2024 04:37:48.772: Upload   bandwidth : 0 Kb (unlimited)
10.09.2024 04:37:48.844: Allowed client IPs : 
10.09.2024 04:37:48.894: Denied  client IPs : 
10.09.2024 04:37:48.939: Time restrictions  : 0000-0000 (unlimited)
10.09.2024 04:37:48.976: --------- User.1 ----------
10.09.2024 04:37:49.084: 'Access' is set to 'ReadWrite' for [User.1]
10.09.2024 04:37:49.508: Login              : plcuser
10.09.2024 04:37:49.559: Directory          : /./
10.09.2024 04:37:49.603: Download bandwidth : 0 Kb (unlimited)
10.09.2024 04:37:49.650: Upload   bandwidth : 0 Kb (unlimited)
10.09.2024 04:37:49.698: Allowed client IPs : 
10.09.2024 04:37:49.745: Denied  client IPs : 
10.09.2024 04:37:49.792: Time restrictions  : 0000-0000 (unlimited)
11.09.2024 04:42:35.935: ================================================
11.09.2024 04:42:36.565: List of current users: plclogs plcuser
11.09.2024 04:42:37.110: List of users from ftp.userlist: plclogs plcuser
11.09.2024 04:42:37.369: --------- User.0 ----------
11.09.2024 04:42:37.668: 'Access' is set to 'ReadOnly' for [User.0]
11.09.2024 04:42:38.795: Login              : plclogs
11.09.2024 04:42:38.935: Directory          : //logs/./
11.09.2024 04:42:39.007: Download bandwidth : 0 Kb (unlimited)
11.09.2024 04:42:39.086: Upload   bandwidth : 0 Kb (unlimited)
11.09.2024 04:42:39.156: Allowed client IPs : 
11.09.2024 04:42:39.209: Denied  client IPs : 
11.09.2024 04:42:39.255: Time restrictions  : 0000-0000 (unlimited)
11.09.2024 04:42:39.287: --------- User.1 ----------
11.09.2024 04:42:39.393: 'Access' is set to 'ReadWrite' for [User.1]
11.09.2024 04:42:39.885: Login              : plcuser
11.09.2024 04:42:39.939: Directory          : /./
11.09.2024 04:42:39.986: Download bandwidth : 0 Kb (unlimited)
11.09.2024 04:42:40.035: Upload   bandwidth : 0 Kb (unlimited)
11.09.2024 04:42:40.079: Allowed client IPs : 
11.09.2024 04:42:40.127: Denied  client IPs : 
11.09.2024 04:42:40.172: Time restrictions  : 0000-0000 (unlimited)
12.09.2024 04:38:03.794: ================================================
12.09.2024 04:38:04.399: List of current users: plclogs plcuser
12.09.2024 04:38:04.979: List of users from ftp.userlist: plclogs plcuser
12.09.2024 04:38:05.259: --------- User.0 ----------
12.09.2024 04:38:05.576: 'Access' is set to 'ReadOnly' for [User.0]
12.09.2024 04:38:06.675: Login              : plclogs
12.09.2024 04:38:06.799: Directory          : //logs/./
12.09.2024 04:38:06.869: Download bandwidth : 0 Kb (unlimited)
12.09.2024 04:38:06.955: Upload   bandwidth : 0 Kb (unlimited)
12.09.2024 04:38:07.030: Allowed client IPs : 
12.09.2024 04:38:07.082: Denied  client IPs : 
12.09.2024 04:38:07.128: Time restrictions  : 0000-0000 (unlimited)
12.09.2024 04:38:07.165: --------- User.1 ----------
12.09.2024 04:38:07.260: 'Access' is set to 'ReadWrite' for [User.1]
12.09.2024 04:38:07.731: Login              : plcuser
12.09.2024 04:38:07.786: Directory          : /./
12.09.2024 04:38:07.831: Download bandwidth : 0 Kb (unlimited)
12.09.2024 04:38:07.877: Upload   bandwidth : 0 Kb (unlimited)
12.09.2024 04:38:07.926: Allowed client IPs : 
12.09.2024 04:38:07.974: Denied  client IPs : 
12.09.2024 04:38:08.022: Time restrictions  : 0000-0000 (unlimited)
13.09.2024 04:52:37.010: ================================================
13.09.2024 04:52:37.616: List of current users: plclogs plcuser
13.09.2024 04:52:38.172: List of users from ftp.userlist: plclogs plcuser
13.09.2024 04:52:38.432: --------- User.0 ----------
13.09.2024 04:52:38.740: 'Access' is set to 'ReadOnly' for [User.0]
13.09.2024 04:52:40.037: Login              : plclogs
13.09.2024 04:52:40.141: Directory          : //logs/./
13.09.2024 04:52:40.235: Download bandwidth : 0 Kb (unlimited)
13.09.2024 04:52:40.359: Upload   bandwidth : 0 Kb (unlimited)
13.09.2024 04:52:40.463: Allowed client IPs : 
13.09.2024 04:52:40.541: Denied  client IPs : 
13.09.2024 04:52:40.597: Time restrictions  : 0000-0000 (unlimited)
13.09.2024 04:52:40.632: --------- User.1 ----------
13.09.2024 04:52:40.736: 'Access' is set to 'ReadWrite' for [User.1]
13.09.2024 04:52:41.202: Login              : plcuser
13.09.2024 04:52:41.253: Directory          : /./
13.09.2024 04:52:41.301: Download bandwidth : 0 Kb (unlimited)
13.09.2024 04:52:41.349: Upload   bandwidth : 0 Kb (unlimited)
13.09.2024 04:52:41.398: Allowed client IPs : 
13.09.2024 04:52:41.443: Denied  client IPs : 
13.09.2024 04:52:41.493: Time restrictions  : 0000-0000 (unlimited)
17.09.2024 04:32:01.480: ================================================
17.09.2024 04:32:01.968: List of current users: plclogs plcuser
17.09.2024 04:32:02.492: List of users from ftp.userlist: plclogs plcuser
17.09.2024 04:32:02.770: --------- User.0 ----------
17.09.2024 04:32:03.070: 'Access' is set to 'ReadOnly' for [User.0]
17.09.2024 04:32:04.408: Login              : plclogs
17.09.2024 04:32:04.575: Directory          : //logs/./
17.09.2024 04:32:04.689: Download bandwidth : 0 Kb (unlimited)
17.09.2024 04:32:04.821: Upload   bandwidth : 0 Kb (unlimited)
17.09.2024 04:32:04.926: Allowed client IPs : 
17.09.2024 04:32:05.014: Denied  client IPs : 
17.09.2024 04:32:05.103: Time restrictions  : 0000-0000 (unlimited)
17.09.2024 04:32:05.140: --------- User.1 ----------
17.09.2024 04:32:05.261: 'Access' is set to 'ReadWrite' for [User.1]
17.09.2024 04:32:05.675: Login              : plcuser
17.09.2024 04:32:05.728: Directory          : /./
17.09.2024 04:32:05.779: Download bandwidth : 0 Kb (unlimited)
17.09.2024 04:32:05.825: Upload   bandwidth : 0 Kb (unlimited)
17.09.2024 04:32:05.871: Allowed client IPs : 
17.09.2024 04:32:05.918: Denied  client IPs : 
17.09.2024 04:32:05.966: Time restrictions  : 0000-0000 (unlimited)
18.09.2024 04:38:32.767: ================================================
18.09.2024 04:38:33.324: List of current users: plclogs plcuser
18.09.2024 04:38:33.939: List of users from ftp.userlist: plclogs plcuser
18.09.2024 04:38:34.206: --------- User.0 ----------
18.09.2024 04:38:34.515: 'Access' is set to 'ReadOnly' for [User.0]
18.09.2024 04:38:35.790: Login              : plclogs
18.09.2024 04:38:35.939: Directory          : //logs/./
18.09.2024 04:38:36.019: Download bandwidth : 0 Kb (unlimited)
18.09.2024 04:38:36.104: Upload   bandwidth : 0 Kb (unlimited)
18.09.2024 04:38:36.204: Allowed client IPs : 
18.09.2024 04:38:36.259: Denied  client IPs : 
18.09.2024 04:38:36.308: Time restrictions  : 0000-0000 (unlimited)
18.09.2024 04:38:36.344: --------- User.1 ----------
18.09.2024 04:38:36.453: 'Access' is set to 'ReadWrite' for [User.1]
18.09.2024 04:38:36.900: Login              : plcuser
18.09.2024 04:38:36.949: Directory          : /./
18.09.2024 04:38:37.001: Download bandwidth : 0 Kb (unlimited)
18.09.2024 04:38:37.046: Upload   bandwidth : 0 Kb (unlimited)
18.09.2024 04:38:37.096: Allowed client IPs : 
18.09.2024 04:38:37.140: Denied  client IPs : 
18.09.2024 04:38:37.190: Time restrictions  : 0000-0000 (unlimited)
19.09.2024 04:38:23.505: ================================================
19.09.2024 04:38:23.935: List of current users: plclogs plcuser
19.09.2024 04:38:24.508: List of users from ftp.userlist: plclogs plcuser
19.09.2024 04:38:24.782: --------- User.0 ----------
19.09.2024 04:38:25.101: 'Access' is set to 'ReadOnly' for [User.0]
19.09.2024 04:38:26.420: Login              : plclogs
19.09.2024 04:38:26.629: Directory          : //logs/./
19.09.2024 04:38:26.707: Download bandwidth : 0 Kb (unlimited)
19.09.2024 04:38:26.807: Upload   bandwidth : 0 Kb (unlimited)
19.09.2024 04:38:26.948: Allowed client IPs : 
19.09.2024 04:38:27.063: Denied  client IPs : 
19.09.2024 04:38:27.159: Time restrictions  : 0000-0000 (unlimited)
19.09.2024 04:38:27.229: --------- User.1 ----------
19.09.2024 04:38:27.327: 'Access' is set to 'ReadWrite' for [User.1]
19.09.2024 04:38:27.790: Login              : plcuser
19.09.2024 04:38:27.844: Directory          : /./
19.09.2024 04:38:27.889: Download bandwidth : 0 Kb (unlimited)
19.09.2024 04:38:27.938: Upload   bandwidth : 0 Kb (unlimited)
19.09.2024 04:38:27.983: Allowed client IPs : 
19.09.2024 04:38:28.031: Denied  client IPs : 
19.09.2024 04:38:28.081: Time restrictions  : 0000-0000 (unlimited)
20.09.2024 04:43:30.601: ================================================
20.09.2024 04:43:31.048: List of current users: plclogs plcuser
20.09.2024 04:43:31.613: List of users from ftp.userlist: plclogs plcuser
20.09.2024 04:43:31.908: --------- User.0 ----------
20.09.2024 04:43:32.247: 'Access' is set to 'ReadOnly' for [User.0]
20.09.2024 04:43:33.555: Login              : plclogs
20.09.2024 04:43:33.693: Directory          : //logs/./
20.09.2024 04:43:33.782: Download bandwidth : 0 Kb (unlimited)
20.09.2024 04:43:33.907: Upload   bandwidth : 0 Kb (unlimited)
20.09.2024 04:43:34.047: Allowed client IPs : 
20.09.2024 04:43:34.145: Denied  client IPs : 
20.09.2024 04:43:34.245: Time restrictions  : 0000-0000 (unlimited)
20.09.2024 04:43:34.293: --------- User.1 ----------
20.09.2024 04:43:34.416: 'Access' is set to 'ReadWrite' for [User.1]
20.09.2024 04:43:34.830: Login              : plcuser
20.09.2024 04:43:34.883: Directory          : /./
20.09.2024 04:43:34.929: Download bandwidth : 0 Kb (unlimited)
20.09.2024 04:43:34.976: Upload   bandwidth : 0 Kb (unlimited)
20.09.2024 04:43:35.021: Allowed client IPs : 
20.09.2024 04:43:35.072: Denied  client IPs : 
20.09.2024 04:43:35.121: Time restrictions  : 0000-0000 (unlimited)
20.09.2024 05:00:03.498: ================================================
20.09.2024 05:00:04.086: List of current users: plclogs plcuser
20.09.2024 05:00:04.727: List of users from ftp.userlist: plclogs plcuser
20.09.2024 05:00:05.019: --------- User.0 ----------
20.09.2024 05:00:05.335: 'Access' is set to 'ReadOnly' for [User.0]
20.09.2024 05:00:06.582: Login              : plclogs
20.09.2024 05:00:06.685: Directory          : //logs/./
20.09.2024 05:00:06.791: Download bandwidth : 0 Kb (unlimited)
20.09.2024 05:00:06.890: Upload   bandwidth : 0 Kb (unlimited)
20.09.2024 05:00:06.988: Allowed client IPs : 
20.09.2024 05:00:07.038: Denied  client IPs : 
20.09.2024 05:00:07.085: Time restrictions  : 0000-0000 (unlimited)
20.09.2024 05:00:07.123: --------- User.1 ----------
20.09.2024 05:00:07.221: 'Access' is set to 'ReadWrite' for [User.1]
20.09.2024 05:00:07.613: Login              : plcuser
20.09.2024 05:00:07.665: Directory          : /./
20.09.2024 05:00:07.711: Download bandwidth : 0 Kb (unlimited)
20.09.2024 05:00:07.761: Upload   bandwidth : 0 Kb (unlimited)
20.09.2024 05:00:07.809: Allowed client IPs : 
20.09.2024 05:00:07.855: Denied  client IPs : 
20.09.2024 05:00:07.903: Time restrictions  : 0000-0000 (unlimited)
23.09.2024 07:29:37.471: ================================================
23.09.2024 07:29:37.926: List of current users: plclogs plcuser
23.09.2024 07:29:38.462: List of users from ftp.userlist: plclogs plcuser
23.09.2024 07:29:38.748: --------- User.0 ----------
23.09.2024 07:29:39.082: 'Access' is set to 'ReadOnly' for [User.0]
23.09.2024 07:29:40.436: Login              : plclogs
23.09.2024 07:29:40.558: Directory          : //logs/./
23.09.2024 07:29:40.673: Download bandwidth : 0 Kb (unlimited)
23.09.2024 07:29:40.785: Upload   bandwidth : 0 Kb (unlimited)
23.09.2024 07:29:40.906: Allowed client IPs : 
23.09.2024 07:29:41.020: Denied  client IPs : 
23.09.2024 07:29:41.103: Time restrictions  : 0000-0000 (unlimited)
23.09.2024 07:29:41.156: --------- User.1 ----------
23.09.2024 07:29:41.280: 'Access' is set to 'ReadWrite' for [User.1]
23.09.2024 07:29:41.677: Login              : plcuser
23.09.2024 07:29:41.728: Directory          : /./
23.09.2024 07:29:41.776: Download bandwidth : 0 Kb (unlimited)
23.09.2024 07:29:41.824: Upload   bandwidth : 0 Kb (unlimited)
23.09.2024 07:29:41.869: Allowed client IPs : 
23.09.2024 07:29:41.914: Denied  client IPs : 
23.09.2024 07:29:41.962: Time restrictions  : 0000-0000 (unlimited)
23.09.2024 08:12:22.455: ================================================
23.09.2024 08:12:23.014: List of current users: plclogs plcuser
23.09.2024 08:12:23.642: List of users from ftp.userlist: plclogs plcuser
23.09.2024 08:12:23.907: --------- User.0 ----------
23.09.2024 08:12:24.239: 'Access' is set to 'ReadOnly' for [User.0]
23.09.2024 08:12:25.539: Login              : plclogs
23.09.2024 08:12:25.640: Directory          : //logs/./
23.09.2024 08:12:25.737: Download bandwidth : 0 Kb (unlimited)
23.09.2024 08:12:25.861: Upload   bandwidth : 0 Kb (unlimited)
23.09.2024 08:12:25.964: Allowed client IPs : 
23.09.2024 08:12:26.041: Denied  client IPs : 
23.09.2024 08:12:26.103: Time restrictions  : 0000-0000 (unlimited)
23.09.2024 08:12:26.138: --------- User.1 ----------
23.09.2024 08:12:26.240: 'Access' is set to 'ReadWrite' for [User.1]
23.09.2024 08:12:26.667: Login              : plcuser
23.09.2024 08:12:26.719: Directory          : /./
23.09.2024 08:12:26.767: Download bandwidth : 0 Kb (unlimited)
23.09.2024 08:12:26.815: Upload   bandwidth : 0 Kb (unlimited)
23.09.2024 08:12:26.868: Allowed client IPs : 
23.09.2024 08:12:26.915: Denied  client IPs : 
23.09.2024 08:12:26.965: Time restrictions  : 0000-0000 (unlimited)
23.09.2024 10:30:33.581: ================================================
23.09.2024 10:30:34.143: List of current users: plclogs plcuser
23.09.2024 10:30:34.686: List of users from ftp.userlist: plclogs plcuser
23.09.2024 10:30:34.973: --------- User.0 ----------
23.09.2024 10:30:35.288: 'Access' is set to 'ReadOnly' for [User.0]
23.09.2024 10:30:36.755: Login              : plclogs
23.09.2024 10:30:36.851: Directory          : //logs/./
23.09.2024 10:30:36.933: Download bandwidth : 0 Kb (unlimited)
23.09.2024 10:30:37.029: Upload   bandwidth : 0 Kb (unlimited)
23.09.2024 10:30:37.132: Allowed client IPs : 
23.09.2024 10:30:37.213: Denied  client IPs : 
23.09.2024 10:30:37.266: Time restrictions  : 0000-0000 (unlimited)
23.09.2024 10:30:37.299: --------- User.1 ----------
23.09.2024 10:30:37.400: 'Access' is set to 'ReadWrite' for [User.1]
23.09.2024 10:30:37.795: Login              : plcuser
23.09.2024 10:30:37.844: Directory          : /./
23.09.2024 10:30:37.894: Download bandwidth : 0 Kb (unlimited)
23.09.2024 10:30:37.944: Upload   bandwidth : 0 Kb (unlimited)
23.09.2024 10:30:37.991: Allowed client IPs : 
23.09.2024 10:30:38.040: Denied  client IPs : 
23.09.2024 10:30:38.088: Time restrictions  : 0000-0000 (unlimited)
24.09.2024 04:29:28.599: ================================================
24.09.2024 04:29:29.046: List of current users: plclogs plcuser
24.09.2024 04:29:29.602: List of users from ftp.userlist: plclogs plcuser
24.09.2024 04:29:29.883: --------- User.0 ----------
24.09.2024 04:29:30.191: 'Access' is set to 'ReadOnly' for [User.0]
24.09.2024 04:29:31.450: Login              : plclogs
24.09.2024 04:29:31.658: Directory          : //logs/./
24.09.2024 04:29:31.727: Download bandwidth : 0 Kb (unlimited)
24.09.2024 04:29:31.818: Upload   bandwidth : 0 Kb (unlimited)
24.09.2024 04:29:31.954: Allowed client IPs : 
24.09.2024 04:29:32.063: Denied  client IPs : 
24.09.2024 04:29:32.142: Time restrictions  : 0000-0000 (unlimited)
24.09.2024 04:29:32.190: --------- User.1 ----------
24.09.2024 04:29:32.295: 'Access' is set to 'ReadWrite' for [User.1]
24.09.2024 04:29:32.705: Login              : plcuser
24.09.2024 04:29:32.754: Directory          : /./
24.09.2024 04:29:32.801: Download bandwidth : 0 Kb (unlimited)
24.09.2024 04:29:32.851: Upload   bandwidth : 0 Kb (unlimited)
24.09.2024 04:29:32.898: Allowed client IPs : 
24.09.2024 04:29:32.945: Denied  client IPs : 
24.09.2024 04:29:32.993: Time restrictions  : 0000-0000 (unlimited)
24.09.2024 09:22:50.731: ================================================
24.09.2024 09:22:51.535: List of current users: plclogs plcuser
24.09.2024 09:22:52.157: List of users from ftp.userlist: plclogs plcuser
24.09.2024 09:22:52.357: --------- User.0 ----------
24.09.2024 09:22:52.682: 'Access' is set to 'ReadOnly' for [User.0]
24.09.2024 09:22:53.940: Login              : plclogs
24.09.2024 09:22:54.032: Directory          : //logs/./
24.09.2024 09:22:54.111: Download bandwidth : 0 Kb (unlimited)
24.09.2024 09:22:54.184: Upload   bandwidth : 0 Kb (unlimited)
24.09.2024 09:22:54.229: Allowed client IPs : 
24.09.2024 09:22:54.277: Denied  client IPs : 
24.09.2024 09:22:54.326: Time restrictions  : 0000-0000 (unlimited)
24.09.2024 09:22:54.360: --------- User.1 ----------
24.09.2024 09:22:54.477: 'Access' is set to 'ReadWrite' for [User.1]
24.09.2024 09:22:54.886: Login              : plcuser
24.09.2024 09:22:54.935: Directory          : /./
24.09.2024 09:22:54.980: Download bandwidth : 0 Kb (unlimited)
24.09.2024 09:22:55.030: Upload   bandwidth : 0 Kb (unlimited)
24.09.2024 09:22:55.079: Allowed client IPs : 
24.09.2024 09:22:55.126: Denied  client IPs : 
24.09.2024 09:22:55.172: Time restrictions  : 0000-0000 (unlimited)
25.09.2024 04:29:30.620: ================================================
25.09.2024 04:29:31.216: List of current users: plclogs plcuser
25.09.2024 04:29:31.898: List of users from ftp.userlist: plclogs plcuser
25.09.2024 04:29:32.198: --------- User.0 ----------
25.09.2024 04:29:32.508: 'Access' is set to 'ReadOnly' for [User.0]
25.09.2024 04:29:33.969: Login              : plclogs
25.09.2024 04:29:34.057: Directory          : //logs/./
25.09.2024 04:29:34.135: Download bandwidth : 0 Kb (unlimited)
25.09.2024 04:29:34.187: Upload   bandwidth : 0 Kb (unlimited)
25.09.2024 04:29:34.230: Allowed client IPs : 
25.09.2024 04:29:34.277: Denied  client IPs : 
25.09.2024 04:29:34.321: Time restrictions  : 0000-0000 (unlimited)
25.09.2024 04:29:34.358: --------- User.1 ----------
25.09.2024 04:29:34.455: 'Access' is set to 'ReadWrite' for [User.1]
25.09.2024 04:29:34.954: Login              : plcuser
25.09.2024 04:29:35.007: Directory          : /./
25.09.2024 04:29:35.051: Download bandwidth : 0 Kb (unlimited)
25.09.2024 04:29:35.096: Upload   bandwidth : 0 Kb (unlimited)
25.09.2024 04:29:35.148: Allowed client IPs : 
25.09.2024 04:29:35.199: Denied  client IPs : 
25.09.2024 04:29:35.255: Time restrictions  : 0000-0000 (unlimited)
25.09.2024 04:38:33.675: ================================================
25.09.2024 04:38:34.235: List of current users: plclogs plcuser
25.09.2024 04:38:34.866: List of users from ftp.userlist: plclogs plcuser
25.09.2024 04:38:35.121: --------- User.0 ----------
25.09.2024 04:38:35.446: 'Access' is set to 'ReadOnly' for [User.0]
25.09.2024 04:38:36.734: Login              : plclogs
25.09.2024 04:38:36.863: Directory          : //logs/./
25.09.2024 04:38:36.951: Download bandwidth : 0 Kb (unlimited)
25.09.2024 04:38:37.034: Upload   bandwidth : 0 Kb (unlimited)
25.09.2024 04:38:37.141: Allowed client IPs : 
25.09.2024 04:38:37.208: Denied  client IPs : 
25.09.2024 04:38:37.255: Time restrictions  : 0000-0000 (unlimited)
25.09.2024 04:38:37.296: --------- User.1 ----------
25.09.2024 04:38:37.397: 'Access' is set to 'ReadWrite' for [User.1]
25.09.2024 04:38:37.898: Login              : plcuser
25.09.2024 04:38:37.950: Directory          : /./
25.09.2024 04:38:37.999: Download bandwidth : 0 Kb (unlimited)
25.09.2024 04:38:38.047: Upload   bandwidth : 0 Kb (unlimited)
25.09.2024 04:38:38.096: Allowed client IPs : 
25.09.2024 04:38:38.142: Denied  client IPs : 
25.09.2024 04:38:38.190: Time restrictions  : 0000-0000 (unlimited)
26.09.2024 04:27:16.581: ================================================
26.09.2024 04:27:17.114: List of current users: plclogs plcuser
26.09.2024 04:27:17.681: List of users from ftp.userlist: plclogs plcuser
26.09.2024 04:27:17.948: --------- User.0 ----------
26.09.2024 04:27:18.280: 'Access' is set to 'ReadOnly' for [User.0]
26.09.2024 04:27:19.572: Login              : plclogs
26.09.2024 04:27:19.712: Directory          : //logs/./
26.09.2024 04:27:19.800: Download bandwidth : 0 Kb (unlimited)
26.09.2024 04:27:19.937: Upload   bandwidth : 0 Kb (unlimited)
26.09.2024 04:27:20.058: Allowed client IPs : 
26.09.2024 04:27:20.156: Denied  client IPs : 
26.09.2024 04:27:20.244: Time restrictions  : 0000-0000 (unlimited)
26.09.2024 04:27:20.291: --------- User.1 ----------
26.09.2024 04:27:20.394: 'Access' is set to 'ReadWrite' for [User.1]
26.09.2024 04:27:20.838: Login              : plcuser
26.09.2024 04:27:20.893: Directory          : /./
26.09.2024 04:27:20.941: Download bandwidth : 0 Kb (unlimited)
26.09.2024 04:27:20.985: Upload   bandwidth : 0 Kb (unlimited)
26.09.2024 04:27:21.028: Allowed client IPs : 
26.09.2024 04:27:21.075: Denied  client IPs : 
26.09.2024 04:27:21.127: Time restrictions  : 0000-0000 (unlimited)
30.09.2024 06:43:38.613: ================================================
30.09.2024 06:43:39.219: List of current users: plclogs plcuser
30.09.2024 06:43:39.862: List of users from ftp.userlist: plclogs plcuser
30.09.2024 06:43:40.153: --------- User.0 ----------
30.09.2024 06:43:40.472: 'Access' is set to 'ReadOnly' for [User.0]
30.09.2024 06:43:41.784: Login              : plclogs
30.09.2024 06:43:41.879: Directory          : //logs/./
30.09.2024 06:43:41.953: Download bandwidth : 0 Kb (unlimited)
30.09.2024 06:43:42.034: Upload   bandwidth : 0 Kb (unlimited)
30.09.2024 06:43:42.087: Allowed client IPs : 
30.09.2024 06:43:42.135: Denied  client IPs : 
30.09.2024 06:43:42.192: Time restrictions  : 0000-0000 (unlimited)
30.09.2024 06:43:42.226: --------- User.1 ----------
30.09.2024 06:43:42.324: 'Access' is set to 'ReadWrite' for [User.1]
30.09.2024 06:43:42.732: Login              : plcuser
30.09.2024 06:43:42.785: Directory          : /./
30.09.2024 06:43:42.832: Download bandwidth : 0 Kb (unlimited)
30.09.2024 06:43:42.882: Upload   bandwidth : 0 Kb (unlimited)
30.09.2024 06:43:42.926: Allowed client IPs : 
30.09.2024 06:43:42.972: Denied  client IPs : 
30.09.2024 06:43:43.020: Time restrictions  : 0000-0000 (unlimited)
30.09.2024 06:47:01.616: ================================================
30.09.2024 06:47:02.156: List of current users: plclogs plcuser
30.09.2024 06:47:02.739: List of users from ftp.userlist: plclogs plcuser
30.09.2024 06:47:03.008: --------- User.0 ----------
30.09.2024 06:47:03.328: 'Access' is set to 'ReadOnly' for [User.0]
30.09.2024 06:47:04.710: Login              : plclogs
30.09.2024 06:47:04.833: Directory          : //logs/./
30.09.2024 06:47:04.922: Download bandwidth : 0 Kb (unlimited)
30.09.2024 06:47:05.020: Upload   bandwidth : 0 Kb (unlimited)
30.09.2024 06:47:05.114: Allowed client IPs : 
30.09.2024 06:47:05.171: Denied  client IPs : 
30.09.2024 06:47:05.220: Time restrictions  : 0000-0000 (unlimited)
30.09.2024 06:47:05.256: --------- User.1 ----------
30.09.2024 06:47:05.360: 'Access' is set to 'ReadWrite' for [User.1]
30.09.2024 06:47:05.759: Login              : plcuser
30.09.2024 06:47:05.810: Directory          : /./
30.09.2024 06:47:05.859: Download bandwidth : 0 Kb (unlimited)
30.09.2024 06:47:05.906: Upload   bandwidth : 0 Kb (unlimited)
30.09.2024 06:47:05.953: Allowed client IPs : 
30.09.2024 06:47:06.000: Denied  client IPs : 
30.09.2024 06:47:06.047: Time restrictions  : 0000-0000 (unlimited)
30.09.2024 06:58:08.611: ================================================
30.09.2024 06:58:09.194: List of current users: plclogs plcuser
30.09.2024 06:58:09.763: List of users from ftp.userlist: plclogs plcuser
30.09.2024 06:58:10.037: --------- User.0 ----------
30.09.2024 06:58:10.379: 'Access' is set to 'ReadOnly' for [User.0]
30.09.2024 06:58:11.715: Login              : plclogs
30.09.2024 06:58:11.848: Directory          : //logs/./
30.09.2024 06:58:11.946: Download bandwidth : 0 Kb (unlimited)
30.09.2024 06:58:12.046: Upload   bandwidth : 0 Kb (unlimited)
30.09.2024 06:58:12.110: Allowed client IPs : 
30.09.2024 06:58:12.161: Denied  client IPs : 
30.09.2024 06:58:12.210: Time restrictions  : 0000-0000 (unlimited)
30.09.2024 06:58:12.249: --------- User.1 ----------
30.09.2024 06:58:12.362: 'Access' is set to 'ReadWrite' for [User.1]
30.09.2024 06:58:12.821: Login              : plcuser
30.09.2024 06:58:12.874: Directory          : /./
30.09.2024 06:58:12.921: Download bandwidth : 0 Kb (unlimited)
30.09.2024 06:58:12.966: Upload   bandwidth : 0 Kb (unlimited)
30.09.2024 06:58:13.013: Allowed client IPs : 
30.09.2024 06:58:13.065: Denied  client IPs : 
30.09.2024 06:58:13.113: Time restrictions  : 0000-0000 (unlimited)
30.09.2024 08:49:18.526: ================================================
30.09.2024 08:49:19.056: List of current users: plclogs plcuser
30.09.2024 08:49:19.657: List of users from ftp.userlist: plclogs plcuser
30.09.2024 08:49:19.927: --------- User.0 ----------
30.09.2024 08:49:20.262: 'Access' is set to 'ReadOnly' for [User.0]
30.09.2024 08:49:21.626: Login              : plclogs
30.09.2024 08:49:21.737: Directory          : //logs/./
30.09.2024 08:49:21.840: Download bandwidth : 0 Kb (unlimited)
30.09.2024 08:49:21.934: Upload   bandwidth : 0 Kb (unlimited)
30.09.2024 08:49:22.009: Allowed client IPs : 
30.09.2024 08:49:22.056: Denied  client IPs : 
30.09.2024 08:49:22.102: Time restrictions  : 0000-0000 (unlimited)
30.09.2024 08:49:22.137: --------- User.1 ----------
30.09.2024 08:49:22.255: 'Access' is set to 'ReadWrite' for [User.1]
30.09.2024 08:49:22.661: Login              : plcuser
30.09.2024 08:49:22.713: Directory          : /./
30.09.2024 08:49:22.760: Download bandwidth : 0 Kb (unlimited)
30.09.2024 08:49:22.808: Upload   bandwidth : 0 Kb (unlimited)
30.09.2024 08:49:22.858: Allowed client IPs : 
30.09.2024 08:49:22.905: Denied  client IPs : 
30.09.2024 08:49:22.955: Time restrictions  : 0000-0000 (unlimited)
30.09.2024 08:51:23.591: ================================================
30.09.2024 08:51:24.111: List of current users: plclogs plcuser
30.09.2024 08:51:24.700: List of users from ftp.userlist: plclogs plcuser
30.09.2024 08:51:24.968: --------- User.0 ----------
30.09.2024 08:51:25.287: 'Access' is set to 'ReadOnly' for [User.0]
30.09.2024 08:51:26.599: Login              : plclogs
30.09.2024 08:51:26.683: Directory          : //logs/./
30.09.2024 08:51:26.783: Download bandwidth : 0 Kb (unlimited)
30.09.2024 08:51:26.918: Upload   bandwidth : 0 Kb (unlimited)
30.09.2024 08:51:27.030: Allowed client IPs : 
30.09.2024 08:51:27.121: Denied  client IPs : 
30.09.2024 08:51:27.203: Time restrictions  : 0000-0000 (unlimited)
30.09.2024 08:51:27.246: --------- User.1 ----------
30.09.2024 08:51:27.365: 'Access' is set to 'ReadWrite' for [User.1]
30.09.2024 08:51:27.776: Login              : plcuser
30.09.2024 08:51:27.831: Directory          : /./
30.09.2024 08:51:27.879: Download bandwidth : 0 Kb (unlimited)
30.09.2024 08:51:27.926: Upload   bandwidth : 0 Kb (unlimited)
30.09.2024 08:51:27.972: Allowed client IPs : 
30.09.2024 08:51:28.020: Denied  client IPs : 
30.09.2024 08:51:28.067: Time restrictions  : 0000-0000 (unlimited)
30.09.2024 11:58:42.491: ================================================
30.09.2024 11:58:43.007: List of current users: plclogs plcuser
30.09.2024 11:58:43.606: List of users from ftp.userlist: plclogs plcuser
30.09.2024 11:58:43.887: --------- User.0 ----------
30.09.2024 11:58:44.219: 'Access' is set to 'ReadOnly' for [User.0]
30.09.2024 11:58:45.544: Login              : plclogs
30.09.2024 11:58:45.648: Directory          : //logs/./
30.09.2024 11:58:45.759: Download bandwidth : 0 Kb (unlimited)
30.09.2024 11:58:45.864: Upload   bandwidth : 0 Kb (unlimited)
30.09.2024 11:58:45.961: Allowed client IPs : 
30.09.2024 11:58:46.015: Denied  client IPs : 
30.09.2024 11:58:46.063: Time restrictions  : 0000-0000 (unlimited)
30.09.2024 11:58:46.100: --------- User.1 ----------
30.09.2024 11:58:46.216: 'Access' is set to 'ReadWrite' for [User.1]
30.09.2024 11:58:46.621: Login              : plcuser
30.09.2024 11:58:46.672: Directory          : /./
30.09.2024 11:58:46.720: Download bandwidth : 0 Kb (unlimited)
30.09.2024 11:58:46.767: Upload   bandwidth : 0 Kb (unlimited)
30.09.2024 11:58:46.817: Allowed client IPs : 
30.09.2024 11:58:46.864: Denied  client IPs : 
30.09.2024 11:58:46.911: Time restrictions  : 0000-0000 (unlimited)
01.10.2024 08:38:32.965: ================================================
01.10.2024 08:38:33.289: List of current users: plclogs plcuser
01.10.2024 08:38:34.135: List of users from ftp.userlist: plclogs plcuser
01.10.2024 08:38:34.487: --------- User.0 ----------
01.10.2024 08:38:34.809: 'Access' is set to 'ReadOnly' for [User.0]
01.10.2024 08:38:35.991: Login              : plclogs
01.10.2024 08:38:36.075: Directory          : //logs/./
01.10.2024 08:38:36.141: Download bandwidth : 0 Kb (unlimited)
01.10.2024 08:38:36.216: Upload   bandwidth : 0 Kb (unlimited)
01.10.2024 08:38:36.264: Allowed client IPs : 
01.10.2024 08:38:36.308: Denied  client IPs : 
01.10.2024 08:38:36.359: Time restrictions  : 0000-0000 (unlimited)
01.10.2024 08:38:36.397: --------- User.1 ----------
01.10.2024 08:38:36.497: 'Access' is set to 'ReadWrite' for [User.1]
01.10.2024 08:38:37.046: Login              : plcuser
01.10.2024 08:38:37.100: Directory          : /./
01.10.2024 08:38:37.150: Download bandwidth : 0 Kb (unlimited)
01.10.2024 08:38:37.197: Upload   bandwidth : 0 Kb (unlimited)
01.10.2024 08:38:37.242: Allowed client IPs : 
01.10.2024 08:38:37.291: Denied  client IPs : 
01.10.2024 08:38:37.335: Time restrictions  : 0000-0000 (unlimited)
01.10.2024 08:40:24.498: ================================================
01.10.2024 08:40:24.925: List of current users: plclogs plcuser
01.10.2024 08:40:25.451: List of users from ftp.userlist: plclogs plcuser
01.10.2024 08:40:25.734: --------- User.0 ----------
01.10.2024 08:40:26.078: 'Access' is set to 'ReadOnly' for [User.0]
01.10.2024 08:40:27.300: Login              : plclogs
01.10.2024 08:40:27.393: Directory          : //logs/./
01.10.2024 08:40:27.463: Download bandwidth : 0 Kb (unlimited)
01.10.2024 08:40:27.572: Upload   bandwidth : 0 Kb (unlimited)
01.10.2024 08:40:27.647: Allowed client IPs : 
01.10.2024 08:40:27.732: Denied  client IPs : 
01.10.2024 08:40:27.800: Time restrictions  : 0000-0000 (unlimited)
01.10.2024 08:40:27.839: --------- User.1 ----------
01.10.2024 08:40:27.939: 'Access' is set to 'ReadWrite' for [User.1]
01.10.2024 08:40:28.398: Login              : plcuser
01.10.2024 08:40:28.453: Directory          : /./
01.10.2024 08:40:28.499: Download bandwidth : 0 Kb (unlimited)
01.10.2024 08:40:28.546: Upload   bandwidth : 0 Kb (unlimited)
01.10.2024 08:40:28.591: Allowed client IPs : 
01.10.2024 08:40:28.636: Denied  client IPs : 
01.10.2024 08:40:28.686: Time restrictions  : 0000-0000 (unlimited)
01.10.2024 08:43:14.599: ================================================
01.10.2024 08:43:15.153: List of current users: plclogs plcuser
01.10.2024 08:43:15.698: List of users from ftp.userlist: plclogs plcuser
01.10.2024 08:43:15.964: --------- User.0 ----------
01.10.2024 08:43:16.286: 'Access' is set to 'ReadOnly' for [User.0]
01.10.2024 08:43:17.475: Login              : plclogs
01.10.2024 08:43:17.623: Directory          : //logs/./
01.10.2024 08:43:17.702: Download bandwidth : 0 Kb (unlimited)
01.10.2024 08:43:17.780: Upload   bandwidth : 0 Kb (unlimited)
01.10.2024 08:43:17.857: Allowed client IPs : 
01.10.2024 08:43:17.905: Denied  client IPs : 
01.10.2024 08:43:17.956: Time restrictions  : 0000-0000 (unlimited)
01.10.2024 08:43:17.990: --------- User.1 ----------
01.10.2024 08:43:18.093: 'Access' is set to 'ReadWrite' for [User.1]
01.10.2024 08:43:18.497: Login              : plcuser
01.10.2024 08:43:18.548: Directory          : /./
01.10.2024 08:43:18.593: Download bandwidth : 0 Kb (unlimited)
01.10.2024 08:43:18.638: Upload   bandwidth : 0 Kb (unlimited)
01.10.2024 08:43:18.686: Allowed client IPs : 
01.10.2024 08:43:18.733: Denied  client IPs : 
01.10.2024 08:43:18.779: Time restrictions  : 0000-0000 (unlimited)
02.10.2024 11:51:39.362: ================================================
02.10.2024 11:51:39.889: List of current users: plclogs plcuser
02.10.2024 11:51:40.371: List of users from ftp.userlist: plclogs plcuser
02.10.2024 11:51:40.624: --------- User.0 ----------
02.10.2024 11:51:40.933: 'Access' is set to 'ReadOnly' for [User.0]
02.10.2024 11:51:42.408: Login              : plclogs
02.10.2024 11:51:42.540: Directory          : //logs/./
02.10.2024 11:51:42.648: Download bandwidth : 0 Kb (unlimited)
02.10.2024 11:51:42.780: Upload   bandwidth : 0 Kb (unlimited)
02.10.2024 11:51:42.880: Allowed client IPs : 
02.10.2024 11:51:42.995: Denied  client IPs : 
02.10.2024 11:51:43.068: Time restrictions  : 0000-0000 (unlimited)
02.10.2024 11:51:43.102: --------- User.1 ----------
02.10.2024 11:51:43.203: 'Access' is set to 'ReadWrite' for [User.1]
02.10.2024 11:51:43.791: Login              : plcuser
02.10.2024 11:51:43.847: Directory          : /./
02.10.2024 11:51:43.913: Download bandwidth : 0 Kb (unlimited)
02.10.2024 11:51:44.042: Upload   bandwidth : 0 Kb (unlimited)
02.10.2024 11:51:44.093: Allowed client IPs : 
02.10.2024 11:51:44.143: Denied  client IPs : 
02.10.2024 11:51:44.190: Time restrictions  : 0000-0000 (unlimited)
03.10.2024 04:48:26.019: ================================================
03.10.2024 04:48:26.546: List of current users: plclogs plcuser
03.10.2024 04:48:27.046: List of users from ftp.userlist: plclogs plcuser
03.10.2024 04:48:27.293: --------- User.0 ----------
03.10.2024 04:48:27.620: 'Access' is set to 'ReadOnly' for [User.0]
03.10.2024 04:48:28.956: Login              : plclogs
03.10.2024 04:48:29.160: Directory          : //logs/./
03.10.2024 04:48:29.297: Download bandwidth : 0 Kb (unlimited)
03.10.2024 04:48:29.379: Upload   bandwidth : 0 Kb (unlimited)
03.10.2024 04:48:29.484: Allowed client IPs : 
03.10.2024 04:48:29.575: Denied  client IPs : 
03.10.2024 04:48:29.639: Time restrictions  : 0000-0000 (unlimited)
03.10.2024 04:48:29.677: --------- User.1 ----------
03.10.2024 04:48:29.783: 'Access' is set to 'ReadWrite' for [User.1]
03.10.2024 04:48:30.381: Login              : plcuser
03.10.2024 04:48:30.435: Directory          : /./
03.10.2024 04:48:30.483: Download bandwidth : 0 Kb (unlimited)
03.10.2024 04:48:30.531: Upload   bandwidth : 0 Kb (unlimited)
03.10.2024 04:48:30.580: Allowed client IPs : 
03.10.2024 04:48:30.625: Denied  client IPs : 
03.10.2024 04:48:30.672: Time restrictions  : 0000-0000 (unlimited)
04.10.2024 04:27:44.984: ================================================
04.10.2024 04:27:45.467: List of current users: plclogs plcuser
04.10.2024 04:27:46.061: List of users from ftp.userlist: plclogs plcuser
04.10.2024 04:27:46.306: --------- User.0 ----------
04.10.2024 04:27:46.620: 'Access' is set to 'ReadOnly' for [User.0]
04.10.2024 04:27:47.938: Login              : plclogs
04.10.2024 04:27:48.112: Directory          : //logs/./
04.10.2024 04:27:48.214: Download bandwidth : 0 Kb (unlimited)
04.10.2024 04:27:48.289: Upload   bandwidth : 0 Kb (unlimited)
04.10.2024 04:27:48.398: Allowed client IPs : 
04.10.2024 04:27:48.485: Denied  client IPs : 
04.10.2024 04:27:48.538: Time restrictions  : 0000-0000 (unlimited)
04.10.2024 04:27:48.574: --------- User.1 ----------
04.10.2024 04:27:48.674: 'Access' is set to 'ReadWrite' for [User.1]
04.10.2024 04:27:49.089: Login              : plcuser
04.10.2024 04:27:49.139: Directory          : /./
04.10.2024 04:27:49.184: Download bandwidth : 0 Kb (unlimited)
04.10.2024 04:27:49.233: Upload   bandwidth : 0 Kb (unlimited)
04.10.2024 04:27:49.288: Allowed client IPs : 
04.10.2024 04:27:49.377: Denied  client IPs : 
04.10.2024 04:27:49.423: Time restrictions  : 0000-0000 (unlimited)
