08.05.2024 08:13:04.676: ================================================NEW LOG SESSION===================================================
08.05.2024 08:13:04.705: Board: [R500]
08.05.2024 08:13:04.705: Series: [R500_0x1]
08.05.2024 08:13:04.705: Modification: [SFP]
08.05.2024 08:13:04.705: Determinate if SET_BUS_DIS is inverted: Inverted (determined from hardware)
13.05.2024 04:26:13.622: ================================================NEW LOG SESSION===================================================
13.05.2024 04:26:13.642: Board: [R500]
13.05.2024 04:26:13.642: Series: [R500_0x1]
13.05.2024 04:26:13.642: Modification: [SFP]
13.05.2024 04:26:13.642: Determinate if SET_BUS_DIS is inverted: Inverted (determined from hardware)
13.05.2024 04:48:26.554: ================================================NEW LOG SESSION===================================================
13.05.2024 04:48:26.584: Board: [R500]
13.05.2024 04:48:26.584: Series: [R500_0x1]
13.05.2024 04:48:26.584: Modification: [SFP]
13.05.2024 04:48:26.584: Determinate if SET_BUS_DIS is inverted: Inverted (determined from hardware)
13.05.2024 04:55:15.332: ================================================END LOG SESSION===================================================
13.05.2024 04:55:56.512: ================================================NEW LOG SESSION===================================================
13.05.2024 04:55:56.540: Board: [R500]
13.05.2024 04:55:56.540: Series: [R500_0x1]
13.05.2024 04:55:56.540: Modification: [SFP]
13.05.2024 04:55:56.540: Determinate if SET_BUS_DIS is inverted: Inverted (determined from hardware)
13.05.2024 05:29:08.561: ================================================NEW LOG SESSION===================================================
13.05.2024 05:29:08.583: Board: [R500]
13.05.2024 05:29:08.583: Series: [R500_0x1]
13.05.2024 05:29:08.583: Modification: [SFP]
13.05.2024 05:29:08.583: Determinate if SET_BUS_DIS is inverted: Inverted (determined from hardware)
13.05.2024 05:59:30.573: ================================================NEW LOG SESSION===================================================
13.05.2024 05:59:30.603: Board: [R500]
13.05.2024 05:59:30.603: Series: [R500_0x1]
13.05.2024 05:59:30.603: Modification: [SFP]
13.05.2024 05:59:30.603: Determinate if SET_BUS_DIS is inverted: Inverted (determined from hardware)
13.05.2024 06:30:21.588: ================================================NEW LOG SESSION===================================================
13.05.2024 06:30:21.617: Board: [R500]
13.05.2024 06:30:21.617: Series: [R500_0x1]
13.05.2024 06:30:21.617: Modification: [SFP]
13.05.2024 06:30:21.617: Determinate if SET_BUS_DIS is inverted: Inverted (determined from hardware)
14.05.2024 04:00:00.577: ================================================NEW LOG SESSION===================================================
14.05.2024 04:00:00.609: Board: [R500]
14.05.2024 04:00:00.609: Series: [R500_0x1]
14.05.2024 04:00:00.609: Modification: [SFP]
14.05.2024 04:00:00.609: Determinate if SET_BUS_DIS is inverted: Inverted (determined from hardware)
14.05.2024 04:12:57.524: ================================================NEW LOG SESSION===================================================
14.05.2024 04:12:57.584: Board: [R500]
14.05.2024 04:12:57.584: Series: [R500_0x1]
14.05.2024 04:12:57.584: Modification: [SFP]
14.05.2024 04:12:57.584: Determinate if SET_BUS_DIS is inverted: Inverted (determined from hardware)
14.05.2024 04:26:32.679: ================================================NEW LOG SESSION===================================================
14.05.2024 04:26:32.708: Board: [R500]
14.05.2024 04:26:32.708: Series: [R500_0x1]
14.05.2024 04:26:32.708: Modification: [SFP]
14.05.2024 04:26:32.708: Determinate if SET_BUS_DIS is inverted: Inverted (determined from hardware)
14.05.2024 06:29:45.295: ================================================END LOG SESSION===================================================
14.05.2024 06:30:15.622: ================================================NEW LOG SESSION===================================================
14.05.2024 06:30:15.651: Board: [R500]
14.05.2024 06:30:15.651: Series: [R500_0x1]
14.05.2024 06:30:15.651: Modification: [SFP]
14.05.2024 06:30:15.651: Determinate if SET_BUS_DIS is inverted: Inverted (determined from hardware)
14.05.2024 06:51:02.535: ================================================NEW LOG SESSION===================================================
14.05.2024 06:51:02.563: Board: [R500]
14.05.2024 06:51:02.563: Series: [R500_0x1]
14.05.2024 06:51:02.563: Modification: [SFP]
14.05.2024 06:51:02.563: Determinate if SET_BUS_DIS is inverted: Inverted (determined from hardware)
14.05.2024 07:31:41.656: ================================================NEW LOG SESSION===================================================
14.05.2024 07:31:41.687: Board: [R500]
14.05.2024 07:31:41.687: Series: [R500_0x1]
14.05.2024 07:31:41.687: Modification: [SFP]
14.05.2024 07:31:41.687: Determinate if SET_BUS_DIS is inverted: Inverted (determined from hardware)
14.05.2024 08:13:06.571: ================================================NEW LOG SESSION===================================================
14.05.2024 08:13:06.597: Board: [R500]
14.05.2024 08:13:06.597: Series: [R500_0x1]
14.05.2024 08:13:06.597: Modification: [SFP]
14.05.2024 08:13:06.597: Determinate if SET_BUS_DIS is inverted: Inverted (determined from hardware)
14.05.2024 08:59:57.546: ================================================NEW LOG SESSION===================================================
14.05.2024 08:59:57.571: Board: [R500]
14.05.2024 08:59:57.571: Series: [R500_0x1]
14.05.2024 08:59:57.571: Modification: [SFP]
14.05.2024 08:59:57.571: Determinate if SET_BUS_DIS is inverted: Inverted (determined from hardware)
14.05.2024 09:15:26.681: ================================================NEW LOG SESSION===================================================
14.05.2024 09:15:26.712: Board: [R500]
14.05.2024 09:15:26.712: Series: [R500_0x1]
14.05.2024 09:15:26.712: Modification: [SFP]
14.05.2024 09:15:26.712: Determinate if SET_BUS_DIS is inverted: Inverted (determined from hardware)
14.05.2024 09:37:42.452: ================================================NEW LOG SESSION===================================================
14.05.2024 09:37:42.482: Board: [R500]
14.05.2024 09:37:42.482: Series: [R500_0x1]
14.05.2024 09:37:42.482: Modification: [SFP]
14.05.2024 09:37:42.482: Determinate if SET_BUS_DIS is inverted: Inverted (determined from hardware)
14.05.2024 10:02:11.613: ================================================NEW LOG SESSION===================================================
14.05.2024 10:02:11.642: Board: [R500]
14.05.2024 10:02:11.642: Series: [R500_0x1]
14.05.2024 10:02:11.642: Modification: [SFP]
14.05.2024 10:02:11.642: Determinate if SET_BUS_DIS is inverted: Inverted (determined from hardware)
14.05.2024 10:39:19.115: ================================================END LOG SESSION===================================================
14.05.2024 10:39:51.563: ================================================NEW LOG SESSION===================================================
14.05.2024 10:39:51.595: Board: [R500]
14.05.2024 10:39:51.595: Series: [R500_0x1]
14.05.2024 10:39:51.595: Modification: [SFP]
14.05.2024 10:39:51.595: Determinate if SET_BUS_DIS is inverted: Inverted (determined from hardware)
15.05.2024 05:26:10.566: ================================================NEW LOG SESSION===================================================
15.05.2024 05:26:10.595: Board: [R500]
15.05.2024 05:26:10.595: Series: [R500_0x1]
15.05.2024 05:26:10.595: Modification: [SFP]
15.05.2024 05:26:10.595: Determinate if SET_BUS_DIS is inverted: Inverted (determined from hardware)
15.05.2024 05:44:49.564: ================================================NEW LOG SESSION===================================================
15.05.2024 05:44:49.594: Board: [R500]
15.05.2024 05:44:49.594: Series: [R500_0x1]
15.05.2024 05:44:49.594: Modification: [SFP]
15.05.2024 05:44:49.594: Determinate if SET_BUS_DIS is inverted: Inverted (determined from hardware)
15.05.2024 07:36:24.543: ================================================NEW LOG SESSION===================================================
15.05.2024 07:36:24.567: Board: [R500]
15.05.2024 07:36:24.567: Series: [R500_0x1]
15.05.2024 07:36:24.567: Modification: [SFP]
15.05.2024 07:36:24.567: Determinate if SET_BUS_DIS is inverted: Inverted (determined from hardware)
15.05.2024 08:41:14.646: ================================================NEW LOG SESSION===================================================
15.05.2024 08:41:14.675: Board: [R500]
15.05.2024 08:41:14.675: Series: [R500_0x1]
15.05.2024 08:41:14.675: Modification: [SFP]
15.05.2024 08:41:14.675: Determinate if SET_BUS_DIS is inverted: Inverted (determined from hardware)
15.05.2024 08:48:56.655: ================================================NEW LOG SESSION===================================================
15.05.2024 08:48:56.690: Board: [R500]
15.05.2024 08:48:56.690: Series: [R500_0x1]
15.05.2024 08:48:56.690: Modification: [SFP]
15.05.2024 08:48:56.690: Determinate if SET_BUS_DIS is inverted: Inverted (determined from hardware)
15.05.2024 10:59:01.627: ================================================NEW LOG SESSION===================================================
15.05.2024 10:59:01.649: Board: [R500]
15.05.2024 10:59:01.649: Series: [R500_0x1]
15.05.2024 10:59:01.649: Modification: [SFP]
15.05.2024 10:59:01.649: Determinate if SET_BUS_DIS is inverted: Inverted (determined from hardware)
16.05.2024 10:46:53.582: ================================================NEW LOG SESSION===================================================
16.05.2024 10:46:53.612: Board: [R500]
16.05.2024 10:46:53.612: Series: [R500_0x1]
16.05.2024 10:46:53.612: Modification: [SFP]
16.05.2024 10:46:53.612: Determinate if SET_BUS_DIS is inverted: Inverted (determined from hardware)
16.05.2024 13:23:16.160: ================================================END LOG SESSION===================================================
16.05.2024 13:23:48.549: ================================================NEW LOG SESSION===================================================
16.05.2024 13:23:48.574: Board: [R500]
16.05.2024 13:23:48.574: Series: [R500_0x1]
16.05.2024 13:23:48.574: Modification: [SFP]
16.05.2024 13:23:48.574: Determinate if SET_BUS_DIS is inverted: Inverted (determined from hardware)
20.05.2024 05:27:12.576: ================================================NEW LOG SESSION===================================================
20.05.2024 05:27:12.598: Board: [R500]
20.05.2024 05:27:12.598: Series: [R500_0x1]
20.05.2024 05:27:12.598: Modification: [SFP]
20.05.2024 05:27:12.598: Determinate if SET_BUS_DIS is inverted: Inverted (determined from hardware)
20.05.2024 07:31:41.596: ================================================NEW LOG SESSION===================================================
20.05.2024 07:31:41.624: Board: [R500]
20.05.2024 07:31:41.624: Series: [R500_0x1]
20.05.2024 07:31:41.624: Modification: [SFP]
20.05.2024 07:31:41.624: Determinate if SET_BUS_DIS is inverted: Inverted (determined from hardware)
20.05.2024 10:44:12.615: ================================================NEW LOG SESSION===================================================
20.05.2024 10:44:12.645: Board: [R500]
20.05.2024 10:44:12.645: Series: [R500_0x1]
20.05.2024 10:44:12.645: Modification: [SFP]
20.05.2024 10:44:12.645: Determinate if SET_BUS_DIS is inverted: Inverted (determined from hardware)
04.09.2024 09:52:10.580: ================================================NEW LOG SESSION===================================================
04.09.2024 09:52:10.606: Board: [R500]
04.09.2024 09:52:10.606: Series: [R500_0x1]
04.09.2024 09:52:10.606: Modification: [SFP]
04.09.2024 09:52:10.606: Determinate if SET_BUS_DIS is inverted: Inverted (determined from hardware)
05.09.2024 04:52:13.587: ================================================NEW LOG SESSION===================================================
05.09.2024 04:52:13.617: Board: [R500]
05.09.2024 04:52:13.617: Series: [R500_0x1]
05.09.2024 04:52:13.617: Modification: [SFP]
05.09.2024 04:52:13.617: Determinate if SET_BUS_DIS is inverted: Inverted (determined from hardware)
09.09.2024 10:29:11.634: ================================================NEW LOG SESSION===================================================
09.09.2024 10:29:11.658: Board: [R500]
09.09.2024 10:29:11.658: Series: [R500_0x1]
09.09.2024 10:29:11.658: Modification: [SFP]
09.09.2024 10:29:11.658: Determinate if SET_BUS_DIS is inverted: Inverted (determined from hardware)
09.09.2024 12:31:04.548: ================================================NEW LOG SESSION===================================================
09.09.2024 12:31:04.575: Board: [R500]
09.09.2024 12:31:04.575: Series: [R500_0x1]
09.09.2024 12:31:04.575: Modification: [SFP]
09.09.2024 12:31:04.575: Determinate if SET_BUS_DIS is inverted: Inverted (determined from hardware)
10.09.2024 04:37:32.651: ================================================NEW LOG SESSION===================================================
10.09.2024 04:37:32.673: Board: [R500]
10.09.2024 04:37:32.673: Series: [R500_0x1]
10.09.2024 04:37:32.673: Modification: [SFP]
10.09.2024 04:37:32.673: Determinate if SET_BUS_DIS is inverted: Inverted (determined from hardware)
11.09.2024 04:42:22.794: ================================================NEW LOG SESSION===================================================
11.09.2024 04:42:22.844: Board: [R500]
11.09.2024 04:42:22.844: Series: [R500_0x1]
11.09.2024 04:42:22.844: Modification: [SFP]
11.09.2024 04:42:22.844: Determinate if SET_BUS_DIS is inverted: Inverted (determined from hardware)
12.09.2024 04:37:50.604: ================================================NEW LOG SESSION===================================================
12.09.2024 04:37:50.635: Board: [R500]
12.09.2024 04:37:50.635: Series: [R500_0x1]
12.09.2024 04:37:50.635: Modification: [SFP]
12.09.2024 04:37:50.635: Determinate if SET_BUS_DIS is inverted: Inverted (determined from hardware)
13.09.2024 04:52:23.762: ================================================NEW LOG SESSION===================================================
13.09.2024 04:52:23.839: Board: [R500]
13.09.2024 04:52:23.839: Series: [R500_0x1]
13.09.2024 04:52:23.839: Modification: [SFP]
13.09.2024 04:52:23.839: Determinate if SET_BUS_DIS is inverted: Inverted (determined from hardware)
17.09.2024 04:31:48.569: ================================================NEW LOG SESSION===================================================
17.09.2024 04:31:48.599: Board: [R500]
17.09.2024 04:31:48.599: Series: [R500_0x1]
17.09.2024 04:31:48.599: Modification: [SFP]
17.09.2024 04:31:48.599: Determinate if SET_BUS_DIS is inverted: Inverted (determined from hardware)
18.09.2024 04:38:19.628: ================================================NEW LOG SESSION===================================================
18.09.2024 04:38:19.655: Board: [R500]
18.09.2024 04:38:19.655: Series: [R500_0x1]
18.09.2024 04:38:19.655: Modification: [SFP]
18.09.2024 04:38:19.655: Determinate if SET_BUS_DIS is inverted: Inverted (determined from hardware)
19.09.2024 04:38:10.564: ================================================NEW LOG SESSION===================================================
19.09.2024 04:38:10.593: Board: [R500]
19.09.2024 04:38:10.593: Series: [R500_0x1]
19.09.2024 04:38:10.593: Modification: [SFP]
19.09.2024 04:38:10.593: Determinate if SET_BUS_DIS is inverted: Inverted (determined from hardware)
20.09.2024 04:43:17.682: ================================================NEW LOG SESSION===================================================
20.09.2024 04:43:17.712: Board: [R500]
20.09.2024 04:43:17.712: Series: [R500_0x1]
20.09.2024 04:43:17.712: Modification: [SFP]
20.09.2024 04:43:17.712: Determinate if SET_BUS_DIS is inverted: Inverted (determined from hardware)
20.09.2024 04:59:50.564: ================================================NEW LOG SESSION===================================================
20.09.2024 04:59:50.594: Board: [R500]
20.09.2024 04:59:50.594: Series: [R500_0x1]
20.09.2024 04:59:50.594: Modification: [SFP]
20.09.2024 04:59:50.594: Determinate if SET_BUS_DIS is inverted: Inverted (determined from hardware)
23.09.2024 07:29:24.632: ================================================NEW LOG SESSION===================================================
23.09.2024 07:29:24.661: Board: [R500]
23.09.2024 07:29:24.661: Series: [R500_0x1]
23.09.2024 07:29:24.661: Modification: [SFP]
23.09.2024 07:29:24.661: Determinate if SET_BUS_DIS is inverted: Inverted (determined from hardware)
23.09.2024 08:12:09.505: ================================================NEW LOG SESSION===================================================
23.09.2024 08:12:09.534: Board: [R500]
23.09.2024 08:12:09.534: Series: [R500_0x1]
23.09.2024 08:12:09.534: Modification: [SFP]
23.09.2024 08:12:09.534: Determinate if SET_BUS_DIS is inverted: Inverted (determined from hardware)
23.09.2024 10:30:20.647: ================================================NEW LOG SESSION===================================================
23.09.2024 10:30:20.679: Board: [R500]
23.09.2024 10:30:20.679: Series: [R500_0x1]
23.09.2024 10:30:20.679: Modification: [SFP]
23.09.2024 10:30:20.679: Determinate if SET_BUS_DIS is inverted: Inverted (determined from hardware)
24.09.2024 04:29:15.679: ================================================NEW LOG SESSION===================================================
24.09.2024 04:29:15.710: Board: [R500]
24.09.2024 04:29:15.710: Series: [R500_0x1]
24.09.2024 04:29:15.710: Modification: [SFP]
24.09.2024 04:29:15.710: Determinate if SET_BUS_DIS is inverted: Inverted (determined from hardware)
24.09.2024 09:22:37.694: ================================================NEW LOG SESSION===================================================
24.09.2024 09:22:37.723: Board: [R500]
24.09.2024 09:22:37.723: Series: [R500_0x1]
24.09.2024 09:22:37.723: Modification: [SFP]
24.09.2024 09:22:37.723: Determinate if SET_BUS_DIS is inverted: Inverted (determined from hardware)
25.09.2024 04:29:17.637: ================================================NEW LOG SESSION===================================================
25.09.2024 04:29:17.667: Board: [R500]
25.09.2024 04:29:17.667: Series: [R500_0x1]
25.09.2024 04:29:17.667: Modification: [SFP]
25.09.2024 04:29:17.667: Determinate if SET_BUS_DIS is inverted: Inverted (determined from hardware)
25.09.2024 04:38:20.600: ================================================NEW LOG SESSION===================================================
25.09.2024 04:38:20.633: Board: [R500]
25.09.2024 04:38:20.633: Series: [R500_0x1]
25.09.2024 04:38:20.633: Modification: [SFP]
25.09.2024 04:38:20.633: Determinate if SET_BUS_DIS is inverted: Inverted (determined from hardware)
26.09.2024 04:27:03.706: ================================================NEW LOG SESSION===================================================
26.09.2024 04:27:03.728: Board: [R500]
26.09.2024 04:27:03.728: Series: [R500_0x1]
26.09.2024 04:27:03.728: Modification: [SFP]
26.09.2024 04:27:03.728: Determinate if SET_BUS_DIS is inverted: Inverted (determined from hardware)
30.09.2024 06:43:25.574: ================================================NEW LOG SESSION===================================================
30.09.2024 06:43:25.599: Board: [R500]
30.09.2024 06:43:25.599: Series: [R500_0x1]
30.09.2024 06:43:25.599: Modification: [SFP]
30.09.2024 06:43:25.599: Determinate if SET_BUS_DIS is inverted: Inverted (determined from hardware)
30.09.2024 06:46:48.706: ================================================NEW LOG SESSION===================================================
30.09.2024 06:46:48.729: Board: [R500]
30.09.2024 06:46:48.729: Series: [R500_0x1]
30.09.2024 06:46:48.729: Modification: [SFP]
30.09.2024 06:46:48.729: Determinate if SET_BUS_DIS is inverted: Inverted (determined from hardware)
30.09.2024 06:57:55.670: ================================================NEW LOG SESSION===================================================
30.09.2024 06:57:55.702: Board: [R500]
30.09.2024 06:57:55.702: Series: [R500_0x1]
30.09.2024 06:57:55.702: Modification: [SFP]
30.09.2024 06:57:55.702: Determinate if SET_BUS_DIS is inverted: Inverted (determined from hardware)
30.09.2024 08:49:05.610: ================================================NEW LOG SESSION===================================================
30.09.2024 08:49:05.635: Board: [R500]
30.09.2024 08:49:05.635: Series: [R500_0x1]
30.09.2024 08:49:05.635: Modification: [SFP]
30.09.2024 08:49:05.635: Determinate if SET_BUS_DIS is inverted: Inverted (determined from hardware)
30.09.2024 08:51:10.676: ================================================NEW LOG SESSION===================================================
30.09.2024 08:51:10.694: Board: [R500]
30.09.2024 08:51:10.694: Series: [R500_0x1]
30.09.2024 08:51:10.694: Modification: [SFP]
30.09.2024 08:51:10.694: Determinate if SET_BUS_DIS is inverted: Inverted (determined from hardware)
30.09.2024 11:58:29.589: ================================================NEW LOG SESSION===================================================
30.09.2024 11:58:29.620: Board: [R500]
30.09.2024 11:58:29.620: Series: [R500_0x1]
30.09.2024 11:58:29.620: Modification: [SFP]
30.09.2024 11:58:29.620: Determinate if SET_BUS_DIS is inverted: Inverted (determined from hardware)
01.10.2024 08:38:19.707: ================================================NEW LOG SESSION===================================================
01.10.2024 08:38:19.734: Board: [R500]
01.10.2024 08:38:19.734: Series: [R500_0x1]
01.10.2024 08:38:19.734: Modification: [SFP]
01.10.2024 08:38:19.734: Determinate if SET_BUS_DIS is inverted: Inverted (determined from hardware)
01.10.2024 08:40:11.559: ================================================NEW LOG SESSION===================================================
01.10.2024 08:40:11.596: Board: [R500]
01.10.2024 08:40:11.596: Series: [R500_0x1]
01.10.2024 08:40:11.596: Modification: [SFP]
01.10.2024 08:40:11.596: Determinate if SET_BUS_DIS is inverted: Inverted (determined from hardware)
01.10.2024 08:43:01.684: ================================================NEW LOG SESSION===================================================
01.10.2024 08:43:01.710: Board: [R500]
01.10.2024 08:43:01.710: Series: [R500_0x1]
01.10.2024 08:43:01.710: Modification: [SFP]
01.10.2024 08:43:01.710: Determinate if SET_BUS_DIS is inverted: Inverted (determined from hardware)
02.10.2024 11:51:28.715: ================================================NEW LOG SESSION===================================================
02.10.2024 11:51:28.737: Board: [R500]
02.10.2024 11:51:28.737: Series: [R500_0x1]
02.10.2024 11:51:28.737: Modification: [SFP]
02.10.2024 11:51:28.737: Determinate if SET_BUS_DIS is inverted: Inverted (determined from hardware)
03.10.2024 04:48:15.610: ================================================NEW LOG SESSION===================================================
03.10.2024 04:48:15.635: Board: [R500]
03.10.2024 04:48:15.635: Series: [R500_0x1]
03.10.2024 04:48:15.635: Modification: [SFP]
03.10.2024 04:48:15.635: Determinate if SET_BUS_DIS is inverted: Inverted (determined from hardware)
04.10.2024 04:27:34.661: ================================================NEW LOG SESSION===================================================
04.10.2024 04:27:34.688: Board: [R500]
04.10.2024 04:27:34.688: Series: [R500_0x1]
04.10.2024 04:27:34.688: Modification: [SFP]
04.10.2024 04:27:34.688: Determinate if SET_BUS_DIS is inverted: Inverted (determined from hardware)
