25.04.2024 04:58:50.445: ================================================NEW LOG SESSION===================================================
25.04.2024 09:58:50.445: Hart Master Mux (DHUB):  [main:74] Read settings from runtime.cfg fail!
25.04.2024 09:58:50.462: Hart Master Mux (DHUB):  [main:85] Build date/time: Mar  7 2024 18:35:53
25.04.2024 09:58:50.503: Hart Master Mux (DHUB):  [main:93] HART Master multiplexer + RHCP server started
08.05.2024 08:13:27.521: ================================================NEW LOG SESSION===================================================
08.05.2024 08:13:27.521: Hart Master Mux (DHUB):  [main:74] Read settings from runtime.cfg fail!
08.05.2024 08:13:27.533: Hart Master Mux (DHUB):  [main:85] Build date/time: Mar  7 2024 18:35:53
08.05.2024 08:13:27.546: Hart Master Mux (DHUB):  [main:93] HART Master multiplexer + RHCP server started
13.05.2024 04:26:35.909: ================================================NEW LOG SESSION===================================================
13.05.2024 04:26:35.909: Hart Master Mux (DHUB):  [main:74] Read settings from runtime.cfg fail!
13.05.2024 04:26:35.928: Hart Master Mux (DHUB):  [main:85] Build date/time: Mar  7 2024 18:35:53
13.05.2024 04:26:35.963: Hart Master Mux (DHUB):  [main:93] HART Master multiplexer + RHCP server started
13.05.2024 04:48:49.100: ================================================NEW LOG SESSION===================================================
13.05.2024 04:48:49.100: Hart Master Mux (DHUB):  [main:74] Read settings from runtime.cfg fail!
13.05.2024 04:48:49.109: Hart Master Mux (DHUB):  [main:85] Build date/time: Mar  7 2024 18:35:53
13.05.2024 04:48:49.149: Hart Master Mux (DHUB):  [main:93] HART Master multiplexer + RHCP server started
13.05.2024 04:55:15.336: ================================================END LOG SESSION===================================================
13.05.2024 04:56:18.801: ================================================NEW LOG SESSION===================================================
13.05.2024 04:56:18.801: Hart Master Mux (DHUB):  [main:74] Read settings from runtime.cfg fail!
13.05.2024 04:56:18.816: Hart Master Mux (DHUB):  [main:85] Build date/time: Mar  7 2024 18:35:53
13.05.2024 04:56:18.826: Hart Master Mux (DHUB):  [main:93] HART Master multiplexer + RHCP server started
13.05.2024 05:29:30.835: ================================================NEW LOG SESSION===================================================
13.05.2024 05:29:30.835: Hart Master Mux (DHUB):  [main:74] Read settings from runtime.cfg fail!
13.05.2024 05:29:30.853: Hart Master Mux (DHUB):  [main:85] Build date/time: Mar  7 2024 18:35:53
13.05.2024 05:29:30.868: Hart Master Mux (DHUB):  [main:93] HART Master multiplexer + RHCP server started
13.05.2024 05:59:52.742: ================================================NEW LOG SESSION===================================================
13.05.2024 05:59:52.742: Hart Master Mux (DHUB):  [main:74] Read settings from runtime.cfg fail!
13.05.2024 05:59:52.752: Hart Master Mux (DHUB):  [main:85] Build date/time: Mar  7 2024 18:35:53
13.05.2024 05:59:52.762: Hart Master Mux (DHUB):  [main:93] HART Master multiplexer + RHCP server started
13.05.2024 06:30:44.511: ================================================NEW LOG SESSION===================================================
13.05.2024 06:30:44.511: Hart Master Mux (DHUB):  [main:74] Read settings from runtime.cfg fail!
13.05.2024 06:30:44.523: Hart Master Mux (DHUB):  [main:85] Build date/time: Mar  7 2024 18:35:53
13.05.2024 06:30:44.537: Hart Master Mux (DHUB):  [main:93] HART Master multiplexer + RHCP server started
14.05.2024 04:00:13.769: ================================================NEW LOG SESSION===================================================
14.05.2024 04:00:13.769: Hart Master Mux (DHUB):  [main:74] Read settings from runtime.cfg fail!
14.05.2024 04:00:13.780: Hart Master Mux (DHUB):  [main:85] Build date/time: Mar  7 2024 18:35:53
14.05.2024 04:00:13.787: Hart Master Mux (DHUB):  [main:93] HART Master multiplexer + RHCP server started
14.05.2024 04:13:10.651: ================================================NEW LOG SESSION===================================================
14.05.2024 04:13:10.651: Hart Master Mux (DHUB):  [main:74] Read settings from runtime.cfg fail!
14.05.2024 04:13:10.674: Hart Master Mux (DHUB):  [main:85] Build date/time: Mar  7 2024 18:35:53
14.05.2024 04:13:10.691: Hart Master Mux (DHUB):  [main:93] HART Master multiplexer + RHCP server started
14.05.2024 04:26:46.461: ================================================NEW LOG SESSION===================================================
14.05.2024 04:26:46.461: Hart Master Mux (DHUB):  [main:74] Read settings from runtime.cfg fail!
14.05.2024 04:26:46.474: Hart Master Mux (DHUB):  [main:85] Build date/time: Mar  7 2024 18:35:53
14.05.2024 04:26:46.492: Hart Master Mux (DHUB):  [main:93] HART Master multiplexer + RHCP server started
14.05.2024 06:29:45.372: ================================================END LOG SESSION===================================================
14.05.2024 06:30:28.659: ================================================NEW LOG SESSION===================================================
14.05.2024 06:30:28.659: Hart Master Mux (DHUB):  [main:74] Read settings from runtime.cfg fail!
14.05.2024 06:30:28.683: Hart Master Mux (DHUB):  [main:85] Build date/time: Mar  7 2024 18:35:53
14.05.2024 06:30:28.903: Hart Master Mux (DHUB):  [main:93] HART Master multiplexer + RHCP server started
14.05.2024 06:51:16.158: ================================================NEW LOG SESSION===================================================
14.05.2024 06:51:16.158: Hart Master Mux (DHUB):  [main:74] Read settings from runtime.cfg fail!
14.05.2024 06:51:16.233: Hart Master Mux (DHUB):  [main:85] Build date/time: Mar  7 2024 18:35:53
14.05.2024 06:51:16.352: Hart Master Mux (DHUB):  [main:93] HART Master multiplexer + RHCP server started
14.05.2024 07:31:54.799: ================================================NEW LOG SESSION===================================================
14.05.2024 07:31:54.799: Hart Master Mux (DHUB):  [main:74] Read settings from runtime.cfg fail!
14.05.2024 07:31:54.823: Hart Master Mux (DHUB):  [main:85] Build date/time: Mar  7 2024 18:35:53
14.05.2024 07:31:54.845: Hart Master Mux (DHUB):  [main:93] HART Master multiplexer + RHCP server started
14.05.2024 08:13:20.252: ================================================NEW LOG SESSION===================================================
14.05.2024 08:13:20.252: Hart Master Mux (DHUB):  [main:74] Read settings from runtime.cfg fail!
14.05.2024 08:13:20.262: Hart Master Mux (DHUB):  [main:85] Build date/time: Mar  7 2024 18:35:53
14.05.2024 08:13:20.275: Hart Master Mux (DHUB):  [main:93] HART Master multiplexer + RHCP server started
14.05.2024 09:00:08.498: ================================================NEW LOG SESSION===================================================
14.05.2024 09:00:08.498: Hart Master Mux (DHUB):  [main:74] Read settings from runtime.cfg fail!
14.05.2024 09:00:08.510: Hart Master Mux (DHUB):  [main:85] Build date/time: Mar  7 2024 18:35:53
14.05.2024 09:00:08.524: Hart Master Mux (DHUB):  [main:93] HART Master multiplexer + RHCP server started
14.05.2024 09:15:37.482: ================================================NEW LOG SESSION===================================================
14.05.2024 09:15:37.482: Hart Master Mux (DHUB):  [main:74] Read settings from runtime.cfg fail!
14.05.2024 09:15:37.490: Hart Master Mux (DHUB):  [main:85] Build date/time: Mar  7 2024 18:35:53
14.05.2024 09:15:37.524: Hart Master Mux (DHUB):  [main:93] HART Master multiplexer + RHCP server started
14.05.2024 09:37:53.319: ================================================NEW LOG SESSION===================================================
14.05.2024 09:37:53.318: Hart Master Mux (DHUB):  [main:74] Read settings from runtime.cfg fail!
14.05.2024 09:37:53.335: Hart Master Mux (DHUB):  [main:85] Build date/time: Mar  7 2024 18:35:53
14.05.2024 09:37:53.431: Hart Master Mux (DHUB):  [main:93] HART Master multiplexer + RHCP server started
14.05.2024 10:02:22.822: ================================================NEW LOG SESSION===================================================
14.05.2024 10:02:22.822: Hart Master Mux (DHUB):  [main:74] Read settings from runtime.cfg fail!
14.05.2024 10:02:22.849: Hart Master Mux (DHUB):  [main:85] Build date/time: Mar  7 2024 18:35:53
14.05.2024 10:02:22.877: Hart Master Mux (DHUB):  [main:93] HART Master multiplexer + RHCP server started
14.05.2024 10:39:19.129: ================================================END LOG SESSION===================================================
14.05.2024 10:40:02.903: ================================================NEW LOG SESSION===================================================
14.05.2024 10:40:02.903: Hart Master Mux (DHUB):  [main:74] Read settings from runtime.cfg fail!
14.05.2024 10:40:02.918: Hart Master Mux (DHUB):  [main:85] Build date/time: Mar  7 2024 18:35:53
14.05.2024 10:40:02.932: Hart Master Mux (DHUB):  [main:93] HART Master multiplexer + RHCP server started
15.05.2024 05:26:23.781: ================================================NEW LOG SESSION===================================================
15.05.2024 05:26:23.781: Hart Master Mux (DHUB):  [main:74] Read settings from runtime.cfg fail!
15.05.2024 05:26:23.795: Hart Master Mux (DHUB):  [main:85] Build date/time: Mar  7 2024 18:35:53
15.05.2024 05:26:23.804: Hart Master Mux (DHUB):  [main:93] HART Master multiplexer + RHCP server started
15.05.2024 05:45:02.629: ================================================NEW LOG SESSION===================================================
15.05.2024 05:45:02.629: Hart Master Mux (DHUB):  [main:74] Read settings from runtime.cfg fail!
15.05.2024 05:45:02.642: Hart Master Mux (DHUB):  [main:85] Build date/time: Mar  7 2024 18:35:53
15.05.2024 05:45:02.652: Hart Master Mux (DHUB):  [main:93] HART Master multiplexer + RHCP server started
15.05.2024 07:36:37.551: ================================================NEW LOG SESSION===================================================
15.05.2024 07:36:37.551: Hart Master Mux (DHUB):  [main:74] Read settings from runtime.cfg fail!
15.05.2024 07:36:37.570: Hart Master Mux (DHUB):  [main:85] Build date/time: Mar  7 2024 18:35:53
15.05.2024 07:36:37.582: Hart Master Mux (DHUB):  [main:93] HART Master multiplexer + RHCP server started
15.05.2024 08:41:27.809: ================================================NEW LOG SESSION===================================================
15.05.2024 08:41:27.809: Hart Master Mux (DHUB):  [main:74] Read settings from runtime.cfg fail!
15.05.2024 08:41:27.818: Hart Master Mux (DHUB):  [main:85] Build date/time: Mar  7 2024 18:35:53
15.05.2024 08:41:27.828: Hart Master Mux (DHUB):  [main:93] HART Master multiplexer + RHCP server started
15.05.2024 08:49:09.853: ================================================NEW LOG SESSION===================================================
15.05.2024 08:49:09.853: Hart Master Mux (DHUB):  [main:74] Read settings from runtime.cfg fail!
15.05.2024 08:49:09.873: Hart Master Mux (DHUB):  [main:85] Build date/time: Mar  7 2024 18:35:53
15.05.2024 08:49:09.881: Hart Master Mux (DHUB):  [main:93] HART Master multiplexer + RHCP server started
15.05.2024 10:59:14.801: ================================================NEW LOG SESSION===================================================
15.05.2024 10:59:14.801: Hart Master Mux (DHUB):  [main:74] Read settings from runtime.cfg fail!
15.05.2024 10:59:14.811: Hart Master Mux (DHUB):  [main:85] Build date/time: Mar  7 2024 18:35:53
15.05.2024 10:59:14.820: Hart Master Mux (DHUB):  [main:93] HART Master multiplexer + RHCP server started
16.05.2024 10:47:06.765: ================================================NEW LOG SESSION===================================================
16.05.2024 10:47:06.765: Hart Master Mux (DHUB):  [main:74] Read settings from runtime.cfg fail!
16.05.2024 10:47:06.774: Hart Master Mux (DHUB):  [main:85] Build date/time: Mar  7 2024 18:35:53
16.05.2024 10:47:06.783: Hart Master Mux (DHUB):  [main:93] HART Master multiplexer + RHCP server started
16.05.2024 13:23:16.164: ================================================END LOG SESSION===================================================
16.05.2024 13:24:01.756: ================================================NEW LOG SESSION===================================================
16.05.2024 13:24:01.756: Hart Master Mux (DHUB):  [main:74] Read settings from runtime.cfg fail!
16.05.2024 13:24:01.767: Hart Master Mux (DHUB):  [main:85] Build date/time: Mar  7 2024 18:35:53
16.05.2024 13:24:01.777: Hart Master Mux (DHUB):  [main:93] HART Master multiplexer + RHCP server started
20.05.2024 05:27:25.745: ================================================NEW LOG SESSION===================================================
20.05.2024 05:27:25.745: Hart Master Mux (DHUB):  [main:74] Read settings from runtime.cfg fail!
20.05.2024 05:27:25.758: Hart Master Mux (DHUB):  [main:85] Build date/time: Mar  7 2024 18:35:53
20.05.2024 05:27:25.769: Hart Master Mux (DHUB):  [main:93] HART Master multiplexer + RHCP server started
20.05.2024 07:31:54.894: ================================================NEW LOG SESSION===================================================
20.05.2024 07:31:54.894: Hart Master Mux (DHUB):  [main:74] Read settings from runtime.cfg fail!
20.05.2024 07:31:54.902: Hart Master Mux (DHUB):  [main:85] Build date/time: Mar  7 2024 18:35:53
20.05.2024 07:31:54.908: Hart Master Mux (DHUB):  [main:93] HART Master multiplexer + RHCP server started
20.05.2024 10:44:25.739: ================================================NEW LOG SESSION===================================================
20.05.2024 10:44:25.739: Hart Master Mux (DHUB):  [main:74] Read settings from runtime.cfg fail!
20.05.2024 10:44:25.751: Hart Master Mux (DHUB):  [main:85] Build date/time: Mar  7 2024 18:35:53
20.05.2024 10:44:25.762: Hart Master Mux (DHUB):  [main:93] HART Master multiplexer + RHCP server started
04.09.2024 09:52:23.610: ================================================NEW LOG SESSION===================================================
04.09.2024 09:52:23.610: Hart Master Mux (DHUB):  [main:74] Read settings from runtime.cfg fail!
04.09.2024 09:52:23.616: Hart Master Mux (DHUB):  [main:85] Build date/time: Mar  7 2024 18:35:53
04.09.2024 09:52:23.631: Hart Master Mux (DHUB):  [main:93] HART Master multiplexer + RHCP server started
05.09.2024 04:52:26.751: ================================================NEW LOG SESSION===================================================
05.09.2024 04:52:26.751: Hart Master Mux (DHUB):  [main:74] Read settings from runtime.cfg fail!
05.09.2024 04:52:26.759: Hart Master Mux (DHUB):  [main:85] Build date/time: Mar  7 2024 18:35:53
05.09.2024 04:52:26.768: Hart Master Mux (DHUB):  [main:93] HART Master multiplexer + RHCP server started
09.09.2024 10:29:25.016: ================================================NEW LOG SESSION===================================================
09.09.2024 10:29:25.016: Hart Master Mux (DHUB):  [main:74] Read settings from runtime.cfg fail!
09.09.2024 10:29:25.028: Hart Master Mux (DHUB):  [main:85] Build date/time: Mar  7 2024 18:35:53
09.09.2024 10:29:25.037: Hart Master Mux (DHUB):  [main:93] HART Master multiplexer + RHCP server started
09.09.2024 12:31:18.232: ================================================NEW LOG SESSION===================================================
09.09.2024 12:31:18.232: Hart Master Mux (DHUB):  [main:74] Read settings from runtime.cfg fail!
09.09.2024 12:31:18.306: Hart Master Mux (DHUB):  [main:85] Build date/time: Mar  7 2024 18:35:53
09.09.2024 12:31:18.373: Hart Master Mux (DHUB):  [main:93] HART Master multiplexer + RHCP server started
10.09.2024 04:37:45.778: ================================================NEW LOG SESSION===================================================
10.09.2024 04:37:45.778: Hart Master Mux (DHUB):  [main:74] Read settings from runtime.cfg fail!
10.09.2024 04:37:45.795: Hart Master Mux (DHUB):  [main:85] Build date/time: Mar  7 2024 18:35:53
10.09.2024 04:37:45.806: Hart Master Mux (DHUB):  [main:93] HART Master multiplexer + RHCP server started
11.09.2024 04:42:36.158: ================================================NEW LOG SESSION===================================================
11.09.2024 04:42:36.158: Hart Master Mux (DHUB):  [main:74] Read settings from runtime.cfg fail!
11.09.2024 04:42:36.169: Hart Master Mux (DHUB):  [main:85] Build date/time: Mar  7 2024 18:35:53
11.09.2024 04:42:36.184: Hart Master Mux (DHUB):  [main:93] HART Master multiplexer + RHCP server started
12.09.2024 04:38:03.997: ================================================NEW LOG SESSION===================================================
12.09.2024 04:38:03.997: Hart Master Mux (DHUB):  [main:74] Read settings from runtime.cfg fail!
12.09.2024 04:38:04.013: Hart Master Mux (DHUB):  [main:85] Build date/time: Mar  7 2024 18:35:53
12.09.2024 04:38:04.023: Hart Master Mux (DHUB):  [main:93] HART Master multiplexer + RHCP server started
13.09.2024 04:52:37.600: ================================================NEW LOG SESSION===================================================
13.09.2024 04:52:37.600: Hart Master Mux (DHUB):  [main:74] Read settings from runtime.cfg fail!
13.09.2024 04:52:37.615: Hart Master Mux (DHUB):  [main:85] Build date/time: Mar  7 2024 18:35:53
13.09.2024 04:52:37.671: Hart Master Mux (DHUB):  [main:93] HART Master multiplexer + RHCP server started
17.09.2024 04:32:02.417: ================================================NEW LOG SESSION===================================================
17.09.2024 04:32:02.417: Hart Master Mux (DHUB):  [main:74] Read settings from runtime.cfg fail!
17.09.2024 04:32:02.427: Hart Master Mux (DHUB):  [main:85] Build date/time: Mar  7 2024 18:35:53
17.09.2024 04:32:02.436: Hart Master Mux (DHUB):  [main:93] HART Master multiplexer + RHCP server started
18.09.2024 04:38:32.970: ================================================NEW LOG SESSION===================================================
18.09.2024 04:38:32.970: Hart Master Mux (DHUB):  [main:74] Read settings from runtime.cfg fail!
18.09.2024 04:38:32.985: Hart Master Mux (DHUB):  [main:85] Build date/time: Mar  7 2024 18:35:53
18.09.2024 04:38:32.999: Hart Master Mux (DHUB):  [main:93] HART Master multiplexer + RHCP server started
19.09.2024 04:38:24.363: ================================================NEW LOG SESSION===================================================
19.09.2024 04:38:24.363: Hart Master Mux (DHUB):  [main:74] Read settings from runtime.cfg fail!
19.09.2024 04:38:24.400: Hart Master Mux (DHUB):  [main:85] Build date/time: Mar  7 2024 18:35:53
19.09.2024 04:38:24.413: Hart Master Mux (DHUB):  [main:93] HART Master multiplexer + RHCP server started
20.09.2024 04:43:31.439: ================================================NEW LOG SESSION===================================================
20.09.2024 04:43:31.439: Hart Master Mux (DHUB):  [main:74] Read settings from runtime.cfg fail!
20.09.2024 04:43:31.464: Hart Master Mux (DHUB):  [main:85] Build date/time: Mar  7 2024 18:35:53
20.09.2024 04:43:31.493: Hart Master Mux (DHUB):  [main:93] HART Master multiplexer + RHCP server started
20.09.2024 05:00:03.702: ================================================NEW LOG SESSION===================================================
20.09.2024 05:00:03.702: Hart Master Mux (DHUB):  [main:74] Read settings from runtime.cfg fail!
20.09.2024 05:00:03.720: Hart Master Mux (DHUB):  [main:85] Build date/time: Mar  7 2024 18:35:53
20.09.2024 05:00:03.736: Hart Master Mux (DHUB):  [main:93] HART Master multiplexer + RHCP server started
23.09.2024 07:29:38.256: ================================================NEW LOG SESSION===================================================
23.09.2024 07:29:38.256: Hart Master Mux (DHUB):  [main:74] Read settings from runtime.cfg fail!
23.09.2024 07:29:38.284: Hart Master Mux (DHUB):  [main:85] Build date/time: Mar  7 2024 18:35:53
23.09.2024 07:29:38.349: Hart Master Mux (DHUB):  [main:93] HART Master multiplexer + RHCP server started
23.09.2024 08:12:22.662: ================================================NEW LOG SESSION===================================================
23.09.2024 08:12:22.662: Hart Master Mux (DHUB):  [main:74] Read settings from runtime.cfg fail!
23.09.2024 08:12:22.678: Hart Master Mux (DHUB):  [main:85] Build date/time: Mar  7 2024 18:35:53
23.09.2024 08:12:22.689: Hart Master Mux (DHUB):  [main:93] HART Master multiplexer + RHCP server started
23.09.2024 10:30:34.130: ================================================NEW LOG SESSION===================================================
23.09.2024 10:30:34.129: Hart Master Mux (DHUB):  [main:74] Read settings from runtime.cfg fail!
23.09.2024 10:30:34.151: Hart Master Mux (DHUB):  [main:85] Build date/time: Mar  7 2024 18:35:53
23.09.2024 10:30:34.171: Hart Master Mux (DHUB):  [main:93] HART Master multiplexer + RHCP server started
24.09.2024 04:29:29.436: ================================================NEW LOG SESSION===================================================
24.09.2024 04:29:29.436: Hart Master Mux (DHUB):  [main:74] Read settings from runtime.cfg fail!
24.09.2024 04:29:29.461: Hart Master Mux (DHUB):  [main:85] Build date/time: Mar  7 2024 18:35:53
24.09.2024 04:29:29.480: Hart Master Mux (DHUB):  [main:93] HART Master multiplexer + RHCP server started
24.09.2024 09:22:50.719: ================================================NEW LOG SESSION===================================================
24.09.2024 09:22:50.719: Hart Master Mux (DHUB):  [main:74] Read settings from runtime.cfg fail!
24.09.2024 09:22:50.728: Hart Master Mux (DHUB):  [main:85] Build date/time: Mar  7 2024 18:35:53
24.09.2024 09:22:50.740: Hart Master Mux (DHUB):  [main:93] HART Master multiplexer + RHCP server started
25.09.2024 04:29:30.753: ================================================NEW LOG SESSION===================================================
25.09.2024 04:29:30.753: Hart Master Mux (DHUB):  [main:74] Read settings from runtime.cfg fail!
25.09.2024 04:29:30.768: Hart Master Mux (DHUB):  [main:85] Build date/time: Mar  7 2024 18:35:53
25.09.2024 04:29:30.781: Hart Master Mux (DHUB):  [main:93] HART Master multiplexer + RHCP server started
25.09.2024 04:38:33.857: ================================================NEW LOG SESSION===================================================
25.09.2024 04:38:33.857: Hart Master Mux (DHUB):  [main:74] Read settings from runtime.cfg fail!
25.09.2024 04:38:33.872: Hart Master Mux (DHUB):  [main:85] Build date/time: Mar  7 2024 18:35:53
25.09.2024 04:38:33.883: Hart Master Mux (DHUB):  [main:93] HART Master multiplexer + RHCP server started
26.09.2024 04:27:17.099: ================================================NEW LOG SESSION===================================================
26.09.2024 04:27:17.099: Hart Master Mux (DHUB):  [main:74] Read settings from runtime.cfg fail!
26.09.2024 04:27:17.112: Hart Master Mux (DHUB):  [main:85] Build date/time: Mar  7 2024 18:35:53
26.09.2024 04:27:17.178: Hart Master Mux (DHUB):  [main:93] HART Master multiplexer + RHCP server started
30.09.2024 06:43:38.628: ================================================NEW LOG SESSION===================================================
30.09.2024 06:43:38.628: Hart Master Mux (DHUB):  [main:74] Read settings from runtime.cfg fail!
30.09.2024 06:43:38.638: Hart Master Mux (DHUB):  [main:85] Build date/time: Mar  7 2024 18:35:53
30.09.2024 06:43:38.646: Hart Master Mux (DHUB):  [main:93] HART Master multiplexer + RHCP server started
30.09.2024 06:47:02.133: ================================================NEW LOG SESSION===================================================
30.09.2024 06:47:02.133: Hart Master Mux (DHUB):  [main:74] Read settings from runtime.cfg fail!
30.09.2024 06:47:02.151: Hart Master Mux (DHUB):  [main:85] Build date/time: Mar  7 2024 18:35:53
30.09.2024 06:47:02.231: Hart Master Mux (DHUB):  [main:93] HART Master multiplexer + RHCP server started
30.09.2024 06:58:08.822: ================================================NEW LOG SESSION===================================================
30.09.2024 06:58:08.822: Hart Master Mux (DHUB):  [main:74] Read settings from runtime.cfg fail!
30.09.2024 06:58:08.834: Hart Master Mux (DHUB):  [main:85] Build date/time: Mar  7 2024 18:35:53
30.09.2024 06:58:08.846: Hart Master Mux (DHUB):  [main:93] HART Master multiplexer + RHCP server started
30.09.2024 08:49:18.724: ================================================NEW LOG SESSION===================================================
30.09.2024 08:49:18.724: Hart Master Mux (DHUB):  [main:74] Read settings from runtime.cfg fail!
30.09.2024 08:49:18.738: Hart Master Mux (DHUB):  [main:85] Build date/time: Mar  7 2024 18:35:53
30.09.2024 08:49:18.748: Hart Master Mux (DHUB):  [main:93] HART Master multiplexer + RHCP server started
30.09.2024 08:51:24.113: ================================================NEW LOG SESSION===================================================
30.09.2024 08:51:24.113: Hart Master Mux (DHUB):  [main:74] Read settings from runtime.cfg fail!
30.09.2024 08:51:24.159: Hart Master Mux (DHUB):  [main:85] Build date/time: Mar  7 2024 18:35:53
30.09.2024 08:51:24.189: Hart Master Mux (DHUB):  [main:93] HART Master multiplexer + RHCP server started
30.09.2024 11:58:42.997: ================================================NEW LOG SESSION===================================================
30.09.2024 11:58:42.996: Hart Master Mux (DHUB):  [main:74] Read settings from runtime.cfg fail!
30.09.2024 11:58:43.056: Hart Master Mux (DHUB):  [main:85] Build date/time: Mar  7 2024 18:35:53
30.09.2024 11:58:43.089: Hart Master Mux (DHUB):  [main:93] HART Master multiplexer + RHCP server started
01.10.2024 08:38:32.903: ================================================NEW LOG SESSION===================================================
01.10.2024 08:38:32.903: Hart Master Mux (DHUB):  [main:74] Read settings from runtime.cfg fail!
01.10.2024 08:38:32.913: Hart Master Mux (DHUB):  [main:85] Build date/time: Mar  7 2024 18:35:53
01.10.2024 08:38:32.920: Hart Master Mux (DHUB):  [main:93] HART Master multiplexer + RHCP server started
01.10.2024 08:40:25.223: ================================================NEW LOG SESSION===================================================
01.10.2024 08:40:25.223: Hart Master Mux (DHUB):  [main:74] Read settings from runtime.cfg fail!
01.10.2024 08:40:25.253: Hart Master Mux (DHUB):  [main:85] Build date/time: Mar  7 2024 18:35:53
01.10.2024 08:40:25.316: Hart Master Mux (DHUB):  [main:93] HART Master multiplexer + RHCP server started
01.10.2024 08:43:15.122: ================================================NEW LOG SESSION===================================================
01.10.2024 08:43:15.122: Hart Master Mux (DHUB):  [main:74] Read settings from runtime.cfg fail!
01.10.2024 08:43:15.145: Hart Master Mux (DHUB):  [main:85] Build date/time: Mar  7 2024 18:35:53
01.10.2024 08:43:15.223: Hart Master Mux (DHUB):  [main:93] HART Master multiplexer + RHCP server started
02.10.2024 11:51:39.875: ================================================NEW LOG SESSION===================================================
02.10.2024 15:51:39.875: Hart Master Mux (DHUB):  [main:74] Read settings from runtime.cfg fail!
02.10.2024 15:51:39.886: Hart Master Mux (DHUB):  [main:85] Build date/time: Mar  7 2024 18:35:53
02.10.2024 15:51:39.913: Hart Master Mux (DHUB):  [main:93] HART Master multiplexer + RHCP server started
03.10.2024 04:48:26.529: ================================================NEW LOG SESSION===================================================
03.10.2024 08:48:26.529: Hart Master Mux (DHUB):  [main:74] Read settings from runtime.cfg fail!
03.10.2024 08:48:26.543: Hart Master Mux (DHUB):  [main:85] Build date/time: Mar  7 2024 18:35:53
03.10.2024 08:48:26.602: Hart Master Mux (DHUB):  [main:93] HART Master multiplexer + RHCP server started
04.10.2024 04:27:45.469: ================================================NEW LOG SESSION===================================================
04.10.2024 08:27:45.469: Hart Master Mux (DHUB):  [main:74] Read settings from runtime.cfg fail!
04.10.2024 08:27:45.518: Hart Master Mux (DHUB):  [main:85] Build date/time: Mar  7 2024 18:35:53
04.10.2024 08:27:45.549: Hart Master Mux (DHUB):  [main:93] HART Master multiplexer + RHCP server started
