25.04.2024 04:58:52.124: ================================================NEW LOG SESSION===================================================
25.04.2024 04:58:52.151:  [main:55] Modbus Tcp Slave Dhub Driver. Build date/time: Mar  7 2024 18:37:31
25.04.2024 04:58:52.153:  [main:67] Modbus Tcp Slave Dhub Driver started
08.05.2024 08:13:29.161: ================================================NEW LOG SESSION===================================================
08.05.2024 08:13:29.199:  [main:55] Modbus Tcp Slave Dhub Driver. Build date/time: Mar  7 2024 18:37:31
08.05.2024 08:13:29.202:  [main:67] Modbus Tcp Slave Dhub Driver started
13.05.2024 04:26:37.678: ================================================NEW LOG SESSION===================================================
13.05.2024 04:26:37.718:  [main:55] Modbus Tcp Slave Dhub Driver. Build date/time: Mar  7 2024 18:37:31
13.05.2024 04:26:37.722:  [main:67] Modbus Tcp Slave Dhub Driver started
13.05.2024 04:48:50.675: ================================================NEW LOG SESSION===================================================
13.05.2024 04:48:50.711:  [main:55] Modbus Tcp Slave Dhub Driver. Build date/time: Mar  7 2024 18:37:31
13.05.2024 04:48:50.714:  [main:67] Modbus Tcp Slave Dhub Driver started
13.05.2024 04:55:15.345: ================================================END LOG SESSION===================================================
13.05.2024 04:56:20.605: ================================================NEW LOG SESSION===================================================
13.05.2024 04:56:20.644:  [main:55] Modbus Tcp Slave Dhub Driver. Build date/time: Mar  7 2024 18:37:31
13.05.2024 04:56:20.647:  [main:67] Modbus Tcp Slave Dhub Driver started
13.05.2024 05:29:32.677: ================================================NEW LOG SESSION===================================================
13.05.2024 05:29:32.712:  [main:55] Modbus Tcp Slave Dhub Driver. Build date/time: Mar  7 2024 18:37:31
13.05.2024 05:29:32.715:  [main:67] Modbus Tcp Slave Dhub Driver started
13.05.2024 05:59:54.661: ================================================NEW LOG SESSION===================================================
13.05.2024 05:59:54.697:  [main:55] Modbus Tcp Slave Dhub Driver. Build date/time: Mar  7 2024 18:37:31
13.05.2024 05:59:54.705:  [main:67] Modbus Tcp Slave Dhub Driver started
13.05.2024 06:30:45.693: ================================================NEW LOG SESSION===================================================
13.05.2024 06:30:45.725:  [main:55] Modbus Tcp Slave Dhub Driver. Build date/time: Mar  7 2024 18:37:31
13.05.2024 06:30:45.728:  [main:67] Modbus Tcp Slave Dhub Driver started
13.05.2024 08:34:33.679:  [DeleteAllThreads:143] Modbus TCP Slave Dhub Driver: All devices was deleted
13.05.2024 08:35:33.306:  [DeleteAllThreads:143] Modbus TCP Slave Dhub Driver: All devices was deleted
13.05.2024 08:46:52.767:  [DeleteAllThreads:143] Modbus TCP Slave Dhub Driver: All devices was deleted
13.05.2024 08:59:19.595:  [DeleteAllThreads:143] Modbus TCP Slave Dhub Driver: All devices was deleted
13.05.2024 10:41:37.516:  [DeleteAllThreads:143] Modbus TCP Slave Dhub Driver: All devices was deleted
13.05.2024 10:44:06.349:  [DeleteAllThreads:143] Modbus TCP Slave Dhub Driver: All devices was deleted
13.05.2024 11:14:37.927:  [DeleteAllThreads:143] Modbus TCP Slave Dhub Driver: All devices was deleted
14.05.2024 04:00:15.703: ================================================NEW LOG SESSION===================================================
14.05.2024 04:00:15.746:  [main:55] Modbus Tcp Slave Dhub Driver. Build date/time: Mar  7 2024 18:37:31
14.05.2024 04:00:15.749:  [main:67] Modbus Tcp Slave Dhub Driver started
14.05.2024 04:13:12.530: ================================================NEW LOG SESSION===================================================
14.05.2024 04:13:12.580:  [main:55] Modbus Tcp Slave Dhub Driver. Build date/time: Mar  7 2024 18:37:31
14.05.2024 04:13:12.584:  [main:67] Modbus Tcp Slave Dhub Driver started
14.05.2024 04:26:47.586: ================================================NEW LOG SESSION===================================================
14.05.2024 04:26:47.620:  [main:55] Modbus Tcp Slave Dhub Driver. Build date/time: Mar  7 2024 18:37:31
14.05.2024 04:26:47.624:  [main:67] Modbus Tcp Slave Dhub Driver started
14.05.2024 06:29:40.422:  [DeleteAllThreads:143] Modbus TCP Slave Dhub Driver: All devices was deleted
14.05.2024 06:29:45.429: ================================================END LOG SESSION===================================================
14.05.2024 06:30:30.379: ================================================NEW LOG SESSION===================================================
14.05.2024 06:30:30.423:  [main:55] Modbus Tcp Slave Dhub Driver. Build date/time: Mar  7 2024 18:37:31
14.05.2024 06:30:30.427:  [main:67] Modbus Tcp Slave Dhub Driver started
14.05.2024 06:45:51.678:  [DeleteAllThreads:143] Modbus TCP Slave Dhub Driver: All devices was deleted
14.05.2024 06:51:17.629: ================================================NEW LOG SESSION===================================================
14.05.2024 06:51:17.668:  [main:55] Modbus Tcp Slave Dhub Driver. Build date/time: Mar  7 2024 18:37:31
14.05.2024 06:51:17.671:  [main:67] Modbus Tcp Slave Dhub Driver started
14.05.2024 07:28:27.566:  [DeleteAllThreads:143] Modbus TCP Slave Dhub Driver: All devices was deleted
14.05.2024 07:31:56.575: ================================================NEW LOG SESSION===================================================
14.05.2024 07:31:56.623:  [main:55] Modbus Tcp Slave Dhub Driver. Build date/time: Mar  7 2024 18:37:31
14.05.2024 07:31:56.627:  [main:67] Modbus Tcp Slave Dhub Driver started
14.05.2024 08:13:21.358: ================================================NEW LOG SESSION===================================================
14.05.2024 08:13:21.394:  [main:55] Modbus Tcp Slave Dhub Driver. Build date/time: Mar  7 2024 18:37:31
14.05.2024 08:13:21.398:  [main:67] Modbus Tcp Slave Dhub Driver started
14.05.2024 08:57:08.228:  [DeleteAllThreads:143] Modbus TCP Slave Dhub Driver: All devices was deleted
14.05.2024 09:00:09.628: ================================================NEW LOG SESSION===================================================
14.05.2024 09:00:09.658:  [main:55] Modbus Tcp Slave Dhub Driver. Build date/time: Mar  7 2024 18:37:31
14.05.2024 09:00:09.661:  [main:67] Modbus Tcp Slave Dhub Driver started
14.05.2024 09:12:45.696:  [DeleteAllThreads:143] Modbus TCP Slave Dhub Driver: All devices was deleted
14.05.2024 09:13:39.601:  [DeleteAllThreads:143] Modbus TCP Slave Dhub Driver: All devices was deleted
14.05.2024 09:15:38.974: ================================================NEW LOG SESSION===================================================
14.05.2024 09:15:39.025:  [main:55] Modbus Tcp Slave Dhub Driver. Build date/time: Mar  7 2024 18:37:31
14.05.2024 09:15:39.029:  [main:67] Modbus Tcp Slave Dhub Driver started
14.05.2024 09:19:19.224:  [DeleteAllThreads:143] Modbus TCP Slave Dhub Driver: All devices was deleted
14.05.2024 09:37:54.844: ================================================NEW LOG SESSION===================================================
14.05.2024 09:37:54.874:  [main:55] Modbus Tcp Slave Dhub Driver. Build date/time: Mar  7 2024 18:37:31
14.05.2024 09:37:54.876:  [main:67] Modbus Tcp Slave Dhub Driver started
14.05.2024 09:56:32.995:  [DeleteAllThreads:143] Modbus TCP Slave Dhub Driver: All devices was deleted
14.05.2024 10:02:24.010: ================================================NEW LOG SESSION===================================================
14.05.2024 10:02:24.052:  [main:55] Modbus Tcp Slave Dhub Driver. Build date/time: Mar  7 2024 18:37:31
14.05.2024 10:02:24.054:  [main:67] Modbus Tcp Slave Dhub Driver started
14.05.2024 10:39:14.975:  [DeleteAllThreads:143] Modbus TCP Slave Dhub Driver: All devices was deleted
14.05.2024 10:39:19.144: ================================================END LOG SESSION===================================================
14.05.2024 10:40:04.093: ================================================NEW LOG SESSION===================================================
14.05.2024 10:40:04.130:  [main:55] Modbus Tcp Slave Dhub Driver. Build date/time: Mar  7 2024 18:37:31
14.05.2024 10:40:04.134:  [main:67] Modbus Tcp Slave Dhub Driver started
14.05.2024 12:27:31.011:  [DeleteAllThreads:143] Modbus TCP Slave Dhub Driver: All devices was deleted
15.05.2024 05:23:46.395:  [DeleteAllThreads:143] Modbus TCP Slave Dhub Driver: All devices was deleted
15.05.2024 05:26:25.615: ================================================NEW LOG SESSION===================================================
15.05.2024 05:26:25.640:  [main:55] Modbus Tcp Slave Dhub Driver. Build date/time: Mar  7 2024 18:37:31
15.05.2024 05:26:25.645:  [main:67] Modbus Tcp Slave Dhub Driver started
15.05.2024 05:45:04.509: ================================================NEW LOG SESSION===================================================
15.05.2024 05:45:04.538:  [main:55] Modbus Tcp Slave Dhub Driver. Build date/time: Mar  7 2024 18:37:31
15.05.2024 05:45:04.542:  [main:67] Modbus Tcp Slave Dhub Driver started
15.05.2024 07:36:39.387: ================================================NEW LOG SESSION===================================================
15.05.2024 07:36:39.419:  [main:55] Modbus Tcp Slave Dhub Driver. Build date/time: Mar  7 2024 18:37:31
15.05.2024 07:36:39.422:  [main:67] Modbus Tcp Slave Dhub Driver started
15.05.2024 08:41:29.810: ================================================NEW LOG SESSION===================================================
15.05.2024 08:41:29.834:  [main:55] Modbus Tcp Slave Dhub Driver. Build date/time: Mar  7 2024 18:37:31
15.05.2024 08:41:29.836:  [main:67] Modbus Tcp Slave Dhub Driver started
15.05.2024 08:43:25.386:  [DeleteAllThreads:143] Modbus TCP Slave Dhub Driver: All devices was deleted
15.05.2024 08:49:11.613: ================================================NEW LOG SESSION===================================================
15.05.2024 08:49:11.645:  [main:55] Modbus Tcp Slave Dhub Driver. Build date/time: Mar  7 2024 18:37:31
15.05.2024 08:49:11.647:  [main:67] Modbus Tcp Slave Dhub Driver started
15.05.2024 09:46:14.905:  [DeleteAllThreads:143] Modbus TCP Slave Dhub Driver: All devices was deleted
15.05.2024 10:08:28.292:  [DeleteAllThreads:143] Modbus TCP Slave Dhub Driver: All devices was deleted
15.05.2024 10:50:41.667:  [DeleteAllThreads:143] Modbus TCP Slave Dhub Driver: All devices was deleted
15.05.2024 10:59:16.876: ================================================NEW LOG SESSION===================================================
15.05.2024 10:59:16.940:  [main:55] Modbus Tcp Slave Dhub Driver. Build date/time: Mar  7 2024 18:37:31
15.05.2024 10:59:16.948:  [main:67] Modbus Tcp Slave Dhub Driver started
16.05.2024 10:06:17.424:  [DeleteAllThreads:143] Modbus TCP Slave Dhub Driver: All devices was deleted
16.05.2024 10:47:08.905: ================================================NEW LOG SESSION===================================================
16.05.2024 10:47:08.963:  [main:55] Modbus Tcp Slave Dhub Driver. Build date/time: Mar  7 2024 18:37:31
16.05.2024 10:47:08.966:  [main:67] Modbus Tcp Slave Dhub Driver started
16.05.2024 12:13:15.042:  [DeleteAllThreads:143] Modbus TCP Slave Dhub Driver: All devices was deleted
16.05.2024 13:12:25.556:  [DeleteAllThreads:143] Modbus TCP Slave Dhub Driver: All devices was deleted
16.05.2024 13:23:12.497:  [DeleteAllThreads:143] Modbus TCP Slave Dhub Driver: All devices was deleted
16.05.2024 13:23:16.173: ================================================END LOG SESSION===================================================
16.05.2024 13:24:03.641: ================================================NEW LOG SESSION===================================================
16.05.2024 13:24:03.669:  [main:55] Modbus Tcp Slave Dhub Driver. Build date/time: Mar  7 2024 18:37:31
16.05.2024 13:24:03.673:  [main:67] Modbus Tcp Slave Dhub Driver started
17.05.2024 05:01:16.661:  [DeleteAllThreads:143] Modbus TCP Slave Dhub Driver: All devices was deleted
17.05.2024 10:17:38.980:  [DeleteAllThreads:143] Modbus TCP Slave Dhub Driver: All devices was deleted
20.05.2024 05:06:26.882:  [DeleteAllThreads:143] Modbus TCP Slave Dhub Driver: All devices was deleted
20.05.2024 05:27:27.643: ================================================NEW LOG SESSION===================================================
20.05.2024 05:27:27.681:  [main:55] Modbus Tcp Slave Dhub Driver. Build date/time: Mar  7 2024 18:37:31
20.05.2024 05:27:27.684:  [main:67] Modbus Tcp Slave Dhub Driver started
20.05.2024 07:31:56.825: ================================================NEW LOG SESSION===================================================
20.05.2024 07:31:56.897:  [main:55] Modbus Tcp Slave Dhub Driver. Build date/time: Mar  7 2024 18:37:31
20.05.2024 07:31:56.903:  [main:67] Modbus Tcp Slave Dhub Driver started
20.05.2024 10:44:27.596: ================================================NEW LOG SESSION===================================================
20.05.2024 10:44:27.638:  [main:55] Modbus Tcp Slave Dhub Driver. Build date/time: Mar  7 2024 18:37:31
20.05.2024 10:44:27.641:  [main:67] Modbus Tcp Slave Dhub Driver started
04.09.2024 09:52:25.576: ================================================NEW LOG SESSION===================================================
04.09.2024 09:52:25.614:  [main:55] Modbus Tcp Slave Dhub Driver. Build date/time: Mar  7 2024 18:37:31
04.09.2024 09:52:25.618:  [main:67] Modbus Tcp Slave Dhub Driver started
05.09.2024 04:52:28.703: ================================================NEW LOG SESSION===================================================
05.09.2024 04:52:28.805:  [main:55] Modbus Tcp Slave Dhub Driver. Build date/time: Mar  7 2024 18:37:31
05.09.2024 04:52:28.810:  [main:67] Modbus Tcp Slave Dhub Driver started
09.09.2024 10:29:26.817: ================================================NEW LOG SESSION===================================================
09.09.2024 10:29:26.851:  [main:55] Modbus Tcp Slave Dhub Driver. Build date/time: Mar  7 2024 18:37:31
09.09.2024 10:29:26.853:  [main:67] Modbus Tcp Slave Dhub Driver started
09.09.2024 11:45:25.664:  [DeleteAllThreads:143] Modbus TCP Slave Dhub Driver: All devices was deleted
09.09.2024 12:00:56.024:  [DeleteAllThreads:143] Modbus TCP Slave Dhub Driver: All devices was deleted
09.09.2024 12:31:19.643: ================================================NEW LOG SESSION===================================================
09.09.2024 12:31:19.668:  [main:55] Modbus Tcp Slave Dhub Driver. Build date/time: Mar  7 2024 18:37:31
09.09.2024 12:31:19.670:  [main:67] Modbus Tcp Slave Dhub Driver started
10.09.2024 04:37:47.660: ================================================NEW LOG SESSION===================================================
10.09.2024 04:37:47.685:  [main:55] Modbus Tcp Slave Dhub Driver. Build date/time: Mar  7 2024 18:37:31
10.09.2024 04:37:47.687:  [main:67] Modbus Tcp Slave Dhub Driver started
10.09.2024 05:32:40.429:  [DeleteAllThreads:143] Modbus TCP Slave Dhub Driver: All devices was deleted
10.09.2024 11:19:37.626:  [DeleteAllThreads:143] Modbus TCP Slave Dhub Driver: All devices was deleted
10.09.2024 11:30:23.667:  [DeleteAllThreads:143] Modbus TCP Slave Dhub Driver: All devices was deleted
10.09.2024 11:49:36.449:  [DeleteAllThreads:143] Modbus TCP Slave Dhub Driver: All devices was deleted
11.09.2024 04:42:37.971: ================================================NEW LOG SESSION===================================================
11.09.2024 04:42:38.007:  [main:55] Modbus Tcp Slave Dhub Driver. Build date/time: Mar  7 2024 18:37:31
11.09.2024 04:42:38.009:  [main:67] Modbus Tcp Slave Dhub Driver started
12.09.2024 04:38:05.848: ================================================NEW LOG SESSION===================================================
12.09.2024 04:38:05.886:  [main:55] Modbus Tcp Slave Dhub Driver. Build date/time: Mar  7 2024 18:37:31
12.09.2024 04:38:05.889:  [main:67] Modbus Tcp Slave Dhub Driver started
13.09.2024 04:52:39.087: ================================================NEW LOG SESSION===================================================
13.09.2024 04:52:39.126:  [main:55] Modbus Tcp Slave Dhub Driver. Build date/time: Mar  7 2024 18:37:31
13.09.2024 04:52:39.128:  [main:67] Modbus Tcp Slave Dhub Driver started
17.09.2024 04:32:03.552: ================================================NEW LOG SESSION===================================================
17.09.2024 04:32:03.581:  [main:55] Modbus Tcp Slave Dhub Driver. Build date/time: Mar  7 2024 18:37:31
17.09.2024 04:32:03.589:  [main:67] Modbus Tcp Slave Dhub Driver started
17.09.2024 05:34:41.708:  [DeleteAllThreads:143] Modbus TCP Slave Dhub Driver: All devices was deleted
17.09.2024 09:35:12.703:  [DeleteAllThreads:143] Modbus TCP Slave Dhub Driver: All devices was deleted
17.09.2024 10:27:17.569:  [DeleteAllThreads:143] Modbus TCP Slave Dhub Driver: All devices was deleted
17.09.2024 11:09:03.274:  [DeleteAllThreads:143] Modbus TCP Slave Dhub Driver: All devices was deleted
17.09.2024 11:30:30.668:  [DeleteAllThreads:143] Modbus TCP Slave Dhub Driver: All devices was deleted
17.09.2024 11:59:35.516:  [DeleteAllThreads:143] Modbus TCP Slave Dhub Driver: All devices was deleted
17.09.2024 12:30:28.442:  [DeleteAllThreads:143] Modbus TCP Slave Dhub Driver: All devices was deleted
18.09.2024 04:38:34.849: ================================================NEW LOG SESSION===================================================
18.09.2024 04:38:34.878:  [main:55] Modbus Tcp Slave Dhub Driver. Build date/time: Mar  7 2024 18:37:31
18.09.2024 04:38:34.882:  [main:67] Modbus Tcp Slave Dhub Driver started
18.09.2024 04:47:16.211:  [DeleteAllThreads:143] Modbus TCP Slave Dhub Driver: All devices was deleted
18.09.2024 05:44:28.362:  [DeleteAllThreads:143] Modbus TCP Slave Dhub Driver: All devices was deleted
19.09.2024 04:38:25.704: ================================================NEW LOG SESSION===================================================
19.09.2024 04:38:25.728:  [main:55] Modbus Tcp Slave Dhub Driver. Build date/time: Mar  7 2024 18:37:31
19.09.2024 04:38:25.730:  [main:67] Modbus Tcp Slave Dhub Driver started
19.09.2024 08:55:01.995:  [DeleteAllThreads:143] Modbus TCP Slave Dhub Driver: All devices was deleted
19.09.2024 09:00:07.907:  [DeleteAllThreads:143] Modbus TCP Slave Dhub Driver: All devices was deleted
19.09.2024 09:09:19.534:  [DeleteAllThreads:143] Modbus TCP Slave Dhub Driver: All devices was deleted
19.09.2024 09:28:02.060:  [DeleteAllThreads:143] Modbus TCP Slave Dhub Driver: All devices was deleted
19.09.2024 09:46:34.102:  [DeleteAllThreads:143] Modbus TCP Slave Dhub Driver: All devices was deleted
20.09.2024 04:43:32.731: ================================================NEW LOG SESSION===================================================
20.09.2024 04:43:32.771:  [main:55] Modbus Tcp Slave Dhub Driver. Build date/time: Mar  7 2024 18:37:31
20.09.2024 04:43:32.773:  [main:67] Modbus Tcp Slave Dhub Driver started
20.09.2024 04:52:27.346:  [DeleteAllThreads:143] Modbus TCP Slave Dhub Driver: All devices was deleted
20.09.2024 05:00:05.590: ================================================NEW LOG SESSION===================================================
20.09.2024 05:00:05.619:  [main:55] Modbus Tcp Slave Dhub Driver. Build date/time: Mar  7 2024 18:37:31
20.09.2024 05:00:05.622:  [main:67] Modbus Tcp Slave Dhub Driver started
23.09.2024 07:29:39.591: ================================================NEW LOG SESSION===================================================
23.09.2024 07:29:39.620:  [main:55] Modbus Tcp Slave Dhub Driver. Build date/time: Mar  7 2024 18:37:31
23.09.2024 07:29:39.623:  [main:67] Modbus Tcp Slave Dhub Driver started
23.09.2024 08:11:07.230:  [DeleteAllThreads:143] Modbus TCP Slave Dhub Driver: All devices was deleted
23.09.2024 08:12:24.635: ================================================NEW LOG SESSION===================================================
23.09.2024 08:12:24.676:  [main:55] Modbus Tcp Slave Dhub Driver. Build date/time: Mar  7 2024 18:37:31
23.09.2024 08:12:24.678:  [main:67] Modbus Tcp Slave Dhub Driver started
23.09.2024 10:13:50.362:  [DeleteAllThreads:143] Modbus TCP Slave Dhub Driver: All devices was deleted
23.09.2024 10:30:35.739: ================================================NEW LOG SESSION===================================================
23.09.2024 10:30:35.773:  [main:55] Modbus Tcp Slave Dhub Driver. Build date/time: Mar  7 2024 18:37:31
23.09.2024 10:30:35.777:  [main:67] Modbus Tcp Slave Dhub Driver started
24.09.2024 04:29:30.709: ================================================NEW LOG SESSION===================================================
24.09.2024 04:29:30.753:  [main:55] Modbus Tcp Slave Dhub Driver. Build date/time: Mar  7 2024 18:37:31
24.09.2024 04:29:30.757:  [main:67] Modbus Tcp Slave Dhub Driver started
24.09.2024 08:58:50.413:  [DeleteAllThreads:143] Modbus TCP Slave Dhub Driver: All devices was deleted
24.09.2024 09:22:52.724: ================================================NEW LOG SESSION===================================================
24.09.2024 09:22:52.760:  [main:55] Modbus Tcp Slave Dhub Driver. Build date/time: Mar  7 2024 18:37:31
24.09.2024 09:22:52.763:  [main:67] Modbus Tcp Slave Dhub Driver started
25.09.2024 04:29:32.840: ================================================NEW LOG SESSION===================================================
25.09.2024 04:29:32.909:  [main:55] Modbus Tcp Slave Dhub Driver. Build date/time: Mar  7 2024 18:37:31
25.09.2024 04:29:32.915:  [main:67] Modbus Tcp Slave Dhub Driver started
25.09.2024 04:34:48.433:  [DeleteAllThreads:143] Modbus TCP Slave Dhub Driver: All devices was deleted
25.09.2024 04:38:35.766: ================================================NEW LOG SESSION===================================================
25.09.2024 04:38:35.807:  [main:55] Modbus Tcp Slave Dhub Driver. Build date/time: Mar  7 2024 18:37:31
25.09.2024 04:38:35.810:  [main:67] Modbus Tcp Slave Dhub Driver started
25.09.2024 04:47:23.178:  [DeleteAllThreads:143] Modbus TCP Slave Dhub Driver: All devices was deleted
25.09.2024 05:08:35.326:  [DeleteAllThreads:143] Modbus TCP Slave Dhub Driver: All devices was deleted
25.09.2024 13:40:41.974:  [DeleteAllThreads:143] Modbus TCP Slave Dhub Driver: All devices was deleted
26.09.2024 04:27:18.740: ================================================NEW LOG SESSION===================================================
26.09.2024 04:27:18.772:  [main:55] Modbus Tcp Slave Dhub Driver. Build date/time: Mar  7 2024 18:37:31
26.09.2024 04:27:18.782:  [main:67] Modbus Tcp Slave Dhub Driver started
26.09.2024 04:46:39.137:  [DeleteAllThreads:143] Modbus TCP Slave Dhub Driver: All devices was deleted
26.09.2024 06:57:15.485:  [DeleteAllThreads:143] Modbus TCP Slave Dhub Driver: All devices was deleted
26.09.2024 08:36:15.186:  [DeleteAllThreads:143] Modbus TCP Slave Dhub Driver: All devices was deleted
26.09.2024 11:58:32.038:  [DeleteAllThreads:143] Modbus TCP Slave Dhub Driver: All devices was deleted
26.09.2024 12:09:28.182:  [DeleteAllThreads:143] Modbus TCP Slave Dhub Driver: All devices was deleted
26.09.2024 12:16:04.395:  [DeleteAllThreads:143] Modbus TCP Slave Dhub Driver: All devices was deleted
30.09.2024 06:43:40.693: ================================================NEW LOG SESSION===================================================
30.09.2024 06:43:40.741:  [main:55] Modbus Tcp Slave Dhub Driver. Build date/time: Mar  7 2024 18:37:31
30.09.2024 06:43:40.748:  [main:67] Modbus Tcp Slave Dhub Driver started
30.09.2024 06:47:03.727: ================================================NEW LOG SESSION===================================================
30.09.2024 06:47:03.765:  [main:55] Modbus Tcp Slave Dhub Driver. Build date/time: Mar  7 2024 18:37:31
30.09.2024 06:47:03.769:  [main:67] Modbus Tcp Slave Dhub Driver started
30.09.2024 06:58:10.670: ================================================NEW LOG SESSION===================================================
30.09.2024 06:58:10.706:  [main:55] Modbus Tcp Slave Dhub Driver. Build date/time: Mar  7 2024 18:37:31
30.09.2024 06:58:10.713:  [main:67] Modbus Tcp Slave Dhub Driver started
30.09.2024 08:49:20.581: ================================================NEW LOG SESSION===================================================
30.09.2024 08:49:20.623:  [main:55] Modbus Tcp Slave Dhub Driver. Build date/time: Mar  7 2024 18:37:31
30.09.2024 08:49:20.625:  [main:67] Modbus Tcp Slave Dhub Driver started
30.09.2024 08:51:25.720: ================================================NEW LOG SESSION===================================================
30.09.2024 08:51:25.749:  [main:55] Modbus Tcp Slave Dhub Driver. Build date/time: Mar  7 2024 18:37:31
30.09.2024 08:51:25.753:  [main:67] Modbus Tcp Slave Dhub Driver started
30.09.2024 09:08:21.078:  [DeleteAllThreads:143] Modbus TCP Slave Dhub Driver: All devices was deleted
30.09.2024 09:10:49.243:  [DeleteAllThreads:143] Modbus TCP Slave Dhub Driver: All devices was deleted
30.09.2024 11:58:44.601: ================================================NEW LOG SESSION===================================================
30.09.2024 11:58:44.643:  [main:55] Modbus Tcp Slave Dhub Driver. Build date/time: Mar  7 2024 18:37:31
30.09.2024 11:58:44.657:  [main:67] Modbus Tcp Slave Dhub Driver started
01.10.2024 08:38:35.010: ================================================NEW LOG SESSION===================================================
01.10.2024 08:38:35.047:  [main:55] Modbus Tcp Slave Dhub Driver. Build date/time: Mar  7 2024 18:37:31
01.10.2024 08:38:35.053:  [main:67] Modbus Tcp Slave Dhub Driver started
01.10.2024 08:40:26.618: ================================================NEW LOG SESSION===================================================
01.10.2024 08:40:26.664:  [main:55] Modbus Tcp Slave Dhub Driver. Build date/time: Mar  7 2024 18:37:31
01.10.2024 08:40:26.668:  [main:67] Modbus Tcp Slave Dhub Driver started
01.10.2024 08:43:16.662: ================================================NEW LOG SESSION===================================================
01.10.2024 08:43:16.703:  [main:55] Modbus Tcp Slave Dhub Driver. Build date/time: Mar  7 2024 18:37:31
01.10.2024 08:43:16.712:  [main:67] Modbus Tcp Slave Dhub Driver started
02.10.2024 04:34:22.337:  [DeleteAllThreads:143] Modbus TCP Slave Dhub Driver: All devices was deleted
02.10.2024 11:51:41.488: ================================================NEW LOG SESSION===================================================
02.10.2024 11:51:41.524:  [main:55] Modbus Tcp Slave Dhub Driver. Build date/time: Mar  7 2024 18:37:31
02.10.2024 11:51:41.527:  [main:67] Modbus Tcp Slave Dhub Driver started
03.10.2024 04:48:28.073: ================================================NEW LOG SESSION===================================================
03.10.2024 04:48:28.110:  [main:55] Modbus Tcp Slave Dhub Driver. Build date/time: Mar  7 2024 18:37:31
03.10.2024 04:48:28.116:  [main:67] Modbus Tcp Slave Dhub Driver started
03.10.2024 05:37:03.577:  [DeleteAllThreads:143] Modbus TCP Slave Dhub Driver: All devices was deleted
03.10.2024 05:51:43.306:  [DeleteAllThreads:143] Modbus TCP Slave Dhub Driver: All devices was deleted
03.10.2024 06:44:19.961:  [DeleteAllThreads:143] Modbus TCP Slave Dhub Driver: All devices was deleted
03.10.2024 08:06:36.206:  [DeleteAllThreads:143] Modbus TCP Slave Dhub Driver: All devices was deleted
03.10.2024 11:12:27.165:  [DeleteAllThreads:143] Modbus TCP Slave Dhub Driver: All devices was deleted
04.10.2024 04:24:06.849:  [DeleteAllThreads:143] Modbus TCP Slave Dhub Driver: All devices was deleted
04.10.2024 04:27:47.057: ================================================NEW LOG SESSION===================================================
04.10.2024 04:27:47.087:  [main:55] Modbus Tcp Slave Dhub Driver. Build date/time: Mar  7 2024 18:37:31
04.10.2024 04:27:47.091:  [main:67] Modbus Tcp Slave Dhub Driver started
04.10.2024 08:59:57.482:  [DeleteAllThreads:143] Modbus TCP Slave Dhub Driver: All devices was deleted
04.10.2024 09:30:04.429:  [DeleteAllThreads:143] Modbus TCP Slave Dhub Driver: All devices was deleted
