25.04.2024 04:58:52.014: ================================================NEW LOG SESSION===================================================
25.04.2024 04:58:52.039:  [main:53] Modbus Tcp Master Dhub Driver. Build date/time: Mar  7 2024 18:37:26
25.04.2024 04:58:52.040:  [main:66] Modbus Tcp Master Dhub Driver started
08.05.2024 08:13:29.114: ================================================NEW LOG SESSION===================================================
08.05.2024 08:13:29.145:  [main:53] Modbus Tcp Master Dhub Driver. Build date/time: Mar  7 2024 18:37:26
08.05.2024 08:13:29.147:  [main:66] Modbus Tcp Master Dhub Driver started
13.05.2024 04:26:37.640: ================================================NEW LOG SESSION===================================================
13.05.2024 04:26:37.672:  [main:53] Modbus Tcp Master Dhub Driver. Build date/time: Mar  7 2024 18:37:26
13.05.2024 04:26:37.677:  [main:66] Modbus Tcp Master Dhub Driver started
13.05.2024 04:48:50.586: ================================================NEW LOG SESSION===================================================
13.05.2024 04:48:50.619:  [main:53] Modbus Tcp Master Dhub Driver. Build date/time: Mar  7 2024 18:37:26
13.05.2024 04:48:50.620:  [main:66] Modbus Tcp Master Dhub Driver started
13.05.2024 04:55:15.344: ================================================END LOG SESSION===================================================
13.05.2024 04:56:20.486: ================================================NEW LOG SESSION===================================================
13.05.2024 04:56:20.563:  [main:53] Modbus Tcp Master Dhub Driver. Build date/time: Mar  7 2024 18:37:26
13.05.2024 04:56:20.565:  [main:66] Modbus Tcp Master Dhub Driver started
13.05.2024 05:29:32.613: ================================================NEW LOG SESSION===================================================
13.05.2024 05:29:32.656:  [main:53] Modbus Tcp Master Dhub Driver. Build date/time: Mar  7 2024 18:37:26
13.05.2024 05:29:32.658:  [main:66] Modbus Tcp Master Dhub Driver started
13.05.2024 05:59:54.502: ================================================NEW LOG SESSION===================================================
13.05.2024 05:59:54.540:  [main:53] Modbus Tcp Master Dhub Driver. Build date/time: Mar  7 2024 18:37:26
13.05.2024 05:59:54.544:  [main:66] Modbus Tcp Master Dhub Driver started
13.05.2024 06:30:45.654: ================================================NEW LOG SESSION===================================================
13.05.2024 06:30:45.684:  [main:53] Modbus Tcp Master Dhub Driver. Build date/time: Mar  7 2024 18:37:26
13.05.2024 06:30:45.687:  [main:66] Modbus Tcp Master Dhub Driver started
13.05.2024 08:35:33.311:  [DeleteAllThreads:178] Modbus TCP Master Dhub Driver: All devices was deleted
13.05.2024 08:46:52.770:  [DeleteAllThreads:178] Modbus TCP Master Dhub Driver: All devices was deleted
13.05.2024 08:59:19.598:  [DeleteAllThreads:178] Modbus TCP Master Dhub Driver: All devices was deleted
14.05.2024 04:00:15.542: ================================================NEW LOG SESSION===================================================
14.05.2024 04:00:15.582:  [main:53] Modbus Tcp Master Dhub Driver. Build date/time: Mar  7 2024 18:37:26
14.05.2024 04:00:15.585:  [main:66] Modbus Tcp Master Dhub Driver started
14.05.2024 04:13:12.384: ================================================NEW LOG SESSION===================================================
14.05.2024 04:13:12.411:  [main:53] Modbus Tcp Master Dhub Driver. Build date/time: Mar  7 2024 18:37:26
14.05.2024 04:13:12.412:  [main:66] Modbus Tcp Master Dhub Driver started
14.05.2024 04:26:47.549: ================================================NEW LOG SESSION===================================================
14.05.2024 04:26:47.578:  [main:53] Modbus Tcp Master Dhub Driver. Build date/time: Mar  7 2024 18:37:26
14.05.2024 04:26:47.580:  [main:66] Modbus Tcp Master Dhub Driver started
14.05.2024 06:29:45.420: ================================================END LOG SESSION===================================================
14.05.2024 06:30:30.342: ================================================NEW LOG SESSION===================================================
14.05.2024 06:30:30.371:  [main:53] Modbus Tcp Master Dhub Driver. Build date/time: Mar  7 2024 18:37:26
14.05.2024 06:30:30.374:  [main:66] Modbus Tcp Master Dhub Driver started
14.05.2024 06:51:17.597: ================================================NEW LOG SESSION===================================================
14.05.2024 06:51:17.624:  [main:53] Modbus Tcp Master Dhub Driver. Build date/time: Mar  7 2024 18:37:26
14.05.2024 06:51:17.629:  [main:66] Modbus Tcp Master Dhub Driver started
14.05.2024 07:31:56.538: ================================================NEW LOG SESSION===================================================
14.05.2024 07:31:56.569:  [main:53] Modbus Tcp Master Dhub Driver. Build date/time: Mar  7 2024 18:37:26
14.05.2024 07:31:56.571:  [main:66] Modbus Tcp Master Dhub Driver started
14.05.2024 08:13:21.324: ================================================NEW LOG SESSION===================================================
14.05.2024 08:13:21.351:  [main:53] Modbus Tcp Master Dhub Driver. Build date/time: Mar  7 2024 18:37:26
14.05.2024 08:13:21.355:  [main:66] Modbus Tcp Master Dhub Driver started
14.05.2024 09:00:09.537: ================================================NEW LOG SESSION===================================================
14.05.2024 09:00:09.592:  [main:53] Modbus Tcp Master Dhub Driver. Build date/time: Mar  7 2024 18:37:26
14.05.2024 09:00:09.596:  [main:66] Modbus Tcp Master Dhub Driver started
14.05.2024 09:15:38.894: ================================================NEW LOG SESSION===================================================
14.05.2024 09:15:38.940:  [main:53] Modbus Tcp Master Dhub Driver. Build date/time: Mar  7 2024 18:37:26
14.05.2024 09:15:38.942:  [main:66] Modbus Tcp Master Dhub Driver started
14.05.2024 09:37:54.730: ================================================NEW LOG SESSION===================================================
14.05.2024 09:37:54.780:  [main:53] Modbus Tcp Master Dhub Driver. Build date/time: Mar  7 2024 18:37:26
14.05.2024 09:37:54.782:  [main:66] Modbus Tcp Master Dhub Driver started
14.05.2024 10:02:23.906: ================================================NEW LOG SESSION===================================================
14.05.2024 10:02:23.954:  [main:53] Modbus Tcp Master Dhub Driver. Build date/time: Mar  7 2024 18:37:26
14.05.2024 10:02:23.957:  [main:66] Modbus Tcp Master Dhub Driver started
14.05.2024 10:39:19.142: ================================================END LOG SESSION===================================================
14.05.2024 10:40:04.011: ================================================NEW LOG SESSION===================================================
14.05.2024 10:40:04.067:  [main:53] Modbus Tcp Master Dhub Driver. Build date/time: Mar  7 2024 18:37:26
14.05.2024 10:40:04.069:  [main:66] Modbus Tcp Master Dhub Driver started
15.05.2024 05:26:25.562: ================================================NEW LOG SESSION===================================================
15.05.2024 05:26:25.598:  [main:53] Modbus Tcp Master Dhub Driver. Build date/time: Mar  7 2024 18:37:26
15.05.2024 05:26:25.601:  [main:66] Modbus Tcp Master Dhub Driver started
15.05.2024 05:45:04.450: ================================================NEW LOG SESSION===================================================
15.05.2024 05:45:04.505:  [main:53] Modbus Tcp Master Dhub Driver. Build date/time: Mar  7 2024 18:37:26
15.05.2024 05:45:04.509:  [main:66] Modbus Tcp Master Dhub Driver started
15.05.2024 07:36:39.353: ================================================NEW LOG SESSION===================================================
15.05.2024 07:36:39.389:  [main:53] Modbus Tcp Master Dhub Driver. Build date/time: Mar  7 2024 18:37:26
15.05.2024 07:36:39.391:  [main:66] Modbus Tcp Master Dhub Driver started
15.05.2024 08:41:29.668: ================================================NEW LOG SESSION===================================================
15.05.2024 08:41:29.703:  [main:53] Modbus Tcp Master Dhub Driver. Build date/time: Mar  7 2024 18:37:26
15.05.2024 08:41:29.706:  [main:66] Modbus Tcp Master Dhub Driver started
15.05.2024 08:49:11.592: ================================================NEW LOG SESSION===================================================
15.05.2024 08:49:11.624:  [main:53] Modbus Tcp Master Dhub Driver. Build date/time: Mar  7 2024 18:37:26
15.05.2024 08:49:11.625:  [main:66] Modbus Tcp Master Dhub Driver started
15.05.2024 10:59:16.669: ================================================NEW LOG SESSION===================================================
15.05.2024 10:59:16.724:  [main:53] Modbus Tcp Master Dhub Driver. Build date/time: Mar  7 2024 18:37:26
15.05.2024 10:59:16.727:  [main:66] Modbus Tcp Master Dhub Driver started
16.05.2024 10:47:08.666: ================================================NEW LOG SESSION===================================================
16.05.2024 10:47:08.722:  [main:53] Modbus Tcp Master Dhub Driver. Build date/time: Mar  7 2024 18:37:26
16.05.2024 10:47:08.725:  [main:66] Modbus Tcp Master Dhub Driver started
16.05.2024 13:23:16.172: ================================================END LOG SESSION===================================================
16.05.2024 13:24:03.589: ================================================NEW LOG SESSION===================================================
16.05.2024 13:24:03.626:  [main:53] Modbus Tcp Master Dhub Driver. Build date/time: Mar  7 2024 18:37:26
16.05.2024 13:24:03.639:  [main:66] Modbus Tcp Master Dhub Driver started
20.05.2024 05:27:27.595: ================================================NEW LOG SESSION===================================================
20.05.2024 05:27:27.628:  [main:53] Modbus Tcp Master Dhub Driver. Build date/time: Mar  7 2024 18:37:26
20.05.2024 05:27:27.631:  [main:66] Modbus Tcp Master Dhub Driver started
20.05.2024 07:31:56.670: ================================================NEW LOG SESSION===================================================
20.05.2024 07:31:56.712:  [main:53] Modbus Tcp Master Dhub Driver. Build date/time: Mar  7 2024 18:37:26
20.05.2024 07:31:56.717:  [main:66] Modbus Tcp Master Dhub Driver started
20.05.2024 10:44:27.506: ================================================NEW LOG SESSION===================================================
20.05.2024 10:44:27.550:  [main:53] Modbus Tcp Master Dhub Driver. Build date/time: Mar  7 2024 18:37:26
20.05.2024 10:44:27.552:  [main:66] Modbus Tcp Master Dhub Driver started
04.09.2024 09:52:25.439: ================================================NEW LOG SESSION===================================================
04.09.2024 09:52:25.461:  [main:53] Modbus Tcp Master Dhub Driver. Build date/time: Mar  7 2024 18:37:26
04.09.2024 09:52:25.463:  [main:66] Modbus Tcp Master Dhub Driver started
05.09.2024 04:52:28.579: ================================================NEW LOG SESSION===================================================
05.09.2024 04:52:28.615:  [main:53] Modbus Tcp Master Dhub Driver. Build date/time: Mar  7 2024 18:37:26
05.09.2024 04:52:28.618:  [main:66] Modbus Tcp Master Dhub Driver started
09.09.2024 10:29:26.794: ================================================NEW LOG SESSION===================================================
09.09.2024 10:29:26.827:  [main:53] Modbus Tcp Master Dhub Driver. Build date/time: Mar  7 2024 18:37:26
09.09.2024 10:29:26.829:  [main:66] Modbus Tcp Master Dhub Driver started
09.09.2024 12:31:19.585: ================================================NEW LOG SESSION===================================================
09.09.2024 12:31:19.623:  [main:53] Modbus Tcp Master Dhub Driver. Build date/time: Mar  7 2024 18:37:26
09.09.2024 12:31:19.626:  [main:66] Modbus Tcp Master Dhub Driver started
10.09.2024 04:37:47.548: ================================================NEW LOG SESSION===================================================
10.09.2024 04:37:47.613:  [main:53] Modbus Tcp Master Dhub Driver. Build date/time: Mar  7 2024 18:37:26
10.09.2024 04:37:47.615:  [main:66] Modbus Tcp Master Dhub Driver started
11.09.2024 04:42:37.949: ================================================NEW LOG SESSION===================================================
11.09.2024 04:42:37.982:  [main:53] Modbus Tcp Master Dhub Driver. Build date/time: Mar  7 2024 18:37:26
11.09.2024 04:42:37.984:  [main:66] Modbus Tcp Master Dhub Driver started
12.09.2024 04:38:05.787: ================================================NEW LOG SESSION===================================================
12.09.2024 04:38:05.829:  [main:53] Modbus Tcp Master Dhub Driver. Build date/time: Mar  7 2024 18:37:26
12.09.2024 04:38:05.831:  [main:66] Modbus Tcp Master Dhub Driver started
13.09.2024 04:52:39.046: ================================================NEW LOG SESSION===================================================
13.09.2024 04:52:39.103:  [main:53] Modbus Tcp Master Dhub Driver. Build date/time: Mar  7 2024 18:37:26
13.09.2024 04:52:39.107:  [main:66] Modbus Tcp Master Dhub Driver started
17.09.2024 04:32:03.471: ================================================NEW LOG SESSION===================================================
17.09.2024 04:32:03.525:  [main:53] Modbus Tcp Master Dhub Driver. Build date/time: Mar  7 2024 18:37:26
17.09.2024 04:32:03.528:  [main:66] Modbus Tcp Master Dhub Driver started
18.09.2024 04:38:34.782: ================================================NEW LOG SESSION===================================================
18.09.2024 04:38:34.828:  [main:53] Modbus Tcp Master Dhub Driver. Build date/time: Mar  7 2024 18:37:26
18.09.2024 04:38:34.835:  [main:66] Modbus Tcp Master Dhub Driver started
19.09.2024 04:38:25.600: ================================================NEW LOG SESSION===================================================
19.09.2024 04:38:25.630:  [main:53] Modbus Tcp Master Dhub Driver. Build date/time: Mar  7 2024 18:37:26
19.09.2024 04:38:25.631:  [main:66] Modbus Tcp Master Dhub Driver started
20.09.2024 04:43:32.667: ================================================NEW LOG SESSION===================================================
20.09.2024 04:43:32.708:  [main:53] Modbus Tcp Master Dhub Driver. Build date/time: Mar  7 2024 18:37:26
20.09.2024 04:43:32.710:  [main:66] Modbus Tcp Master Dhub Driver started
20.09.2024 05:00:05.468: ================================================NEW LOG SESSION===================================================
20.09.2024 05:00:05.515:  [main:53] Modbus Tcp Master Dhub Driver. Build date/time: Mar  7 2024 18:37:26
20.09.2024 05:00:05.516:  [main:66] Modbus Tcp Master Dhub Driver started
23.09.2024 07:29:39.483: ================================================NEW LOG SESSION===================================================
23.09.2024 07:29:39.535:  [main:53] Modbus Tcp Master Dhub Driver. Build date/time: Mar  7 2024 18:37:26
23.09.2024 07:29:39.539:  [main:66] Modbus Tcp Master Dhub Driver started
23.09.2024 08:12:24.578: ================================================NEW LOG SESSION===================================================
23.09.2024 08:12:24.626:  [main:53] Modbus Tcp Master Dhub Driver. Build date/time: Mar  7 2024 18:37:26
23.09.2024 08:12:24.633:  [main:66] Modbus Tcp Master Dhub Driver started
23.09.2024 10:30:35.652: ================================================NEW LOG SESSION===================================================
23.09.2024 10:30:35.698:  [main:53] Modbus Tcp Master Dhub Driver. Build date/time: Mar  7 2024 18:37:26
23.09.2024 10:30:35.701:  [main:66] Modbus Tcp Master Dhub Driver started
24.09.2024 04:29:30.610: ================================================NEW LOG SESSION===================================================
24.09.2024 04:29:30.650:  [main:53] Modbus Tcp Master Dhub Driver. Build date/time: Mar  7 2024 18:37:26
24.09.2024 04:29:30.653:  [main:66] Modbus Tcp Master Dhub Driver started
24.09.2024 09:22:52.482: ================================================NEW LOG SESSION===================================================
24.09.2024 09:22:52.531:  [main:53] Modbus Tcp Master Dhub Driver. Build date/time: Mar  7 2024 18:37:26
24.09.2024 09:22:52.537:  [main:66] Modbus Tcp Master Dhub Driver started
25.09.2024 04:29:32.635: ================================================NEW LOG SESSION===================================================
25.09.2024 04:29:32.669:  [main:53] Modbus Tcp Master Dhub Driver. Build date/time: Mar  7 2024 18:37:26
25.09.2024 04:29:32.671:  [main:66] Modbus Tcp Master Dhub Driver started
25.09.2024 04:38:35.725: ================================================NEW LOG SESSION===================================================
25.09.2024 04:38:35.783:  [main:53] Modbus Tcp Master Dhub Driver. Build date/time: Mar  7 2024 18:37:26
25.09.2024 04:38:35.785:  [main:66] Modbus Tcp Master Dhub Driver started
26.09.2024 04:27:18.637: ================================================NEW LOG SESSION===================================================
26.09.2024 04:27:18.683:  [main:53] Modbus Tcp Master Dhub Driver. Build date/time: Mar  7 2024 18:37:26
26.09.2024 04:27:18.685:  [main:66] Modbus Tcp Master Dhub Driver started
30.09.2024 06:43:40.522: ================================================NEW LOG SESSION===================================================
30.09.2024 06:43:40.558:  [main:53] Modbus Tcp Master Dhub Driver. Build date/time: Mar  7 2024 18:37:26
30.09.2024 06:43:40.561:  [main:66] Modbus Tcp Master Dhub Driver started
30.09.2024 06:47:03.666: ================================================NEW LOG SESSION===================================================
30.09.2024 06:47:03.706:  [main:53] Modbus Tcp Master Dhub Driver. Build date/time: Mar  7 2024 18:37:26
30.09.2024 06:47:03.708:  [main:66] Modbus Tcp Master Dhub Driver started
30.09.2024 06:58:10.653: ================================================NEW LOG SESSION===================================================
30.09.2024 06:58:10.689:  [main:53] Modbus Tcp Master Dhub Driver. Build date/time: Mar  7 2024 18:37:26
30.09.2024 06:58:10.691:  [main:66] Modbus Tcp Master Dhub Driver started
30.09.2024 08:49:20.568: ================================================NEW LOG SESSION===================================================
30.09.2024 08:49:20.620:  [main:53] Modbus Tcp Master Dhub Driver. Build date/time: Mar  7 2024 18:37:26
30.09.2024 08:49:20.623:  [main:66] Modbus Tcp Master Dhub Driver started
30.09.2024 08:51:25.616: ================================================NEW LOG SESSION===================================================
30.09.2024 08:51:25.662:  [main:53] Modbus Tcp Master Dhub Driver. Build date/time: Mar  7 2024 18:37:26
30.09.2024 08:51:25.664:  [main:66] Modbus Tcp Master Dhub Driver started
30.09.2024 11:58:44.511: ================================================NEW LOG SESSION===================================================
30.09.2024 11:58:44.534:  [main:53] Modbus Tcp Master Dhub Driver. Build date/time: Mar  7 2024 18:37:26
30.09.2024 11:58:44.535:  [main:66] Modbus Tcp Master Dhub Driver started
01.10.2024 08:38:34.874: ================================================NEW LOG SESSION===================================================
01.10.2024 08:38:34.896:  [main:53] Modbus Tcp Master Dhub Driver. Build date/time: Mar  7 2024 18:37:26
01.10.2024 08:38:34.897:  [main:66] Modbus Tcp Master Dhub Driver started
01.10.2024 08:40:26.552: ================================================NEW LOG SESSION===================================================
01.10.2024 08:40:26.596:  [main:53] Modbus Tcp Master Dhub Driver. Build date/time: Mar  7 2024 18:37:26
01.10.2024 08:40:26.599:  [main:66] Modbus Tcp Master Dhub Driver started
01.10.2024 08:43:16.593: ================================================NEW LOG SESSION===================================================
01.10.2024 08:43:16.645:  [main:53] Modbus Tcp Master Dhub Driver. Build date/time: Mar  7 2024 18:37:26
01.10.2024 08:43:16.660:  [main:66] Modbus Tcp Master Dhub Driver started
02.10.2024 11:51:41.326: ================================================NEW LOG SESSION===================================================
02.10.2024 11:51:41.431:  [main:53] Modbus Tcp Master Dhub Driver. Build date/time: Mar  7 2024 18:37:26
02.10.2024 11:51:41.433:  [main:66] Modbus Tcp Master Dhub Driver started
03.10.2024 04:48:27.961: ================================================NEW LOG SESSION===================================================
03.10.2024 04:48:28.004:  [main:53] Modbus Tcp Master Dhub Driver. Build date/time: Mar  7 2024 18:37:26
03.10.2024 04:48:28.009:  [main:66] Modbus Tcp Master Dhub Driver started
04.10.2024 04:27:46.946: ================================================NEW LOG SESSION===================================================
04.10.2024 04:27:46.978:  [main:53] Modbus Tcp Master Dhub Driver. Build date/time: Mar  7 2024 18:37:26
04.10.2024 04:27:46.980:  [main:66] Modbus Tcp Master Dhub Driver started
