25.04.2024 04:58:51.524: ================================================NEW LOG SESSION===================================================
25.04.2024 04:58:51.750: OPC UA Server (DHUB):  [main:87] Build date/time: Mar  7 2024 18:38:07
25.04.2024 04:58:51.758: OPC UA Server (DHUB):  [main:102] UA Server disable
08.05.2024 08:13:28.695: ================================================NEW LOG SESSION===================================================
08.05.2024 08:13:28.934: OPC UA Server (DHUB):  [main:87] Build date/time: Mar  7 2024 18:38:07
08.05.2024 08:13:28.940: OPC UA Server (DHUB):  [main:102] UA Server disable
13.05.2024 04:26:37.100: ================================================NEW LOG SESSION===================================================
13.05.2024 04:26:37.360: OPC UA Server (DHUB):  [main:87] Build date/time: Mar  7 2024 18:38:07
13.05.2024 04:26:37.376: OPC UA Server (DHUB):  [main:102] UA Server disable
13.05.2024 04:48:50.257: ================================================NEW LOG SESSION===================================================
13.05.2024 04:48:50.488: OPC UA Server (DHUB):  [main:87] Build date/time: Mar  7 2024 18:38:07
13.05.2024 04:48:50.506: OPC UA Server (DHUB):  [main:102] UA Server disable
13.05.2024 04:55:15.341: ================================================END LOG SESSION===================================================
13.05.2024 04:56:19.961: ================================================NEW LOG SESSION===================================================
13.05.2024 04:56:20.228: OPC UA Server (DHUB):  [main:87] Build date/time: Mar  7 2024 18:38:07
13.05.2024 04:56:20.249: OPC UA Server (DHUB):  [main:102] UA Server disable
13.05.2024 05:29:32.036: ================================================NEW LOG SESSION===================================================
13.05.2024 05:29:32.318: OPC UA Server (DHUB):  [main:87] Build date/time: Mar  7 2024 18:38:07
13.05.2024 05:29:32.333: OPC UA Server (DHUB):  [main:102] UA Server disable
13.05.2024 05:59:53.768: ================================================NEW LOG SESSION===================================================
13.05.2024 05:59:54.125: OPC UA Server (DHUB):  [main:87] Build date/time: Mar  7 2024 18:38:07
13.05.2024 05:59:54.143: OPC UA Server (DHUB):  [main:102] UA Server disable
13.05.2024 06:30:45.360: ================================================NEW LOG SESSION===================================================
13.05.2024 06:30:45.547: OPC UA Server (DHUB):  [main:87] Build date/time: Mar  7 2024 18:38:07
13.05.2024 06:30:45.557: OPC UA Server (DHUB):  [main:102] UA Server disable
14.05.2024 04:00:14.863: ================================================NEW LOG SESSION===================================================
14.05.2024 04:00:15.195: OPC UA Server (DHUB):  [main:87] Build date/time: Mar  7 2024 18:38:07
14.05.2024 04:00:15.208: OPC UA Server (DHUB):  [main:102] UA Server disable
14.05.2024 04:13:11.677: ================================================NEW LOG SESSION===================================================
14.05.2024 04:13:12.006: OPC UA Server (DHUB):  [main:87] Build date/time: Mar  7 2024 18:38:07
14.05.2024 04:13:12.019: OPC UA Server (DHUB):  [main:102] UA Server disable
14.05.2024 04:26:47.241: ================================================NEW LOG SESSION===================================================
14.05.2024 04:26:47.416: OPC UA Server (DHUB):  [main:87] Build date/time: Mar  7 2024 18:38:07
14.05.2024 04:26:47.427: OPC UA Server (DHUB):  [main:102] UA Server disable
14.05.2024 06:29:45.403: ================================================END LOG SESSION===================================================
14.05.2024 06:30:29.857: ================================================NEW LOG SESSION===================================================
14.05.2024 06:30:30.117: OPC UA Server (DHUB):  [main:87] Build date/time: Mar  7 2024 18:38:07
14.05.2024 06:30:30.129: OPC UA Server (DHUB):  [main:102] UA Server disable
14.05.2024 06:51:17.144: ================================================NEW LOG SESSION===================================================
14.05.2024 06:51:17.381: OPC UA Server (DHUB):  [main:87] Build date/time: Mar  7 2024 18:38:07
14.05.2024 06:51:17.398: OPC UA Server (DHUB):  [main:102] UA Server disable
14.05.2024 07:31:56.001: ================================================NEW LOG SESSION===================================================
14.05.2024 07:31:56.268: OPC UA Server (DHUB):  [main:87] Build date/time: Mar  7 2024 18:38:07
14.05.2024 07:31:56.276: OPC UA Server (DHUB):  [main:102] UA Server disable
14.05.2024 08:13:21.017: ================================================NEW LOG SESSION===================================================
14.05.2024 08:13:21.191: OPC UA Server (DHUB):  [main:87] Build date/time: Mar  7 2024 18:38:07
14.05.2024 08:13:21.201: OPC UA Server (DHUB):  [main:102] UA Server disable
14.05.2024 09:00:09.232: ================================================NEW LOG SESSION===================================================
14.05.2024 09:00:09.428: OPC UA Server (DHUB):  [main:87] Build date/time: Mar  7 2024 18:38:07
14.05.2024 09:00:09.438: OPC UA Server (DHUB):  [main:106] UA Server enable
14.05.2024 09:00:09.439: OPC UA Server (DHUB):  [InitUaServer:280] XML Parcer initialized
14.05.2024 09:00:09.456: OPC UA Server (DHUB):  [ReadUsers:169] open users file ok
14.05.2024 09:00:09.459: OPC UA Server (DHUB):  [ReadUsers:180] init user
14.05.2024 09:00:09.460: OPC UA Server (DHUB):  [InitUser:268] user added
14.05.2024 09:00:09.481: OPC UA Server (DHUB):  [ReadBoolSetting:74] Read UA settings: codesys_log_info is FALSE
14.05.2024 09:00:09.506: OPC UA Server (DHUB):  [ReadConfig:233] Read UA settings: General.iec-pack-mode element not found, default format accepted
14.05.2024 09:00:09.516: OPC UA Server (DHUB):  [main:112] Starting UA Server ...
14.05.2024 09:00:12.303: OPC UA Server (DHUB):  [main:116] UA Server started
14.05.2024 09:00:12.303: OPC UA Server (DHUB):  [main:123] Set user ID = 1000
14.05.2024 09:12:45.380: OPC UA Server (DHUB):  [CallbackEvntCfgUpd:56] Can not find root dhub device
14.05.2024 09:13:54.122: OPC UA Server (DHUB):  [CallbackEvntCfgUpd:56] Can not find root dhub device
14.05.2024 09:15:38.555: ================================================NEW LOG SESSION===================================================
14.05.2024 09:15:38.764: OPC UA Server (DHUB):  [main:87] Build date/time: Mar  7 2024 18:38:07
14.05.2024 09:15:38.769: OPC UA Server (DHUB):  [main:106] UA Server enable
14.05.2024 09:15:38.769: OPC UA Server (DHUB):  [InitUaServer:280] XML Parcer initialized
14.05.2024 09:15:38.794: OPC UA Server (DHUB):  [ReadUsers:169] open users file ok
14.05.2024 09:15:38.796: OPC UA Server (DHUB):  [ReadUsers:180] init user
14.05.2024 09:15:38.797: OPC UA Server (DHUB):  [InitUser:268] user added
14.05.2024 09:15:38.826: OPC UA Server (DHUB):  [ReadBoolSetting:74] Read UA settings: codesys_log_info is FALSE
14.05.2024 09:15:38.865: OPC UA Server (DHUB):  [ReadConfig:233] Read UA settings: General.iec-pack-mode element not found, default format accepted
14.05.2024 09:15:38.869: OPC UA Server (DHUB):  [main:112] Starting UA Server ...
14.05.2024 09:15:39.060: OPC UA Server (DHUB):  [main:116] UA Server started
14.05.2024 09:15:39.060: OPC UA Server (DHUB):  [main:123] Set user ID = 1000
14.05.2024 09:19:18.852: OPC UA Server (DHUB):  [CallbackEvntCfgUpd:56] Can not find root dhub device
14.05.2024 09:37:54.418: ================================================NEW LOG SESSION===================================================
14.05.2024 09:37:54.634: OPC UA Server (DHUB):  [main:87] Build date/time: Mar  7 2024 18:38:07
14.05.2024 09:37:54.642: OPC UA Server (DHUB):  [main:106] UA Server enable
14.05.2024 09:37:54.643: OPC UA Server (DHUB):  [InitUaServer:280] XML Parcer initialized
14.05.2024 09:37:54.662: OPC UA Server (DHUB):  [ReadUsers:169] open users file ok
14.05.2024 09:37:54.665: OPC UA Server (DHUB):  [ReadUsers:180] init user
14.05.2024 09:37:54.666: OPC UA Server (DHUB):  [InitUser:268] user added
14.05.2024 09:37:54.693: OPC UA Server (DHUB):  [ReadBoolSetting:74] Read UA settings: codesys_log_info is FALSE
14.05.2024 09:37:54.728: OPC UA Server (DHUB):  [ReadConfig:233] Read UA settings: General.iec-pack-mode element not found, default format accepted
14.05.2024 09:37:54.730: OPC UA Server (DHUB):  [main:112] Starting UA Server ...
14.05.2024 09:37:54.924: OPC UA Server (DHUB):  [main:116] UA Server started
14.05.2024 09:37:54.924: OPC UA Server (DHUB):  [main:123] Set user ID = 1000
14.05.2024 09:56:32.520: OPC UA Server (DHUB):  [CallbackEvntCfgUpd:56] Can not find root dhub device
14.05.2024 10:02:23.617: ================================================NEW LOG SESSION===================================================
14.05.2024 10:02:23.821: OPC UA Server (DHUB):  [main:87] Build date/time: Mar  7 2024 18:38:07
14.05.2024 10:02:23.834: OPC UA Server (DHUB):  [main:106] UA Server enable
14.05.2024 10:02:23.834: OPC UA Server (DHUB):  [InitUaServer:280] XML Parcer initialized
14.05.2024 10:02:23.855: OPC UA Server (DHUB):  [ReadUsers:169] open users file ok
14.05.2024 10:02:23.856: OPC UA Server (DHUB):  [ReadUsers:180] init user
14.05.2024 10:02:23.857: OPC UA Server (DHUB):  [InitUser:268] user added
14.05.2024 10:02:23.881: OPC UA Server (DHUB):  [ReadBoolSetting:74] Read UA settings: codesys_log_info is FALSE
14.05.2024 10:02:23.898: OPC UA Server (DHUB):  [ReadConfig:233] Read UA settings: General.iec-pack-mode element not found, default format accepted
14.05.2024 10:02:23.902: OPC UA Server (DHUB):  [main:112] Starting UA Server ...
14.05.2024 10:02:24.089: OPC UA Server (DHUB):  [main:116] UA Server started
14.05.2024 10:02:24.090: OPC UA Server (DHUB):  [main:123] Set user ID = 1000
14.05.2024 10:39:14.967: OPC UA Server (DHUB):  [CallbackEvntCfgUpd:56] Can not find root dhub device
14.05.2024 10:39:19.136: ================================================END LOG SESSION===================================================
14.05.2024 10:40:03.692: ================================================NEW LOG SESSION===================================================
14.05.2024 10:40:03.886: OPC UA Server (DHUB):  [main:87] Build date/time: Mar  7 2024 18:38:07
14.05.2024 10:40:03.905: OPC UA Server (DHUB):  [main:106] UA Server enable
14.05.2024 10:40:03.905: OPC UA Server (DHUB):  [InitUaServer:280] XML Parcer initialized
14.05.2024 10:40:03.920: OPC UA Server (DHUB):  [ReadUsers:169] open users file ok
14.05.2024 10:40:03.922: OPC UA Server (DHUB):  [ReadUsers:180] init user
14.05.2024 10:40:03.922: OPC UA Server (DHUB):  [InitUser:268] user added
14.05.2024 10:40:03.940: OPC UA Server (DHUB):  [ReadBoolSetting:74] Read UA settings: codesys_log_info is FALSE
14.05.2024 10:40:03.954: OPC UA Server (DHUB):  [ReadConfig:233] Read UA settings: General.iec-pack-mode element not found, default format accepted
14.05.2024 10:40:03.961: OPC UA Server (DHUB):  [main:112] Starting UA Server ...
14.05.2024 10:40:04.147: OPC UA Server (DHUB):  [main:116] UA Server started
14.05.2024 10:40:04.147: OPC UA Server (DHUB):  [main:123] Set user ID = 1000
14.05.2024 12:27:30.436: OPC UA Server (DHUB):  [CallbackEvntCfgUpd:56] Can not find root dhub device
15.05.2024 05:23:45.668: OPC UA Server (DHUB):  [CallbackEvntCfgUpd:56] Can not find root dhub device
15.05.2024 05:26:24.981: ================================================NEW LOG SESSION===================================================
15.05.2024 05:26:25.261: OPC UA Server (DHUB):  [main:87] Build date/time: Mar  7 2024 18:38:07
15.05.2024 05:26:25.273: OPC UA Server (DHUB):  [main:106] UA Server enable
15.05.2024 05:26:25.274: OPC UA Server (DHUB):  [InitUaServer:280] XML Parcer initialized
15.05.2024 05:26:25.293: OPC UA Server (DHUB):  [ReadUsers:169] open users file ok
15.05.2024 05:26:25.297: OPC UA Server (DHUB):  [ReadUsers:180] init user
15.05.2024 05:26:25.298: OPC UA Server (DHUB):  [InitUser:268] user added
15.05.2024 05:26:25.312: OPC UA Server (DHUB):  [ReadBoolSetting:74] Read UA settings: codesys_log_info is FALSE
15.05.2024 05:26:25.322: OPC UA Server (DHUB):  [ReadConfig:233] Read UA settings: General.iec-pack-mode element not found, default format accepted
15.05.2024 05:26:25.324: OPC UA Server (DHUB):  [main:112] Starting UA Server ...
15.05.2024 05:26:25.480: OPC UA Server (DHUB):  [main:116] UA Server started
15.05.2024 05:26:25.480: OPC UA Server (DHUB):  [main:123] Set user ID = 1000
15.05.2024 05:45:03.779: ================================================NEW LOG SESSION===================================================
15.05.2024 05:45:04.066: OPC UA Server (DHUB):  [main:87] Build date/time: Mar  7 2024 18:38:07
15.05.2024 05:45:04.085: OPC UA Server (DHUB):  [main:106] UA Server enable
15.05.2024 05:45:04.086: OPC UA Server (DHUB):  [InitUaServer:280] XML Parcer initialized
15.05.2024 05:45:04.109: OPC UA Server (DHUB):  [ReadUsers:169] open users file ok
15.05.2024 05:45:04.114: OPC UA Server (DHUB):  [ReadUsers:180] init user
15.05.2024 05:45:04.115: OPC UA Server (DHUB):  [InitUser:268] user added
15.05.2024 05:45:04.136: OPC UA Server (DHUB):  [ReadBoolSetting:74] Read UA settings: codesys_log_info is FALSE
15.05.2024 05:45:04.171: OPC UA Server (DHUB):  [ReadConfig:233] Read UA settings: General.iec-pack-mode element not found, default format accepted
15.05.2024 05:45:04.175: OPC UA Server (DHUB):  [main:112] Starting UA Server ...
15.05.2024 05:45:04.328: OPC UA Server (DHUB):  [main:116] UA Server started
15.05.2024 05:45:04.329: OPC UA Server (DHUB):  [main:123] Set user ID = 1000
15.05.2024 07:36:38.781: ================================================NEW LOG SESSION===================================================
15.05.2024 07:36:39.055: OPC UA Server (DHUB):  [main:87] Build date/time: Mar  7 2024 18:38:07
15.05.2024 07:36:39.065: OPC UA Server (DHUB):  [main:106] UA Server enable
15.05.2024 07:36:39.066: OPC UA Server (DHUB):  [InitUaServer:280] XML Parcer initialized
15.05.2024 07:36:39.088: OPC UA Server (DHUB):  [ReadUsers:169] open users file ok
15.05.2024 07:36:39.096: OPC UA Server (DHUB):  [ReadUsers:180] init user
15.05.2024 07:36:39.098: OPC UA Server (DHUB):  [InitUser:268] user added
15.05.2024 07:36:39.114: OPC UA Server (DHUB):  [ReadBoolSetting:74] Read UA settings: codesys_log_info is FALSE
15.05.2024 07:36:39.123: OPC UA Server (DHUB):  [ReadConfig:233] Read UA settings: General.iec-pack-mode element not found, default format accepted
15.05.2024 07:36:39.125: OPC UA Server (DHUB):  [main:112] Starting UA Server ...
15.05.2024 07:36:39.276: OPC UA Server (DHUB):  [main:116] UA Server started
15.05.2024 07:36:39.276: OPC UA Server (DHUB):  [main:123] Set user ID = 1000
15.05.2024 08:29:58.434: OPC UA Server (DHUB):  [CallbackEvntCfgUpd:56] Can not find root dhub device
15.05.2024 08:34:13.408: OPC UA Server (DHUB):  [CallbackEvntCfgUpd:56] Can not find root dhub device
15.05.2024 08:38:10.844: OPC UA Server (DHUB):  [CallbackEvntCfgUpd:56] Can not find root dhub device
15.05.2024 08:41:28.786: ================================================NEW LOG SESSION===================================================
15.05.2024 08:41:29.159: OPC UA Server (DHUB):  [main:87] Build date/time: Mar  7 2024 18:38:07
15.05.2024 08:41:29.187: OPC UA Server (DHUB):  [main:106] UA Server enable
15.05.2024 08:41:29.188: OPC UA Server (DHUB):  [InitUaServer:280] XML Parcer initialized
15.05.2024 08:41:29.210: OPC UA Server (DHUB):  [ReadUsers:169] open users file ok
15.05.2024 08:41:29.216: OPC UA Server (DHUB):  [ReadUsers:180] init user
15.05.2024 08:41:29.217: OPC UA Server (DHUB):  [InitUser:268] user added
15.05.2024 08:41:29.257: OPC UA Server (DHUB):  [ReadBoolSetting:74] Read UA settings: codesys_log_info is FALSE
15.05.2024 08:41:29.308: OPC UA Server (DHUB):  [ReadConfig:233] Read UA settings: General.iec-pack-mode element not found, default format accepted
15.05.2024 08:41:29.313: OPC UA Server (DHUB):  [main:112] Starting UA Server ...
15.05.2024 08:41:29.541: OPC UA Server (DHUB):  [main:116] UA Server started
15.05.2024 08:41:29.542: OPC UA Server (DHUB):  [main:123] Set user ID = 1000
15.05.2024 08:43:25.140: OPC UA Server (DHUB):  [CallbackEvntCfgUpd:56] Can not find root dhub device
15.05.2024 08:49:11.020: ================================================NEW LOG SESSION===================================================
15.05.2024 08:49:11.269: OPC UA Server (DHUB):  [main:87] Build date/time: Mar  7 2024 18:38:07
15.05.2024 08:49:11.280: OPC UA Server (DHUB):  [main:106] UA Server enable
15.05.2024 08:49:11.280: OPC UA Server (DHUB):  [InitUaServer:280] XML Parcer initialized
15.05.2024 08:49:11.307: OPC UA Server (DHUB):  [ReadUsers:169] open users file ok
15.05.2024 08:49:11.311: OPC UA Server (DHUB):  [ReadUsers:180] init user
15.05.2024 08:49:11.312: OPC UA Server (DHUB):  [InitUser:268] user added
15.05.2024 08:49:11.331: OPC UA Server (DHUB):  [ReadBoolSetting:74] Read UA settings: codesys_log_info is FALSE
15.05.2024 08:49:11.362: OPC UA Server (DHUB):  [ReadConfig:233] Read UA settings: General.iec-pack-mode element not found, default format accepted
15.05.2024 08:49:11.367: OPC UA Server (DHUB):  [main:112] Starting UA Server ...
15.05.2024 08:49:11.570: OPC UA Server (DHUB):  [main:116] UA Server started
15.05.2024 08:49:11.571: OPC UA Server (DHUB):  [main:123] Set user ID = 1000
15.05.2024 09:13:32.075: OPC UA Server (DHUB):  [CallbackEvntCfgUpd:56] Can not find root dhub device
15.05.2024 09:14:51.695: OPC UA Server (DHUB):  [CallbackEvntCfgUpd:56] Can not find root dhub device
15.05.2024 09:46:13.955: OPC UA Server (DHUB):  [CallbackEvntCfgUpd:56] Can not find root dhub device
15.05.2024 10:08:27.862: OPC UA Server (DHUB):  [CallbackEvntCfgUpd:56] Can not find root dhub device
15.05.2024 10:12:59.351: OPC UA Server (DHUB):  [CallbackEvntCfgUpd:56] Can not find root dhub device
15.05.2024 10:50:40.757: OPC UA Server (DHUB):  [CallbackEvntCfgUpd:56] Can not find root dhub device
15.05.2024 10:59:15.862: ================================================NEW LOG SESSION===================================================
15.05.2024 10:59:16.196: OPC UA Server (DHUB):  [main:87] Build date/time: Mar  7 2024 18:38:07
15.05.2024 10:59:16.222: OPC UA Server (DHUB):  [main:106] UA Server enable
15.05.2024 10:59:16.223: OPC UA Server (DHUB):  [InitUaServer:280] XML Parcer initialized
15.05.2024 10:59:16.245: OPC UA Server (DHUB):  [ReadUsers:169] open users file ok
15.05.2024 10:59:16.249: OPC UA Server (DHUB):  [ReadUsers:180] init user
15.05.2024 10:59:16.251: OPC UA Server (DHUB):  [InitUser:268] user added
15.05.2024 10:59:16.287: OPC UA Server (DHUB):  [ReadBoolSetting:74] Read UA settings: codesys_log_info is FALSE
15.05.2024 10:59:16.322: OPC UA Server (DHUB):  [ReadConfig:233] Read UA settings: General.iec-pack-mode element not found, default format accepted
15.05.2024 10:59:16.325: OPC UA Server (DHUB):  [main:112] Starting UA Server ...
15.05.2024 10:59:16.549: OPC UA Server (DHUB):  [main:116] UA Server started
15.05.2024 10:59:16.549: OPC UA Server (DHUB):  [main:123] Set user ID = 1000
16.05.2024 10:06:16.619: ================================================END LOG SESSION===================================================
16.05.2024 10:06:17.212: ================================================NEW LOG SESSION===================================================
16.05.2024 10:06:17.341: OPC UA Server (DHUB):  [main:87] Build date/time: Mar  7 2024 18:38:07
16.05.2024 10:06:17.343: OPC UA Server (DHUB):  [DriverCreate:239] Reopen driver configuration
16.05.2024 10:06:17.344: OPC UA Server (DHUB):  [main:106] UA Server enable
16.05.2024 10:06:17.345: OPC UA Server (DHUB):  [InitUaServer:280] XML Parcer initialized
16.05.2024 10:06:17.360: OPC UA Server (DHUB):  [ReadUsers:169] open users file ok
16.05.2024 10:06:17.360: OPC UA Server (DHUB):  [ReadUsers:180] init user
16.05.2024 10:06:17.361: OPC UA Server (DHUB):  [InitUser:268] user added
16.05.2024 10:06:17.369: OPC UA Server (DHUB):  [ReadBoolSetting:74] Read UA settings: codesys_log_info is FALSE
16.05.2024 10:06:17.374: OPC UA Server (DHUB):  [ReadConfig:233] Read UA settings: General.iec-pack-mode element not found, default format accepted
16.05.2024 10:06:17.376: OPC UA Server (DHUB):  [main:112] Starting UA Server ...
16.05.2024 10:06:17.512: OPC UA Server (DHUB):  [CallbackEvntCfgUpd:56] Can not find root dhub device
16.05.2024 10:06:17.512: OPC UA Server (DHUB):  [main:116] UA Server started
16.05.2024 10:06:17.512: OPC UA Server (DHUB):  [main:123] Set user ID = 1000
16.05.2024 10:36:15.647: OPC UA Server (DHUB):  [CallbackEvntCfgUpd:56] Can not find root dhub device
16.05.2024 10:47:07.885: ================================================NEW LOG SESSION===================================================
16.05.2024 10:47:08.230: OPC UA Server (DHUB):  [main:87] Build date/time: Mar  7 2024 18:38:07
16.05.2024 10:47:08.242: OPC UA Server (DHUB):  [main:106] UA Server enable
16.05.2024 10:47:08.243: OPC UA Server (DHUB):  [InitUaServer:280] XML Parcer initialized
16.05.2024 10:47:08.264: OPC UA Server (DHUB):  [ReadUsers:169] open users file ok
16.05.2024 10:47:08.267: OPC UA Server (DHUB):  [ReadUsers:180] init user
16.05.2024 10:47:08.268: OPC UA Server (DHUB):  [InitUser:268] user added
16.05.2024 10:47:08.295: OPC UA Server (DHUB):  [ReadBoolSetting:74] Read UA settings: codesys_log_info is FALSE
16.05.2024 10:47:08.319: OPC UA Server (DHUB):  [ReadConfig:233] Read UA settings: General.iec-pack-mode element not found, default format accepted
16.05.2024 10:47:08.323: OPC UA Server (DHUB):  [main:112] Starting UA Server ...
16.05.2024 10:47:08.531: OPC UA Server (DHUB):  [main:116] UA Server started
16.05.2024 10:47:08.531: OPC UA Server (DHUB):  [main:123] Set user ID = 1000
16.05.2024 12:13:14.923: OPC UA Server (DHUB):  [CallbackEvntCfgUpd:56] Can not find root dhub device
16.05.2024 13:12:24.954: OPC UA Server (DHUB):  [CallbackEvntCfgUpd:56] Can not find root dhub device
16.05.2024 13:23:12.488: OPC UA Server (DHUB):  [CallbackEvntCfgUpd:56] Can not find root dhub device
16.05.2024 13:23:16.166: ================================================END LOG SESSION===================================================
16.05.2024 13:24:02.962: ================================================NEW LOG SESSION===================================================
16.05.2024 13:24:03.230: OPC UA Server (DHUB):  [main:87] Build date/time: Mar  7 2024 18:38:07
16.05.2024 13:24:03.243: OPC UA Server (DHUB):  [main:106] UA Server enable
16.05.2024 13:24:03.243: OPC UA Server (DHUB):  [InitUaServer:280] XML Parcer initialized
16.05.2024 13:24:03.264: OPC UA Server (DHUB):  [ReadUsers:169] open users file ok
16.05.2024 13:24:03.269: OPC UA Server (DHUB):  [ReadUsers:180] init user
16.05.2024 13:24:03.270: OPC UA Server (DHUB):  [InitUser:268] user added
16.05.2024 13:24:03.289: OPC UA Server (DHUB):  [ReadBoolSetting:74] Read UA settings: codesys_log_info is FALSE
16.05.2024 13:24:03.324: OPC UA Server (DHUB):  [ReadConfig:233] Read UA settings: General.iec-pack-mode element not found, default format accepted
16.05.2024 13:24:03.326: OPC UA Server (DHUB):  [main:112] Starting UA Server ...
16.05.2024 13:24:03.474: OPC UA Server (DHUB):  [main:116] UA Server started
16.05.2024 13:24:03.475: OPC UA Server (DHUB):  [main:123] Set user ID = 1000
17.05.2024 05:01:15.725: OPC UA Server (DHUB):  [CallbackEvntCfgUpd:56] Can not find root dhub device
17.05.2024 10:17:38.963: OPC UA Server (DHUB):  [CallbackEvntCfgUpd:56] Can not find root dhub device
20.05.2024 05:06:25.870: OPC UA Server (DHUB):  [CallbackEvntCfgUpd:56] Can not find root dhub device
20.05.2024 05:27:26.919: ================================================NEW LOG SESSION===================================================
20.05.2024 05:27:27.196: OPC UA Server (DHUB):  [main:87] Build date/time: Mar  7 2024 18:38:07
20.05.2024 05:27:27.208: OPC UA Server (DHUB):  [main:106] UA Server enable
20.05.2024 05:27:27.209: OPC UA Server (DHUB):  [InitUaServer:280] XML Parcer initialized
20.05.2024 05:27:27.230: OPC UA Server (DHUB):  [ReadUsers:169] open users file ok
20.05.2024 05:27:27.234: OPC UA Server (DHUB):  [ReadUsers:180] init user
20.05.2024 05:27:27.238: OPC UA Server (DHUB):  [InitUser:268] user added
20.05.2024 05:27:27.265: OPC UA Server (DHUB):  [ReadBoolSetting:74] Read UA settings: codesys_log_info is FALSE
20.05.2024 05:27:27.293: OPC UA Server (DHUB):  [ReadConfig:233] Read UA settings: General.iec-pack-mode element not found, default format accepted
20.05.2024 05:27:27.296: OPC UA Server (DHUB):  [main:112] Starting UA Server ...
20.05.2024 05:27:27.489: OPC UA Server (DHUB):  [main:116] UA Server started
20.05.2024 05:27:27.489: OPC UA Server (DHUB):  [main:123] Set user ID = 1000
20.05.2024 07:31:55.904: ================================================NEW LOG SESSION===================================================
20.05.2024 07:31:56.242: OPC UA Server (DHUB):  [main:87] Build date/time: Mar  7 2024 18:38:07
20.05.2024 07:31:56.259: OPC UA Server (DHUB):  [main:106] UA Server enable
20.05.2024 07:31:56.260: OPC UA Server (DHUB):  [InitUaServer:280] XML Parcer initialized
20.05.2024 07:31:56.280: OPC UA Server (DHUB):  [ReadUsers:169] open users file ok
20.05.2024 07:31:56.284: OPC UA Server (DHUB):  [ReadUsers:180] init user
20.05.2024 07:31:56.285: OPC UA Server (DHUB):  [InitUser:268] user added
20.05.2024 07:31:56.312: OPC UA Server (DHUB):  [ReadBoolSetting:74] Read UA settings: codesys_log_info is FALSE
20.05.2024 07:31:56.348: OPC UA Server (DHUB):  [ReadConfig:233] Read UA settings: General.iec-pack-mode element not found, default format accepted
20.05.2024 07:31:56.351: OPC UA Server (DHUB):  [main:112] Starting UA Server ...
20.05.2024 07:31:56.563: OPC UA Server (DHUB):  [main:116] UA Server started
20.05.2024 07:31:56.563: OPC UA Server (DHUB):  [main:123] Set user ID = 1000
20.05.2024 10:44:26.826: ================================================NEW LOG SESSION===================================================
20.05.2024 10:44:27.108: OPC UA Server (DHUB):  [main:87] Build date/time: Mar  7 2024 18:38:07
20.05.2024 10:44:27.125: OPC UA Server (DHUB):  [main:106] UA Server enable
20.05.2024 10:44:27.126: OPC UA Server (DHUB):  [InitUaServer:280] XML Parcer initialized
20.05.2024 10:44:27.144: OPC UA Server (DHUB):  [ReadUsers:169] open users file ok
20.05.2024 10:44:27.146: OPC UA Server (DHUB):  [ReadUsers:180] init user
20.05.2024 10:44:27.149: OPC UA Server (DHUB):  [InitUser:268] user added
20.05.2024 10:44:27.183: OPC UA Server (DHUB):  [ReadBoolSetting:74] Read UA settings: codesys_log_info is FALSE
20.05.2024 10:44:27.214: OPC UA Server (DHUB):  [ReadConfig:233] Read UA settings: General.iec-pack-mode element not found, default format accepted
20.05.2024 10:44:27.218: OPC UA Server (DHUB):  [main:112] Starting UA Server ...
20.05.2024 10:44:27.431: OPC UA Server (DHUB):  [main:116] UA Server started
20.05.2024 10:44:27.432: OPC UA Server (DHUB):  [main:123] Set user ID = 1000
04.09.2024 09:52:24.730: ================================================NEW LOG SESSION===================================================
04.09.2024 09:52:25.038: OPC UA Server (DHUB):  [main:87] Build date/time: Mar  7 2024 18:38:07
04.09.2024 09:52:25.049: OPC UA Server (DHUB):  [main:106] UA Server enable
04.09.2024 09:52:25.050: OPC UA Server (DHUB):  [InitUaServer:280] XML Parcer initialized
04.09.2024 09:52:25.071: OPC UA Server (DHUB):  [ReadUsers:169] open users file ok
04.09.2024 09:52:25.074: OPC UA Server (DHUB):  [ReadUsers:180] init user
04.09.2024 09:52:25.074: OPC UA Server (DHUB):  [InitUser:268] user added
04.09.2024 09:52:25.101: OPC UA Server (DHUB):  [ReadBoolSetting:74] Read UA settings: codesys_log_info is FALSE
04.09.2024 09:52:25.137: OPC UA Server (DHUB):  [ReadConfig:233] Read UA settings: General.iec-pack-mode element not found, default format accepted
04.09.2024 09:52:25.142: OPC UA Server (DHUB):  [main:112] Starting UA Server ...
04.09.2024 09:52:25.347: OPC UA Server (DHUB):  [main:116] UA Server started
04.09.2024 09:52:25.347: OPC UA Server (DHUB):  [main:123] Set user ID = 1000
05.09.2024 04:52:27.772: ================================================NEW LOG SESSION===================================================
05.09.2024 04:52:28.149: OPC UA Server (DHUB):  [main:87] Build date/time: Mar  7 2024 18:38:07
05.09.2024 04:52:28.164: OPC UA Server (DHUB):  [main:106] UA Server enable
05.09.2024 04:52:28.165: OPC UA Server (DHUB):  [InitUaServer:280] XML Parcer initialized
05.09.2024 04:52:28.185: OPC UA Server (DHUB):  [ReadUsers:169] open users file ok
05.09.2024 04:52:28.189: OPC UA Server (DHUB):  [ReadUsers:180] init user
05.09.2024 04:52:28.191: OPC UA Server (DHUB):  [InitUser:268] user added
05.09.2024 04:52:28.216: OPC UA Server (DHUB):  [ReadBoolSetting:74] Read UA settings: codesys_log_info is FALSE
05.09.2024 04:52:28.256: OPC UA Server (DHUB):  [ReadConfig:233] Read UA settings: General.iec-pack-mode element not found, default format accepted
05.09.2024 04:52:28.260: OPC UA Server (DHUB):  [main:112] Starting UA Server ...
05.09.2024 04:52:28.471: OPC UA Server (DHUB):  [main:116] UA Server started
05.09.2024 04:52:28.471: OPC UA Server (DHUB):  [main:123] Set user ID = 1000
09.09.2024 10:29:26.176: ================================================NEW LOG SESSION===================================================
09.09.2024 10:29:26.432: OPC UA Server (DHUB):  [main:87] Build date/time: Mar  7 2024 18:38:07
09.09.2024 10:29:26.445: OPC UA Server (DHUB):  [main:106] UA Server enable
09.09.2024 10:29:26.446: OPC UA Server (DHUB):  [InitUaServer:280] XML Parcer initialized
09.09.2024 10:29:26.466: OPC UA Server (DHUB):  [ReadUsers:169] open users file ok
09.09.2024 10:29:26.469: OPC UA Server (DHUB):  [ReadUsers:180] init user
09.09.2024 10:29:26.470: OPC UA Server (DHUB):  [InitUser:268] user added
09.09.2024 10:29:26.484: OPC UA Server (DHUB):  [ReadBoolSetting:74] Read UA settings: codesys_log_info is FALSE
09.09.2024 10:29:26.503: OPC UA Server (DHUB):  [ReadConfig:233] Read UA settings: General.iec-pack-mode element not found, default format accepted
09.09.2024 10:29:26.508: OPC UA Server (DHUB):  [main:112] Starting UA Server ...
09.09.2024 10:29:26.692: OPC UA Server (DHUB):  [main:116] UA Server started
09.09.2024 10:29:26.692: OPC UA Server (DHUB):  [main:123] Set user ID = 1000
09.09.2024 11:45:25.265: OPC UA Server (DHUB):  [CallbackEvntCfgUpd:56] Can not find root dhub device
09.09.2024 11:51:09.237: OPC UA Server (DHUB):  [CallbackEvntCfgUpd:56] Can not find root dhub device
09.09.2024 12:00:55.110: OPC UA Server (DHUB):  [CallbackEvntCfgUpd:56] Can not find root dhub device
09.09.2024 12:31:19.187: ================================================NEW LOG SESSION===================================================
09.09.2024 12:31:19.351: OPC UA Server (DHUB):  [main:87] Build date/time: Mar  7 2024 18:38:07
09.09.2024 12:31:19.362: OPC UA Server (DHUB):  [main:106] UA Server enable
09.09.2024 12:31:19.363: OPC UA Server (DHUB):  [InitUaServer:280] XML Parcer initialized
09.09.2024 12:31:19.378: OPC UA Server (DHUB):  [ReadUsers:169] open users file ok
09.09.2024 12:31:19.381: OPC UA Server (DHUB):  [ReadUsers:180] init user
09.09.2024 12:31:19.381: OPC UA Server (DHUB):  [InitUser:268] user added
09.09.2024 12:31:19.390: OPC UA Server (DHUB):  [ReadBoolSetting:74] Read UA settings: codesys_log_info is FALSE
09.09.2024 12:31:19.398: OPC UA Server (DHUB):  [ReadConfig:233] Read UA settings: General.iec-pack-mode element not found, default format accepted
09.09.2024 12:31:19.401: OPC UA Server (DHUB):  [main:112] Starting UA Server ...
09.09.2024 12:31:19.602: OPC UA Server (DHUB):  [main:116] UA Server started
09.09.2024 12:31:19.602: OPC UA Server (DHUB):  [main:123] Set user ID = 1000
10.09.2024 04:37:46.828: ================================================NEW LOG SESSION===================================================
10.09.2024 04:37:47.128: OPC UA Server (DHUB):  [main:87] Build date/time: Mar  7 2024 18:38:07
10.09.2024 04:37:47.145: OPC UA Server (DHUB):  [main:106] UA Server enable
10.09.2024 04:37:47.146: OPC UA Server (DHUB):  [InitUaServer:280] XML Parcer initialized
10.09.2024 04:37:47.164: OPC UA Server (DHUB):  [ReadUsers:169] open users file ok
10.09.2024 04:37:47.167: OPC UA Server (DHUB):  [ReadUsers:180] init user
10.09.2024 04:37:47.167: OPC UA Server (DHUB):  [InitUser:268] user added
10.09.2024 04:37:47.189: OPC UA Server (DHUB):  [ReadBoolSetting:74] Read UA settings: codesys_log_info is FALSE
10.09.2024 04:37:47.224: OPC UA Server (DHUB):  [ReadConfig:233] Read UA settings: General.iec-pack-mode element not found, default format accepted
10.09.2024 04:37:47.227: OPC UA Server (DHUB):  [main:112] Starting UA Server ...
10.09.2024 04:37:47.446: OPC UA Server (DHUB):  [main:116] UA Server started
10.09.2024 04:37:47.446: OPC UA Server (DHUB):  [main:123] Set user ID = 1000
10.09.2024 05:32:39.688: OPC UA Server (DHUB):  [CallbackEvntCfgUpd:56] Can not find root dhub device
10.09.2024 11:19:36.611: OPC UA Server (DHUB):  [CallbackEvntCfgUpd:56] Can not find root dhub device
10.09.2024 11:30:23.551: OPC UA Server (DHUB):  [CallbackEvntCfgUpd:56] Can not find root dhub device
10.09.2024 11:49:35.911: OPC UA Server (DHUB):  [CallbackEvntCfgUpd:56] Can not find root dhub device
11.09.2024 04:42:37.326: ================================================NEW LOG SESSION===================================================
11.09.2024 04:42:37.589: OPC UA Server (DHUB):  [main:87] Build date/time: Mar  7 2024 18:38:07
11.09.2024 04:42:37.604: OPC UA Server (DHUB):  [main:106] UA Server enable
11.09.2024 04:42:37.606: OPC UA Server (DHUB):  [InitUaServer:280] XML Parcer initialized
11.09.2024 04:42:37.627: OPC UA Server (DHUB):  [ReadUsers:169] open users file ok
11.09.2024 04:42:37.630: OPC UA Server (DHUB):  [ReadUsers:180] init user
11.09.2024 04:42:37.630: OPC UA Server (DHUB):  [InitUser:268] user added
11.09.2024 04:42:37.644: OPC UA Server (DHUB):  [ReadBoolSetting:74] Read UA settings: codesys_log_info is FALSE
11.09.2024 04:42:37.668: OPC UA Server (DHUB):  [ReadConfig:233] Read UA settings: General.iec-pack-mode element not found, default format accepted
11.09.2024 04:42:37.672: OPC UA Server (DHUB):  [main:112] Starting UA Server ...
11.09.2024 04:42:37.856: OPC UA Server (DHUB):  [main:116] UA Server started
11.09.2024 04:42:37.856: OPC UA Server (DHUB):  [main:123] Set user ID = 1000
12.09.2024 04:38:05.094: ================================================NEW LOG SESSION===================================================
12.09.2024 04:38:05.381: OPC UA Server (DHUB):  [main:87] Build date/time: Mar  7 2024 18:38:07
12.09.2024 04:38:05.393: OPC UA Server (DHUB):  [main:106] UA Server enable
12.09.2024 04:38:05.393: OPC UA Server (DHUB):  [InitUaServer:280] XML Parcer initialized
12.09.2024 04:38:05.413: OPC UA Server (DHUB):  [ReadUsers:169] open users file ok
12.09.2024 04:38:05.418: OPC UA Server (DHUB):  [ReadUsers:180] init user
12.09.2024 04:38:05.419: OPC UA Server (DHUB):  [InitUser:268] user added
12.09.2024 04:38:05.440: OPC UA Server (DHUB):  [ReadBoolSetting:74] Read UA settings: codesys_log_info is FALSE
12.09.2024 04:38:05.474: OPC UA Server (DHUB):  [ReadConfig:233] Read UA settings: General.iec-pack-mode element not found, default format accepted
12.09.2024 04:38:05.478: OPC UA Server (DHUB):  [main:112] Starting UA Server ...
12.09.2024 04:38:05.693: OPC UA Server (DHUB):  [main:116] UA Server started
12.09.2024 04:38:05.693: OPC UA Server (DHUB):  [main:123] Set user ID = 1000
13.09.2024 04:52:38.420: ================================================NEW LOG SESSION===================================================
13.09.2024 04:52:38.663: OPC UA Server (DHUB):  [main:87] Build date/time: Mar  7 2024 18:38:07
13.09.2024 04:52:38.676: OPC UA Server (DHUB):  [main:106] UA Server enable
13.09.2024 04:52:38.676: OPC UA Server (DHUB):  [InitUaServer:280] XML Parcer initialized
13.09.2024 04:52:38.695: OPC UA Server (DHUB):  [ReadUsers:169] open users file ok
13.09.2024 04:52:38.699: OPC UA Server (DHUB):  [ReadUsers:180] init user
13.09.2024 04:52:38.700: OPC UA Server (DHUB):  [InitUser:268] user added
13.09.2024 04:52:38.713: OPC UA Server (DHUB):  [ReadBoolSetting:74] Read UA settings: codesys_log_info is FALSE
13.09.2024 04:52:38.737: OPC UA Server (DHUB):  [ReadConfig:233] Read UA settings: General.iec-pack-mode element not found, default format accepted
13.09.2024 04:52:38.741: OPC UA Server (DHUB):  [main:112] Starting UA Server ...
13.09.2024 04:52:38.927: OPC UA Server (DHUB):  [main:116] UA Server started
13.09.2024 04:52:38.927: OPC UA Server (DHUB):  [main:123] Set user ID = 1000
17.09.2024 04:32:03.096: ================================================NEW LOG SESSION===================================================
17.09.2024 04:32:03.346: OPC UA Server (DHUB):  [main:87] Build date/time: Mar  7 2024 18:38:07
17.09.2024 04:32:03.356: OPC UA Server (DHUB):  [main:106] UA Server enable
17.09.2024 04:32:03.356: OPC UA Server (DHUB):  [InitUaServer:280] XML Parcer initialized
17.09.2024 04:32:03.374: OPC UA Server (DHUB):  [ReadUsers:169] open users file ok
17.09.2024 04:32:03.377: OPC UA Server (DHUB):  [ReadUsers:180] init user
17.09.2024 04:32:03.378: OPC UA Server (DHUB):  [InitUser:268] user added
17.09.2024 04:32:03.395: OPC UA Server (DHUB):  [ReadBoolSetting:74] Read UA settings: codesys_log_info is FALSE
17.09.2024 04:32:03.420: OPC UA Server (DHUB):  [ReadConfig:233] Read UA settings: General.iec-pack-mode element not found, default format accepted
17.09.2024 04:32:03.431: OPC UA Server (DHUB):  [main:112] Starting UA Server ...
17.09.2024 04:32:03.610: OPC UA Server (DHUB):  [main:116] UA Server started
17.09.2024 04:32:03.610: OPC UA Server (DHUB):  [main:123] Set user ID = 1000
17.09.2024 05:34:41.518: OPC UA Server (DHUB):  [CallbackEvntCfgUpd:56] Can not find root dhub device
17.09.2024 05:40:44.172: OPC UA Server (DHUB):  [CallbackEvntCfgUpd:56] Can not find root dhub device
17.09.2024 09:35:12.068: OPC UA Server (DHUB):  [CallbackEvntCfgUpd:56] Can not find root dhub device
17.09.2024 10:27:17.224: OPC UA Server (DHUB):  [CallbackEvntCfgUpd:56] Can not find root dhub device
17.09.2024 11:09:03.156: OPC UA Server (DHUB):  [CallbackEvntCfgUpd:56] Can not find root dhub device
17.09.2024 11:30:29.665: OPC UA Server (DHUB):  [CallbackEvntCfgUpd:56] Can not find root dhub device
17.09.2024 11:59:35.240: OPC UA Server (DHUB):  [CallbackEvntCfgUpd:56] Can not find root dhub device
17.09.2024 12:30:27.963: OPC UA Server (DHUB):  [CallbackEvntCfgUpd:56] Can not find root dhub device
18.09.2024 04:38:34.105: ================================================NEW LOG SESSION===================================================
18.09.2024 04:38:34.387: OPC UA Server (DHUB):  [main:87] Build date/time: Mar  7 2024 18:38:07
18.09.2024 04:38:34.405: OPC UA Server (DHUB):  [main:106] UA Server enable
18.09.2024 04:38:34.406: OPC UA Server (DHUB):  [InitUaServer:280] XML Parcer initialized
18.09.2024 04:38:34.427: OPC UA Server (DHUB):  [ReadUsers:169] open users file ok
18.09.2024 04:38:34.430: OPC UA Server (DHUB):  [ReadUsers:180] init user
18.09.2024 04:38:34.432: OPC UA Server (DHUB):  [InitUser:268] user added
18.09.2024 04:38:34.446: OPC UA Server (DHUB):  [ReadBoolSetting:74] Read UA settings: codesys_log_info is FALSE
18.09.2024 04:38:34.472: OPC UA Server (DHUB):  [ReadConfig:233] Read UA settings: General.iec-pack-mode element not found, default format accepted
18.09.2024 04:38:34.476: OPC UA Server (DHUB):  [main:112] Starting UA Server ...
18.09.2024 04:38:34.676: OPC UA Server (DHUB):  [main:116] UA Server started
18.09.2024 04:38:34.676: OPC UA Server (DHUB):  [main:123] Set user ID = 1000
18.09.2024 04:47:15.437: OPC UA Server (DHUB):  [CallbackEvntCfgUpd:56] Can not find root dhub device
18.09.2024 05:44:27.756: OPC UA Server (DHUB):  [CallbackEvntCfgUpd:56] Can not find root dhub device
19.09.2024 04:38:25.157: ================================================NEW LOG SESSION===================================================
19.09.2024 04:38:25.425: OPC UA Server (DHUB):  [main:87] Build date/time: Mar  7 2024 18:38:07
19.09.2024 04:38:25.437: OPC UA Server (DHUB):  [main:106] UA Server enable
19.09.2024 04:38:25.437: OPC UA Server (DHUB):  [InitUaServer:280] XML Parcer initialized
19.09.2024 04:38:25.458: OPC UA Server (DHUB):  [ReadUsers:169] open users file ok
19.09.2024 04:38:25.461: OPC UA Server (DHUB):  [ReadUsers:180] init user
19.09.2024 04:38:25.461: OPC UA Server (DHUB):  [InitUser:268] user added
19.09.2024 04:38:25.476: OPC UA Server (DHUB):  [ReadBoolSetting:74] Read UA settings: codesys_log_info is FALSE
19.09.2024 04:38:25.493: OPC UA Server (DHUB):  [ReadConfig:233] Read UA settings: General.iec-pack-mode element not found, default format accepted
19.09.2024 04:38:25.496: OPC UA Server (DHUB):  [main:112] Starting UA Server ...
19.09.2024 04:38:25.664: OPC UA Server (DHUB):  [main:116] UA Server started
19.09.2024 04:38:25.664: OPC UA Server (DHUB):  [main:123] Set user ID = 1000
19.09.2024 08:55:01.498: OPC UA Server (DHUB):  [CallbackEvntCfgUpd:56] Can not find root dhub device
19.09.2024 09:00:07.580: OPC UA Server (DHUB):  [CallbackEvntCfgUpd:56] Can not find root dhub device
19.09.2024 09:09:19.287: OPC UA Server (DHUB):  [CallbackEvntCfgUpd:56] Can not find root dhub device
19.09.2024 09:28:01.988: OPC UA Server (DHUB):  [CallbackEvntCfgUpd:56] Can not find root dhub device
19.09.2024 09:46:33.597: OPC UA Server (DHUB):  [CallbackEvntCfgUpd:56] Can not find root dhub device
19.09.2024 09:56:45.327: OPC UA Server (DHUB):  [CallbackEvntCfgUpd:56] Can not find root dhub device
20.09.2024 04:43:32.325: ================================================NEW LOG SESSION===================================================
20.09.2024 04:43:32.511: OPC UA Server (DHUB):  [main:87] Build date/time: Mar  7 2024 18:38:07
20.09.2024 04:43:32.524: OPC UA Server (DHUB):  [main:106] UA Server enable
20.09.2024 04:43:32.525: OPC UA Server (DHUB):  [InitUaServer:280] XML Parcer initialized
20.09.2024 04:43:32.548: OPC UA Server (DHUB):  [ReadUsers:169] open users file ok
20.09.2024 04:43:32.550: OPC UA Server (DHUB):  [ReadUsers:180] init user
20.09.2024 04:43:32.551: OPC UA Server (DHUB):  [InitUser:268] user added
20.09.2024 04:43:32.563: OPC UA Server (DHUB):  [ReadBoolSetting:74] Read UA settings: codesys_log_info is FALSE
20.09.2024 04:43:32.570: OPC UA Server (DHUB):  [ReadConfig:233] Read UA settings: General.iec-pack-mode element not found, default format accepted
20.09.2024 04:43:32.577: OPC UA Server (DHUB):  [main:112] Starting UA Server ...
20.09.2024 04:43:32.751: OPC UA Server (DHUB):  [main:116] UA Server started
20.09.2024 04:43:32.752: OPC UA Server (DHUB):  [main:123] Set user ID = 1000
20.09.2024 04:52:27.082: OPC UA Server (DHUB):  [CallbackEvntCfgUpd:56] Can not find root dhub device
20.09.2024 05:00:04.758: ================================================NEW LOG SESSION===================================================
20.09.2024 05:00:05.059: OPC UA Server (DHUB):  [main:87] Build date/time: Mar  7 2024 18:38:07
20.09.2024 05:00:05.072: OPC UA Server (DHUB):  [main:106] UA Server enable
20.09.2024 05:00:05.073: OPC UA Server (DHUB):  [InitUaServer:280] XML Parcer initialized
20.09.2024 05:00:05.093: OPC UA Server (DHUB):  [ReadUsers:169] open users file ok
20.09.2024 05:00:05.101: OPC UA Server (DHUB):  [ReadUsers:180] init user
20.09.2024 05:00:05.102: OPC UA Server (DHUB):  [InitUser:268] user added
20.09.2024 05:00:05.125: OPC UA Server (DHUB):  [ReadBoolSetting:74] Read UA settings: codesys_log_info is FALSE
20.09.2024 05:00:05.161: OPC UA Server (DHUB):  [ReadConfig:233] Read UA settings: General.iec-pack-mode element not found, default format accepted
20.09.2024 05:00:05.166: OPC UA Server (DHUB):  [main:112] Starting UA Server ...
20.09.2024 05:00:05.382: OPC UA Server (DHUB):  [main:116] UA Server started
20.09.2024 05:00:05.383: OPC UA Server (DHUB):  [main:123] Set user ID = 1000
20.09.2024 06:32:29.912: OPC UA Server (DHUB):  [CallbackEvntCfgUpd:56] Can not find root dhub device
23.09.2024 07:29:39.177: ================================================NEW LOG SESSION===================================================
23.09.2024 07:29:39.393: OPC UA Server (DHUB):  [main:87] Build date/time: Mar  7 2024 18:38:07
23.09.2024 07:29:39.407: OPC UA Server (DHUB):  [main:106] UA Server enable
23.09.2024 07:29:39.408: OPC UA Server (DHUB):  [InitUaServer:280] XML Parcer initialized
23.09.2024 07:29:39.433: OPC UA Server (DHUB):  [ReadUsers:169] open users file ok
23.09.2024 07:29:39.436: OPC UA Server (DHUB):  [ReadUsers:180] init user
23.09.2024 07:29:39.437: OPC UA Server (DHUB):  [InitUser:268] user added
23.09.2024 07:29:39.453: OPC UA Server (DHUB):  [ReadBoolSetting:74] Read UA settings: codesys_log_info is FALSE
23.09.2024 07:29:39.483: OPC UA Server (DHUB):  [ReadConfig:233] Read UA settings: General.iec-pack-mode element not found, default format accepted
23.09.2024 07:29:39.492: OPC UA Server (DHUB):  [main:112] Starting UA Server ...
23.09.2024 07:29:39.672: OPC UA Server (DHUB):  [main:116] UA Server started
23.09.2024 07:29:39.673: OPC UA Server (DHUB):  [main:123] Set user ID = 1000
23.09.2024 08:11:06.541: OPC UA Server (DHUB):  [CallbackEvntCfgUpd:56] Can not find root dhub device
23.09.2024 08:12:23.878: ================================================NEW LOG SESSION===================================================
23.09.2024 08:12:24.155: OPC UA Server (DHUB):  [main:87] Build date/time: Mar  7 2024 18:38:07
23.09.2024 08:12:24.174: OPC UA Server (DHUB):  [main:106] UA Server enable
23.09.2024 08:12:24.175: OPC UA Server (DHUB):  [InitUaServer:280] XML Parcer initialized
23.09.2024 08:12:24.197: OPC UA Server (DHUB):  [ReadUsers:169] open users file ok
23.09.2024 08:12:24.199: OPC UA Server (DHUB):  [ReadUsers:180] init user
23.09.2024 08:12:24.200: OPC UA Server (DHUB):  [InitUser:268] user added
23.09.2024 08:12:24.218: OPC UA Server (DHUB):  [ReadBoolSetting:74] Read UA settings: codesys_log_info is FALSE
23.09.2024 08:12:24.252: OPC UA Server (DHUB):  [ReadConfig:233] Read UA settings: General.iec-pack-mode element not found, default format accepted
23.09.2024 08:12:24.256: OPC UA Server (DHUB):  [main:112] Starting UA Server ...
23.09.2024 08:12:24.425: OPC UA Server (DHUB):  [main:116] UA Server started
23.09.2024 08:12:24.425: OPC UA Server (DHUB):  [main:123] Set user ID = 1000
23.09.2024 10:13:49.679: OPC UA Server (DHUB):  [CallbackEvntCfgUpd:56] Can not find root dhub device
23.09.2024 10:30:35.189: ================================================NEW LOG SESSION===================================================
23.09.2024 10:30:35.454: OPC UA Server (DHUB):  [main:87] Build date/time: Mar  7 2024 18:38:07
23.09.2024 10:30:35.466: OPC UA Server (DHUB):  [main:106] UA Server enable
23.09.2024 10:30:35.466: OPC UA Server (DHUB):  [InitUaServer:280] XML Parcer initialized
23.09.2024 10:30:35.485: OPC UA Server (DHUB):  [ReadUsers:169] open users file ok
23.09.2024 10:30:35.487: OPC UA Server (DHUB):  [ReadUsers:180] init user
23.09.2024 10:30:35.488: OPC UA Server (DHUB):  [InitUser:268] user added
23.09.2024 10:30:35.497: OPC UA Server (DHUB):  [ReadBoolSetting:74] Read UA settings: codesys_log_info is FALSE
23.09.2024 10:30:35.504: OPC UA Server (DHUB):  [ReadConfig:233] Read UA settings: General.iec-pack-mode element not found, default format accepted
23.09.2024 10:30:35.527: OPC UA Server (DHUB):  [main:112] Starting UA Server ...
23.09.2024 10:30:35.731: OPC UA Server (DHUB):  [main:116] UA Server started
23.09.2024 10:30:35.731: OPC UA Server (DHUB):  [main:123] Set user ID = 1000
24.09.2024 04:29:30.288: ================================================NEW LOG SESSION===================================================
24.09.2024 04:29:30.470: OPC UA Server (DHUB):  [main:87] Build date/time: Mar  7 2024 18:38:07
24.09.2024 04:29:30.485: OPC UA Server (DHUB):  [main:106] UA Server enable
24.09.2024 04:29:30.485: OPC UA Server (DHUB):  [InitUaServer:280] XML Parcer initialized
24.09.2024 04:29:30.502: OPC UA Server (DHUB):  [ReadUsers:169] open users file ok
24.09.2024 04:29:30.503: OPC UA Server (DHUB):  [ReadUsers:180] init user
24.09.2024 04:29:30.504: OPC UA Server (DHUB):  [InitUser:268] user added
24.09.2024 04:29:30.514: OPC UA Server (DHUB):  [ReadBoolSetting:74] Read UA settings: codesys_log_info is FALSE
24.09.2024 04:29:30.522: OPC UA Server (DHUB):  [ReadConfig:233] Read UA settings: General.iec-pack-mode element not found, default format accepted
24.09.2024 04:29:30.530: OPC UA Server (DHUB):  [main:112] Starting UA Server ...
24.09.2024 04:29:30.723: OPC UA Server (DHUB):  [main:116] UA Server started
24.09.2024 04:29:30.723: OPC UA Server (DHUB):  [main:123] Set user ID = 1000
24.09.2024 08:58:49.703: OPC UA Server (DHUB):  [CallbackEvntCfgUpd:56] Can not find root dhub device
24.09.2024 09:11:32.421: OPC UA Server (DHUB):  [CallbackEvntCfgUpd:56] Can not find root dhub device
24.09.2024 09:22:51.677: ================================================NEW LOG SESSION===================================================
24.09.2024 09:22:51.890: OPC UA Server (DHUB):  [main:87] Build date/time: Mar  7 2024 18:38:07
24.09.2024 09:22:51.919: OPC UA Server (DHUB):  [main:106] UA Server enable
24.09.2024 09:22:51.920: OPC UA Server (DHUB):  [InitUaServer:280] XML Parcer initialized
24.09.2024 09:22:51.947: OPC UA Server (DHUB):  [ReadUsers:169] open users file ok
24.09.2024 09:22:51.953: OPC UA Server (DHUB):  [ReadUsers:180] init user
24.09.2024 09:22:51.955: OPC UA Server (DHUB):  [InitUser:268] user added
24.09.2024 09:22:51.998: OPC UA Server (DHUB):  [ReadBoolSetting:74] Read UA settings: codesys_log_info is FALSE
24.09.2024 09:22:52.073: OPC UA Server (DHUB):  [ReadConfig:233] Read UA settings: General.iec-pack-mode element not found, default format accepted
24.09.2024 09:22:52.078: OPC UA Server (DHUB):  [main:112] Starting UA Server ...
24.09.2024 09:22:52.315: OPC UA Server (DHUB):  [main:116] UA Server started
24.09.2024 09:22:52.316: OPC UA Server (DHUB):  [main:123] Set user ID = 1000
24.09.2024 12:49:49.790: OPC UA Server (DHUB):  [CallbackEvntCfgUpd:56] Can not find root dhub device
24.09.2024 12:53:44.309: OPC UA Server (DHUB):  [CallbackEvntCfgUpd:56] Can not find root dhub device
24.09.2024 12:55:35.491: OPC UA Server (DHUB):  [CallbackEvntCfgUpd:56] Can not find root dhub device
25.09.2024 04:29:31.752: ================================================NEW LOG SESSION===================================================
25.09.2024 04:29:32.088: OPC UA Server (DHUB):  [main:87] Build date/time: Mar  7 2024 18:38:07
25.09.2024 04:29:32.113: OPC UA Server (DHUB):  [main:106] UA Server enable
25.09.2024 04:29:32.114: OPC UA Server (DHUB):  [InitUaServer:280] XML Parcer initialized
25.09.2024 04:29:32.134: OPC UA Server (DHUB):  [ReadUsers:169] open users file ok
25.09.2024 04:29:32.141: OPC UA Server (DHUB):  [ReadUsers:180] init user
25.09.2024 04:29:32.142: OPC UA Server (DHUB):  [InitUser:268] user added
25.09.2024 04:29:32.176: OPC UA Server (DHUB):  [ReadBoolSetting:74] Read UA settings: codesys_log_info is FALSE
25.09.2024 04:29:32.220: OPC UA Server (DHUB):  [ReadConfig:233] Read UA settings: General.iec-pack-mode element not found, default format accepted
25.09.2024 04:29:32.223: OPC UA Server (DHUB):  [main:112] Starting UA Server ...
25.09.2024 04:29:32.450: OPC UA Server (DHUB):  [main:116] UA Server started
25.09.2024 04:29:32.450: OPC UA Server (DHUB):  [main:123] Set user ID = 1000
25.09.2024 04:34:47.920: OPC UA Server (DHUB):  [CallbackEvntCfgUpd:56] Can not find root dhub device
25.09.2024 04:38:35.085: ================================================NEW LOG SESSION===================================================
25.09.2024 04:38:35.358: OPC UA Server (DHUB):  [main:87] Build date/time: Mar  7 2024 18:38:07
25.09.2024 04:38:35.370: OPC UA Server (DHUB):  [main:106] UA Server enable
25.09.2024 04:38:35.372: OPC UA Server (DHUB):  [InitUaServer:280] XML Parcer initialized
25.09.2024 04:38:35.392: OPC UA Server (DHUB):  [ReadUsers:169] open users file ok
25.09.2024 04:38:35.394: OPC UA Server (DHUB):  [ReadUsers:180] init user
25.09.2024 04:38:35.395: OPC UA Server (DHUB):  [InitUser:268] user added
25.09.2024 04:38:35.410: OPC UA Server (DHUB):  [ReadBoolSetting:74] Read UA settings: codesys_log_info is FALSE
25.09.2024 04:38:35.440: OPC UA Server (DHUB):  [ReadConfig:233] Read UA settings: General.iec-pack-mode element not found, default format accepted
25.09.2024 04:38:35.445: OPC UA Server (DHUB):  [main:112] Starting UA Server ...
25.09.2024 04:38:35.647: OPC UA Server (DHUB):  [main:116] UA Server started
25.09.2024 04:38:35.648: OPC UA Server (DHUB):  [main:123] Set user ID = 1000
25.09.2024 04:47:22.456: OPC UA Server (DHUB):  [CallbackEvntCfgUpd:56] Can not find root dhub device
25.09.2024 05:08:34.728: OPC UA Server (DHUB):  [CallbackEvntCfgUpd:56] Can not find root dhub device
25.09.2024 13:40:41.259: OPC UA Server (DHUB):  [CallbackEvntCfgUpd:56] Can not find root dhub device
26.09.2024 04:27:18.165: ================================================NEW LOG SESSION===================================================
26.09.2024 04:27:18.408: OPC UA Server (DHUB):  [main:87] Build date/time: Mar  7 2024 18:38:07
26.09.2024 04:27:18.417: OPC UA Server (DHUB):  [main:106] UA Server enable
26.09.2024 04:27:18.417: OPC UA Server (DHUB):  [InitUaServer:280] XML Parcer initialized
26.09.2024 04:27:18.433: OPC UA Server (DHUB):  [ReadUsers:169] open users file ok
26.09.2024 04:27:18.435: OPC UA Server (DHUB):  [ReadUsers:180] init user
26.09.2024 04:27:18.438: OPC UA Server (DHUB):  [InitUser:268] user added
26.09.2024 04:27:18.449: OPC UA Server (DHUB):  [ReadBoolSetting:74] Read UA settings: codesys_log_info is FALSE
26.09.2024 04:27:18.454: OPC UA Server (DHUB):  [ReadConfig:233] Read UA settings: General.iec-pack-mode element not found, default format accepted
26.09.2024 04:27:18.457: OPC UA Server (DHUB):  [main:112] Starting UA Server ...
26.09.2024 04:27:18.686: OPC UA Server (DHUB):  [main:116] UA Server started
26.09.2024 04:27:18.687: OPC UA Server (DHUB):  [main:123] Set user ID = 1000
26.09.2024 04:46:38.713: OPC UA Server (DHUB):  [CallbackEvntCfgUpd:56] Can not find root dhub device
26.09.2024 05:38:19.914: OPC UA Server (DHUB):  [CallbackEvntCfgUpd:56] Can not find root dhub device
26.09.2024 05:46:39.483: OPC UA Server (DHUB):  [CallbackEvntCfgUpd:56] Can not find root dhub device
26.09.2024 05:52:20.087: OPC UA Server (DHUB):  [CallbackEvntCfgUpd:56] Can not find root dhub device
26.09.2024 06:57:15.052: OPC UA Server (DHUB):  [CallbackEvntCfgUpd:56] Can not find root dhub device
26.09.2024 08:36:14.908: OPC UA Server (DHUB):  [CallbackEvntCfgUpd:56] Can not find root dhub device
26.09.2024 11:58:31.306: OPC UA Server (DHUB):  [CallbackEvntCfgUpd:56] Can not find root dhub device
26.09.2024 12:09:27.797: OPC UA Server (DHUB):  [CallbackEvntCfgUpd:56] Can not find root dhub device
26.09.2024 12:16:03.465: OPC UA Server (DHUB):  [CallbackEvntCfgUpd:56] Can not find root dhub device
30.09.2024 06:43:39.731: ================================================NEW LOG SESSION===================================================
30.09.2024 06:43:40.058: OPC UA Server (DHUB):  [main:87] Build date/time: Mar  7 2024 18:38:07
30.09.2024 06:43:40.075: OPC UA Server (DHUB):  [main:106] UA Server enable
30.09.2024 06:43:40.075: OPC UA Server (DHUB):  [InitUaServer:280] XML Parcer initialized
30.09.2024 06:43:40.100: OPC UA Server (DHUB):  [ReadUsers:169] open users file ok
30.09.2024 06:43:40.106: OPC UA Server (DHUB):  [ReadUsers:180] init user
30.09.2024 06:43:40.107: OPC UA Server (DHUB):  [InitUser:268] user added
30.09.2024 06:43:40.129: OPC UA Server (DHUB):  [ReadBoolSetting:74] Read UA settings: codesys_log_info is FALSE
30.09.2024 06:43:40.162: OPC UA Server (DHUB):  [ReadConfig:233] Read UA settings: General.iec-pack-mode element not found, default format accepted
30.09.2024 06:43:40.165: OPC UA Server (DHUB):  [main:112] Starting UA Server ...
30.09.2024 06:43:40.387: OPC UA Server (DHUB):  [main:116] UA Server started
30.09.2024 06:43:40.388: OPC UA Server (DHUB):  [main:123] Set user ID = 1000
30.09.2024 06:47:03.216: ================================================NEW LOG SESSION===================================================
30.09.2024 06:47:03.463: OPC UA Server (DHUB):  [main:87] Build date/time: Mar  7 2024 18:38:07
30.09.2024 06:47:03.469: OPC UA Server (DHUB):  [main:106] UA Server enable
30.09.2024 06:47:03.469: OPC UA Server (DHUB):  [InitUaServer:280] XML Parcer initialized
30.09.2024 06:47:03.484: OPC UA Server (DHUB):  [ReadUsers:169] open users file ok
30.09.2024 06:47:03.488: OPC UA Server (DHUB):  [ReadUsers:180] init user
30.09.2024 06:47:03.488: OPC UA Server (DHUB):  [InitUser:268] user added
30.09.2024 06:47:03.497: OPC UA Server (DHUB):  [ReadBoolSetting:74] Read UA settings: codesys_log_info is FALSE
30.09.2024 06:47:03.503: OPC UA Server (DHUB):  [ReadConfig:233] Read UA settings: General.iec-pack-mode element not found, default format accepted
30.09.2024 06:47:03.505: OPC UA Server (DHUB):  [main:112] Starting UA Server ...
30.09.2024 06:47:03.738: OPC UA Server (DHUB):  [main:116] UA Server started
30.09.2024 06:47:03.738: OPC UA Server (DHUB):  [main:123] Set user ID = 1000
30.09.2024 06:58:10.005: ================================================NEW LOG SESSION===================================================
30.09.2024 06:58:10.293: OPC UA Server (DHUB):  [main:87] Build date/time: Mar  7 2024 18:38:07
30.09.2024 06:58:10.308: OPC UA Server (DHUB):  [main:106] UA Server enable
30.09.2024 06:58:10.308: OPC UA Server (DHUB):  [InitUaServer:280] XML Parcer initialized
30.09.2024 06:58:10.326: OPC UA Server (DHUB):  [ReadUsers:169] open users file ok
30.09.2024 06:58:10.329: OPC UA Server (DHUB):  [ReadUsers:180] init user
30.09.2024 06:58:10.330: OPC UA Server (DHUB):  [InitUser:268] user added
30.09.2024 06:58:10.348: OPC UA Server (DHUB):  [ReadBoolSetting:74] Read UA settings: codesys_log_info is FALSE
30.09.2024 06:58:10.390: OPC UA Server (DHUB):  [ReadConfig:233] Read UA settings: General.iec-pack-mode element not found, default format accepted
30.09.2024 06:58:10.394: OPC UA Server (DHUB):  [main:112] Starting UA Server ...
30.09.2024 06:58:10.578: OPC UA Server (DHUB):  [main:116] UA Server started
30.09.2024 06:58:10.578: OPC UA Server (DHUB):  [main:123] Set user ID = 1000
30.09.2024 08:49:19.886: ================================================NEW LOG SESSION===================================================
30.09.2024 08:49:20.176: OPC UA Server (DHUB):  [main:87] Build date/time: Mar  7 2024 18:38:07
30.09.2024 08:49:20.192: OPC UA Server (DHUB):  [main:106] UA Server enable
30.09.2024 08:49:20.192: OPC UA Server (DHUB):  [InitUaServer:280] XML Parcer initialized
30.09.2024 08:49:20.210: OPC UA Server (DHUB):  [ReadUsers:169] open users file ok
30.09.2024 08:49:20.213: OPC UA Server (DHUB):  [ReadUsers:180] init user
30.09.2024 08:49:20.215: OPC UA Server (DHUB):  [InitUser:268] user added
30.09.2024 08:49:20.234: OPC UA Server (DHUB):  [ReadBoolSetting:74] Read UA settings: codesys_log_info is FALSE
30.09.2024 08:49:20.265: OPC UA Server (DHUB):  [ReadConfig:233] Read UA settings: General.iec-pack-mode element not found, default format accepted
30.09.2024 08:49:20.272: OPC UA Server (DHUB):  [main:112] Starting UA Server ...
30.09.2024 08:49:20.454: OPC UA Server (DHUB):  [main:116] UA Server started
30.09.2024 08:49:20.454: OPC UA Server (DHUB):  [main:123] Set user ID = 1000
30.09.2024 08:51:25.121: ================================================NEW LOG SESSION===================================================
30.09.2024 08:51:25.386: OPC UA Server (DHUB):  [main:87] Build date/time: Mar  7 2024 18:38:07
30.09.2024 08:51:25.396: OPC UA Server (DHUB):  [main:106] UA Server enable
30.09.2024 08:51:25.398: OPC UA Server (DHUB):  [InitUaServer:280] XML Parcer initialized
30.09.2024 08:51:25.418: OPC UA Server (DHUB):  [ReadUsers:169] open users file ok
30.09.2024 08:51:25.421: OPC UA Server (DHUB):  [ReadUsers:180] init user
30.09.2024 08:51:25.422: OPC UA Server (DHUB):  [InitUser:268] user added
30.09.2024 08:51:25.438: OPC UA Server (DHUB):  [ReadBoolSetting:74] Read UA settings: codesys_log_info is FALSE
30.09.2024 08:51:25.448: OPC UA Server (DHUB):  [ReadConfig:233] Read UA settings: General.iec-pack-mode element not found, default format accepted
30.09.2024 08:51:25.450: OPC UA Server (DHUB):  [main:112] Starting UA Server ...
30.09.2024 08:51:25.625: OPC UA Server (DHUB):  [main:116] UA Server started
30.09.2024 08:51:25.625: OPC UA Server (DHUB):  [main:123] Set user ID = 1000
30.09.2024 09:08:20.241: OPC UA Server (DHUB):  [CallbackEvntCfgUpd:56] Can not find root dhub device
30.09.2024 09:10:48.745: OPC UA Server (DHUB):  [CallbackEvntCfgUpd:56] Can not find root dhub device
30.09.2024 11:58:44.005: ================================================NEW LOG SESSION===================================================
30.09.2024 11:58:44.268: OPC UA Server (DHUB):  [main:87] Build date/time: Mar  7 2024 18:38:07
30.09.2024 11:58:44.281: OPC UA Server (DHUB):  [main:106] UA Server enable
30.09.2024 11:58:44.282: OPC UA Server (DHUB):  [InitUaServer:280] XML Parcer initialized
30.09.2024 11:58:44.305: OPC UA Server (DHUB):  [ReadUsers:169] open users file ok
30.09.2024 11:58:44.307: OPC UA Server (DHUB):  [ReadUsers:180] init user
30.09.2024 11:58:44.308: OPC UA Server (DHUB):  [InitUser:268] user added
30.09.2024 11:58:44.324: OPC UA Server (DHUB):  [ReadBoolSetting:74] Read UA settings: codesys_log_info is FALSE
30.09.2024 11:58:44.336: OPC UA Server (DHUB):  [ReadConfig:233] Read UA settings: General.iec-pack-mode element not found, default format accepted
30.09.2024 11:58:44.339: OPC UA Server (DHUB):  [main:112] Starting UA Server ...
30.09.2024 11:58:44.505: OPC UA Server (DHUB):  [main:116] UA Server started
30.09.2024 11:58:44.505: OPC UA Server (DHUB):  [main:123] Set user ID = 1000
01.10.2024 08:38:34.038: ================================================NEW LOG SESSION===================================================
01.10.2024 08:38:34.398: OPC UA Server (DHUB):  [main:87] Build date/time: Mar  7 2024 18:38:07
01.10.2024 08:38:34.418: OPC UA Server (DHUB):  [main:106] UA Server enable
01.10.2024 08:38:34.418: OPC UA Server (DHUB):  [InitUaServer:280] XML Parcer initialized
01.10.2024 08:38:34.437: OPC UA Server (DHUB):  [ReadUsers:169] open users file ok
01.10.2024 08:38:34.442: OPC UA Server (DHUB):  [ReadUsers:180] init user
01.10.2024 08:38:34.443: OPC UA Server (DHUB):  [InitUser:268] user added
01.10.2024 08:38:34.479: OPC UA Server (DHUB):  [ReadBoolSetting:74] Read UA settings: codesys_log_info is FALSE
01.10.2024 08:38:34.525: OPC UA Server (DHUB):  [ReadConfig:233] Read UA settings: General.iec-pack-mode element not found, default format accepted
01.10.2024 08:38:34.529: OPC UA Server (DHUB):  [main:112] Starting UA Server ...
01.10.2024 08:38:34.754: OPC UA Server (DHUB):  [main:116] UA Server started
01.10.2024 08:38:34.754: OPC UA Server (DHUB):  [main:123] Set user ID = 1000
01.10.2024 08:40:26.217: ================================================NEW LOG SESSION===================================================
01.10.2024 08:40:26.415: OPC UA Server (DHUB):  [main:87] Build date/time: Mar  7 2024 18:38:07
01.10.2024 08:40:26.426: OPC UA Server (DHUB):  [main:106] UA Server enable
01.10.2024 08:40:26.427: OPC UA Server (DHUB):  [InitUaServer:280] XML Parcer initialized
01.10.2024 08:40:26.441: OPC UA Server (DHUB):  [ReadUsers:169] open users file ok
01.10.2024 08:40:26.444: OPC UA Server (DHUB):  [ReadUsers:180] init user
01.10.2024 08:40:26.445: OPC UA Server (DHUB):  [InitUser:268] user added
01.10.2024 08:40:26.465: OPC UA Server (DHUB):  [ReadBoolSetting:74] Read UA settings: codesys_log_info is FALSE
01.10.2024 08:40:26.468: OPC UA Server (DHUB):  [ReadConfig:233] Read UA settings: General.iec-pack-mode element not found, default format accepted
01.10.2024 08:40:26.472: OPC UA Server (DHUB):  [main:112] Starting UA Server ...
01.10.2024 08:40:26.646: OPC UA Server (DHUB):  [main:116] UA Server started
01.10.2024 08:40:26.646: OPC UA Server (DHUB):  [main:123] Set user ID = 1000
01.10.2024 08:43:16.219: ================================================NEW LOG SESSION===================================================
01.10.2024 08:43:16.442: OPC UA Server (DHUB):  [main:87] Build date/time: Mar  7 2024 18:38:07
01.10.2024 08:43:16.447: OPC UA Server (DHUB):  [main:106] UA Server enable
01.10.2024 08:43:16.448: OPC UA Server (DHUB):  [InitUaServer:280] XML Parcer initialized
01.10.2024 08:43:16.482: OPC UA Server (DHUB):  [ReadUsers:169] open users file ok
01.10.2024 08:43:16.484: OPC UA Server (DHUB):  [ReadUsers:180] init user
01.10.2024 08:43:16.485: OPC UA Server (DHUB):  [InitUser:268] user added
01.10.2024 08:43:16.511: OPC UA Server (DHUB):  [ReadBoolSetting:74] Read UA settings: codesys_log_info is FALSE
01.10.2024 08:43:16.553: OPC UA Server (DHUB):  [ReadConfig:233] Read UA settings: General.iec-pack-mode element not found, default format accepted
01.10.2024 08:43:16.559: OPC UA Server (DHUB):  [main:112] Starting UA Server ...
01.10.2024 08:43:16.749: OPC UA Server (DHUB):  [main:116] UA Server started
01.10.2024 08:43:16.749: OPC UA Server (DHUB):  [main:123] Set user ID = 1000
02.10.2024 04:34:22.321: OPC UA Server (DHUB):  [CallbackEvntCfgUpd:56] Can not find root dhub device
02.10.2024 11:51:40.956: ================================================NEW LOG SESSION===================================================
02.10.2024 11:51:41.225: OPC UA Server (DHUB):  [main:87] Build date/time: Mar  7 2024 18:38:07
02.10.2024 11:51:41.234: OPC UA Server (DHUB):  [main:106] UA Server enable
02.10.2024 11:51:41.234: OPC UA Server (DHUB):  [InitUaServer:280] XML Parcer initialized
02.10.2024 11:51:41.252: OPC UA Server (DHUB):  [ReadUsers:169] open users file ok
02.10.2024 11:51:41.255: OPC UA Server (DHUB):  [ReadUsers:180] init user
02.10.2024 11:51:41.257: OPC UA Server (DHUB):  [InitUser:268] user added
02.10.2024 11:51:41.280: OPC UA Server (DHUB):  [ReadBoolSetting:74] Read UA settings: codesys_log_info is FALSE
02.10.2024 11:51:41.305: OPC UA Server (DHUB):  [ReadConfig:233] Read UA settings: General.iec-pack-mode element not found, default format accepted
02.10.2024 11:51:41.309: OPC UA Server (DHUB):  [main:112] Starting UA Server ...
02.10.2024 11:51:41.478: OPC UA Server (DHUB):  [main:116] UA Server started
02.10.2024 11:51:41.478: OPC UA Server (DHUB):  [main:123] Set user ID = 1000
03.10.2024 04:48:27.587: ================================================NEW LOG SESSION===================================================
03.10.2024 04:48:27.862: OPC UA Server (DHUB):  [main:87] Build date/time: Mar  7 2024 18:38:07
03.10.2024 04:48:27.872: OPC UA Server (DHUB):  [main:106] UA Server enable
03.10.2024 04:48:27.872: OPC UA Server (DHUB):  [InitUaServer:280] XML Parcer initialized
03.10.2024 04:48:27.890: OPC UA Server (DHUB):  [ReadUsers:169] open users file ok
03.10.2024 04:48:27.894: OPC UA Server (DHUB):  [ReadUsers:180] init user
03.10.2024 04:48:27.895: OPC UA Server (DHUB):  [InitUser:268] user added
03.10.2024 04:48:27.916: OPC UA Server (DHUB):  [ReadBoolSetting:74] Read UA settings: codesys_log_info is FALSE
03.10.2024 04:48:27.943: OPC UA Server (DHUB):  [ReadConfig:233] Read UA settings: General.iec-pack-mode element not found, default format accepted
03.10.2024 04:48:27.951: OPC UA Server (DHUB):  [main:112] Starting UA Server ...
03.10.2024 04:48:28.117: OPC UA Server (DHUB):  [main:116] UA Server started
03.10.2024 04:48:28.118: OPC UA Server (DHUB):  [main:123] Set user ID = 1000
03.10.2024 05:37:03.340: OPC UA Server (DHUB):  [CallbackEvntCfgUpd:56] Can not find root dhub device
03.10.2024 05:51:42.665: OPC UA Server (DHUB):  [CallbackEvntCfgUpd:56] Can not find root dhub device
03.10.2024 06:44:19.343: OPC UA Server (DHUB):  [CallbackEvntCfgUpd:56] Can not find root dhub device
03.10.2024 08:06:35.952: OPC UA Server (DHUB):  [CallbackEvntCfgUpd:56] Can not find root dhub device
03.10.2024 11:12:26.332: OPC UA Server (DHUB):  [CallbackEvntCfgUpd:56] Can not find root dhub device
03.10.2024 12:10:17.105: OPC UA Server (DHUB):  [CallbackEvntCfgUpd:56] Can not find root dhub device
03.10.2024 12:47:38.359: OPC UA Server (DHUB):  [CallbackEvntCfgUpd:56] Can not find root dhub device
04.10.2024 04:24:06.819: OPC UA Server (DHUB):  [CallbackEvntCfgUpd:56] Can not find root dhub device
04.10.2024 04:27:46.516: ================================================NEW LOG SESSION===================================================
04.10.2024 04:27:46.758: OPC UA Server (DHUB):  [main:87] Build date/time: Mar  7 2024 18:38:07
04.10.2024 04:27:46.765: OPC UA Server (DHUB):  [main:106] UA Server enable
04.10.2024 04:27:46.765: OPC UA Server (DHUB):  [InitUaServer:280] XML Parcer initialized
04.10.2024 04:27:46.783: OPC UA Server (DHUB):  [ReadUsers:169] open users file ok
04.10.2024 04:27:46.784: OPC UA Server (DHUB):  [ReadUsers:180] init user
04.10.2024 04:27:46.785: OPC UA Server (DHUB):  [InitUser:268] user added
04.10.2024 04:27:46.793: OPC UA Server (DHUB):  [ReadBoolSetting:74] Read UA settings: codesys_log_info is FALSE
04.10.2024 04:27:46.798: OPC UA Server (DHUB):  [ReadConfig:233] Read UA settings: General.iec-pack-mode element not found, default format accepted
04.10.2024 04:27:46.811: OPC UA Server (DHUB):  [main:112] Starting UA Server ...
04.10.2024 04:27:46.995: OPC UA Server (DHUB):  [main:116] UA Server started
04.10.2024 04:27:46.995: OPC UA Server (DHUB):  [main:123] Set user ID = 1000
04.10.2024 05:49:47.807: OPC UA Server (DHUB):  [CallbackEvntCfgUpd:56] Can not find root dhub device
04.10.2024 08:59:57.070: OPC UA Server (DHUB):  [CallbackEvntCfgUpd:56] Can not find root dhub device
04.10.2024 09:30:03.794: OPC UA Server (DHUB):  [CallbackEvntCfgUpd:56] Can not find root dhub device
