08.05.2024 08:13:01.394: ================================================NEW LOG SESSION===================================================
08.05.2024 08:13:04.542: QQnxScreen: Attached to Device, number of displays: 1
08.05.2024 08:13:04.542: QQnxScreen: Attached to Display 0, resolution 800x600, refresh 60 Hz
08.05.2024 08:13:04.548: QQnxMouseHandler: connected.
08.05.2024 08:13:04.549: QWSQnxKeyboardHandler: Unable to open device (No such file or directory)
08.05.2024 08:13:04.550: QWSQnxKeyboardHandler: connected.
08.05.2024 08:13:05.554: QQnxMouseHandler: connected.
08.05.2024 08:13:05.554: QQnxMouseHandler: Unable to open mouse device (No such file or directory)
08.05.2024 08:13:05.555: QQnxMouseHandler: connected.
13.05.2024 04:26:10.394: ================================================NEW LOG SESSION===================================================
13.05.2024 04:26:13.444: QQnxScreen: Attached to Device, number of displays: 1
13.05.2024 04:26:13.444: QQnxScreen: Attached to Display 0, resolution 800x600, refresh 60 Hz
13.05.2024 04:26:13.450: QQnxMouseHandler: connected.
13.05.2024 04:26:13.452: QWSQnxKeyboardHandler: Unable to open device (No such file or directory)
13.05.2024 04:26:13.452: QWSQnxKeyboardHandler: connected.
13.05.2024 04:26:14.456: QQnxMouseHandler: connected.
13.05.2024 04:26:14.456: QQnxMouseHandler: Unable to open mouse device (No such file or directory)
13.05.2024 04:26:14.457: QQnxMouseHandler: connected.
13.05.2024 04:48:23.347: ================================================NEW LOG SESSION===================================================
13.05.2024 04:48:26.407: QQnxScreen: Attached to Device, number of displays: 1
13.05.2024 04:48:26.407: QQnxScreen: Attached to Display 0, resolution 800x600, refresh 60 Hz
13.05.2024 04:48:26.413: QQnxMouseHandler: connected.
13.05.2024 04:48:26.414: QWSQnxKeyboardHandler: Unable to open device (No such file or directory)
13.05.2024 04:48:26.415: QWSQnxKeyboardHandler: connected.
13.05.2024 04:48:27.419: QQnxMouseHandler: connected.
13.05.2024 04:48:27.419: QQnxMouseHandler: Unable to open mouse device (No such file or directory)
13.05.2024 04:48:27.420: QQnxMouseHandler: connected.
13.05.2024 04:55:12.472: QWSLock::QWSLock: No such file or directory
13.05.2024 04:55:12.472: Unable to open semaphore
13.05.2024 04:55:15.331: ================================================END LOG SESSION===================================================
13.05.2024 04:55:55.748: ================================================NEW LOG SESSION===================================================
13.05.2024 04:55:56.335: QQnxScreen: Attached to Device, number of displays: 1
13.05.2024 04:55:56.336: QQnxScreen: Attached to Display 0, resolution 800x600, refresh 60 Hz
13.05.2024 04:55:56.341: QQnxMouseHandler: connected.
13.05.2024 04:55:56.342: QWSQnxKeyboardHandler: Unable to open device (No such file or directory)
13.05.2024 04:55:56.343: QWSQnxKeyboardHandler: connected.
13.05.2024 04:55:57.345: QQnxMouseHandler: connected.
13.05.2024 04:55:57.345: QQnxMouseHandler: Unable to open mouse device (No such file or directory)
13.05.2024 04:55:57.345: QQnxMouseHandler: connected.
13.05.2024 05:29:05.352: ================================================NEW LOG SESSION===================================================
13.05.2024 05:29:08.396: QQnxScreen: Attached to Device, number of displays: 1
13.05.2024 05:29:08.397: QQnxScreen: Attached to Display 0, resolution 800x600, refresh 60 Hz
13.05.2024 05:29:08.403: QQnxMouseHandler: connected.
13.05.2024 05:29:08.404: QWSQnxKeyboardHandler: Unable to open device (No such file or directory)
13.05.2024 05:29:08.405: QWSQnxKeyboardHandler: connected.
13.05.2024 05:29:09.409: QQnxMouseHandler: connected.
13.05.2024 05:29:09.409: QQnxMouseHandler: Unable to open mouse device (No such file or directory)
13.05.2024 05:29:09.410: QQnxMouseHandler: connected.
13.05.2024 05:59:27.368: ================================================NEW LOG SESSION===================================================
13.05.2024 05:59:30.416: QQnxScreen: Attached to Device, number of displays: 1
13.05.2024 05:59:30.417: QQnxScreen: Attached to Display 0, resolution 800x600, refresh 60 Hz
13.05.2024 05:59:30.423: QQnxMouseHandler: connected.
13.05.2024 05:59:30.424: QWSQnxKeyboardHandler: Unable to open device (No such file or directory)
13.05.2024 05:59:30.424: QWSQnxKeyboardHandler: connected.
13.05.2024 05:59:31.428: QQnxMouseHandler: connected.
13.05.2024 05:59:31.428: QQnxMouseHandler: Unable to open mouse device (No such file or directory)
13.05.2024 05:59:31.429: QQnxMouseHandler: connected.
13.05.2024 06:30:18.382: ================================================NEW LOG SESSION===================================================
13.05.2024 06:30:21.419: QQnxScreen: Attached to Device, number of displays: 1
13.05.2024 06:30:21.419: QQnxScreen: Attached to Display 0, resolution 800x600, refresh 60 Hz
13.05.2024 06:30:21.425: QQnxMouseHandler: connected.
13.05.2024 06:30:21.426: QWSQnxKeyboardHandler: Unable to open device (No such file or directory)
13.05.2024 06:30:21.427: QWSQnxKeyboardHandler: connected.
13.05.2024 06:30:22.431: QQnxMouseHandler: connected.
13.05.2024 06:30:22.431: QQnxMouseHandler: Unable to open mouse device (No such file or directory)
13.05.2024 06:30:22.432: QQnxMouseHandler: connected.
14.05.2024 03:59:57.373: ================================================NEW LOG SESSION===================================================
14.05.2024 04:00:00.436: QQnxScreen: Attached to Device, number of displays: 1
14.05.2024 04:00:00.436: QQnxScreen: Attached to Display 0, resolution 800x600, refresh 60 Hz
14.05.2024 04:00:00.442: QQnxMouseHandler: connected.
14.05.2024 04:00:00.444: QWSQnxKeyboardHandler: Unable to open device (No such file or directory)
14.05.2024 04:00:00.444: QWSQnxKeyboardHandler: connected.
14.05.2024 04:00:01.448: QQnxMouseHandler: connected.
14.05.2024 04:00:01.448: QQnxMouseHandler: Unable to open mouse device (No such file or directory)
14.05.2024 04:00:01.449: QQnxMouseHandler: connected.
14.05.2024 04:12:54.346: ================================================NEW LOG SESSION===================================================
14.05.2024 04:12:57.388: QQnxScreen: Attached to Device, number of displays: 1
14.05.2024 04:12:57.389: QQnxScreen: Attached to Display 0, resolution 800x600, refresh 60 Hz
14.05.2024 04:12:57.394: QQnxMouseHandler: connected.
14.05.2024 04:12:57.396: QWSQnxKeyboardHandler: Unable to open device (No such file or directory)
14.05.2024 04:12:57.396: QWSQnxKeyboardHandler: connected.
14.05.2024 04:12:58.401: QQnxMouseHandler: connected.
14.05.2024 04:12:58.401: QQnxMouseHandler: Unable to open mouse device (No such file or directory)
14.05.2024 04:12:58.402: QQnxMouseHandler: connected.
14.05.2024 04:26:29.398: ================================================NEW LOG SESSION===================================================
14.05.2024 04:26:32.541: QQnxScreen: Attached to Device, number of displays: 1
14.05.2024 04:26:32.542: QQnxScreen: Attached to Display 0, resolution 800x600, refresh 60 Hz
14.05.2024 04:26:32.548: QQnxMouseHandler: connected.
14.05.2024 04:26:32.549: QWSQnxKeyboardHandler: Unable to open device (No such file or directory)
14.05.2024 04:26:32.549: QWSQnxKeyboardHandler: connected.
14.05.2024 04:26:33.554: QQnxMouseHandler: connected.
14.05.2024 04:26:33.554: QQnxMouseHandler: Unable to open mouse device (No such file or directory)
14.05.2024 04:26:33.555: QQnxMouseHandler: connected.
14.05.2024 06:29:41.470: QWSLock::QWSLock: No such file or directory
14.05.2024 06:29:41.470: Unable to open semaphore
14.05.2024 06:29:45.286: ================================================END LOG SESSION===================================================
14.05.2024 06:30:12.386: ================================================NEW LOG SESSION===================================================
14.05.2024 06:30:15.493: QQnxScreen: Attached to Device, number of displays: 1
14.05.2024 06:30:15.493: QQnxScreen: Attached to Display 0, resolution 800x600, refresh 60 Hz
14.05.2024 06:30:15.499: QQnxMouseHandler: connected.
14.05.2024 06:30:15.501: QWSQnxKeyboardHandler: Unable to open device (No such file or directory)
14.05.2024 06:30:15.501: QWSQnxKeyboardHandler: connected.
14.05.2024 06:30:16.505: QQnxMouseHandler: connected.
14.05.2024 06:30:16.505: QQnxMouseHandler: Unable to open mouse device (No such file or directory)
14.05.2024 06:30:16.506: QQnxMouseHandler: connected.
14.05.2024 06:50:59.329: ================================================NEW LOG SESSION===================================================
14.05.2024 06:51:02.386: QQnxScreen: Attached to Device, number of displays: 1
14.05.2024 06:51:02.386: QQnxScreen: Attached to Display 0, resolution 800x600, refresh 60 Hz
14.05.2024 06:51:02.392: QQnxMouseHandler: connected.
14.05.2024 06:51:02.394: QWSQnxKeyboardHandler: Unable to open device (No such file or directory)
14.05.2024 06:51:02.394: QWSQnxKeyboardHandler: connected.
14.05.2024 06:51:03.398: QQnxMouseHandler: connected.
14.05.2024 06:51:03.398: QQnxMouseHandler: Unable to open mouse device (No such file or directory)
14.05.2024 06:51:03.399: QQnxMouseHandler: connected.
14.05.2024 07:31:38.416: ================================================NEW LOG SESSION===================================================
14.05.2024 07:31:41.527: QQnxScreen: Attached to Device, number of displays: 1
14.05.2024 07:31:41.527: QQnxScreen: Attached to Display 0, resolution 800x600, refresh 60 Hz
14.05.2024 07:31:41.533: QQnxMouseHandler: connected.
14.05.2024 07:31:41.534: QWSQnxKeyboardHandler: Unable to open device (No such file or directory)
14.05.2024 07:31:41.535: QWSQnxKeyboardHandler: connected.
14.05.2024 07:31:42.539: QQnxMouseHandler: connected.
14.05.2024 07:31:42.539: QQnxMouseHandler: Unable to open mouse device (No such file or directory)
14.05.2024 07:31:42.540: QQnxMouseHandler: connected.
14.05.2024 08:13:03.357: ================================================NEW LOG SESSION===================================================
14.05.2024 08:13:06.397: QQnxScreen: Attached to Device, number of displays: 1
14.05.2024 08:13:06.398: QQnxScreen: Attached to Display 0, resolution 800x600, refresh 60 Hz
14.05.2024 08:13:06.404: QQnxMouseHandler: connected.
14.05.2024 08:13:06.405: QWSQnxKeyboardHandler: Unable to open device (No such file or directory)
14.05.2024 08:13:06.405: QWSQnxKeyboardHandler: connected.
14.05.2024 08:13:07.410: QQnxMouseHandler: connected.
14.05.2024 08:13:07.410: QQnxMouseHandler: Unable to open mouse device (No such file or directory)
14.05.2024 08:13:07.411: QQnxMouseHandler: connected.
14.05.2024 08:59:54.299: ================================================NEW LOG SESSION===================================================
14.05.2024 08:59:57.392: QQnxScreen: Attached to Device, number of displays: 1
14.05.2024 08:59:57.392: QQnxScreen: Attached to Display 0, resolution 800x600, refresh 60 Hz
14.05.2024 08:59:57.398: QQnxMouseHandler: connected.
14.05.2024 08:59:57.399: QWSQnxKeyboardHandler: Unable to open device (No such file or directory)
14.05.2024 08:59:57.400: QWSQnxKeyboardHandler: connected.
14.05.2024 08:59:58.404: QQnxMouseHandler: connected.
14.05.2024 08:59:58.404: QQnxMouseHandler: Unable to open mouse device (No such file or directory)
14.05.2024 08:59:58.405: QQnxMouseHandler: connected.
14.05.2024 09:15:23.374: ================================================NEW LOG SESSION===================================================
14.05.2024 09:15:26.559: QQnxScreen: Attached to Device, number of displays: 1
14.05.2024 09:15:26.559: QQnxScreen: Attached to Display 0, resolution 800x600, refresh 60 Hz
14.05.2024 09:15:26.565: QQnxMouseHandler: connected.
14.05.2024 09:15:26.566: QWSQnxKeyboardHandler: Unable to open device (No such file or directory)
14.05.2024 09:15:26.567: QWSQnxKeyboardHandler: connected.
14.05.2024 09:15:27.571: QQnxMouseHandler: connected.
14.05.2024 09:15:27.571: QQnxMouseHandler: Unable to open mouse device (No such file or directory)
14.05.2024 09:15:27.572: QQnxMouseHandler: connected.
14.05.2024 09:37:39.220: ================================================NEW LOG SESSION===================================================
14.05.2024 09:37:42.305: QQnxScreen: Attached to Device, number of displays: 1
14.05.2024 09:37:42.306: QQnxScreen: Attached to Display 0, resolution 800x600, refresh 60 Hz
14.05.2024 09:37:42.312: QQnxMouseHandler: connected.
14.05.2024 09:37:42.313: QWSQnxKeyboardHandler: Unable to open device (No such file or directory)
14.05.2024 09:37:42.313: QWSQnxKeyboardHandler: connected.
14.05.2024 09:37:43.317: QQnxMouseHandler: connected.
14.05.2024 09:37:43.317: QQnxMouseHandler: Unable to open mouse device (No such file or directory)
14.05.2024 09:37:43.318: QQnxMouseHandler: connected.
14.05.2024 10:02:08.359: ================================================NEW LOG SESSION===================================================
14.05.2024 10:02:11.502: QQnxScreen: Attached to Device, number of displays: 1
14.05.2024 10:02:11.503: QQnxScreen: Attached to Display 0, resolution 800x600, refresh 60 Hz
14.05.2024 10:02:11.509: QQnxMouseHandler: connected.
14.05.2024 10:02:11.510: QWSQnxKeyboardHandler: Unable to open device (No such file or directory)
14.05.2024 10:02:11.510: QWSQnxKeyboardHandler: connected.
14.05.2024 10:02:12.514: QQnxMouseHandler: connected.
14.05.2024 10:02:12.514: QQnxMouseHandler: Unable to open mouse device (No such file or directory)
14.05.2024 10:02:12.515: QQnxMouseHandler: connected.
14.05.2024 10:39:16.573: QWSLock::QWSLock: No such file or directory
14.05.2024 10:39:16.573: Unable to open semaphore
14.05.2024 10:39:19.112: ================================================END LOG SESSION===================================================
14.05.2024 10:39:48.351: ================================================NEW LOG SESSION===================================================
14.05.2024 10:39:51.413: QQnxScreen: Attached to Device, number of displays: 1
14.05.2024 10:39:51.413: QQnxScreen: Attached to Display 0, resolution 800x600, refresh 60 Hz
14.05.2024 10:39:51.419: QQnxMouseHandler: connected.
14.05.2024 10:39:51.421: QWSQnxKeyboardHandler: Unable to open device (No such file or directory)
14.05.2024 10:39:51.421: QWSQnxKeyboardHandler: connected.
14.05.2024 10:39:52.425: QQnxMouseHandler: connected.
14.05.2024 10:39:52.425: QQnxMouseHandler: Unable to open mouse device (No such file or directory)
14.05.2024 10:39:52.425: QQnxMouseHandler: connected.
15.05.2024 05:26:07.359: ================================================NEW LOG SESSION===================================================
15.05.2024 05:26:10.424: QQnxScreen: Attached to Device, number of displays: 1
15.05.2024 05:26:10.425: QQnxScreen: Attached to Display 0, resolution 800x600, refresh 60 Hz
15.05.2024 05:26:10.431: QQnxMouseHandler: connected.
15.05.2024 05:26:10.432: QWSQnxKeyboardHandler: Unable to open device (No such file or directory)
15.05.2024 05:26:10.433: QWSQnxKeyboardHandler: connected.
15.05.2024 05:26:11.437: QQnxMouseHandler: connected.
15.05.2024 05:26:11.437: QQnxMouseHandler: Unable to open mouse device (No such file or directory)
15.05.2024 05:26:11.438: QQnxMouseHandler: connected.
15.05.2024 05:44:46.357: ================================================NEW LOG SESSION===================================================
15.05.2024 05:44:49.407: QQnxScreen: Attached to Device, number of displays: 1
15.05.2024 05:44:49.407: QQnxScreen: Attached to Display 0, resolution 800x600, refresh 60 Hz
15.05.2024 05:44:49.413: QQnxMouseHandler: connected.
15.05.2024 05:44:49.414: QWSQnxKeyboardHandler: Unable to open device (No such file or directory)
15.05.2024 05:44:49.415: QWSQnxKeyboardHandler: connected.
15.05.2024 05:44:50.420: QQnxMouseHandler: connected.
15.05.2024 05:44:50.420: QQnxMouseHandler: Unable to open mouse device (No such file or directory)
15.05.2024 05:44:50.421: QQnxMouseHandler: connected.
15.05.2024 07:36:21.325: ================================================NEW LOG SESSION===================================================
15.05.2024 07:36:24.391: QQnxScreen: Attached to Device, number of displays: 1
15.05.2024 07:36:24.391: QQnxScreen: Attached to Display 0, resolution 800x600, refresh 60 Hz
15.05.2024 07:36:24.397: QQnxMouseHandler: connected.
15.05.2024 07:36:24.399: QWSQnxKeyboardHandler: Unable to open device (No such file or directory)
15.05.2024 07:36:24.399: QWSQnxKeyboardHandler: connected.
15.05.2024 07:36:25.403: QQnxMouseHandler: connected.
15.05.2024 07:36:25.403: QQnxMouseHandler: Unable to open mouse device (No such file or directory)
15.05.2024 07:36:25.404: QQnxMouseHandler: connected.
15.05.2024 08:41:11.407: ================================================NEW LOG SESSION===================================================
15.05.2024 08:41:14.530: QQnxScreen: Attached to Device, number of displays: 1
15.05.2024 08:41:14.530: QQnxScreen: Attached to Display 0, resolution 800x600, refresh 60 Hz
15.05.2024 08:41:14.536: QQnxMouseHandler: connected.
15.05.2024 08:41:14.537: QWSQnxKeyboardHandler: Unable to open device (No such file or directory)
15.05.2024 08:41:14.537: QWSQnxKeyboardHandler: connected.
15.05.2024 08:41:15.542: QQnxMouseHandler: connected.
15.05.2024 08:41:15.542: QQnxMouseHandler: Unable to open mouse device (No such file or directory)
15.05.2024 08:41:15.543: QQnxMouseHandler: connected.
15.05.2024 08:48:53.374: ================================================NEW LOG SESSION===================================================
15.05.2024 08:48:56.537: QQnxScreen: Attached to Device, number of displays: 1
15.05.2024 08:48:56.538: QQnxScreen: Attached to Display 0, resolution 800x600, refresh 60 Hz
15.05.2024 08:48:56.544: QQnxMouseHandler: connected.
15.05.2024 08:48:56.545: QWSQnxKeyboardHandler: Unable to open device (No such file or directory)
15.05.2024 08:48:56.545: QWSQnxKeyboardHandler: connected.
15.05.2024 08:48:57.550: QQnxMouseHandler: connected.
15.05.2024 08:48:57.550: QQnxMouseHandler: Unable to open mouse device (No such file or directory)
15.05.2024 08:48:57.551: QQnxMouseHandler: connected.
15.05.2024 10:58:58.403: ================================================NEW LOG SESSION===================================================
15.05.2024 10:59:01.477: QQnxScreen: Attached to Device, number of displays: 1
15.05.2024 10:59:01.477: QQnxScreen: Attached to Display 0, resolution 800x600, refresh 60 Hz
15.05.2024 10:59:01.483: QQnxMouseHandler: connected.
15.05.2024 10:59:01.485: QWSQnxKeyboardHandler: Unable to open device (No such file or directory)
15.05.2024 10:59:01.485: QWSQnxKeyboardHandler: connected.
15.05.2024 10:59:02.489: QQnxMouseHandler: connected.
15.05.2024 10:59:02.489: QQnxMouseHandler: Unable to open mouse device (No such file or directory)
15.05.2024 10:59:02.489: QQnxMouseHandler: connected.
16.05.2024 10:46:50.377: ================================================NEW LOG SESSION===================================================
16.05.2024 10:46:53.441: QQnxScreen: Attached to Device, number of displays: 1
16.05.2024 10:46:53.442: QQnxScreen: Attached to Display 0, resolution 800x600, refresh 60 Hz
16.05.2024 10:46:53.448: QQnxMouseHandler: connected.
16.05.2024 10:46:53.449: QWSQnxKeyboardHandler: Unable to open device (No such file or directory)
16.05.2024 10:46:53.450: QWSQnxKeyboardHandler: connected.
16.05.2024 10:46:54.454: QQnxMouseHandler: connected.
16.05.2024 10:46:54.454: QQnxMouseHandler: Unable to open mouse device (No such file or directory)
16.05.2024 10:46:54.455: QQnxMouseHandler: connected.
16.05.2024 13:23:14.536: QWSLock::QWSLock: No such file or directory
16.05.2024 13:23:14.537: Unable to open semaphore
16.05.2024 13:23:16.159: ================================================END LOG SESSION===================================================
16.05.2024 13:23:45.335: ================================================NEW LOG SESSION===================================================
16.05.2024 13:23:48.409: QQnxScreen: Attached to Device, number of displays: 1
16.05.2024 13:23:48.409: QQnxScreen: Attached to Display 0, resolution 800x600, refresh 60 Hz
16.05.2024 13:23:48.415: QQnxMouseHandler: connected.
16.05.2024 13:23:48.417: QWSQnxKeyboardHandler: Unable to open device (No such file or directory)
16.05.2024 13:23:48.417: QWSQnxKeyboardHandler: connected.
16.05.2024 13:23:49.421: QQnxMouseHandler: connected.
16.05.2024 13:23:49.421: QQnxMouseHandler: Unable to open mouse device (No such file or directory)
16.05.2024 13:23:49.422: QQnxMouseHandler: connected.
20.05.2024 05:27:09.366: ================================================NEW LOG SESSION===================================================
20.05.2024 05:27:12.423: QQnxScreen: Attached to Device, number of displays: 1
20.05.2024 05:27:12.424: QQnxScreen: Attached to Display 0, resolution 800x600, refresh 60 Hz
20.05.2024 05:27:12.430: QQnxMouseHandler: connected.
20.05.2024 05:27:12.431: QWSQnxKeyboardHandler: Unable to open device (No such file or directory)
20.05.2024 05:27:12.431: QWSQnxKeyboardHandler: connected.
20.05.2024 05:27:13.436: QQnxMouseHandler: connected.
20.05.2024 05:27:13.436: QQnxMouseHandler: Unable to open mouse device (No such file or directory)
20.05.2024 05:27:13.437: QQnxMouseHandler: connected.
20.05.2024 07:31:38.340: ================================================NEW LOG SESSION===================================================
20.05.2024 07:31:41.452: QQnxScreen: Attached to Device, number of displays: 1
20.05.2024 07:31:41.452: QQnxScreen: Attached to Display 0, resolution 800x600, refresh 60 Hz
20.05.2024 07:31:41.458: QQnxMouseHandler: connected.
20.05.2024 07:31:41.460: QWSQnxKeyboardHandler: Unable to open device (No such file or directory)
20.05.2024 07:31:41.460: QWSQnxKeyboardHandler: connected.
20.05.2024 07:31:42.464: QQnxMouseHandler: connected.
20.05.2024 07:31:42.464: QQnxMouseHandler: Unable to open mouse device (No such file or directory)
20.05.2024 07:31:42.465: QQnxMouseHandler: connected.
20.05.2024 10:44:09.388: ================================================NEW LOG SESSION===================================================
20.05.2024 10:44:12.484: QQnxScreen: Attached to Device, number of displays: 1
20.05.2024 10:44:12.485: QQnxScreen: Attached to Display 0, resolution 800x600, refresh 60 Hz
20.05.2024 10:44:12.491: QQnxMouseHandler: connected.
20.05.2024 10:44:12.492: QWSQnxKeyboardHandler: Unable to open device (No such file or directory)
20.05.2024 10:44:12.492: QWSQnxKeyboardHandler: connected.
20.05.2024 10:44:13.496: QQnxMouseHandler: connected.
20.05.2024 10:44:13.496: QQnxMouseHandler: Unable to open mouse device (No such file or directory)
20.05.2024 10:44:13.497: QQnxMouseHandler: connected.
04.09.2024 09:52:07.373: ================================================NEW LOG SESSION===================================================
04.09.2024 09:52:10.422: QQnxScreen: Attached to Device, number of displays: 1
04.09.2024 09:52:10.423: QQnxScreen: Attached to Display 0, resolution 800x600, refresh 60 Hz
04.09.2024 09:52:10.428: QQnxMouseHandler: connected.
04.09.2024 09:52:10.430: QWSQnxKeyboardHandler: Unable to open device (No such file or directory)
04.09.2024 09:52:10.430: QWSQnxKeyboardHandler: connected.
04.09.2024 09:52:11.434: QQnxMouseHandler: connected.
04.09.2024 09:52:11.434: QQnxMouseHandler: Unable to open mouse device (No such file or directory)
04.09.2024 09:52:11.435: QQnxMouseHandler: connected.
05.09.2024 04:52:10.365: ================================================NEW LOG SESSION===================================================
05.09.2024 04:52:13.434: QQnxScreen: Attached to Device, number of displays: 1
05.09.2024 04:52:13.434: QQnxScreen: Attached to Display 0, resolution 800x600, refresh 60 Hz
05.09.2024 04:52:13.440: QQnxMouseHandler: connected.
05.09.2024 04:52:13.441: QWSQnxKeyboardHandler: Unable to open device (No such file or directory)
05.09.2024 04:52:13.442: QWSQnxKeyboardHandler: connected.
05.09.2024 04:52:14.446: QQnxMouseHandler: connected.
05.09.2024 04:52:14.446: QQnxMouseHandler: Unable to open mouse device (No such file or directory)
05.09.2024 04:52:14.447: QQnxMouseHandler: connected.
09.09.2024 10:29:08.406: ================================================NEW LOG SESSION===================================================
09.09.2024 10:29:11.487: QQnxScreen: Attached to Device, number of displays: 1
09.09.2024 10:29:11.488: QQnxScreen: Attached to Display 0, resolution 800x600, refresh 60 Hz
09.09.2024 10:29:11.493: QQnxMouseHandler: connected.
09.09.2024 10:29:11.495: QWSQnxKeyboardHandler: Unable to open device (No such file or directory)
09.09.2024 10:29:11.495: QWSQnxKeyboardHandler: connected.
09.09.2024 10:29:12.500: QQnxMouseHandler: connected.
09.09.2024 10:29:12.500: QQnxMouseHandler: Unable to open mouse device (No such file or directory)
09.09.2024 10:29:12.501: QQnxMouseHandler: connected.
09.09.2024 12:31:01.347: ================================================NEW LOG SESSION===================================================
09.09.2024 12:31:04.397: QQnxScreen: Attached to Device, number of displays: 1
09.09.2024 12:31:04.397: QQnxScreen: Attached to Display 0, resolution 800x600, refresh 60 Hz
09.09.2024 12:31:04.403: QQnxMouseHandler: connected.
09.09.2024 12:31:04.405: QWSQnxKeyboardHandler: Unable to open device (No such file or directory)
09.09.2024 12:31:04.405: QWSQnxKeyboardHandler: connected.
09.09.2024 12:31:05.409: QQnxMouseHandler: connected.
09.09.2024 12:31:05.409: QQnxMouseHandler: Unable to open mouse device (No such file or directory)
09.09.2024 12:31:05.410: QQnxMouseHandler: connected.
10.09.2024 04:37:29.410: ================================================NEW LOG SESSION===================================================
10.09.2024 04:37:32.524: QQnxScreen: Attached to Device, number of displays: 1
10.09.2024 04:37:32.524: QQnxScreen: Attached to Display 0, resolution 800x600, refresh 60 Hz
10.09.2024 04:37:32.530: QQnxMouseHandler: connected.
10.09.2024 04:37:32.532: QWSQnxKeyboardHandler: Unable to open device (No such file or directory)
10.09.2024 04:37:32.532: QWSQnxKeyboardHandler: connected.
10.09.2024 04:37:33.537: QQnxMouseHandler: connected.
10.09.2024 04:37:33.537: QQnxMouseHandler: Unable to open mouse device (No such file or directory)
10.09.2024 04:37:33.538: QQnxMouseHandler: connected.
11.09.2024 04:42:19.438: ================================================NEW LOG SESSION===================================================
11.09.2024 04:42:22.586: QQnxScreen: Attached to Device, number of displays: 1
11.09.2024 04:42:22.586: QQnxScreen: Attached to Display 0, resolution 800x600, refresh 60 Hz
11.09.2024 04:42:22.592: QQnxMouseHandler: connected.
11.09.2024 04:42:22.594: QWSQnxKeyboardHandler: Unable to open device (No such file or directory)
11.09.2024 04:42:22.594: QWSQnxKeyboardHandler: connected.
11.09.2024 04:42:23.598: QQnxMouseHandler: connected.
11.09.2024 04:42:23.598: QQnxMouseHandler: Unable to open mouse device (No such file or directory)
11.09.2024 04:42:23.599: QQnxMouseHandler: connected.
12.09.2024 04:37:47.391: ================================================NEW LOG SESSION===================================================
12.09.2024 04:37:50.471: QQnxScreen: Attached to Device, number of displays: 1
12.09.2024 04:37:50.471: QQnxScreen: Attached to Display 0, resolution 800x600, refresh 60 Hz
12.09.2024 04:37:50.477: QQnxMouseHandler: connected.
12.09.2024 04:37:50.478: QWSQnxKeyboardHandler: Unable to open device (No such file or directory)
12.09.2024 04:37:50.479: QWSQnxKeyboardHandler: connected.
12.09.2024 04:37:51.483: QQnxMouseHandler: connected.
12.09.2024 04:37:51.483: QQnxMouseHandler: Unable to open mouse device (No such file or directory)
12.09.2024 04:37:51.484: QQnxMouseHandler: connected.
13.09.2024 04:52:20.404: ================================================NEW LOG SESSION===================================================
13.09.2024 04:52:23.568: QQnxScreen: Attached to Device, number of displays: 1
13.09.2024 04:52:23.568: QQnxScreen: Attached to Display 0, resolution 800x600, refresh 60 Hz
13.09.2024 04:52:23.575: QQnxMouseHandler: connected.
13.09.2024 04:52:23.576: QWSQnxKeyboardHandler: Unable to open device (No such file or directory)
13.09.2024 04:52:23.576: QWSQnxKeyboardHandler: connected.
13.09.2024 04:52:24.581: QQnxMouseHandler: connected.
13.09.2024 04:52:24.581: QQnxMouseHandler: Unable to open mouse device (No such file or directory)
13.09.2024 04:52:24.582: QQnxMouseHandler: connected.
17.09.2024 04:31:45.352: ================================================NEW LOG SESSION===================================================
17.09.2024 04:31:48.422: QQnxScreen: Attached to Device, number of displays: 1
17.09.2024 04:31:48.423: QQnxScreen: Attached to Display 0, resolution 800x600, refresh 60 Hz
17.09.2024 04:31:48.429: QQnxMouseHandler: connected.
17.09.2024 04:31:48.430: QWSQnxKeyboardHandler: Unable to open device (No such file or directory)
17.09.2024 04:31:48.430: QWSQnxKeyboardHandler: connected.
17.09.2024 04:31:49.435: QQnxMouseHandler: connected.
17.09.2024 04:31:49.435: QQnxMouseHandler: Unable to open mouse device (No such file or directory)
17.09.2024 04:31:49.436: QQnxMouseHandler: connected.
18.09.2024 04:38:16.397: ================================================NEW LOG SESSION===================================================
18.09.2024 04:38:19.496: QQnxScreen: Attached to Device, number of displays: 1
18.09.2024 04:38:19.496: QQnxScreen: Attached to Display 0, resolution 800x600, refresh 60 Hz
18.09.2024 04:38:19.502: QQnxMouseHandler: connected.
18.09.2024 04:38:19.503: QWSQnxKeyboardHandler: Unable to open device (No such file or directory)
18.09.2024 04:38:19.504: QWSQnxKeyboardHandler: connected.
18.09.2024 04:38:20.508: QQnxMouseHandler: connected.
18.09.2024 04:38:20.508: QQnxMouseHandler: Unable to open mouse device (No such file or directory)
18.09.2024 04:38:20.509: QQnxMouseHandler: connected.
19.09.2024 04:38:07.368: ================================================NEW LOG SESSION===================================================
19.09.2024 04:38:10.407: QQnxScreen: Attached to Device, number of displays: 1
19.09.2024 04:38:10.407: QQnxScreen: Attached to Display 0, resolution 800x600, refresh 60 Hz
19.09.2024 04:38:10.413: QQnxMouseHandler: connected.
19.09.2024 04:38:10.415: QWSQnxKeyboardHandler: Unable to open device (No such file or directory)
19.09.2024 04:38:10.415: QWSQnxKeyboardHandler: connected.
19.09.2024 04:38:11.420: QQnxMouseHandler: connected.
19.09.2024 04:38:11.420: QQnxMouseHandler: Unable to open mouse device (No such file or directory)
19.09.2024 04:38:11.421: QQnxMouseHandler: connected.
20.09.2024 04:43:14.449: ================================================NEW LOG SESSION===================================================
20.09.2024 04:43:17.554: QQnxScreen: Attached to Device, number of displays: 1
20.09.2024 04:43:17.554: QQnxScreen: Attached to Display 0, resolution 800x600, refresh 60 Hz
20.09.2024 04:43:17.560: QQnxMouseHandler: connected.
20.09.2024 04:43:17.562: QWSQnxKeyboardHandler: Unable to open device (No such file or directory)
20.09.2024 04:43:17.562: QWSQnxKeyboardHandler: connected.
20.09.2024 04:43:18.566: QQnxMouseHandler: connected.
20.09.2024 04:43:18.566: QQnxMouseHandler: Unable to open mouse device (No such file or directory)
20.09.2024 04:43:18.567: QQnxMouseHandler: connected.
20.09.2024 04:59:47.348: ================================================NEW LOG SESSION===================================================
20.09.2024 04:59:50.409: QQnxScreen: Attached to Device, number of displays: 1
20.09.2024 04:59:50.410: QQnxScreen: Attached to Display 0, resolution 800x600, refresh 60 Hz
20.09.2024 04:59:50.416: QQnxMouseHandler: connected.
20.09.2024 04:59:50.417: QWSQnxKeyboardHandler: Unable to open device (No such file or directory)
20.09.2024 04:59:50.418: QWSQnxKeyboardHandler: connected.
20.09.2024 04:59:51.422: QQnxMouseHandler: connected.
20.09.2024 04:59:51.422: QQnxMouseHandler: Unable to open mouse device (No such file or directory)
20.09.2024 04:59:51.423: QQnxMouseHandler: connected.
23.09.2024 07:29:21.401: ================================================NEW LOG SESSION===================================================
23.09.2024 07:29:24.521: QQnxScreen: Attached to Device, number of displays: 1
23.09.2024 07:29:24.521: QQnxScreen: Attached to Display 0, resolution 800x600, refresh 60 Hz
23.09.2024 07:29:24.527: QQnxMouseHandler: connected.
23.09.2024 07:29:24.528: QWSQnxKeyboardHandler: Unable to open device (No such file or directory)
23.09.2024 07:29:24.529: QWSQnxKeyboardHandler: connected.
23.09.2024 07:29:25.533: QQnxMouseHandler: connected.
23.09.2024 07:29:25.533: QQnxMouseHandler: Unable to open mouse device (No such file or directory)
23.09.2024 07:29:25.534: QQnxMouseHandler: connected.
23.09.2024 08:12:06.293: ================================================NEW LOG SESSION===================================================
23.09.2024 08:12:09.354: QQnxScreen: Attached to Device, number of displays: 1
23.09.2024 08:12:09.354: QQnxScreen: Attached to Display 0, resolution 800x600, refresh 60 Hz
23.09.2024 08:12:09.360: QQnxMouseHandler: connected.
23.09.2024 08:12:09.362: QWSQnxKeyboardHandler: Unable to open device (No such file or directory)
23.09.2024 08:12:09.362: QWSQnxKeyboardHandler: connected.
23.09.2024 08:12:10.366: QQnxMouseHandler: connected.
23.09.2024 08:12:10.366: QQnxMouseHandler: Unable to open mouse device (No such file or directory)
23.09.2024 08:12:10.367: QQnxMouseHandler: connected.
23.09.2024 10:30:17.409: ================================================NEW LOG SESSION===================================================
23.09.2024 10:30:20.518: QQnxScreen: Attached to Device, number of displays: 1
23.09.2024 10:30:20.518: QQnxScreen: Attached to Display 0, resolution 800x600, refresh 60 Hz
23.09.2024 10:30:20.524: QQnxMouseHandler: connected.
23.09.2024 10:30:20.526: QWSQnxKeyboardHandler: Unable to open device (No such file or directory)
23.09.2024 10:30:20.526: QWSQnxKeyboardHandler: connected.
23.09.2024 10:30:21.530: QQnxMouseHandler: connected.
23.09.2024 10:30:21.530: QQnxMouseHandler: Unable to open mouse device (No such file or directory)
23.09.2024 10:30:21.531: QQnxMouseHandler: connected.
24.09.2024 04:29:12.453: ================================================NEW LOG SESSION===================================================
24.09.2024 04:29:15.557: QQnxScreen: Attached to Device, number of displays: 1
24.09.2024 04:29:15.557: QQnxScreen: Attached to Display 0, resolution 800x600, refresh 60 Hz
24.09.2024 04:29:15.563: QQnxMouseHandler: connected.
24.09.2024 04:29:15.564: QWSQnxKeyboardHandler: Unable to open device (No such file or directory)
24.09.2024 04:29:15.565: QWSQnxKeyboardHandler: connected.
24.09.2024 04:29:16.569: QQnxMouseHandler: connected.
24.09.2024 04:29:16.569: QQnxMouseHandler: Unable to open mouse device (No such file or directory)
24.09.2024 04:29:16.570: QQnxMouseHandler: connected.
24.09.2024 09:22:34.463: ================================================NEW LOG SESSION===================================================
24.09.2024 09:22:37.576: QQnxScreen: Attached to Device, number of displays: 1
24.09.2024 09:22:37.576: QQnxScreen: Attached to Display 0, resolution 800x600, refresh 60 Hz
24.09.2024 09:22:37.582: QQnxMouseHandler: connected.
24.09.2024 09:22:37.583: QWSQnxKeyboardHandler: Unable to open device (No such file or directory)
24.09.2024 09:22:37.584: QWSQnxKeyboardHandler: connected.
24.09.2024 09:22:38.588: QQnxMouseHandler: connected.
24.09.2024 09:22:38.588: QQnxMouseHandler: Unable to open mouse device (No such file or directory)
24.09.2024 09:22:38.588: QQnxMouseHandler: connected.
25.09.2024 04:29:14.405: ================================================NEW LOG SESSION===================================================
25.09.2024 04:29:17.472: QQnxScreen: Attached to Device, number of displays: 1
25.09.2024 04:29:17.472: QQnxScreen: Attached to Display 0, resolution 800x600, refresh 60 Hz
25.09.2024 04:29:17.478: QQnxMouseHandler: connected.
25.09.2024 04:29:17.480: QWSQnxKeyboardHandler: Unable to open device (No such file or directory)
25.09.2024 04:29:17.480: QWSQnxKeyboardHandler: connected.
25.09.2024 04:29:18.484: QQnxMouseHandler: connected.
25.09.2024 04:29:18.484: QQnxMouseHandler: Unable to open mouse device (No such file or directory)
25.09.2024 04:29:18.485: QQnxMouseHandler: connected.
25.09.2024 04:38:17.386: ================================================NEW LOG SESSION===================================================
25.09.2024 04:38:20.458: QQnxScreen: Attached to Device, number of displays: 1
25.09.2024 04:38:20.459: QQnxScreen: Attached to Display 0, resolution 800x600, refresh 60 Hz
25.09.2024 04:38:20.465: QQnxMouseHandler: connected.
25.09.2024 04:38:20.466: QWSQnxKeyboardHandler: Unable to open device (No such file or directory)
25.09.2024 04:38:20.466: QWSQnxKeyboardHandler: connected.
25.09.2024 04:38:21.471: QQnxMouseHandler: connected.
25.09.2024 04:38:21.471: QQnxMouseHandler: Unable to open mouse device (No such file or directory)
25.09.2024 04:38:21.472: QQnxMouseHandler: connected.
26.09.2024 04:27:00.462: ================================================NEW LOG SESSION===================================================
26.09.2024 04:27:03.561: QQnxScreen: Attached to Device, number of displays: 1
26.09.2024 04:27:03.562: QQnxScreen: Attached to Display 0, resolution 800x600, refresh 60 Hz
26.09.2024 04:27:03.568: QQnxMouseHandler: connected.
26.09.2024 04:27:03.569: QWSQnxKeyboardHandler: Unable to open device (No such file or directory)
26.09.2024 04:27:03.569: QWSQnxKeyboardHandler: connected.
26.09.2024 04:27:04.574: QQnxMouseHandler: connected.
26.09.2024 04:27:04.574: QQnxMouseHandler: Unable to open mouse device (No such file or directory)
26.09.2024 04:27:04.575: QQnxMouseHandler: connected.
30.09.2024 06:43:22.362: ================================================NEW LOG SESSION===================================================
30.09.2024 06:43:25.406: QQnxScreen: Attached to Device, number of displays: 1
30.09.2024 06:43:25.407: QQnxScreen: Attached to Display 0, resolution 800x600, refresh 60 Hz
30.09.2024 06:43:25.413: QQnxMouseHandler: connected.
30.09.2024 06:43:25.414: QWSQnxKeyboardHandler: Unable to open device (No such file or directory)
30.09.2024 06:43:25.415: QWSQnxKeyboardHandler: connected.
30.09.2024 06:43:26.420: QQnxMouseHandler: connected.
30.09.2024 06:43:26.420: QQnxMouseHandler: Unable to open mouse device (No such file or directory)
30.09.2024 06:43:26.421: QQnxMouseHandler: connected.
30.09.2024 06:46:45.458: ================================================NEW LOG SESSION===================================================
30.09.2024 06:46:48.586: QQnxScreen: Attached to Device, number of displays: 1
30.09.2024 06:46:48.587: QQnxScreen: Attached to Display 0, resolution 800x600, refresh 60 Hz
30.09.2024 06:46:48.593: QQnxMouseHandler: connected.
30.09.2024 06:46:48.594: QWSQnxKeyboardHandler: Unable to open device (No such file or directory)
30.09.2024 06:46:48.595: QWSQnxKeyboardHandler: connected.
30.09.2024 06:46:49.598: QQnxMouseHandler: connected.
30.09.2024 06:46:49.598: QQnxMouseHandler: Unable to open mouse device (No such file or directory)
30.09.2024 06:46:49.599: QQnxMouseHandler: connected.
30.09.2024 06:57:52.427: ================================================NEW LOG SESSION===================================================
30.09.2024 06:57:55.540: QQnxScreen: Attached to Device, number of displays: 1
30.09.2024 06:57:55.541: QQnxScreen: Attached to Display 0, resolution 800x600, refresh 60 Hz
30.09.2024 06:57:55.546: QQnxMouseHandler: connected.
30.09.2024 06:57:55.548: QWSQnxKeyboardHandler: Unable to open device (No such file or directory)
30.09.2024 06:57:55.548: QWSQnxKeyboardHandler: connected.
30.09.2024 06:57:56.552: QQnxMouseHandler: connected.
30.09.2024 06:57:56.552: QQnxMouseHandler: Unable to open mouse device (No such file or directory)
30.09.2024 06:57:56.553: QQnxMouseHandler: connected.
30.09.2024 08:49:02.385: ================================================NEW LOG SESSION===================================================
30.09.2024 08:49:05.428: QQnxScreen: Attached to Device, number of displays: 1
30.09.2024 08:49:05.428: QQnxScreen: Attached to Display 0, resolution 800x600, refresh 60 Hz
30.09.2024 08:49:05.434: QQnxMouseHandler: connected.
30.09.2024 08:49:05.436: QWSQnxKeyboardHandler: Unable to open device (No such file or directory)
30.09.2024 08:49:05.436: QWSQnxKeyboardHandler: connected.
30.09.2024 08:49:06.440: QQnxMouseHandler: connected.
30.09.2024 08:49:06.440: QQnxMouseHandler: Unable to open mouse device (No such file or directory)
30.09.2024 08:49:06.441: QQnxMouseHandler: connected.
30.09.2024 08:51:07.442: ================================================NEW LOG SESSION===================================================
30.09.2024 08:51:10.554: QQnxScreen: Attached to Device, number of displays: 1
30.09.2024 08:51:10.555: QQnxScreen: Attached to Display 0, resolution 800x600, refresh 60 Hz
30.09.2024 08:51:10.561: QQnxMouseHandler: connected.
30.09.2024 08:51:10.562: QWSQnxKeyboardHandler: Unable to open device (No such file or directory)
30.09.2024 08:51:10.563: QWSQnxKeyboardHandler: connected.
30.09.2024 08:51:11.567: QQnxMouseHandler: connected.
30.09.2024 08:51:11.567: QQnxMouseHandler: Unable to open mouse device (No such file or directory)
30.09.2024 08:51:11.568: QQnxMouseHandler: connected.
30.09.2024 11:58:26.383: ================================================NEW LOG SESSION===================================================
30.09.2024 11:58:29.426: QQnxScreen: Attached to Device, number of displays: 1
30.09.2024 11:58:29.427: QQnxScreen: Attached to Display 0, resolution 800x600, refresh 60 Hz
30.09.2024 11:58:29.433: QQnxMouseHandler: connected.
30.09.2024 11:58:29.434: QWSQnxKeyboardHandler: Unable to open device (No such file or directory)
30.09.2024 11:58:29.434: QWSQnxKeyboardHandler: connected.
30.09.2024 11:58:30.439: QQnxMouseHandler: connected.
30.09.2024 11:58:30.439: QQnxMouseHandler: Unable to open mouse device (No such file or directory)
30.09.2024 11:58:30.440: QQnxMouseHandler: connected.
01.10.2024 08:38:16.468: ================================================NEW LOG SESSION===================================================
01.10.2024 08:38:19.588: QQnxScreen: Attached to Device, number of displays: 1
01.10.2024 08:38:19.588: QQnxScreen: Attached to Display 0, resolution 800x600, refresh 60 Hz
01.10.2024 08:38:19.594: QQnxMouseHandler: connected.
01.10.2024 08:38:19.595: QWSQnxKeyboardHandler: Unable to open device (No such file or directory)
01.10.2024 08:38:19.596: QWSQnxKeyboardHandler: connected.
01.10.2024 08:38:20.600: QQnxMouseHandler: connected.
01.10.2024 08:38:20.600: QQnxMouseHandler: Unable to open mouse device (No such file or directory)
01.10.2024 08:38:20.601: QQnxMouseHandler: connected.
01.10.2024 08:40:08.355: ================================================NEW LOG SESSION===================================================
01.10.2024 08:40:11.404: QQnxScreen: Attached to Device, number of displays: 1
01.10.2024 08:40:11.404: QQnxScreen: Attached to Display 0, resolution 800x600, refresh 60 Hz
01.10.2024 08:40:11.410: QQnxMouseHandler: connected.
01.10.2024 08:40:11.412: QWSQnxKeyboardHandler: Unable to open device (No such file or directory)
01.10.2024 08:40:11.412: QWSQnxKeyboardHandler: connected.
01.10.2024 08:40:12.416: QQnxMouseHandler: connected.
01.10.2024 08:40:12.416: QQnxMouseHandler: Unable to open mouse device (No such file or directory)
01.10.2024 08:40:12.417: QQnxMouseHandler: connected.
01.10.2024 08:42:58.444: ================================================NEW LOG SESSION===================================================
01.10.2024 08:43:01.562: QQnxScreen: Attached to Device, number of displays: 1
01.10.2024 08:43:01.562: QQnxScreen: Attached to Display 0, resolution 800x600, refresh 60 Hz
01.10.2024 08:43:01.568: QQnxMouseHandler: connected.
01.10.2024 08:43:01.570: QWSQnxKeyboardHandler: Unable to open device (No such file or directory)
01.10.2024 08:43:01.570: QWSQnxKeyboardHandler: connected.
01.10.2024 08:43:02.574: QQnxMouseHandler: connected.
01.10.2024 08:43:02.574: QQnxMouseHandler: Unable to open mouse device (No such file or directory)
01.10.2024 08:43:02.575: QQnxMouseHandler: connected.
02.10.2024 11:51:25.451: ================================================NEW LOG SESSION===================================================
02.10.2024 11:51:28.590: QQnxScreen: Attached to Device, number of displays: 1
02.10.2024 11:51:28.590: QQnxScreen: Attached to Display 0, resolution 800x600, refresh 60 Hz
02.10.2024 11:51:28.596: QQnxMouseHandler: connected.
02.10.2024 11:51:28.598: QWSQnxKeyboardHandler: Unable to open device (No such file or directory)
02.10.2024 11:51:28.598: QWSQnxKeyboardHandler: connected.
02.10.2024 11:51:29.602: QQnxMouseHandler: connected.
02.10.2024 11:51:29.602: QQnxMouseHandler: Unable to open mouse device (No such file or directory)
02.10.2024 11:51:29.603: QQnxMouseHandler: connected.
03.10.2024 04:48:12.382: ================================================NEW LOG SESSION===================================================
03.10.2024 04:48:15.460: QQnxScreen: Attached to Device, number of displays: 1
03.10.2024 04:48:15.460: QQnxScreen: Attached to Display 0, resolution 800x600, refresh 60 Hz
03.10.2024 04:48:15.466: QQnxMouseHandler: connected.
03.10.2024 04:48:15.467: QWSQnxKeyboardHandler: Unable to open device (No such file or directory)
03.10.2024 04:48:15.467: QWSQnxKeyboardHandler: connected.
03.10.2024 04:48:16.472: QQnxMouseHandler: connected.
03.10.2024 04:48:16.472: QQnxMouseHandler: Unable to open mouse device (No such file or directory)
03.10.2024 04:48:16.473: QQnxMouseHandler: connected.
04.10.2024 04:27:31.434: ================================================NEW LOG SESSION===================================================
04.10.2024 04:27:34.537: QQnxScreen: Attached to Device, number of displays: 1
04.10.2024 04:27:34.538: QQnxScreen: Attached to Display 0, resolution 800x600, refresh 60 Hz
04.10.2024 04:27:34.544: QQnxMouseHandler: connected.
04.10.2024 04:27:34.545: QWSQnxKeyboardHandler: Unable to open device (No such file or directory)
04.10.2024 04:27:34.545: QWSQnxKeyboardHandler: connected.
04.10.2024 04:27:35.550: QQnxMouseHandler: connected.
04.10.2024 04:27:35.550: QQnxMouseHandler: Unable to open mouse device (No such file or directory)
04.10.2024 04:27:35.551: QQnxMouseHandler: connected.
