25.04.2024 04:58:40.013: ================================================NEW LOG SESSION===================================================
25.04.2024 04:58:40.019: open interface ecatbus0
25.04.2024 04:58:40.019: RBLOOP driver (emul) ver. 1.0 started.
25.04.2024 04:58:40.019: RBLoop initialized
08.05.2024 08:13:22.159: ================================================NEW LOG SESSION===================================================
08.05.2024 08:13:22.163: open interface ecatbus0
08.05.2024 08:13:22.163: RBLOOP driver (emul) ver. 1.0 started.
08.05.2024 08:13:22.163: RBLoop initialized
08.05.2024 10:22:11.240: Start telegram processing with prio = 26
08.05.2024 10:22:11.255: Telegram processing stopped
13.05.2024 04:26:30.439: ================================================NEW LOG SESSION===================================================
13.05.2024 04:26:30.443: open interface ecatbus0
13.05.2024 04:26:30.443: RBLOOP driver (emul) ver. 1.0 started.
13.05.2024 04:26:30.443: RBLoop initialized
13.05.2024 04:26:43.519: Start telegram processing with prio = 26
13.05.2024 04:26:43.534: Telegram processing stopped
13.05.2024 04:48:43.389: ================================================NEW LOG SESSION===================================================
13.05.2024 04:48:43.400: open interface ecatbus0
13.05.2024 04:48:43.400: RBLOOP driver (emul) ver. 1.0 started.
13.05.2024 04:48:43.400: RBLoop initialized
13.05.2024 04:48:56.551: Start telegram processing with prio = 26
13.05.2024 04:48:56.566: Telegram processing stopped
13.05.2024 04:55:15.333: ================================================END LOG SESSION===================================================
13.05.2024 04:56:13.338: ================================================NEW LOG SESSION===================================================
13.05.2024 04:56:13.345: open interface ecatbus0
13.05.2024 04:56:13.345: RBLOOP driver (emul) ver. 1.0 started.
13.05.2024 04:56:13.345: RBLoop initialized
13.05.2024 04:56:26.447: Start telegram processing with prio = 26
13.05.2024 04:56:26.465: Telegram processing stopped
13.05.2024 05:22:45.270: Start telegram processing with prio = 26
13.05.2024 05:22:45.270: I lost few packets 0 -> 250 
13.05.2024 05:22:45.271: Telegram id=1 type=0 is not enabled or stopped.
13.05.2024 05:22:45.286: Telegram processing stopped
13.05.2024 05:29:25.414: ================================================NEW LOG SESSION===================================================
13.05.2024 05:29:25.421: open interface ecatbus0
13.05.2024 05:29:25.421: RBLOOP driver (emul) ver. 1.0 started.
13.05.2024 05:29:25.421: RBLoop initialized
13.05.2024 05:29:38.487: Start telegram processing with prio = 26
13.05.2024 05:29:38.502: Telegram processing stopped
13.05.2024 05:33:51.895: Start telegram processing with prio = 26
13.05.2024 05:33:51.896: I lost few packets 0 -> 50438 
13.05.2024 05:33:51.896: Telegram id=3 type=0 is not enabled or stopped.
13.05.2024 05:33:51.911: Telegram processing stopped
13.05.2024 05:59:47.411: ================================================NEW LOG SESSION===================================================
13.05.2024 05:59:47.415: open interface ecatbus0
13.05.2024 05:59:47.415: RBLOOP driver (emul) ver. 1.0 started.
13.05.2024 05:59:47.415: RBLoop initialized
13.05.2024 06:00:00.488: Start telegram processing with prio = 26
13.05.2024 06:00:00.503: Telegram processing stopped
13.05.2024 06:30:38.420: ================================================NEW LOG SESSION===================================================
13.05.2024 06:30:38.423: open interface ecatbus0
13.05.2024 06:30:38.423: RBLOOP driver (emul) ver. 1.0 started.
13.05.2024 06:30:38.424: RBLoop initialized
13.05.2024 06:30:51.598: Start telegram processing with prio = 26
13.05.2024 06:30:51.613: Telegram processing stopped
13.05.2024 06:45:45.284: Start telegram processing with prio = 26
13.05.2024 06:45:45.284: I lost few packets 0 -> 36115 
13.05.2024 06:45:45.285: Telegram id=2 type=0 is not enabled or stopped.
13.05.2024 06:45:45.300: Telegram processing stopped
13.05.2024 08:12:45.592: Start telegram processing with prio = 26
13.05.2024 08:12:45.592: I lost few packets 36115 -> 38060 
13.05.2024 08:12:45.593: Telegram id=4 type=0 is not enabled or stopped.
13.05.2024 08:12:45.607: Telegram processing stopped
13.05.2024 08:34:40.076: Start telegram processing with prio = 26
13.05.2024 08:34:40.076: I lost few packets 38060 -> 62956 
13.05.2024 08:34:40.076: Telegram id=0 type=0 is not enabled or stopped.
13.05.2024 08:34:40.091: Telegram processing stopped
13.05.2024 08:35:39.616: Start telegram processing with prio = 26
13.05.2024 08:35:39.616: Telegram id=5 type=0 is not enabled or stopped.
13.05.2024 08:35:39.631: Telegram processing stopped
13.05.2024 08:46:58.473: Start telegram processing with prio = 26
13.05.2024 08:46:58.473: Telegram id=4 type=0 is not enabled or stopped.
13.05.2024 08:46:58.488: Telegram processing stopped
13.05.2024 08:59:25.427: Start telegram processing with prio = 26
13.05.2024 08:59:25.428: I lost few packets 17750 -> 20196 
13.05.2024 08:59:25.428: Telegram id=0 type=0 is not enabled or stopped.
13.05.2024 08:59:25.443: Telegram processing stopped
13.05.2024 10:41:44.183: Start telegram processing with prio = 26
13.05.2024 10:41:44.183: I lost few packets 20196 -> 38032 
13.05.2024 10:41:44.183: Telegram id=5 type=0 is not enabled or stopped.
13.05.2024 10:41:44.198: Telegram processing stopped
13.05.2024 10:44:11.854: Start telegram processing with prio = 26
13.05.2024 10:44:11.855: Telegram id=0 type=0 is not enabled or stopped.
13.05.2024 10:44:11.870: Telegram processing stopped
13.05.2024 11:14:44.264: Start telegram processing with prio = 26
13.05.2024 11:14:44.264: I lost few packets 10968 -> 56732 
13.05.2024 11:14:44.265: Telegram id=0 type=0 is not enabled or stopped.
13.05.2024 11:14:44.280: Telegram processing stopped
14.05.2024 04:00:08.287: ================================================NEW LOG SESSION===================================================
14.05.2024 04:00:08.297: open interface ecatbus0
14.05.2024 04:00:08.297: RBLOOP driver (emul) ver. 1.0 started.
14.05.2024 04:00:08.297: RBLoop initialized
14.05.2024 04:00:21.653: Start telegram processing with prio = 26
14.05.2024 04:00:21.668: Telegram processing stopped
14.05.2024 04:13:05.241: ================================================NEW LOG SESSION===================================================
14.05.2024 04:13:05.245: open interface ecatbus0
14.05.2024 04:13:05.245: RBLOOP driver (emul) ver. 1.0 started.
14.05.2024 04:13:05.245: RBLoop initialized
14.05.2024 04:13:18.492: Start telegram processing with prio = 26
14.05.2024 04:13:18.510: Telegram processing stopped
14.05.2024 04:26:40.363: ================================================NEW LOG SESSION===================================================
14.05.2024 04:26:40.369: open interface ecatbus0
14.05.2024 04:26:40.369: RBLOOP driver (emul) ver. 1.0 started.
14.05.2024 04:26:40.369: RBLoop initialized
14.05.2024 04:26:53.605: Start telegram processing with prio = 26
14.05.2024 04:26:53.620: Telegram processing stopped
14.05.2024 06:29:45.316: ================================================END LOG SESSION===================================================
14.05.2024 06:30:23.275: ================================================NEW LOG SESSION===================================================
14.05.2024 06:30:23.279: open interface ecatbus0
14.05.2024 06:30:23.279: RBLOOP driver (emul) ver. 1.0 started.
14.05.2024 06:30:23.279: RBLoop initialized
14.05.2024 06:30:36.446: Start telegram processing with prio = 26
14.05.2024 06:30:36.461: Telegram processing stopped
14.05.2024 06:46:00.253: Start telegram processing with prio = 26
14.05.2024 06:46:00.254: I lost few packets 0 -> 63256 
14.05.2024 06:46:00.254: Telegram id=5 type=0 is not enabled or stopped.
14.05.2024 06:46:00.269: Telegram processing stopped
14.05.2024 06:51:10.209: ================================================NEW LOG SESSION===================================================
14.05.2024 06:51:10.214: open interface ecatbus0
14.05.2024 06:51:10.214: RBLOOP driver (emul) ver. 1.0 started.
14.05.2024 06:51:10.214: RBLoop initialized
14.05.2024 06:51:23.556: Start telegram processing with prio = 26
14.05.2024 06:51:23.571: Telegram processing stopped
14.05.2024 07:28:38.139: Start telegram processing with prio = 26
14.05.2024 07:28:38.139: I lost few packets 0 -> 61543 
14.05.2024 07:28:38.139: Telegram id=3 type=0 is not enabled or stopped.
14.05.2024 07:28:38.154: Telegram processing stopped
14.05.2024 07:31:49.343: ================================================NEW LOG SESSION===================================================
14.05.2024 07:31:49.349: open interface ecatbus0
14.05.2024 07:31:49.350: RBLOOP driver (emul) ver. 1.0 started.
14.05.2024 07:31:49.350: RBLoop initialized
14.05.2024 07:32:02.537: Start telegram processing with prio = 26
14.05.2024 07:32:02.552: Telegram processing stopped
14.05.2024 08:13:14.211: ================================================NEW LOG SESSION===================================================
14.05.2024 08:13:14.222: open interface ecatbus0
14.05.2024 08:13:14.222: RBLOOP driver (emul) ver. 1.0 started.
14.05.2024 08:13:14.222: RBLoop initialized
14.05.2024 08:13:27.251: Start telegram processing with prio = 26
14.05.2024 08:13:27.266: Telegram processing stopped
14.05.2024 08:57:13.363: Start telegram processing with prio = 26
14.05.2024 08:57:13.364: I lost few packets 0 -> 65360 
14.05.2024 08:57:13.364: Telegram id=4 type=0 is not enabled or stopped.
14.05.2024 08:57:13.379: Telegram processing stopped
14.05.2024 09:00:05.182: ================================================NEW LOG SESSION===================================================
14.05.2024 09:00:05.189: open interface ecatbus0
14.05.2024 09:00:05.189: RBLOOP driver (emul) ver. 1.0 started.
14.05.2024 09:00:05.189: RBLoop initialized
14.05.2024 09:00:16.530: Start telegram processing with prio = 26
14.05.2024 09:00:16.548: Telegram processing stopped
14.05.2024 09:12:46.698: Start telegram processing with prio = 26
14.05.2024 09:12:46.698: I lost few packets 0 -> 28265 
14.05.2024 09:12:46.698: Telegram id=4 type=0 is not enabled or stopped.
14.05.2024 09:12:46.716: Telegram processing stopped
14.05.2024 09:13:55.003: Start telegram processing with prio = 26
14.05.2024 09:13:55.004: I lost few packets 28265 -> 44853 
14.05.2024 09:13:55.004: Telegram id=1 type=0 is not enabled or stopped.
14.05.2024 09:13:55.025: Telegram processing stopped
14.05.2024 09:15:34.332: ================================================NEW LOG SESSION===================================================
14.05.2024 09:15:34.339: open interface ecatbus0
14.05.2024 09:15:34.339: RBLOOP driver (emul) ver. 1.0 started.
14.05.2024 09:15:34.339: RBLoop initialized
14.05.2024 09:15:45.063: Start telegram processing with prio = 26
14.05.2024 09:15:45.078: Telegram processing stopped
14.05.2024 09:19:28.676: Start telegram processing with prio = 26
14.05.2024 09:19:28.676: I lost few packets 0 -> 17469 
14.05.2024 09:19:28.677: Telegram id=5 type=0 is not enabled or stopped.
14.05.2024 09:19:28.698: Telegram processing stopped
14.05.2024 09:37:50.092: ================================================NEW LOG SESSION===================================================
14.05.2024 09:37:50.103: open interface ecatbus0
14.05.2024 09:37:50.103: RBLOOP driver (emul) ver. 1.0 started.
14.05.2024 09:37:50.103: RBLoop initialized
14.05.2024 09:38:00.961: Start telegram processing with prio = 26
14.05.2024 09:38:00.976: Telegram processing stopped
14.05.2024 09:56:41.889: Start telegram processing with prio = 26
14.05.2024 09:56:41.889: I lost few packets 0 -> 63512 
14.05.2024 09:56:41.889: Telegram id=2 type=0 is not enabled or stopped.
14.05.2024 09:56:41.910: Telegram processing stopped
14.05.2024 10:02:19.259: ================================================NEW LOG SESSION===================================================
14.05.2024 10:02:19.266: open interface ecatbus0
14.05.2024 10:02:19.266: RBLOOP driver (emul) ver. 1.0 started.
14.05.2024 10:02:19.266: RBLoop initialized
14.05.2024 10:02:30.268: Start telegram processing with prio = 26
14.05.2024 10:02:30.283: Telegram processing stopped
14.05.2024 10:39:19.116: ================================================END LOG SESSION===================================================
14.05.2024 10:39:59.198: ================================================NEW LOG SESSION===================================================
14.05.2024 10:39:59.202: open interface ecatbus0
14.05.2024 10:39:59.202: RBLOOP driver (emul) ver. 1.0 started.
14.05.2024 10:39:59.202: RBLoop initialized
14.05.2024 10:40:10.410: Start telegram processing with prio = 26
14.05.2024 10:40:10.425: Telegram processing stopped
14.05.2024 12:27:40.255: Start telegram processing with prio = 26
14.05.2024 12:27:40.256: I lost few packets 0 -> 18944 
14.05.2024 12:27:40.256: Telegram id=0 type=0 is not enabled or stopped.
14.05.2024 12:27:40.271: Telegram processing stopped
15.05.2024 05:24:00.868: Start telegram processing with prio = 26
15.05.2024 05:24:00.869: I lost few packets 18944 -> 26842 
15.05.2024 05:24:00.869: Telegram id=1 type=0 is not enabled or stopped.
15.05.2024 05:24:00.884: Telegram processing stopped
15.05.2024 05:26:18.204: ================================================NEW LOG SESSION===================================================
15.05.2024 05:26:18.214: open interface ecatbus0
15.05.2024 05:26:18.214: RBLOOP driver (emul) ver. 1.0 started.
15.05.2024 05:26:18.214: RBLoop initialized
15.05.2024 05:26:31.949: Start telegram processing with prio = 26
15.05.2024 05:26:31.964: Telegram processing stopped
15.05.2024 05:44:57.204: ================================================NEW LOG SESSION===================================================
15.05.2024 05:44:57.211: open interface ecatbus0
15.05.2024 05:44:57.211: RBLOOP driver (emul) ver. 1.0 started.
15.05.2024 05:44:57.211: RBLoop initialized
15.05.2024 05:45:10.746: Start telegram processing with prio = 26
15.05.2024 05:45:10.761: Telegram processing stopped
15.05.2024 07:36:32.153: ================================================NEW LOG SESSION===================================================
15.05.2024 07:36:32.163: open interface ecatbus0
15.05.2024 07:36:32.163: RBLOOP driver (emul) ver. 1.0 started.
15.05.2024 07:36:32.163: RBLoop initialized
15.05.2024 07:36:45.667: Start telegram processing with prio = 26
15.05.2024 07:36:45.685: Telegram processing stopped
15.05.2024 08:41:22.352: ================================================NEW LOG SESSION===================================================
15.05.2024 08:41:22.356: open interface ecatbus0
15.05.2024 08:41:22.356: RBLOOP driver (emul) ver. 1.0 started.
15.05.2024 08:41:22.356: RBLoop initialized
15.05.2024 08:41:36.221: Start telegram processing with prio = 26
15.05.2024 08:41:36.236: Telegram processing stopped
15.05.2024 08:43:41.282: Start telegram processing with prio = 26
15.05.2024 08:43:41.283: I lost few packets 0 -> 43497 
15.05.2024 08:43:41.283: Telegram id=0 type=0 is not enabled or stopped.
15.05.2024 08:43:41.298: Telegram processing stopped
15.05.2024 08:49:04.376: ================================================NEW LOG SESSION===================================================
15.05.2024 08:49:04.383: open interface ecatbus0
15.05.2024 08:49:04.383: RBLOOP driver (emul) ver. 1.0 started.
15.05.2024 08:49:04.383: RBLoop initialized
15.05.2024 08:49:17.946: Start telegram processing with prio = 26
15.05.2024 08:49:17.961: Telegram processing stopped
15.05.2024 09:46:24.251: Start telegram processing with prio = 26
15.05.2024 09:46:24.252: I lost few packets 0 -> 9461 
15.05.2024 09:46:24.252: Telegram id=2 type=0 is not enabled or stopped.
15.05.2024 09:46:24.267: Telegram processing stopped
15.05.2024 10:08:37.575: Start telegram processing with prio = 26
15.05.2024 10:08:37.575: I lost few packets 9461 -> 13373 
15.05.2024 10:08:37.575: Telegram id=1 type=0 is not enabled or stopped.
15.05.2024 10:08:37.590: Telegram processing stopped
15.05.2024 10:50:50.055: Start telegram processing with prio = 26
15.05.2024 10:50:50.055: I lost few packets 13373 -> 33963 
15.05.2024 10:50:50.056: Telegram id=3 type=0 is not enabled or stopped.
15.05.2024 10:50:50.071: Telegram processing stopped
15.05.2024 10:59:09.336: ================================================NEW LOG SESSION===================================================
15.05.2024 10:59:09.343: open interface ecatbus0
15.05.2024 10:59:09.343: RBLOOP driver (emul) ver. 1.0 started.
15.05.2024 10:59:09.343: RBLoop initialized
15.05.2024 10:59:23.127: Start telegram processing with prio = 26
15.05.2024 10:59:23.142: Telegram processing stopped
16.05.2024 10:06:27.982: Start telegram processing with prio = 26
16.05.2024 10:06:27.983: I lost few packets 0 -> 61693 
16.05.2024 10:06:27.983: Telegram id=0 type=0 is not enabled or stopped.
16.05.2024 10:06:27.998: Telegram processing stopped
16.05.2024 10:47:01.270: ================================================NEW LOG SESSION===================================================
16.05.2024 10:47:01.277: open interface ecatbus0
16.05.2024 10:47:01.277: RBLOOP driver (emul) ver. 1.0 started.
16.05.2024 10:47:01.277: RBLoop initialized
16.05.2024 11:13:20.193: Start telegram processing with prio = 26
16.05.2024 11:13:20.211: Telegram processing stopped
16.05.2024 12:13:25.808: Start telegram processing with prio = 26
16.05.2024 12:13:25.808: I lost few packets 0 -> 56302 
16.05.2024 12:13:25.809: Telegram id=3 type=0 is not enabled or stopped.
16.05.2024 12:13:25.824: Telegram processing stopped
16.05.2024 13:12:35.503: Start telegram processing with prio = 26
16.05.2024 13:12:35.504: Telegram id=3 type=0 is not enabled or stopped.
16.05.2024 13:12:35.519: Telegram processing stopped
16.05.2024 13:23:16.161: ================================================END LOG SESSION===================================================
16.05.2024 13:23:56.253: ================================================NEW LOG SESSION===================================================
16.05.2024 13:23:56.257: open interface ecatbus0
16.05.2024 13:23:56.257: RBLOOP driver (emul) ver. 1.0 started.
16.05.2024 13:23:56.257: RBLoop initialized
16.05.2024 13:24:09.861: Start telegram processing with prio = 26
16.05.2024 13:24:09.876: Telegram processing stopped
17.05.2024 05:01:28.582: Start telegram processing with prio = 26
17.05.2024 05:01:28.582: I lost few packets 0 -> 5364 
17.05.2024 05:01:28.583: Telegram id=4 type=0 is not enabled or stopped.
17.05.2024 05:01:28.598: Telegram processing stopped
17.05.2024 10:18:59.080: Start telegram processing with prio = 26
17.05.2024 10:18:59.081: I lost few packets 5364 -> 33248 
17.05.2024 10:18:59.081: Telegram id=0 type=0 is not enabled or stopped.
17.05.2024 10:18:59.102: Telegram processing stopped
20.05.2024 05:06:39.485: Start telegram processing with prio = 26
20.05.2024 05:06:39.486: Telegram id=2 type=0 is not enabled or stopped.
20.05.2024 05:06:39.510: Telegram processing stopped
20.05.2024 05:27:20.279: ================================================NEW LOG SESSION===================================================
20.05.2024 05:27:20.284: open interface ecatbus0
20.05.2024 05:27:20.284: RBLOOP driver (emul) ver. 1.0 started.
20.05.2024 05:27:20.284: RBLoop initialized
20.05.2024 05:27:33.907: Start telegram processing with prio = 26
20.05.2024 05:27:33.922: Telegram processing stopped
20.05.2024 07:31:49.295: ================================================NEW LOG SESSION===================================================
20.05.2024 07:31:49.302: open interface ecatbus0
20.05.2024 07:31:49.302: RBLOOP driver (emul) ver. 1.0 started.
20.05.2024 07:31:49.302: RBLoop initialized
20.05.2024 07:32:02.956: Start telegram processing with prio = 26
20.05.2024 07:32:02.971: Telegram processing stopped
20.05.2024 10:44:20.310: ================================================NEW LOG SESSION===================================================
20.05.2024 10:44:20.314: open interface ecatbus0
20.05.2024 10:44:20.314: RBLOOP driver (emul) ver. 1.0 started.
20.05.2024 10:44:20.314: RBLoop initialized
20.05.2024 10:44:34.052: Start telegram processing with prio = 26
20.05.2024 10:44:34.067: Telegram processing stopped
04.09.2024 09:52:18.282: ================================================NEW LOG SESSION===================================================
04.09.2024 09:52:18.285: open interface ecatbus0
04.09.2024 09:52:18.285: RBLOOP driver (emul) ver. 1.0 started.
04.09.2024 09:52:18.285: RBLoop initialized
04.09.2024 09:52:31.358: Start telegram processing with prio = 26
04.09.2024 09:52:31.373: Telegram processing stopped
05.09.2024 04:52:21.263: ================================================NEW LOG SESSION===================================================
05.09.2024 04:52:21.267: open interface ecatbus0
05.09.2024 04:52:21.268: RBLOOP driver (emul) ver. 1.0 started.
05.09.2024 04:52:21.268: RBLoop initialized
05.09.2024 04:52:34.720: Start telegram processing with prio = 26
05.09.2024 04:52:34.735: Telegram processing stopped
09.09.2024 10:29:19.344: ================================================NEW LOG SESSION===================================================
09.09.2024 10:29:19.354: open interface ecatbus0
09.09.2024 10:29:19.355: RBLOOP driver (emul) ver. 1.0 started.
09.09.2024 10:29:19.355: RBLoop initialized
09.09.2024 10:29:32.831: Start telegram processing with prio = 26
09.09.2024 10:29:32.846: Telegram processing stopped
09.09.2024 11:45:43.895: Start telegram processing with prio = 26
09.09.2024 11:45:43.895: I lost few packets 0 -> 31393 
09.09.2024 11:45:43.896: Telegram id=0 type=0 is not enabled or stopped.
09.09.2024 11:45:43.911: Telegram processing stopped
09.09.2024 12:01:10.322: Start telegram processing with prio = 26
09.09.2024 12:01:10.323: I lost few packets 31393 -> 60151 
09.09.2024 12:01:10.323: Telegram id=3 type=0 is not enabled or stopped.
09.09.2024 12:01:10.338: Telegram processing stopped
09.09.2024 12:31:12.272: ================================================NEW LOG SESSION===================================================
09.09.2024 12:31:12.279: open interface ecatbus0
09.09.2024 12:31:12.279: RBLOOP driver (emul) ver. 1.0 started.
09.09.2024 12:31:12.279: RBLoop initialized
09.09.2024 12:31:25.553: Start telegram processing with prio = 26
09.09.2024 12:31:25.568: Telegram processing stopped
10.09.2024 04:37:40.345: ================================================NEW LOG SESSION===================================================
10.09.2024 04:37:40.350: open interface ecatbus0
10.09.2024 04:37:40.350: RBLOOP driver (emul) ver. 1.0 started.
10.09.2024 04:37:40.350: RBLoop initialized
10.09.2024 04:37:53.626: Start telegram processing with prio = 26
10.09.2024 04:37:53.641: Telegram processing stopped
10.09.2024 05:32:56.207: Start telegram processing with prio = 26
10.09.2024 05:32:56.207: I lost few packets 0 -> 10359 
10.09.2024 05:32:56.208: Telegram id=3 type=0 is not enabled or stopped.
10.09.2024 05:32:56.223: Telegram processing stopped
10.09.2024 11:19:52.468: Start telegram processing with prio = 26
10.09.2024 11:19:52.469: I lost few packets 10359 -> 29542 
10.09.2024 11:19:52.469: Telegram id=4 type=0 is not enabled or stopped.
10.09.2024 11:19:52.484: Telegram processing stopped
10.09.2024 11:30:38.314: Start telegram processing with prio = 26
10.09.2024 11:30:38.314: I lost few packets 29542 -> 41314 
10.09.2024 11:30:38.315: Telegram id=2 type=0 is not enabled or stopped.
10.09.2024 11:30:38.330: Telegram processing stopped
10.09.2024 11:49:50.790: Start telegram processing with prio = 26
10.09.2024 11:49:50.791: Telegram id=1 type=0 is not enabled or stopped.
10.09.2024 11:49:50.806: Telegram processing stopped
11.09.2024 04:42:30.515: ================================================NEW LOG SESSION===================================================
11.09.2024 04:42:30.522: open interface ecatbus0
11.09.2024 04:42:30.522: RBLOOP driver (emul) ver. 1.0 started.
11.09.2024 04:42:30.522: RBLoop initialized
11.09.2024 04:42:43.808: Start telegram processing with prio = 26
11.09.2024 04:42:43.823: Telegram processing stopped
12.09.2024 04:37:58.312: ================================================NEW LOG SESSION===================================================
12.09.2024 04:37:58.317: open interface ecatbus0
12.09.2024 04:37:58.317: RBLOOP driver (emul) ver. 1.0 started.
12.09.2024 04:37:58.317: RBLoop initialized
12.09.2024 04:38:11.803: Start telegram processing with prio = 26
12.09.2024 04:38:11.821: Telegram processing stopped
13.09.2024 04:52:31.484: ================================================NEW LOG SESSION===================================================
13.09.2024 04:52:31.488: open interface ecatbus0
13.09.2024 04:52:31.488: RBLOOP driver (emul) ver. 1.0 started.
13.09.2024 04:52:31.488: RBLoop initialized
13.09.2024 04:52:45.365: Start telegram processing with prio = 26
13.09.2024 04:52:45.380: Telegram processing stopped
17.09.2024 04:31:56.272: ================================================NEW LOG SESSION===================================================
17.09.2024 04:31:56.276: open interface ecatbus0
17.09.2024 04:31:56.276: RBLOOP driver (emul) ver. 1.0 started.
17.09.2024 04:31:56.276: RBLoop initialized
17.09.2024 04:32:09.840: Start telegram processing with prio = 26
17.09.2024 04:32:09.855: Telegram processing stopped
17.09.2024 05:35:02.339: Start telegram processing with prio = 26
17.09.2024 05:35:02.340: I lost few packets 0 -> 16741 
17.09.2024 05:35:02.340: Telegram id=4 type=0 is not enabled or stopped.
17.09.2024 05:35:02.355: Telegram processing stopped
17.09.2024 09:35:26.628: Start telegram processing with prio = 26
17.09.2024 09:35:26.628: I lost few packets 16741 -> 60026 
17.09.2024 09:35:26.629: Telegram id=0 type=0 is not enabled or stopped.
17.09.2024 09:35:26.644: Telegram processing stopped
17.09.2024 10:27:32.290: Start telegram processing with prio = 26
17.09.2024 10:27:32.291: Telegram id=2 type=0 is not enabled or stopped.
17.09.2024 10:27:32.306: Telegram processing stopped
17.09.2024 11:09:18.642: Start telegram processing with prio = 26
17.09.2024 11:09:18.642: Telegram id=2 type=0 is not enabled or stopped.
17.09.2024 11:09:18.657: Telegram processing stopped
17.09.2024 11:30:45.553: Start telegram processing with prio = 26
17.09.2024 11:30:45.553: I lost few packets 848 -> 26892 
17.09.2024 11:30:45.554: Telegram id=2 type=0 is not enabled or stopped.
17.09.2024 11:30:45.569: Telegram processing stopped
17.09.2024 11:59:50.490: Start telegram processing with prio = 26
17.09.2024 11:59:50.490: Telegram id=3 type=0 is not enabled or stopped.
17.09.2024 11:59:50.505: Telegram processing stopped
17.09.2024 12:30:43.544: Start telegram processing with prio = 26
17.09.2024 12:30:43.545: Telegram id=4 type=0 is not enabled or stopped.
17.09.2024 12:30:43.560: Telegram processing stopped
18.09.2024 04:38:27.332: ================================================NEW LOG SESSION===================================================
18.09.2024 04:38:27.344: open interface ecatbus0
18.09.2024 04:38:27.344: RBLOOP driver (emul) ver. 1.0 started.
18.09.2024 04:38:27.344: RBLoop initialized
18.09.2024 04:38:41.090: Start telegram processing with prio = 26
18.09.2024 04:38:41.105: Telegram processing stopped
18.09.2024 04:47:31.443: Start telegram processing with prio = 26
18.09.2024 04:47:31.444: I lost few packets 0 -> 56298 
18.09.2024 04:47:31.445: Telegram id=2 type=0 is not enabled or stopped.
18.09.2024 04:47:31.459: Telegram processing stopped
18.09.2024 05:44:43.227: Start telegram processing with prio = 26
18.09.2024 05:44:43.228: Telegram id=3 type=0 is not enabled or stopped.
18.09.2024 05:44:43.246: Telegram processing stopped
19.09.2024 04:38:18.275: ================================================NEW LOG SESSION===================================================
19.09.2024 04:38:18.283: open interface ecatbus0
19.09.2024 04:38:18.283: RBLOOP driver (emul) ver. 1.0 started.
19.09.2024 04:38:18.283: RBLoop initialized
19.09.2024 04:38:31.949: Start telegram processing with prio = 26
19.09.2024 04:38:31.967: Telegram processing stopped
19.09.2024 08:55:17.758: Start telegram processing with prio = 26
19.09.2024 08:55:17.759: I lost few packets 0 -> 56824 
19.09.2024 08:55:17.759: Telegram id=2 type=0 is not enabled or stopped.
19.09.2024 08:55:17.774: Telegram processing stopped
19.09.2024 09:00:22.429: Start telegram processing with prio = 26
19.09.2024 09:00:22.430: Telegram id=3 type=0 is not enabled or stopped.
19.09.2024 09:00:22.448: Telegram processing stopped
19.09.2024 09:09:34.009: Start telegram processing with prio = 26
19.09.2024 09:09:34.010: Telegram id=1 type=0 is not enabled or stopped.
19.09.2024 09:09:34.028: Telegram processing stopped
19.09.2024 09:28:18.020: Start telegram processing with prio = 26
19.09.2024 09:28:18.021: I lost few packets 12745 -> 59485 
19.09.2024 09:28:18.021: Telegram id=3 type=0 is not enabled or stopped.
19.09.2024 09:28:18.036: Telegram processing stopped
19.09.2024 09:46:50.056: Start telegram processing with prio = 26
19.09.2024 09:46:50.057: Telegram id=5 type=0 is not enabled or stopped.
19.09.2024 09:46:50.072: Telegram processing stopped
20.09.2024 04:43:25.387: ================================================NEW LOG SESSION===================================================
20.09.2024 04:43:25.392: open interface ecatbus0
20.09.2024 04:43:25.392: RBLOOP driver (emul) ver. 1.0 started.
20.09.2024 04:43:25.392: RBLoop initialized
20.09.2024 04:43:39.158: Start telegram processing with prio = 26
20.09.2024 04:43:39.173: Telegram processing stopped
20.09.2024 04:52:41.185: Start telegram processing with prio = 26
20.09.2024 04:52:41.186: I lost few packets 0 -> 3836 
20.09.2024 04:52:41.186: Telegram id=2 type=0 is not enabled or stopped.
20.09.2024 04:52:41.201: Telegram processing stopped
20.09.2024 04:59:58.267: ================================================NEW LOG SESSION===================================================
20.09.2024 04:59:58.272: open interface ecatbus0
20.09.2024 04:59:58.272: RBLOOP driver (emul) ver. 1.0 started.
20.09.2024 04:59:58.272: RBLoop initialized
20.09.2024 05:00:11.823: Start telegram processing with prio = 26
20.09.2024 05:00:11.838: Telegram processing stopped
23.09.2024 07:29:32.341: ================================================NEW LOG SESSION===================================================
23.09.2024 07:29:32.346: open interface ecatbus0
23.09.2024 07:29:32.346: RBLOOP driver (emul) ver. 1.0 started.
23.09.2024 07:29:32.346: RBLoop initialized
23.09.2024 07:29:46.018: Start telegram processing with prio = 26
23.09.2024 07:29:46.033: Telegram processing stopped
23.09.2024 08:11:15.372: Start telegram processing with prio = 26
23.09.2024 08:11:15.372: I lost few packets 0 -> 56611 
23.09.2024 08:11:15.373: Telegram id=2 type=0 is not enabled or stopped.
23.09.2024 08:11:15.388: Telegram processing stopped
23.09.2024 08:12:17.207: ================================================NEW LOG SESSION===================================================
23.09.2024 08:12:17.210: open interface ecatbus0
23.09.2024 08:12:17.210: RBLOOP driver (emul) ver. 1.0 started.
23.09.2024 08:12:17.210: RBLoop initialized
23.09.2024 08:12:30.825: Start telegram processing with prio = 26
23.09.2024 08:12:30.840: Telegram processing stopped
23.09.2024 10:13:58.930: Start telegram processing with prio = 26
23.09.2024 10:13:58.931: I lost few packets 0 -> 6004 
23.09.2024 10:13:58.931: Telegram id=4 type=0 is not enabled or stopped.
23.09.2024 10:13:58.946: Telegram processing stopped
23.09.2024 10:30:28.354: ================================================NEW LOG SESSION===================================================
23.09.2024 10:30:28.358: open interface ecatbus0
23.09.2024 10:30:28.359: RBLOOP driver (emul) ver. 1.0 started.
23.09.2024 10:30:28.359: RBLoop initialized
23.09.2024 10:30:42.014: Start telegram processing with prio = 26
23.09.2024 10:30:42.029: Telegram processing stopped
24.09.2024 04:29:23.395: ================================================NEW LOG SESSION===================================================
24.09.2024 04:29:23.401: open interface ecatbus0
24.09.2024 04:29:23.401: RBLOOP driver (emul) ver. 1.0 started.
24.09.2024 04:29:23.401: RBLoop initialized
24.09.2024 04:29:36.880: Start telegram processing with prio = 26
24.09.2024 04:29:36.895: Telegram processing stopped
24.09.2024 08:59:04.790: Start telegram processing with prio = 26
24.09.2024 08:59:04.791: I lost few packets 0 -> 33998 
24.09.2024 08:59:04.791: Telegram id=5 type=0 is not enabled or stopped.
24.09.2024 08:59:04.806: Telegram processing stopped
24.09.2024 09:22:45.398: ================================================NEW LOG SESSION===================================================
24.09.2024 09:22:45.403: open interface ecatbus0
24.09.2024 09:22:45.403: RBLOOP driver (emul) ver. 1.0 started.
24.09.2024 09:22:45.403: RBLoop initialized
24.09.2024 09:22:59.112: Start telegram processing with prio = 26
24.09.2024 09:22:59.130: Telegram processing stopped
25.09.2024 04:29:25.342: ================================================NEW LOG SESSION===================================================
25.09.2024 04:29:25.347: open interface ecatbus0
25.09.2024 04:29:25.347: RBLOOP driver (emul) ver. 1.0 started.
25.09.2024 04:29:25.347: RBLoop initialized
25.09.2024 04:29:39.257: Start telegram processing with prio = 26
25.09.2024 04:29:39.272: Telegram processing stopped
25.09.2024 04:35:11.539: Start telegram processing with prio = 26
25.09.2024 04:35:11.540: I lost few packets 0 -> 46930 
25.09.2024 04:35:11.540: Telegram id=3 type=0 is not enabled or stopped.
25.09.2024 04:35:11.555: Telegram processing stopped
25.09.2024 04:38:28.307: ================================================NEW LOG SESSION===================================================
25.09.2024 04:38:28.312: open interface ecatbus0
25.09.2024 04:38:28.312: RBLOOP driver (emul) ver. 1.0 started.
25.09.2024 04:38:28.312: RBLoop initialized
25.09.2024 04:38:42.073: Start telegram processing with prio = 26
25.09.2024 04:38:42.088: Telegram processing stopped
25.09.2024 04:47:38.263: Start telegram processing with prio = 26
25.09.2024 04:47:38.264: I lost few packets 0 -> 62282 
25.09.2024 04:47:38.264: Telegram id=2 type=0 is not enabled or stopped.
25.09.2024 04:47:38.279: Telegram processing stopped
25.09.2024 05:08:49.677: Start telegram processing with prio = 26
25.09.2024 05:08:49.677: Telegram id=2 type=0 is not enabled or stopped.
25.09.2024 05:08:49.692: Telegram processing stopped
25.09.2024 13:40:56.105: Start telegram processing with prio = 26
25.09.2024 13:40:56.105: I lost few packets 11922 -> 46000 
25.09.2024 13:40:56.106: Telegram id=1 type=0 is not enabled or stopped.
25.09.2024 13:40:56.121: Telegram processing stopped
26.09.2024 04:27:11.394: ================================================NEW LOG SESSION===================================================
26.09.2024 04:27:11.402: open interface ecatbus0
26.09.2024 04:27:11.402: RBLOOP driver (emul) ver. 1.0 started.
26.09.2024 04:27:11.402: RBLoop initialized
26.09.2024 04:27:25.017: Start telegram processing with prio = 26
26.09.2024 04:27:25.032: Telegram processing stopped
26.09.2024 04:46:55.177: Start telegram processing with prio = 26
26.09.2024 04:46:55.178: I lost few packets 0 -> 40034 
26.09.2024 04:46:55.178: Telegram id=0 type=0 is not enabled or stopped.
26.09.2024 04:46:55.196: Telegram processing stopped
26.09.2024 06:57:30.736: Start telegram processing with prio = 26
26.09.2024 06:57:30.737: Telegram id=1 type=0 is not enabled or stopped.
26.09.2024 06:57:30.752: Telegram processing stopped
26.09.2024 08:36:30.413: Start telegram processing with prio = 26
26.09.2024 08:36:30.414: I lost few packets 22567 -> 26967 
26.09.2024 08:36:30.414: Telegram id=1 type=0 is not enabled or stopped.
26.09.2024 08:36:30.429: Telegram processing stopped
26.09.2024 11:58:47.095: Start telegram processing with prio = 26
26.09.2024 11:58:47.095: I lost few packets 26967 -> 64704 
26.09.2024 11:58:47.096: Telegram id=2 type=0 is not enabled or stopped.
26.09.2024 11:58:47.111: Telegram processing stopped
26.09.2024 12:09:43.274: Start telegram processing with prio = 26
26.09.2024 12:09:43.275: Telegram id=3 type=0 is not enabled or stopped.
26.09.2024 12:09:43.290: Telegram processing stopped
26.09.2024 12:16:20.049: Start telegram processing with prio = 26
26.09.2024 12:16:20.050: I lost few packets 51209 -> 53348 
26.09.2024 12:16:20.050: Telegram id=2 type=0 is not enabled or stopped.
26.09.2024 12:16:20.065: Telegram processing stopped
30.09.2024 06:43:33.276: ================================================NEW LOG SESSION===================================================
30.09.2024 06:43:33.280: open interface ecatbus0
30.09.2024 06:43:33.280: RBLOOP driver (emul) ver. 1.0 started.
30.09.2024 06:43:33.280: RBLoop initialized
30.09.2024 06:43:46.928: Start telegram processing with prio = 26
30.09.2024 06:43:46.943: Telegram processing stopped
30.09.2024 06:46:56.412: ================================================NEW LOG SESSION===================================================
30.09.2024 06:46:56.417: open interface ecatbus0
30.09.2024 06:46:56.417: RBLOOP driver (emul) ver. 1.0 started.
30.09.2024 06:46:56.417: RBLoop initialized
30.09.2024 06:47:09.971: Start telegram processing with prio = 26
30.09.2024 06:47:09.986: Telegram processing stopped
30.09.2024 06:58:03.380: ================================================NEW LOG SESSION===================================================
30.09.2024 06:58:03.384: open interface ecatbus0
30.09.2024 06:58:03.384: RBLOOP driver (emul) ver. 1.0 started.
30.09.2024 06:58:03.384: RBLoop initialized
30.09.2024 06:58:16.976: Start telegram processing with prio = 26
30.09.2024 06:58:16.991: Telegram processing stopped
30.09.2024 08:49:13.292: ================================================NEW LOG SESSION===================================================
30.09.2024 08:49:13.296: open interface ecatbus0
30.09.2024 08:49:13.296: RBLOOP driver (emul) ver. 1.0 started.
30.09.2024 08:49:13.296: RBLoop initialized
30.09.2024 08:49:26.859: Start telegram processing with prio = 26
30.09.2024 08:49:26.874: Telegram processing stopped
30.09.2024 08:51:18.387: ================================================NEW LOG SESSION===================================================
30.09.2024 08:51:18.391: open interface ecatbus0
30.09.2024 08:51:18.391: RBLOOP driver (emul) ver. 1.0 started.
30.09.2024 08:51:18.391: RBLoop initialized
30.09.2024 08:51:32.008: Start telegram processing with prio = 26
30.09.2024 08:51:32.023: Telegram processing stopped
30.09.2024 09:08:36.083: Start telegram processing with prio = 26
30.09.2024 09:08:36.083: I lost few packets 0 -> 26033 
30.09.2024 09:08:36.084: Telegram id=2 type=0 is not enabled or stopped.
30.09.2024 09:08:36.099: Telegram processing stopped
30.09.2024 09:11:04.072: Start telegram processing with prio = 26
30.09.2024 09:11:04.073: Telegram id=2 type=0 is not enabled or stopped.
30.09.2024 09:11:04.088: Telegram processing stopped
30.09.2024 11:58:37.289: ================================================NEW LOG SESSION===================================================
30.09.2024 11:58:37.305: open interface ecatbus0
30.09.2024 11:58:37.305: RBLOOP driver (emul) ver. 1.0 started.
30.09.2024 11:58:37.305: RBLoop initialized
30.09.2024 11:58:50.832: Start telegram processing with prio = 26
30.09.2024 11:58:50.847: Telegram processing stopped
01.10.2024 08:38:27.429: ================================================NEW LOG SESSION===================================================
01.10.2024 08:38:27.435: open interface ecatbus0
01.10.2024 08:38:27.435: RBLOOP driver (emul) ver. 1.0 started.
01.10.2024 08:38:27.435: RBLoop initialized
01.10.2024 08:38:41.131: Start telegram processing with prio = 26
01.10.2024 08:38:41.146: Telegram processing stopped
01.10.2024 08:40:19.268: ================================================NEW LOG SESSION===================================================
01.10.2024 08:40:19.272: open interface ecatbus0
01.10.2024 08:40:19.272: RBLOOP driver (emul) ver. 1.0 started.
01.10.2024 08:40:19.272: RBLoop initialized
01.10.2024 08:40:32.571: Start telegram processing with prio = 26
01.10.2024 08:40:32.586: Telegram processing stopped
01.10.2024 08:43:09.389: ================================================NEW LOG SESSION===================================================
01.10.2024 08:43:09.393: open interface ecatbus0
01.10.2024 08:43:09.393: RBLOOP driver (emul) ver. 1.0 started.
01.10.2024 08:43:09.393: RBLoop initialized
01.10.2024 08:43:22.662: Start telegram processing with prio = 26
01.10.2024 08:43:22.677: Telegram processing stopped
02.10.2024 04:35:16.779: Start telegram processing with prio = 26
02.10.2024 04:35:16.779: I lost few packets 0 -> 36065 
02.10.2024 04:35:16.780: Telegram id=41 type=0 is not enabled or stopped.
02.10.2024 04:35:16.795: Telegram processing stopped
02.10.2024 11:51:36.434: ================================================NEW LOG SESSION===================================================
02.10.2024 11:51:36.441: open interface ecatbus0
02.10.2024 11:51:36.441: RBLOOP driver (emul) ver. 1.0 started.
02.10.2024 11:51:36.441: RBLoop initialized
02.10.2024 11:51:47.980: Start telegram processing with prio = 26
02.10.2024 11:51:47.995: Telegram processing stopped
03.10.2024 04:48:23.325: ================================================NEW LOG SESSION===================================================
03.10.2024 04:48:23.332: open interface ecatbus0
03.10.2024 04:48:23.332: RBLOOP driver (emul) ver. 1.0 started.
03.10.2024 04:48:23.332: RBLoop initialized
03.10.2024 04:48:34.543: Start telegram processing with prio = 26
03.10.2024 04:48:34.558: Telegram processing stopped
03.10.2024 05:37:09.262: Start telegram processing with prio = 26
03.10.2024 05:37:09.263: I lost few packets 0 -> 25745 
03.10.2024 05:37:09.263: Telegram id=3 type=0 is not enabled or stopped.
03.10.2024 05:37:09.278: Telegram processing stopped
03.10.2024 05:51:50.015: Start telegram processing with prio = 26
03.10.2024 05:51:50.016: Telegram id=1 type=0 is not enabled or stopped.
03.10.2024 05:51:50.031: Telegram processing stopped
03.10.2024 06:44:25.188: Start telegram processing with prio = 26
03.10.2024 06:44:25.189: Telegram id=0 type=0 is not enabled or stopped.
03.10.2024 06:44:25.204: Telegram processing stopped
03.10.2024 08:06:42.033: Start telegram processing with prio = 26
03.10.2024 08:06:42.034: I lost few packets 4556 -> 16416 
03.10.2024 08:06:42.034: Telegram id=4 type=0 is not enabled or stopped.
03.10.2024 08:06:42.049: Telegram processing stopped
03.10.2024 11:12:33.948: Start telegram processing with prio = 26
03.10.2024 11:12:33.949: Telegram id=4 type=0 is not enabled or stopped.
03.10.2024 11:12:33.964: Telegram processing stopped
04.10.2024 04:25:16.995: Start telegram processing with prio = 26
04.10.2024 04:25:17.010: Telegram processing stopped
04.10.2024 04:27:42.370: ================================================NEW LOG SESSION===================================================
04.10.2024 04:27:42.374: open interface ecatbus0
04.10.2024 04:27:42.374: RBLOOP driver (emul) ver. 1.0 started.
04.10.2024 04:27:42.374: RBLoop initialized
04.10.2024 04:27:53.320: Start telegram processing with prio = 26
04.10.2024 04:27:53.335: Telegram processing stopped
04.10.2024 09:00:03.410: Start telegram processing with prio = 26
04.10.2024 09:00:03.410: I lost few packets 0 -> 8048 
04.10.2024 09:00:03.411: Telegram id=4 type=0 is not enabled or stopped.
04.10.2024 09:00:03.426: Telegram processing stopped
04.10.2024 09:30:11.189: Start telegram processing with prio = 26
04.10.2024 09:30:11.189: I lost few packets 8048 -> 31670 
04.10.2024 09:30:11.190: Telegram id=0 type=0 is not enabled or stopped.
04.10.2024 09:30:11.205: Telegram processing stopped
