/dev/hd0t177.1 on /basefs/mnt/user type qnx6 
25.04.2024 04:58:25.785: writing RSA key
25.04.2024 04:58:25.910: Reloading packet filter rules
25.04.2024 04:58:25.969: pfctl: /dev/pf: No such file or directory
25.04.2024 04:58:26.838: ================================================END LOG SESSION===================================================
08.05.2024 08:13:05.775: ================================================NEW LOG SESSION===================================================
08.05.2024 08:13:10.785: ================================================END LOG SESSION===================================================
13.05.2024 04:26:14.718: ================================================NEW LOG SESSION===================================================
13.05.2024 04:26:19.728: ================================================END LOG SESSION===================================================
13.05.2024 04:48:27.651: ================================================NEW LOG SESSION===================================================
13.05.2024 04:48:32.660: ================================================END LOG SESSION===================================================
13.05.2024 04:55:57.604: ================================================NEW LOG SESSION===================================================
13.05.2024 04:56:02.614: ================================================END LOG SESSION===================================================
13.05.2024 05:29:09.656: ================================================NEW LOG SESSION===================================================
13.05.2024 05:29:14.667: ================================================END LOG SESSION===================================================
13.05.2024 05:59:31.672: ================================================NEW LOG SESSION===================================================
13.05.2024 05:59:36.683: ================================================END LOG SESSION===================================================
13.05.2024 06:30:22.686: ================================================NEW LOG SESSION===================================================
13.05.2024 06:30:27.695: ================================================END LOG SESSION===================================================
14.05.2024 04:00:01.677: ================================================NEW LOG SESSION===================================================
14.05.2024 04:00:06.686: ================================================END LOG SESSION===================================================
14.05.2024 04:12:58.632: ================================================NEW LOG SESSION===================================================
14.05.2024 04:13:03.642: ================================================END LOG SESSION===================================================
14.05.2024 04:26:33.779: ================================================NEW LOG SESSION===================================================
14.05.2024 04:26:38.790: ================================================END LOG SESSION===================================================
14.05.2024 06:30:16.717: ================================================NEW LOG SESSION===================================================
14.05.2024 06:30:21.731: ================================================END LOG SESSION===================================================
14.05.2024 06:51:03.632: ================================================NEW LOG SESSION===================================================
14.05.2024 06:51:08.641: ================================================END LOG SESSION===================================================
14.05.2024 07:31:42.754: ================================================NEW LOG SESSION===================================================
14.05.2024 07:31:47.767: ================================================END LOG SESSION===================================================
14.05.2024 08:13:07.667: ================================================NEW LOG SESSION===================================================
14.05.2024 08:13:12.676: ================================================END LOG SESSION===================================================
14.05.2024 08:59:58.641: ================================================NEW LOG SESSION===================================================
14.05.2024 09:00:03.651: ================================================END LOG SESSION===================================================
14.05.2024 09:15:27.778: ================================================NEW LOG SESSION===================================================
14.05.2024 09:15:32.789: ================================================END LOG SESSION===================================================
14.05.2024 09:37:43.551: ================================================NEW LOG SESSION===================================================
14.05.2024 09:37:48.561: ================================================END LOG SESSION===================================================
14.05.2024 10:02:12.713: ================================================NEW LOG SESSION===================================================
14.05.2024 10:02:17.722: ================================================END LOG SESSION===================================================
14.05.2024 10:39:52.663: ================================================NEW LOG SESSION===================================================
14.05.2024 10:39:57.673: ================================================END LOG SESSION===================================================
15.05.2024 05:26:11.664: ================================================NEW LOG SESSION===================================================
15.05.2024 05:26:16.674: ================================================END LOG SESSION===================================================
15.05.2024 05:44:50.659: ================================================NEW LOG SESSION===================================================
15.05.2024 05:44:55.668: ================================================END LOG SESSION===================================================
15.05.2024 07:36:25.638: ================================================NEW LOG SESSION===================================================
15.05.2024 07:36:30.647: ================================================END LOG SESSION===================================================
15.05.2024 08:41:15.744: ================================================NEW LOG SESSION===================================================
15.05.2024 08:41:20.753: ================================================END LOG SESSION===================================================
15.05.2024 08:48:57.756: ================================================NEW LOG SESSION===================================================
15.05.2024 08:49:02.767: ================================================END LOG SESSION===================================================
15.05.2024 10:59:02.719: ================================================NEW LOG SESSION===================================================
15.05.2024 10:59:07.785: ================================================END LOG SESSION===================================================
16.05.2024 10:46:54.681: ================================================NEW LOG SESSION===================================================
16.05.2024 10:46:59.689: ================================================END LOG SESSION===================================================
16.05.2024 13:23:49.646: ================================================NEW LOG SESSION===================================================
16.05.2024 13:23:54.654: ================================================END LOG SESSION===================================================
20.05.2024 05:27:13.669: ================================================NEW LOG SESSION===================================================
20.05.2024 05:27:18.680: ================================================END LOG SESSION===================================================
20.05.2024 07:31:42.695: ================================================NEW LOG SESSION===================================================
20.05.2024 07:31:47.739: ================================================END LOG SESSION===================================================
20.05.2024 10:44:13.712: ================================================NEW LOG SESSION===================================================
20.05.2024 10:44:18.724: ================================================END LOG SESSION===================================================
04.09.2024 09:52:11.677: ================================================NEW LOG SESSION===================================================
04.09.2024 09:52:16.686: ================================================END LOG SESSION===================================================
05.09.2024 04:52:14.683: ================================================NEW LOG SESSION===================================================
05.09.2024 04:52:19.695: ================================================END LOG SESSION===================================================
09.09.2024 10:29:12.728: ================================================NEW LOG SESSION===================================================
09.09.2024 10:29:17.739: ================================================END LOG SESSION===================================================
09.09.2024 12:31:05.646: ================================================NEW LOG SESSION===================================================
09.09.2024 12:31:10.656: ================================================END LOG SESSION===================================================
10.09.2024 04:37:33.746: ================================================NEW LOG SESSION===================================================
10.09.2024 04:37:38.758: ================================================END LOG SESSION===================================================
11.09.2024 04:42:23.893: ================================================NEW LOG SESSION===================================================
11.09.2024 04:42:28.905: ================================================END LOG SESSION===================================================
12.09.2024 04:37:51.703: ================================================NEW LOG SESSION===================================================
12.09.2024 04:37:56.713: ================================================END LOG SESSION===================================================
13.09.2024 04:52:24.874: ================================================NEW LOG SESSION===================================================
13.09.2024 04:52:29.885: ================================================END LOG SESSION===================================================
17.09.2024 04:31:49.668: ================================================NEW LOG SESSION===================================================
17.09.2024 04:31:54.678: ================================================END LOG SESSION===================================================
18.09.2024 04:38:20.724: ================================================NEW LOG SESSION===================================================
18.09.2024 04:38:25.732: ================================================END LOG SESSION===================================================
19.09.2024 04:38:11.661: ================================================NEW LOG SESSION===================================================
19.09.2024 04:38:16.671: ================================================END LOG SESSION===================================================
20.09.2024 04:43:18.780: ================================================NEW LOG SESSION===================================================
20.09.2024 04:43:23.788: ================================================END LOG SESSION===================================================
20.09.2024 04:59:51.660: ================================================NEW LOG SESSION===================================================
20.09.2024 04:59:56.706: ================================================END LOG SESSION===================================================
23.09.2024 07:29:25.735: ================================================NEW LOG SESSION===================================================
23.09.2024 07:29:30.744: ================================================END LOG SESSION===================================================
23.09.2024 08:12:10.601: ================================================NEW LOG SESSION===================================================
23.09.2024 08:12:15.611: ================================================END LOG SESSION===================================================
23.09.2024 10:30:21.745: ================================================NEW LOG SESSION===================================================
23.09.2024 10:30:26.754: ================================================END LOG SESSION===================================================
24.09.2024 04:29:16.777: ================================================NEW LOG SESSION===================================================
24.09.2024 04:29:21.787: ================================================END LOG SESSION===================================================
24.09.2024 09:22:38.792: ================================================NEW LOG SESSION===================================================
24.09.2024 09:22:43.801: ================================================END LOG SESSION===================================================
25.09.2024 04:29:18.739: ================================================NEW LOG SESSION===================================================
25.09.2024 04:29:23.748: ================================================END LOG SESSION===================================================
25.09.2024 04:38:21.697: ================================================NEW LOG SESSION===================================================
25.09.2024 04:38:26.708: ================================================END LOG SESSION===================================================
26.09.2024 04:27:04.803: ================================================NEW LOG SESSION===================================================
26.09.2024 04:27:09.817: ================================================END LOG SESSION===================================================
30.09.2024 06:43:26.670: ================================================NEW LOG SESSION===================================================
30.09.2024 06:43:31.679: ================================================END LOG SESSION===================================================
30.09.2024 06:46:49.798: ================================================NEW LOG SESSION===================================================
30.09.2024 06:46:54.809: ================================================END LOG SESSION===================================================
30.09.2024 06:57:56.768: ================================================NEW LOG SESSION===================================================
30.09.2024 06:58:01.778: ================================================END LOG SESSION===================================================
30.09.2024 08:49:06.706: ================================================NEW LOG SESSION===================================================
30.09.2024 08:49:11.717: ================================================END LOG SESSION===================================================
30.09.2024 08:51:11.771: ================================================NEW LOG SESSION===================================================
30.09.2024 08:51:16.780: ================================================END LOG SESSION===================================================
30.09.2024 11:58:30.687: ================================================NEW LOG SESSION===================================================
30.09.2024 11:58:35.696: ================================================END LOG SESSION===================================================
01.10.2024 08:38:20.805: ================================================NEW LOG SESSION===================================================
01.10.2024 08:38:25.815: ================================================END LOG SESSION===================================================
01.10.2024 08:40:12.659: ================================================NEW LOG SESSION===================================================
01.10.2024 08:40:17.669: ================================================END LOG SESSION===================================================
01.10.2024 08:43:02.781: ================================================NEW LOG SESSION===================================================
01.10.2024 08:43:07.842: ================================================END LOG SESSION===================================================
02.10.2024 11:51:29.815: ================================================NEW LOG SESSION===================================================
02.10.2024 11:51:34.827: ================================================END LOG SESSION===================================================
03.10.2024 04:48:16.707: ================================================NEW LOG SESSION===================================================
03.10.2024 04:48:21.717: ================================================END LOG SESSION===================================================
04.10.2024 04:27:35.759: ================================================NEW LOG SESSION===================================================
04.10.2024 04:27:40.770: ================================================END LOG SESSION===================================================
