25.04.2024 09:58:40.000: [I] ntpd[4923439-1] ntpd 4.2.8p13@1.3847 Tue Jan 25 06:37:43 UTC 2022 (1): Starting
25.04.2024 09:58:40.000: [I] ntpd[4923439-1] Command line: ntpd -g -c /tmp/ntp_full.conf
25.04.2024 09:58:40.000: [I] cron : started
25.04.2024 09:58:40.000: [E] ntpd[4976698-1] precise_time: Ok
25.04.2024 09:58:40.000: [I] ntpd[4976698-1] proto: precision = 0.512 usec (-21)
25.04.2024 09:58:40.000: [I] ntpd[4976698-1] basedate set to 2022-01-13
25.04.2024 09:58:40.000: [I] ntpd[4976698-1] gps base set to 2022-01-16 (week 2193)
25.04.2024 09:58:40.000: [I] ntpd[4976698-1] switching logging to file /dev/logger/user
25.04.2024 09:58:41.000: [I] cron : shutdown
25.04.2024 09:58:41.000: [I] cron : started
25.04.2024 09:58:49.000: [I] cron : started
25.04.2024 09:58:49.000: [I] cron : already running
08.05.2024 08:12:59.069: ********************************* POWER UP *********************************
08.05.2024 08:13:22.000: [I] cron : started
08.05.2024 08:13:22.000: [I] ntpd[3989556-1] ntpd 4.2.8p13@1.3847 Tue Jan 25 06:37:43 UTC 2022 (1): Starting
08.05.2024 08:13:22.000: [I] ntpd[3989556-1] Command line: ntpd -g -c /tmp/ntp_full.conf
08.05.2024 08:13:22.000: [E] ntpd[4063297-1] precise_time: Ok
08.05.2024 08:13:22.000: [I] ntpd[4063297-1] proto: precision = 0.512 usec (-21)
08.05.2024 08:13:22.000: [I] ntpd[4063297-1] basedate set to 2022-01-13
08.05.2024 08:13:22.000: [I] ntpd[4063297-1] gps base set to 2022-01-16 (week 2193)
08.05.2024 08:13:22.000: [I] ntpd[4063297-1] switching logging to file /dev/logger/user
08.05.2024 08:13:26.000: [I] cron : started
08.05.2024 08:13:26.000: [I] cron : already running
13.05.2024 04:26:07.077: ********************************* POWER UP *********************************
13.05.2024 04:26:31.000: [I] cron : started
13.05.2024 04:26:31.000: [I] ntpd[4034630-1] ntpd 4.2.8p13@1.3847 Tue Jan 25 06:37:43 UTC 2022 (1): Starting
13.05.2024 04:26:31.000: [I] ntpd[4034630-1] Command line: ntpd -g -c /tmp/ntp_full.conf
13.05.2024 04:26:31.000: [E] ntpd[4116554-1] precise_time: Ok
13.05.2024 04:26:31.000: [I] ntpd[4116554-1] proto: precision = 0.512 usec (-21)
13.05.2024 04:26:31.000: [I] ntpd[4116554-1] basedate set to 2022-01-13
13.05.2024 04:26:31.000: [I] ntpd[4116554-1] gps base set to 2022-01-16 (week 2193)
13.05.2024 04:26:31.000: [I] ntpd[4116554-1] switching logging to file /dev/logger/user
13.05.2024 04:26:35.000: [I] cron : started
13.05.2024 04:26:35.000: [I] cron : already running
13.05.2024 04:48:20.022: ********************************* POWER UP *********************************
13.05.2024 04:48:43.000: [I] cron : started
13.05.2024 04:48:43.000: [I] ntpd[4034639-1] ntpd 4.2.8p13@1.3847 Tue Jan 25 06:37:43 UTC 2022 (1): Starting
13.05.2024 04:48:43.000: [I] ntpd[4034639-1] Command line: ntpd -g -c /tmp/ntp_full.conf
13.05.2024 04:48:43.000: [E] ntpd[4100158-1] precise_time: Ok
13.05.2024 04:48:44.000: [I] ntpd[4100158-1] proto: precision = 0.512 usec (-21)
13.05.2024 04:48:44.000: [I] ntpd[4100158-1] basedate set to 2022-01-13
13.05.2024 04:48:44.000: [I] ntpd[4100158-1] gps base set to 2022-01-16 (week 2193)
13.05.2024 04:48:44.000: [I] ntpd[4100158-1] switching logging to file /dev/logger/user
13.05.2024 04:48:48.000: [I] cron : started
13.05.2024 04:48:48.000: [I] cron : already running
13.05.2024 04:55:40.038: ********************************* POWER UP *********************************
13.05.2024 04:56:13.000: [I] cron : started
13.05.2024 04:56:13.000: [I] ntpd[4051023-1] ntpd 4.2.8p13@1.3847 Tue Jan 25 06:37:43 UTC 2022 (1): Starting
13.05.2024 04:56:13.000: [I] ntpd[4051023-1] Command line: ntpd -g -c /tmp/ntp_full.conf
13.05.2024 04:56:13.000: [E] ntpd[4120634-1] precise_time: Ok
13.05.2024 04:56:13.000: [I] ntpd[4120634-1] proto: precision = 0.512 usec (-21)
13.05.2024 04:56:13.000: [I] ntpd[4120634-1] basedate set to 2022-01-13
13.05.2024 04:56:13.000: [I] ntpd[4120634-1] gps base set to 2022-01-16 (week 2193)
13.05.2024 04:56:13.000: [I] ntpd[4120634-1] switching logging to file /dev/logger/user
13.05.2024 04:56:18.000: [I] cron : started
13.05.2024 04:56:18.000: [I] cron : already running
13.05.2024 05:29:02.063: ********************************* POWER UP *********************************
13.05.2024 05:29:25.000: [I] cron : started
13.05.2024 05:29:25.000: [I] ntpd[4034637-1] ntpd 4.2.8p13@1.3847 Tue Jan 25 06:37:43 UTC 2022 (1): Starting
13.05.2024 05:29:25.000: [I] ntpd[4034637-1] Command line: ntpd -g -c /tmp/ntp_full.conf
13.05.2024 05:29:26.000: [E] ntpd[4116548-1] precise_time: Ok
13.05.2024 05:29:26.000: [I] ntpd[4116548-1] proto: precision = 0.512 usec (-21)
13.05.2024 05:29:26.000: [I] ntpd[4116548-1] basedate set to 2022-01-13
13.05.2024 05:29:26.000: [I] ntpd[4116548-1] gps base set to 2022-01-16 (week 2193)
13.05.2024 05:29:26.000: [I] ntpd[4116548-1] switching logging to file /dev/logger/user
13.05.2024 05:29:30.000: [I] cron : started
13.05.2024 05:29:30.000: [I] cron : already running
13.05.2024 05:59:24.062: ********************************* POWER UP *********************************
13.05.2024 05:59:47.000: [I] cron : started
13.05.2024 05:59:47.000: [I] ntpd[4034629-1] ntpd 4.2.8p13@1.3847 Tue Jan 25 06:37:43 UTC 2022 (1): Starting
13.05.2024 05:59:48.000: [I] ntpd[4034629-1] Command line: ntpd -g -c /tmp/ntp_full.conf
13.05.2024 05:59:48.000: [E] ntpd[4112437-1] precise_time: Ok
13.05.2024 05:59:48.000: [I] ntpd[4112437-1] proto: precision = 0.512 usec (-21)
13.05.2024 05:59:48.000: [I] ntpd[4112437-1] basedate set to 2022-01-13
13.05.2024 05:59:48.000: [I] ntpd[4112437-1] gps base set to 2022-01-16 (week 2193)
13.05.2024 05:59:48.000: [I] ntpd[4112437-1] switching logging to file /dev/logger/user
13.05.2024 05:59:52.000: [I] cron : started
13.05.2024 05:59:52.000: [I] cron : already running
13.05.2024 06:30:15.065: ********************************* POWER UP *********************************
13.05.2024 06:30:38.000: [I] cron : started
13.05.2024 06:30:39.000: [I] ntpd[4034619-1] ntpd 4.2.8p13@1.3847 Tue Jan 25 06:37:43 UTC 2022 (1): Starting
13.05.2024 06:30:39.000: [I] ntpd[4034619-1] Command line: ntpd -g -c /tmp/ntp_full.conf
13.05.2024 06:30:39.000: [E] ntpd[4104260-1] precise_time: Ok
13.05.2024 06:30:39.000: [I] ntpd[4104260-1] proto: precision = 0.512 usec (-21)
13.05.2024 06:30:39.000: [I] ntpd[4104260-1] basedate set to 2022-01-13
13.05.2024 06:30:39.000: [I] ntpd[4104260-1] gps base set to 2022-01-16 (week 2193)
13.05.2024 06:30:39.000: [I] ntpd[4104260-1] switching logging to file /dev/logger/user
13.05.2024 06:30:43.000: [I] cron : started
13.05.2024 06:30:43.000: [I] cron : already running
14.05.2024 03:59:54.060: ********************************* POWER UP *********************************
14.05.2024 04:00:08.000: [I] cron : started
14.05.2024 04:00:08.000: [I] ntpd[4034622-1] ntpd 4.2.8p13@1.3847 Tue Jan 25 06:37:43 UTC 2022 (1): Starting
14.05.2024 04:00:08.000: [I] ntpd[4034622-1] Command line: ntpd -g -c /tmp/ntp_full.conf
14.05.2024 04:00:08.000: [E] ntpd[4104258-1] precise_time: Ok
14.05.2024 04:00:08.000: [I] ntpd[4104258-1] proto: precision = 0.512 usec (-21)
14.05.2024 04:00:08.000: [I] ntpd[4104258-1] basedate set to 2022-01-13
14.05.2024 04:00:08.000: [I] ntpd[4104258-1] gps base set to 2022-01-16 (week 2193)
14.05.2024 04:00:08.000: [I] ntpd[4104258-1] switching logging to file /dev/logger/user
14.05.2024 04:00:13.000: [I] cron : started
14.05.2024 04:00:13.000: [I] cron : already running
14.05.2024 04:12:51.016: ********************************* POWER UP *********************************
14.05.2024 04:13:05.000: [I] cron : started
14.05.2024 04:13:05.000: [I] ntpd[4042813-1] ntpd 4.2.8p13@1.3847 Tue Jan 25 06:37:43 UTC 2022 (1): Starting
14.05.2024 04:13:05.000: [I] ntpd[4042813-1] Command line: ntpd -g -c /tmp/ntp_full.conf
14.05.2024 04:13:05.000: [E] ntpd[4112463-1] precise_time: Ok
14.05.2024 04:13:05.000: [I] ntpd[4112463-1] proto: precision = 0.512 usec (-21)
14.05.2024 04:13:05.000: [I] ntpd[4112463-1] basedate set to 2022-01-13
14.05.2024 04:13:05.000: [I] ntpd[4112463-1] gps base set to 2022-01-16 (week 2193)
14.05.2024 04:13:05.000: [I] ntpd[4112463-1] switching logging to file /dev/logger/user
14.05.2024 04:13:09.000: [I] cron : started
14.05.2024 04:13:09.000: [I] cron : already running
14.05.2024 04:23:15.000: [E] dhclient : Could not open dhcp-options file. Using defaults: No such file or directory
14.05.2024 04:24:15.000: [I] dhclient : Timeout: no response after DHCPDISCOVER
14.05.2024 04:25:15.000: [I] dhclient : Timeout: no response after DHCPDISCOVER
14.05.2024 04:26:27.025: ********************************* POWER UP *********************************
14.05.2024 04:26:40.000: [E] dhclient : Could not open dhcp-options file. Using defaults: No such file or directory
14.05.2024 04:26:40.000: [I] cron : started
14.05.2024 04:26:40.000: [I] ntpd[3989562-1] ntpd 4.2.8p13@1.3847 Tue Jan 25 06:37:43 UTC 2022 (1): Starting
14.05.2024 04:26:40.000: [I] ntpd[3989562-1] Command line: ntpd -g -c /tmp/ntp_full.conf
14.05.2024 04:26:40.000: [E] ntpd[4075585-1] precise_time: Ok
14.05.2024 04:26:41.000: [I] ntpd[4075585-1] proto: precision = 0.512 usec (-21)
14.05.2024 04:26:41.000: [I] ntpd[4075585-1] basedate set to 2022-01-13
14.05.2024 04:26:41.000: [I] ntpd[4075585-1] gps base set to 2022-01-16 (week 2193)
14.05.2024 04:26:41.000: [I] ntpd[4075585-1] switching logging to file /dev/logger/user
14.05.2024 04:26:45.000: [I] cron : started
14.05.2024 04:26:45.000: [I] cron : already running
14.05.2024 04:27:40.000: [I] dhclient : Timeout: no response after DHCPDISCOVER
14.05.2024 04:28:40.000: [I] dhclient : Timeout: no response after DHCPDISCOVER
14.05.2024 04:29:40.000: [I] dhclient : Timeout: no response after DHCPDISCOVER
14.05.2024 04:30:40.000: [I] dhclient : Timeout: no response after DHCPDISCOVER
14.05.2024 04:31:40.000: [I] dhclient : Timeout: no response after DHCPDISCOVER
14.05.2024 04:32:40.000: [I] dhclient : Timeout: no response after DHCPDISCOVER
14.05.2024 04:33:40.000: [I] dhclient : Timeout: no response after DHCPDISCOVER
14.05.2024 04:34:40.000: [I] dhclient : Timeout: no response after DHCPDISCOVER
14.05.2024 04:35:40.000: [I] dhclient : Timeout: no response after DHCPDISCOVER
14.05.2024 04:36:40.000: [I] dhclient : Timeout: no response after DHCPDISCOVER
14.05.2024 04:37:40.000: [I] dhclient : Timeout: no response after DHCPDISCOVER
14.05.2024 04:38:40.000: [I] dhclient : Timeout: no response after DHCPDISCOVER
14.05.2024 04:39:40.000: [I] dhclient : Timeout: no response after DHCPDISCOVER
14.05.2024 04:40:40.000: [I] dhclient : Timeout: no response after DHCPDISCOVER
14.05.2024 04:41:40.000: [I] dhclient : Timeout: no response after DHCPDISCOVER
14.05.2024 04:42:40.000: [I] dhclient : Timeout: no response after DHCPDISCOVER
14.05.2024 04:43:40.000: [I] dhclient : Timeout: no response after DHCPDISCOVER
14.05.2024 04:44:40.000: [I] dhclient : Timeout: no response after DHCPDISCOVER
14.05.2024 04:45:40.000: [I] dhclient : Timeout: no response after DHCPDISCOVER
14.05.2024 04:46:40.000: [I] dhclient : Timeout: no response after DHCPDISCOVER
14.05.2024 04:47:40.000: [I] dhclient : Timeout: no response after DHCPDISCOVER
14.05.2024 04:48:40.000: [I] dhclient : Timeout: no response after DHCPDISCOVER
14.05.2024 04:49:40.000: [I] dhclient : Timeout: no response after DHCPDISCOVER
14.05.2024 04:50:40.000: [I] dhclient : Timeout: no response after DHCPDISCOVER
14.05.2024 04:51:40.000: [I] dhclient : Timeout: no response after DHCPDISCOVER
14.05.2024 04:52:40.000: [I] dhclient : Timeout: no response after DHCPDISCOVER
14.05.2024 04:53:40.000: [I] dhclient : Timeout: no response after DHCPDISCOVER
14.05.2024 04:54:40.000: [I] dhclient : Timeout: no response after DHCPDISCOVER
14.05.2024 04:55:40.000: [I] dhclient : Timeout: no response after DHCPDISCOVER
14.05.2024 04:56:40.000: [I] dhclient : Timeout: no response after DHCPDISCOVER
14.05.2024 04:57:40.000: [I] dhclient : Timeout: no response after DHCPDISCOVER
14.05.2024 04:58:40.000: [I] dhclient : Timeout: no response after DHCPDISCOVER
14.05.2024 04:59:40.000: [I] dhclient : Timeout: no response after DHCPDISCOVER
14.05.2024 05:00:40.000: [I] dhclient : Timeout: no response after DHCPDISCOVER
14.05.2024 05:01:40.000: [I] dhclient : Timeout: no response after DHCPDISCOVER
14.05.2024 05:02:40.000: [I] dhclient : Timeout: no response after DHCPDISCOVER
14.05.2024 05:03:40.000: [I] dhclient : Timeout: no response after DHCPDISCOVER
14.05.2024 05:04:40.000: [I] dhclient : Timeout: no response after DHCPDISCOVER
14.05.2024 05:05:40.000: [I] dhclient : Timeout: no response after DHCPDISCOVER
14.05.2024 05:06:40.000: [I] dhclient : Timeout: no response after DHCPDISCOVER
14.05.2024 05:07:40.000: [I] dhclient : Timeout: no response after DHCPDISCOVER
14.05.2024 05:08:40.000: [I] dhclient : Timeout: no response after DHCPDISCOVER
14.05.2024 05:09:40.000: [I] dhclient : Timeout: no response after DHCPDISCOVER
14.05.2024 05:10:40.000: [I] dhclient : Timeout: no response after DHCPDISCOVER
14.05.2024 05:11:40.000: [I] dhclient : Timeout: no response after DHCPDISCOVER
14.05.2024 05:12:40.000: [I] dhclient : Timeout: no response after DHCPDISCOVER
14.05.2024 05:13:40.000: [I] dhclient : Timeout: no response after DHCPDISCOVER
14.05.2024 05:14:40.000: [I] dhclient : Timeout: no response after DHCPDISCOVER
14.05.2024 05:15:40.000: [I] dhclient : Timeout: no response after DHCPDISCOVER
14.05.2024 05:16:40.000: [I] dhclient : Timeout: no response after DHCPDISCOVER
14.05.2024 05:17:40.000: [I] dhclient : Timeout: no response after DHCPDISCOVER
14.05.2024 05:18:40.000: [I] dhclient : Timeout: no response after DHCPDISCOVER
14.05.2024 05:19:40.000: [I] dhclient : Timeout: no response after DHCPDISCOVER
14.05.2024 05:20:40.000: [I] dhclient : Timeout: no response after DHCPDISCOVER
14.05.2024 05:21:40.000: [I] dhclient : Timeout: no response after DHCPDISCOVER
14.05.2024 05:22:40.000: [I] dhclient : Timeout: no response after DHCPDISCOVER
14.05.2024 05:23:40.000: [I] dhclient : Timeout: no response after DHCPDISCOVER
14.05.2024 05:24:40.000: [I] dhclient : Timeout: no response after DHCPDISCOVER
14.05.2024 05:25:40.000: [I] dhclient : Timeout: no response after DHCPDISCOVER
14.05.2024 05:26:40.000: [I] dhclient : Timeout: no response after DHCPDISCOVER
14.05.2024 05:27:40.000: [I] dhclient : Timeout: no response after DHCPDISCOVER
14.05.2024 05:28:40.000: [I] dhclient : Timeout: no response after DHCPDISCOVER
14.05.2024 05:29:40.000: [I] dhclient : Timeout: no response after DHCPDISCOVER
14.05.2024 05:30:40.000: [I] dhclient : Timeout: no response after DHCPDISCOVER
14.05.2024 05:31:40.000: [I] dhclient : Timeout: no response after DHCPDISCOVER
14.05.2024 05:32:40.000: [I] dhclient : Timeout: no response after DHCPDISCOVER
14.05.2024 05:33:40.000: [I] dhclient : Timeout: no response after DHCPDISCOVER
14.05.2024 05:34:40.000: [I] dhclient : Timeout: no response after DHCPDISCOVER
14.05.2024 05:35:40.000: [I] dhclient : Timeout: no response after DHCPDISCOVER
14.05.2024 05:36:40.000: [I] dhclient : Timeout: no response after DHCPDISCOVER
14.05.2024 05:37:41.000: [I] dhclient : Timeout: no response after DHCPDISCOVER
14.05.2024 05:38:41.000: [I] dhclient : Timeout: no response after DHCPDISCOVER
14.05.2024 05:39:41.000: [I] dhclient : Timeout: no response after DHCPDISCOVER
14.05.2024 05:40:41.000: [I] dhclient : Timeout: no response after DHCPDISCOVER
14.05.2024 05:41:41.000: [I] dhclient : Timeout: no response after DHCPDISCOVER
14.05.2024 05:42:41.000: [I] dhclient : Timeout: no response after DHCPDISCOVER
14.05.2024 05:43:41.000: [I] dhclient : Timeout: no response after DHCPDISCOVER
14.05.2024 05:44:41.000: [I] dhclient : Timeout: no response after DHCPDISCOVER
14.05.2024 05:45:41.000: [I] dhclient : Timeout: no response after DHCPDISCOVER
14.05.2024 05:46:41.000: [I] dhclient : Timeout: no response after DHCPDISCOVER
14.05.2024 05:47:41.000: [I] dhclient : Timeout: no response after DHCPDISCOVER
14.05.2024 05:48:41.000: [I] dhclient : Timeout: no response after DHCPDISCOVER
14.05.2024 05:49:41.000: [I] dhclient : Timeout: no response after DHCPDISCOVER
14.05.2024 05:50:41.000: [I] dhclient : Timeout: no response after DHCPDISCOVER
14.05.2024 05:51:41.000: [I] dhclient : Timeout: no response after DHCPDISCOVER
14.05.2024 05:52:41.000: [I] dhclient : Timeout: no response after DHCPDISCOVER
14.05.2024 05:53:41.000: [I] dhclient : Timeout: no response after DHCPDISCOVER
14.05.2024 05:54:41.000: [I] dhclient : Timeout: no response after DHCPDISCOVER
14.05.2024 05:55:41.000: [I] dhclient : Timeout: no response after DHCPDISCOVER
14.05.2024 05:56:41.000: [I] dhclient : Timeout: no response after DHCPDISCOVER
14.05.2024 05:57:41.000: [I] dhclient : Timeout: no response after DHCPDISCOVER
14.05.2024 05:58:41.000: [I] dhclient : Timeout: no response after DHCPDISCOVER
14.05.2024 05:59:41.000: [I] dhclient : Timeout: no response after DHCPDISCOVER
14.05.2024 06:00:41.000: [I] dhclient : Timeout: no response after DHCPDISCOVER
14.05.2024 06:01:41.000: [I] dhclient : Timeout: no response after DHCPDISCOVER
14.05.2024 06:02:41.000: [I] dhclient : Timeout: no response after DHCPDISCOVER
14.05.2024 06:03:41.000: [I] dhclient : Timeout: no response after DHCPDISCOVER
14.05.2024 06:04:41.000: [I] dhclient : Timeout: no response after DHCPDISCOVER
14.05.2024 06:05:41.000: [I] dhclient : Timeout: no response after DHCPDISCOVER
14.05.2024 06:06:41.000: [I] dhclient : Timeout: no response after DHCPDISCOVER
14.05.2024 06:07:41.000: [I] dhclient : Timeout: no response after DHCPDISCOVER
14.05.2024 06:08:41.000: [I] dhclient : Timeout: no response after DHCPDISCOVER
14.05.2024 06:09:41.000: [I] dhclient : Timeout: no response after DHCPDISCOVER
14.05.2024 06:10:41.000: [I] dhclient : Timeout: no response after DHCPDISCOVER
14.05.2024 06:11:41.000: [I] dhclient : Timeout: no response after DHCPDISCOVER
14.05.2024 06:12:41.000: [I] dhclient : Timeout: no response after DHCPDISCOVER
14.05.2024 06:13:41.000: [I] dhclient : Timeout: no response after DHCPDISCOVER
14.05.2024 06:14:41.000: [I] dhclient : Timeout: no response after DHCPDISCOVER
14.05.2024 06:15:41.000: [I] dhclient : Timeout: no response after DHCPDISCOVER
14.05.2024 06:16:41.000: [I] dhclient : Timeout: no response after DHCPDISCOVER
14.05.2024 06:17:41.000: [I] dhclient : Timeout: no response after DHCPDISCOVER
14.05.2024 06:18:41.000: [I] dhclient : Timeout: no response after DHCPDISCOVER
14.05.2024 06:19:41.000: [I] dhclient : Timeout: no response after DHCPDISCOVER
14.05.2024 06:20:41.000: [I] dhclient : Timeout: no response after DHCPDISCOVER
14.05.2024 06:21:41.000: [I] dhclient : Timeout: no response after DHCPDISCOVER
14.05.2024 06:22:41.000: [I] dhclient : Timeout: no response after DHCPDISCOVER
14.05.2024 06:23:41.000: [I] dhclient : Timeout: no response after DHCPDISCOVER
14.05.2024 06:24:41.000: [I] dhclient : Timeout: no response after DHCPDISCOVER
14.05.2024 06:25:41.000: [I] dhclient : Timeout: no response after DHCPDISCOVER
14.05.2024 06:26:41.000: [I] dhclient : Timeout: no response after DHCPDISCOVER
14.05.2024 06:27:41.000: [I] dhclient : Timeout: no response after DHCPDISCOVER
14.05.2024 06:28:41.000: [I] dhclient : Timeout: no response after DHCPDISCOVER
14.05.2024 06:29:41.000: [I] dhclient : Timeout: no response after DHCPDISCOVER
14.05.2024 06:30:10.024: ********************************* POWER UP *********************************
14.05.2024 06:30:23.000: [E] dhclient : Could not open dhcp-options file. Using defaults: No such file or directory
14.05.2024 06:30:23.000: [I] cron : started
14.05.2024 06:30:23.000: [I] ntpd[3989561-1] ntpd 4.2.8p13@1.3847 Tue Jan 25 06:37:43 UTC 2022 (1): Starting
14.05.2024 06:30:23.000: [I] ntpd[3989561-1] Command line: ntpd -g -c /tmp/ntp_full.conf
14.05.2024 06:30:23.000: [E] ntpd[4075597-1] precise_time: Ok
14.05.2024 06:30:23.000: [I] ntpd[4075597-1] proto: precision = 0.512 usec (-21)
14.05.2024 06:30:23.000: [I] ntpd[4075597-1] basedate set to 2022-01-13
14.05.2024 06:30:23.000: [I] ntpd[4075597-1] gps base set to 2022-01-16 (week 2193)
14.05.2024 06:30:23.000: [I] ntpd[4075597-1] switching logging to file /dev/logger/user
14.05.2024 06:30:27.000: [I] cron : started
14.05.2024 06:30:27.000: [I] cron : already running
14.05.2024 06:31:23.000: [I] dhclient : Timeout: no response after DHCPDISCOVER
14.05.2024 06:32:23.000: [I] dhclient : Timeout: no response after DHCPDISCOVER
14.05.2024 06:33:23.000: [I] dhclient : Timeout: no response after DHCPDISCOVER
14.05.2024 06:34:23.000: [I] dhclient : Timeout: no response after DHCPDISCOVER
14.05.2024 06:35:23.000: [I] dhclient : Timeout: no response after DHCPDISCOVER
14.05.2024 06:36:23.000: [I] dhclient : Timeout: no response after DHCPDISCOVER
14.05.2024 06:37:23.000: [I] dhclient : Timeout: no response after DHCPDISCOVER
14.05.2024 06:38:23.000: [I] dhclient : Timeout: no response after DHCPDISCOVER
14.05.2024 06:39:23.000: [I] dhclient : Timeout: no response after DHCPDISCOVER
14.05.2024 06:40:23.000: [I] dhclient : Timeout: no response after DHCPDISCOVER
14.05.2024 06:41:23.000: [I] dhclient : Timeout: no response after DHCPDISCOVER
14.05.2024 06:42:23.000: [I] dhclient : Timeout: no response after DHCPDISCOVER
14.05.2024 06:43:23.000: [I] dhclient : Timeout: no response after DHCPDISCOVER
14.05.2024 06:44:23.000: [I] dhclient : Timeout: no response after DHCPDISCOVER
14.05.2024 06:45:23.000: [I] dhclient : Timeout: no response after DHCPDISCOVER
14.05.2024 06:46:23.000: [I] dhclient : Timeout: no response after DHCPDISCOVER
14.05.2024 06:47:23.000: [I] dhclient : Timeout: no response after DHCPDISCOVER
14.05.2024 06:48:23.000: [I] dhclient : Timeout: no response after DHCPDISCOVER
14.05.2024 06:50:56.057: ********************************* POWER UP *********************************
14.05.2024 06:51:10.000: [E] dhclient : Could not open dhcp-options file. Using defaults: No such file or directory
14.05.2024 06:51:10.000: [I] cron : started
14.05.2024 06:51:10.000: [I] ntpd[4018243-1] ntpd 4.2.8p13@1.3847 Tue Jan 25 06:37:43 UTC 2022 (1): Starting
14.05.2024 06:51:10.000: [I] ntpd[4018243-1] Command line: ntpd -g -c /tmp/ntp_full.conf
14.05.2024 06:51:10.000: [E] ntpd[4116553-1] precise_time: Ok
14.05.2024 06:51:10.000: [I] ntpd[4116553-1] proto: precision = 0.512 usec (-21)
14.05.2024 06:51:10.000: [I] ntpd[4116553-1] basedate set to 2022-01-13
14.05.2024 06:51:10.000: [I] ntpd[4116553-1] gps base set to 2022-01-16 (week 2193)
14.05.2024 06:51:10.000: [I] ntpd[4116553-1] switching logging to file /dev/logger/user
14.05.2024 06:51:15.000: [I] cron : started
14.05.2024 06:51:15.000: [I] cron : already running
14.05.2024 06:52:10.000: [I] dhclient : Timeout: no response after DHCPDISCOVER
14.05.2024 06:53:10.000: [I] dhclient : Timeout: no response after DHCPDISCOVER
14.05.2024 06:54:10.000: [I] dhclient : Timeout: no response after DHCPDISCOVER
14.05.2024 06:55:10.000: [I] dhclient : Timeout: no response after DHCPDISCOVER
14.05.2024 06:56:10.000: [I] dhclient : Timeout: no response after DHCPDISCOVER
14.05.2024 06:57:10.000: [I] dhclient : Timeout: no response after DHCPDISCOVER
14.05.2024 06:58:10.000: [I] dhclient : Timeout: no response after DHCPDISCOVER
14.05.2024 06:59:10.000: [I] dhclient : Timeout: no response after DHCPDISCOVER
14.05.2024 07:00:10.000: [I] dhclient : Timeout: no response after DHCPDISCOVER
14.05.2024 07:01:10.000: [I] dhclient : Timeout: no response after DHCPDISCOVER
14.05.2024 07:02:10.000: [I] dhclient : Timeout: no response after DHCPDISCOVER
14.05.2024 07:03:10.000: [I] dhclient : Timeout: no response after DHCPDISCOVER
14.05.2024 07:04:10.000: [I] dhclient : Timeout: no response after DHCPDISCOVER
14.05.2024 07:05:10.000: [I] dhclient : Timeout: no response after DHCPDISCOVER
14.05.2024 07:06:10.000: [I] dhclient : Timeout: no response after DHCPDISCOVER
14.05.2024 07:07:10.000: [I] dhclient : Timeout: no response after DHCPDISCOVER
14.05.2024 07:08:10.000: [I] dhclient : Timeout: no response after DHCPDISCOVER
14.05.2024 07:09:10.000: [I] dhclient : Timeout: no response after DHCPDISCOVER
14.05.2024 07:10:10.000: [I] dhclient : Timeout: no response after DHCPDISCOVER
14.05.2024 07:11:10.000: [I] dhclient : Timeout: no response after DHCPDISCOVER
14.05.2024 07:12:10.000: [I] dhclient : Timeout: no response after DHCPDISCOVER
14.05.2024 07:13:10.000: [I] dhclient : Timeout: no response after DHCPDISCOVER
14.05.2024 07:14:10.000: [I] dhclient : Timeout: no response after DHCPDISCOVER
14.05.2024 07:15:10.000: [I] dhclient : Timeout: no response after DHCPDISCOVER
14.05.2024 07:16:10.000: [I] dhclient : Timeout: no response after DHCPDISCOVER
14.05.2024 07:17:10.000: [I] dhclient : Timeout: no response after DHCPDISCOVER
14.05.2024 07:18:10.000: [I] dhclient : Timeout: no response after DHCPDISCOVER
14.05.2024 07:19:10.000: [I] dhclient : Timeout: no response after DHCPDISCOVER
14.05.2024 07:20:10.000: [I] dhclient : Timeout: no response after DHCPDISCOVER
14.05.2024 07:21:10.000: [I] dhclient : Timeout: no response after DHCPDISCOVER
14.05.2024 07:22:10.000: [I] dhclient : Timeout: no response after DHCPDISCOVER
14.05.2024 07:23:10.000: [I] dhclient : Timeout: no response after DHCPDISCOVER
14.05.2024 07:24:10.000: [I] dhclient : Timeout: no response after DHCPDISCOVER
14.05.2024 07:25:10.000: [I] dhclient : Timeout: no response after DHCPDISCOVER
14.05.2024 07:26:10.000: [I] dhclient : Timeout: no response after DHCPDISCOVER
14.05.2024 07:27:10.000: [I] dhclient : Timeout: no response after DHCPDISCOVER
14.05.2024 07:28:10.000: [I] dhclient : Timeout: no response after DHCPDISCOVER
14.05.2024 07:29:10.000: [I] dhclient : Timeout: no response after DHCPDISCOVER
14.05.2024 07:30:10.000: [I] dhclient : Timeout: no response after DHCPDISCOVER
14.05.2024 07:31:36.058: ********************************* POWER UP *********************************
14.05.2024 07:31:49.000: [E] dhclient : Could not open dhcp-options file. Using defaults: No such file or directory
14.05.2024 07:31:49.000: [I] cron : started
14.05.2024 07:31:49.000: [I] ntpd[3989565-1] ntpd 4.2.8p13@1.3847 Tue Jan 25 06:37:43 UTC 2022 (1): Starting
14.05.2024 07:31:49.000: [I] ntpd[3989565-1] Command line: ntpd -g -c /tmp/ntp_full.conf
14.05.2024 07:31:49.000: [E] ntpd[4071498-1] precise_time: Ok
14.05.2024 07:31:49.000: [I] ntpd[4071498-1] proto: precision = 0.512 usec (-21)
14.05.2024 07:31:49.000: [I] ntpd[4071498-1] basedate set to 2022-01-13
14.05.2024 07:31:49.000: [I] ntpd[4071498-1] gps base set to 2022-01-16 (week 2193)
14.05.2024 07:31:50.000: [I] ntpd[4071498-1] switching logging to file /dev/logger/user
14.05.2024 07:31:54.000: [I] cron : started
14.05.2024 07:31:54.000: [I] cron : already running
14.05.2024 07:32:49.000: [I] dhclient : Timeout: no response after DHCPDISCOVER
14.05.2024 07:33:49.000: [I] dhclient : Timeout: no response after DHCPDISCOVER
14.05.2024 07:34:49.000: [I] dhclient : Timeout: no response after DHCPDISCOVER
14.05.2024 07:35:49.000: [I] dhclient : Timeout: no response after DHCPDISCOVER
14.05.2024 07:36:49.000: [I] dhclient : Timeout: no response after DHCPDISCOVER
14.05.2024 07:37:49.000: [I] dhclient : Timeout: no response after DHCPDISCOVER
14.05.2024 07:38:49.000: [I] dhclient : Timeout: no response after DHCPDISCOVER
14.05.2024 07:39:49.000: [I] dhclient : Timeout: no response after DHCPDISCOVER
14.05.2024 07:40:49.000: [I] dhclient : Timeout: no response after DHCPDISCOVER
14.05.2024 07:41:49.000: [I] dhclient : Timeout: no response after DHCPDISCOVER
14.05.2024 07:42:49.000: [I] dhclient : Timeout: no response after DHCPDISCOVER
14.05.2024 07:43:49.000: [I] dhclient : Timeout: no response after DHCPDISCOVER
14.05.2024 07:44:49.000: [I] dhclient : Timeout: no response after DHCPDISCOVER
14.05.2024 07:45:49.000: [I] dhclient : Timeout: no response after DHCPDISCOVER
14.05.2024 07:46:49.000: [I] dhclient : Timeout: no response after DHCPDISCOVER
14.05.2024 07:47:49.000: [I] dhclient : Timeout: no response after DHCPDISCOVER
14.05.2024 07:48:49.000: [I] dhclient : Timeout: no response after DHCPDISCOVER
14.05.2024 07:49:49.000: [I] dhclient : Timeout: no response after DHCPDISCOVER
14.05.2024 07:50:49.000: [I] dhclient : Timeout: no response after DHCPDISCOVER
14.05.2024 07:51:49.000: [I] dhclient : Timeout: no response after DHCPDISCOVER
14.05.2024 07:52:49.000: [I] dhclient : Timeout: no response after DHCPDISCOVER
14.05.2024 07:53:49.000: [I] dhclient : Timeout: no response after DHCPDISCOVER
14.05.2024 07:54:49.000: [I] dhclient : Timeout: no response after DHCPDISCOVER
14.05.2024 07:55:49.000: [I] dhclient : Timeout: no response after DHCPDISCOVER
14.05.2024 07:56:49.000: [I] dhclient : Timeout: no response after DHCPDISCOVER
14.05.2024 07:57:49.000: [I] dhclient : Timeout: no response after DHCPDISCOVER
14.05.2024 07:58:49.000: [I] dhclient : Timeout: no response after DHCPDISCOVER
14.05.2024 07:59:49.000: [I] dhclient : Timeout: no response after DHCPDISCOVER
14.05.2024 08:00:49.000: [I] dhclient : Timeout: no response after DHCPDISCOVER
14.05.2024 08:01:49.000: [I] dhclient : Timeout: no response after DHCPDISCOVER
14.05.2024 08:02:49.000: [I] dhclient : Timeout: no response after DHCPDISCOVER
14.05.2024 08:03:49.000: [I] dhclient : Timeout: no response after DHCPDISCOVER
14.05.2024 08:04:49.000: [I] dhclient : Timeout: no response after DHCPDISCOVER
14.05.2024 08:05:49.000: [I] dhclient : Timeout: no response after DHCPDISCOVER
14.05.2024 08:06:49.000: [I] dhclient : Timeout: no response after DHCPDISCOVER
14.05.2024 08:07:49.000: [I] dhclient : Timeout: no response after DHCPDISCOVER
14.05.2024 08:08:49.000: [I] dhclient : Timeout: no response after DHCPDISCOVER
14.05.2024 08:09:49.000: [I] dhclient : Timeout: no response after DHCPDISCOVER
14.05.2024 08:10:49.000: [I] dhclient : Timeout: no response after DHCPDISCOVER
14.05.2024 08:13:00.024: ********************************* POWER UP *********************************
14.05.2024 08:13:14.000: [I] cron : started
14.05.2024 08:13:14.000: [I] ntpd[4014144-1] ntpd 4.2.8p13@1.3847 Tue Jan 25 06:37:43 UTC 2022 (1): Starting
14.05.2024 08:13:14.000: [I] ntpd[4014144-1] Command line: ntpd -g -c /tmp/ntp_full.conf
14.05.2024 08:13:14.000: [E] ntpd[4104273-1] precise_time: Ok
14.05.2024 08:13:14.000: [I] ntpd[4104273-1] proto: precision = 0.512 usec (-21)
14.05.2024 08:13:14.000: [I] ntpd[4104273-1] basedate set to 2022-01-13
14.05.2024 08:13:14.000: [I] ntpd[4104273-1] gps base set to 2022-01-16 (week 2193)
14.05.2024 08:13:14.000: [I] ntpd[4104273-1] switching logging to file /dev/logger/user
14.05.2024 08:13:18.000: [I] cron : started
14.05.2024 08:13:18.000: [I] cron : already running
14.05.2024 08:59:51.017: ********************************* POWER UP *********************************
14.05.2024 09:00:05.000: [I] cron : started
14.05.2024 09:00:05.000: [I] ntpd[4014158-1] ntpd 4.2.8p13@1.3847 Tue Jan 25 06:37:43 UTC 2022 (1): Starting
14.05.2024 09:00:05.000: [I] ntpd[4014158-1] Command line: ntpd -g -c /tmp/ntp_full.conf
14.05.2024 09:00:05.000: [E] ntpd[4108360-1] precise_time: Ok
14.05.2024 09:00:05.000: [I] ntpd[4108360-1] proto: precision = 0.512 usec (-21)
14.05.2024 09:00:05.000: [I] ntpd[4108360-1] basedate set to 2022-01-13
14.05.2024 09:00:05.000: [I] ntpd[4108360-1] gps base set to 2022-01-16 (week 2193)
14.05.2024 09:00:05.000: [I] ntpd[4108360-1] switching logging to file /dev/logger/user
14.05.2024 09:00:07.000: [I] cron : started
14.05.2024 09:00:07.000: [I] cron : already running
14.05.2024 09:15:20.988: ********************************* POWER UP *********************************
14.05.2024 09:15:34.000: [I] ntpd[3981376-1] ntpd 4.2.8p13@1.3847 Tue Jan 25 06:37:43 UTC 2022 (1): Starting
14.05.2024 09:15:34.000: [I] ntpd[3981376-1] Command line: ntpd -g -c /tmp/ntp_full.conf
14.05.2024 09:15:34.000: [I] cron : started
14.05.2024 09:15:34.000: [E] ntpd[4067402-1] precise_time: Ok
14.05.2024 09:15:34.000: [I] ntpd[4067402-1] proto: precision = 0.512 usec (-21)
14.05.2024 09:15:34.000: [I] ntpd[4067402-1] basedate set to 2022-01-13
14.05.2024 09:15:34.000: [I] ntpd[4067402-1] gps base set to 2022-01-16 (week 2193)
14.05.2024 09:15:34.000: [I] ntpd[4067402-1] switching logging to file /dev/logger/user
14.05.2024 09:15:36.000: [I] cron : started
14.05.2024 09:15:36.000: [I] cron : already running
14.05.2024 09:37:36.029: ********************************* POWER UP *********************************
14.05.2024 09:37:50.000: [I] ntpd[4014156-1] ntpd 4.2.8p13@1.3847 Tue Jan 25 06:37:43 UTC 2022 (1): Starting
14.05.2024 09:37:50.000: [I] ntpd[4014156-1] Command line: ntpd -g -c /tmp/ntp_full.conf
14.05.2024 09:37:50.000: [I] cron : started
14.05.2024 09:37:50.000: [E] ntpd[4108360-1] precise_time: Ok
14.05.2024 09:37:50.000: [I] ntpd[4108360-1] proto: precision = 0.512 usec (-21)
14.05.2024 09:37:50.000: [I] ntpd[4108360-1] basedate set to 2022-01-13
14.05.2024 09:37:50.000: [I] ntpd[4108360-1] gps base set to 2022-01-16 (week 2193)
14.05.2024 09:37:50.000: [I] ntpd[4108360-1] switching logging to file /dev/logger/user
14.05.2024 09:37:52.000: [I] cron : started
14.05.2024 09:37:52.000: [I] cron : already running
14.05.2024 10:02:06.023: ********************************* POWER UP *********************************
14.05.2024 10:02:19.000: [I] cron : started
14.05.2024 10:02:19.000: [I] ntpd[3993664-1] ntpd 4.2.8p13@1.3847 Tue Jan 25 06:37:43 UTC 2022 (1): Starting
14.05.2024 10:02:19.000: [I] ntpd[3993664-1] Command line: ntpd -g -c /tmp/ntp_full.conf
14.05.2024 10:02:19.000: [E] ntpd[4083784-1] precise_time: Ok
14.05.2024 10:02:19.000: [I] ntpd[4083784-1] proto: precision = 0.512 usec (-21)
14.05.2024 10:02:19.000: [I] ntpd[4083784-1] basedate set to 2022-01-13
14.05.2024 10:02:19.000: [I] ntpd[4083784-1] gps base set to 2022-01-16 (week 2193)
14.05.2024 10:02:19.000: [I] ntpd[4083784-1] switching logging to file /dev/logger/user
14.05.2024 10:02:21.000: [I] cron : started
14.05.2024 10:02:21.000: [I] cron : already running
14.05.2024 10:39:45.025: ********************************* POWER UP *********************************
14.05.2024 10:39:59.000: [I] cron : started
14.05.2024 10:39:59.000: [I] ntpd[4022329-1] ntpd 4.2.8p13@1.3847 Tue Jan 25 06:37:43 UTC 2022 (1): Starting
14.05.2024 10:39:59.000: [I] ntpd[4022329-1] Command line: ntpd -g -c /tmp/ntp_full.conf
14.05.2024 10:39:59.000: [E] ntpd[4124750-1] precise_time: Ok
14.05.2024 10:39:59.000: [I] ntpd[4124750-1] proto: precision = 0.512 usec (-21)
14.05.2024 10:39:59.000: [I] ntpd[4124750-1] basedate set to 2022-01-13
14.05.2024 10:39:59.000: [I] ntpd[4124750-1] gps base set to 2022-01-16 (week 2193)
14.05.2024 10:39:59.000: [I] ntpd[4124750-1] switching logging to file /dev/logger/user
14.05.2024 10:40:01.000: [I] cron : started
14.05.2024 10:40:01.000: [I] cron : already running
15.05.2024 05:26:04.021: ********************************* POWER UP *********************************
15.05.2024 05:26:18.000: [I] ntpd[4018234-1] ntpd 4.2.8p13@1.3847 Tue Jan 25 06:37:43 UTC 2022 (1): Starting
15.05.2024 05:26:18.000: [I] ntpd[4018234-1] Command line: ntpd -g -c /tmp/ntp_full.conf
15.05.2024 05:26:18.000: [I] cron : started
15.05.2024 05:26:18.000: [E] ntpd[4104276-1] precise_time: Ok
15.05.2024 05:26:18.000: [I] ntpd[4104276-1] proto: precision = 0.512 usec (-21)
15.05.2024 05:26:18.000: [I] ntpd[4104276-1] basedate set to 2022-01-13
15.05.2024 05:26:18.000: [I] ntpd[4104276-1] gps base set to 2022-01-16 (week 2193)
15.05.2024 05:26:18.000: [I] ntpd[4104276-1] switching logging to file /dev/logger/user
15.05.2024 05:26:23.000: [I] cron : started
15.05.2024 05:26:23.000: [I] cron : already running
15.05.2024 05:44:43.072: ********************************* POWER UP *********************************
15.05.2024 05:44:57.000: [I] cron : started
15.05.2024 05:44:57.000: [I] ntpd[4014129-1] ntpd 4.2.8p13@1.3847 Tue Jan 25 06:37:43 UTC 2022 (1): Starting
15.05.2024 05:44:57.000: [I] ntpd[4014129-1] Command line: ntpd -g -c /tmp/ntp_full.conf
15.05.2024 05:44:57.000: [E] ntpd[4108372-1] precise_time: Ok
15.05.2024 05:44:57.000: [I] ntpd[4108372-1] proto: precision = 0.512 usec (-21)
15.05.2024 05:44:57.000: [I] ntpd[4108372-1] basedate set to 2022-01-13
15.05.2024 05:44:57.000: [I] ntpd[4108372-1] gps base set to 2022-01-16 (week 2193)
15.05.2024 05:44:57.000: [I] ntpd[4108372-1] switching logging to file /dev/logger/user
15.05.2024 05:45:01.000: [I] cron : started
15.05.2024 05:45:01.000: [I] cron : already running
15.05.2024 07:36:18.063: ********************************* POWER UP *********************************
15.05.2024 07:36:32.000: [I] cron : started
15.05.2024 07:36:32.000: [I] ntpd[4014164-1] ntpd 4.2.8p13@1.3847 Tue Jan 25 06:37:43 UTC 2022 (1): Starting
15.05.2024 07:36:32.000: [I] ntpd[4014164-1] Command line: ntpd -g -c /tmp/ntp_full.conf
15.05.2024 07:36:32.000: [E] ntpd[4112451-1] precise_time: Ok
15.05.2024 07:36:32.000: [I] ntpd[4112451-1] proto: precision = 0.512 usec (-21)
15.05.2024 07:36:32.000: [I] ntpd[4112451-1] basedate set to 2022-01-13
15.05.2024 07:36:32.000: [I] ntpd[4112451-1] gps base set to 2022-01-16 (week 2193)
15.05.2024 07:36:32.000: [I] ntpd[4112451-1] switching logging to file /dev/logger/user
15.05.2024 07:36:36.000: [I] cron : started
15.05.2024 07:36:36.000: [I] cron : already running
15.05.2024 08:41:09.083: ********************************* POWER UP *********************************
15.05.2024 08:41:22.000: [I] cron : started
15.05.2024 08:41:22.000: [I] ntpd[4005948-1] ntpd 4.2.8p13@1.3847 Tue Jan 25 06:37:43 UTC 2022 (1): Starting
15.05.2024 08:41:22.000: [I] ntpd[4005948-1] Command line: ntpd -g -c /tmp/ntp_full.conf
15.05.2024 08:41:22.000: [E] ntpd[4083790-1] precise_time: Ok
15.05.2024 08:41:23.000: [I] ntpd[4083790-1] proto: precision = 0.512 usec (-21)
15.05.2024 08:41:23.000: [I] ntpd[4083790-1] basedate set to 2022-01-13
15.05.2024 08:41:23.000: [I] ntpd[4083790-1] gps base set to 2022-01-16 (week 2193)
15.05.2024 08:41:23.000: [I] ntpd[4083790-1] switching logging to file /dev/logger/user
15.05.2024 08:41:27.000: [I] cron : started
15.05.2024 08:41:27.000: [I] cron : already running
15.05.2024 08:48:51.028: ********************************* POWER UP *********************************
15.05.2024 08:49:04.000: [I] cron : started
15.05.2024 08:49:04.000: [I] ntpd[4005961-1] ntpd 4.2.8p13@1.3847 Tue Jan 25 06:37:43 UTC 2022 (1): Starting
15.05.2024 08:49:04.000: [I] ntpd[4005961-1] Command line: ntpd -g -c /tmp/ntp_full.conf
15.05.2024 08:49:04.000: [E] ntpd[4071502-1] precise_time: Ok
15.05.2024 08:49:05.000: [I] ntpd[4071502-1] proto: precision = 0.512 usec (-21)
15.05.2024 08:49:05.000: [I] ntpd[4071502-1] basedate set to 2022-01-13
15.05.2024 08:49:05.000: [I] ntpd[4071502-1] gps base set to 2022-01-16 (week 2193)
15.05.2024 08:49:05.000: [I] ntpd[4071502-1] switching logging to file /dev/logger/user
15.05.2024 08:49:09.000: [I] cron : started
15.05.2024 08:49:09.000: [I] cron : already running
15.05.2024 10:58:55.079: ********************************* POWER UP *********************************
15.05.2024 10:59:09.000: [I] cron : started
15.05.2024 10:59:09.000: [I] ntpd[4034618-1] ntpd 4.2.8p13@1.3847 Tue Jan 25 06:37:43 UTC 2022 (1): Starting
15.05.2024 10:59:09.000: [I] ntpd[4034618-1] Command line: ntpd -g -c /tmp/ntp_full.conf
15.05.2024 10:59:09.000: [E] ntpd[4108347-1] precise_time: Ok
15.05.2024 10:59:09.000: [I] ntpd[4108347-1] proto: precision = 0.512 usec (-21)
15.05.2024 10:59:09.000: [I] ntpd[4108347-1] basedate set to 2022-01-13
15.05.2024 10:59:09.000: [I] ntpd[4108347-1] gps base set to 2022-01-16 (week 2193)
15.05.2024 10:59:09.000: [I] ntpd[4108347-1] switching logging to file /dev/logger/user
15.05.2024 10:59:14.000: [I] cron : started
15.05.2024 10:59:14.000: [I] cron : already running
16.05.2024 10:46:47.027: ********************************* POWER UP *********************************
16.05.2024 10:47:01.000: [I] cron : started
16.05.2024 10:47:01.000: [I] ntpd[4034618-1] ntpd 4.2.8p13@1.3847 Tue Jan 25 06:37:43 UTC 2022 (1): Starting
16.05.2024 10:47:01.000: [I] ntpd[4034618-1] Command line: ntpd -g -c /tmp/ntp_full.conf
16.05.2024 10:47:01.000: [E] ntpd[4108362-1] precise_time: Ok
16.05.2024 10:47:01.000: [I] ntpd[4108362-1] proto: precision = 0.512 usec (-21)
16.05.2024 10:47:01.000: [I] ntpd[4108362-1] basedate set to 2022-01-13
16.05.2024 10:47:01.000: [I] ntpd[4108362-1] gps base set to 2022-01-16 (week 2193)
16.05.2024 10:47:01.000: [I] ntpd[4108362-1] switching logging to file /dev/logger/user
16.05.2024 10:47:06.000: [I] cron : started
16.05.2024 10:47:06.000: [I] cron : already running
16.05.2024 13:23:42.019: ********************************* POWER UP *********************************
16.05.2024 13:23:56.000: [I] cron : started
16.05.2024 13:23:56.000: [I] ntpd[4034621-1] ntpd 4.2.8p13@1.3847 Tue Jan 25 06:37:43 UTC 2022 (1): Starting
16.05.2024 13:23:56.000: [I] ntpd[4034621-1] Command line: ntpd -g -c /tmp/ntp_full.conf
16.05.2024 13:23:56.000: [E] ntpd[4108356-1] precise_time: Ok
16.05.2024 13:23:56.000: [I] ntpd[4108356-1] proto: precision = 0.512 usec (-21)
16.05.2024 13:23:56.000: [I] ntpd[4108356-1] basedate set to 2022-01-13
16.05.2024 13:23:56.000: [I] ntpd[4108356-1] gps base set to 2022-01-16 (week 2193)
16.05.2024 13:23:56.000: [I] ntpd[4108356-1] switching logging to file /dev/logger/user
16.05.2024 13:24:01.000: [I] cron : started
16.05.2024 13:24:01.000: [I] cron : already running
20.05.2024 05:27:06.071: ********************************* POWER UP *********************************
20.05.2024 05:27:20.000: [I] cron : started
20.05.2024 05:27:20.000: [I] ntpd[4034623-1] ntpd 4.2.8p13@1.3847 Tue Jan 25 06:37:43 UTC 2022 (1): Starting
20.05.2024 05:27:20.000: [I] ntpd[4034623-1] Command line: ntpd -g -c /tmp/ntp_full.conf
20.05.2024 05:27:20.000: [E] ntpd[4112470-1] precise_time: Ok
20.05.2024 05:27:20.000: [I] ntpd[4112470-1] proto: precision = 0.512 usec (-21)
20.05.2024 05:27:20.000: [I] ntpd[4112470-1] basedate set to 2022-01-13
20.05.2024 05:27:20.000: [I] ntpd[4112470-1] gps base set to 2022-01-16 (week 2193)
20.05.2024 05:27:20.000: [I] ntpd[4112470-1] switching logging to file /dev/logger/user
20.05.2024 05:27:25.000: [I] cron : started
20.05.2024 05:27:25.000: [I] cron : already running
20.05.2024 07:31:35.067: ********************************* POWER UP *********************************
20.05.2024 07:31:49.000: [I] cron : started
20.05.2024 07:31:49.000: [I] ntpd[4030545-1] ntpd 4.2.8p13@1.3847 Tue Jan 25 06:37:43 UTC 2022 (1): Starting
20.05.2024 07:31:49.000: [I] ntpd[4030545-1] Command line: ntpd -g -c /tmp/ntp_full.conf
20.05.2024 07:31:49.000: [E] ntpd[4108356-1] precise_time: Ok
20.05.2024 07:31:49.000: [I] ntpd[4108356-1] proto: precision = 0.512 usec (-21)
20.05.2024 07:31:49.000: [I] ntpd[4108356-1] basedate set to 2022-01-13
20.05.2024 07:31:49.000: [I] ntpd[4108356-1] gps base set to 2022-01-16 (week 2193)
20.05.2024 07:31:49.000: [I] ntpd[4108356-1] switching logging to file /dev/logger/user
20.05.2024 07:31:54.000: [I] cron : started
20.05.2024 07:31:54.000: [I] cron : already running
20.05.2024 10:44:07.019: ********************************* POWER UP *********************************
20.05.2024 10:44:20.000: [I] cron : started
20.05.2024 10:44:20.000: [I] ntpd[4005952-1] ntpd 4.2.8p13@1.3847 Tue Jan 25 06:37:43 UTC 2022 (1): Starting
20.05.2024 10:44:20.000: [I] ntpd[4005952-1] Command line: ntpd -g -c /tmp/ntp_full.conf
20.05.2024 10:44:20.000: [E] ntpd[4075592-1] precise_time: Ok
20.05.2024 10:44:20.000: [I] ntpd[4075592-1] proto: precision = 0.512 usec (-21)
20.05.2024 10:44:20.000: [I] ntpd[4075592-1] basedate set to 2022-01-13
20.05.2024 10:44:20.000: [I] ntpd[4075592-1] gps base set to 2022-01-16 (week 2193)
20.05.2024 10:44:20.000: [I] ntpd[4075592-1] switching logging to file /dev/logger/user
20.05.2024 10:44:25.000: [I] cron : started
20.05.2024 10:44:25.000: [I] cron : already running
04.09.2024 09:52:04.076: ********************************* POWER UP *********************************
04.09.2024 09:52:18.000: [I] cron : started
04.09.2024 09:52:18.000: [I] ntpd[4042813-1] ntpd 4.2.8p13@1.3847 Tue Jan 25 06:37:43 UTC 2022 (1): Starting
04.09.2024 09:52:18.000: [I] ntpd[4042813-1] Command line: ntpd -g -c /tmp/ntp_full.conf
04.09.2024 09:52:18.000: [E] ntpd[4128848-1] precise_time: Ok
04.09.2024 09:52:18.000: [I] ntpd[4128848-1] proto: precision = 0.512 usec (-21)
04.09.2024 09:52:18.000: [I] ntpd[4128848-1] basedate set to 2022-01-13
04.09.2024 09:52:18.000: [I] ntpd[4128848-1] gps base set to 2022-01-16 (week 2193)
04.09.2024 09:52:18.000: [I] ntpd[4128848-1] switching logging to file /dev/logger/user
04.09.2024 09:52:23.000: [I] cron : started
04.09.2024 09:52:23.000: [I] cron : already running
05.09.2024 04:52:07.064: ********************************* POWER UP *********************************
05.09.2024 04:52:21.000: [I] cron : started
05.09.2024 04:52:21.000: [I] ntpd[4034623-1] ntpd 4.2.8p13@1.3847 Tue Jan 25 06:37:43 UTC 2022 (1): Starting
05.09.2024 04:52:21.000: [I] ntpd[4034623-1] Command line: ntpd -g -c /tmp/ntp_full.conf
05.09.2024 04:52:21.000: [E] ntpd[4116546-1] precise_time: Ok
05.09.2024 04:52:21.000: [I] ntpd[4116546-1] proto: precision = 0.512 usec (-21)
05.09.2024 04:52:21.000: [I] ntpd[4116546-1] basedate set to 2022-01-13
05.09.2024 04:52:21.000: [I] ntpd[4116546-1] gps base set to 2022-01-16 (week 2193)
05.09.2024 04:52:21.000: [I] ntpd[4116546-1] switching logging to file /dev/logger/user
05.09.2024 04:52:26.000: [I] cron : started
05.09.2024 04:52:26.000: [I] cron : already running
09.09.2024 10:29:05.075: ********************************* POWER UP *********************************
09.09.2024 10:29:19.000: [I] cron : started
09.09.2024 10:29:19.000: [I] ntpd[4034614-1] ntpd 4.2.8p13@1.3847 Tue Jan 25 06:37:43 UTC 2022 (1): Starting
09.09.2024 10:29:19.000: [I] ntpd[4034614-1] Command line: ntpd -g -c /tmp/ntp_full.conf
09.09.2024 10:29:19.000: [E] ntpd[4108351-1] precise_time: Ok
09.09.2024 10:29:19.000: [I] ntpd[4108351-1] proto: precision = 0.512 usec (-21)
09.09.2024 10:29:19.000: [I] ntpd[4108351-1] basedate set to 2022-01-13
09.09.2024 10:29:19.000: [I] ntpd[4108351-1] gps base set to 2022-01-16 (week 2193)
09.09.2024 10:29:20.000: [I] ntpd[4108351-1] switching logging to file /dev/logger/user
09.09.2024 10:29:24.000: [I] cron : started
09.09.2024 10:29:24.000: [I] cron : already running
09.09.2024 12:30:58.063: ********************************* POWER UP *********************************
09.09.2024 12:31:12.000: [I] cron : started
09.09.2024 12:31:12.000: [I] ntpd[4034617-1] ntpd 4.2.8p13@1.3847 Tue Jan 25 06:37:43 UTC 2022 (1): Starting
09.09.2024 12:31:12.000: [I] ntpd[4034617-1] Command line: ntpd -g -c /tmp/ntp_full.conf
09.09.2024 12:31:12.000: [E] ntpd[4108350-1] precise_time: Ok
09.09.2024 12:31:12.000: [I] ntpd[4108350-1] proto: precision = 0.512 usec (-21)
09.09.2024 12:31:12.000: [I] ntpd[4108350-1] basedate set to 2022-01-13
09.09.2024 12:31:12.000: [I] ntpd[4108350-1] gps base set to 2022-01-16 (week 2193)
09.09.2024 12:31:12.000: [I] ntpd[4108350-1] switching logging to file /dev/logger/user
09.09.2024 12:31:17.000: [I] cron : started
09.09.2024 12:31:17.000: [I] cron : already running
10.09.2024 04:37:27.076: ********************************* POWER UP *********************************
10.09.2024 04:37:40.000: [I] cron : started
10.09.2024 04:37:40.000: [I] ntpd[4005949-1] ntpd 4.2.8p13@1.3847 Tue Jan 25 06:37:43 UTC 2022 (1): Starting
10.09.2024 04:37:40.000: [I] ntpd[4005949-1] Command line: ntpd -g -c /tmp/ntp_full.conf
10.09.2024 04:37:40.000: [E] ntpd[4083780-1] precise_time: Ok
10.09.2024 04:37:40.000: [I] ntpd[4083780-1] proto: precision = 0.512 usec (-21)
10.09.2024 04:37:41.000: [I] ntpd[4083780-1] basedate set to 2022-01-13
10.09.2024 04:37:41.000: [I] ntpd[4083780-1] gps base set to 2022-01-16 (week 2193)
10.09.2024 04:37:41.000: [I] ntpd[4083780-1] switching logging to file /dev/logger/user
10.09.2024 04:37:45.000: [I] cron : started
10.09.2024 04:37:45.000: [I] cron : already running
11.09.2024 04:42:17.069: ********************************* POWER UP *********************************
11.09.2024 04:42:31.000: [I] cron : started
11.09.2024 04:42:31.000: [I] ntpd[4005965-1] ntpd 4.2.8p13@1.3847 Tue Jan 25 06:37:43 UTC 2022 (1): Starting
11.09.2024 04:42:31.000: [I] ntpd[4005965-1] Command line: ntpd -g -c /tmp/ntp_full.conf
11.09.2024 04:42:31.000: [E] ntpd[4075582-1] precise_time: Ok
11.09.2024 04:42:31.000: [I] ntpd[4075582-1] proto: precision = 0.512 usec (-21)
11.09.2024 04:42:31.000: [I] ntpd[4075582-1] basedate set to 2022-01-13
11.09.2024 04:42:31.000: [I] ntpd[4075582-1] gps base set to 2022-01-16 (week 2193)
11.09.2024 04:42:31.000: [I] ntpd[4075582-1] switching logging to file /dev/logger/user
11.09.2024 04:42:35.000: [I] cron : started
11.09.2024 04:42:35.000: [I] cron : already running
12.09.2024 04:37:44.073: ********************************* POWER UP *********************************
12.09.2024 04:37:58.000: [I] cron : started
12.09.2024 04:37:58.000: [I] ntpd[4042810-1] ntpd 4.2.8p13@1.3847 Tue Jan 25 06:37:43 UTC 2022 (1): Starting
12.09.2024 04:37:58.000: [I] ntpd[4042810-1] Command line: ntpd -g -c /tmp/ntp_full.conf
12.09.2024 04:37:58.000: [E] ntpd[4132931-1] precise_time: Ok
12.09.2024 04:37:58.000: [I] ntpd[4132931-1] proto: precision = 0.512 usec (-21)
12.09.2024 04:37:58.000: [I] ntpd[4132931-1] basedate set to 2022-01-13
12.09.2024 04:37:58.000: [I] ntpd[4132931-1] gps base set to 2022-01-16 (week 2193)
12.09.2024 04:37:58.000: [I] ntpd[4132931-1] switching logging to file /dev/logger/user
12.09.2024 04:38:03.000: [I] cron : started
12.09.2024 04:38:03.000: [I] cron : already running
13.09.2024 04:52:18.065: ********************************* POWER UP *********************************
13.09.2024 04:52:32.000: [I] cron : started
13.09.2024 04:52:32.000: [I] ntpd[4005947-1] ntpd 4.2.8p13@1.3847 Tue Jan 25 06:37:43 UTC 2022 (1): Starting
13.09.2024 04:52:32.000: [I] ntpd[4005947-1] Command line: ntpd -g -c /tmp/ntp_full.conf
13.09.2024 04:52:32.000: [E] ntpd[4075599-1] precise_time: Ok
13.09.2024 04:52:32.000: [I] ntpd[4075599-1] proto: precision = 0.512 usec (-21)
13.09.2024 04:52:32.000: [I] ntpd[4075599-1] basedate set to 2022-01-13
13.09.2024 04:52:32.000: [I] ntpd[4075599-1] gps base set to 2022-01-16 (week 2193)
13.09.2024 04:52:32.000: [I] ntpd[4075599-1] switching logging to file /dev/logger/user
13.09.2024 04:52:36.000: [I] cron : started
13.09.2024 04:52:36.000: [I] cron : already running
17.09.2024 04:31:42.065: ********************************* POWER UP *********************************
17.09.2024 04:31:56.000: [I] cron : started
17.09.2024 04:31:56.000: [I] ntpd[4034622-1] ntpd 4.2.8p13@1.3847 Tue Jan 25 06:37:43 UTC 2022 (1): Starting
17.09.2024 04:31:56.000: [I] ntpd[4034622-1] Command line: ntpd -g -c /tmp/ntp_full.conf
17.09.2024 04:31:56.000: [E] ntpd[4108366-1] precise_time: Ok
17.09.2024 04:31:56.000: [I] ntpd[4108366-1] proto: precision = 0.512 usec (-21)
17.09.2024 04:31:56.000: [I] ntpd[4108366-1] basedate set to 2022-01-13
17.09.2024 04:31:56.000: [I] ntpd[4108366-1] gps base set to 2022-01-16 (week 2193)
17.09.2024 04:31:56.000: [I] ntpd[4108366-1] switching logging to file /dev/logger/user
17.09.2024 04:32:01.000: [I] cron : started
17.09.2024 04:32:01.000: [I] cron : already running
18.09.2024 04:38:13.073: ********************************* POWER UP *********************************
18.09.2024 04:38:27.000: [I] cron : started
18.09.2024 04:38:27.000: [I] ntpd[4034618-1] ntpd 4.2.8p13@1.3847 Tue Jan 25 06:37:43 UTC 2022 (1): Starting
18.09.2024 04:38:27.000: [I] ntpd[4034618-1] Command line: ntpd -g -c /tmp/ntp_full.conf
18.09.2024 04:38:27.000: [E] ntpd[4104264-1] precise_time: Ok
18.09.2024 04:38:27.000: [I] ntpd[4104264-1] proto: precision = 0.512 usec (-21)
18.09.2024 04:38:27.000: [I] ntpd[4104264-1] basedate set to 2022-01-13
18.09.2024 04:38:27.000: [I] ntpd[4104264-1] gps base set to 2022-01-16 (week 2193)
18.09.2024 04:38:27.000: [I] ntpd[4104264-1] switching logging to file /dev/logger/user
18.09.2024 04:38:32.000: [I] cron : started
18.09.2024 04:38:32.000: [I] cron : already running
19.09.2024 04:38:04.064: ********************************* POWER UP *********************************
19.09.2024 04:38:18.000: [I] cron : started
19.09.2024 04:38:18.000: [I] ntpd[4034635-1] ntpd 4.2.8p13@1.3847 Tue Jan 25 06:37:43 UTC 2022 (1): Starting
19.09.2024 04:38:18.000: [I] ntpd[4034635-1] Command line: ntpd -g -c /tmp/ntp_full.conf
19.09.2024 04:38:18.000: [E] ntpd[4108351-1] precise_time: Ok
19.09.2024 04:38:18.000: [I] ntpd[4108351-1] proto: precision = 0.512 usec (-21)
19.09.2024 04:38:18.000: [I] ntpd[4108351-1] basedate set to 2022-01-13
19.09.2024 04:38:18.000: [I] ntpd[4108351-1] gps base set to 2022-01-16 (week 2193)
19.09.2024 04:38:18.000: [I] ntpd[4108351-1] switching logging to file /dev/logger/user
19.09.2024 04:38:23.000: [I] cron : started
19.09.2024 04:38:23.000: [I] cron : already running
20.09.2024 04:43:12.070: ********************************* POWER UP *********************************
20.09.2024 04:43:25.000: [I] cron : started
20.09.2024 04:43:25.000: [I] ntpd[4005964-1] ntpd 4.2.8p13@1.3847 Tue Jan 25 06:37:43 UTC 2022 (1): Starting
20.09.2024 04:43:25.000: [I] ntpd[4005964-1] Command line: ntpd -g -c /tmp/ntp_full.conf
20.09.2024 04:43:26.000: [E] ntpd[4079682-1] precise_time: Ok
20.09.2024 04:43:26.000: [I] ntpd[4079682-1] proto: precision = 0.512 usec (-21)
20.09.2024 04:43:26.000: [I] ntpd[4079682-1] basedate set to 2022-01-13
20.09.2024 04:43:26.000: [I] ntpd[4079682-1] gps base set to 2022-01-16 (week 2193)
20.09.2024 04:43:26.000: [I] ntpd[4079682-1] switching logging to file /dev/logger/user
20.09.2024 04:43:30.000: [I] cron : started
20.09.2024 04:43:30.000: [I] cron : already running
20.09.2024 04:59:44.027: ********************************* POWER UP *********************************
20.09.2024 04:59:58.000: [I] cron : started
20.09.2024 04:59:58.000: [I] ntpd[4042818-1] ntpd 4.2.8p13@1.3847 Tue Jan 25 06:37:43 UTC 2022 (1): Starting
20.09.2024 04:59:58.000: [I] ntpd[4042818-1] Command line: ntpd -g -c /tmp/ntp_full.conf
20.09.2024 04:59:58.000: [E] ntpd[4132944-1] precise_time: Ok
20.09.2024 04:59:58.000: [I] ntpd[4132944-1] proto: precision = 0.512 usec (-21)
20.09.2024 04:59:58.000: [I] ntpd[4132944-1] basedate set to 2022-01-13
20.09.2024 04:59:58.000: [I] ntpd[4132944-1] gps base set to 2022-01-16 (week 2193)
20.09.2024 04:59:58.000: [I] ntpd[4132944-1] switching logging to file /dev/logger/user
20.09.2024 05:00:02.000: [I] cron : started
20.09.2024 05:00:02.000: [I] cron : already running
23.09.2024 07:29:19.062: ********************************* POWER UP *********************************
23.09.2024 07:29:32.000: [I] cron : started
23.09.2024 07:29:32.000: [I] ntpd[4005937-1] ntpd 4.2.8p13@1.3847 Tue Jan 25 06:37:43 UTC 2022 (1): Starting
23.09.2024 07:29:32.000: [I] ntpd[4005937-1] Command line: ntpd -g -c /tmp/ntp_full.conf
23.09.2024 07:29:32.000: [E] ntpd[4083774-1] precise_time: Ok
23.09.2024 07:29:32.000: [I] ntpd[4083774-1] proto: precision = 0.512 usec (-21)
23.09.2024 07:29:33.000: [I] ntpd[4083774-1] basedate set to 2022-01-13
23.09.2024 07:29:33.000: [I] ntpd[4083774-1] gps base set to 2022-01-16 (week 2193)
23.09.2024 07:29:33.000: [I] ntpd[4083774-1] switching logging to file /dev/logger/user
23.09.2024 07:29:37.000: [I] cron : started
23.09.2024 07:29:37.000: [I] cron : already running
23.09.2024 08:12:03.025: ********************************* POWER UP *********************************
23.09.2024 08:12:17.000: [I] cron : started
23.09.2024 08:12:17.000: [I] ntpd[4042821-1] ntpd 4.2.8p13@1.3847 Tue Jan 25 06:37:43 UTC 2022 (1): Starting
23.09.2024 08:12:17.000: [I] ntpd[4042821-1] Command line: ntpd -g -c /tmp/ntp_full.conf
23.09.2024 08:12:17.000: [E] ntpd[4128848-1] precise_time: Ok
23.09.2024 08:12:17.000: [I] ntpd[4128848-1] proto: precision = 0.512 usec (-21)
23.09.2024 08:12:17.000: [I] ntpd[4128848-1] basedate set to 2022-01-13
23.09.2024 08:12:17.000: [I] ntpd[4128848-1] gps base set to 2022-01-16 (week 2193)
23.09.2024 08:12:17.000: [I] ntpd[4128848-1] switching logging to file /dev/logger/user
23.09.2024 08:12:21.000: [I] cron : started
23.09.2024 08:12:21.000: [I] cron : already running
23.09.2024 10:30:15.037: ********************************* POWER UP *********************************
23.09.2024 10:30:28.000: [I] cron : started
23.09.2024 10:30:28.000: [I] ntpd[4005949-1] ntpd 4.2.8p13@1.3847 Tue Jan 25 06:37:43 UTC 2022 (1): Starting
23.09.2024 10:30:28.000: [I] ntpd[4005949-1] Command line: ntpd -g -c /tmp/ntp_full.conf
23.09.2024 10:30:28.000: [E] ntpd[4096068-1] precise_time: Ok
23.09.2024 10:30:28.000: [I] ntpd[4096068-1] proto: precision = 0.512 usec (-21)
23.09.2024 10:30:29.000: [I] ntpd[4096068-1] basedate set to 2022-01-13
23.09.2024 10:30:29.000: [I] ntpd[4096068-1] gps base set to 2022-01-16 (week 2193)
23.09.2024 10:30:29.000: [I] ntpd[4096068-1] switching logging to file /dev/logger/user
23.09.2024 10:30:33.000: [I] cron : started
23.09.2024 10:30:33.000: [I] cron : already running
24.09.2024 04:29:10.079: ********************************* POWER UP *********************************
24.09.2024 04:29:23.000: [I] cron : started
24.09.2024 04:29:23.000: [I] ntpd[4005937-1] ntpd 4.2.8p13@1.3847 Tue Jan 25 06:37:43 UTC 2022 (1): Starting
24.09.2024 04:29:23.000: [I] ntpd[4005937-1] Command line: ntpd -g -c /tmp/ntp_full.conf
24.09.2024 04:29:23.000: [E] ntpd[4079689-1] precise_time: Ok
24.09.2024 04:29:24.000: [I] ntpd[4079689-1] proto: precision = 0.512 usec (-21)
24.09.2024 04:29:24.000: [I] ntpd[4079689-1] basedate set to 2022-01-13
24.09.2024 04:29:24.000: [I] ntpd[4079689-1] gps base set to 2022-01-16 (week 2193)
24.09.2024 04:29:24.000: [I] ntpd[4079689-1] switching logging to file /dev/logger/user
24.09.2024 04:29:28.000: [I] cron : started
24.09.2024 04:29:28.000: [I] cron : already running
24.09.2024 09:22:32.083: ********************************* POWER UP *********************************
24.09.2024 09:22:45.000: [I] cron : started
24.09.2024 09:22:46.000: [I] ntpd[4014147-1] ntpd 4.2.8p13@1.3847 Tue Jan 25 06:37:43 UTC 2022 (1): Starting
24.09.2024 09:22:46.000: [I] ntpd[4014147-1] Command line: ntpd -g -c /tmp/ntp_full.conf
24.09.2024 09:22:46.000: [E] ntpd[4096079-1] precise_time: Ok
24.09.2024 09:22:46.000: [I] ntpd[4096079-1] proto: precision = 0.512 usec (-21)
24.09.2024 09:22:46.000: [I] ntpd[4096079-1] basedate set to 2022-01-13
24.09.2024 09:22:46.000: [I] ntpd[4096079-1] gps base set to 2022-01-16 (week 2193)
24.09.2024 09:22:46.000: [I] ntpd[4096079-1] switching logging to file /dev/logger/user
24.09.2024 09:22:50.000: [I] cron : started
24.09.2024 09:22:50.000: [I] cron : already running
25.09.2024 04:29:11.078: ********************************* POWER UP *********************************
25.09.2024 04:29:25.000: [I] cron : started
25.09.2024 04:29:25.000: [I] ntpd[4038719-1] ntpd 4.2.8p13@1.3847 Tue Jan 25 06:37:43 UTC 2022 (1): Starting
25.09.2024 04:29:25.000: [I] ntpd[4038719-1] Command line: ntpd -g -c /tmp/ntp_full.conf
25.09.2024 04:29:25.000: [E] ntpd[4120642-1] precise_time: Ok
25.09.2024 04:29:25.000: [I] ntpd[4120642-1] proto: precision = 0.512 usec (-21)
25.09.2024 04:29:26.000: [I] ntpd[4120642-1] basedate set to 2022-01-13
25.09.2024 04:29:26.000: [I] ntpd[4120642-1] gps base set to 2022-01-16 (week 2193)
25.09.2024 04:29:26.000: [I] ntpd[4120642-1] switching logging to file /dev/logger/user
25.09.2024 04:29:30.000: [I] cron : started
25.09.2024 04:29:30.000: [I] cron : already running
25.09.2024 04:38:14.026: ********************************* POWER UP *********************************
25.09.2024 04:38:28.000: [I] cron : started
25.09.2024 04:38:28.000: [I] ntpd[4034612-1] ntpd 4.2.8p13@1.3847 Tue Jan 25 06:37:43 UTC 2022 (1): Starting
25.09.2024 04:38:28.000: [I] ntpd[4034612-1] Command line: ntpd -g -c /tmp/ntp_full.conf
25.09.2024 04:38:28.000: [E] ntpd[4112432-1] precise_time: Ok
25.09.2024 04:38:28.000: [I] ntpd[4112432-1] proto: precision = 0.512 usec (-21)
25.09.2024 04:38:28.000: [I] ntpd[4112432-1] basedate set to 2022-01-13
25.09.2024 04:38:28.000: [I] ntpd[4112432-1] gps base set to 2022-01-16 (week 2193)
25.09.2024 04:38:28.000: [I] ntpd[4112432-1] switching logging to file /dev/logger/user
25.09.2024 04:38:33.000: [I] cron : started
25.09.2024 04:38:33.000: [I] cron : already running
26.09.2024 04:26:58.077: ********************************* POWER UP *********************************
26.09.2024 04:27:11.000: [I] cron : started
26.09.2024 04:27:11.000: [I] ntpd[4005950-1] ntpd 4.2.8p13@1.3847 Tue Jan 25 06:37:43 UTC 2022 (1): Starting
26.09.2024 04:27:11.000: [I] ntpd[4005950-1] Command line: ntpd -g -c /tmp/ntp_full.conf
26.09.2024 04:27:11.000: [E] ntpd[4071501-1] precise_time: Ok
26.09.2024 04:27:12.000: [I] ntpd[4071501-1] proto: precision = 0.512 usec (-21)
26.09.2024 04:27:12.000: [I] ntpd[4071501-1] basedate set to 2022-01-13
26.09.2024 04:27:12.000: [I] ntpd[4071501-1] gps base set to 2022-01-16 (week 2193)
26.09.2024 04:27:12.000: [I] ntpd[4071501-1] switching logging to file /dev/logger/user
26.09.2024 04:27:16.000: [I] cron : started
26.09.2024 04:27:16.000: [I] cron : already running
30.09.2024 06:43:19.061: ********************************* POWER UP *********************************
30.09.2024 06:43:33.000: [I] cron : started
30.09.2024 06:43:33.000: [I] ntpd[4034625-1] ntpd 4.2.8p13@1.3847 Tue Jan 25 06:37:43 UTC 2022 (1): Starting
30.09.2024 06:43:33.000: [I] ntpd[4034625-1] Command line: ntpd -g -c /tmp/ntp_full.conf
30.09.2024 06:43:33.000: [E] ntpd[4104260-1] precise_time: Ok
30.09.2024 06:43:33.000: [I] ntpd[4104260-1] proto: precision = 0.512 usec (-21)
30.09.2024 06:43:33.000: [I] ntpd[4104260-1] basedate set to 2022-01-13
30.09.2024 06:43:33.000: [I] ntpd[4104260-1] gps base set to 2022-01-16 (week 2193)
30.09.2024 06:43:33.000: [I] ntpd[4104260-1] switching logging to file /dev/logger/user
30.09.2024 06:43:38.000: [I] cron : started
30.09.2024 06:43:38.000: [I] cron : already running
30.09.2024 06:46:43.086: ********************************* POWER UP *********************************
30.09.2024 06:46:56.000: [I] cron : started
30.09.2024 06:46:57.000: [I] ntpd[4014154-1] ntpd 4.2.8p13@1.3847 Tue Jan 25 06:37:43 UTC 2022 (1): Starting
30.09.2024 06:46:57.000: [I] ntpd[4014154-1] Command line: ntpd -g -c /tmp/ntp_full.conf
30.09.2024 06:46:57.000: [E] ntpd[4100164-1] precise_time: Ok
30.09.2024 06:46:57.000: [I] ntpd[4100164-1] proto: precision = 0.512 usec (-21)
30.09.2024 06:46:57.000: [I] ntpd[4100164-1] basedate set to 2022-01-13
30.09.2024 06:46:57.000: [I] ntpd[4100164-1] gps base set to 2022-01-16 (week 2193)
30.09.2024 06:46:57.000: [I] ntpd[4100164-1] switching logging to file /dev/logger/user
30.09.2024 06:47:01.000: [I] cron : started
30.09.2024 06:47:01.000: [I] cron : already running
30.09.2024 06:57:50.064: ********************************* POWER UP *********************************
30.09.2024 06:58:03.000: [I] cron : started
30.09.2024 06:58:03.000: [I] ntpd[4005949-1] ntpd 4.2.8p13@1.3847 Tue Jan 25 06:37:43 UTC 2022 (1): Starting
30.09.2024 06:58:03.000: [I] ntpd[4005949-1] Command line: ntpd -g -c /tmp/ntp_full.conf
30.09.2024 06:58:04.000: [E] ntpd[4083793-1] precise_time: Ok
30.09.2024 06:58:04.000: [I] ntpd[4083793-1] proto: precision = 0.512 usec (-21)
30.09.2024 06:58:04.000: [I] ntpd[4083793-1] basedate set to 2022-01-13
30.09.2024 06:58:04.000: [I] ntpd[4083793-1] gps base set to 2022-01-16 (week 2193)
30.09.2024 06:58:04.000: [I] ntpd[4083793-1] switching logging to file /dev/logger/user
30.09.2024 06:58:08.000: [I] cron : started
30.09.2024 06:58:08.000: [I] cron : already running
30.09.2024 08:48:59.075: ********************************* POWER UP *********************************
30.09.2024 08:49:13.000: [I] cron : started
30.09.2024 08:49:13.000: [I] ntpd[4034625-1] ntpd 4.2.8p13@1.3847 Tue Jan 25 06:37:43 UTC 2022 (1): Starting
30.09.2024 08:49:13.000: [I] ntpd[4034625-1] Command line: ntpd -g -c /tmp/ntp_full.conf
30.09.2024 08:49:13.000: [E] ntpd[4104269-1] precise_time: Ok
30.09.2024 08:49:13.000: [I] ntpd[4104269-1] proto: precision = 0.512 usec (-21)
30.09.2024 08:49:13.000: [I] ntpd[4104269-1] basedate set to 2022-01-13
30.09.2024 08:49:13.000: [I] ntpd[4104269-1] gps base set to 2022-01-16 (week 2193)
30.09.2024 08:49:13.000: [I] ntpd[4104269-1] switching logging to file /dev/logger/user
30.09.2024 08:49:18.000: [I] cron : started
30.09.2024 08:49:18.000: [I] cron : already running
30.09.2024 08:51:05.065: ********************************* POWER UP *********************************
30.09.2024 08:51:18.000: [I] cron : started
30.09.2024 08:51:18.000: [I] ntpd[4005947-1] ntpd 4.2.8p13@1.3847 Tue Jan 25 06:37:43 UTC 2022 (1): Starting
30.09.2024 08:51:18.000: [I] ntpd[4005947-1] Command line: ntpd -g -c /tmp/ntp_full.conf
30.09.2024 08:51:19.000: [E] ntpd[4079684-1] precise_time: Ok
30.09.2024 08:51:19.000: [I] ntpd[4079684-1] proto: precision = 0.512 usec (-21)
30.09.2024 08:51:19.000: [I] ntpd[4079684-1] basedate set to 2022-01-13
30.09.2024 08:51:19.000: [I] ntpd[4079684-1] gps base set to 2022-01-16 (week 2193)
30.09.2024 08:51:19.000: [I] ntpd[4079684-1] switching logging to file /dev/logger/user
30.09.2024 08:51:23.000: [I] cron : started
30.09.2024 08:51:23.000: [I] cron : already running
30.09.2024 11:58:23.074: ********************************* POWER UP *********************************
30.09.2024 11:58:37.000: [I] cron : started
30.09.2024 11:58:37.000: [I] ntpd[4034635-1] ntpd 4.2.8p13@1.3847 Tue Jan 25 06:37:43 UTC 2022 (1): Starting
30.09.2024 11:58:37.000: [I] ntpd[4034635-1] Command line: ntpd -g -c /tmp/ntp_full.conf
30.09.2024 11:58:37.000: [E] ntpd[4104261-1] precise_time: Ok
30.09.2024 11:58:37.000: [I] ntpd[4104261-1] proto: precision = 0.512 usec (-21)
30.09.2024 11:58:37.000: [I] ntpd[4104261-1] basedate set to 2022-01-13
30.09.2024 11:58:37.000: [I] ntpd[4104261-1] gps base set to 2022-01-16 (week 2193)
30.09.2024 11:58:37.000: [I] ntpd[4104261-1] switching logging to file /dev/logger/user
30.09.2024 11:58:42.000: [I] cron : started
30.09.2024 11:58:42.000: [I] cron : already running
01.10.2024 08:38:14.063: ********************************* POWER UP *********************************
01.10.2024 08:38:27.000: [I] cron : started
01.10.2024 08:38:28.000: [I] ntpd[4005946-1] ntpd 4.2.8p13@1.3847 Tue Jan 25 06:37:43 UTC 2022 (1): Starting
01.10.2024 08:38:28.000: [I] ntpd[4005946-1] Command line: ntpd -g -c /tmp/ntp_full.conf
01.10.2024 08:38:28.000: [E] ntpd[4083772-1] precise_time: Ok
01.10.2024 08:38:28.000: [I] ntpd[4083772-1] proto: precision = 0.512 usec (-21)
01.10.2024 08:38:28.000: [I] ntpd[4083772-1] basedate set to 2022-01-13
01.10.2024 08:38:28.000: [I] ntpd[4083772-1] gps base set to 2022-01-16 (week 2193)
01.10.2024 08:38:28.000: [I] ntpd[4083772-1] switching logging to file /dev/logger/user
01.10.2024 08:38:32.000: [I] cron : started
01.10.2024 08:38:32.000: [I] cron : already running
01.10.2024 08:40:05.070: ********************************* POWER UP *********************************
01.10.2024 08:40:19.000: [I] cron : started
01.10.2024 08:40:19.000: [I] ntpd[4034636-1] ntpd 4.2.8p13@1.3847 Tue Jan 25 06:37:43 UTC 2022 (1): Starting
01.10.2024 08:40:19.000: [I] ntpd[4034636-1] Command line: ntpd -g -c /tmp/ntp_full.conf
01.10.2024 08:40:19.000: [E] ntpd[4112445-1] precise_time: Ok
01.10.2024 08:40:19.000: [I] ntpd[4112445-1] proto: precision = 0.512 usec (-21)
01.10.2024 08:40:19.000: [I] ntpd[4112445-1] basedate set to 2022-01-13
01.10.2024 08:40:19.000: [I] ntpd[4112445-1] gps base set to 2022-01-16 (week 2193)
01.10.2024 08:40:19.000: [I] ntpd[4112445-1] switching logging to file /dev/logger/user
01.10.2024 08:40:24.000: [I] cron : started
01.10.2024 08:40:24.000: [I] cron : already running
01.10.2024 08:42:56.074: ********************************* POWER UP *********************************
01.10.2024 08:43:09.000: [I] cron : started
01.10.2024 08:43:09.000: [I] ntpd[4005953-1] ntpd 4.2.8p13@1.3847 Tue Jan 25 06:37:43 UTC 2022 (1): Starting
01.10.2024 08:43:09.000: [I] ntpd[4005953-1] Command line: ntpd -g -c /tmp/ntp_full.conf
01.10.2024 08:43:09.000: [E] ntpd[4071500-1] precise_time: Ok
01.10.2024 08:43:10.000: [I] ntpd[4071500-1] proto: precision = 0.512 usec (-21)
01.10.2024 08:43:10.000: [I] ntpd[4071500-1] basedate set to 2022-01-13
01.10.2024 08:43:10.000: [I] ntpd[4071500-1] gps base set to 2022-01-16 (week 2193)
01.10.2024 08:43:10.000: [I] ntpd[4071500-1] switching logging to file /dev/logger/user
01.10.2024 08:43:14.000: [I] cron : started
01.10.2024 08:43:14.000: [I] cron : already running
01.10.2024 12:18:07.000: [I] ntpd[186183756-1] ntpd 4.2.8p13@1.3847 Tue Jan 25 06:37:43 UTC 2022 (1): Starting
01.10.2024 12:18:07.000: [I] ntpd[186183756-1] Command line: ntpd -g -c /tmp/ntp_full.conf
01.10.2024 12:18:08.000: [E] ntpd[186187930-1] precise_time: Ok
01.10.2024 12:18:08.000: [I] ntpd[186187930-1] proto: precision = 0.512 usec (-21)
01.10.2024 12:18:08.000: [I] ntpd[186187930-1] basedate set to 2022-01-13
01.10.2024 12:18:08.000: [I] ntpd[186187930-1] gps base set to 2022-01-16 (week 2193)
01.10.2024 12:18:08.000: [I] ntpd[186187930-1] switching logging to file /dev/logger/user
01.10.2024 13:19:02.000: [I] ntpd[238829682-1] ntpd 4.2.8p13@1.3847 Tue Jan 25 06:37:43 UTC 2022 (1): Starting
01.10.2024 13:19:02.000: [I] ntpd[238829682-1] Command line: ntpd -g -c /tmp/ntp_full.conf
01.10.2024 13:19:02.000: [E] ntpd[238833818-1] precise_time: Ok
01.10.2024 13:19:02.000: [I] ntpd[238833818-1] proto: precision = 0.512 usec (-21)
01.10.2024 13:19:02.000: [I] ntpd[238833818-1] basedate set to 2022-01-13
01.10.2024 13:19:02.000: [I] ntpd[238833818-1] gps base set to 2022-01-16 (week 2193)
01.10.2024 13:19:02.000: [I] ntpd[238833818-1] switching logging to file /dev/logger/user
02.10.2024 15:51:23.070: ********************************* POWER UP *********************************
02.10.2024 15:51:36.000: [I] cron : started
02.10.2024 15:51:37.000: [I] ntpd[3997760-1] ntpd 4.2.8p13@1.3847 Tue Jan 25 06:37:43 UTC 2022 (1): Starting
02.10.2024 15:51:37.000: [I] ntpd[3997760-1] Command line: ntpd -g -c /tmp/ntp_full.conf
02.10.2024 15:51:37.000: [E] ntpd[4063316-1] precise_time: Ok
02.10.2024 15:51:37.000: [I] ntpd[4063316-1] proto: precision = 0.512 usec (-21)
02.10.2024 15:51:37.000: [I] ntpd[4063316-1] basedate set to 2022-01-13
02.10.2024 15:51:37.000: [I] ntpd[4063316-1] gps base set to 2022-01-16 (week 2193)
02.10.2024 15:51:37.000: [I] ntpd[4063316-1] switching logging to file /dev/logger/user
02.10.2024 15:51:39.000: [I] cron : started
02.10.2024 15:51:39.000: [I] cron : already running
03.10.2024 08:48:09.062: ********************************* POWER UP *********************************
03.10.2024 08:48:23.000: [I] cron : started
03.10.2024 08:48:23.000: [I] ntpd[4026449-1] ntpd 4.2.8p13@1.3847 Tue Jan 25 06:37:43 UTC 2022 (1): Starting
03.10.2024 08:48:23.000: [I] ntpd[4026449-1] Command line: ntpd -g -c /tmp/ntp_full.conf
03.10.2024 08:48:23.000: [E] ntpd[4096074-1] precise_time: Ok
03.10.2024 08:48:23.000: [I] ntpd[4096074-1] proto: precision = 0.512 usec (-21)
03.10.2024 08:48:23.000: [I] ntpd[4096074-1] basedate set to 2022-01-13
03.10.2024 08:48:23.000: [I] ntpd[4096074-1] gps base set to 2022-01-16 (week 2193)
03.10.2024 08:48:23.000: [I] ntpd[4096074-1] switching logging to file /dev/logger/user
03.10.2024 08:48:25.000: [I] cron : started
03.10.2024 08:48:25.000: [I] cron : already running
03.10.2024 12:22:34.000: [I] ntpd[184795210-1] ntpd 4.2.8p13@1.3847 Tue Jan 25 06:37:43 UTC 2022 (1): Starting
03.10.2024 12:22:34.000: [I] ntpd[184795210-1] Command line: ntpd -g -c /tmp/ntp_full.conf
03.10.2024 12:22:34.000: [E] ntpd[184799389-1] precise_time: Ok
03.10.2024 12:22:34.000: [I] ntpd[184799389-1] proto: precision = 0.512 usec (-21)
03.10.2024 12:22:34.000: [I] ntpd[184799389-1] basedate set to 2022-01-13
03.10.2024 12:22:34.000: [I] ntpd[184799389-1] gps base set to 2022-01-16 (week 2193)
03.10.2024 12:22:34.000: [I] ntpd[184799389-1] switching logging to file /dev/logger/user
03.10.2024 12:23:37.000: [I] ntpd[185749626-1] ntpd 4.2.8p13@1.3847 Tue Jan 25 06:37:43 UTC 2022 (1): Starting
03.10.2024 12:23:37.000: [I] ntpd[185749626-1] Command line: ntpd -g -c /tmp/ntp_full.conf
03.10.2024 12:23:37.000: [E] ntpd[185753757-1] precise_time: Ok
03.10.2024 12:23:37.000: [I] ntpd[185753757-1] proto: precision = 0.512 usec (-21)
03.10.2024 12:23:37.000: [I] ntpd[185753757-1] basedate set to 2022-01-13
03.10.2024 12:23:37.000: [I] ntpd[185753757-1] gps base set to 2022-01-16 (week 2193)
03.10.2024 12:23:37.000: [I] ntpd[185753757-1] switching logging to file /dev/logger/user
03.10.2024 12:23:38.000: [I] ntpd[185847930-1] ntpd 4.2.8p13@1.3847 Tue Jan 25 06:37:43 UTC 2022 (1): Starting
03.10.2024 12:23:38.000: [I] ntpd[185847930-1] Command line: ntpd -g -c /tmp/ntp_full.conf
03.10.2024 12:23:38.000: [E] ntpd[185852061-1] precise_time: Ok
03.10.2024 12:23:38.000: [I] ntpd[185852061-1] proto: precision = 0.512 usec (-21)
03.10.2024 12:23:38.000: [I] ntpd[185852061-1] basedate set to 2022-01-13
03.10.2024 12:23:38.000: [I] ntpd[185852061-1] gps base set to 2022-01-16 (week 2193)
03.10.2024 12:23:38.000: [I] ntpd[185852061-1] switching logging to file /dev/logger/user
03.10.2024 12:24:29.000: [I] ntpd[186630266-1] ntpd 4.2.8p13@1.3847 Tue Jan 25 06:37:43 UTC 2022 (1): Starting
03.10.2024 12:24:29.000: [I] ntpd[186630266-1] Command line: ntpd -g -c /tmp/ntp_full.conf
03.10.2024 12:24:29.000: [E] ntpd[186634397-1] precise_time: Ok
03.10.2024 12:24:29.000: [I] ntpd[186634397-1] proto: precision = 0.512 usec (-21)
03.10.2024 12:24:29.000: [I] ntpd[186634397-1] basedate set to 2022-01-13
03.10.2024 12:24:29.000: [I] ntpd[186634397-1] gps base set to 2022-01-16 (week 2193)
03.10.2024 12:24:29.000: [I] ntpd[186634397-1] switching logging to file /dev/logger/user
03.10.2024 12:31:38.000: [I] ntpd[192696442-1] ntpd 4.2.8p13@1.3847 Tue Jan 25 06:37:43 UTC 2022 (1): Starting
03.10.2024 12:31:38.000: [I] ntpd[192696442-1] Command line: ntpd -g -c /tmp/ntp_full.conf
03.10.2024 12:31:38.000: [E] ntpd[192700573-1] precise_time: Ok
03.10.2024 12:31:38.000: [I] ntpd[192700573-1] proto: precision = 0.512 usec (-21)
03.10.2024 12:31:38.000: [I] ntpd[192700573-1] basedate set to 2022-01-13
03.10.2024 12:31:38.000: [I] ntpd[192700573-1] gps base set to 2022-01-16 (week 2193)
03.10.2024 12:31:38.000: [I] ntpd[192700573-1] switching logging to file /dev/logger/user
04.10.2024 08:27:29.061: ********************************* POWER UP *********************************
04.10.2024 08:27:42.000: [I] cron : started
04.10.2024 08:27:42.000: [I] ntpd[3997754-1] ntpd 4.2.8p13@1.3847 Tue Jan 25 06:37:43 UTC 2022 (1): Starting
04.10.2024 08:27:42.000: [I] ntpd[3997754-1] Command line: ntpd -g -c /tmp/ntp_full.conf
04.10.2024 08:27:42.000: [E] ntpd[4075579-1] precise_time: Ok
04.10.2024 08:27:43.000: [I] ntpd[4075579-1] proto: precision = 0.512 usec (-21)
04.10.2024 08:27:43.000: [I] ntpd[4075579-1] basedate set to 2022-01-13
04.10.2024 08:27:43.000: [I] ntpd[4075579-1] gps base set to 2022-01-16 (week 2193)
04.10.2024 08:27:43.000: [I] ntpd[4075579-1] switching logging to file /dev/logger/user
04.10.2024 08:27:44.000: [I] cron : started
04.10.2024 08:27:44.000: [I] cron : already running
