25.04.2024 04:58:50.973: ================================================NEW LOG SESSION===================================================
25.04.2024 04:58:52.466: port30 link: 0 -> 1
                         port30 media_rate: 0 -> 1000 
                         port40 link: 0 -> 1
                         port40 media_rate: 0 -> 1000 
                         port50 link: 0 -> 1
                         port50 media_rate: 0 -> 1000 
                         port60 link: 0 -> 1
                         port60 media_rate: 0 -> 1000 
                           tap0 link: 0 -> 1
                           tap0 media_rate: 0 -> 100 
25.04.2024 04:58:52.577: ecatbus0 link: 0 -> 1
                       ecatbus0 media_rate: 0 -> 100 
08.05.2024 08:13:28.443: ================================================NEW LOG SESSION===================================================
08.05.2024 08:13:29.843: port50 link: 0 -> 1
                         port50 media_rate: 0 -> 100 
                           tap0 link: 0 -> 1
                           tap0 media_rate: 0 -> 100 
08.05.2024 08:13:29.878: ecatbus0 link: 0 -> 1
                       ecatbus0 media_rate: 0 -> 100 
13.05.2024 04:26:36.771: ================================================NEW LOG SESSION===================================================
13.05.2024 04:26:38.124: port50 link: 0 -> 1
                         port50 media_rate: 0 -> 100 
                           tap0 link: 0 -> 1
                           tap0 media_rate: 0 -> 100 
13.05.2024 04:26:38.356: ecatbus0 link: 0 -> 1
                       ecatbus0 media_rate: 0 -> 100 
13.05.2024 04:48:49.816: ================================================NEW LOG SESSION===================================================
13.05.2024 04:48:51.154: port50 link: 0 -> 1
                         port50 media_rate: 0 -> 100 
                           tap0 link: 0 -> 1
                           tap0 media_rate: 0 -> 100 
13.05.2024 04:48:51.415: ecatbus0 link: 0 -> 1
                       ecatbus0 media_rate: 0 -> 100 
13.05.2024 04:55:15.343: ================================================END LOG SESSION===================================================
13.05.2024 04:56:19.738: ================================================NEW LOG SESSION===================================================
13.05.2024 04:56:21.097: port50 link: 0 -> 1
                         port50 media_rate: 0 -> 100 
                           tap0 link: 0 -> 1
                           tap0 media_rate: 0 -> 100 
13.05.2024 04:56:21.179: ecatbus0 link: 0 -> 1
                       ecatbus0 media_rate: 0 -> 100 
13.05.2024 05:29:31.795: ================================================NEW LOG SESSION===================================================
13.05.2024 05:29:33.160: port50 link: 0 -> 1
                         port50 media_rate: 0 -> 100 
                           tap0 link: 0 -> 1
                           tap0 media_rate: 0 -> 100 
13.05.2024 05:29:33.257: ecatbus0 link: 0 -> 1
                       ecatbus0 media_rate: 0 -> 100 
13.05.2024 05:59:53.881: ================================================NEW LOG SESSION===================================================
13.05.2024 05:59:55.149: ecatbus0 link: 0 -> 1
                       ecatbus0 media_rate: 0 -> 100 
13.05.2024 05:59:55.232: port50 link: 0 -> 1
                         port50 media_rate: 0 -> 100 
                           tap0 link: 0 -> 1
                           tap0 media_rate: 0 -> 100 
13.05.2024 06:30:44.908: ================================================NEW LOG SESSION===================================================
13.05.2024 06:30:46.244: port50 link: 0 -> 1
                         port50 media_rate: 0 -> 100 
                           tap0 link: 0 -> 1
                           tap0 media_rate: 0 -> 100 
13.05.2024 06:30:46.438: ecatbus0 link: 0 -> 1
                       ecatbus0 media_rate: 0 -> 100 
14.05.2024 03:58:05.178: port30 link: 0 -> 1
                         port30 media_rate: 0 -> 1000 
14.05.2024 03:58:29.222: port40 link: 0 -> 1
                         port40 media_rate: 0 -> 1000 
14.05.2024 04:00:14.913: ================================================NEW LOG SESSION===================================================
14.05.2024 04:00:16.207: ecatbus0 link: 0 -> 1
                       ecatbus0 media_rate: 0 -> 100 
14.05.2024 04:00:16.261: port30 link: 0 -> 1
                         port30 media_rate: 0 -> 1000 
                         port40 link: 0 -> 1
                         port40 media_rate: 0 -> 1000 
14.05.2024 04:00:16.292: port50 link: 0 -> 1
                         port50 media_rate: 0 -> 100 
                           tap0 link: 0 -> 1
                           tap0 media_rate: 0 -> 100 
14.05.2024 04:13:11.657: ================================================NEW LOG SESSION===================================================
14.05.2024 04:13:13.013: port30 link: 0 -> 1
                         port30 media_rate: 0 -> 1000 
                         port40 link: 0 -> 1
                         port40 media_rate: 0 -> 1000 
14.05.2024 04:13:13.025: ecatbus0 link: 0 -> 1
                       ecatbus0 media_rate: 0 -> 100 
14.05.2024 04:13:13.079: port50 link: 0 -> 1
                         port50 media_rate: 0 -> 100 
                           tap0 link: 0 -> 1
                           tap0 media_rate: 0 -> 100 
14.05.2024 04:26:46.850: ================================================NEW LOG SESSION===================================================
14.05.2024 04:26:48.192: port40 link: 0 -> 1
                         port40 media_rate: 0 -> 1000 
                         port50 link: 0 -> 1
                         port50 media_rate: 0 -> 100 
                           tap0 link: 0 -> 1
                           tap0 media_rate: 0 -> 100 
14.05.2024 04:26:48.215: port30 link: 0 -> 1
                         port30 media_rate: 0 -> 1000 
14.05.2024 04:26:48.289: ecatbus0 link: 0 -> 1
                       ecatbus0 media_rate: 0 -> 100 
14.05.2024 04:52:45.616: port60 link: 0 -> 1
                         port60 media_rate: 0 -> 1000 
14.05.2024 06:29:45.407: ================================================END LOG SESSION===================================================
14.05.2024 06:30:29.445: ================================================NEW LOG SESSION===================================================
14.05.2024 06:30:30.777: port40 link: 0 -> 1
                         port40 media_rate: 0 -> 1000 
                         port50 link: 0 -> 1
                         port50 media_rate: 0 -> 100 
                           tap0 link: 0 -> 1
                           tap0 media_rate: 0 -> 100 
14.05.2024 06:30:30.903: port30 link: 0 -> 1
                         port30 media_rate: 0 -> 1000 
                         port60 link: 0 -> 1
                         port60 media_rate: 0 -> 1000 
14.05.2024 06:30:31.041: ecatbus0 link: 0 -> 1
                       ecatbus0 media_rate: 0 -> 100 
14.05.2024 06:30:48.939: port60 link: 1 -> 0
                         port60 media_rate: 1000 -> 0 
14.05.2024 06:30:51.947: port60 link: 0 -> 1
                         port60 media_rate: 0 -> 1000 
14.05.2024 06:51:16.732: ================================================NEW LOG SESSION===================================================
14.05.2024 06:51:18.062: port40 link: 0 -> 1
                         port40 media_rate: 0 -> 1000 
                         port50 link: 0 -> 1
                         port50 media_rate: 0 -> 100 
                           tap0 link: 0 -> 1
                           tap0 media_rate: 0 -> 100 
14.05.2024 06:51:18.113: port30 link: 0 -> 1
                         port30 media_rate: 0 -> 1000 
                         port60 link: 0 -> 1
                         port60 media_rate: 0 -> 1000 
14.05.2024 06:51:18.352: ecatbus0 link: 0 -> 1
                       ecatbus0 media_rate: 0 -> 100 
14.05.2024 07:31:55.633: ================================================NEW LOG SESSION===================================================
14.05.2024 07:31:56.979: port40 link: 0 -> 1
                         port40 media_rate: 0 -> 1000 
                         port50 link: 0 -> 1
                         port50 media_rate: 0 -> 100 
                           tap0 link: 0 -> 1
                           tap0 media_rate: 0 -> 100 
14.05.2024 07:31:57.045: port30 link: 0 -> 1
                         port30 media_rate: 0 -> 1000 
14.05.2024 07:31:57.194: ecatbus0 link: 0 -> 1
                       ecatbus0 media_rate: 0 -> 100 
14.05.2024 07:31:58.047: port60 link: 0 -> 1
                         port60 media_rate: 0 -> 1000 
14.05.2024 08:13:20.656: ================================================NEW LOG SESSION===================================================
14.05.2024 08:13:21.972: port30 link: 0 -> 1
                         port30 media_rate: 0 -> 1000 
                         port40 link: 0 -> 1
                         port40 media_rate: 0 -> 1000 
                         port50 link: 0 -> 1
                         port50 media_rate: 0 -> 100 
                           tap0 link: 0 -> 1
                           tap0 media_rate: 0 -> 100 
14.05.2024 08:13:22.068: ecatbus0 link: 0 -> 1
                       ecatbus0 media_rate: 0 -> 100 
14.05.2024 08:13:22.989: port60 link: 0 -> 1
                         port60 media_rate: 0 -> 1000 
14.05.2024 09:00:08.826: ================================================NEW LOG SESSION===================================================
14.05.2024 09:00:10.185: port30 link: 0 -> 1
                         port30 media_rate: 0 -> 1000 
                         port40 link: 0 -> 1
                         port40 media_rate: 0 -> 1000 
                         port50 link: 0 -> 1
                         port50 media_rate: 0 -> 100 
                           tap0 link: 0 -> 1
                           tap0 media_rate: 0 -> 100 
14.05.2024 09:00:10.331: ecatbus0 link: 0 -> 1
                       ecatbus0 media_rate: 0 -> 100 
14.05.2024 09:00:13.195: port60 link: 0 -> 1
                         port60 media_rate: 0 -> 1000 
14.05.2024 09:15:38.046: ================================================NEW LOG SESSION===================================================
14.05.2024 09:15:39.410: port30 link: 0 -> 1
                         port30 media_rate: 0 -> 1000 
                         port40 link: 0 -> 1
                         port40 media_rate: 0 -> 1000 
                         port50 link: 0 -> 1
                         port50 media_rate: 0 -> 100 
                           tap0 link: 0 -> 1
                           tap0 media_rate: 0 -> 100 
14.05.2024 09:15:39.474: port60 link: 0 -> 1
                         port60 media_rate: 0 -> 1000 
14.05.2024 09:15:39.694: ecatbus0 link: 0 -> 1
                       ecatbus0 media_rate: 0 -> 100 
14.05.2024 09:15:41.480: port60 link: 1 -> 0
                         port60 media_rate: 1000 -> 0 
14.05.2024 09:15:44.485: port60 link: 0 -> 1
                         port60 media_rate: 0 -> 1000 
14.05.2024 09:37:54.015: ================================================NEW LOG SESSION===================================================
14.05.2024 09:37:55.379: port30 link: 0 -> 1
                         port30 media_rate: 0 -> 1000 
                         port40 link: 0 -> 1
                         port40 media_rate: 0 -> 1000 
                         port50 link: 0 -> 1
                         port50 media_rate: 0 -> 100 
                           tap0 link: 0 -> 1
                           tap0 media_rate: 0 -> 100 
14.05.2024 09:37:55.532: ecatbus0 link: 0 -> 1
                       ecatbus0 media_rate: 0 -> 100 
14.05.2024 09:37:58.377: port60 link: 0 -> 1
                         port60 media_rate: 0 -> 1000 
14.05.2024 10:02:23.206: ================================================NEW LOG SESSION===================================================
14.05.2024 10:02:24.556: port30 link: 0 -> 1
                         port30 media_rate: 0 -> 1000 
                         port40 link: 0 -> 1
                         port40 media_rate: 0 -> 1000 
                         port50 link: 0 -> 1
                         port50 media_rate: 0 -> 100 
                           tap0 link: 0 -> 1
                           tap0 media_rate: 0 -> 100 
14.05.2024 10:02:24.589: port60 link: 0 -> 1
                         port60 media_rate: 0 -> 1000 
14.05.2024 10:02:24.717: ecatbus0 link: 0 -> 1
                       ecatbus0 media_rate: 0 -> 100 
14.05.2024 10:02:25.592: port60 link: 1 -> 0
                         port60 media_rate: 1000 -> 0 
14.05.2024 10:02:28.599: port60 link: 0 -> 1
                         port60 media_rate: 0 -> 1000 
14.05.2024 10:39:19.138: ================================================END LOG SESSION===================================================
14.05.2024 10:40:03.257: ================================================NEW LOG SESSION===================================================
14.05.2024 10:40:04.641: port30 link: 0 -> 1
                         port30 media_rate: 0 -> 1000 
                         port40 link: 0 -> 1
                         port40 media_rate: 0 -> 1000 
                         port50 link: 0 -> 1
                         port50 media_rate: 0 -> 100 
                           tap0 link: 0 -> 1
                           tap0 media_rate: 0 -> 100 
14.05.2024 10:40:04.673: port60 link: 0 -> 1
                         port60 media_rate: 0 -> 1000 
14.05.2024 10:40:04.781: ecatbus0 link: 0 -> 1
                       ecatbus0 media_rate: 0 -> 100 
14.05.2024 10:47:35.582: port60 link: 1 -> 0
                         port60 media_rate: 1000 -> 0 
14.05.2024 10:47:38.588: port60 link: 0 -> 1
                         port60 media_rate: 0 -> 10 
14.05.2024 10:47:41.594: port60 link: 1 -> 0
                         port60 media_rate: 10 -> 0 
14.05.2024 10:47:44.600: port60 link: 0 -> 1
                         port60 media_rate: 0 -> 1000 
14.05.2024 10:47:46.604: port60 link: 1 -> 0
                         port60 media_rate: 1000 -> 0 
14.05.2024 10:47:49.611: port60 link: 0 -> 1
                         port60 media_rate: 0 -> 1000 
14.05.2024 10:48:14.661: port60 link: 1 -> 0
                         port60 media_rate: 1000 -> 0 
14.05.2024 10:48:17.668: port60 link: 0 -> 1
                         port60 media_rate: 0 -> 1000 
15.05.2024 04:59:51.876: port60 link: 1 -> 0
                         port60 media_rate: 1000 -> 0 
15.05.2024 04:59:53.881: port60 link: 0 -> 1
                         port60 media_rate: 0 -> 10 
15.05.2024 04:59:56.887: port60 link: 1 -> 0
                         port60 media_rate: 10 -> 0 
15.05.2024 04:59:59.892: port60 link: 0 -> 1
                         port60 media_rate: 0 -> 1000 
15.05.2024 05:00:01.896: port60 link: 1 -> 0
                         port60 media_rate: 1000 -> 0 
15.05.2024 05:00:04.901: port60 link: 0 -> 1
                         port60 media_rate: 0 -> 1000 
15.05.2024 05:00:28.948: port60 link: 1 -> 0
                         port60 media_rate: 1000 -> 0 
15.05.2024 05:00:31.953: port60 link: 0 -> 1
                         port60 media_rate: 0 -> 1000 
15.05.2024 05:26:24.727: ================================================NEW LOG SESSION===================================================
15.05.2024 05:26:26.115: port30 link: 0 -> 1
                         port30 media_rate: 0 -> 1000 
                         port40 link: 0 -> 1
                         port40 media_rate: 0 -> 1000 
                         port50 link: 0 -> 1
                         port50 media_rate: 0 -> 100 
                           tap0 link: 0 -> 1
                           tap0 media_rate: 0 -> 100 
15.05.2024 05:26:26.209: ecatbus0 link: 0 -> 1
                       ecatbus0 media_rate: 0 -> 100 
15.05.2024 05:26:26.957: port60 link: 0 -> 1
                         port60 media_rate: 0 -> 1000 
15.05.2024 05:45:03.565: ================================================NEW LOG SESSION===================================================
15.05.2024 05:45:04.782: port60 link: 0 -> 1
                         port60 media_rate: 0 -> 1000 
15.05.2024 05:45:04.979: port30 link: 0 -> 1
                         port30 media_rate: 0 -> 1000 
                         port40 link: 0 -> 1
                         port40 media_rate: 0 -> 1000 
                         port50 link: 0 -> 1
                         port50 media_rate: 0 -> 100 
                           tap0 link: 0 -> 1
                           tap0 media_rate: 0 -> 100 
15.05.2024 05:45:05.031: ecatbus0 link: 0 -> 1
                       ecatbus0 media_rate: 0 -> 100 
15.05.2024 07:36:38.480: ================================================NEW LOG SESSION===================================================
15.05.2024 07:36:39.888: port30 link: 0 -> 1
                         port30 media_rate: 0 -> 1000 
                         port40 link: 0 -> 1
                         port40 media_rate: 0 -> 1000 
                         port50 link: 0 -> 1
                         port50 media_rate: 0 -> 100 
                           tap0 link: 0 -> 1
                           tap0 media_rate: 0 -> 100 
15.05.2024 07:36:40.005: ecatbus0 link: 0 -> 1
                       ecatbus0 media_rate: 0 -> 100 
15.05.2024 08:41:28.558: ================================================NEW LOG SESSION===================================================
15.05.2024 08:41:30.170: port50 link: 0 -> 1
                         port50 media_rate: 0 -> 100 
                           tap0 link: 0 -> 1
                           tap0 media_rate: 0 -> 100 
15.05.2024 08:41:30.374: ecatbus0 link: 0 -> 1
                       ecatbus0 media_rate: 0 -> 100 
15.05.2024 08:41:30.422: port30 link: 0 -> 1
                         port30 media_rate: 0 -> 1000 
                         port40 link: 0 -> 1
                         port40 media_rate: 0 -> 1000 
15.05.2024 08:49:10.672: ================================================NEW LOG SESSION===================================================
15.05.2024 08:49:12.006: port50 link: 0 -> 1
                         port50 media_rate: 0 -> 100 
                           tap0 link: 0 -> 1
                           tap0 media_rate: 0 -> 100 
15.05.2024 08:49:12.082: port30 link: 0 -> 1
                         port30 media_rate: 0 -> 1000 
                         port40 link: 0 -> 1
                         port40 media_rate: 0 -> 1000 
15.05.2024 08:49:12.236: ecatbus0 link: 0 -> 1
                       ecatbus0 media_rate: 0 -> 100 
15.05.2024 10:59:16.025: ================================================NEW LOG SESSION===================================================
15.05.2024 10:59:17.303: ecatbus0 link: 0 -> 1
                       ecatbus0 media_rate: 0 -> 100 
15.05.2024 10:59:17.340: port30 link: 0 -> 1
                         port30 media_rate: 0 -> 1000 
                         port40 link: 0 -> 1
                         port40 media_rate: 0 -> 1000 
15.05.2024 10:59:17.389: port50 link: 0 -> 1
                         port50 media_rate: 0 -> 100 
                           tap0 link: 0 -> 1
                           tap0 media_rate: 0 -> 100 
16.05.2024 10:47:07.946: ================================================NEW LOG SESSION===================================================
16.05.2024 10:47:09.221: ecatbus0 link: 0 -> 1
                       ecatbus0 media_rate: 0 -> 100 
16.05.2024 10:47:09.279: port30 link: 0 -> 1
                         port30 media_rate: 0 -> 1000 
                         port40 link: 0 -> 1
                         port40 media_rate: 0 -> 1000 
16.05.2024 10:47:09.329: port50 link: 0 -> 1
                         port50 media_rate: 0 -> 100 
                           tap0 link: 0 -> 1
                           tap0 media_rate: 0 -> 100 
16.05.2024 13:23:16.169: ================================================END LOG SESSION===================================================
16.05.2024 13:24:02.683: ================================================NEW LOG SESSION===================================================
16.05.2024 13:24:03.999: port30 link: 0 -> 1
                         port30 media_rate: 0 -> 1000 
                         port40 link: 0 -> 1
                         port40 media_rate: 0 -> 1000 
16.05.2024 13:24:04.025: port50 link: 0 -> 1
                         port50 media_rate: 0 -> 100 
                           tap0 link: 0 -> 1
                           tap0 media_rate: 0 -> 100 
16.05.2024 13:24:04.184: ecatbus0 link: 0 -> 1
                       ecatbus0 media_rate: 0 -> 100 
20.05.2024 05:27:26.663: ================================================NEW LOG SESSION===================================================
20.05.2024 05:27:27.971: port30 link: 0 -> 1
                         port30 media_rate: 0 -> 1000 
                         port40 link: 0 -> 1
                         port40 media_rate: 0 -> 1000 
20.05.2024 05:27:28.017: port50 link: 0 -> 1
                         port50 media_rate: 0 -> 100 
                           tap0 link: 0 -> 1
                           tap0 media_rate: 0 -> 100 
20.05.2024 05:27:28.130: ecatbus0 link: 0 -> 1
                       ecatbus0 media_rate: 0 -> 100 
20.05.2024 07:31:56.007: ================================================NEW LOG SESSION===================================================
20.05.2024 07:31:57.290: ecatbus0 link: 0 -> 1
                       ecatbus0 media_rate: 0 -> 100 
20.05.2024 07:31:57.330: port30 link: 0 -> 1
                         port30 media_rate: 0 -> 1000 
                         port40 link: 0 -> 1
                         port40 media_rate: 0 -> 1000 
20.05.2024 07:31:57.383: port50 link: 0 -> 1
                         port50 media_rate: 0 -> 100 
                           tap0 link: 0 -> 1
                           tap0 media_rate: 0 -> 100 
20.05.2024 10:44:26.673: ================================================NEW LOG SESSION===================================================
20.05.2024 10:44:28.010: port30 link: 0 -> 1
                         port30 media_rate: 0 -> 1000 
                         port40 link: 0 -> 1
                         port40 media_rate: 0 -> 1000 
20.05.2024 10:44:28.070: port50 link: 0 -> 1
                         port50 media_rate: 0 -> 100 
                           tap0 link: 0 -> 1
                           tap0 media_rate: 0 -> 100 
20.05.2024 10:44:28.106: ecatbus0 link: 0 -> 1
                       ecatbus0 media_rate: 0 -> 100 
04.09.2024 09:52:24.165: ================================================NEW LOG SESSION===================================================
04.09.2024 09:52:25.713: tap0 link: 0 -> 1
                           tap0 media_rate: 0 -> 100 
04.09.2024 09:52:26.006: ecatbus0 link: 0 -> 1
                       ecatbus0 media_rate: 0 -> 100 
04.09.2024 09:52:26.008: port30 link: 0 -> 1
                         port30 media_rate: 0 -> 1000 
                         port40 link: 0 -> 1
                         port40 media_rate: 0 -> 1000 
05.09.2024 04:52:27.947: ================================================NEW LOG SESSION===================================================
05.09.2024 04:52:29.216: ecatbus0 link: 0 -> 1
                       ecatbus0 media_rate: 0 -> 100 
05.09.2024 04:52:29.264: port30 link: 0 -> 1
                         port30 media_rate: 0 -> 1000 
                         port40 link: 0 -> 1
                         port40 media_rate: 0 -> 1000 
05.09.2024 04:52:29.300: tap0 link: 0 -> 1
                           tap0 media_rate: 0 -> 100 
09.09.2024 10:29:25.895: ================================================NEW LOG SESSION===================================================
09.09.2024 10:29:27.216: port30 link: 0 -> 1
                         port30 media_rate: 0 -> 1000 
                         port40 link: 0 -> 1
                         port40 media_rate: 0 -> 1000 
09.09.2024 10:29:27.229: tap0 link: 0 -> 1
                           tap0 media_rate: 0 -> 100 
09.09.2024 10:29:27.403: ecatbus0 link: 0 -> 1
                       ecatbus0 media_rate: 0 -> 100 
09.09.2024 11:07:33.073: port30 link: 1 -> 0
                         port30 media_rate: 1000 -> 0 
09.09.2024 11:07:34.076: port30 link: 0 -> 1
                         port30 media_rate: 0 -> 1000 
09.09.2024 11:14:59.402: port30 link: 1 -> 0
                         port30 media_rate: 1000 -> 0 
09.09.2024 11:15:00.404: port30 link: 0 -> 1
                         port30 media_rate: 0 -> 1000 
09.09.2024 11:27:24.883: port50 link: 0 -> 1
                         port50 media_rate: 0 -> 100 
                         port60 link: 0 -> 1
                         port60 media_rate: 0 -> 100 
09.09.2024 11:37:46.064: port50 link: 1 -> 0
                         port50 media_rate: 100 -> 0 
09.09.2024 11:42:37.617: port60 link: 1 -> 0
                         port60 media_rate: 100 -> 0 
09.09.2024 11:42:46.634: port60 link: 0 -> 1
                         port60 media_rate: 0 -> 100 
09.09.2024 11:43:42.745: port60 link: 1 -> 0
                         port60 media_rate: 100 -> 0 
09.09.2024 11:43:44.749: port50 link: 0 -> 1
                         port50 media_rate: 0 -> 100 
09.09.2024 11:51:45.028: port50 link: 1 -> 0
                         port50 media_rate: 100 -> 0 
09.09.2024 11:51:47.032: port60 link: 0 -> 1
                         port60 media_rate: 0 -> 100 
09.09.2024 11:51:49.035: port60 link: 1 -> 0
                         port60 media_rate: 100 -> 0 
09.09.2024 11:51:57.051: port60 link: 0 -> 1
                         port60 media_rate: 0 -> 100 
09.09.2024 11:52:07.071: port50 link: 0 -> 1
                         port50 media_rate: 0 -> 100 
09.09.2024 12:31:18.765: ================================================NEW LOG SESSION===================================================
09.09.2024 12:31:20.072: port50 link: 0 -> 1
                         port50 media_rate: 0 -> 100 
                         port60 link: 0 -> 1
                         port60 media_rate: 0 -> 100 
                           tap0 link: 0 -> 1
                           tap0 media_rate: 0 -> 100 
09.09.2024 12:31:20.213: port30 link: 0 -> 1
                         port30 media_rate: 0 -> 1000 
                         port40 link: 0 -> 1
                         port40 media_rate: 0 -> 1000 
09.09.2024 12:31:20.247: ecatbus0 link: 0 -> 1
                       ecatbus0 media_rate: 0 -> 100 
09.09.2024 13:08:18.934: port30 link: 1 -> 0
                         port30 media_rate: 1000 -> 0 
09.09.2024 13:08:26.955: port30 link: 0 -> 1
                         port30 media_rate: 0 -> 1000 
09.09.2024 13:08:37.985: port30 link: 1 -> 0
                         port30 media_rate: 1000 -> 0 
09.09.2024 13:08:46.004: port30 link: 0 -> 1
                         port30 media_rate: 0 -> 1000 
09.09.2024 13:08:49.014: port30 link: 1 -> 0
                         port30 media_rate: 1000 -> 0 
10.09.2024 04:37:46.720: ================================================NEW LOG SESSION===================================================
10.09.2024 04:37:48.045: port30 link: 0 -> 1
                         port30 media_rate: 0 -> 1000 
                         port40 link: 0 -> 1
                         port40 media_rate: 0 -> 1000 
10.09.2024 04:37:48.063: ecatbus0 link: 0 -> 1
                       ecatbus0 media_rate: 0 -> 100 
10.09.2024 04:37:48.124: port50 link: 0 -> 1
                         port50 media_rate: 0 -> 100 
                         port60 link: 0 -> 1
                         port60 media_rate: 0 -> 100 
                           tap0 link: 0 -> 1
                           tap0 media_rate: 0 -> 100 
10.09.2024 05:31:28.287: port60 link: 1 -> 0
                         port60 media_rate: 100 -> 0 
11.09.2024 04:42:37.055: ================================================NEW LOG SESSION===================================================
11.09.2024 04:42:38.374: port30 link: 0 -> 1
                         port30 media_rate: 0 -> 1000 
                         port40 link: 0 -> 1
                         port40 media_rate: 0 -> 1000 
11.09.2024 04:42:38.396: port50 link: 0 -> 1
                         port50 media_rate: 0 -> 100 
                           tap0 link: 0 -> 1
                           tap0 media_rate: 0 -> 100 
11.09.2024 04:42:38.545: ecatbus0 link: 0 -> 1
                       ecatbus0 media_rate: 0 -> 100 
11.09.2024 08:22:23.641: port60 link: 0 -> 1
                         port60 media_rate: 0 -> 100 
11.09.2024 12:10:51.258: port30 link: 1 -> 0
                         port30 media_rate: 1000 -> 0 
11.09.2024 12:10:52.260: port30 link: 0 -> 1
                         port30 media_rate: 0 -> 1000 
11.09.2024 12:11:03.302: port30 link: 1 -> 0
                         port30 media_rate: 1000 -> 0 
11.09.2024 12:11:04.306: port30 link: 0 -> 1
                         port30 media_rate: 0 -> 1000 
11.09.2024 12:18:53.769: port30 link: 1 -> 0
                         port30 media_rate: 1000 -> 0 
11.09.2024 12:19:01.790: port30 link: 0 -> 1
                         port30 media_rate: 0 -> 1000 
11.09.2024 12:19:03.797: port30 link: 1 -> 0
                         port30 media_rate: 1000 -> 0 
12.09.2024 04:38:04.915: ================================================NEW LOG SESSION===================================================
12.09.2024 04:38:06.226: port30 link: 0 -> 1
                         port30 media_rate: 0 -> 1000 
                         port40 link: 0 -> 1
                         port40 media_rate: 0 -> 1000 
12.09.2024 04:38:06.262: port50 link: 0 -> 1
                         port50 media_rate: 0 -> 100 
                         port60 link: 0 -> 1
                         port60 media_rate: 0 -> 100 
                           tap0 link: 0 -> 1
                           tap0 media_rate: 0 -> 100 
12.09.2024 04:38:06.401: ecatbus0 link: 0 -> 1
                       ecatbus0 media_rate: 0 -> 100 
12.09.2024 04:52:18.934: port30 link: 1 -> 0
                         port30 media_rate: 1000 -> 0 
12.09.2024 04:52:19.937: port30 link: 0 -> 1
                         port30 media_rate: 0 -> 1000 
13.09.2024 04:52:38.136: ================================================NEW LOG SESSION===================================================
13.09.2024 04:52:39.482: port30 link: 0 -> 1
                         port30 media_rate: 0 -> 1000 
                         port40 link: 0 -> 1
                         port40 media_rate: 0 -> 1000 
13.09.2024 04:52:39.497: port50 link: 0 -> 1
                         port50 media_rate: 0 -> 100 
                         port60 link: 0 -> 1
                         port60 media_rate: 0 -> 100 
                           tap0 link: 0 -> 1
                           tap0 media_rate: 0 -> 100 
13.09.2024 04:52:39.639: ecatbus0 link: 0 -> 1
                       ecatbus0 media_rate: 0 -> 100 
13.09.2024 05:19:31.181: port30 link: 1 -> 0
                         port30 media_rate: 1000 -> 0 
13.09.2024 05:19:42.230: port30 link: 0 -> 1
                         port30 media_rate: 0 -> 1000 
13.09.2024 05:21:25.574: port30 link: 1 -> 0
                         port30 media_rate: 1000 -> 0 
13.09.2024 05:21:26.577: port30 link: 0 -> 1
                         port30 media_rate: 0 -> 1000 
17.09.2024 04:32:02.757: ================================================NEW LOG SESSION===================================================
17.09.2024 04:32:04.046: port50 link: 0 -> 1
                         port50 media_rate: 0 -> 100 
                         port60 link: 0 -> 1
                         port60 media_rate: 0 -> 100 
                           tap0 link: 0 -> 1
                           tap0 media_rate: 0 -> 100 
17.09.2024 04:32:04.073: port30 link: 0 -> 1
                         port30 media_rate: 0 -> 1000 
                         port40 link: 0 -> 1
                         port40 media_rate: 0 -> 1000 
17.09.2024 04:32:04.251: ecatbus0 link: 0 -> 1
                       ecatbus0 media_rate: 0 -> 100 
17.09.2024 04:47:30.944: port30 link: 1 -> 0
                         port30 media_rate: 1000 -> 0 
17.09.2024 04:47:31.948: port30 link: 0 -> 1
                         port30 media_rate: 0 -> 1000 
17.09.2024 04:48:54.197: port30 link: 1 -> 0
                         port30 media_rate: 1000 -> 0 
17.09.2024 04:48:55.202: port30 link: 0 -> 1
                         port30 media_rate: 0 -> 1000 
17.09.2024 04:52:08.774: port30 link: 1 -> 0
                         port30 media_rate: 1000 -> 0 
17.09.2024 04:52:16.791: port30 link: 0 -> 1
                         port30 media_rate: 0 -> 1000 
17.09.2024 05:23:32.639: port30 link: 1 -> 0
                         port30 media_rate: 1000 -> 0 
17.09.2024 10:31:41.271: port30 link: 0 -> 1
                         port30 media_rate: 0 -> 1000 
17.09.2024 10:31:45.280: port30 link: 1 -> 0
                         port30 media_rate: 1000 -> 0 
17.09.2024 10:31:48.287: port30 link: 0 -> 1
                         port30 media_rate: 0 -> 1000 
17.09.2024 10:31:51.295: port30 link: 1 -> 0
                         port30 media_rate: 1000 -> 0 
17.09.2024 10:32:47.417: port30 link: 0 -> 1
                         port30 media_rate: 0 -> 1000 
17.09.2024 10:32:49.422: port30 link: 1 -> 0
                         port30 media_rate: 1000 -> 0 
17.09.2024 10:32:52.429: port30 link: 0 -> 1
                         port30 media_rate: 0 -> 1000 
17.09.2024 10:32:55.435: port30 link: 1 -> 0
                         port30 media_rate: 1000 -> 0 
17.09.2024 10:34:05.595: port30 link: 0 -> 1
                         port30 media_rate: 0 -> 1000 
17.09.2024 10:34:27.644: port30 link: 1 -> 0
                         port30 media_rate: 1000 -> 0 
17.09.2024 10:34:30.652: port30 link: 0 -> 1
                         port30 media_rate: 0 -> 1000 
18.09.2024 04:38:33.889: ================================================NEW LOG SESSION===================================================
18.09.2024 04:38:35.180: port30 link: 0 -> 1
                         port30 media_rate: 0 -> 1000 
                         port40 link: 0 -> 1
                         port40 media_rate: 0 -> 1000 
18.09.2024 04:38:35.233: port50 link: 0 -> 1
                         port50 media_rate: 0 -> 100 
                         port60 link: 0 -> 1
                         port60 media_rate: 0 -> 100 
                           tap0 link: 0 -> 1
                           tap0 media_rate: 0 -> 100 
18.09.2024 04:38:35.328: ecatbus0 link: 0 -> 1
                       ecatbus0 media_rate: 0 -> 100 
19.09.2024 04:38:24.728: ================================================NEW LOG SESSION===================================================
19.09.2024 04:38:26.071: port50 link: 0 -> 1
                         port50 media_rate: 0 -> 100 
                         port60 link: 0 -> 1
                         port60 media_rate: 0 -> 100 
                           tap0 link: 0 -> 1
                           tap0 media_rate: 0 -> 100 
19.09.2024 04:38:26.164: port30 link: 0 -> 1
                         port30 media_rate: 0 -> 1000 
                         port40 link: 0 -> 1
                         port40 media_rate: 0 -> 1000 
19.09.2024 04:38:26.318: ecatbus0 link: 0 -> 1
                       ecatbus0 media_rate: 0 -> 100 
19.09.2024 04:46:59.864: port40 link: 1 -> 0
                         port40 media_rate: 1000 -> 0 
19.09.2024 04:47:00.867: port40 link: 0 -> 1
                         port40 media_rate: 0 -> 1000 
20.09.2024 04:43:31.897: ================================================NEW LOG SESSION===================================================
20.09.2024 04:43:33.208: port50 link: 0 -> 1
                         port50 media_rate: 0 -> 100 
                         port60 link: 0 -> 1
                         port60 media_rate: 0 -> 100 
                           tap0 link: 0 -> 1
                           tap0 media_rate: 0 -> 100 
20.09.2024 04:43:33.386: port30 link: 0 -> 1
                         port30 media_rate: 0 -> 1000 
                         port40 link: 0 -> 1
                         port40 media_rate: 0 -> 1000 
20.09.2024 04:43:33.423: ecatbus0 link: 0 -> 1
                       ecatbus0 media_rate: 0 -> 100 
20.09.2024 05:00:04.631: ================================================NEW LOG SESSION===================================================
20.09.2024 05:00:05.982: port30 link: 0 -> 1
                         port30 media_rate: 0 -> 1000 
                         port40 link: 0 -> 1
                         port40 media_rate: 0 -> 1000 
20.09.2024 05:00:06.001: port50 link: 0 -> 1
                         port50 media_rate: 0 -> 100 
                         port60 link: 0 -> 1
                         port60 media_rate: 0 -> 100 
                           tap0 link: 0 -> 1
                           tap0 media_rate: 0 -> 100 
20.09.2024 05:00:06.062: ecatbus0 link: 0 -> 1
                       ecatbus0 media_rate: 0 -> 100 
23.09.2024 07:29:38.783: ================================================NEW LOG SESSION===================================================
23.09.2024 07:29:40.121: port50 link: 0 -> 1
                         port50 media_rate: 0 -> 100 
                         port60 link: 0 -> 1
                         port60 media_rate: 0 -> 100 
                           tap0 link: 0 -> 1
                           tap0 media_rate: 0 -> 100 
23.09.2024 07:29:40.228: port30 link: 0 -> 1
                         port30 media_rate: 0 -> 1000 
                         port40 link: 0 -> 1
                         port40 media_rate: 0 -> 1000 
23.09.2024 07:29:40.278: ecatbus0 link: 0 -> 1
                       ecatbus0 media_rate: 0 -> 100 
23.09.2024 08:12:23.549: ================================================NEW LOG SESSION===================================================
23.09.2024 08:12:24.954: port30 link: 0 -> 1
                         port30 media_rate: 0 -> 1000 
                         port40 link: 0 -> 1
                         port40 media_rate: 0 -> 1000 
23.09.2024 08:12:24.955: port50 link: 0 -> 1
                         port50 media_rate: 0 -> 100 
                         port60 link: 0 -> 1
                         port60 media_rate: 0 -> 100 
                           tap0 link: 0 -> 1
                           tap0 media_rate: 0 -> 100 
23.09.2024 08:12:25.121: ecatbus0 link: 0 -> 1
                       ecatbus0 media_rate: 0 -> 100 
23.09.2024 10:30:34.727: ================================================NEW LOG SESSION===================================================
23.09.2024 10:30:36.104: port50 link: 0 -> 1
                         port50 media_rate: 0 -> 100 
                         port60 link: 0 -> 1
                         port60 media_rate: 0 -> 100 
                           tap0 link: 0 -> 1
                           tap0 media_rate: 0 -> 100 
23.09.2024 10:30:36.195: port30 link: 0 -> 1
                         port30 media_rate: 0 -> 1000 
                         port40 link: 0 -> 1
                         port40 media_rate: 0 -> 1000 
23.09.2024 10:30:36.401: ecatbus0 link: 0 -> 1
                       ecatbus0 media_rate: 0 -> 100 
24.09.2024 04:29:29.874: ================================================NEW LOG SESSION===================================================
24.09.2024 04:29:31.164: port50 link: 0 -> 1
                         port50 media_rate: 0 -> 100 
                         port60 link: 0 -> 1
                         port60 media_rate: 0 -> 100 
                           tap0 link: 0 -> 1
                           tap0 media_rate: 0 -> 100 
24.09.2024 04:29:31.314: port30 link: 0 -> 1
                         port30 media_rate: 0 -> 1000 
                         port40 link: 0 -> 1
                         port40 media_rate: 0 -> 1000 
24.09.2024 04:29:31.364: ecatbus0 link: 0 -> 1
                       ecatbus0 media_rate: 0 -> 100 
24.09.2024 09:12:25.726: port40 link: 1 -> 0
                         port40 media_rate: 1000 -> 0 
24.09.2024 09:12:26.729: port40 link: 0 -> 1
                         port40 media_rate: 0 -> 1000 
24.09.2024 09:22:51.554: ================================================NEW LOG SESSION===================================================
24.09.2024 09:22:53.000: port50 link: 0 -> 1
                         port50 media_rate: 0 -> 100 
                         port60 link: 0 -> 1
                         port60 media_rate: 0 -> 100 
                           tap0 link: 0 -> 1
                           tap0 media_rate: 0 -> 100 
24.09.2024 09:22:53.311: ecatbus0 link: 0 -> 1
                       ecatbus0 media_rate: 0 -> 100 
24.09.2024 09:22:53.330: port30 link: 0 -> 1
                         port30 media_rate: 0 -> 1000 
                         port40 link: 0 -> 1
                         port40 media_rate: 0 -> 1000 
25.09.2024 04:29:31.812: ================================================NEW LOG SESSION===================================================
25.09.2024 04:29:33.096: ecatbus0 link: 0 -> 1
                       ecatbus0 media_rate: 0 -> 100 
25.09.2024 04:29:33.163: port30 link: 0 -> 1
                         port30 media_rate: 0 -> 1000 
                         port40 link: 0 -> 1
                         port40 media_rate: 0 -> 1000 
25.09.2024 04:29:33.215: port50 link: 0 -> 1
                         port50 media_rate: 0 -> 100 
                         port60 link: 0 -> 1
                         port60 media_rate: 0 -> 100 
                           tap0 link: 0 -> 1
                           tap0 media_rate: 0 -> 100 
25.09.2024 04:38:34.792: ================================================NEW LOG SESSION===================================================
25.09.2024 04:38:36.129: port30 link: 0 -> 1
                         port30 media_rate: 0 -> 1000 
25.09.2024 04:38:36.148: port50 link: 0 -> 1
                         port50 media_rate: 0 -> 100 
                         port60 link: 0 -> 1
                         port60 media_rate: 0 -> 100 
                           tap0 link: 0 -> 1
                           tap0 media_rate: 0 -> 100 
25.09.2024 04:38:36.333: ecatbus0 link: 0 -> 1
                       ecatbus0 media_rate: 0 -> 100 
25.09.2024 04:39:45.298: port40 link: 0 -> 1
                         port40 media_rate: 0 -> 1000 
26.09.2024 04:27:17.696: ================================================NEW LOG SESSION===================================================
26.09.2024 04:27:19.083: port50 link: 0 -> 1
                         port50 media_rate: 0 -> 100 
                         port60 link: 0 -> 1
                         port60 media_rate: 0 -> 100 
                           tap0 link: 0 -> 1
                           tap0 media_rate: 0 -> 100 
26.09.2024 04:27:19.186: port30 link: 0 -> 1
                         port30 media_rate: 0 -> 1000 
                         port40 link: 0 -> 1
                         port40 media_rate: 0 -> 1000 
26.09.2024 04:27:19.397: ecatbus0 link: 0 -> 1
                       ecatbus0 media_rate: 0 -> 100 
30.09.2024 06:43:39.218: ================================================NEW LOG SESSION===================================================
30.09.2024 06:43:40.838: port50 link: 0 -> 1
                         port50 media_rate: 0 -> 100 
                         port60 link: 0 -> 1
                         port60 media_rate: 0 -> 100 
                           tap0 link: 0 -> 1
                           tap0 media_rate: 0 -> 100 
30.09.2024 06:43:41.048: ecatbus0 link: 0 -> 1
                       ecatbus0 media_rate: 0 -> 100 
30.09.2024 06:43:41.091: port30 link: 0 -> 1
                         port30 media_rate: 0 -> 1000 
                         port40 link: 0 -> 1
                         port40 media_rate: 0 -> 1000 
30.09.2024 06:47:02.726: ================================================NEW LOG SESSION===================================================
30.09.2024 06:47:04.073: port50 link: 0 -> 1
                         port50 media_rate: 0 -> 100 
                         port60 link: 0 -> 1
                         port60 media_rate: 0 -> 100 
                           tap0 link: 0 -> 1
                           tap0 media_rate: 0 -> 100 
30.09.2024 06:47:04.256: port30 link: 0 -> 1
                         port30 media_rate: 0 -> 1000 
                         port40 link: 0 -> 1
                         port40 media_rate: 0 -> 1000 
30.09.2024 06:47:04.422: ecatbus0 link: 0 -> 1
                       ecatbus0 media_rate: 0 -> 100 
30.09.2024 06:58:09.712: ================================================NEW LOG SESSION===================================================
30.09.2024 06:58:11.047: port30 link: 0 -> 1
                         port30 media_rate: 0 -> 1000 
                         port40 link: 0 -> 1
                         port40 media_rate: 0 -> 1000 
30.09.2024 06:58:11.081: port50 link: 0 -> 1
                         port50 media_rate: 0 -> 100 
                         port60 link: 0 -> 1
                         port60 media_rate: 0 -> 100 
                           tap0 link: 0 -> 1
                           tap0 media_rate: 0 -> 100 
30.09.2024 06:58:11.232: ecatbus0 link: 0 -> 1
                       ecatbus0 media_rate: 0 -> 100 
30.09.2024 08:49:19.615: ================================================NEW LOG SESSION===================================================
30.09.2024 08:49:20.945: port30 link: 0 -> 1
                         port30 media_rate: 0 -> 1000 
                         port40 link: 0 -> 1
                         port40 media_rate: 0 -> 1000 
30.09.2024 08:49:20.993: port50 link: 0 -> 1
                         port50 media_rate: 0 -> 100 
                         port60 link: 0 -> 1
                         port60 media_rate: 0 -> 100 
                           tap0 link: 0 -> 1
                           tap0 media_rate: 0 -> 100 
30.09.2024 08:49:21.160: ecatbus0 link: 0 -> 1
                       ecatbus0 media_rate: 0 -> 100 
30.09.2024 08:51:24.673: ================================================NEW LOG SESSION===================================================
30.09.2024 08:51:26.043: port50 link: 0 -> 1
                         port50 media_rate: 0 -> 100 
                         port60 link: 0 -> 1
                         port60 media_rate: 0 -> 100 
                           tap0 link: 0 -> 1
                           tap0 media_rate: 0 -> 100 
30.09.2024 08:51:26.124: port30 link: 0 -> 1
                         port30 media_rate: 0 -> 1000 
                         port40 link: 0 -> 1
                         port40 media_rate: 0 -> 1000 
30.09.2024 08:51:26.381: ecatbus0 link: 0 -> 1
                       ecatbus0 media_rate: 0 -> 100 
30.09.2024 08:52:04.255: port40 link: 1 -> 0
                         port40 media_rate: 1000 -> 0 
30.09.2024 10:13:35.654: port40 link: 0 -> 1
                         port40 media_rate: 0 -> 1000 
30.09.2024 10:13:37.659: port40 link: 1 -> 0
                         port40 media_rate: 1000 -> 0 
30.09.2024 10:13:40.668: port40 link: 0 -> 1
                         port40 media_rate: 0 -> 1000 
30.09.2024 10:13:43.675: port40 link: 1 -> 0
                         port40 media_rate: 1000 -> 0 
30.09.2024 10:13:51.695: port40 link: 0 -> 1
                         port40 media_rate: 0 -> 1000 
30.09.2024 10:14:03.728: port40 link: 1 -> 0
                         port40 media_rate: 1000 -> 0 
30.09.2024 10:14:06.735: port40 link: 0 -> 1
                         port40 media_rate: 0 -> 1000 
30.09.2024 10:14:09.741: port40 link: 1 -> 0
                         port40 media_rate: 1000 -> 0 
30.09.2024 10:14:15.756: port40 link: 0 -> 1
                         port40 media_rate: 0 -> 1000 
30.09.2024 10:14:19.771: port40 link: 1 -> 0
                         port40 media_rate: 1000 -> 0 
30.09.2024 10:14:22.778: port40 link: 0 -> 1
                         port40 media_rate: 0 -> 1000 
30.09.2024 11:58:43.559: ================================================NEW LOG SESSION===================================================
30.09.2024 11:58:44.939: port50 link: 0 -> 1
                         port50 media_rate: 0 -> 100 
                         port60 link: 0 -> 1
                         port60 media_rate: 0 -> 100 
                           tap0 link: 0 -> 1
                           tap0 media_rate: 0 -> 100 
30.09.2024 11:58:45.058: port30 link: 0 -> 1
                         port30 media_rate: 0 -> 1000 
                         port40 link: 0 -> 1
                         port40 media_rate: 0 -> 1000 
30.09.2024 11:58:45.203: ecatbus0 link: 0 -> 1
                       ecatbus0 media_rate: 0 -> 100 
01.10.2024 08:38:33.777: ================================================NEW LOG SESSION===================================================
01.10.2024 08:38:35.239: port50 link: 0 -> 1
                         port50 media_rate: 0 -> 100 
                         port60 link: 0 -> 1
                         port60 media_rate: 0 -> 100 
                           tap0 link: 0 -> 1
                           tap0 media_rate: 0 -> 100 
01.10.2024 08:38:35.523: ecatbus0 link: 0 -> 1
                       ecatbus0 media_rate: 0 -> 100 
01.10.2024 08:38:35.552: port30 link: 0 -> 1
                         port30 media_rate: 0 -> 1000 
                         port40 link: 0 -> 1
                         port40 media_rate: 0 -> 1000 
01.10.2024 08:40:25.770: ================================================NEW LOG SESSION===================================================
01.10.2024 08:40:27.087: port50 link: 0 -> 1
                         port50 media_rate: 0 -> 100 
                         port60 link: 0 -> 1
                         port60 media_rate: 0 -> 100 
                           tap0 link: 0 -> 1
                           tap0 media_rate: 0 -> 100 
01.10.2024 08:40:27.244: port30 link: 0 -> 1
                         port30 media_rate: 0 -> 1000 
                         port40 link: 0 -> 1
                         port40 media_rate: 0 -> 1000 
01.10.2024 08:40:27.279: ecatbus0 link: 0 -> 1
                       ecatbus0 media_rate: 0 -> 100 
01.10.2024 08:43:15.769: ================================================NEW LOG SESSION===================================================
01.10.2024 08:43:17.089: port50 link: 0 -> 1
                         port50 media_rate: 0 -> 100 
                         port60 link: 0 -> 1
                         port60 media_rate: 0 -> 100 
                           tap0 link: 0 -> 1
                           tap0 media_rate: 0 -> 100 
01.10.2024 08:43:17.244: port30 link: 0 -> 1
                         port30 media_rate: 0 -> 1000 
                         port40 link: 0 -> 1
                         port40 media_rate: 0 -> 1000 
01.10.2024 08:43:17.377: ecatbus0 link: 0 -> 1
                       ecatbus0 media_rate: 0 -> 100 
02.10.2024 11:51:40.473: ================================================NEW LOG SESSION===================================================
02.10.2024 11:51:41.811: port50 link: 0 -> 1
                         port50 media_rate: 0 -> 100 
                         port60 link: 0 -> 1
                         port60 media_rate: 0 -> 100 
                           tap0 link: 0 -> 1
                           tap0 media_rate: 0 -> 100 
02.10.2024 11:51:41.940: port30 link: 0 -> 1
                         port30 media_rate: 0 -> 1000 
                         port40 link: 0 -> 1
                         port40 media_rate: 0 -> 1000 
02.10.2024 11:51:42.121: ecatbus0 link: 0 -> 1
                       ecatbus0 media_rate: 0 -> 100 
03.10.2024 04:48:27.150: ================================================NEW LOG SESSION===================================================
03.10.2024 04:48:28.457: port50 link: 0 -> 1
                         port50 media_rate: 0 -> 100 
                         port60 link: 0 -> 1
                         port60 media_rate: 0 -> 100 
                           tap0 link: 0 -> 1
                           tap0 media_rate: 0 -> 100 
03.10.2024 04:48:28.612: port30 link: 0 -> 1
                         port30 media_rate: 0 -> 1000 
                         port40 link: 0 -> 1
                         port40 media_rate: 0 -> 1000 
03.10.2024 04:48:28.764: ecatbus0 link: 0 -> 1
                       ecatbus0 media_rate: 0 -> 100 
04.10.2024 04:27:46.022: ================================================NEW LOG SESSION===================================================
04.10.2024 04:27:47.379: port50 link: 0 -> 1
                         port50 media_rate: 0 -> 100 
                         port60 link: 0 -> 1
                         port60 media_rate: 0 -> 100 
                           tap0 link: 0 -> 1
                           tap0 media_rate: 0 -> 100 
04.10.2024 04:27:47.519: port30 link: 0 -> 1
                         port30 media_rate: 0 -> 1000 
                         port40 link: 0 -> 1
                         port40 media_rate: 0 -> 1000 
04.10.2024 04:27:47.729: ecatbus0 link: 0 -> 1
                       ecatbus0 media_rate: 0 -> 100 
