Cmp=CmpApp, C=1, E=0, M="User: '1', App Download successful [Application], create bootproject: 1"
30.09.2024 09:11:02.661: Cmp=CmpApp, C=1, E=0, M="User: '1', App CodeGUID: b2fc244e-0000-0000-0000-000000000000, DataGUID: 20cac2e9-0000-0000-0000-000000000000"
30.09.2024 09:11:02.776: Cmp=CmpApp, C=1, E=0, M="User: '1', App Download successful [Application], create bootproject: 1"
30.09.2024 09:11:02.776: Cmp=CmpApp, C=1, E=0, M="User: '1', App CodeGUID: b2fc244e-0000-0000-0000-000000000000, DataGUID: 20cac2e9-0000-0000-0000-000000000000"
30.09.2024 09:11:02.851: Cmp=CmpApp, C=1, E=0, M="User: '1', App Download successful [Application], create bootproject: 1"
30.09.2024 09:11:02.851: Cmp=CmpApp, C=1, E=0, M="User: '1', App CodeGUID: b2fc244e-0000-0000-0000-000000000000, DataGUID: 20cac2e9-0000-0000-0000-000000000000"
30.09.2024 09:11:02.924: Cmp=CmpApp, C=1, E=0, M="User: '1', App Download successful [Application], create bootproject: 1"
30.09.2024 09:11:02.924: Cmp=CmpApp, C=1, E=0, M="User: '1', App CodeGUID: b2fc244e-0000-0000-0000-000000000000, DataGUID: 20cac2e9-0000-0000-0000-000000000000"
30.09.2024 09:11:02.990: Cmp=CmpApp, C=1, E=0, M="User: '1', App Download successful [Application], create bootproject: 1"
30.09.2024 09:11:02.990: Cmp=CmpApp, C=1, E=0, M="User: '1', App CodeGUID: b2fc244e-0000-0000-0000-000000000000, DataGUID: 20cac2e9-0000-0000-0000-000000000000"
30.09.2024 09:11:08.555: Cmp=CmpApp, C=1, E=0, M="User: '1', App Download successful [Application], create bootproject: 1"
30.09.2024 09:11:08.555: Cmp=CmpApp, C=1, E=0, M="User: '1', App CodeGUID: b2fc244e-0000-0000-0000-000000000000, DataGUID: 20cac2e9-0000-0000-0000-000000000000"
30.09.2024 09:11:13.108: Cmp=CmpApp, C=1, E=0, M="User: '1', App Start successful"
30.09.2024 09:11:18.290: Cmp=CmpUserMgr, C=1, E=0, M="User: '1', Logout (0)"
30.09.2024 09:11:29.621: Cmp=CmpUserMgr, C=1, E=0, M="User: '1', Login (1)"
30.09.2024 09:21:34.741: Cmp=CmpUserMgr, C=1, E=0, M="User: '1', Logout (0)"
30.09.2024 10:03:00.619: Cmp=CmpUserMgr, C=1, E=0, M="User: '1', Login (1)"
30.09.2024 10:03:00.649: Cmp=CmpUserMgr, C=1, E=0, M="User: '1', Logout (0)"
30.09.2024 11:58:48.078: ================================================NEW LOG SESSION===================================================
30.09.2024 11:58:48.080: Cmp=CmpAuditLog, C=1, E=0, M="System, Startup"
30.09.2024 11:58:49.882: Cmp=CmpApp, C=1, E=0, M="System, App Create for Download successful"
30.09.2024 11:58:49.928: Cmp=CmpApp, C=1, E=0, M="System, App Download successful [Application], create bootproject: 0"
30.09.2024 11:58:49.928: Cmp=CmpApp, C=1, E=0, M="System, App CodeGUID: b2fc244e-0000-0000-0000-000000000000, DataGUID: 20cac2e9-0000-0000-0000-000000000000"
30.09.2024 11:58:49.938: Cmp=CmpApp, C=1, E=0, M="System, App Download successful [Application], create bootproject: 0"
30.09.2024 11:58:49.938: Cmp=CmpApp, C=1, E=0, M="System, App CodeGUID: b2fc244e-0000-0000-0000-000000000000, DataGUID: 20cac2e9-0000-0000-0000-000000000000"
30.09.2024 11:58:49.946: Cmp=CmpApp, C=1, E=0, M="System, App Download successful [Application], create bootproject: 0"
30.09.2024 11:58:49.946: Cmp=CmpApp, C=1, E=0, M="System, App CodeGUID: b2fc244e-0000-0000-0000-000000000000, DataGUID: 20cac2e9-0000-0000-0000-000000000000"
30.09.2024 11:58:49.956: Cmp=CmpApp, C=1, E=0, M="System, App Download successful [Application], create bootproject: 0"
30.09.2024 11:58:49.956: Cmp=CmpApp, C=1, E=0, M="System, App CodeGUID: b2fc244e-0000-0000-0000-000000000000, DataGUID: 20cac2e9-0000-0000-0000-000000000000"
30.09.2024 11:58:49.965: Cmp=CmpApp, C=1, E=0, M="System, App Download successful [Application], create bootproject: 0"
30.09.2024 11:58:49.966: Cmp=CmpApp, C=1, E=0, M="System, App CodeGUID: b2fc244e-0000-0000-0000-000000000000, DataGUID: 20cac2e9-0000-0000-0000-000000000000"
30.09.2024 11:58:49.974: Cmp=CmpApp, C=1, E=0, M="System, App Download successful [Application], create bootproject: 0"
30.09.2024 11:58:49.974: Cmp=CmpApp, C=1, E=0, M="System, App CodeGUID: b2fc244e-0000-0000-0000-000000000000, DataGUID: 20cac2e9-0000-0000-0000-000000000000"
30.09.2024 11:58:49.983: Cmp=CmpApp, C=1, E=0, M="System, App Download successful [Application], create bootproject: 0"
30.09.2024 11:58:49.983: Cmp=CmpApp, C=1, E=0, M="System, App CodeGUID: b2fc244e-0000-0000-0000-000000000000, DataGUID: 20cac2e9-0000-0000-0000-000000000000"
30.09.2024 11:58:49.994: Cmp=CmpApp, C=1, E=0, M="System, App Download successful [Application], create bootproject: 0"
30.09.2024 11:58:49.994: Cmp=CmpApp, C=1, E=0, M="System, App CodeGUID: b2fc244e-0000-0000-0000-000000000000, DataGUID: 20cac2e9-0000-0000-0000-000000000000"
30.09.2024 11:58:50.003: Cmp=CmpApp, C=1, E=0, M="System, App Download successful [Application], create bootproject: 0"
30.09.2024 11:58:50.003: Cmp=CmpApp, C=1, E=0, M="System, App CodeGUID: b2fc244e-0000-0000-0000-000000000000, DataGUID: 20cac2e9-0000-0000-0000-000000000000"
30.09.2024 11:58:50.011: Cmp=CmpApp, C=1, E=0, M="System, App Download successful [Application], create bootproject: 0"
30.09.2024 11:58:50.011: Cmp=CmpApp, C=1, E=0, M="System, App CodeGUID: b2fc244e-0000-0000-0000-000000000000, DataGUID: 20cac2e9-0000-0000-0000-000000000000"
30.09.2024 11:58:50.020: Cmp=CmpApp, C=1, E=0, M="System, App Download successful [Application], create bootproject: 0"
30.09.2024 11:58:50.020: Cmp=CmpApp, C=1, E=0, M="System, App CodeGUID: b2fc244e-0000-0000-0000-000000000000, DataGUID: 20cac2e9-0000-0000-0000-000000000000"
30.09.2024 11:58:50.028: Cmp=CmpApp, C=1, E=0, M="System, App Download successful [Application], create bootproject: 0"
30.09.2024 11:58:50.029: Cmp=CmpApp, C=1, E=0, M="System, App CodeGUID: b2fc244e-0000-0000-0000-000000000000, DataGUID: 20cac2e9-0000-0000-0000-000000000000"
30.09.2024 11:58:50.037: Cmp=CmpApp, C=1, E=0, M="System, App Download successful [Application], create bootproject: 0"
30.09.2024 11:58:50.037: Cmp=CmpApp, C=1, E=0, M="System, App CodeGUID: b2fc244e-0000-0000-0000-000000000000, DataGUID: 20cac2e9-0000-0000-0000-000000000000"
30.09.2024 11:58:50.047: Cmp=CmpApp, C=1, E=0, M="System, App Download successful [Application], create bootproject: 0"
30.09.2024 11:58:50.047: Cmp=CmpApp, C=1, E=0, M="System, App CodeGUID: b2fc244e-0000-0000-0000-000000000000, DataGUID: 20cac2e9-0000-0000-0000-000000000000"
30.09.2024 11:58:50.057: Cmp=CmpApp, C=1, E=0, M="System, App Download successful [Application], create bootproject: 0"
30.09.2024 11:58:50.057: Cmp=CmpApp, C=1, E=0, M="System, App CodeGUID: b2fc244e-0000-0000-0000-000000000000, DataGUID: 20cac2e9-0000-0000-0000-000000000000"
30.09.2024 11:58:50.065: Cmp=CmpApp, C=1, E=0, M="System, App Download successful [Application], create bootproject: 0"
30.09.2024 11:58:50.065: Cmp=CmpApp, C=1, E=0, M="System, App CodeGUID: b2fc244e-0000-0000-0000-000000000000, DataGUID: 20cac2e9-0000-0000-0000-000000000000"
30.09.2024 11:58:50.076: Cmp=CmpApp, C=1, E=0, M="System, App Download successful [Application], create bootproject: 0"
30.09.2024 11:58:50.076: Cmp=CmpApp, C=1, E=0, M="System, App CodeGUID: b2fc244e-0000-0000-0000-000000000000, DataGUID: 20cac2e9-0000-0000-0000-000000000000"
30.09.2024 11:58:50.086: Cmp=CmpApp, C=1, E=0, M="System, App Download successful [Application], create bootproject: 0"
30.09.2024 11:58:50.086: Cmp=CmpApp, C=1, E=0, M="System, App CodeGUID: b2fc244e-0000-0000-0000-000000000000, DataGUID: 20cac2e9-0000-0000-0000-000000000000"
30.09.2024 11:58:50.095: Cmp=CmpApp, C=1, E=0, M="System, App Download successful [Application], create bootproject: 0"
30.09.2024 11:58:50.095: Cmp=CmpApp, C=1, E=0, M="System, App CodeGUID: b2fc244e-0000-0000-0000-000000000000, DataGUID: 20cac2e9-0000-0000-0000-000000000000"
30.09.2024 11:58:50.103: Cmp=CmpApp, C=1, E=0, M="System, App Download successful [Application], create bootproject: 0"
30.09.2024 11:58:50.103: Cmp=CmpApp, C=1, E=0, M="System, App CodeGUID: b2fc244e-0000-0000-0000-000000000000, DataGUID: 20cac2e9-0000-0000-0000-000000000000"
30.09.2024 11:58:50.113: Cmp=CmpApp, C=1, E=0, M="System, App Download successful [Application], create bootproject: 0"
30.09.2024 11:58:50.113: Cmp=CmpApp, C=1, E=0, M="System, App CodeGUID: b2fc244e-0000-0000-0000-000000000000, DataGUID: 20cac2e9-0000-0000-0000-000000000000"
30.09.2024 11:58:50.124: Cmp=CmpApp, C=1, E=0, M="System, App Download successful [Application], create bootproject: 0"
30.09.2024 11:58:50.124: Cmp=CmpApp, C=1, E=0, M="System, App CodeGUID: b2fc244e-0000-0000-0000-000000000000, DataGUID: 20cac2e9-0000-0000-0000-000000000000"
30.09.2024 11:58:50.132: Cmp=CmpApp, C=1, E=0, M="System, App Download successful [Application], create bootproject: 0"
30.09.2024 11:58:50.132: Cmp=CmpApp, C=1, E=0, M="System, App CodeGUID: b2fc244e-0000-0000-0000-000000000000, DataGUID: 20cac2e9-0000-0000-0000-000000000000"
30.09.2024 11:58:50.140: Cmp=CmpApp, C=1, E=0, M="System, App Download successful [Application], create bootproject: 0"
30.09.2024 11:58:50.140: Cmp=CmpApp, C=1, E=0, M="System, App CodeGUID: b2fc244e-0000-0000-0000-000000000000, DataGUID: 20cac2e9-0000-0000-0000-000000000000"
30.09.2024 11:58:50.149: Cmp=CmpApp, C=1, E=0, M="System, App Download successful [Application], create bootproject: 0"
30.09.2024 11:58:50.149: Cmp=CmpApp, C=1, E=0, M="System, App CodeGUID: b2fc244e-0000-0000-0000-000000000000, DataGUID: 20cac2e9-0000-0000-0000-000000000000"
30.09.2024 11:58:50.157: Cmp=CmpApp, C=1, E=0, M="System, App Download successful [Application], create bootproject: 0"
30.09.2024 11:58:50.157: Cmp=CmpApp, C=1, E=0, M="System, App CodeGUID: b2fc244e-0000-0000-0000-000000000000, DataGUID: 20cac2e9-0000-0000-0000-000000000000"
30.09.2024 11:58:50.164: Cmp=CmpApp, C=1, E=0, M="System, App Download successful [Application], create bootproject: 0"
30.09.2024 11:58:50.164: Cmp=CmpApp, C=1, E=0, M="System, App CodeGUID: b2fc244e-0000-0000-0000-000000000000, DataGUID: 20cac2e9-0000-0000-0000-000000000000"
30.09.2024 11:58:55.111: Cmp=CmpApp, C=1, E=0, M="System, App Download successful [Application], create bootproject: 0"
30.09.2024 11:58:55.111: Cmp=CmpApp, C=1, E=0, M="System, App CodeGUID: b2fc244e-0000-0000-0000-000000000000, DataGUID: 20cac2e9-0000-0000-0000-000000000000"
30.09.2024 11:58:55.548: Cmp=CmpApp, C=1, E=0, M="System, Application [Application] started"
01.10.2024 08:38:38.349: ================================================NEW LOG SESSION===================================================
01.10.2024 08:38:38.357: Cmp=CmpAuditLog, C=1, E=0, M="System, Startup"
01.10.2024 08:38:40.182: Cmp=CmpApp, C=1, E=0, M="System, App Create for Download successful"
01.10.2024 08:38:40.227: Cmp=CmpApp, C=1, E=0, M="System, App Download successful [Application], create bootproject: 0"
01.10.2024 08:38:40.227: Cmp=CmpApp, C=1, E=0, M="System, App CodeGUID: b2fc244e-0000-0000-0000-000000000000, DataGUID: 20cac2e9-0000-0000-0000-000000000000"
01.10.2024 08:38:40.239: Cmp=CmpApp, C=1, E=0, M="System, App Download successful [Application], create bootproject: 0"
01.10.2024 08:38:40.239: Cmp=CmpApp, C=1, E=0, M="System, App CodeGUID: b2fc244e-0000-0000-0000-000000000000, DataGUID: 20cac2e9-0000-0000-0000-000000000000"
01.10.2024 08:38:40.248: Cmp=CmpApp, C=1, E=0, M="System, App Download successful [Application], create bootproject: 0"
01.10.2024 08:38:40.248: Cmp=CmpApp, C=1, E=0, M="System, App CodeGUID: b2fc244e-0000-0000-0000-000000000000, DataGUID: 20cac2e9-0000-0000-0000-000000000000"
01.10.2024 08:38:40.256: Cmp=CmpApp, C=1, E=0, M="System, App Download successful [Application], create bootproject: 0"
01.10.2024 08:38:40.256: Cmp=CmpApp, C=1, E=0, M="System, App CodeGUID: b2fc244e-0000-0000-0000-000000000000, DataGUID: 20cac2e9-0000-0000-0000-000000000000"
01.10.2024 08:38:40.266: Cmp=CmpApp, C=1, E=0, M="System, App Download successful [Application], create bootproject: 0"
01.10.2024 08:38:40.266: Cmp=CmpApp, C=1, E=0, M="System, App CodeGUID: b2fc244e-0000-0000-0000-000000000000, DataGUID: 20cac2e9-0000-0000-0000-000000000000"
01.10.2024 08:38:40.276: Cmp=CmpApp, C=1, E=0, M="System, App Download successful [Application], create bootproject: 0"
01.10.2024 08:38:40.276: Cmp=CmpApp, C=1, E=0, M="System, App CodeGUID: b2fc244e-0000-0000-0000-000000000000, DataGUID: 20cac2e9-0000-0000-0000-000000000000"
01.10.2024 08:38:40.284: Cmp=CmpApp, C=1, E=0, M="System, App Download successful [Application], create bootproject: 0"
01.10.2024 08:38:40.284: Cmp=CmpApp, C=1, E=0, M="System, App CodeGUID: b2fc244e-0000-0000-0000-000000000000, DataGUID: 20cac2e9-0000-0000-0000-000000000000"
01.10.2024 08:38:40.293: Cmp=CmpApp, C=1, E=0, M="System, App Download successful [Application], create bootproject: 0"
01.10.2024 08:38:40.293: Cmp=CmpApp, C=1, E=0, M="System, App CodeGUID: b2fc244e-0000-0000-0000-000000000000, DataGUID: 20cac2e9-0000-0000-0000-000000000000"
01.10.2024 08:38:40.302: Cmp=CmpApp, C=1, E=0, M="System, App Download successful [Application], create bootproject: 0"
01.10.2024 08:38:40.302: Cmp=CmpApp, C=1, E=0, M="System, App CodeGUID: b2fc244e-0000-0000-0000-000000000000, DataGUID: 20cac2e9-0000-0000-0000-000000000000"
01.10.2024 08:38:40.312: Cmp=CmpApp, C=1, E=0, M="System, App Download successful [Application], create bootproject: 0"
01.10.2024 08:38:40.312: Cmp=CmpApp, C=1, E=0, M="System, App CodeGUID: b2fc244e-0000-0000-0000-000000000000, DataGUID: 20cac2e9-0000-0000-0000-000000000000"
01.10.2024 08:38:40.320: Cmp=CmpApp, C=1, E=0, M="System, App Download successful [Application], create bootproject: 0"
01.10.2024 08:38:40.320: Cmp=CmpApp, C=1, E=0, M="System, App CodeGUID: b2fc244e-0000-0000-0000-000000000000, DataGUID: 20cac2e9-0000-0000-0000-000000000000"
01.10.2024 08:38:40.328: Cmp=CmpApp, C=1, E=0, M="System, App Download successful [Application], create bootproject: 0"
01.10.2024 08:38:40.328: Cmp=CmpApp, C=1, E=0, M="System, App CodeGUID: b2fc244e-0000-0000-0000-000000000000, DataGUID: 20cac2e9-0000-0000-0000-000000000000"
01.10.2024 08:38:40.338: Cmp=CmpApp, C=1, E=0, M="System, App Download successful [Application], create bootproject: 0"
01.10.2024 08:38:40.338: Cmp=CmpApp, C=1, E=0, M="System, App CodeGUID: b2fc244e-0000-0000-0000-000000000000, DataGUID: 20cac2e9-0000-0000-0000-000000000000"
01.10.2024 08:38:40.347: Cmp=CmpApp, C=1, E=0, M="System, App Download successful [Application], create bootproject: 0"
01.10.2024 08:38:40.347: Cmp=CmpApp, C=1, E=0, M="System, App CodeGUID: b2fc244e-0000-0000-0000-000000000000, DataGUID: 20cac2e9-0000-0000-0000-000000000000"
01.10.2024 08:38:40.355: Cmp=CmpApp, C=1, E=0, M="System, App Download successful [Application], create bootproject: 0"
01.10.2024 08:38:40.355: Cmp=CmpApp, C=1, E=0, M="System, App CodeGUID: b2fc244e-0000-0000-0000-000000000000, DataGUID: 20cac2e9-0000-0000-0000-000000000000"
01.10.2024 08:38:40.366: Cmp=CmpApp, C=1, E=0, M="System, App Download successful [Application], create bootproject: 0"
01.10.2024 08:38:40.366: Cmp=CmpApp, C=1, E=0, M="System, App CodeGUID: b2fc244e-0000-0000-0000-000000000000, DataGUID: 20cac2e9-0000-0000-0000-000000000000"
01.10.2024 08:38:40.374: Cmp=CmpApp, C=1, E=0, M="System, App Download successful [Application], create bootproject: 0"
01.10.2024 08:38:40.375: Cmp=CmpApp, C=1, E=0, M="System, App CodeGUID: b2fc244e-0000-0000-0000-000000000000, DataGUID: 20cac2e9-0000-0000-0000-000000000000"
01.10.2024 08:38:40.383: Cmp=CmpApp, C=1, E=0, M="System, App Download successful [Application], create bootproject: 0"
01.10.2024 08:38:40.384: Cmp=CmpApp, C=1, E=0, M="System, App CodeGUID: b2fc244e-0000-0000-0000-000000000000, DataGUID: 20cac2e9-0000-0000-0000-000000000000"
01.10.2024 08:38:40.392: Cmp=CmpApp, C=1, E=0, M="System, App Download successful [Application], create bootproject: 0"
01.10.2024 08:38:40.392: Cmp=CmpApp, C=1, E=0, M="System, App CodeGUID: b2fc244e-0000-0000-0000-000000000000, DataGUID: 20cac2e9-0000-0000-0000-000000000000"
01.10.2024 08:38:40.401: Cmp=CmpApp, C=1, E=0, M="System, App Download successful [Application], create bootproject: 0"
01.10.2024 08:38:40.402: Cmp=CmpApp, C=1, E=0, M="System, App CodeGUID: b2fc244e-0000-0000-0000-000000000000, DataGUID: 20cac2e9-0000-0000-0000-000000000000"
01.10.2024 08:38:40.411: Cmp=CmpApp, C=1, E=0, M="System, App Download successful [Application], create bootproject: 0"
01.10.2024 08:38:40.411: Cmp=CmpApp, C=1, E=0, M="System, App CodeGUID: b2fc244e-0000-0000-0000-000000000000, DataGUID: 20cac2e9-0000-0000-0000-000000000000"
01.10.2024 08:38:40.421: Cmp=CmpApp, C=1, E=0, M="System, App Download successful [Application], create bootproject: 0"
01.10.2024 08:38:40.421: Cmp=CmpApp, C=1, E=0, M="System, App CodeGUID: b2fc244e-0000-0000-0000-000000000000, DataGUID: 20cac2e9-0000-0000-0000-000000000000"
01.10.2024 08:38:40.430: Cmp=CmpApp, C=1, E=0, M="System, App Download successful [Application], create bootproject: 0"
01.10.2024 08:38:40.430: Cmp=CmpApp, C=1, E=0, M="System, App CodeGUID: b2fc244e-0000-0000-0000-000000000000, DataGUID: 20cac2e9-0000-0000-0000-000000000000"
01.10.2024 08:38:40.438: Cmp=CmpApp, C=1, E=0, M="System, App Download successful [Application], create bootproject: 0"
01.10.2024 08:38:40.438: Cmp=CmpApp, C=1, E=0, M="System, App CodeGUID: b2fc244e-0000-0000-0000-000000000000, DataGUID: 20cac2e9-0000-0000-0000-000000000000"
01.10.2024 08:38:40.446: Cmp=CmpApp, C=1, E=0, M="System, App Download successful [Application], create bootproject: 0"
01.10.2024 08:38:40.446: Cmp=CmpApp, C=1, E=0, M="System, App CodeGUID: b2fc244e-0000-0000-0000-000000000000, DataGUID: 20cac2e9-0000-0000-0000-000000000000"
01.10.2024 08:38:40.454: Cmp=CmpApp, C=1, E=0, M="System, App Download successful [Application], create bootproject: 0"
01.10.2024 08:38:40.454: Cmp=CmpApp, C=1, E=0, M="System, App CodeGUID: b2fc244e-0000-0000-0000-000000000000, DataGUID: 20cac2e9-0000-0000-0000-000000000000"
01.10.2024 08:38:40.462: Cmp=CmpApp, C=1, E=0, M="System, App Download successful [Application], create bootproject: 0"
01.10.2024 08:38:40.462: Cmp=CmpApp, C=1, E=0, M="System, App CodeGUID: b2fc244e-0000-0000-0000-000000000000, DataGUID: 20cac2e9-0000-0000-0000-000000000000"
01.10.2024 08:38:45.431: Cmp=CmpApp, C=1, E=0, M="System, App Download successful [Application], create bootproject: 0"
01.10.2024 08:38:45.431: Cmp=CmpApp, C=1, E=0, M="System, App CodeGUID: b2fc244e-0000-0000-0000-000000000000, DataGUID: 20cac2e9-0000-0000-0000-000000000000"
01.10.2024 08:38:45.793: Cmp=CmpApp, C=1, E=0, M="System, Application [Application] started"
01.10.2024 08:40:29.858: ================================================NEW LOG SESSION===================================================
01.10.2024 08:40:29.860: Cmp=CmpAuditLog, C=1, E=0, M="System, Startup"
01.10.2024 08:40:31.635: Cmp=CmpApp, C=1, E=0, M="System, App Create for Download successful"
01.10.2024 08:40:31.681: Cmp=CmpApp, C=1, E=0, M="System, App Download successful [Application], create bootproject: 0"
01.10.2024 08:40:31.681: Cmp=CmpApp, C=1, E=0, M="System, App CodeGUID: b2fc244e-0000-0000-0000-000000000000, DataGUID: 20cac2e9-0000-0000-0000-000000000000"
01.10.2024 08:40:31.691: Cmp=CmpApp, C=1, E=0, M="System, App Download successful [Application], create bootproject: 0"
01.10.2024 08:40:31.691: Cmp=CmpApp, C=1, E=0, M="System, App CodeGUID: b2fc244e-0000-0000-0000-000000000000, DataGUID: 20cac2e9-0000-0000-0000-000000000000"
01.10.2024 08:40:31.699: Cmp=CmpApp, C=1, E=0, M="System, App Download successful [Application], create bootproject: 0"
01.10.2024 08:40:31.699: Cmp=CmpApp, C=1, E=0, M="System, App CodeGUID: b2fc244e-0000-0000-0000-000000000000, DataGUID: 20cac2e9-0000-0000-0000-000000000000"
01.10.2024 08:40:31.708: Cmp=CmpApp, C=1, E=0, M="System, App Download successful [Application], create bootproject: 0"
01.10.2024 08:40:31.708: Cmp=CmpApp, C=1, E=0, M="System, App CodeGUID: b2fc244e-0000-0000-0000-000000000000, DataGUID: 20cac2e9-0000-0000-0000-000000000000"
01.10.2024 08:40:31.717: Cmp=CmpApp, C=1, E=0, M="System, App Download successful [Application], create bootproject: 0"
01.10.2024 08:40:31.717: Cmp=CmpApp, C=1, E=0, M="System, App CodeGUID: b2fc244e-0000-0000-0000-000000000000, DataGUID: 20cac2e9-0000-0000-0000-000000000000"
01.10.2024 08:40:31.726: Cmp=CmpApp, C=1, E=0, M="System, App Download successful [Application], create bootproject: 0"
01.10.2024 08:40:31.726: Cmp=CmpApp, C=1, E=0, M="System, App CodeGUID: b2fc244e-0000-0000-0000-000000000000, DataGUID: 20cac2e9-0000-0000-0000-000000000000"
01.10.2024 08:40:31.735: Cmp=CmpApp, C=1, E=0, M="System, App Download successful [Application], create bootproject: 0"
01.10.2024 08:40:31.735: Cmp=CmpApp, C=1, E=0, M="System, App CodeGUID: b2fc244e-0000-0000-0000-000000000000, DataGUID: 20cac2e9-0000-0000-0000-000000000000"
01.10.2024 08:40:31.745: Cmp=CmpApp, C=1, E=0, M="System, App Download successful [Application], create bootproject: 0"
01.10.2024 08:40:31.745: Cmp=CmpApp, C=1, E=0, M="System, App CodeGUID: b2fc244e-0000-0000-0000-000000000000, DataGUID: 20cac2e9-0000-0000-0000-000000000000"
01.10.2024 08:40:31.753: Cmp=CmpApp, C=1, E=0, M="System, App Download successful [Application], create bootproject: 0"
01.10.2024 08:40:31.753: Cmp=CmpApp, C=1, E=0, M="System, App CodeGUID: b2fc244e-0000-0000-0000-000000000000, DataGUID: 20cac2e9-0000-0000-0000-000000000000"
01.10.2024 08:40:31.762: Cmp=CmpApp, C=1, E=0, M="System, App Download successful [Application], create bootproject: 0"
01.10.2024 08:40:31.762: Cmp=CmpApp, C=1, E=0, M="System, App CodeGUID: b2fc244e-0000-0000-0000-000000000000, DataGUID: 20cac2e9-0000-0000-0000-000000000000"
01.10.2024 08:40:31.772: Cmp=CmpApp, C=1, E=0, M="System, App Download successful [Application], create bootproject: 0"
01.10.2024 08:40:31.772: Cmp=CmpApp, C=1, E=0, M="System, App CodeGUID: b2fc244e-0000-0000-0000-000000000000, DataGUID: 20cac2e9-0000-0000-0000-000000000000"
01.10.2024 08:40:31.780: Cmp=CmpApp, C=1, E=0, M="System, App Download successful [Application], create bootproject: 0"
01.10.2024 08:40:31.780: Cmp=CmpApp, C=1, E=0, M="System, App CodeGUID: b2fc244e-0000-0000-0000-000000000000, DataGUID: 20cac2e9-0000-0000-0000-000000000000"
01.10.2024 08:40:31.788: Cmp=CmpApp, C=1, E=0, M="System, App Download successful [Application], create bootproject: 0"
01.10.2024 08:40:31.788: Cmp=CmpApp, C=1, E=0, M="System, App CodeGUID: b2fc244e-0000-0000-0000-000000000000, DataGUID: 20cac2e9-0000-0000-0000-000000000000"
01.10.2024 08:40:31.799: Cmp=CmpApp, C=1, E=0, M="System, App Download successful [Application], create bootproject: 0"
01.10.2024 08:40:31.799: Cmp=CmpApp, C=1, E=0, M="System, App CodeGUID: b2fc244e-0000-0000-0000-000000000000, DataGUID: 20cac2e9-0000-0000-0000-000000000000"
01.10.2024 08:40:31.808: Cmp=CmpApp, C=1, E=0, M="System, App Download successful [Application], create bootproject: 0"
01.10.2024 08:40:31.808: Cmp=CmpApp, C=1, E=0, M="System, App CodeGUID: b2fc244e-0000-0000-0000-000000000000, DataGUID: 20cac2e9-0000-0000-0000-000000000000"
01.10.2024 08:40:31.817: Cmp=CmpApp, C=1, E=0, M="System, App Download successful [Application], create bootproject: 0"
01.10.2024 08:40:31.817: Cmp=CmpApp, C=1, E=0, M="System, App CodeGUID: b2fc244e-0000-0000-0000-000000000000, DataGUID: 20cac2e9-0000-0000-0000-000000000000"
01.10.2024 08:40:31.826: Cmp=CmpApp, C=1, E=0, M="System, App Download successful [Application], create bootproject: 0"
01.10.2024 08:40:31.826: Cmp=CmpApp, C=1, E=0, M="System, App CodeGUID: b2fc244e-0000-0000-0000-000000000000, DataGUID: 20cac2e9-0000-0000-0000-000000000000"
01.10.2024 08:40:31.836: Cmp=CmpApp, C=1, E=0, M="System, App Download successful [Application], create bootproject: 0"
01.10.2024 08:40:31.836: Cmp=CmpApp, C=1, E=0, M="System, App CodeGUID: b2fc244e-0000-0000-0000-000000000000, DataGUID: 20cac2e9-0000-0000-0000-000000000000"
01.10.2024 08:40:31.844: Cmp=CmpApp, C=1, E=0, M="System, App Download successful [Application], create bootproject: 0"
01.10.2024 08:40:31.844: Cmp=CmpApp, C=1, E=0, M="System, App CodeGUID: b2fc244e-0000-0000-0000-000000000000, DataGUID: 20cac2e9-0000-0000-0000-000000000000"
01.10.2024 08:40:31.852: Cmp=CmpApp, C=1, E=0, M="System, App Download successful [Application], create bootproject: 0"
01.10.2024 08:40:31.852: Cmp=CmpApp, C=1, E=0, M="System, App CodeGUID: b2fc244e-0000-0000-0000-000000000000, DataGUID: 20cac2e9-0000-0000-0000-000000000000"
01.10.2024 08:40:31.863: Cmp=CmpApp, C=1, E=0, M="System, App Download successful [Application], create bootproject: 0"
01.10.2024 08:40:31.863: Cmp=CmpApp, C=1, E=0, M="System, App CodeGUID: b2fc244e-0000-0000-0000-000000000000, DataGUID: 20cac2e9-0000-0000-0000-000000000000"
01.10.2024 08:40:31.874: Cmp=CmpApp, C=1, E=0, M="System, App Download successful [Application], create bootproject: 0"
01.10.2024 08:40:31.874: Cmp=CmpApp, C=1, E=0, M="System, App CodeGUID: b2fc244e-0000-0000-0000-000000000000, DataGUID: 20cac2e9-0000-0000-0000-000000000000"
01.10.2024 08:40:31.881: Cmp=CmpApp, C=1, E=0, M="System, App Download successful [Application], create bootproject: 0"
01.10.2024 08:40:31.881: Cmp=CmpApp, C=1, E=0, M="System, App CodeGUID: b2fc244e-0000-0000-0000-000000000000, DataGUID: 20cac2e9-0000-0000-0000-000000000000"
01.10.2024 08:40:31.890: Cmp=CmpApp, C=1, E=0, M="System, App Download successful [Application], create bootproject: 0"
01.10.2024 08:40:31.891: Cmp=CmpApp, C=1, E=0, M="System, App CodeGUID: b2fc244e-0000-0000-0000-000000000000, DataGUID: 20cac2e9-0000-0000-0000-000000000000"
01.10.2024 08:40:31.898: Cmp=CmpApp, C=1, E=0, M="System, App Download successful [Application], create bootproject: 0"
01.10.2024 08:40:31.898: Cmp=CmpApp, C=1, E=0, M="System, App CodeGUID: b2fc244e-0000-0000-0000-000000000000, DataGUID: 20cac2e9-0000-0000-0000-000000000000"
01.10.2024 08:40:31.906: Cmp=CmpApp, C=1, E=0, M="System, App Download successful [Application], create bootproject: 0"
01.10.2024 08:40:31.906: Cmp=CmpApp, C=1, E=0, M="System, App CodeGUID: b2fc244e-0000-0000-0000-000000000000, DataGUID: 20cac2e9-0000-0000-0000-000000000000"
01.10.2024 08:40:31.915: Cmp=CmpApp, C=1, E=0, M="System, App Download successful [Application], create bootproject: 0"
01.10.2024 08:40:31.915: Cmp=CmpApp, C=1, E=0, M="System, App CodeGUID: b2fc244e-0000-0000-0000-000000000000, DataGUID: 20cac2e9-0000-0000-0000-000000000000"
01.10.2024 08:40:36.892: Cmp=CmpApp, C=1, E=0, M="System, App Download successful [Application], create bootproject: 0"
01.10.2024 08:40:36.892: Cmp=CmpApp, C=1, E=0, M="System, App CodeGUID: b2fc244e-0000-0000-0000-000000000000, DataGUID: 20cac2e9-0000-0000-0000-000000000000"
01.10.2024 08:40:37.209: Cmp=CmpApp, C=1, E=0, M="System, Application [Application] started"
01.10.2024 08:43:19.885: ================================================NEW LOG SESSION===================================================
01.10.2024 08:43:19.892: Cmp=CmpAuditLog, C=1, E=0, M="System, Startup"
01.10.2024 08:43:21.708: Cmp=CmpApp, C=1, E=0, M="System, App Create for Download successful"
01.10.2024 08:43:21.754: Cmp=CmpApp, C=1, E=0, M="System, App Download successful [Application], create bootproject: 0"
01.10.2024 08:43:21.754: Cmp=CmpApp, C=1, E=0, M="System, App CodeGUID: b2fc244e-0000-0000-0000-000000000000, DataGUID: 20cac2e9-0000-0000-0000-000000000000"
01.10.2024 08:43:21.764: Cmp=CmpApp, C=1, E=0, M="System, App Download successful [Application], create bootproject: 0"
01.10.2024 08:43:21.764: Cmp=CmpApp, C=1, E=0, M="System, App CodeGUID: b2fc244e-0000-0000-0000-000000000000, DataGUID: 20cac2e9-0000-0000-0000-000000000000"
01.10.2024 08:43:21.772: Cmp=CmpApp, C=1, E=0, M="System, App Download successful [Application], create bootproject: 0"
01.10.2024 08:43:21.773: Cmp=CmpApp, C=1, E=0, M="System, App CodeGUID: b2fc244e-0000-0000-0000-000000000000, DataGUID: 20cac2e9-0000-0000-0000-000000000000"
01.10.2024 08:43:21.783: Cmp=CmpApp, C=1, E=0, M="System, App Download successful [Application], create bootproject: 0"
01.10.2024 08:43:21.783: Cmp=CmpApp, C=1, E=0, M="System, App CodeGUID: b2fc244e-0000-0000-0000-000000000000, DataGUID: 20cac2e9-0000-0000-0000-000000000000"
01.10.2024 08:43:21.792: Cmp=CmpApp, C=1, E=0, M="System, App Download successful [Application], create bootproject: 0"
01.10.2024 08:43:21.792: Cmp=CmpApp, C=1, E=0, M="System, App CodeGUID: b2fc244e-0000-0000-0000-000000000000, DataGUID: 20cac2e9-0000-0000-0000-000000000000"
01.10.2024 08:43:21.800: Cmp=CmpApp, C=1, E=0, M="System, App Download successful [Application], create bootproject: 0"
01.10.2024 08:43:21.800: Cmp=CmpApp, C=1, E=0, M="System, App CodeGUID: b2fc244e-0000-0000-0000-000000000000, DataGUID: 20cac2e9-0000-0000-0000-000000000000"
01.10.2024 08:43:21.810: Cmp=CmpApp, C=1, E=0, M="System, App Download successful [Application], create bootproject: 0"
01.10.2024 08:43:21.810: Cmp=CmpApp, C=1, E=0, M="System, App CodeGUID: b2fc244e-0000-0000-0000-000000000000, DataGUID: 20cac2e9-0000-0000-0000-000000000000"
01.10.2024 08:43:21.819: Cmp=CmpApp, C=1, E=0, M="System, App Download successful [Application], create bootproject: 0"
01.10.2024 08:43:21.819: Cmp=CmpApp, C=1, E=0, M="System, App CodeGUID: b2fc244e-0000-0000-0000-000000000000, DataGUID: 20cac2e9-0000-0000-0000-000000000000"
01.10.2024 08:43:21.828: Cmp=CmpApp, C=1, E=0, M="System, App Download successful [Application], create bootproject: 0"
01.10.2024 08:43:21.828: Cmp=CmpApp, C=1, E=0, M="System, App CodeGUID: b2fc244e-0000-0000-0000-000000000000, DataGUID: 20cac2e9-0000-0000-0000-000000000000"
01.10.2024 08:43:21.838: Cmp=CmpApp, C=1, E=0, M="System, App Download successful [Application], create bootproject: 0"
01.10.2024 08:43:21.838: Cmp=CmpApp, C=1, E=0, M="System, App CodeGUID: b2fc244e-0000-0000-0000-000000000000, DataGUID: 20cac2e9-0000-0000-0000-000000000000"
01.10.2024 08:43:21.846: Cmp=CmpApp, C=1, E=0, M="System, App Download successful [Application], create bootproject: 0"
01.10.2024 08:43:21.846: Cmp=CmpApp, C=1, E=0, M="System, App CodeGUID: b2fc244e-0000-0000-0000-000000000000, DataGUID: 20cac2e9-0000-0000-0000-000000000000"
01.10.2024 08:43:21.854: Cmp=CmpApp, C=1, E=0, M="System, App Download successful [Application], create bootproject: 0"
01.10.2024 08:43:21.854: Cmp=CmpApp, C=1, E=0, M="System, App CodeGUID: b2fc244e-0000-0000-0000-000000000000, DataGUID: 20cac2e9-0000-0000-0000-000000000000"
01.10.2024 08:43:21.864: Cmp=CmpApp, C=1, E=0, M="System, App Download successful [Application], create bootproject: 0"
01.10.2024 08:43:21.864: Cmp=CmpApp, C=1, E=0, M="System, App CodeGUID: b2fc244e-0000-0000-0000-000000000000, DataGUID: 20cac2e9-0000-0000-0000-000000000000"
01.10.2024 08:43:21.873: Cmp=CmpApp, C=1, E=0, M="System, App Download successful [Application], create bootproject: 0"
01.10.2024 08:43:21.873: Cmp=CmpApp, C=1, E=0, M="System, App CodeGUID: b2fc244e-0000-0000-0000-000000000000, DataGUID: 20cac2e9-0000-0000-0000-000000000000"
01.10.2024 08:43:21.882: Cmp=CmpApp, C=1, E=0, M="System, App Download successful [Application], create bootproject: 0"
01.10.2024 08:43:21.882: Cmp=CmpApp, C=1, E=0, M="System, App CodeGUID: b2fc244e-0000-0000-0000-000000000000, DataGUID: 20cac2e9-0000-0000-0000-000000000000"
01.10.2024 08:43:21.891: Cmp=CmpApp, C=1, E=0, M="System, App Download successful [Application], create bootproject: 0"
01.10.2024 08:43:21.891: Cmp=CmpApp, C=1, E=0, M="System, App CodeGUID: b2fc244e-0000-0000-0000-000000000000, DataGUID: 20cac2e9-0000-0000-0000-000000000000"
01.10.2024 08:43:21.901: Cmp=CmpApp, C=1, E=0, M="System, App Download successful [Application], create bootproject: 0"
01.10.2024 08:43:21.901: Cmp=CmpApp, C=1, E=0, M="System, App CodeGUID: b2fc244e-0000-0000-0000-000000000000, DataGUID: 20cac2e9-0000-0000-0000-000000000000"
01.10.2024 08:43:21.909: Cmp=CmpApp, C=1, E=0, M="System, App Download successful [Application], create bootproject: 0"
01.10.2024 08:43:21.909: Cmp=CmpApp, C=1, E=0, M="System, App CodeGUID: b2fc244e-0000-0000-0000-000000000000, DataGUID: 20cac2e9-0000-0000-0000-000000000000"
01.10.2024 08:43:21.918: Cmp=CmpApp, C=1, E=0, M="System, App Download successful [Application], create bootproject: 0"
01.10.2024 08:43:21.918: Cmp=CmpApp, C=1, E=0, M="System, App CodeGUID: b2fc244e-0000-0000-0000-000000000000, DataGUID: 20cac2e9-0000-0000-0000-000000000000"
01.10.2024 08:43:21.927: Cmp=CmpApp, C=1, E=0, M="System, App Download successful [Application], create bootproject: 0"
01.10.2024 08:43:21.927: Cmp=CmpApp, C=1, E=0, M="System, App CodeGUID: b2fc244e-0000-0000-0000-000000000000, DataGUID: 20cac2e9-0000-0000-0000-000000000000"
01.10.2024 08:43:21.937: Cmp=CmpApp, C=1, E=0, M="System, App Download successful [Application], create bootproject: 0"
01.10.2024 08:43:21.937: Cmp=CmpApp, C=1, E=0, M="System, App CodeGUID: b2fc244e-0000-0000-0000-000000000000, DataGUID: 20cac2e9-0000-0000-0000-000000000000"
01.10.2024 08:43:21.947: Cmp=CmpApp, C=1, E=0, M="System, App Download successful [Application], create bootproject: 0"
01.10.2024 08:43:21.947: Cmp=CmpApp, C=1, E=0, M="System, App CodeGUID: b2fc244e-0000-0000-0000-000000000000, DataGUID: 20cac2e9-0000-0000-0000-000000000000"
01.10.2024 08:43:21.955: Cmp=CmpApp, C=1, E=0, M="System, App Download successful [Application], create bootproject: 0"
01.10.2024 08:43:21.955: Cmp=CmpApp, C=1, E=0, M="System, App CodeGUID: b2fc244e-0000-0000-0000-000000000000, DataGUID: 20cac2e9-0000-0000-0000-000000000000"
01.10.2024 08:43:21.964: Cmp=CmpApp, C=1, E=0, M="System, App Download successful [Application], create bootproject: 0"
01.10.2024 08:43:21.964: Cmp=CmpApp, C=1, E=0, M="System, App CodeGUID: b2fc244e-0000-0000-0000-000000000000, DataGUID: 20cac2e9-0000-0000-0000-000000000000"
01.10.2024 08:43:21.972: Cmp=CmpApp, C=1, E=0, M="System, App Download successful [Application], create bootproject: 0"
01.10.2024 08:43:21.972: Cmp=CmpApp, C=1, E=0, M="System, App CodeGUID: b2fc244e-0000-0000-0000-000000000000, DataGUID: 20cac2e9-0000-0000-0000-000000000000"
01.10.2024 08:43:21.980: Cmp=CmpApp, C=1, E=0, M="System, App Download successful [Application], create bootproject: 0"
01.10.2024 08:43:21.980: Cmp=CmpApp, C=1, E=0, M="System, App CodeGUID: b2fc244e-0000-0000-0000-000000000000, DataGUID: 20cac2e9-0000-0000-0000-000000000000"
01.10.2024 08:43:21.988: Cmp=CmpApp, C=1, E=0, M="System, App Download successful [Application], create bootproject: 0"
01.10.2024 08:43:21.988: Cmp=CmpApp, C=1, E=0, M="System, App CodeGUID: b2fc244e-0000-0000-0000-000000000000, DataGUID: 20cac2e9-0000-0000-0000-000000000000"
01.10.2024 08:43:26.923: Cmp=CmpApp, C=1, E=0, M="System, App Download successful [Application], create bootproject: 0"
01.10.2024 08:43:26.923: Cmp=CmpApp, C=1, E=0, M="System, App CodeGUID: b2fc244e-0000-0000-0000-000000000000, DataGUID: 20cac2e9-0000-0000-0000-000000000000"
01.10.2024 08:43:27.195: Cmp=CmpApp, C=1, E=0, M="System, Application [Application] started"
01.10.2024 12:15:44.742: Cmp=CmpUserMgr, C=1, E=0, M="User: '1', Login (1)"
01.10.2024 12:15:44.828: Cmp=CmpUserMgr, C=1, E=0, M="User: '1', Logout (0)"
01.10.2024 12:17:20.938: Cmp=CmpUserMgr, C=1, E=0, M="User: '1', Login (1)"
01.10.2024 13:24:35.177: Cmp=CmpUserMgr, C=1, E=0, M="User: '1', Logout (0)"
02.10.2024 04:35:11.510: Cmp=CmpAuditLog, C=1, E=0, M="System, Shutdown"
02.10.2024 04:35:11.511: ================================================END LOG SESSION===================================================
02.10.2024 04:35:14.672: ================================================NEW LOG SESSION===================================================
02.10.2024 04:35:14.673: Cmp=CmpAuditLog, C=1, E=0, M="System, Startup"
02.10.2024 04:35:15.982: Cmp=CmpApp, C=1, E=0, M="System, App Create for Download successful"
02.10.2024 04:35:16.027: Cmp=CmpApp, C=1, E=0, M="System, App Download successful [Application], create bootproject: 0"
02.10.2024 04:35:16.027: Cmp=CmpApp, C=1, E=0, M="System, App CodeGUID: 40f74d0e-0000-0000-0000-000000000000, DataGUID: 91cee58b-0000-0000-0000-000000000000"
02.10.2024 04:35:16.039: Cmp=CmpApp, C=1, E=0, M="System, App Download successful [Application], create bootproject: 0"
02.10.2024 04:35:16.039: Cmp=CmpApp, C=1, E=0, M="System, App CodeGUID: 40f74d0e-0000-0000-0000-000000000000, DataGUID: 91cee58b-0000-0000-0000-000000000000"
02.10.2024 04:35:16.048: Cmp=CmpApp, C=1, E=0, M="System, App Download successful [Application], create bootproject: 0"
02.10.2024 04:35:16.048: Cmp=CmpApp, C=1, E=0, M="System, App CodeGUID: 40f74d0e-0000-0000-0000-000000000000, DataGUID: 91cee58b-0000-0000-0000-000000000000"
02.10.2024 04:35:16.056: Cmp=CmpApp, C=1, E=0, M="System, App Download successful [Application], create bootproject: 0"
02.10.2024 04:35:16.056: Cmp=CmpApp, C=1, E=0, M="System, App CodeGUID: 40f74d0e-0000-0000-0000-000000000000, DataGUID: 91cee58b-0000-0000-0000-000000000000"
02.10.2024 04:35:16.065: Cmp=CmpApp, C=1, E=0, M="System, App Download successful [Application], create bootproject: 0"
02.10.2024 04:35:16.065: Cmp=CmpApp, C=1, E=0, M="System, App CodeGUID: 40f74d0e-0000-0000-0000-000000000000, DataGUID: 91cee58b-0000-0000-0000-000000000000"
02.10.2024 04:35:16.074: Cmp=CmpApp, C=1, E=0, M="System, App Download successful [Application], create bootproject: 0"
02.10.2024 04:35:16.075: Cmp=CmpApp, C=1, E=0, M="System, App CodeGUID: 40f74d0e-0000-0000-0000-000000000000, DataGUID: 91cee58b-0000-0000-0000-000000000000"
02.10.2024 04:35:16.083: Cmp=CmpApp, C=1, E=0, M="System, App Download successful [Application], create bootproject: 0"
02.10.2024 04:35:16.083: Cmp=CmpApp, C=1, E=0, M="System, App CodeGUID: 40f74d0e-0000-0000-0000-000000000000, DataGUID: 91cee58b-0000-0000-0000-000000000000"
02.10.2024 04:35:16.091: Cmp=CmpApp, C=1, E=0, M="System, App Download successful [Application], create bootproject: 0"
02.10.2024 04:35:16.092: Cmp=CmpApp, C=1, E=0, M="System, App CodeGUID: 40f74d0e-0000-0000-0000-000000000000, DataGUID: 91cee58b-0000-0000-0000-000000000000"
02.10.2024 04:35:16.104: Cmp=CmpApp, C=1, E=0, M="System, App Download successful [Application], create bootproject: 0"
02.10.2024 04:35:16.104: Cmp=CmpApp, C=1, E=0, M="System, App CodeGUID: 40f74d0e-0000-0000-0000-000000000000, DataGUID: 91cee58b-0000-0000-0000-000000000000"
02.10.2024 04:35:16.113: Cmp=CmpApp, C=1, E=0, M="System, App Download successful [Application], create bootproject: 0"
02.10.2024 04:35:16.113: Cmp=CmpApp, C=1, E=0, M="System, App CodeGUID: 40f74d0e-0000-0000-0000-000000000000, DataGUID: 91cee58b-0000-0000-0000-000000000000"
02.10.2024 04:35:16.121: Cmp=CmpApp, C=1, E=0, M="System, App Download successful [Application], create bootproject: 0"
02.10.2024 04:35:16.121: Cmp=CmpApp, C=1, E=0, M="System, App CodeGUID: 40f74d0e-0000-0000-0000-000000000000, DataGUID: 91cee58b-0000-0000-0000-000000000000"
02.10.2024 04:35:16.130: Cmp=CmpApp, C=1, E=0, M="System, App Download successful [Application], create bootproject: 0"
02.10.2024 04:35:16.130: Cmp=CmpApp, C=1, E=0, M="System, App CodeGUID: 40f74d0e-0000-0000-0000-000000000000, DataGUID: 91cee58b-0000-0000-0000-000000000000"
02.10.2024 04:35:16.138: Cmp=CmpApp, C=1, E=0, M="System, App Download successful [Application], create bootproject: 0"
02.10.2024 04:35:16.139: Cmp=CmpApp, C=1, E=0, M="System, App CodeGUID: 40f74d0e-0000-0000-0000-000000000000, DataGUID: 91cee58b-0000-0000-0000-000000000000"
02.10.2024 04:35:16.147: Cmp=CmpApp, C=1, E=0, M="System, App Download successful [Application], create bootproject: 0"
02.10.2024 04:35:16.147: Cmp=CmpApp, C=1, E=0, M="System, App CodeGUID: 40f74d0e-0000-0000-0000-000000000000, DataGUID: 91cee58b-0000-0000-0000-000000000000"
02.10.2024 04:35:16.157: Cmp=CmpApp, C=1, E=0, M="System, App Download successful [Application], create bootproject: 0"
02.10.2024 04:35:16.157: Cmp=CmpApp, C=1, E=0, M="System, App CodeGUID: 40f74d0e-0000-0000-0000-000000000000, DataGUID: 91cee58b-0000-0000-0000-000000000000"
02.10.2024 04:35:16.166: Cmp=CmpApp, C=1, E=0, M="System, App Download successful [Application], create bootproject: 0"
02.10.2024 04:35:16.166: Cmp=CmpApp, C=1, E=0, M="System, App CodeGUID: 40f74d0e-0000-0000-0000-000000000000, DataGUID: 91cee58b-0000-0000-0000-000000000000"
02.10.2024 04:35:16.174: Cmp=CmpApp, C=1, E=0, M="System, App Download successful [Application], create bootproject: 0"
02.10.2024 04:35:16.174: Cmp=CmpApp, C=1, E=0, M="System, App CodeGUID: 40f74d0e-0000-0000-0000-000000000000, DataGUID: 91cee58b-0000-0000-0000-000000000000"
02.10.2024 04:35:16.184: Cmp=CmpApp, C=1, E=0, M="System, App Download successful [Application], create bootproject: 0"
02.10.2024 04:35:16.184: Cmp=CmpApp, C=1, E=0, M="System, App CodeGUID: 40f74d0e-0000-0000-0000-000000000000, DataGUID: 91cee58b-0000-0000-0000-000000000000"
02.10.2024 04:35:16.192: Cmp=CmpApp, C=1, E=0, M="System, App Download successful [Application], create bootproject: 0"
02.10.2024 04:35:16.192: Cmp=CmpApp, C=1, E=0, M="System, App CodeGUID: 40f74d0e-0000-0000-0000-000000000000, DataGUID: 91cee58b-0000-0000-0000-000000000000"
02.10.2024 04:35:16.200: Cmp=CmpApp, C=1, E=0, M="System, App Download successful [Application], create bootproject: 0"
02.10.2024 04:35:16.200: Cmp=CmpApp, C=1, E=0, M="System, App CodeGUID: 40f74d0e-0000-0000-0000-000000000000, DataGUID: 91cee58b-0000-0000-0000-000000000000"
02.10.2024 04:35:16.210: Cmp=CmpApp, C=1, E=0, M="System, App Download successful [Application], create bootproject: 0"
02.10.2024 04:35:16.210: Cmp=CmpApp, C=1, E=0, M="System, App CodeGUID: 40f74d0e-0000-0000-0000-000000000000, DataGUID: 91cee58b-0000-0000-0000-000000000000"
02.10.2024 04:35:16.221: Cmp=CmpApp, C=1, E=0, M="System, App Download successful [Application], create bootproject: 0"
02.10.2024 04:35:16.221: Cmp=CmpApp, C=1, E=0, M="System, App CodeGUID: 40f74d0e-0000-0000-0000-000000000000, DataGUID: 91cee58b-0000-0000-0000-000000000000"
02.10.2024 04:35:16.229: Cmp=CmpApp, C=1, E=0, M="System, App Download successful [Application], create bootproject: 0"
02.10.2024 04:35:16.229: Cmp=CmpApp, C=1, E=0, M="System, App CodeGUID: 40f74d0e-0000-0000-0000-000000000000, DataGUID: 91cee58b-0000-0000-0000-000000000000"
02.10.2024 04:35:16.237: Cmp=CmpApp, C=1, E=0, M="System, App Download successful [Application], create bootproject: 0"
02.10.2024 04:35:16.237: Cmp=CmpApp, C=1, E=0, M="System, App CodeGUID: 40f74d0e-0000-0000-0000-000000000000, DataGUID: 91cee58b-0000-0000-0000-000000000000"
02.10.2024 04:35:16.246: Cmp=CmpApp, C=1, E=0, M="System, App Download successful [Application], create bootproject: 0"
02.10.2024 04:35:16.246: Cmp=CmpApp, C=1, E=0, M="System, App CodeGUID: 40f74d0e-0000-0000-0000-000000000000, DataGUID: 91cee58b-0000-0000-0000-000000000000"
02.10.2024 04:35:16.254: Cmp=CmpApp, C=1, E=0, M="System, App Download successful [Application], create bootproject: 0"
02.10.2024 04:35:16.254: Cmp=CmpApp, C=1, E=0, M="System, App CodeGUID: 40f74d0e-0000-0000-0000-000000000000, DataGUID: 91cee58b-0000-0000-0000-000000000000"
02.10.2024 04:35:16.262: Cmp=CmpApp, C=1, E=0, M="System, App Download successful [Application], create bootproject: 0"
02.10.2024 04:35:16.262: Cmp=CmpApp, C=1, E=0, M="System, App CodeGUID: 40f74d0e-0000-0000-0000-000000000000, DataGUID: 91cee58b-0000-0000-0000-000000000000"
02.10.2024 04:35:21.126: Cmp=CmpApp, C=1, E=0, M="System, App Download successful [Application], create bootproject: 0"
02.10.2024 04:35:21.126: Cmp=CmpApp, C=1, E=0, M="System, App CodeGUID: 40f74d0e-0000-0000-0000-000000000000, DataGUID: 91cee58b-0000-0000-0000-000000000000"
02.10.2024 04:35:21.447: Cmp=CmpApp, C=1, E=0, M="System, Application [Application] started"
02.10.2024 08:05:32.498: Cmp=CmpUserMgr, C=1, E=0, M="User: '1', Login (1)"
02.10.2024 08:05:32.525: Cmp=CmpUserMgr, C=1, E=0, M="User: '1', Logout (0)"
02.10.2024 08:05:36.409: Cmp=CmpUserMgr, C=1, E=0, M="User: '1', Login (1)"
02.10.2024 08:05:36.477: Cmp=CmpUserMgr, C=1, E=0, M="User: '1', Logout (0)"
02.10.2024 08:05:49.903: Cmp=CmpUserMgr, C=1, E=0, M="User: '1', Login (1)"
02.10.2024 08:05:49.925: Cmp=CmpUserMgr, C=1, E=0, M="User: '1', Logout (0)"
02.10.2024 08:05:52.900: Cmp=CmpUserMgr, C=1, E=0, M="User: '1', Login (1)"
02.10.2024 08:07:17.825: Cmp=CmpUserMgr, C=1, E=0, M="User: '1', Logout (0)"
02.10.2024 08:07:34.796: Cmp=CmpUserMgr, C=1, E=0, M="User: '1', Login (1)"
02.10.2024 08:07:34.818: Cmp=CmpUserMgr, C=1, E=0, M="User: '1', Logout (0)"
02.10.2024 08:07:37.736: Cmp=CmpUserMgr, C=1, E=0, M="User: '1', Login (1)"
02.10.2024 08:08:18.173: Cmp=CmpUserMgr, C=1, E=0, M="User: '1', Logout (0)"
02.10.2024 08:08:24.797: Cmp=CmpUserMgr, C=1, E=0, M="User: '1', Login (1)"
02.10.2024 08:08:24.900: Cmp=CmpUserMgr, C=1, E=0, M="User: '1', Logout (0)"
02.10.2024 08:08:30.223: Cmp=CmpUserMgr, C=1, E=0, M="User: '1', Login (1)"
02.10.2024 08:08:30.284: Cmp=CmpUserMgr, C=1, E=0, M="User: '1', Logout (0)"
02.10.2024 08:08:37.374: Cmp=CmpUserMgr, C=1, E=0, M="User: '1', Login (1)"
02.10.2024 08:08:37.500: Cmp=CmpUserMgr, C=1, E=0, M="User: '1', Logout (0)"
02.10.2024 08:09:00.599: Cmp=CmpUserMgr, C=1, E=0, M="User: '1', Login (1)"
02.10.2024 08:11:56.707: Cmp=CmpUserMgr, C=1, E=0, M="User: '1', Logout (0)"
02.10.2024 08:12:50.981: Cmp=CmpUserMgr, C=1, E=0, M="User: '1', Login (1)"
02.10.2024 08:12:51.008: Cmp=CmpUserMgr, C=1, E=0, M="User: '1', Logout (0)"
02.10.2024 08:12:56.296: Cmp=CmpUserMgr, C=1, E=0, M="User: '1', Login (1)"
02.10.2024 08:12:56.342: Cmp=CmpUserMgr, C=1, E=0, M="User: '1', Logout (0)"
02.10.2024 08:13:06.969: Cmp=CmpUserMgr, C=1, E=0, M="User: '1', Login (1)"
02.10.2024 08:15:19.641: Cmp=CmpUserMgr, C=1, E=0, M="User: '1', Logout (0)"
02.10.2024 08:33:22.936: Cmp=CmpUserMgr, C=1, E=0, M="User: '1', Login (1)"
02.10.2024 08:33:23.236: Cmp=CmpUserMgr, C=1, E=0, M="User: '1', Logout (0)"
02.10.2024 08:33:26.337: Cmp=CmpUserMgr, C=1, E=0, M="User: '1', Login (1)"
02.10.2024 08:33:26.517: Cmp=CmpUserMgr, C=1, E=0, M="User: '1', Logout (0)"
02.10.2024 08:46:43.156: Cmp=CmpUserMgr, C=1, E=0, M="User: '1', Login (1)"
02.10.2024 08:46:43.180: Cmp=CmpUserMgr, C=1, E=0, M="User: '1', Logout (0)"
02.10.2024 08:46:47.642: Cmp=CmpUserMgr, C=1, E=0, M="User: '1', Login (1)"
02.10.2024 08:46:47.650: Cmp=CmpUserMgr, C=1, E=0, M="User: '1', Logout (0)"
02.10.2024 08:46:54.221: Cmp=CmpUserMgr, C=1, E=0, M="User: '1', Login (1)"
02.10.2024 09:49:24.764: Cmp=CmpUserMgr, C=1, E=0, M="User: '1', Logout (0)"
02.10.2024 10:18:19.678: Cmp=CmpUserMgr, C=1, E=0, M="User: '1', Login (1)"
02.10.2024 10:21:52.638: Cmp=CmpUserMgr, C=1, E=0, M="User: '1', Logout (0)"
02.10.2024 11:37:29.020: Cmp=CmpUserMgr, C=1, E=0, M="User: '1', Login (1)"
02.10.2024 11:51:45.203: ================================================NEW LOG SESSION===================================================
02.10.2024 11:51:45.205: Cmp=CmpAuditLog, C=1, E=0, M="System, Startup"
02.10.2024 11:51:47.031: Cmp=CmpApp, C=1, E=0, M="System, App Create for Download successful"
02.10.2024 11:51:47.077: Cmp=CmpApp, C=1, E=0, M="System, App Download successful [Application], create bootproject: 0"
02.10.2024 11:51:47.078: Cmp=CmpApp, C=1, E=0, M="System, App CodeGUID: 40f74d0e-0000-0000-0000-000000000000, DataGUID: 91cee58b-0000-0000-0000-000000000000"
02.10.2024 11:51:47.087: Cmp=CmpApp, C=1, E=0, M="System, App Download successful [Application], create bootproject: 0"
02.10.2024 11:51:47.087: Cmp=CmpApp, C=1, E=0, M="System, App CodeGUID: 40f74d0e-0000-0000-0000-000000000000, DataGUID: 91cee58b-0000-0000-0000-000000000000"
02.10.2024 11:51:47.095: Cmp=CmpApp, C=1, E=0, M="System, App Download successful [Application], create bootproject: 0"
02.10.2024 11:51:47.095: Cmp=CmpApp, C=1, E=0, M="System, App CodeGUID: 40f74d0e-0000-0000-0000-000000000000, DataGUID: 91cee58b-0000-0000-0000-000000000000"
02.10.2024 11:51:47.104: Cmp=CmpApp, C=1, E=0, M="System, App Download successful [Application], create bootproject: 0"
02.10.2024 11:51:47.104: Cmp=CmpApp, C=1, E=0, M="System, App CodeGUID: 40f74d0e-0000-0000-0000-000000000000, DataGUID: 91cee58b-0000-0000-0000-000000000000"
02.10.2024 11:51:47.113: Cmp=CmpApp, C=1, E=0, M="System, App Download successful [Application], create bootproject: 0"
02.10.2024 11:51:47.113: Cmp=CmpApp, C=1, E=0, M="System, App CodeGUID: 40f74d0e-0000-0000-0000-000000000000, DataGUID: 91cee58b-0000-0000-0000-000000000000"
02.10.2024 11:51:47.122: Cmp=CmpApp, C=1, E=0, M="System, App Download successful [Application], create bootproject: 0"
02.10.2024 11:51:47.122: Cmp=CmpApp, C=1, E=0, M="System, App CodeGUID: 40f74d0e-0000-0000-0000-000000000000, DataGUID: 91cee58b-0000-0000-0000-000000000000"
02.10.2024 11:51:47.131: Cmp=CmpApp, C=1, E=0, M="System, App Download successful [Application], create bootproject: 0"
02.10.2024 11:51:47.131: Cmp=CmpApp, C=1, E=0, M="System, App CodeGUID: 40f74d0e-0000-0000-0000-000000000000, DataGUID: 91cee58b-0000-0000-0000-000000000000"
02.10.2024 11:51:47.139: Cmp=CmpApp, C=1, E=0, M="System, App Download successful [Application], create bootproject: 0"
02.10.2024 11:51:47.139: Cmp=CmpApp, C=1, E=0, M="System, App CodeGUID: 40f74d0e-0000-0000-0000-000000000000, DataGUID: 91cee58b-0000-0000-0000-000000000000"
02.10.2024 11:51:47.148: Cmp=CmpApp, C=1, E=0, M="System, App Download successful [Application], create bootproject: 0"
02.10.2024 11:51:47.148: Cmp=CmpApp, C=1, E=0, M="System, App CodeGUID: 40f74d0e-0000-0000-0000-000000000000, DataGUID: 91cee58b-0000-0000-0000-000000000000"
02.10.2024 11:51:47.156: Cmp=CmpApp, C=1, E=0, M="System, App Download successful [Application], create bootproject: 0"
02.10.2024 11:51:47.156: Cmp=CmpApp, C=1, E=0, M="System, App CodeGUID: 40f74d0e-0000-0000-0000-000000000000, DataGUID: 91cee58b-0000-0000-0000-000000000000"
02.10.2024 11:51:47.166: Cmp=CmpApp, C=1, E=0, M="System, App Download successful [Application], create bootproject: 0"
02.10.2024 11:51:47.166: Cmp=CmpApp, C=1, E=0, M="System, App CodeGUID: 40f74d0e-0000-0000-0000-000000000000, DataGUID: 91cee58b-0000-0000-0000-000000000000"
02.10.2024 11:51:47.174: Cmp=CmpApp, C=1, E=0, M="System, App Download successful [Application], create bootproject: 0"
02.10.2024 11:51:47.174: Cmp=CmpApp, C=1, E=0, M="System, App CodeGUID: 40f74d0e-0000-0000-0000-000000000000, DataGUID: 91cee58b-0000-0000-0000-000000000000"
02.10.2024 11:51:47.182: Cmp=CmpApp, C=1, E=0, M="System, App Download successful [Application], create bootproject: 0"
02.10.2024 11:51:47.182: Cmp=CmpApp, C=1, E=0, M="System, App CodeGUID: 40f74d0e-0000-0000-0000-000000000000, DataGUID: 91cee58b-0000-0000-0000-000000000000"
02.10.2024 11:51:47.192: Cmp=CmpApp, C=1, E=0, M="System, App Download successful [Application], create bootproject: 0"
02.10.2024 11:51:47.192: Cmp=CmpApp, C=1, E=0, M="System, App CodeGUID: 40f74d0e-0000-0000-0000-000000000000, DataGUID: 91cee58b-0000-0000-0000-000000000000"
02.10.2024 11:51:47.201: Cmp=CmpApp, C=1, E=0, M="System, App Download successful [Application], create bootproject: 0"
02.10.2024 11:51:47.201: Cmp=CmpApp, C=1, E=0, M="System, App CodeGUID: 40f74d0e-0000-0000-0000-000000000000, DataGUID: 91cee58b-0000-0000-0000-000000000000"
02.10.2024 11:51:47.209: Cmp=CmpApp, C=1, E=0, M="System, App Download successful [Application], create bootproject: 0"
02.10.2024 11:51:47.209: Cmp=CmpApp, C=1, E=0, M="System, App CodeGUID: 40f74d0e-0000-0000-0000-000000000000, DataGUID: 91cee58b-0000-0000-0000-000000000000"
02.10.2024 11:51:47.219: Cmp=CmpApp, C=1, E=0, M="System, App Download successful [Application], create bootproject: 0"
02.10.2024 11:51:47.219: Cmp=CmpApp, C=1, E=0, M="System, App CodeGUID: 40f74d0e-0000-0000-0000-000000000000, DataGUID: 91cee58b-0000-0000-0000-000000000000"
02.10.2024 11:51:47.228: Cmp=CmpApp, C=1, E=0, M="System, App Download successful [Application], create bootproject: 0"
02.10.2024 11:51:47.228: Cmp=CmpApp, C=1, E=0, M="System, App CodeGUID: 40f74d0e-0000-0000-0000-000000000000, DataGUID: 91cee58b-0000-0000-0000-000000000000"
02.10.2024 11:51:47.236: Cmp=CmpApp, C=1, E=0, M="System, App Download successful [Application], create bootproject: 0"
02.10.2024 11:51:47.236: Cmp=CmpApp, C=1, E=0, M="System, App CodeGUID: 40f74d0e-0000-0000-0000-000000000000, DataGUID: 91cee58b-0000-0000-0000-000000000000"
02.10.2024 11:51:47.246: Cmp=CmpApp, C=1, E=0, M="System, App Download successful [Application], create bootproject: 0"
02.10.2024 11:51:47.246: Cmp=CmpApp, C=1, E=0, M="System, App CodeGUID: 40f74d0e-0000-0000-0000-000000000000, DataGUID: 91cee58b-0000-0000-0000-000000000000"
02.10.2024 11:51:47.255: Cmp=CmpApp, C=1, E=0, M="System, App Download successful [Application], create bootproject: 0"
02.10.2024 11:51:47.255: Cmp=CmpApp, C=1, E=0, M="System, App CodeGUID: 40f74d0e-0000-0000-0000-000000000000, DataGUID: 91cee58b-0000-0000-0000-000000000000"
02.10.2024 11:51:47.265: Cmp=CmpApp, C=1, E=0, M="System, App Download successful [Application], create bootproject: 0"
02.10.2024 11:51:47.265: Cmp=CmpApp, C=1, E=0, M="System, App CodeGUID: 40f74d0e-0000-0000-0000-000000000000, DataGUID: 91cee58b-0000-0000-0000-000000000000"
02.10.2024 11:51:47.273: Cmp=CmpApp, C=1, E=0, M="System, App Download successful [Application], create bootproject: 0"
02.10.2024 11:51:47.273: Cmp=CmpApp, C=1, E=0, M="System, App CodeGUID: 40f74d0e-0000-0000-0000-000000000000, DataGUID: 91cee58b-0000-0000-0000-000000000000"
02.10.2024 11:51:47.283: Cmp=CmpApp, C=1, E=0, M="System, App Download successful [Application], create bootproject: 0"
02.10.2024 11:51:47.283: Cmp=CmpApp, C=1, E=0, M="System, App CodeGUID: 40f74d0e-0000-0000-0000-000000000000, DataGUID: 91cee58b-0000-0000-0000-000000000000"
02.10.2024 11:51:47.292: Cmp=CmpApp, C=1, E=0, M="System, App Download successful [Application], create bootproject: 0"
02.10.2024 11:51:47.292: Cmp=CmpApp, C=1, E=0, M="System, App CodeGUID: 40f74d0e-0000-0000-0000-000000000000, DataGUID: 91cee58b-0000-0000-0000-000000000000"
02.10.2024 11:51:47.299: Cmp=CmpApp, C=1, E=0, M="System, App Download successful [Application], create bootproject: 0"
02.10.2024 11:51:47.299: Cmp=CmpApp, C=1, E=0, M="System, App CodeGUID: 40f74d0e-0000-0000-0000-000000000000, DataGUID: 91cee58b-0000-0000-0000-000000000000"
02.10.2024 11:51:47.308: Cmp=CmpApp, C=1, E=0, M="System, App Download successful [Application], create bootproject: 0"
02.10.2024 11:51:47.308: Cmp=CmpApp, C=1, E=0, M="System, App CodeGUID: 40f74d0e-0000-0000-0000-000000000000, DataGUID: 91cee58b-0000-0000-0000-000000000000"
02.10.2024 11:51:52.336: Cmp=CmpApp, C=1, E=0, M="System, App Download successful [Application], create bootproject: 0"
02.10.2024 11:51:52.336: Cmp=CmpApp, C=1, E=0, M="System, App CodeGUID: 40f74d0e-0000-0000-0000-000000000000, DataGUID: 91cee58b-0000-0000-0000-000000000000"
02.10.2024 11:51:52.597: Cmp=CmpApp, C=1, E=0, M="System, Application [Application] started"
03.10.2024 04:48:31.786: ================================================NEW LOG SESSION===================================================
03.10.2024 04:48:31.789: Cmp=CmpAuditLog, C=1, E=0, M="System, Startup"
03.10.2024 04:48:33.608: Cmp=CmpApp, C=1, E=0, M="System, App Create for Download successful"
03.10.2024 04:48:33.655: Cmp=CmpApp, C=1, E=0, M="System, App Download successful [Application], create bootproject: 0"
03.10.2024 04:48:33.655: Cmp=CmpApp, C=1, E=0, M="System, App CodeGUID: 40f74d0e-0000-0000-0000-000000000000, DataGUID: 91cee58b-0000-0000-0000-000000000000"
03.10.2024 04:48:33.664: Cmp=CmpApp, C=1, E=0, M="System, App Download successful [Application], create bootproject: 0"
03.10.2024 04:48:33.665: Cmp=CmpApp, C=1, E=0, M="System, App CodeGUID: 40f74d0e-0000-0000-0000-000000000000, DataGUID: 91cee58b-0000-0000-0000-000000000000"
03.10.2024 04:48:33.672: Cmp=CmpApp, C=1, E=0, M="System, App Download successful [Application], create bootproject: 0"
03.10.2024 04:48:33.672: Cmp=CmpApp, C=1, E=0, M="System, App CodeGUID: 40f74d0e-0000-0000-0000-000000000000, DataGUID: 91cee58b-0000-0000-0000-000000000000"
03.10.2024 04:48:33.682: Cmp=CmpApp, C=1, E=0, M="System, App Download successful [Application], create bootproject: 0"
03.10.2024 04:48:33.682: Cmp=CmpApp, C=1, E=0, M="System, App CodeGUID: 40f74d0e-0000-0000-0000-000000000000, DataGUID: 91cee58b-0000-0000-0000-000000000000"
03.10.2024 04:48:33.691: Cmp=CmpApp, C=1, E=0, M="System, App Download successful [Application], create bootproject: 0"
03.10.2024 04:48:33.691: Cmp=CmpApp, C=1, E=0, M="System, App CodeGUID: 40f74d0e-0000-0000-0000-000000000000, DataGUID: 91cee58b-0000-0000-0000-000000000000"
03.10.2024 04:48:33.700: Cmp=CmpApp, C=1, E=0, M="System, App Download successful [Application], create bootproject: 0"
03.10.2024 04:48:33.700: Cmp=CmpApp, C=1, E=0, M="System, App CodeGUID: 40f74d0e-0000-0000-0000-000000000000, DataGUID: 91cee58b-0000-0000-0000-000000000000"
03.10.2024 04:48:33.709: Cmp=CmpApp, C=1, E=0, M="System, App Download successful [Application], create bootproject: 0"
03.10.2024 04:48:33.709: Cmp=CmpApp, C=1, E=0, M="System, App CodeGUID: 40f74d0e-0000-0000-0000-000000000000, DataGUID: 91cee58b-0000-0000-0000-000000000000"
03.10.2024 04:48:33.718: Cmp=CmpApp, C=1, E=0, M="System, App Download successful [Application], create bootproject: 0"
03.10.2024 04:48:33.718: Cmp=CmpApp, C=1, E=0, M="System, App CodeGUID: 40f74d0e-0000-0000-0000-000000000000, DataGUID: 91cee58b-0000-0000-0000-000000000000"
03.10.2024 04:48:33.726: Cmp=CmpApp, C=1, E=0, M="System, App Download successful [Application], create bootproject: 0"
03.10.2024 04:48:33.726: Cmp=CmpApp, C=1, E=0, M="System, App CodeGUID: 40f74d0e-0000-0000-0000-000000000000, DataGUID: 91cee58b-0000-0000-0000-000000000000"
03.10.2024 04:48:33.734: Cmp=CmpApp, C=1, E=0, M="System, App Download successful [Application], create bootproject: 0"
03.10.2024 04:48:33.734: Cmp=CmpApp, C=1, E=0, M="System, App CodeGUID: 40f74d0e-0000-0000-0000-000000000000, DataGUID: 91cee58b-0000-0000-0000-000000000000"
03.10.2024 04:48:33.744: Cmp=CmpApp, C=1, E=0, M="System, App Download successful [Application], create bootproject: 0"
03.10.2024 04:48:33.744: Cmp=CmpApp, C=1, E=0, M="System, App CodeGUID: 40f74d0e-0000-0000-0000-000000000000, DataGUID: 91cee58b-0000-0000-0000-000000000000"
03.10.2024 04:48:33.752: Cmp=CmpApp, C=1, E=0, M="System, App Download successful [Application], create bootproject: 0"
03.10.2024 04:48:33.752: Cmp=CmpApp, C=1, E=0, M="System, App CodeGUID: 40f74d0e-0000-0000-0000-000000000000, DataGUID: 91cee58b-0000-0000-0000-000000000000"
03.10.2024 04:48:33.760: Cmp=CmpApp, C=1, E=0, M="System, App Download successful [Application], create bootproject: 0"
03.10.2024 04:48:33.760: Cmp=CmpApp, C=1, E=0, M="System, App CodeGUID: 40f74d0e-0000-0000-0000-000000000000, DataGUID: 91cee58b-0000-0000-0000-000000000000"
03.10.2024 04:48:33.770: Cmp=CmpApp, C=1, E=0, M="System, App Download successful [Application], create bootproject: 0"
03.10.2024 04:48:33.770: Cmp=CmpApp, C=1, E=0, M="System, App CodeGUID: 40f74d0e-0000-0000-0000-000000000000, DataGUID: 91cee58b-0000-0000-0000-000000000000"
03.10.2024 04:48:33.778: Cmp=CmpApp, C=1, E=0, M="System, App Download successful [Application], create bootproject: 0"
03.10.2024 04:48:33.778: Cmp=CmpApp, C=1, E=0, M="System, App CodeGUID: 40f74d0e-0000-0000-0000-000000000000, DataGUID: 91cee58b-0000-0000-0000-000000000000"
03.10.2024 04:48:33.787: Cmp=CmpApp, C=1, E=0, M="System, App Download successful [Application], create bootproject: 0"
03.10.2024 04:48:33.787: Cmp=CmpApp, C=1, E=0, M="System, App CodeGUID: 40f74d0e-0000-0000-0000-000000000000, DataGUID: 91cee58b-0000-0000-0000-000000000000"
03.10.2024 04:48:33.797: Cmp=CmpApp, C=1, E=0, M="System, App Download successful [Application], create bootproject: 0"
03.10.2024 04:48:33.797: Cmp=CmpApp, C=1, E=0, M="System, App CodeGUID: 40f74d0e-0000-0000-0000-000000000000, DataGUID: 91cee58b-0000-0000-0000-000000000000"
03.10.2024 04:48:33.805: Cmp=CmpApp, C=1, E=0, M="System, App Download successful [Application], create bootproject: 0"
03.10.2024 04:48:33.805: Cmp=CmpApp, C=1, E=0, M="System, App CodeGUID: 40f74d0e-0000-0000-0000-000000000000, DataGUID: 91cee58b-0000-0000-0000-000000000000"
03.10.2024 04:48:33.813: Cmp=CmpApp, C=1, E=0, M="System, App Download successful [Application], create bootproject: 0"
03.10.2024 04:48:33.814: Cmp=CmpApp, C=1, E=0, M="System, App CodeGUID: 40f74d0e-0000-0000-0000-000000000000, DataGUID: 91cee58b-0000-0000-0000-000000000000"
03.10.2024 04:48:33.822: Cmp=CmpApp, C=1, E=0, M="System, App Download successful [Application], create bootproject: 0"
03.10.2024 04:48:33.823: Cmp=CmpApp, C=1, E=0, M="System, App CodeGUID: 40f74d0e-0000-0000-0000-000000000000, DataGUID: 91cee58b-0000-0000-0000-000000000000"
03.10.2024 04:48:33.831: Cmp=CmpApp, C=1, E=0, M="System, App Download successful [Application], create bootproject: 0"
03.10.2024 04:48:33.832: Cmp=CmpApp, C=1, E=0, M="System, App CodeGUID: 40f74d0e-0000-0000-0000-000000000000, DataGUID: 91cee58b-0000-0000-0000-000000000000"
03.10.2024 04:48:33.841: Cmp=CmpApp, C=1, E=0, M="System, App Download successful [Application], create bootproject: 0"
03.10.2024 04:48:33.842: Cmp=CmpApp, C=1, E=0, M="System, App CodeGUID: 40f74d0e-0000-0000-0000-000000000000, DataGUID: 91cee58b-0000-0000-0000-000000000000"
03.10.2024 04:48:33.850: Cmp=CmpApp, C=1, E=0, M="System, App Download successful [Application], create bootproject: 0"
03.10.2024 04:48:33.850: Cmp=CmpApp, C=1, E=0, M="System, App CodeGUID: 40f74d0e-0000-0000-0000-000000000000, DataGUID: 91cee58b-0000-0000-0000-000000000000"
03.10.2024 04:48:33.858: Cmp=CmpApp, C=1, E=0, M="System, App Download successful [Application], create bootproject: 0"
03.10.2024 04:48:33.858: Cmp=CmpApp, C=1, E=0, M="System, App CodeGUID: 40f74d0e-0000-0000-0000-000000000000, DataGUID: 91cee58b-0000-0000-0000-000000000000"
03.10.2024 04:48:33.865: Cmp=CmpApp, C=1, E=0, M="System, App Download successful [Application], create bootproject: 0"
03.10.2024 04:48:33.866: Cmp=CmpApp, C=1, E=0, M="System, App CodeGUID: 40f74d0e-0000-0000-0000-000000000000, DataGUID: 91cee58b-0000-0000-0000-000000000000"
03.10.2024 04:48:33.874: Cmp=CmpApp, C=1, E=0, M="System, App Download successful [Application], create bootproject: 0"
03.10.2024 04:48:33.874: Cmp=CmpApp, C=1, E=0, M="System, App CodeGUID: 40f74d0e-0000-0000-0000-000000000000, DataGUID: 91cee58b-0000-0000-0000-000000000000"
03.10.2024 04:48:33.882: Cmp=CmpApp, C=1, E=0, M="System, App Download successful [Application], create bootproject: 0"
03.10.2024 04:48:33.882: Cmp=CmpApp, C=1, E=0, M="System, App CodeGUID: 40f74d0e-0000-0000-0000-000000000000, DataGUID: 91cee58b-0000-0000-0000-000000000000"
03.10.2024 04:48:38.851: Cmp=CmpApp, C=1, E=0, M="System, App Download successful [Application], create bootproject: 0"
03.10.2024 04:48:38.851: Cmp=CmpApp, C=1, E=0, M="System, App CodeGUID: 40f74d0e-0000-0000-0000-000000000000, DataGUID: 91cee58b-0000-0000-0000-000000000000"
03.10.2024 04:48:39.257: Cmp=CmpApp, C=1, E=0, M="System, Application [Application] started"
03.10.2024 05:36:00.782: Cmp=CmpUserMgr, C=1, E=0, M="User: '1', Login (1)"
03.10.2024 05:36:00.816: Cmp=CmpUserMgr, C=1, E=0, M="User: '1', Logout (0)"
03.10.2024 05:36:05.165: Cmp=CmpUserMgr, C=1, E=0, M="User: '1', Login (1)"
03.10.2024 05:36:05.235: Cmp=CmpUserMgr, C=1, E=0, M="User: '1', Logout (0)"
03.10.2024 05:36:13.220: Cmp=CmpUserMgr, C=1, E=0, M="User: '1', Login (1)"
03.10.2024 05:37:04.734: Cmp=CmpApp, C=1, E=0, M="User: '1', App Reinitialize for Download successful"
03.10.2024 05:37:05.706: Cmp=CmpApp, C=1, E=0, M="User: '1', App Download successful [Application], create bootproject: 1"
03.10.2024 05:37:05.706: Cmp=CmpApp, C=1, E=0, M="User: '1', App CodeGUID: 011cea7b-0000-0000-0000-000000000000, DataGUID: 5d903122-0000-0000-0000-000000000000"
03.10.2024 05:37:05.805: Cmp=CmpApp, C=1, E=0, M="User: '1', App Download successful [Application], create bootproject: 1"
03.10.2024 05:37:05.805: Cmp=CmpApp, C=1, E=0, M="User: '1', App CodeGUID: 011cea7b-0000-0000-0000-000000000000, DataGUID: 5d903122-0000-0000-0000-000000000000"
03.10.2024 05:37:05.898: Cmp=CmpApp, C=1, E=0, M="User: '1', App Download successful [Application], create bootproject: 1"
03.10.2024 05:37:05.898: Cmp=CmpApp, C=1, E=0, M="User: '1', App CodeGUID: 011cea7b-0000-0000-0000-000000000000, DataGUID: 5d903122-0000-0000-0000-000000000000"
03.10.2024 05:37:05.988: Cmp=CmpApp, C=1, E=0, M="User: '1', App Download successful [Application], create bootproject: 1"
03.10.2024 05:37:05.988: Cmp=CmpApp, C=1, E=0, M="User: '1', App CodeGUID: 011cea7b-0000-0000-0000-000000000000, DataGUID: 5d903122-0000-0000-0000-000000000000"
03.10.2024 05:37:06.088: Cmp=CmpApp, C=1, E=0, M="User: '1', App Download successful [Application], create bootproject: 1"
03.10.2024 05:37:06.088: Cmp=CmpApp, C=1, E=0, M="User: '1', App CodeGUID: 011cea7b-0000-0000-0000-000000000000, DataGUID: 5d903122-0000-0000-0000-000000000000"
03.10.2024 05:37:06.171: Cmp=CmpApp, C=1, E=0, M="User: '1', App Download successful [Application], create bootproject: 1"
03.10.2024 05:37:06.171: Cmp=CmpApp, C=1, E=0, M="User: '1', App CodeGUID: 011cea7b-0000-0000-0000-000000000000, DataGUID: 5d903122-0000-0000-0000-000000000000"
03.10.2024 05:37:06.266: Cmp=CmpApp, C=1, E=0, M="User: '1', App Download successful [Application], create bootproject: 1"
03.10.2024 05:37:06.267: Cmp=CmpApp, C=1, E=0, M="User: '1', App CodeGUID: 011cea7b-0000-0000-0000-000000000000, DataGUID: 5d903122-0000-0000-0000-000000000000"
03.10.2024 05:37:06.359: Cmp=CmpApp, C=1, E=0, M="User: '1', App Download successful [Application], create bootproject: 1"
03.10.2024 05:37:06.359: Cmp=CmpApp, C=1, E=0, M="User: '1', App CodeGUID: 011cea7b-0000-0000-0000-000000000000, DataGUID: 5d903122-0000-0000-0000-000000000000"
03.10.2024 05:37:06.458: Cmp=CmpApp, C=1, E=0, M="User: '1', App Download successful [Application], create bootproject: 1"
03.10.2024 05:37:06.459: Cmp=CmpApp, C=1, E=0, M="User: '1', App CodeGUID: 011cea7b-0000-0000-0000-000000000000, DataGUID: 5d903122-0000-0000-0000-000000000000"
03.10.2024 05:37:06.548: Cmp=CmpApp, C=1, E=0, M="User: '1', App Download successful [Application], create bootproject: 1"
03.10.2024 05:37:06.548: Cmp=CmpApp, C=1, E=0, M="User: '1', App CodeGUID: 011cea7b-0000-0000-0000-000000000000, DataGUID: 5d903122-0000-0000-0000-000000000000"
03.10.2024 05:37:06.640: Cmp=CmpApp, C=1, E=0, M="User: '1', App Download successful [Application], create bootproject: 1"
03.10.2024 05:37:06.640: Cmp=CmpApp, C=1, E=0, M="User: '1', App CodeGUID: 011cea7b-0000-0000-0000-000000000000, DataGUID: 5d903122-0000-0000-0000-000000000000"
03.10.2024 05:37:06.731: Cmp=CmpApp, C=1, E=0, M="User: '1', App Download successful [Application], create bootproject: 1"
03.10.2024 05:37:06.731: Cmp=CmpApp, C=1, E=0, M="User: '1', App CodeGUID: 011cea7b-0000-0000-0000-000000000000, DataGUID: 5d903122-0000-0000-0000-000000000000"
03.10.2024 05:37:06.815: Cmp=CmpApp, C=1, E=0, M="User: '1', App Download successful [Application], create bootproject: 1"
03.10.2024 05:37:06.815: Cmp=CmpApp, C=1, E=0, M="User: '1', App CodeGUID: 011cea7b-0000-0000-0000-000000000000, DataGUID: 5d903122-0000-0000-0000-000000000000"
03.10.2024 05:37:06.915: Cmp=CmpApp, C=1, E=0, M="User: '1', App Download successful [Application], create bootproject: 1"
03.10.2024 05:37:06.915: Cmp=CmpApp, C=1, E=0, M="User: '1', App CodeGUID: 011cea7b-0000-0000-0000-000000000000, DataGUID: 5d903122-0000-0000-0000-000000000000"
03.10.2024 05:37:07.002: Cmp=CmpApp, C=1, E=0, M="User: '1', App Download successful [Application], create bootproject: 1"
03.10.2024 05:37:07.002: Cmp=CmpApp, C=1, E=0, M="User: '1', App CodeGUID: 011cea7b-0000-0000-0000-000000000000, DataGUID: 5d903122-0000-0000-0000-000000000000"
03.10.2024 05:37:07.093: Cmp=CmpApp, C=1, E=0, M="User: '1', App Download successful [Application], create bootproject: 1"
03.10.2024 05:37:07.093: Cmp=CmpApp, C=1, E=0, M="User: '1', App CodeGUID: 011cea7b-0000-0000-0000-000000000000, DataGUID: 5d903122-0000-0000-0000-000000000000"
03.10.2024 05:37:07.196: Cmp=CmpApp, C=1, E=0, M="User: '1', App Download successful [Application], create bootproject: 1"
03.10.2024 05:37:07.196: Cmp=CmpApp, C=1, E=0, M="User: '1', App CodeGUID: 011cea7b-0000-0000-0000-000000000000, DataGUID: 5d903122-0000-0000-0000-000000000000"
03.10.2024 05:37:07.281: Cmp=CmpApp, C=1, E=0, M="User: '1', App Download successful [Application], create bootproject: 1"
03.10.2024 05:37:07.281: Cmp=CmpApp, C=1, E=0, M="User: '1', App CodeGUID: 011cea7b-0000-0000-0000-000000000000, DataGUID: 5d903122-0000-0000-0000-000000000000"
03.10.2024 05:37:07.381: Cmp=CmpApp, C=1, E=0, M="User: '1', App Download successful [Application], create bootproject: 1"
03.10.2024 05:37:07.381: Cmp=CmpApp, C=1, E=0, M="User: '1', App CodeGUID: 011cea7b-0000-0000-0000-000000000000, DataGUID: 5d903122-0000-0000-0000-000000000000"
03.10.2024 05:37:07.465: Cmp=CmpApp, C=1, E=0, M="User: '1', App Download successful [Application], create bootproject: 1"
03.10.2024 05:37:07.465: Cmp=CmpApp, C=1, E=0, M="User: '1', App CodeGUID: 011cea7b-0000-0000-0000-000000000000, DataGUID: 5d903122-0000-0000-0000-000000000000"
03.10.2024 05:37:07.550: Cmp=CmpApp, C=1, E=0, M="User: '1', App Download successful [Application], create bootproject: 1"
03.10.2024 05:37:07.550: Cmp=CmpApp, C=1, E=0, M="User: '1', App CodeGUID: 011cea7b-0000-0000-0000-000000000000, DataGUID: 5d903122-0000-0000-0000-000000000000"
03.10.2024 05:37:07.643: Cmp=CmpApp, C=1, E=0, M="User: '1', App Download successful [Application], create bootproject: 1"
03.10.2024 05:37:07.643: Cmp=CmpApp, C=1, E=0, M="User: '1', App CodeGUID: 011cea7b-0000-0000-0000-000000000000, DataGUID: 5d903122-0000-0000-0000-000000000000"
03.10.2024 05:37:07.731: Cmp=CmpApp, C=1, E=0, M="User: '1', App Download successful [Application], create bootproject: 1"
03.10.2024 05:37:07.731: Cmp=CmpApp, C=1, E=0, M="User: '1', App CodeGUID: 011cea7b-0000-0000-0000-000000000000, DataGUID: 5d903122-0000-0000-0000-000000000000"
03.10.2024 05:37:07.815: Cmp=CmpApp, C=1, E=0, M="User: '1', App Download successful [Application], create bootproject: 1"
03.10.2024 05:37:07.815: Cmp=CmpApp, C=1, E=0, M="User: '1', App CodeGUID: 011cea7b-0000-0000-0000-000000000000, DataGUID: 5d903122-0000-0000-0000-000000000000"
03.10.2024 05:37:07.950: Cmp=CmpApp, C=1, E=0, M="User: '1', App Download successful [Application], create bootproject: 1"
03.10.2024 05:37:07.950: Cmp=CmpApp, C=1, E=0, M="User: '1', App CodeGUID: 011cea7b-0000-0000-0000-000000000000, DataGUID: 5d903122-0000-0000-0000-000000000000"
03.10.2024 05:37:08.046: Cmp=CmpApp, C=1, E=0, M="User: '1', App Download successful [Application], create bootproject: 1"
03.10.2024 05:37:08.047: Cmp=CmpApp, C=1, E=0, M="User: '1', App CodeGUID: 011cea7b-0000-0000-0000-000000000000, DataGUID: 5d903122-0000-0000-0000-000000000000"
03.10.2024 05:37:08.137: Cmp=CmpApp, C=1, E=0, M="User: '1', App Download successful [Application], create bootproject: 1"
03.10.2024 05:37:08.137: Cmp=CmpApp, C=1, E=0, M="User: '1', App CodeGUID: 011cea7b-0000-0000-0000-000000000000, DataGUID: 5d903122-0000-0000-0000-000000000000"
03.10.2024 05:37:13.820: Cmp=CmpApp, C=1, E=0, M="User: '1', App Download successful [Application], create bootproject: 1"
03.10.2024 05:37:13.821: Cmp=CmpApp, C=1, E=0, M="User: '1', App CodeGUID: 011cea7b-0000-0000-0000-000000000000, DataGUID: 5d903122-0000-0000-0000-000000000000"
03.10.2024 05:37:18.940: Cmp=CmpApp, C=1, E=0, M="User: '1', App Start successful"
03.10.2024 05:44:49.464: Cmp=CmpUserMgr, C=1, E=0, M="User: '1', Logout (0)"
03.10.2024 05:47:42.642: Cmp=CmpUserMgr, C=1, E=0, M="User: '1', Login (1)"
03.10.2024 05:47:59.608: Cmp=CmpUserMgr, C=1, E=0, M="User: '1', Logout (0)"
03.10.2024 05:51:06.787: Cmp=CmpUserMgr, C=1, E=0, M="User: '1', Login (1)"
03.10.2024 05:51:45.400: Cmp=CmpApp, C=1, E=0, M="User: '1', App Reinitialize for Download successful"
03.10.2024 05:51:46.945: Cmp=CmpApp, C=1, E=0, M="User: '1', App Download successful [Application], create bootproject: 1"
03.10.2024 05:51:46.945: Cmp=CmpApp, C=1, E=0, M="User: '1', App CodeGUID: 413b49db-0000-0000-0000-000000000000, DataGUID: 5d903122-0000-0000-0000-000000000000"
03.10.2024 05:51:47.011: Cmp=CmpApp, C=1, E=0, M="User: '1', App Download successful [Application], create bootproject: 1"
03.10.2024 05:51:47.011: Cmp=CmpApp, C=1, E=0, M="User: '1', App CodeGUID: 413b49db-0000-0000-0000-000000000000, DataGUID: 5d903122-0000-0000-0000-000000000000"
03.10.2024 05:51:47.148: Cmp=CmpApp, C=1, E=0, M="User: '1', App Download successful [Application], create bootproject: 1"
03.10.2024 05:51:47.148: Cmp=CmpApp, C=1, E=0, M="User: '1', App CodeGUID: 413b49db-0000-0000-0000-000000000000, DataGUID: 5d903122-0000-0000-0000-000000000000"
03.10.2024 05:51:47.209: Cmp=CmpApp, C=1, E=0, M="User: '1', App Download successful [Application], create bootproject: 1"
03.10.2024 05:51:47.210: Cmp=CmpApp, C=1, E=0, M="User: '1', App CodeGUID: 413b49db-0000-0000-0000-000000000000, DataGUID: 5d903122-0000-0000-0000-000000000000"
03.10.2024 05:51:47.278: Cmp=CmpApp, C=1, E=0, M="User: '1', App Download successful [Application], create bootproject: 1"
03.10.2024 05:51:47.278: Cmp=CmpApp, C=1, E=0, M="User: '1', App CodeGUID: 413b49db-0000-0000-0000-000000000000, DataGUID: 5d903122-0000-0000-0000-000000000000"
03.10.2024 05:51:47.350: Cmp=CmpApp, C=1, E=0, M="User: '1', App Download successful [Application], create bootproject: 1"
03.10.2024 05:51:47.350: Cmp=CmpApp, C=1, E=0, M="User: '1', App CodeGUID: 413b49db-0000-0000-0000-000000000000, DataGUID: 5d903122-0000-0000-0000-000000000000"
03.10.2024 05:51:47.435: Cmp=CmpApp, C=1, E=0, M="User: '1', App Download successful [Application], create bootproject: 1"
03.10.2024 05:51:47.435: Cmp=CmpApp, C=1, E=0, M="User: '1', App CodeGUID: 413b49db-0000-0000-0000-000000000000, DataGUID: 5d903122-0000-0000-0000-000000000000"
03.10.2024 05:51:47.511: Cmp=CmpApp, C=1, E=0, M="User: '1', App Download successful [Application], create bootproject: 1"
03.10.2024 05:51:47.511: Cmp=CmpApp, C=1, E=0, M="User: '1', App CodeGUID: 413b49db-0000-0000-0000-000000000000, DataGUID: 5d903122-0000-0000-0000-000000000000"
03.10.2024 05:51:47.598: Cmp=CmpApp, C=1, E=0, M="User: '1', App Download successful [Application], create bootproject: 1"
03.10.2024 05:51:47.599: Cmp=CmpApp, C=1, E=0, M="User: '1', App CodeGUID: 413b49db-0000-0000-0000-000000000000, DataGUID: 5d903122-0000-0000-0000-000000000000"
03.10.2024 05:51:47.665: Cmp=CmpApp, C=1, E=0, M="User: '1', App Download successful [Application], create bootproject: 1"
03.10.2024 05:51:47.666: Cmp=CmpApp, C=1, E=0, M="User: '1', App CodeGUID: 413b49db-0000-0000-0000-000000000000, DataGUID: 5d903122-0000-0000-0000-000000000000"
03.10.2024 05:51:47.742: Cmp=CmpApp, C=1, E=0, M="User: '1', App Download successful [Application], create bootproject: 1"
03.10.2024 05:51:47.742: Cmp=CmpApp, C=1, E=0, M="User: '1', App CodeGUID: 413b49db-0000-0000-0000-000000000000, DataGUID: 5d903122-0000-0000-0000-000000000000"
03.10.2024 05:51:47.811: Cmp=CmpApp, C=1, E=0, M="User: '1', App Download successful [Application], create bootproject: 1"
03.10.2024 05:51:47.811: Cmp=CmpApp, C=1, E=0, M="User: '1', App CodeGUID: 413b49db-0000-0000-0000-000000000000, DataGUID: 5d903122-0000-0000-0000-000000000000"
03.10.2024 05:51:47.901: Cmp=CmpApp, C=1, E=0, M="User: '1', App Download successful [Application], create bootproject: 1"
03.10.2024 05:51:47.901: Cmp=CmpApp, C=1, E=0, M="User: '1', App CodeGUID: 413b49db-0000-0000-0000-000000000000, DataGUID: 5d903122-0000-0000-0000-000000000000"
03.10.2024 05:51:47.984: Cmp=CmpApp, C=1, E=0, M="User: '1', App Download successful [Application], create bootproject: 1"
03.10.2024 05:51:47.984: Cmp=CmpApp, C=1, E=0, M="User: '1', App CodeGUID: 413b49db-0000-0000-0000-000000000000, DataGUID: 5d903122-0000-0000-0000-000000000000"
03.10.2024 05:51:48.057: Cmp=CmpApp, C=1, E=0, M="User: '1', App Download successful [Application], create bootproject: 1"
03.10.2024 05:51:48.057: Cmp=CmpApp, C=1, E=0, M="User: '1', App CodeGUID: 413b49db-0000-0000-0000-000000000000, DataGUID: 5d903122-0000-0000-0000-000000000000"
03.10.2024 05:51:48.121: Cmp=CmpApp, C=1, E=0, M="User: '1', App Download successful [Application], create bootproject: 1"
03.10.2024 05:51:48.121: Cmp=CmpApp, C=1, E=0, M="User: '1', App CodeGUID: 413b49db-0000-0000-0000-000000000000, DataGUID: 5d903122-0000-0000-0000-000000000000"
03.10.2024 05:51:48.204: Cmp=CmpApp, C=1, E=0, M="User: '1', App Download successful [Application], create bootproject: 1"
03.10.2024 05:51:48.204: Cmp=CmpApp, C=1, E=0, M="User: '1', App CodeGUID: 413b49db-0000-0000-0000-000000000000, DataGUID: 5d903122-0000-0000-0000-000000000000"
03.10.2024 05:51:48.273: Cmp=CmpApp, C=1, E=0, M="User: '1', App Download successful [Application], create bootproject: 1"
03.10.2024 05:51:48.273: Cmp=CmpApp, C=1, E=0, M="User: '1', App CodeGUID: 413b49db-0000-0000-0000-000000000000, DataGUID: 5d903122-0000-0000-0000-000000000000"
03.10.2024 05:51:48.336: Cmp=CmpApp, C=1, E=0, M="User: '1', App Download successful [Application], create bootproject: 1"
03.10.2024 05:51:48.336: Cmp=CmpApp, C=1, E=0, M="User: '1', App CodeGUID: 413b49db-0000-0000-0000-000000000000, DataGUID: 5d903122-0000-0000-0000-000000000000"
03.10.2024 05:51:48.414: Cmp=CmpApp, C=1, E=0, M="User: '1', App Download successful [Application], create bootproject: 1"
03.10.2024 05:51:48.414: Cmp=CmpApp, C=1, E=0, M="User: '1', App CodeGUID: 413b49db-0000-0000-0000-000000000000, DataGUID: 5d903122-0000-0000-0000-000000000000"
03.10.2024 05:51:48.483: Cmp=CmpApp, C=1, E=0, M="User: '1', App Download successful [Application], create bootproject: 1"
03.10.2024 05:51:48.483: Cmp=CmpApp, C=1, E=0, M="User: '1', App CodeGUID: 413b49db-0000-0000-0000-000000000000, DataGUID: 5d903122-0000-0000-0000-000000000000"
03.10.2024 05:51:48.576: Cmp=CmpApp, C=1, E=0, M="User: '1', App Download successful [Application], create bootproject: 1"
03.10.2024 05:51:48.577: Cmp=CmpApp, C=1, E=0, M="User: '1', App CodeGUID: 413b49db-0000-0000-0000-000000000000, DataGUID: 5d903122-0000-0000-0000-000000000000"
03.10.2024 05:51:48.645: Cmp=CmpApp, C=1, E=0, M="User: '1', App Download successful [Application], create bootproject: 1"
03.10.2024 05:51:48.645: Cmp=CmpApp, C=1, E=0, M="User: '1', App CodeGUID: 413b49db-0000-0000-0000-000000000000, DataGUID: 5d903122-0000-0000-0000-000000000000"
03.10.2024 05:51:48.717: Cmp=CmpApp, C=1, E=0, M="User: '1', App Download successful [Application], create bootproject: 1"
03.10.2024 05:51:48.717: Cmp=CmpApp, C=1, E=0, M="User: '1', App CodeGUID: 413b49db-0000-0000-0000-000000000000, DataGUID: 5d903122-0000-0000-0000-000000000000"
03.10.2024 05:51:48.789: Cmp=CmpApp, C=1, E=0, M="User: '1', App Download successful [Application], create bootproject: 1"
03.10.2024 05:51:48.789: Cmp=CmpApp, C=1, E=0, M="User: '1', App CodeGUID: 413b49db-0000-0000-0000-000000000000, DataGUID: 5d903122-0000-0000-0000-000000000000"
03.10.2024 05:51:48.880: Cmp=CmpApp, C=1, E=0, M="User: '1', App Download successful [Application], create bootproject: 1"
03.10.2024 05:51:48.880: Cmp=CmpApp, C=1, E=0, M="User: '1', App CodeGUID: 413b49db-0000-0000-0000-000000000000, DataGUID: 5d903122-0000-0000-0000-000000000000"
03.10.2024 05:51:48.952: Cmp=CmpApp, C=1, E=0, M="User: '1', App Download successful [Application], create bootproject: 1"
03.10.2024 05:51:48.952: Cmp=CmpApp, C=1, E=0, M="User: '1', App CodeGUID: 413b49db-0000-0000-0000-000000000000, DataGUID: 5d903122-0000-0000-0000-000000000000"
03.10.2024 05:51:54.577: Cmp=CmpApp, C=1, E=0, M="User: '1', App Download successful [Application], create bootproject: 1"
03.10.2024 05:51:54.577: Cmp=CmpApp, C=1, E=0, M="User: '1', App CodeGUID: 413b49db-0000-0000-0000-000000000000, DataGUID: 5d903122-0000-0000-0000-000000000000"
03.10.2024 05:52:02.530: Cmp=CmpApp, C=1, E=0, M="User: '1', App Start successful"
03.10.2024 05:53:10.732: Cmp=CmpUserMgr, C=1, E=0, M="User: '1', Logout (0)"
03.10.2024 06:37:29.716: Cmp=CmpUserMgr, C=1, E=0, M="User: '1', Login (1)"
03.10.2024 06:37:52.380: Cmp=CmpUserMgr, C=1, E=0, M="User: '1', Logout (0)"
03.10.2024 06:43:01.458: Cmp=CmpUserMgr, C=1, E=0, M="User: '1', Login (1)"
03.10.2024 06:43:01.489: Cmp=CmpUserMgr, C=1, E=0, M="User: '1', Logout (0)"
03.10.2024 06:43:05.953: Cmp=CmpUserMgr, C=1, E=0, M="User: '1', Login (1)"
03.10.2024 06:43:05.961: Cmp=CmpUserMgr, C=1, E=0, M="User: '1', Logout (0)"
03.10.2024 06:44:02.302: Cmp=CmpUserMgr, C=1, E=0, M="User: '1', Login (1)"
03.10.2024 06:44:20.850: Cmp=CmpApp, C=1, E=0, M="User: '1', App Reinitialize for Download successful"
03.10.2024 06:44:22.024: Cmp=CmpApp, C=1, E=0, M="User: '1', App Download successful [Application], create bootproject: 1"
03.10.2024 06:44:22.024: Cmp=CmpApp, C=1, E=0, M="User: '1', App CodeGUID: 43cf8bd9-0000-0000-0000-000000000000, DataGUID: b83172bc-0000-0000-0000-000000000000"
03.10.2024 06:44:22.103: Cmp=CmpApp, C=1, E=0, M="User: '1', App Download successful [Application], create bootproject: 1"
03.10.2024 06:44:22.103: Cmp=CmpApp, C=1, E=0, M="User: '1', App CodeGUID: 43cf8bd9-0000-0000-0000-000000000000, DataGUID: b83172bc-0000-0000-0000-000000000000"
03.10.2024 06:44:22.178: Cmp=CmpApp, C=1, E=0, M="User: '1', App Download successful [Application], create bootproject: 1"
03.10.2024 06:44:22.179: Cmp=CmpApp, C=1, E=0, M="User: '1', App CodeGUID: 43cf8bd9-0000-0000-0000-000000000000, DataGUID: b83172bc-0000-0000-0000-000000000000"
03.10.2024 06:44:22.287: Cmp=CmpApp, C=1, E=0, M="User: '1', App Download successful [Application], create bootproject: 1"
03.10.2024 06:44:22.287: Cmp=CmpApp, C=1, E=0, M="User: '1', App CodeGUID: 43cf8bd9-0000-0000-0000-000000000000, DataGUID: b83172bc-0000-0000-0000-000000000000"
03.10.2024 06:44:22.376: Cmp=CmpApp, C=1, E=0, M="User: '1', App Download successful [Application], create bootproject: 1"
03.10.2024 06:44:22.376: Cmp=CmpApp, C=1, E=0, M="User: '1', App CodeGUID: 43cf8bd9-0000-0000-0000-000000000000, DataGUID: b83172bc-0000-0000-0000-000000000000"
03.10.2024 06:44:22.467: Cmp=CmpApp, C=1, E=0, M="User: '1', App Download successful [Application], create bootproject: 1"
03.10.2024 06:44:22.467: Cmp=CmpApp, C=1, E=0, M="User: '1', App CodeGUID: 43cf8bd9-0000-0000-0000-000000000000, DataGUID: b83172bc-0000-0000-0000-000000000000"
03.10.2024 06:44:22.544: Cmp=CmpApp, C=1, E=0, M="User: '1', App Download successful [Application], create bootproject: 1"
03.10.2024 06:44:22.544: Cmp=CmpApp, C=1, E=0, M="User: '1', App CodeGUID: 43cf8bd9-0000-0000-0000-000000000000, DataGUID: b83172bc-0000-0000-0000-000000000000"
03.10.2024 06:44:22.628: Cmp=CmpApp, C=1, E=0, M="User: '1', App Download successful [Application], create bootproject: 1"
03.10.2024 06:44:22.628: Cmp=CmpApp, C=1, E=0, M="User: '1', App CodeGUID: 43cf8bd9-0000-0000-0000-000000000000, DataGUID: b83172bc-0000-0000-0000-000000000000"
03.10.2024 06:44:22.690: Cmp=CmpApp, C=1, E=0, M="User: '1', App Download successful [Application], create bootproject: 1"
03.10.2024 06:44:22.690: Cmp=CmpApp, C=1, E=0, M="User: '1', App CodeGUID: 43cf8bd9-0000-0000-0000-000000000000, DataGUID: b83172bc-0000-0000-0000-000000000000"
03.10.2024 06:44:22.779: Cmp=CmpApp, C=1, E=0, M="User: '1', App Download successful [Application], create bootproject: 1"
03.10.2024 06:44:22.779: Cmp=CmpApp, C=1, E=0, M="User: '1', App CodeGUID: 43cf8bd9-0000-0000-0000-000000000000, DataGUID: b83172bc-0000-0000-0000-000000000000"
03.10.2024 06:44:22.856: Cmp=CmpApp, C=1, E=0, M="User: '1', App Download successful [Application], create bootproject: 1"
03.10.2024 06:44:22.856: Cmp=CmpApp, C=1, E=0, M="User: '1', App CodeGUID: 43cf8bd9-0000-0000-0000-000000000000, DataGUID: b83172bc-0000-0000-0000-000000000000"
03.10.2024 06:44:22.935: Cmp=CmpApp, C=1, E=0, M="User: '1', App Download successful [Application], create bootproject: 1"
03.10.2024 06:44:22.935: Cmp=CmpApp, C=1, E=0, M="User: '1', App CodeGUID: 43cf8bd9-0000-0000-0000-000000000000, DataGUID: b83172bc-0000-0000-0000-000000000000"
03.10.2024 06:44:23.013: Cmp=CmpApp, C=1, E=0, M="User: '1', App Download successful [Application], create bootproject: 1"
03.10.2024 06:44:23.013: Cmp=CmpApp, C=1, E=0, M="User: '1', App CodeGUID: 43cf8bd9-0000-0000-0000-000000000000, DataGUID: b83172bc-0000-0000-0000-000000000000"
03.10.2024 06:44:23.084: Cmp=CmpApp, C=1, E=0, M="User: '1', App Download successful [Application], create bootproject: 1"
03.10.2024 06:44:23.084: Cmp=CmpApp, C=1, E=0, M="User: '1', App CodeGUID: 43cf8bd9-0000-0000-0000-000000000000, DataGUID: b83172bc-0000-0000-0000-000000000000"
03.10.2024 06:44:23.163: Cmp=CmpApp, C=1, E=0, M="User: '1', App Download successful [Application], create bootproject: 1"
03.10.2024 06:44:23.163: Cmp=CmpApp, C=1, E=0, M="User: '1', App CodeGUID: 43cf8bd9-0000-0000-0000-000000000000, DataGUID: b83172bc-0000-0000-0000-000000000000"
03.10.2024 06:44:23.247: Cmp=CmpApp, C=1, E=0, M="User: '1', App Download successful [Application], create bootproject: 1"
03.10.2024 06:44:23.247: Cmp=CmpApp, C=1, E=0, M="User: '1', App CodeGUID: 43cf8bd9-0000-0000-0000-000000000000, DataGUID: b83172bc-0000-0000-0000-000000000000"
03.10.2024 06:44:23.369: Cmp=CmpApp, C=1, E=0, M="User: '1', App Download successful [Application], create bootproject: 1"
03.10.2024 06:44:23.369: Cmp=CmpApp, C=1, E=0, M="User: '1', App CodeGUID: 43cf8bd9-0000-0000-0000-000000000000, DataGUID: b83172bc-0000-0000-0000-000000000000"
03.10.2024 06:44:23.439: Cmp=CmpApp, C=1, E=0, M="User: '1', App Download successful [Application], create bootproject: 1"
03.10.2024 06:44:23.439: Cmp=CmpApp, C=1, E=0, M="User: '1', App CodeGUID: 43cf8bd9-0000-0000-0000-000000000000, DataGUID: b83172bc-0000-0000-0000-000000000000"
03.10.2024 06:44:23.519: Cmp=CmpApp, C=1, E=0, M="User: '1', App Download successful [Application], create bootproject: 1"
03.10.2024 06:44:23.519: Cmp=CmpApp, C=1, E=0, M="User: '1', App CodeGUID: 43cf8bd9-0000-0000-0000-000000000000, DataGUID: b83172bc-0000-0000-0000-000000000000"
03.10.2024 06:44:23.579: Cmp=CmpApp, C=1, E=0, M="User: '1', App Download successful [Application], create bootproject: 1"
03.10.2024 06:44:23.579: Cmp=CmpApp, C=1, E=0, M="User: '1', App CodeGUID: 43cf8bd9-0000-0000-0000-000000000000, DataGUID: b83172bc-0000-0000-0000-000000000000"
03.10.2024 06:44:23.645: Cmp=CmpApp, C=1, E=0, M="User: '1', App Download successful [Application], create bootproject: 1"
03.10.2024 06:44:23.645: Cmp=CmpApp, C=1, E=0, M="User: '1', App CodeGUID: 43cf8bd9-0000-0000-0000-000000000000, DataGUID: b83172bc-0000-0000-0000-000000000000"
03.10.2024 06:44:23.728: Cmp=CmpApp, C=1, E=0, M="User: '1', App Download successful [Application], create bootproject: 1"
03.10.2024 06:44:23.728: Cmp=CmpApp, C=1, E=0, M="User: '1', App CodeGUID: 43cf8bd9-0000-0000-0000-000000000000, DataGUID: b83172bc-0000-0000-0000-000000000000"
03.10.2024 06:44:23.837: Cmp=CmpApp, C=1, E=0, M="User: '1', App Download successful [Application], create bootproject: 1"
03.10.2024 06:44:23.837: Cmp=CmpApp, C=1, E=0, M="User: '1', App CodeGUID: 43cf8bd9-0000-0000-0000-000000000000, DataGUID: b83172bc-0000-0000-0000-000000000000"
03.10.2024 06:44:23.908: Cmp=CmpApp, C=1, E=0, M="User: '1', App Download successful [Application], create bootproject: 1"
03.10.2024 06:44:23.908: Cmp=CmpApp, C=1, E=0, M="User: '1', App CodeGUID: 43cf8bd9-0000-0000-0000-000000000000, DataGUID: b83172bc-0000-0000-0000-000000000000"
03.10.2024 06:44:23.976: Cmp=CmpApp, C=1, E=0, M="User: '1', App Download successful [Application], create bootproject: 1"
03.10.2024 06:44:23.977: Cmp=CmpApp, C=1, E=0, M="User: '1', App CodeGUID: 43cf8bd9-0000-0000-0000-000000000000, DataGUID: b83172bc-0000-0000-0000-000000000000"
03.10.2024 06:44:24.047: Cmp=CmpApp, C=1, E=0, M="User: '1', App Download successful [Application], create bootproject: 1"
03.10.2024 06:44:24.047: Cmp=CmpApp, C=1, E=0, M="User: '1', App CodeGUID: 43cf8bd9-0000-0000-0000-000000000000, DataGUID: b83172bc-0000-0000-0000-000000000000"
03.10.2024 06:44:24.111: Cmp=CmpApp, C=1, E=0, M="User: '1', App Download successful [Application], create bootproject: 1"
03.10.2024 06:44:24.111: Cmp=CmpApp, C=1, E=0, M="User: '1', App CodeGUID: 43cf8bd9-0000-0000-0000-000000000000, DataGUID: b83172bc-0000-0000-0000-000000000000"
03.10.2024 06:44:30.744: Cmp=CmpApp, C=1, E=0, M="User: '1', App Download successful [Application], create bootproject: 1"
03.10.2024 06:44:30.744: Cmp=CmpApp, C=1, E=0, M="User: '1', App CodeGUID: 43cf8bd9-0000-0000-0000-000000000000, DataGUID: b83172bc-0000-0000-0000-000000000000"
03.10.2024 06:44:36.262: Cmp=CmpApp, C=1, E=0, M="User: '1', App Start successful"
03.10.2024 06:45:25.362: Cmp=CmpUserMgr, C=1, E=0, M="User: '1', Logout (0)"
03.10.2024 06:45:56.584: Cmp=CmpUserMgr, C=1, E=0, M="User: '1', Login (1)"
03.10.2024 06:50:54.659: Cmp=CmpUserMgr, C=1, E=0, M="User: '1', Logout (0)"
03.10.2024 07:57:28.256: Cmp=CmpUserMgr, C=1, E=0, M="User: '1', Login (1)"
03.10.2024 07:57:28.274: Cmp=CmpUserMgr, C=1, E=0, M="User: '1', Logout (0)"
03.10.2024 07:57:32.499: Cmp=CmpUserMgr, C=1, E=0, M="User: '1', Login (1)"
03.10.2024 07:57:32.557: Cmp=CmpUserMgr, C=1, E=0, M="User: '1', Logout (0)"
03.10.2024 07:57:39.604: Cmp=CmpUserMgr, C=1, E=0, M="User: '1', Login (1)"
03.10.2024 07:58:15.088: Cmp=CmpUserMgr, C=1, E=0, M="User: '1', Logout (0)"
03.10.2024 07:58:22.357: Cmp=CmpUserMgr, C=1, E=0, M="User: '1', Login (1)"
03.10.2024 07:58:46.678: Cmp=CmpUserMgr, C=1, E=0, M="User: '1', Logout (0)"
03.10.2024 08:06:00.140: Cmp=CmpUserMgr, C=1, E=0, M="User: '1', Login (1)"
03.10.2024 08:06:37.924: Cmp=CmpApp, C=1, E=0, M="User: '1', App Reinitialize for Download successful"
03.10.2024 08:06:38.902: Cmp=CmpApp, C=1, E=0, M="User: '1', App Download successful [Application], create bootproject: 1"
03.10.2024 08:06:38.903: Cmp=CmpApp, C=1, E=0, M="User: '1', App CodeGUID: 60be3512-0000-0000-0000-000000000000, DataGUID: 7816e021-0000-0000-0000-000000000000"
03.10.2024 08:06:39.099: Cmp=CmpApp, C=1, E=0, M="User: '1', App Download successful [Application], create bootproject: 1"
03.10.2024 08:06:39.099: Cmp=CmpApp, C=1, E=0, M="User: '1', App CodeGUID: 60be3512-0000-0000-0000-000000000000, DataGUID: 7816e021-0000-0000-0000-000000000000"
03.10.2024 08:06:39.173: Cmp=CmpApp, C=1, E=0, M="User: '1', App Download successful [Application], create bootproject: 1"
03.10.2024 08:06:39.173: Cmp=CmpApp, C=1, E=0, M="User: '1', App CodeGUID: 60be3512-0000-0000-0000-000000000000, DataGUID: 7816e021-0000-0000-0000-000000000000"
03.10.2024 08:06:39.236: Cmp=CmpApp, C=1, E=0, M="User: '1', App Download successful [Application], create bootproject: 1"
03.10.2024 08:06:39.237: Cmp=CmpApp, C=1, E=0, M="User: '1', App CodeGUID: 60be3512-0000-0000-0000-000000000000, DataGUID: 7816e021-0000-0000-0000-000000000000"
03.10.2024 08:06:39.304: Cmp=CmpApp, C=1, E=0, M="User: '1', App Download successful [Application], create bootproject: 1"
03.10.2024 08:06:39.304: Cmp=CmpApp, C=1, E=0, M="User: '1', App CodeGUID: 60be3512-0000-0000-0000-000000000000, DataGUID: 7816e021-0000-0000-0000-000000000000"
03.10.2024 08:06:39.384: Cmp=CmpApp, C=1, E=0, M="User: '1', App Download successful [Application], create bootproject: 1"
03.10.2024 08:06:39.384: Cmp=CmpApp, C=1, E=0, M="User: '1', App CodeGUID: 60be3512-0000-0000-0000-000000000000, DataGUID: 7816e021-0000-0000-0000-000000000000"
03.10.2024 08:06:39.458: Cmp=CmpApp, C=1, E=0, M="User: '1', App Download successful [Application], create bootproject: 1"
03.10.2024 08:06:39.458: Cmp=CmpApp, C=1, E=0, M="User: '1', App CodeGUID: 60be3512-0000-0000-0000-000000000000, DataGUID: 7816e021-0000-0000-0000-000000000000"
03.10.2024 08:06:39.536: Cmp=CmpApp, C=1, E=0, M="User: '1', App Download successful [Application], create bootproject: 1"
03.10.2024 08:06:39.536: Cmp=CmpApp, C=1, E=0, M="User: '1', App CodeGUID: 60be3512-0000-0000-0000-000000000000, DataGUID: 7816e021-0000-0000-0000-000000000000"
03.10.2024 08:06:39.625: Cmp=CmpApp, C=1, E=0, M="User: '1', App Download successful [Application], create bootproject: 1"
03.10.2024 08:06:39.625: Cmp=CmpApp, C=1, E=0, M="User: '1', App CodeGUID: 60be3512-0000-0000-0000-000000000000, DataGUID: 7816e021-0000-0000-0000-000000000000"
03.10.2024 08:06:39.690: Cmp=CmpApp, C=1, E=0, M="User: '1', App Download successful [Application], create bootproject: 1"
03.10.2024 08:06:39.690: Cmp=CmpApp, C=1, E=0, M="User: '1', App CodeGUID: 60be3512-0000-0000-0000-000000000000, DataGUID: 7816e021-0000-0000-0000-000000000000"
03.10.2024 08:06:39.762: Cmp=CmpApp, C=1, E=0, M="User: '1', App Download successful [Application], create bootproject: 1"
03.10.2024 08:06:39.762: Cmp=CmpApp, C=1, E=0, M="User: '1', App CodeGUID: 60be3512-0000-0000-0000-000000000000, DataGUID: 7816e021-0000-0000-0000-000000000000"
03.10.2024 08:06:39.845: Cmp=CmpApp, C=1, E=0, M="User: '1', App Download successful [Application], create bootproject: 1"
03.10.2024 08:06:39.846: Cmp=CmpApp, C=1, E=0, M="User: '1', App CodeGUID: 60be3512-0000-0000-0000-000000000000, DataGUID: 7816e021-0000-0000-0000-000000000000"
03.10.2024 08:06:39.911: Cmp=CmpApp, C=1, E=0, M="User: '1', App Download successful [Application], create bootproject: 1"
03.10.2024 08:06:39.911: Cmp=CmpApp, C=1, E=0, M="User: '1', App CodeGUID: 60be3512-0000-0000-0000-000000000000, DataGUID: 7816e021-0000-0000-0000-000000000000"
03.10.2024 08:06:39.982: Cmp=CmpApp, C=1, E=0, M="User: '1', App Download successful [Application], create bootproject: 1"
03.10.2024 08:06:39.983: Cmp=CmpApp, C=1, E=0, M="User: '1', App CodeGUID: 60be3512-0000-0000-0000-000000000000, DataGUID: 7816e021-0000-0000-0000-000000000000"
03.10.2024 08:06:40.051: Cmp=CmpApp, C=1, E=0, M="User: '1', App Download successful [Application], create bootproject: 1"
03.10.2024 08:06:40.051: Cmp=CmpApp, C=1, E=0, M="User: '1', App CodeGUID: 60be3512-0000-0000-0000-000000000000, DataGUID: 7816e021-0000-0000-0000-000000000000"
03.10.2024 08:06:40.141: Cmp=CmpApp, C=1, E=0, M="User: '1', App Download successful [Application], create bootproject: 1"
03.10.2024 08:06:40.141: Cmp=CmpApp, C=1, E=0, M="User: '1', App CodeGUID: 60be3512-0000-0000-0000-000000000000, DataGUID: 7816e021-0000-0000-0000-000000000000"
03.10.2024 08:06:40.246: Cmp=CmpApp, C=1, E=0, M="User: '1', App Download successful [Application], create bootproject: 1"
03.10.2024 08:06:40.246: Cmp=CmpApp, C=1, E=0, M="User: '1', App CodeGUID: 60be3512-0000-0000-0000-000000000000, DataGUID: 7816e021-0000-0000-0000-000000000000"
03.10.2024 08:06:40.316: Cmp=CmpApp, C=1, E=0, M="User: '1', App Download successful [Application], create bootproject: 1"
03.10.2024 08:06:40.317: Cmp=CmpApp, C=1, E=0, M="User: '1', App CodeGUID: 60be3512-0000-0000-0000-000000000000, DataGUID: 7816e021-0000-0000-0000-000000000000"
03.10.2024 08:06:40.393: Cmp=CmpApp, C=1, E=0, M="User: '1', App Download successful [Application], create bootproject: 1"
03.10.2024 08:06:40.393: Cmp=CmpApp, C=1, E=0, M="User: '1', App CodeGUID: 60be3512-0000-0000-0000-000000000000, DataGUID: 7816e021-0000-0000-0000-000000000000"
03.10.2024 08:06:40.453: Cmp=CmpApp, C=1, E=0, M="User: '1', App Download successful [Application], create bootproject: 1"
03.10.2024 08:06:40.453: Cmp=CmpApp, C=1, E=0, M="User: '1', App CodeGUID: 60be3512-0000-0000-0000-000000000000, DataGUID: 7816e021-0000-0000-0000-000000000000"
03.10.2024 08:06:40.529: Cmp=CmpApp, C=1, E=0, M="User: '1', App Download successful [Application], create bootproject: 1"
03.10.2024 08:06:40.529: Cmp=CmpApp, C=1, E=0, M="User: '1', App CodeGUID: 60be3512-0000-0000-0000-000000000000, DataGUID: 7816e021-0000-0000-0000-000000000000"
03.10.2024 08:06:40.604: Cmp=CmpApp, C=1, E=0, M="User: '1', App Download successful [Application], create bootproject: 1"
03.10.2024 08:06:40.604: Cmp=CmpApp, C=1, E=0, M="User: '1', App CodeGUID: 60be3512-0000-0000-0000-000000000000, DataGUID: 7816e021-0000-0000-0000-000000000000"
03.10.2024 08:06:40.677: Cmp=CmpApp, C=1, E=0, M="User: '1', App Download successful [Application], create bootproject: 1"
03.10.2024 08:06:40.677: Cmp=CmpApp, C=1, E=0, M="User: '1', App CodeGUID: 60be3512-0000-0000-0000-000000000000, DataGUID: 7816e021-0000-0000-0000-000000000000"
03.10.2024 08:06:40.768: Cmp=CmpApp, C=1, E=0, M="User: '1', App Download successful [Application], create bootproject: 1"
03.10.2024 08:06:40.768: Cmp=CmpApp, C=1, E=0, M="User: '1', App CodeGUID: 60be3512-0000-0000-0000-000000000000, DataGUID: 7816e021-0000-0000-0000-000000000000"
03.10.2024 08:06:40.829: Cmp=CmpApp, C=1, E=0, M="User: '1', App Download successful [Application], create bootproject: 1"
03.10.2024 08:06:40.829: Cmp=CmpApp, C=1, E=0, M="User: '1', App CodeGUID: 60be3512-0000-0000-0000-000000000000, DataGUID: 7816e021-0000-0000-0000-000000000000"
03.10.2024 08:06:40.896: Cmp=CmpApp, C=1, E=0, M="User: '1', App Download successful [Application], create bootproject: 1"
03.10.2024 08:06:40.896: Cmp=CmpApp, C=1, E=0, M="User: '1', App CodeGUID: 60be3512-0000-0000-0000-000000000000, DataGUID: 7816e021-0000-0000-0000-000000000000"
03.10.2024 08:06:40.971: Cmp=CmpApp, C=1, E=0, M="User: '1', App Download successful [Application], create bootproject: 1"
03.10.2024 08:06:40.971: Cmp=CmpApp, C=1, E=0, M="User: '1', App CodeGUID: 60be3512-0000-0000-0000-000000000000, DataGUID: 7816e021-0000-0000-0000-000000000000"
03.10.2024 08:06:46.623: Cmp=CmpApp, C=1, E=0, M="User: '1', App Download successful [Application], create bootproject: 1"
03.10.2024 08:06:46.623: Cmp=CmpApp, C=1, E=0, M="User: '1', App CodeGUID: 60be3512-0000-0000-0000-000000000000, DataGUID: 7816e021-0000-0000-0000-000000000000"
03.10.2024 08:06:51.157: Cmp=CmpApp, C=1, E=0, M="User: '1', App Start successful"
03.10.2024 08:33:58.901: Cmp=CmpUserMgr, C=1, E=0, M="User: '1', Logout (0)"
03.10.2024 09:43:45.010: Cmp=CmpUserMgr, C=1, E=0, M="User: '1', Login (1)"
03.10.2024 09:43:45.030: Cmp=CmpUserMgr, C=1, E=0, M="User: '1', Logout (0)"
03.10.2024 09:43:49.828: Cmp=CmpUserMgr, C=1, E=0, M="User: '1', Login (1)"
03.10.2024 09:43:49.903: Cmp=CmpUserMgr, C=1, E=0, M="User: '1', Logout (0)"
03.10.2024 09:43:59.079: Cmp=CmpUserMgr, C=1, E=0, M="User: '1', Login (1)"
03.10.2024 09:50:31.542: Cmp=CmpUserMgr, C=1, E=0, M="User: '1', Logout (0)"
03.10.2024 09:52:43.128: Cmp=CmpUserMgr, C=1, E=0, M="User: '1', Login (1)"
03.10.2024 10:11:06.090: Cmp=CmpUserMgr, C=1, E=0, M="User: '1', Logout (0)"
03.10.2024 10:27:08.764: Cmp=CmpUserMgr, C=1, E=0, M="User: '1', Login (1)"
03.10.2024 10:27:08.808: Cmp=CmpUserMgr, C=1, E=0, M="User: '1', Logout (0)"
03.10.2024 10:27:13.047: Cmp=CmpUserMgr, C=1, E=0, M="User: '1', Login (1)"
03.10.2024 10:27:13.064: Cmp=CmpUserMgr, C=1, E=0, M="User: '1', Logout (0)"
03.10.2024 10:27:22.759: Cmp=CmpUserMgr, C=1, E=0, M="User: '1', Login (1)"
03.10.2024 10:56:52.299: Cmp=CmpUserMgr, C=1, E=0, M="User: '1', Logout (0)"
03.10.2024 11:11:35.223: Cmp=CmpUserMgr, C=1, E=0, M="User: '1', Login (1)"
03.10.2024 11:11:35.244: Cmp=CmpUserMgr, C=1, E=0, M="User: '1', Logout (0)"
03.10.2024 11:11:39.763: Cmp=CmpUserMgr, C=1, E=0, M="User: '1', Login (1)"
03.10.2024 11:11:39.780: Cmp=CmpUserMgr, C=1, E=0, M="User: '1', Logout (0)"
03.10.2024 11:11:56.521: Cmp=CmpUserMgr, C=1, E=0, M="User: '1', Login (1)"
03.10.2024 11:12:28.497: Cmp=CmpApp, C=1, E=0, M="User: '1', App Reinitialize for Download successful"
03.10.2024 11:12:30.779: Cmp=CmpApp, C=1, E=0, M="User: '1', App Download successful [Application], create bootproject: 1"
03.10.2024 11:12:30.779: Cmp=CmpApp, C=1, E=0, M="User: '1', App CodeGUID: d36742af-0000-0000-0000-000000000000, DataGUID: 7816e021-0000-0000-0000-000000000000"
03.10.2024 11:12:30.858: Cmp=CmpApp, C=1, E=0, M="User: '1', App Download successful [Application], create bootproject: 1"

-------------------------------------------------------------------------------------
----- CLOSED BY SIZE 99825/100000
-------------------------------------------------------------------------------------
