Cmp=CmpApp, C=1, E=0, M="User: '1', App Create boot project successful"
26.09.2024 05:52:30.526: Cmp=CmpApp, C=1, E=0, M="User: '1', App Create boot project successful"
26.09.2024 05:52:30.726: Cmp=CmpApp, C=1, E=0, M="User: '1', App Create boot project successful"
26.09.2024 05:52:30.821: Cmp=CmpApp, C=1, E=0, M="User: '1', App Create boot project successful"
26.09.2024 05:52:31.932: Cmp=CmpApp, C=1, E=0, M="User: '1', App Create boot project successful"
26.09.2024 06:00:07.865: Cmp=CmpUserMgr, C=1, E=0, M="User: '1', Logout (0)"
26.09.2024 06:02:19.920: Cmp=CmpUserMgr, C=1, E=0, M="User: '1', Login (1)"
26.09.2024 06:13:04.286: Cmp=CmpUserMgr, C=1, E=0, M="User: '1', Logout (0)"
26.09.2024 06:13:29.233: Cmp=CmpUserMgr, C=1, E=0, M="User: '1', Login (1)"
26.09.2024 06:32:47.830: Cmp=CmpUserMgr, C=1, E=0, M="User: '1', Logout (0)"
26.09.2024 06:35:31.487: Cmp=CmpUserMgr, C=1, E=0, M="User: '1', Login (1)"
26.09.2024 06:36:36.011: Cmp=CmpUserMgr, C=1, E=0, M="User: '1', Logout (0)"
26.09.2024 06:51:11.372: Cmp=CmpUserMgr, C=1, E=0, M="User: '1', Login (1)"
26.09.2024 06:51:11.407: Cmp=CmpUserMgr, C=1, E=0, M="User: '1', Logout (0)"
26.09.2024 06:51:15.022: Cmp=CmpUserMgr, C=1, E=0, M="User: '1', Login (1)"
26.09.2024 06:52:17.407: Cmp=CmpUserMgr, C=1, E=0, M="User: '1', Logout (0)"
26.09.2024 06:56:31.355: Cmp=CmpUserMgr, C=1, E=0, M="User: '1', Login (1)"
26.09.2024 06:57:17.448: Cmp=CmpApp, C=1, E=0, M="User: '1', App Reinitialize for Download successful"
26.09.2024 06:57:27.734: Cmp=CmpApp, C=1, E=0, M="User: '1', App Download successful [Application], create bootproject: 1"
26.09.2024 06:57:27.734: Cmp=CmpApp, C=1, E=0, M="User: '1', App CodeGUID: 69dc7c10-0000-0000-0000-000000000000, DataGUID: beb8468a-0000-0000-0000-000000000000"
26.09.2024 06:57:27.807: Cmp=CmpApp, C=1, E=0, M="User: '1', App Download successful [Application], create bootproject: 1"
26.09.2024 06:57:27.807: Cmp=CmpApp, C=1, E=0, M="User: '1', App CodeGUID: 69dc7c10-0000-0000-0000-000000000000, DataGUID: beb8468a-0000-0000-0000-000000000000"
26.09.2024 06:57:27.881: Cmp=CmpApp, C=1, E=0, M="User: '1', App Download successful [Application], create bootproject: 1"
26.09.2024 06:57:27.881: Cmp=CmpApp, C=1, E=0, M="User: '1', App CodeGUID: 69dc7c10-0000-0000-0000-000000000000, DataGUID: beb8468a-0000-0000-0000-000000000000"
26.09.2024 06:57:27.958: Cmp=CmpApp, C=1, E=0, M="User: '1', App Download successful [Application], create bootproject: 1"
26.09.2024 06:57:27.958: Cmp=CmpApp, C=1, E=0, M="User: '1', App CodeGUID: 69dc7c10-0000-0000-0000-000000000000, DataGUID: beb8468a-0000-0000-0000-000000000000"
26.09.2024 06:57:28.022: Cmp=CmpApp, C=1, E=0, M="User: '1', App Download successful [Application], create bootproject: 1"
26.09.2024 06:57:28.022: Cmp=CmpApp, C=1, E=0, M="User: '1', App CodeGUID: 69dc7c10-0000-0000-0000-000000000000, DataGUID: beb8468a-0000-0000-0000-000000000000"
26.09.2024 06:57:28.119: Cmp=CmpApp, C=1, E=0, M="User: '1', App Download successful [Application], create bootproject: 1"
26.09.2024 06:57:28.120: Cmp=CmpApp, C=1, E=0, M="User: '1', App CodeGUID: 69dc7c10-0000-0000-0000-000000000000, DataGUID: beb8468a-0000-0000-0000-000000000000"
26.09.2024 06:57:28.192: Cmp=CmpApp, C=1, E=0, M="User: '1', App Download successful [Application], create bootproject: 1"
26.09.2024 06:57:28.193: Cmp=CmpApp, C=1, E=0, M="User: '1', App CodeGUID: 69dc7c10-0000-0000-0000-000000000000, DataGUID: beb8468a-0000-0000-0000-000000000000"
26.09.2024 06:57:28.257: Cmp=CmpApp, C=1, E=0, M="User: '1', App Download successful [Application], create bootproject: 1"
26.09.2024 06:57:28.257: Cmp=CmpApp, C=1, E=0, M="User: '1', App CodeGUID: 69dc7c10-0000-0000-0000-000000000000, DataGUID: beb8468a-0000-0000-0000-000000000000"
26.09.2024 06:57:28.340: Cmp=CmpApp, C=1, E=0, M="User: '1', App Download successful [Application], create bootproject: 1"
26.09.2024 06:57:28.341: Cmp=CmpApp, C=1, E=0, M="User: '1', App CodeGUID: 69dc7c10-0000-0000-0000-000000000000, DataGUID: beb8468a-0000-0000-0000-000000000000"
26.09.2024 06:57:28.412: Cmp=CmpApp, C=1, E=0, M="User: '1', App Download successful [Application], create bootproject: 1"
26.09.2024 06:57:28.412: Cmp=CmpApp, C=1, E=0, M="User: '1', App CodeGUID: 69dc7c10-0000-0000-0000-000000000000, DataGUID: beb8468a-0000-0000-0000-000000000000"
26.09.2024 06:57:28.495: Cmp=CmpApp, C=1, E=0, M="User: '1', App Download successful [Application], create bootproject: 1"
26.09.2024 06:57:28.495: Cmp=CmpApp, C=1, E=0, M="User: '1', App CodeGUID: 69dc7c10-0000-0000-0000-000000000000, DataGUID: beb8468a-0000-0000-0000-000000000000"
26.09.2024 06:57:28.565: Cmp=CmpApp, C=1, E=0, M="User: '1', App Download successful [Application], create bootproject: 1"
26.09.2024 06:57:28.565: Cmp=CmpApp, C=1, E=0, M="User: '1', App CodeGUID: 69dc7c10-0000-0000-0000-000000000000, DataGUID: beb8468a-0000-0000-0000-000000000000"
26.09.2024 06:57:28.629: Cmp=CmpApp, C=1, E=0, M="User: '1', App Download successful [Application], create bootproject: 1"
26.09.2024 06:57:28.629: Cmp=CmpApp, C=1, E=0, M="User: '1', App CodeGUID: 69dc7c10-0000-0000-0000-000000000000, DataGUID: beb8468a-0000-0000-0000-000000000000"
26.09.2024 06:57:28.704: Cmp=CmpApp, C=1, E=0, M="User: '1', App Download successful [Application], create bootproject: 1"
26.09.2024 06:57:28.704: Cmp=CmpApp, C=1, E=0, M="User: '1', App CodeGUID: 69dc7c10-0000-0000-0000-000000000000, DataGUID: beb8468a-0000-0000-0000-000000000000"
26.09.2024 06:57:28.796: Cmp=CmpApp, C=1, E=0, M="User: '1', App Download successful [Application], create bootproject: 1"
26.09.2024 06:57:28.796: Cmp=CmpApp, C=1, E=0, M="User: '1', App CodeGUID: 69dc7c10-0000-0000-0000-000000000000, DataGUID: beb8468a-0000-0000-0000-000000000000"
26.09.2024 06:57:28.911: Cmp=CmpApp, C=1, E=0, M="User: '1', App Download successful [Application], create bootproject: 1"
26.09.2024 06:57:28.911: Cmp=CmpApp, C=1, E=0, M="User: '1', App CodeGUID: 69dc7c10-0000-0000-0000-000000000000, DataGUID: beb8468a-0000-0000-0000-000000000000"
26.09.2024 06:57:28.989: Cmp=CmpApp, C=1, E=0, M="User: '1', App Download successful [Application], create bootproject: 1"
26.09.2024 06:57:28.989: Cmp=CmpApp, C=1, E=0, M="User: '1', App CodeGUID: 69dc7c10-0000-0000-0000-000000000000, DataGUID: beb8468a-0000-0000-0000-000000000000"
26.09.2024 06:57:29.060: Cmp=CmpApp, C=1, E=0, M="User: '1', App Download successful [Application], create bootproject: 1"
26.09.2024 06:57:29.060: Cmp=CmpApp, C=1, E=0, M="User: '1', App CodeGUID: 69dc7c10-0000-0000-0000-000000000000, DataGUID: beb8468a-0000-0000-0000-000000000000"
26.09.2024 06:57:29.131: Cmp=CmpApp, C=1, E=0, M="User: '1', App Download successful [Application], create bootproject: 1"
26.09.2024 06:57:29.131: Cmp=CmpApp, C=1, E=0, M="User: '1', App CodeGUID: 69dc7c10-0000-0000-0000-000000000000, DataGUID: beb8468a-0000-0000-0000-000000000000"
26.09.2024 06:57:29.207: Cmp=CmpApp, C=1, E=0, M="User: '1', App Download successful [Application], create bootproject: 1"
26.09.2024 06:57:29.207: Cmp=CmpApp, C=1, E=0, M="User: '1', App CodeGUID: 69dc7c10-0000-0000-0000-000000000000, DataGUID: beb8468a-0000-0000-0000-000000000000"
26.09.2024 06:57:29.288: Cmp=CmpApp, C=1, E=0, M="User: '1', App Download successful [Application], create bootproject: 1"
26.09.2024 06:57:29.288: Cmp=CmpApp, C=1, E=0, M="User: '1', App CodeGUID: 69dc7c10-0000-0000-0000-000000000000, DataGUID: beb8468a-0000-0000-0000-000000000000"
26.09.2024 06:57:29.357: Cmp=CmpApp, C=1, E=0, M="User: '1', App Download successful [Application], create bootproject: 1"
26.09.2024 06:57:29.357: Cmp=CmpApp, C=1, E=0, M="User: '1', App CodeGUID: 69dc7c10-0000-0000-0000-000000000000, DataGUID: beb8468a-0000-0000-0000-000000000000"
26.09.2024 06:57:29.425: Cmp=CmpApp, C=1, E=0, M="User: '1', App Download successful [Application], create bootproject: 1"
26.09.2024 06:57:29.425: Cmp=CmpApp, C=1, E=0, M="User: '1', App CodeGUID: 69dc7c10-0000-0000-0000-000000000000, DataGUID: beb8468a-0000-0000-0000-000000000000"
26.09.2024 06:57:29.489: Cmp=CmpApp, C=1, E=0, M="User: '1', App Download successful [Application], create bootproject: 1"
26.09.2024 06:57:29.489: Cmp=CmpApp, C=1, E=0, M="User: '1', App CodeGUID: 69dc7c10-0000-0000-0000-000000000000, DataGUID: beb8468a-0000-0000-0000-000000000000"
26.09.2024 06:57:29.551: Cmp=CmpApp, C=1, E=0, M="User: '1', App Download successful [Application], create bootproject: 1"
26.09.2024 06:57:29.551: Cmp=CmpApp, C=1, E=0, M="User: '1', App CodeGUID: 69dc7c10-0000-0000-0000-000000000000, DataGUID: beb8468a-0000-0000-0000-000000000000"
26.09.2024 06:57:29.615: Cmp=CmpApp, C=1, E=0, M="User: '1', App Download successful [Application], create bootproject: 1"
26.09.2024 06:57:29.615: Cmp=CmpApp, C=1, E=0, M="User: '1', App CodeGUID: 69dc7c10-0000-0000-0000-000000000000, DataGUID: beb8468a-0000-0000-0000-000000000000"
26.09.2024 06:57:29.677: Cmp=CmpApp, C=1, E=0, M="User: '1', App Download successful [Application], create bootproject: 1"
26.09.2024 06:57:29.677: Cmp=CmpApp, C=1, E=0, M="User: '1', App CodeGUID: 69dc7c10-0000-0000-0000-000000000000, DataGUID: beb8468a-0000-0000-0000-000000000000"
26.09.2024 06:57:35.298: Cmp=CmpApp, C=1, E=0, M="User: '1', App Download successful [Application], create bootproject: 1"
26.09.2024 06:57:35.298: Cmp=CmpApp, C=1, E=0, M="User: '1', App CodeGUID: 69dc7c10-0000-0000-0000-000000000000, DataGUID: beb8468a-0000-0000-0000-000000000000"
26.09.2024 06:57:38.802: Cmp=CmpApp, C=1, E=0, M="User: '1', App Start successful"
26.09.2024 06:59:00.897: Cmp=CmpUserMgr, C=1, E=0, M="User: '1', Logout (0)"
26.09.2024 08:21:42.728: Cmp=CmpUserMgr, C=1, E=0, M="User: '1', Login (1)"
26.09.2024 08:34:03.420: Cmp=CmpUserMgr, C=1, E=0, M="User: '1', Logout (0)"
26.09.2024 08:35:37.007: Cmp=CmpUserMgr, C=1, E=0, M="User: '1', Login (1)"
26.09.2024 08:36:16.327: Cmp=CmpApp, C=1, E=0, M="User: '1', App Reinitialize for Download successful"
26.09.2024 08:36:27.594: Cmp=CmpApp, C=1, E=0, M="User: '1', App Download successful [Application], create bootproject: 1"
26.09.2024 08:36:27.594: Cmp=CmpApp, C=1, E=0, M="User: '1', App CodeGUID: 5f1de412-0000-0000-0000-000000000000, DataGUID: beb8468a-0000-0000-0000-000000000000"
26.09.2024 08:36:27.668: Cmp=CmpApp, C=1, E=0, M="User: '1', App Download successful [Application], create bootproject: 1"
26.09.2024 08:36:27.669: Cmp=CmpApp, C=1, E=0, M="User: '1', App CodeGUID: 5f1de412-0000-0000-0000-000000000000, DataGUID: beb8468a-0000-0000-0000-000000000000"
26.09.2024 08:36:27.743: Cmp=CmpApp, C=1, E=0, M="User: '1', App Download successful [Application], create bootproject: 1"
26.09.2024 08:36:27.743: Cmp=CmpApp, C=1, E=0, M="User: '1', App CodeGUID: 5f1de412-0000-0000-0000-000000000000, DataGUID: beb8468a-0000-0000-0000-000000000000"
26.09.2024 08:36:27.814: Cmp=CmpApp, C=1, E=0, M="User: '1', App Download successful [Application], create bootproject: 1"
26.09.2024 08:36:27.814: Cmp=CmpApp, C=1, E=0, M="User: '1', App CodeGUID: 5f1de412-0000-0000-0000-000000000000, DataGUID: beb8468a-0000-0000-0000-000000000000"
26.09.2024 08:36:27.888: Cmp=CmpApp, C=1, E=0, M="User: '1', App Download successful [Application], create bootproject: 1"
26.09.2024 08:36:27.889: Cmp=CmpApp, C=1, E=0, M="User: '1', App CodeGUID: 5f1de412-0000-0000-0000-000000000000, DataGUID: beb8468a-0000-0000-0000-000000000000"
26.09.2024 08:36:27.963: Cmp=CmpApp, C=1, E=0, M="User: '1', App Download successful [Application], create bootproject: 1"
26.09.2024 08:36:27.963: Cmp=CmpApp, C=1, E=0, M="User: '1', App CodeGUID: 5f1de412-0000-0000-0000-000000000000, DataGUID: beb8468a-0000-0000-0000-000000000000"
26.09.2024 08:36:28.025: Cmp=CmpApp, C=1, E=0, M="User: '1', App Download successful [Application], create bootproject: 1"
26.09.2024 08:36:28.025: Cmp=CmpApp, C=1, E=0, M="User: '1', App CodeGUID: 5f1de412-0000-0000-0000-000000000000, DataGUID: beb8468a-0000-0000-0000-000000000000"
26.09.2024 08:36:28.094: Cmp=CmpApp, C=1, E=0, M="User: '1', App Download successful [Application], create bootproject: 1"
26.09.2024 08:36:28.094: Cmp=CmpApp, C=1, E=0, M="User: '1', App CodeGUID: 5f1de412-0000-0000-0000-000000000000, DataGUID: beb8468a-0000-0000-0000-000000000000"
26.09.2024 08:36:28.166: Cmp=CmpApp, C=1, E=0, M="User: '1', App Download successful [Application], create bootproject: 1"
26.09.2024 08:36:28.166: Cmp=CmpApp, C=1, E=0, M="User: '1', App CodeGUID: 5f1de412-0000-0000-0000-000000000000, DataGUID: beb8468a-0000-0000-0000-000000000000"
26.09.2024 08:36:28.227: Cmp=CmpApp, C=1, E=0, M="User: '1', App Download successful [Application], create bootproject: 1"
26.09.2024 08:36:28.227: Cmp=CmpApp, C=1, E=0, M="User: '1', App CodeGUID: 5f1de412-0000-0000-0000-000000000000, DataGUID: beb8468a-0000-0000-0000-000000000000"
26.09.2024 08:36:28.290: Cmp=CmpApp, C=1, E=0, M="User: '1', App Download successful [Application], create bootproject: 1"
26.09.2024 08:36:28.290: Cmp=CmpApp, C=1, E=0, M="User: '1', App CodeGUID: 5f1de412-0000-0000-0000-000000000000, DataGUID: beb8468a-0000-0000-0000-000000000000"
26.09.2024 08:36:28.352: Cmp=CmpApp, C=1, E=0, M="User: '1', App Download successful [Application], create bootproject: 1"
26.09.2024 08:36:28.352: Cmp=CmpApp, C=1, E=0, M="User: '1', App CodeGUID: 5f1de412-0000-0000-0000-000000000000, DataGUID: beb8468a-0000-0000-0000-000000000000"
26.09.2024 08:36:28.421: Cmp=CmpApp, C=1, E=0, M="User: '1', App Download successful [Application], create bootproject: 1"
26.09.2024 08:36:28.421: Cmp=CmpApp, C=1, E=0, M="User: '1', App CodeGUID: 5f1de412-0000-0000-0000-000000000000, DataGUID: beb8468a-0000-0000-0000-000000000000"
26.09.2024 08:36:28.493: Cmp=CmpApp, C=1, E=0, M="User: '1', App Download successful [Application], create bootproject: 1"
26.09.2024 08:36:28.494: Cmp=CmpApp, C=1, E=0, M="User: '1', App CodeGUID: 5f1de412-0000-0000-0000-000000000000, DataGUID: beb8468a-0000-0000-0000-000000000000"
26.09.2024 08:36:28.556: Cmp=CmpApp, C=1, E=0, M="User: '1', App Download successful [Application], create bootproject: 1"
26.09.2024 08:36:28.556: Cmp=CmpApp, C=1, E=0, M="User: '1', App CodeGUID: 5f1de412-0000-0000-0000-000000000000, DataGUID: beb8468a-0000-0000-0000-000000000000"
26.09.2024 08:36:28.618: Cmp=CmpApp, C=1, E=0, M="User: '1', App Download successful [Application], create bootproject: 1"
26.09.2024 08:36:28.618: Cmp=CmpApp, C=1, E=0, M="User: '1', App CodeGUID: 5f1de412-0000-0000-0000-000000000000, DataGUID: beb8468a-0000-0000-0000-000000000000"
26.09.2024 08:36:28.690: Cmp=CmpApp, C=1, E=0, M="User: '1', App Download successful [Application], create bootproject: 1"
26.09.2024 08:36:28.690: Cmp=CmpApp, C=1, E=0, M="User: '1', App CodeGUID: 5f1de412-0000-0000-0000-000000000000, DataGUID: beb8468a-0000-0000-0000-000000000000"
26.09.2024 08:36:28.761: Cmp=CmpApp, C=1, E=0, M="User: '1', App Download successful [Application], create bootproject: 1"
26.09.2024 08:36:28.761: Cmp=CmpApp, C=1, E=0, M="User: '1', App CodeGUID: 5f1de412-0000-0000-0000-000000000000, DataGUID: beb8468a-0000-0000-0000-000000000000"
26.09.2024 08:36:28.824: Cmp=CmpApp, C=1, E=0, M="User: '1', App Download successful [Application], create bootproject: 1"
26.09.2024 08:36:28.824: Cmp=CmpApp, C=1, E=0, M="User: '1', App CodeGUID: 5f1de412-0000-0000-0000-000000000000, DataGUID: beb8468a-0000-0000-0000-000000000000"
26.09.2024 08:36:28.885: Cmp=CmpApp, C=1, E=0, M="User: '1', App Download successful [Application], create bootproject: 1"
26.09.2024 08:36:28.885: Cmp=CmpApp, C=1, E=0, M="User: '1', App CodeGUID: 5f1de412-0000-0000-0000-000000000000, DataGUID: beb8468a-0000-0000-0000-000000000000"
26.09.2024 08:36:28.959: Cmp=CmpApp, C=1, E=0, M="User: '1', App Download successful [Application], create bootproject: 1"
26.09.2024 08:36:28.959: Cmp=CmpApp, C=1, E=0, M="User: '1', App CodeGUID: 5f1de412-0000-0000-0000-000000000000, DataGUID: beb8468a-0000-0000-0000-000000000000"
26.09.2024 08:36:29.030: Cmp=CmpApp, C=1, E=0, M="User: '1', App Download successful [Application], create bootproject: 1"
26.09.2024 08:36:29.030: Cmp=CmpApp, C=1, E=0, M="User: '1', App CodeGUID: 5f1de412-0000-0000-0000-000000000000, DataGUID: beb8468a-0000-0000-0000-000000000000"
26.09.2024 08:36:29.101: Cmp=CmpApp, C=1, E=0, M="User: '1', App Download successful [Application], create bootproject: 1"
26.09.2024 08:36:29.101: Cmp=CmpApp, C=1, E=0, M="User: '1', App CodeGUID: 5f1de412-0000-0000-0000-000000000000, DataGUID: beb8468a-0000-0000-0000-000000000000"
26.09.2024 08:36:29.166: Cmp=CmpApp, C=1, E=0, M="User: '1', App Download successful [Application], create bootproject: 1"
26.09.2024 08:36:29.166: Cmp=CmpApp, C=1, E=0, M="User: '1', App CodeGUID: 5f1de412-0000-0000-0000-000000000000, DataGUID: beb8468a-0000-0000-0000-000000000000"
26.09.2024 08:36:29.236: Cmp=CmpApp, C=1, E=0, M="User: '1', App Download successful [Application], create bootproject: 1"
26.09.2024 08:36:29.237: Cmp=CmpApp, C=1, E=0, M="User: '1', App CodeGUID: 5f1de412-0000-0000-0000-000000000000, DataGUID: beb8468a-0000-0000-0000-000000000000"
26.09.2024 08:36:29.306: Cmp=CmpApp, C=1, E=0, M="User: '1', App Download successful [Application], create bootproject: 1"
26.09.2024 08:36:29.306: Cmp=CmpApp, C=1, E=0, M="User: '1', App CodeGUID: 5f1de412-0000-0000-0000-000000000000, DataGUID: beb8468a-0000-0000-0000-000000000000"
26.09.2024 08:36:29.366: Cmp=CmpApp, C=1, E=0, M="User: '1', App Download successful [Application], create bootproject: 1"
26.09.2024 08:36:29.366: Cmp=CmpApp, C=1, E=0, M="User: '1', App CodeGUID: 5f1de412-0000-0000-0000-000000000000, DataGUID: beb8468a-0000-0000-0000-000000000000"
26.09.2024 08:36:35.006: Cmp=CmpApp, C=1, E=0, M="User: '1', App Download successful [Application], create bootproject: 1"
26.09.2024 08:36:35.006: Cmp=CmpApp, C=1, E=0, M="User: '1', App CodeGUID: 5f1de412-0000-0000-0000-000000000000, DataGUID: beb8468a-0000-0000-0000-000000000000"
26.09.2024 08:36:41.884: Cmp=CmpApp, C=1, E=0, M="User: '1', App Start successful"
26.09.2024 09:27:07.209: Cmp=CmpUserMgr, C=1, E=0, M="User: '1', Logout (0)"
26.09.2024 09:40:35.359: Cmp=CmpUserMgr, C=1, E=0, M="User: '1', Login (1)"
26.09.2024 09:54:39.019: Cmp=CmpUserMgr, C=1, E=0, M="User: '1', Logout (0)"
26.09.2024 11:57:25.805: Cmp=CmpUserMgr, C=1, E=0, M="User: '1', Login (1)"
26.09.2024 11:58:33.210: Cmp=CmpApp, C=1, E=0, M="User: '1', App Reinitialize for Download successful"
26.09.2024 11:58:43.956: Cmp=CmpApp, C=1, E=0, M="User: '1', App Download successful [Application], create bootproject: 1"
26.09.2024 11:58:43.956: Cmp=CmpApp, C=1, E=0, M="User: '1', App CodeGUID: 9dc65666-0000-0000-0000-000000000000, DataGUID: 6c06a492-0000-0000-0000-000000000000"
26.09.2024 11:58:44.155: Cmp=CmpApp, C=1, E=0, M="User: '1', App Download successful [Application], create bootproject: 1"
26.09.2024 11:58:44.155: Cmp=CmpApp, C=1, E=0, M="User: '1', App CodeGUID: 9dc65666-0000-0000-0000-000000000000, DataGUID: 6c06a492-0000-0000-0000-000000000000"
26.09.2024 11:58:44.223: Cmp=CmpApp, C=1, E=0, M="User: '1', App Download successful [Application], create bootproject: 1"
26.09.2024 11:58:44.223: Cmp=CmpApp, C=1, E=0, M="User: '1', App CodeGUID: 9dc65666-0000-0000-0000-000000000000, DataGUID: 6c06a492-0000-0000-0000-000000000000"
26.09.2024 11:58:44.291: Cmp=CmpApp, C=1, E=0, M="User: '1', App Download successful [Application], create bootproject: 1"
26.09.2024 11:58:44.291: Cmp=CmpApp, C=1, E=0, M="User: '1', App CodeGUID: 9dc65666-0000-0000-0000-000000000000, DataGUID: 6c06a492-0000-0000-0000-000000000000"
26.09.2024 11:58:44.370: Cmp=CmpApp, C=1, E=0, M="User: '1', App Download successful [Application], create bootproject: 1"
26.09.2024 11:58:44.370: Cmp=CmpApp, C=1, E=0, M="User: '1', App CodeGUID: 9dc65666-0000-0000-0000-000000000000, DataGUID: 6c06a492-0000-0000-0000-000000000000"
26.09.2024 11:58:44.443: Cmp=CmpApp, C=1, E=0, M="User: '1', App Download successful [Application], create bootproject: 1"
26.09.2024 11:58:44.443: Cmp=CmpApp, C=1, E=0, M="User: '1', App CodeGUID: 9dc65666-0000-0000-0000-000000000000, DataGUID: 6c06a492-0000-0000-0000-000000000000"
26.09.2024 11:58:44.528: Cmp=CmpApp, C=1, E=0, M="User: '1', App Download successful [Application], create bootproject: 1"
26.09.2024 11:58:44.528: Cmp=CmpApp, C=1, E=0, M="User: '1', App CodeGUID: 9dc65666-0000-0000-0000-000000000000, DataGUID: 6c06a492-0000-0000-0000-000000000000"
26.09.2024 11:58:44.599: Cmp=CmpApp, C=1, E=0, M="User: '1', App Download successful [Application], create bootproject: 1"
26.09.2024 11:58:44.599: Cmp=CmpApp, C=1, E=0, M="User: '1', App CodeGUID: 9dc65666-0000-0000-0000-000000000000, DataGUID: 6c06a492-0000-0000-0000-000000000000"
26.09.2024 11:58:44.680: Cmp=CmpApp, C=1, E=0, M="User: '1', App Download successful [Application], create bootproject: 1"
26.09.2024 11:58:44.680: Cmp=CmpApp, C=1, E=0, M="User: '1', App CodeGUID: 9dc65666-0000-0000-0000-000000000000, DataGUID: 6c06a492-0000-0000-0000-000000000000"
26.09.2024 11:58:44.758: Cmp=CmpApp, C=1, E=0, M="User: '1', App Download successful [Application], create bootproject: 1"
26.09.2024 11:58:44.758: Cmp=CmpApp, C=1, E=0, M="User: '1', App CodeGUID: 9dc65666-0000-0000-0000-000000000000, DataGUID: 6c06a492-0000-0000-0000-000000000000"
26.09.2024 11:58:44.849: Cmp=CmpApp, C=1, E=0, M="User: '1', App Download successful [Application], create bootproject: 1"
26.09.2024 11:58:44.849: Cmp=CmpApp, C=1, E=0, M="User: '1', App CodeGUID: 9dc65666-0000-0000-0000-000000000000, DataGUID: 6c06a492-0000-0000-0000-000000000000"
26.09.2024 11:58:44.931: Cmp=CmpApp, C=1, E=0, M="User: '1', App Download successful [Application], create bootproject: 1"
26.09.2024 11:58:44.931: Cmp=CmpApp, C=1, E=0, M="User: '1', App CodeGUID: 9dc65666-0000-0000-0000-000000000000, DataGUID: 6c06a492-0000-0000-0000-000000000000"
26.09.2024 11:58:45.002: Cmp=CmpApp, C=1, E=0, M="User: '1', App Download successful [Application], create bootproject: 1"
26.09.2024 11:58:45.002: Cmp=CmpApp, C=1, E=0, M="User: '1', App CodeGUID: 9dc65666-0000-0000-0000-000000000000, DataGUID: 6c06a492-0000-0000-0000-000000000000"
26.09.2024 11:58:45.070: Cmp=CmpApp, C=1, E=0, M="User: '1', App Download successful [Application], create bootproject: 1"
26.09.2024 11:58:45.070: Cmp=CmpApp, C=1, E=0, M="User: '1', App CodeGUID: 9dc65666-0000-0000-0000-000000000000, DataGUID: 6c06a492-0000-0000-0000-000000000000"
26.09.2024 11:58:45.149: Cmp=CmpApp, C=1, E=0, M="User: '1', App Download successful [Application], create bootproject: 1"
26.09.2024 11:58:45.149: Cmp=CmpApp, C=1, E=0, M="User: '1', App CodeGUID: 9dc65666-0000-0000-0000-000000000000, DataGUID: 6c06a492-0000-0000-0000-000000000000"
26.09.2024 11:58:45.227: Cmp=CmpApp, C=1, E=0, M="User: '1', App Download successful [Application], create bootproject: 1"
26.09.2024 11:58:45.227: Cmp=CmpApp, C=1, E=0, M="User: '1', App CodeGUID: 9dc65666-0000-0000-0000-000000000000, DataGUID: 6c06a492-0000-0000-0000-000000000000"
26.09.2024 11:58:45.300: Cmp=CmpApp, C=1, E=0, M="User: '1', App Download successful [Application], create bootproject: 1"
26.09.2024 11:58:45.300: Cmp=CmpApp, C=1, E=0, M="User: '1', App CodeGUID: 9dc65666-0000-0000-0000-000000000000, DataGUID: 6c06a492-0000-0000-0000-000000000000"
26.09.2024 11:58:45.361: Cmp=CmpApp, C=1, E=0, M="User: '1', App Download successful [Application], create bootproject: 1"
26.09.2024 11:58:45.361: Cmp=CmpApp, C=1, E=0, M="User: '1', App CodeGUID: 9dc65666-0000-0000-0000-000000000000, DataGUID: 6c06a492-0000-0000-0000-000000000000"
26.09.2024 11:58:45.424: Cmp=CmpApp, C=1, E=0, M="User: '1', App Download successful [Application], create bootproject: 1"
26.09.2024 11:58:45.424: Cmp=CmpApp, C=1, E=0, M="User: '1', App CodeGUID: 9dc65666-0000-0000-0000-000000000000, DataGUID: 6c06a492-0000-0000-0000-000000000000"
26.09.2024 11:58:45.490: Cmp=CmpApp, C=1, E=0, M="User: '1', App Download successful [Application], create bootproject: 1"
26.09.2024 11:58:45.491: Cmp=CmpApp, C=1, E=0, M="User: '1', App CodeGUID: 9dc65666-0000-0000-0000-000000000000, DataGUID: 6c06a492-0000-0000-0000-000000000000"
26.09.2024 11:58:45.568: Cmp=CmpApp, C=1, E=0, M="User: '1', App Download successful [Application], create bootproject: 1"
26.09.2024 11:58:45.568: Cmp=CmpApp, C=1, E=0, M="User: '1', App CodeGUID: 9dc65666-0000-0000-0000-000000000000, DataGUID: 6c06a492-0000-0000-0000-000000000000"
26.09.2024 11:58:45.648: Cmp=CmpApp, C=1, E=0, M="User: '1', App Download successful [Application], create bootproject: 1"
26.09.2024 11:58:45.648: Cmp=CmpApp, C=1, E=0, M="User: '1', App CodeGUID: 9dc65666-0000-0000-0000-000000000000, DataGUID: 6c06a492-0000-0000-0000-000000000000"
26.09.2024 11:58:45.726: Cmp=CmpApp, C=1, E=0, M="User: '1', App Download successful [Application], create bootproject: 1"
26.09.2024 11:58:45.726: Cmp=CmpApp, C=1, E=0, M="User: '1', App CodeGUID: 9dc65666-0000-0000-0000-000000000000, DataGUID: 6c06a492-0000-0000-0000-000000000000"
26.09.2024 11:58:45.807: Cmp=CmpApp, C=1, E=0, M="User: '1', App Download successful [Application], create bootproject: 1"
26.09.2024 11:58:45.807: Cmp=CmpApp, C=1, E=0, M="User: '1', App CodeGUID: 9dc65666-0000-0000-0000-000000000000, DataGUID: 6c06a492-0000-0000-0000-000000000000"
26.09.2024 11:58:45.880: Cmp=CmpApp, C=1, E=0, M="User: '1', App Download successful [Application], create bootproject: 1"
26.09.2024 11:58:45.880: Cmp=CmpApp, C=1, E=0, M="User: '1', App CodeGUID: 9dc65666-0000-0000-0000-000000000000, DataGUID: 6c06a492-0000-0000-0000-000000000000"
26.09.2024 11:58:45.955: Cmp=CmpApp, C=1, E=0, M="User: '1', App Download successful [Application], create bootproject: 1"
26.09.2024 11:58:45.955: Cmp=CmpApp, C=1, E=0, M="User: '1', App CodeGUID: 9dc65666-0000-0000-0000-000000000000, DataGUID: 6c06a492-0000-0000-0000-000000000000"
26.09.2024 11:58:46.024: Cmp=CmpApp, C=1, E=0, M="User: '1', App Download successful [Application], create bootproject: 1"
26.09.2024 11:58:46.024: Cmp=CmpApp, C=1, E=0, M="User: '1', App CodeGUID: 9dc65666-0000-0000-0000-000000000000, DataGUID: 6c06a492-0000-0000-0000-000000000000"
26.09.2024 11:58:51.666: Cmp=CmpApp, C=1, E=0, M="User: '1', App Download successful [Application], create bootproject: 1"
26.09.2024 11:58:51.666: Cmp=CmpApp, C=1, E=0, M="User: '1', App CodeGUID: 9dc65666-0000-0000-0000-000000000000, DataGUID: 6c06a492-0000-0000-0000-000000000000"
26.09.2024 11:59:22.733: Cmp=CmpApp, C=1, E=0, M="User: '1', App Start successful"
26.09.2024 12:00:49.330: Cmp=CmpUserMgr, C=1, E=0, M="User: '1', Logout (0)"
26.09.2024 12:06:53.092: Cmp=CmpUserMgr, C=1, E=0, M="User: '1', Login (1)"
26.09.2024 12:07:21.338: Cmp=CmpUserMgr, C=1, E=0, M="User: '1', Logout (0)"
26.09.2024 12:08:39.545: Cmp=CmpUserMgr, C=1, E=0, M="User: '1', Login (1)"
26.09.2024 12:09:29.418: Cmp=CmpApp, C=1, E=0, M="User: '1', App Reinitialize for Download successful"
26.09.2024 12:09:40.196: Cmp=CmpApp, C=1, E=0, M="User: '1', App Download successful [Application], create bootproject: 1"
26.09.2024 12:09:40.196: Cmp=CmpApp, C=1, E=0, M="User: '1', App CodeGUID: 416e64b1-0000-0000-0000-000000000000, DataGUID: 56606390-0000-0000-0000-000000000000"
26.09.2024 12:09:40.274: Cmp=CmpApp, C=1, E=0, M="User: '1', App Download successful [Application], create bootproject: 1"
26.09.2024 12:09:40.274: Cmp=CmpApp, C=1, E=0, M="User: '1', App CodeGUID: 416e64b1-0000-0000-0000-000000000000, DataGUID: 56606390-0000-0000-0000-000000000000"
26.09.2024 12:09:40.342: Cmp=CmpApp, C=1, E=0, M="User: '1', App Download successful [Application], create bootproject: 1"
26.09.2024 12:09:40.343: Cmp=CmpApp, C=1, E=0, M="User: '1', App CodeGUID: 416e64b1-0000-0000-0000-000000000000, DataGUID: 56606390-0000-0000-0000-000000000000"
26.09.2024 12:09:40.422: Cmp=CmpApp, C=1, E=0, M="User: '1', App Download successful [Application], create bootproject: 1"
26.09.2024 12:09:40.422: Cmp=CmpApp, C=1, E=0, M="User: '1', App CodeGUID: 416e64b1-0000-0000-0000-000000000000, DataGUID: 56606390-0000-0000-0000-000000000000"
26.09.2024 12:09:40.501: Cmp=CmpApp, C=1, E=0, M="User: '1', App Download successful [Application], create bootproject: 1"
26.09.2024 12:09:40.501: Cmp=CmpApp, C=1, E=0, M="User: '1', App CodeGUID: 416e64b1-0000-0000-0000-000000000000, DataGUID: 56606390-0000-0000-0000-000000000000"
26.09.2024 12:09:40.576: Cmp=CmpApp, C=1, E=0, M="User: '1', App Download successful [Application], create bootproject: 1"
26.09.2024 12:09:40.577: Cmp=CmpApp, C=1, E=0, M="User: '1', App CodeGUID: 416e64b1-0000-0000-0000-000000000000, DataGUID: 56606390-0000-0000-0000-000000000000"
26.09.2024 12:09:40.639: Cmp=CmpApp, C=1, E=0, M="User: '1', App Download successful [Application], create bootproject: 1"
26.09.2024 12:09:40.639: Cmp=CmpApp, C=1, E=0, M="User: '1', App CodeGUID: 416e64b1-0000-0000-0000-000000000000, DataGUID: 56606390-0000-0000-0000-000000000000"
26.09.2024 12:09:40.723: Cmp=CmpApp, C=1, E=0, M="User: '1', App Download successful [Application], create bootproject: 1"
26.09.2024 12:09:40.723: Cmp=CmpApp, C=1, E=0, M="User: '1', App CodeGUID: 416e64b1-0000-0000-0000-000000000000, DataGUID: 56606390-0000-0000-0000-000000000000"
26.09.2024 12:09:40.795: Cmp=CmpApp, C=1, E=0, M="User: '1', App Download successful [Application], create bootproject: 1"
26.09.2024 12:09:40.796: Cmp=CmpApp, C=1, E=0, M="User: '1', App CodeGUID: 416e64b1-0000-0000-0000-000000000000, DataGUID: 56606390-0000-0000-0000-000000000000"
26.09.2024 12:09:40.858: Cmp=CmpApp, C=1, E=0, M="User: '1', App Download successful [Application], create bootproject: 1"
26.09.2024 12:09:40.858: Cmp=CmpApp, C=1, E=0, M="User: '1', App CodeGUID: 416e64b1-0000-0000-0000-000000000000, DataGUID: 56606390-0000-0000-0000-000000000000"
26.09.2024 12:09:40.938: Cmp=CmpApp, C=1, E=0, M="User: '1', App Download successful [Application], create bootproject: 1"
26.09.2024 12:09:40.938: Cmp=CmpApp, C=1, E=0, M="User: '1', App CodeGUID: 416e64b1-0000-0000-0000-000000000000, DataGUID: 56606390-0000-0000-0000-000000000000"
26.09.2024 12:09:41.032: Cmp=CmpApp, C=1, E=0, M="User: '1', App Download successful [Application], create bootproject: 1"
26.09.2024 12:09:41.032: Cmp=CmpApp, C=1, E=0, M="User: '1', App CodeGUID: 416e64b1-0000-0000-0000-000000000000, DataGUID: 56606390-0000-0000-0000-000000000000"
26.09.2024 12:09:41.111: Cmp=CmpApp, C=1, E=0, M="User: '1', App Download successful [Application], create bootproject: 1"
26.09.2024 12:09:41.111: Cmp=CmpApp, C=1, E=0, M="User: '1', App CodeGUID: 416e64b1-0000-0000-0000-000000000000, DataGUID: 56606390-0000-0000-0000-000000000000"
26.09.2024 12:09:41.186: Cmp=CmpApp, C=1, E=0, M="User: '1', App Download successful [Application], create bootproject: 1"
26.09.2024 12:09:41.186: Cmp=CmpApp, C=1, E=0, M="User: '1', App CodeGUID: 416e64b1-0000-0000-0000-000000000000, DataGUID: 56606390-0000-0000-0000-000000000000"
26.09.2024 12:09:41.248: Cmp=CmpApp, C=1, E=0, M="User: '1', App Download successful [Application], create bootproject: 1"
26.09.2024 12:09:41.249: Cmp=CmpApp, C=1, E=0, M="User: '1', App CodeGUID: 416e64b1-0000-0000-0000-000000000000, DataGUID: 56606390-0000-0000-0000-000000000000"
26.09.2024 12:09:41.336: Cmp=CmpApp, C=1, E=0, M="User: '1', App Download successful [Application], create bootproject: 1"
26.09.2024 12:09:41.336: Cmp=CmpApp, C=1, E=0, M="User: '1', App CodeGUID: 416e64b1-0000-0000-0000-000000000000, DataGUID: 56606390-0000-0000-0000-000000000000"
26.09.2024 12:09:41.407: Cmp=CmpApp, C=1, E=0, M="User: '1', App Download successful [Application], create bootproject: 1"
26.09.2024 12:09:41.407: Cmp=CmpApp, C=1, E=0, M="User: '1', App CodeGUID: 416e64b1-0000-0000-0000-000000000000, DataGUID: 56606390-0000-0000-0000-000000000000"
26.09.2024 12:09:41.482: Cmp=CmpApp, C=1, E=0, M="User: '1', App Download successful [Application], create bootproject: 1"
26.09.2024 12:09:41.482: Cmp=CmpApp, C=1, E=0, M="User: '1', App CodeGUID: 416e64b1-0000-0000-0000-000000000000, DataGUID: 56606390-0000-0000-0000-000000000000"
26.09.2024 12:09:41.544: Cmp=CmpApp, C=1, E=0, M="User: '1', App Download successful [Application], create bootproject: 1"
26.09.2024 12:09:41.544: Cmp=CmpApp, C=1, E=0, M="User: '1', App CodeGUID: 416e64b1-0000-0000-0000-000000000000, DataGUID: 56606390-0000-0000-0000-000000000000"
26.09.2024 12:09:41.609: Cmp=CmpApp, C=1, E=0, M="User: '1', App Download successful [Application], create bootproject: 1"
26.09.2024 12:09:41.609: Cmp=CmpApp, C=1, E=0, M="User: '1', App CodeGUID: 416e64b1-0000-0000-0000-000000000000, DataGUID: 56606390-0000-0000-0000-000000000000"
26.09.2024 12:09:41.694: Cmp=CmpApp, C=1, E=0, M="User: '1', App Download successful [Application], create bootproject: 1"
26.09.2024 12:09:41.694: Cmp=CmpApp, C=1, E=0, M="User: '1', App CodeGUID: 416e64b1-0000-0000-0000-000000000000, DataGUID: 56606390-0000-0000-0000-000000000000"
26.09.2024 12:09:41.768: Cmp=CmpApp, C=1, E=0, M="User: '1', App Download successful [Application], create bootproject: 1"
26.09.2024 12:09:41.768: Cmp=CmpApp, C=1, E=0, M="User: '1', App CodeGUID: 416e64b1-0000-0000-0000-000000000000, DataGUID: 56606390-0000-0000-0000-000000000000"
26.09.2024 12:09:41.842: Cmp=CmpApp, C=1, E=0, M="User: '1', App Download successful [Application], create bootproject: 1"
26.09.2024 12:09:41.842: Cmp=CmpApp, C=1, E=0, M="User: '1', App CodeGUID: 416e64b1-0000-0000-0000-000000000000, DataGUID: 56606390-0000-0000-0000-000000000000"
26.09.2024 12:09:41.910: Cmp=CmpApp, C=1, E=0, M="User: '1', App Download successful [Application], create bootproject: 1"
26.09.2024 12:09:41.910: Cmp=CmpApp, C=1, E=0, M="User: '1', App CodeGUID: 416e64b1-0000-0000-0000-000000000000, DataGUID: 56606390-0000-0000-0000-000000000000"
26.09.2024 12:09:41.983: Cmp=CmpApp, C=1, E=0, M="User: '1', App Download successful [Application], create bootproject: 1"
26.09.2024 12:09:41.983: Cmp=CmpApp, C=1, E=0, M="User: '1', App CodeGUID: 416e64b1-0000-0000-0000-000000000000, DataGUID: 56606390-0000-0000-0000-000000000000"
26.09.2024 12:09:42.069: Cmp=CmpApp, C=1, E=0, M="User: '1', App Download successful [Application], create bootproject: 1"
26.09.2024 12:09:42.069: Cmp=CmpApp, C=1, E=0, M="User: '1', App CodeGUID: 416e64b1-0000-0000-0000-000000000000, DataGUID: 56606390-0000-0000-0000-000000000000"
26.09.2024 12:09:42.142: Cmp=CmpApp, C=1, E=0, M="User: '1', App Download successful [Application], create bootproject: 1"
26.09.2024 12:09:42.142: Cmp=CmpApp, C=1, E=0, M="User: '1', App CodeGUID: 416e64b1-0000-0000-0000-000000000000, DataGUID: 56606390-0000-0000-0000-000000000000"
26.09.2024 12:09:47.853: Cmp=CmpApp, C=1, E=0, M="User: '1', App Download successful [Application], create bootproject: 1"
26.09.2024 12:09:47.853: Cmp=CmpApp, C=1, E=0, M="User: '1', App CodeGUID: 416e64b1-0000-0000-0000-000000000000, DataGUID: 56606390-0000-0000-0000-000000000000"
26.09.2024 12:10:16.504: Cmp=CmpApp, C=1, E=0, M="User: '1', App Start successful"
26.09.2024 12:11:01.255: Cmp=CmpUserMgr, C=1, E=0, M="User: '1', Logout (0)"
26.09.2024 12:15:22.670: Cmp=CmpUserMgr, C=1, E=0, M="User: '1', Login (1)"
26.09.2024 12:16:05.918: Cmp=CmpApp, C=1, E=0, M="User: '1', App Reinitialize for Download successful"
26.09.2024 12:16:16.907: Cmp=CmpApp, C=1, E=0, M="User: '1', App Download successful [Application], create bootproject: 1"
26.09.2024 12:16:16.907: Cmp=CmpApp, C=1, E=0, M="User: '1', App CodeGUID: 1adae1dc-0000-0000-0000-000000000000, DataGUID: 56606390-0000-0000-0000-000000000000"
26.09.2024 12:16:16.992: Cmp=CmpApp, C=1, E=0, M="User: '1', App Download successful [Application], create bootproject: 1"
26.09.2024 12:16:16.992: Cmp=CmpApp, C=1, E=0, M="User: '1', App CodeGUID: 1adae1dc-0000-0000-0000-000000000000, DataGUID: 56606390-0000-0000-0000-000000000000"
26.09.2024 12:16:17.182: Cmp=CmpApp, C=1, E=0, M="User: '1', App Download successful [Application], create bootproject: 1"
26.09.2024 12:16:17.182: Cmp=CmpApp, C=1, E=0, M="User: '1', App CodeGUID: 1adae1dc-0000-0000-0000-000000000000, DataGUID: 56606390-0000-0000-0000-000000000000"
26.09.2024 12:16:17.245: Cmp=CmpApp, C=1, E=0, M="User: '1', App Download successful [Application], create bootproject: 1"
26.09.2024 12:16:17.245: Cmp=CmpApp, C=1, E=0, M="User: '1', App CodeGUID: 1adae1dc-0000-0000-0000-000000000000, DataGUID: 56606390-0000-0000-0000-000000000000"
26.09.2024 12:16:17.327: Cmp=CmpApp, C=1, E=0, M="User: '1', App Download successful [Application], create bootproject: 1"
26.09.2024 12:16:17.327: Cmp=CmpApp, C=1, E=0, M="User: '1', App CodeGUID: 1adae1dc-0000-0000-0000-000000000000, DataGUID: 56606390-0000-0000-0000-000000000000"
26.09.2024 12:16:17.390: Cmp=CmpApp, C=1, E=0, M="User: '1', App Download successful [Application], create bootproject: 1"
26.09.2024 12:16:17.390: Cmp=CmpApp, C=1, E=0, M="User: '1', App CodeGUID: 1adae1dc-0000-0000-0000-000000000000, DataGUID: 56606390-0000-0000-0000-000000000000"
26.09.2024 12:16:17.466: Cmp=CmpApp, C=1, E=0, M="User: '1', App Download successful [Application], create bootproject: 1"
26.09.2024 12:16:17.466: Cmp=CmpApp, C=1, E=0, M="User: '1', App CodeGUID: 1adae1dc-0000-0000-0000-000000000000, DataGUID: 56606390-0000-0000-0000-000000000000"
26.09.2024 12:16:17.543: Cmp=CmpApp, C=1, E=0, M="User: '1', App Download successful [Application], create bootproject: 1"
26.09.2024 12:16:17.543: Cmp=CmpApp, C=1, E=0, M="User: '1', App CodeGUID: 1adae1dc-0000-0000-0000-000000000000, DataGUID: 56606390-0000-0000-0000-000000000000"
26.09.2024 12:16:17.608: Cmp=CmpApp, C=1, E=0, M="User: '1', App Download successful [Application], create bootproject: 1"
26.09.2024 12:16:17.608: Cmp=CmpApp, C=1, E=0, M="User: '1', App CodeGUID: 1adae1dc-0000-0000-0000-000000000000, DataGUID: 56606390-0000-0000-0000-000000000000"
26.09.2024 12:16:17.681: Cmp=CmpApp, C=1, E=0, M="User: '1', App Download successful [Application], create bootproject: 1"
26.09.2024 12:16:17.681: Cmp=CmpApp, C=1, E=0, M="User: '1', App CodeGUID: 1adae1dc-0000-0000-0000-000000000000, DataGUID: 56606390-0000-0000-0000-000000000000"
26.09.2024 12:16:17.750: Cmp=CmpApp, C=1, E=0, M="User: '1', App Download successful [Application], create bootproject: 1"
26.09.2024 12:16:17.750: Cmp=CmpApp, C=1, E=0, M="User: '1', App CodeGUID: 1adae1dc-0000-0000-0000-000000000000, DataGUID: 56606390-0000-0000-0000-000000000000"
26.09.2024 12:16:17.823: Cmp=CmpApp, C=1, E=0, M="User: '1', App Download successful [Application], create bootproject: 1"
26.09.2024 12:16:17.823: Cmp=CmpApp, C=1, E=0, M="User: '1', App CodeGUID: 1adae1dc-0000-0000-0000-000000000000, DataGUID: 56606390-0000-0000-0000-000000000000"
26.09.2024 12:16:17.887: Cmp=CmpApp, C=1, E=0, M="User: '1', App Download successful [Application], create bootproject: 1"
26.09.2024 12:16:17.887: Cmp=CmpApp, C=1, E=0, M="User: '1', App CodeGUID: 1adae1dc-0000-0000-0000-000000000000, DataGUID: 56606390-0000-0000-0000-000000000000"
26.09.2024 12:16:17.962: Cmp=CmpApp, C=1, E=0, M="User: '1', App Download successful [Application], create bootproject: 1"
26.09.2024 12:16:17.963: Cmp=CmpApp, C=1, E=0, M="User: '1', App CodeGUID: 1adae1dc-0000-0000-0000-000000000000, DataGUID: 56606390-0000-0000-0000-000000000000"
26.09.2024 12:16:18.029: Cmp=CmpApp, C=1, E=0, M="User: '1', App Download successful [Application], create bootproject: 1"
26.09.2024 12:16:18.029: Cmp=CmpApp, C=1, E=0, M="User: '1', App CodeGUID: 1adae1dc-0000-0000-0000-000000000000, DataGUID: 56606390-0000-0000-0000-000000000000"
26.09.2024 12:16:18.108: Cmp=CmpApp, C=1, E=0, M="User: '1', App Download successful [Application], create bootproject: 1"
26.09.2024 12:16:18.108: Cmp=CmpApp, C=1, E=0, M="User: '1', App CodeGUID: 1adae1dc-0000-0000-0000-000000000000, DataGUID: 56606390-0000-0000-0000-000000000000"
26.09.2024 12:16:18.186: Cmp=CmpApp, C=1, E=0, M="User: '1', App Download successful [Application], create bootproject: 1"
26.09.2024 12:16:18.186: Cmp=CmpApp, C=1, E=0, M="User: '1', App CodeGUID: 1adae1dc-0000-0000-0000-000000000000, DataGUID: 56606390-0000-0000-0000-000000000000"
26.09.2024 12:16:18.249: Cmp=CmpApp, C=1, E=0, M="User: '1', App Download successful [Application], create bootproject: 1"
26.09.2024 12:16:18.249: Cmp=CmpApp, C=1, E=0, M="User: '1', App CodeGUID: 1adae1dc-0000-0000-0000-000000000000, DataGUID: 56606390-0000-0000-0000-000000000000"
26.09.2024 12:16:18.333: Cmp=CmpApp, C=1, E=0, M="User: '1', App Download successful [Application], create bootproject: 1"
26.09.2024 12:16:18.333: Cmp=CmpApp, C=1, E=0, M="User: '1', App CodeGUID: 1adae1dc-0000-0000-0000-000000000000, DataGUID: 56606390-0000-0000-0000-000000000000"
26.09.2024 12:16:18.404: Cmp=CmpApp, C=1, E=0, M="User: '1', App Download successful [Application], create bootproject: 1"
26.09.2024 12:16:18.404: Cmp=CmpApp, C=1, E=0, M="User: '1', App CodeGUID: 1adae1dc-0000-0000-0000-000000000000, DataGUID: 56606390-0000-0000-0000-000000000000"
26.09.2024 12:16:18.482: Cmp=CmpApp, C=1, E=0, M="User: '1', App Download successful [Application], create bootproject: 1"
26.09.2024 12:16:18.482: Cmp=CmpApp, C=1, E=0, M="User: '1', App CodeGUID: 1adae1dc-0000-0000-0000-000000000000, DataGUID: 56606390-0000-0000-0000-000000000000"
26.09.2024 12:16:18.564: Cmp=CmpApp, C=1, E=0, M="User: '1', App Download successful [Application], create bootproject: 1"
26.09.2024 12:16:18.564: Cmp=CmpApp, C=1, E=0, M="User: '1', App CodeGUID: 1adae1dc-0000-0000-0000-000000000000, DataGUID: 56606390-0000-0000-0000-000000000000"
26.09.2024 12:16:18.637: Cmp=CmpApp, C=1, E=0, M="User: '1', App Download successful [Application], create bootproject: 1"
26.09.2024 12:16:18.637: Cmp=CmpApp, C=1, E=0, M="User: '1', App CodeGUID: 1adae1dc-0000-0000-0000-000000000000, DataGUID: 56606390-0000-0000-0000-000000000000"
26.09.2024 12:16:18.699: Cmp=CmpApp, C=1, E=0, M="User: '1', App Download successful [Application], create bootproject: 1"
26.09.2024 12:16:18.699: Cmp=CmpApp, C=1, E=0, M="User: '1', App CodeGUID: 1adae1dc-0000-0000-0000-000000000000, DataGUID: 56606390-0000-0000-0000-000000000000"
26.09.2024 12:16:18.772: Cmp=CmpApp, C=1, E=0, M="User: '1', App Download successful [Application], create bootproject: 1"
26.09.2024 12:16:18.772: Cmp=CmpApp, C=1, E=0, M="User: '1', App CodeGUID: 1adae1dc-0000-0000-0000-000000000000, DataGUID: 56606390-0000-0000-0000-000000000000"
26.09.2024 12:16:18.840: Cmp=CmpApp, C=1, E=0, M="User: '1', App Download successful [Application], create bootproject: 1"
26.09.2024 12:16:18.840: Cmp=CmpApp, C=1, E=0, M="User: '1', App CodeGUID: 1adae1dc-0000-0000-0000-000000000000, DataGUID: 56606390-0000-0000-0000-000000000000"
26.09.2024 12:16:18.921: Cmp=CmpApp, C=1, E=0, M="User: '1', App Download successful [Application], create bootproject: 1"
26.09.2024 12:16:18.921: Cmp=CmpApp, C=1, E=0, M="User: '1', App CodeGUID: 1adae1dc-0000-0000-0000-000000000000, DataGUID: 56606390-0000-0000-0000-000000000000"
26.09.2024 12:16:24.605: Cmp=CmpApp, C=1, E=0, M="User: '1', App Download successful [Application], create bootproject: 1"
26.09.2024 12:16:24.605: Cmp=CmpApp, C=1, E=0, M="User: '1', App CodeGUID: 1adae1dc-0000-0000-0000-000000000000, DataGUID: 56606390-0000-0000-0000-000000000000"
26.09.2024 12:16:32.671: Cmp=CmpApp, C=1, E=0, M="User: '1', App Start successful"
26.09.2024 12:16:36.476: Cmp=CmpUserMgr, C=1, E=0, M="User: '1', Logout (0)"
30.09.2024 06:43:44.212: ================================================NEW LOG SESSION===================================================
30.09.2024 06:43:44.214: Cmp=CmpAuditLog, C=1, E=0, M="System, Startup"
30.09.2024 06:43:45.990: Cmp=CmpApp, C=1, E=0, M="System, App Create for Download successful"
30.09.2024 06:43:46.036: Cmp=CmpApp, C=1, E=0, M="System, App Download successful [Application], create bootproject: 0"
30.09.2024 06:43:46.036: Cmp=CmpApp, C=1, E=0, M="System, App CodeGUID: 1adae1dc-0000-0000-0000-000000000000, DataGUID: 56606390-0000-0000-0000-000000000000"
30.09.2024 06:43:46.046: Cmp=CmpApp, C=1, E=0, M="System, App Download successful [Application], create bootproject: 0"
30.09.2024 06:43:46.047: Cmp=CmpApp, C=1, E=0, M="System, App CodeGUID: 1adae1dc-0000-0000-0000-000000000000, DataGUID: 56606390-0000-0000-0000-000000000000"
30.09.2024 06:43:46.055: Cmp=CmpApp, C=1, E=0, M="System, App Download successful [Application], create bootproject: 0"
30.09.2024 06:43:46.055: Cmp=CmpApp, C=1, E=0, M="System, App CodeGUID: 1adae1dc-0000-0000-0000-000000000000, DataGUID: 56606390-0000-0000-0000-000000000000"
30.09.2024 06:43:46.064: Cmp=CmpApp, C=1, E=0, M="System, App Download successful [Application], create bootproject: 0"
30.09.2024 06:43:46.064: Cmp=CmpApp, C=1, E=0, M="System, App CodeGUID: 1adae1dc-0000-0000-0000-000000000000, DataGUID: 56606390-0000-0000-0000-000000000000"
30.09.2024 06:43:46.074: Cmp=CmpApp, C=1, E=0, M="System, App Download successful [Application], create bootproject: 0"
30.09.2024 06:43:46.074: Cmp=CmpApp, C=1, E=0, M="System, App CodeGUID: 1adae1dc-0000-0000-0000-000000000000, DataGUID: 56606390-0000-0000-0000-000000000000"
30.09.2024 06:43:46.084: Cmp=CmpApp, C=1, E=0, M="System, App Download successful [Application], create bootproject: 0"
30.09.2024 06:43:46.084: Cmp=CmpApp, C=1, E=0, M="System, App CodeGUID: 1adae1dc-0000-0000-0000-000000000000, DataGUID: 56606390-0000-0000-0000-000000000000"
30.09.2024 06:43:46.094: Cmp=CmpApp, C=1, E=0, M="System, App Download successful [Application], create bootproject: 0"
30.09.2024 06:43:46.094: Cmp=CmpApp, C=1, E=0, M="System, App CodeGUID: 1adae1dc-0000-0000-0000-000000000000, DataGUID: 56606390-0000-0000-0000-000000000000"
30.09.2024 06:43:46.102: Cmp=CmpApp, C=1, E=0, M="System, App Download successful [Application], create bootproject: 0"
30.09.2024 06:43:46.102: Cmp=CmpApp, C=1, E=0, M="System, App CodeGUID: 1adae1dc-0000-0000-0000-000000000000, DataGUID: 56606390-0000-0000-0000-000000000000"
30.09.2024 06:43:46.112: Cmp=CmpApp, C=1, E=0, M="System, App Download successful [Application], create bootproject: 0"
30.09.2024 06:43:46.113: Cmp=CmpApp, C=1, E=0, M="System, App CodeGUID: 1adae1dc-0000-0000-0000-000000000000, DataGUID: 56606390-0000-0000-0000-000000000000"
30.09.2024 06:43:46.121: Cmp=CmpApp, C=1, E=0, M="System, App Download successful [Application], create bootproject: 0"
30.09.2024 06:43:46.121: Cmp=CmpApp, C=1, E=0, M="System, App CodeGUID: 1adae1dc-0000-0000-0000-000000000000, DataGUID: 56606390-0000-0000-0000-000000000000"
30.09.2024 06:43:46.131: Cmp=CmpApp, C=1, E=0, M="System, App Download successful [Application], create bootproject: 0"
30.09.2024 06:43:46.131: Cmp=CmpApp, C=1, E=0, M="System, App CodeGUID: 1adae1dc-0000-0000-0000-000000000000, DataGUID: 56606390-0000-0000-0000-000000000000"
30.09.2024 06:43:46.139: Cmp=CmpApp, C=1, E=0, M="System, App Download successful [Application], create bootproject: 0"
30.09.2024 06:43:46.139: Cmp=CmpApp, C=1, E=0, M="System, App CodeGUID: 1adae1dc-0000-0000-0000-000000000000, DataGUID: 56606390-0000-0000-0000-000000000000"
30.09.2024 06:43:46.147: Cmp=CmpApp, C=1, E=0, M="System, App Download successful [Application], create bootproject: 0"
30.09.2024 06:43:46.147: Cmp=CmpApp, C=1, E=0, M="System, App CodeGUID: 1adae1dc-0000-0000-0000-000000000000, DataGUID: 56606390-0000-0000-0000-000000000000"
30.09.2024 06:43:46.158: Cmp=CmpApp, C=1, E=0, M="System, App Download successful [Application], create bootproject: 0"
30.09.2024 06:43:46.158: Cmp=CmpApp, C=1, E=0, M="System, App CodeGUID: 1adae1dc-0000-0000-0000-000000000000, DataGUID: 56606390-0000-0000-0000-000000000000"
30.09.2024 06:43:46.167: Cmp=CmpApp, C=1, E=0, M="System, App Download successful [Application], create bootproject: 0"
30.09.2024 06:43:46.167: Cmp=CmpApp, C=1, E=0, M="System, App CodeGUID: 1adae1dc-0000-0000-0000-000000000000, DataGUID: 56606390-0000-0000-0000-000000000000"
30.09.2024 06:43:46.175: Cmp=CmpApp, C=1, E=0, M="System, App Download successful [Application], create bootproject: 0"
30.09.2024 06:43:46.175: Cmp=CmpApp, C=1, E=0, M="System, App CodeGUID: 1adae1dc-0000-0000-0000-000000000000, DataGUID: 56606390-0000-0000-0000-000000000000"
30.09.2024 06:43:46.184: Cmp=CmpApp, C=1, E=0, M="System, App Download successful [Application], create bootproject: 0"
30.09.2024 06:43:46.184: Cmp=CmpApp, C=1, E=0, M="System, App CodeGUID: 1adae1dc-0000-0000-0000-000000000000, DataGUID: 56606390-0000-0000-0000-000000000000"
30.09.2024 06:43:46.194: Cmp=CmpApp, C=1, E=0, M="System, App Download successful [Application], create bootproject: 0"
30.09.2024 06:43:46.194: Cmp=CmpApp, C=1, E=0, M="System, App CodeGUID: 1adae1dc-0000-0000-0000-000000000000, DataGUID: 56606390-0000-0000-0000-000000000000"
30.09.2024 06:43:46.203: Cmp=CmpApp, C=1, E=0, M="System, App Download successful [Application], create bootproject: 0"
30.09.2024 06:43:46.203: Cmp=CmpApp, C=1, E=0, M="System, App CodeGUID: 1adae1dc-0000-0000-0000-000000000000, DataGUID: 56606390-0000-0000-0000-000000000000"
30.09.2024 06:43:46.211: Cmp=CmpApp, C=1, E=0, M="System, App Download successful [Application], create bootproject: 0"
30.09.2024 06:43:46.211: Cmp=CmpApp, C=1, E=0, M="System, App CodeGUID: 1adae1dc-0000-0000-0000-000000000000, DataGUID: 56606390-0000-0000-0000-000000000000"
30.09.2024 06:43:46.221: Cmp=CmpApp, C=1, E=0, M="System, App Download successful [Application], create bootproject: 0"
30.09.2024 06:43:46.221: Cmp=CmpApp, C=1, E=0, M="System, App CodeGUID: 1adae1dc-0000-0000-0000-000000000000, DataGUID: 56606390-0000-0000-0000-000000000000"
30.09.2024 06:43:46.233: Cmp=CmpApp, C=1, E=0, M="System, App Download successful [Application], create bootproject: 0"
30.09.2024 06:43:46.233: Cmp=CmpApp, C=1, E=0, M="System, App CodeGUID: 1adae1dc-0000-0000-0000-000000000000, DataGUID: 56606390-0000-0000-0000-000000000000"
30.09.2024 06:43:46.240: Cmp=CmpApp, C=1, E=0, M="System, App Download successful [Application], create bootproject: 0"
30.09.2024 06:43:46.240: Cmp=CmpApp, C=1, E=0, M="System, App CodeGUID: 1adae1dc-0000-0000-0000-000000000000, DataGUID: 56606390-0000-0000-0000-000000000000"
30.09.2024 06:43:46.248: Cmp=CmpApp, C=1, E=0, M="System, App Download successful [Application], create bootproject: 0"
30.09.2024 06:43:46.249: Cmp=CmpApp, C=1, E=0, M="System, App CodeGUID: 1adae1dc-0000-0000-0000-000000000000, DataGUID: 56606390-0000-0000-0000-000000000000"
30.09.2024 06:43:46.258: Cmp=CmpApp, C=1, E=0, M="System, App Download successful [Application], create bootproject: 0"
30.09.2024 06:43:46.258: Cmp=CmpApp, C=1, E=0, M="System, App CodeGUID: 1adae1dc-0000-0000-0000-000000000000, DataGUID: 56606390-0000-0000-0000-000000000000"
30.09.2024 06:43:46.265: Cmp=CmpApp, C=1, E=0, M="System, App Download successful [Application], create bootproject: 0"
30.09.2024 06:43:46.265: Cmp=CmpApp, C=1, E=0, M="System, App CodeGUID: 1adae1dc-0000-0000-0000-000000000000, DataGUID: 56606390-0000-0000-0000-000000000000"
30.09.2024 06:43:46.274: Cmp=CmpApp, C=1, E=0, M="System, App Download successful [Application], create bootproject: 0"
30.09.2024 06:43:46.274: Cmp=CmpApp, C=1, E=0, M="System, App CodeGUID: 1adae1dc-0000-0000-0000-000000000000, DataGUID: 56606390-0000-0000-0000-000000000000"
30.09.2024 06:43:51.180: Cmp=CmpApp, C=1, E=0, M="System, App Download successful [Application], create bootproject: 0"
30.09.2024 06:43:51.180: Cmp=CmpApp, C=1, E=0, M="System, App CodeGUID: 1adae1dc-0000-0000-0000-000000000000, DataGUID: 56606390-0000-0000-0000-000000000000"
30.09.2024 06:43:51.472: Cmp=CmpApp, C=1, E=0, M="System, Application [Application] started"
30.09.2024 06:47:07.257: ================================================NEW LOG SESSION===================================================
30.09.2024 06:47:07.259: Cmp=CmpAuditLog, C=1, E=0, M="System, Startup"
30.09.2024 06:47:09.038: Cmp=CmpApp, C=1, E=0, M="System, App Create for Download successful"
30.09.2024 06:47:09.083: Cmp=CmpApp, C=1, E=0, M="System, App Download successful [Application], create bootproject: 0"
30.09.2024 06:47:09.084: Cmp=CmpApp, C=1, E=0, M="System, App CodeGUID: 1adae1dc-0000-0000-0000-000000000000, DataGUID: 56606390-0000-0000-0000-000000000000"
30.09.2024 06:47:09.094: Cmp=CmpApp, C=1, E=0, M="System, App Download successful [Application], create bootproject: 0"
30.09.2024 06:47:09.094: Cmp=CmpApp, C=1, E=0, M="System, App CodeGUID: 1adae1dc-0000-0000-0000-000000000000, DataGUID: 56606390-0000-0000-0000-000000000000"
30.09.2024 06:47:09.102: Cmp=CmpApp, C=1, E=0, M="System, App Download successful [Application], create bootproject: 0"
30.09.2024 06:47:09.102: Cmp=CmpApp, C=1, E=0, M="System, App CodeGUID: 1adae1dc-0000-0000-0000-000000000000, DataGUID: 56606390-0000-0000-0000-000000000000"
30.09.2024 06:47:09.112: Cmp=CmpApp, C=1, E=0, M="System, App Download successful [Application], create bootproject: 0"
30.09.2024 06:47:09.112: Cmp=CmpApp, C=1, E=0, M="System, App CodeGUID: 1adae1dc-0000-0000-0000-000000000000, DataGUID: 56606390-0000-0000-0000-000000000000"
30.09.2024 06:47:09.121: Cmp=CmpApp, C=1, E=0, M="System, App Download successful [Application], create bootproject: 0"
30.09.2024 06:47:09.121: Cmp=CmpApp, C=1, E=0, M="System, App CodeGUID: 1adae1dc-0000-0000-0000-000000000000, DataGUID: 56606390-0000-0000-0000-000000000000"
30.09.2024 06:47:09.130: Cmp=CmpApp, C=1, E=0, M="System, App Download successful [Application], create bootproject: 0"
30.09.2024 06:47:09.130: Cmp=CmpApp, C=1, E=0, M="System, App CodeGUID: 1adae1dc-0000-0000-0000-000000000000, DataGUID: 56606390-0000-0000-0000-000000000000"
30.09.2024 06:47:09.138: Cmp=CmpApp, C=1, E=0, M="System, App Download successful [Application], create bootproject: 0"
30.09.2024 06:47:09.138: Cmp=CmpApp, C=1, E=0, M="System, App CodeGUID: 1adae1dc-0000-0000-0000-000000000000, DataGUID: 56606390-0000-0000-0000-000000000000"
30.09.2024 06:47:09.149: Cmp=CmpApp, C=1, E=0, M="System, App Download successful [Application], create bootproject: 0"
30.09.2024 06:47:09.149: Cmp=CmpApp, C=1, E=0, M="System, App CodeGUID: 1adae1dc-0000-0000-0000-000000000000, DataGUID: 56606390-0000-0000-0000-000000000000"
30.09.2024 06:47:09.158: Cmp=CmpApp, C=1, E=0, M="System, App Download successful [Application], create bootproject: 0"
30.09.2024 06:47:09.158: Cmp=CmpApp, C=1, E=0, M="System, App CodeGUID: 1adae1dc-0000-0000-0000-000000000000, DataGUID: 56606390-0000-0000-0000-000000000000"
30.09.2024 06:47:09.167: Cmp=CmpApp, C=1, E=0, M="System, App Download successful [Application], create bootproject: 0"
30.09.2024 06:47:09.167: Cmp=CmpApp, C=1, E=0, M="System, App CodeGUID: 1adae1dc-0000-0000-0000-000000000000, DataGUID: 56606390-0000-0000-0000-000000000000"
30.09.2024 06:47:09.177: Cmp=CmpApp, C=1, E=0, M="System, App Download successful [Application], create bootproject: 0"
30.09.2024 06:47:09.177: Cmp=CmpApp, C=1, E=0, M="System, App CodeGUID: 1adae1dc-0000-0000-0000-000000000000, DataGUID: 56606390-0000-0000-0000-000000000000"
30.09.2024 06:47:09.185: Cmp=CmpApp, C=1, E=0, M="System, App Download successful [Application], create bootproject: 0"
30.09.2024 06:47:09.185: Cmp=CmpApp, C=1, E=0, M="System, App CodeGUID: 1adae1dc-0000-0000-0000-000000000000, DataGUID: 56606390-0000-0000-0000-000000000000"
30.09.2024 06:47:09.193: Cmp=CmpApp, C=1, E=0, M="System, App Download successful [Application], create bootproject: 0"
30.09.2024 06:47:09.193: Cmp=CmpApp, C=1, E=0, M="System, App CodeGUID: 1adae1dc-0000-0000-0000-000000000000, DataGUID: 56606390-0000-0000-0000-000000000000"
30.09.2024 06:47:09.203: Cmp=CmpApp, C=1, E=0, M="System, App Download successful [Application], create bootproject: 0"
30.09.2024 06:47:09.203: Cmp=CmpApp, C=1, E=0, M="System, App CodeGUID: 1adae1dc-0000-0000-0000-000000000000, DataGUID: 56606390-0000-0000-0000-000000000000"
30.09.2024 06:47:09.212: Cmp=CmpApp, C=1, E=0, M="System, App Download successful [Application], create bootproject: 0"
30.09.2024 06:47:09.212: Cmp=CmpApp, C=1, E=0, M="System, App CodeGUID: 1adae1dc-0000-0000-0000-000000000000, DataGUID: 56606390-0000-0000-0000-000000000000"
30.09.2024 06:47:09.220: Cmp=CmpApp, C=1, E=0, M="System, App Download successful [Application], create bootproject: 0"
30.09.2024 06:47:09.221: Cmp=CmpApp, C=1, E=0, M="System, App CodeGUID: 1adae1dc-0000-0000-0000-000000000000, DataGUID: 56606390-0000-0000-0000-000000000000"
30.09.2024 06:47:09.229: Cmp=CmpApp, C=1, E=0, M="System, App Download successful [Application], create bootproject: 0"
30.09.2024 06:47:09.229: Cmp=CmpApp, C=1, E=0, M="System, App CodeGUID: 1adae1dc-0000-0000-0000-000000000000, DataGUID: 56606390-0000-0000-0000-000000000000"
30.09.2024 06:47:09.239: Cmp=CmpApp, C=1, E=0, M="System, App Download successful [Application], create bootproject: 0"
30.09.2024 06:47:09.239: Cmp=CmpApp, C=1, E=0, M="System, App CodeGUID: 1adae1dc-0000-0000-0000-000000000000, DataGUID: 56606390-0000-0000-0000-000000000000"
30.09.2024 06:47:09.248: Cmp=CmpApp, C=1, E=0, M="System, App Download successful [Application], create bootproject: 0"
30.09.2024 06:47:09.248: Cmp=CmpApp, C=1, E=0, M="System, App CodeGUID: 1adae1dc-0000-0000-0000-000000000000, DataGUID: 56606390-0000-0000-0000-000000000000"
30.09.2024 06:47:09.256: Cmp=CmpApp, C=1, E=0, M="System, App Download successful [Application], create bootproject: 0"
30.09.2024 06:47:09.256: Cmp=CmpApp, C=1, E=0, M="System, App CodeGUID: 1adae1dc-0000-0000-0000-000000000000, DataGUID: 56606390-0000-0000-0000-000000000000"
30.09.2024 06:47:09.266: Cmp=CmpApp, C=1, E=0, M="System, App Download successful [Application], create bootproject: 0"
30.09.2024 06:47:09.266: Cmp=CmpApp, C=1, E=0, M="System, App CodeGUID: 1adae1dc-0000-0000-0000-000000000000, DataGUID: 56606390-0000-0000-0000-000000000000"
30.09.2024 06:47:09.278: Cmp=CmpApp, C=1, E=0, M="System, App Download successful [Application], create bootproject: 0"
30.09.2024 06:47:09.278: Cmp=CmpApp, C=1, E=0, M="System, App CodeGUID: 1adae1dc-0000-0000-0000-000000000000, DataGUID: 56606390-0000-0000-0000-000000000000"
30.09.2024 06:47:09.286: Cmp=CmpApp, C=1, E=0, M="System, App Download successful [Application], create bootproject: 0"
30.09.2024 06:47:09.286: Cmp=CmpApp, C=1, E=0, M="System, App CodeGUID: 1adae1dc-0000-0000-0000-000000000000, DataGUID: 56606390-0000-0000-0000-000000000000"
30.09.2024 06:47:09.294: Cmp=CmpApp, C=1, E=0, M="System, App Download successful [Application], create bootproject: 0"
30.09.2024 06:47:09.294: Cmp=CmpApp, C=1, E=0, M="System, App CodeGUID: 1adae1dc-0000-0000-0000-000000000000, DataGUID: 56606390-0000-0000-0000-000000000000"
30.09.2024 06:47:09.303: Cmp=CmpApp, C=1, E=0, M="System, App Download successful [Application], create bootproject: 0"
30.09.2024 06:47:09.303: Cmp=CmpApp, C=1, E=0, M="System, App CodeGUID: 1adae1dc-0000-0000-0000-000000000000, DataGUID: 56606390-0000-0000-0000-000000000000"
30.09.2024 06:47:09.310: Cmp=CmpApp, C=1, E=0, M="System, App Download successful [Application], create bootproject: 0"
30.09.2024 06:47:09.310: Cmp=CmpApp, C=1, E=0, M="System, App CodeGUID: 1adae1dc-0000-0000-0000-000000000000, DataGUID: 56606390-0000-0000-0000-000000000000"
30.09.2024 06:47:09.320: Cmp=CmpApp, C=1, E=0, M="System, App Download successful [Application], create bootproject: 0"
30.09.2024 06:47:09.320: Cmp=CmpApp, C=1, E=0, M="System, App CodeGUID: 1adae1dc-0000-0000-0000-000000000000, DataGUID: 56606390-0000-0000-0000-000000000000"
30.09.2024 06:47:14.218: Cmp=CmpApp, C=1, E=0, M="System, App Download successful [Application], create bootproject: 0"
30.09.2024 06:47:14.218: Cmp=CmpApp, C=1, E=0, M="System, App CodeGUID: 1adae1dc-0000-0000-0000-000000000000, DataGUID: 56606390-0000-0000-0000-000000000000"
30.09.2024 06:47:14.721: Cmp=CmpApp, C=1, E=0, M="System, Application [Application] started"
30.09.2024 06:58:14.197: ================================================NEW LOG SESSION===================================================
30.09.2024 06:58:14.203: Cmp=CmpAuditLog, C=1, E=0, M="System, Startup"
30.09.2024 06:58:16.025: Cmp=CmpApp, C=1, E=0, M="System, App Create for Download successful"
30.09.2024 06:58:16.072: Cmp=CmpApp, C=1, E=0, M="System, App Download successful [Application], create bootproject: 0"
30.09.2024 06:58:16.072: Cmp=CmpApp, C=1, E=0, M="System, App CodeGUID: 1adae1dc-0000-0000-0000-000000000000, DataGUID: 56606390-0000-0000-0000-000000000000"
30.09.2024 06:58:16.082: Cmp=CmpApp, C=1, E=0, M="System, App Download successful [Application], create bootproject: 0"
30.09.2024 06:58:16.082: Cmp=CmpApp, C=1, E=0, M="System, App CodeGUID: 1adae1dc-0000-0000-0000-000000000000, DataGUID: 56606390-0000-0000-0000-000000000000"
30.09.2024 06:58:16.092: Cmp=CmpApp, C=1, E=0, M="System, App Download successful [Application], create bootproject: 0"
30.09.2024 06:58:16.092: Cmp=CmpApp, C=1, E=0, M="System, App CodeGUID: 1adae1dc-0000-0000-0000-000000000000, DataGUID: 56606390-0000-0000-0000-000000000000"
30.09.2024 06:58:16.101: Cmp=CmpApp, C=1, E=0, M="System, App Download successful [Application], create bootproject: 0"
30.09.2024 06:58:16.101: Cmp=CmpApp, C=1, E=0, M="System, App CodeGUID: 1adae1dc-0000-0000-0000-000000000000, DataGUID: 56606390-0000-0000-0000-000000000000"
30.09.2024 06:58:16.110: Cmp=CmpApp, C=1, E=0, M="System, App Download successful [Application], create bootproject: 0"
30.09.2024 06:58:16.110: Cmp=CmpApp, C=1, E=0, M="System, App CodeGUID: 1adae1dc-0000-0000-0000-000000000000, DataGUID: 56606390-0000-0000-0000-000000000000"
30.09.2024 06:58:16.120: Cmp=CmpApp, C=1, E=0, M="System, App Download successful [Application], create bootproject: 0"
30.09.2024 06:58:16.120: Cmp=CmpApp, C=1, E=0, M="System, App CodeGUID: 1adae1dc-0000-0000-0000-000000000000, DataGUID: 56606390-0000-0000-0000-000000000000"
30.09.2024 06:58:16.130: Cmp=CmpApp, C=1, E=0, M="System, App Download successful [Application], create bootproject: 0"
30.09.2024 06:58:16.130: Cmp=CmpApp, C=1, E=0, M="System, App CodeGUID: 1adae1dc-0000-0000-0000-000000000000, DataGUID: 56606390-0000-0000-0000-000000000000"
30.09.2024 06:58:16.139: Cmp=CmpApp, C=1, E=0, M="System, App Download successful [Application], create bootproject: 0"
30.09.2024 06:58:16.139: Cmp=CmpApp, C=1, E=0, M="System, App CodeGUID: 1adae1dc-0000-0000-0000-000000000000, DataGUID: 56606390-0000-0000-0000-000000000000"
30.09.2024 06:58:16.148: Cmp=CmpApp, C=1, E=0, M="System, App Download successful [Application], create bootproject: 0"
30.09.2024 06:58:16.148: Cmp=CmpApp, C=1, E=0, M="System, App CodeGUID: 1adae1dc-0000-0000-0000-000000000000, DataGUID: 56606390-0000-0000-0000-000000000000"
30.09.2024 06:58:16.158: Cmp=CmpApp, C=1, E=0, M="System, App Download successful [Application], create bootproject: 0"
30.09.2024 06:58:16.158: Cmp=CmpApp, C=1, E=0, M="System, App CodeGUID: 1adae1dc-0000-0000-0000-000000000000, DataGUID: 56606390-0000-0000-0000-000000000000"
30.09.2024 06:58:16.166: Cmp=CmpApp, C=1, E=0, M="System, App Download successful [Application], create bootproject: 0"
30.09.2024 06:58:16.166: Cmp=CmpApp, C=1, E=0, M="System, App CodeGUID: 1adae1dc-0000-0000-0000-000000000000, DataGUID: 56606390-0000-0000-0000-000000000000"
30.09.2024 06:58:16.174: Cmp=CmpApp, C=1, E=0, M="System, App Download successful [Application], create bootproject: 0"
30.09.2024 06:58:16.174: Cmp=CmpApp, C=1, E=0, M="System, App CodeGUID: 1adae1dc-0000-0000-0000-000000000000, DataGUID: 56606390-0000-0000-0000-000000000000"
30.09.2024 06:58:16.184: Cmp=CmpApp, C=1, E=0, M="System, App Download successful [Application], create bootproject: 0"
30.09.2024 06:58:16.184: Cmp=CmpApp, C=1, E=0, M="System, App CodeGUID: 1adae1dc-0000-0000-0000-000000000000, DataGUID: 56606390-0000-0000-0000-000000000000"
30.09.2024 06:58:16.193: Cmp=CmpApp, C=1, E=0, M="System, App Download successful [Application], create bootproject: 0"
30.09.2024 06:58:16.193: Cmp=CmpApp, C=1, E=0, M="System, App CodeGUID: 1adae1dc-0000-0000-0000-000000000000, DataGUID: 56606390-0000-0000-0000-000000000000"
30.09.2024 06:58:16.201: Cmp=CmpApp, C=1, E=0, M="System, App Download successful [Application], create bootproject: 0"
30.09.2024 06:58:16.202: Cmp=CmpApp, C=1, E=0, M="System, App CodeGUID: 1adae1dc-0000-0000-0000-000000000000, DataGUID: 56606390-0000-0000-0000-000000000000"
30.09.2024 06:58:16.210: Cmp=CmpApp, C=1, E=0, M="System, App Download successful [Application], create bootproject: 0"
30.09.2024 06:58:16.210: Cmp=CmpApp, C=1, E=0, M="System, App CodeGUID: 1adae1dc-0000-0000-0000-000000000000, DataGUID: 56606390-0000-0000-0000-000000000000"
30.09.2024 06:58:16.220: Cmp=CmpApp, C=1, E=0, M="System, App Download successful [Application], create bootproject: 0"
30.09.2024 06:58:16.220: Cmp=CmpApp, C=1, E=0, M="System, App CodeGUID: 1adae1dc-0000-0000-0000-000000000000, DataGUID: 56606390-0000-0000-0000-000000000000"
30.09.2024 06:58:16.229: Cmp=CmpApp, C=1, E=0, M="System, App Download successful [Application], create bootproject: 0"
30.09.2024 06:58:16.229: Cmp=CmpApp, C=1, E=0, M="System, App CodeGUID: 1adae1dc-0000-0000-0000-000000000000, DataGUID: 56606390-0000-0000-0000-000000000000"
30.09.2024 06:58:16.238: Cmp=CmpApp, C=1, E=0, M="System, App Download successful [Application], create bootproject: 0"
30.09.2024 06:58:16.238: Cmp=CmpApp, C=1, E=0, M="System, App CodeGUID: 1adae1dc-0000-0000-0000-000000000000, DataGUID: 56606390-0000-0000-0000-000000000000"
30.09.2024 06:58:16.247: Cmp=CmpApp, C=1, E=0, M="System, App Download successful [Application], create bootproject: 0"
30.09.2024 06:58:16.247: Cmp=CmpApp, C=1, E=0, M="System, App CodeGUID: 1adae1dc-0000-0000-0000-000000000000, DataGUID: 56606390-0000-0000-0000-000000000000"
30.09.2024 06:58:16.256: Cmp=CmpApp, C=1, E=0, M="System, App Download successful [Application], create bootproject: 0"
30.09.2024 06:58:16.256: Cmp=CmpApp, C=1, E=0, M="System, App CodeGUID: 1adae1dc-0000-0000-0000-000000000000, DataGUID: 56606390-0000-0000-0000-000000000000"
30.09.2024 06:58:16.266: Cmp=CmpApp, C=1, E=0, M="System, App Download successful [Application], create bootproject: 0"
30.09.2024 06:58:16.266: Cmp=CmpApp, C=1, E=0, M="System, App CodeGUID: 1adae1dc-0000-0000-0000-000000000000, DataGUID: 56606390-0000-0000-0000-000000000000"
30.09.2024 06:58:16.275: Cmp=CmpApp, C=1, E=0, M="System, App Download successful [Application], create bootproject: 0"
30.09.2024 06:58:16.275: Cmp=CmpApp, C=1, E=0, M="System, App CodeGUID: 1adae1dc-0000-0000-0000-000000000000, DataGUID: 56606390-0000-0000-0000-000000000000"
30.09.2024 06:58:16.283: Cmp=CmpApp, C=1, E=0, M="System, App Download successful [Application], create bootproject: 0"
30.09.2024 06:58:16.283: Cmp=CmpApp, C=1, E=0, M="System, App CodeGUID: 1adae1dc-0000-0000-0000-000000000000, DataGUID: 56606390-0000-0000-0000-000000000000"
30.09.2024 06:58:16.291: Cmp=CmpApp, C=1, E=0, M="System, App Download successful [Application], create bootproject: 0"
30.09.2024 06:58:16.291: Cmp=CmpApp, C=1, E=0, M="System, App CodeGUID: 1adae1dc-0000-0000-0000-000000000000, DataGUID: 56606390-0000-0000-0000-000000000000"
30.09.2024 06:58:16.300: Cmp=CmpApp, C=1, E=0, M="System, App Download successful [Application], create bootproject: 0"
30.09.2024 06:58:16.300: Cmp=CmpApp, C=1, E=0, M="System, App CodeGUID: 1adae1dc-0000-0000-0000-000000000000, DataGUID: 56606390-0000-0000-0000-000000000000"
30.09.2024 06:58:16.307: Cmp=CmpApp, C=1, E=0, M="System, App Download successful [Application], create bootproject: 0"
30.09.2024 06:58:16.308: Cmp=CmpApp, C=1, E=0, M="System, App CodeGUID: 1adae1dc-0000-0000-0000-000000000000, DataGUID: 56606390-0000-0000-0000-000000000000"
30.09.2024 06:58:21.267: Cmp=CmpApp, C=1, E=0, M="System, App Download successful [Application], create bootproject: 0"
30.09.2024 06:58:21.267: Cmp=CmpApp, C=1, E=0, M="System, App CodeGUID: 1adae1dc-0000-0000-0000-000000000000, DataGUID: 56606390-0000-0000-0000-000000000000"
30.09.2024 06:58:21.758: Cmp=CmpApp, C=1, E=0, M="System, Application [Application] started"
30.09.2024 08:49:24.145: ================================================NEW LOG SESSION===================================================
30.09.2024 08:49:24.147: Cmp=CmpAuditLog, C=1, E=0, M="System, Startup"
30.09.2024 08:49:25.925: Cmp=CmpApp, C=1, E=0, M="System, App Create for Download successful"
30.09.2024 08:49:25.972: Cmp=CmpApp, C=1, E=0, M="System, App Download successful [Application], create bootproject: 0"
30.09.2024 08:49:25.972: Cmp=CmpApp, C=1, E=0, M="System, App CodeGUID: 1adae1dc-0000-0000-0000-000000000000, DataGUID: 56606390-0000-0000-0000-000000000000"
30.09.2024 08:49:25.982: Cmp=CmpApp, C=1, E=0, M="System, App Download successful [Application], create bootproject: 0"
30.09.2024 08:49:25.982: Cmp=CmpApp, C=1, E=0, M="System, App CodeGUID: 1adae1dc-0000-0000-0000-000000000000, DataGUID: 56606390-0000-0000-0000-000000000000"
30.09.2024 08:49:25.992: Cmp=CmpApp, C=1, E=0, M="System, App Download successful [Application], create bootproject: 0"
30.09.2024 08:49:25.992: Cmp=CmpApp, C=1, E=0, M="System, App CodeGUID: 1adae1dc-0000-0000-0000-000000000000, DataGUID: 56606390-0000-0000-0000-000000000000"
30.09.2024 08:49:26.000: Cmp=CmpApp, C=1, E=0, M="System, App Download successful [Application], create bootproject: 0"
30.09.2024 08:49:26.000: Cmp=CmpApp, C=1, E=0, M="System, App CodeGUID: 1adae1dc-0000-0000-0000-000000000000, DataGUID: 56606390-0000-0000-0000-000000000000"
30.09.2024 08:49:26.009: Cmp=CmpApp, C=1, E=0, M="System, App Download successful [Application], create bootproject: 0"
30.09.2024 08:49:26.009: Cmp=CmpApp, C=1, E=0, M="System, App CodeGUID: 1adae1dc-0000-0000-0000-000000000000, DataGUID: 56606390-0000-0000-0000-000000000000"
30.09.2024 08:49:26.020: Cmp=CmpApp, C=1, E=0, M="System, App Download successful [Application], create bootproject: 0"
30.09.2024 08:49:26.020: Cmp=CmpApp, C=1, E=0, M="System, App CodeGUID: 1adae1dc-0000-0000-0000-000000000000, DataGUID: 56606390-0000-0000-0000-000000000000"
30.09.2024 08:49:26.029: Cmp=CmpApp, C=1, E=0, M="System, App Download successful [Application], create bootproject: 0"
30.09.2024 08:49:26.029: Cmp=CmpApp, C=1, E=0, M="System, App CodeGUID: 1adae1dc-0000-0000-0000-000000000000, DataGUID: 56606390-0000-0000-0000-000000000000"
30.09.2024 08:49:26.038: Cmp=CmpApp, C=1, E=0, M="System, App Download successful [Application], create bootproject: 0"
30.09.2024 08:49:26.038: Cmp=CmpApp, C=1, E=0, M="System, App CodeGUID: 1adae1dc-0000-0000-0000-000000000000, DataGUID: 56606390-0000-0000-0000-000000000000"
30.09.2024 08:49:26.046: Cmp=CmpApp, C=1, E=0, M="System, App Download successful [Application], create bootproject: 0"
30.09.2024 08:49:26.046: Cmp=CmpApp, C=1, E=0, M="System, App CodeGUID: 1adae1dc-0000-0000-0000-000000000000, DataGUID: 56606390-0000-0000-0000-000000000000"
30.09.2024 08:49:26.056: Cmp=CmpApp, C=1, E=0, M="System, App Download successful [Application], create bootproject: 0"
30.09.2024 08:49:26.056: Cmp=CmpApp, C=1, E=0, M="System, App CodeGUID: 1adae1dc-0000-0000-0000-000000000000, DataGUID: 56606390-0000-0000-0000-000000000000"
30.09.2024 08:49:26.065: Cmp=CmpApp, C=1, E=0, M="System, App Download successful [Application], create bootproject: 0"
30.09.2024 08:49:26.065: Cmp=CmpApp, C=1, E=0, M="System, App CodeGUID: 1adae1dc-0000-0000-0000-000000000000, DataGUID: 56606390-0000-0000-0000-000000000000"
30.09.2024 08:49:26.073: Cmp=CmpApp, C=1, E=0, M="System, App Download successful [Application], create bootproject: 0"
30.09.2024 08:49:26.073: Cmp=CmpApp, C=1, E=0, M="System, App CodeGUID: 1adae1dc-0000-0000-0000-000000000000, DataGUID: 56606390-0000-0000-0000-000000000000"
30.09.2024 08:49:26.083: Cmp=CmpApp, C=1, E=0, M="System, App Download successful [Application], create bootproject: 0"
30.09.2024 08:49:26.083: Cmp=CmpApp, C=1, E=0, M="System, App CodeGUID: 1adae1dc-0000-0000-0000-000000000000, DataGUID: 56606390-0000-0000-0000-000000000000"
30.09.2024 08:49:26.092: Cmp=CmpApp, C=1, E=0, M="System, App Download successful [Application], create bootproject: 0"
30.09.2024 08:49:26.092: Cmp=CmpApp, C=1, E=0, M="System, App CodeGUID: 1adae1dc-0000-0000-0000-000000000000, DataGUID: 56606390-0000-0000-0000-000000000000"
30.09.2024 08:49:26.100: Cmp=CmpApp, C=1, E=0, M="System, App Download successful [Application], create bootproject: 0"
30.09.2024 08:49:26.100: Cmp=CmpApp, C=1, E=0, M="System, App CodeGUID: 1adae1dc-0000-0000-0000-000000000000, DataGUID: 56606390-0000-0000-0000-000000000000"
30.09.2024 08:49:26.109: Cmp=CmpApp, C=1, E=0, M="System, App Download successful [Application], create bootproject: 0"
30.09.2024 08:49:26.109: Cmp=CmpApp, C=1, E=0, M="System, App CodeGUID: 1adae1dc-0000-0000-0000-000000000000, DataGUID: 56606390-0000-0000-0000-000000000000"
30.09.2024 08:49:26.119: Cmp=CmpApp, C=1, E=0, M="System, App Download successful [Application], create bootproject: 0"
30.09.2024 08:49:26.119: Cmp=CmpApp, C=1, E=0, M="System, App CodeGUID: 1adae1dc-0000-0000-0000-000000000000, DataGUID: 56606390-0000-0000-0000-000000000000"
30.09.2024 08:49:26.128: Cmp=CmpApp, C=1, E=0, M="System, App Download successful [Application], create bootproject: 0"
30.09.2024 08:49:26.128: Cmp=CmpApp, C=1, E=0, M="System, App CodeGUID: 1adae1dc-0000-0000-0000-000000000000, DataGUID: 56606390-0000-0000-0000-000000000000"
30.09.2024 08:49:26.136: Cmp=CmpApp, C=1, E=0, M="System, App Download successful [Application], create bootproject: 0"
30.09.2024 08:49:26.136: Cmp=CmpApp, C=1, E=0, M="System, App CodeGUID: 1adae1dc-0000-0000-0000-000000000000, DataGUID: 56606390-0000-0000-0000-000000000000"
30.09.2024 08:49:26.146: Cmp=CmpApp, C=1, E=0, M="System, App Download successful [Application], create bootproject: 0"
30.09.2024 08:49:26.146: Cmp=CmpApp, C=1, E=0, M="System, App CodeGUID: 1adae1dc-0000-0000-0000-000000000000, DataGUID: 56606390-0000-0000-0000-000000000000"
30.09.2024 08:49:26.155: Cmp=CmpApp, C=1, E=0, M="System, App Download successful [Application], create bootproject: 0"
30.09.2024 08:49:26.155: Cmp=CmpApp, C=1, E=0, M="System, App CodeGUID: 1adae1dc-0000-0000-0000-000000000000, DataGUID: 56606390-0000-0000-0000-000000000000"
30.09.2024 08:49:26.165: Cmp=CmpApp, C=1, E=0, M="System, App Download successful [Application], create bootproject: 0"
30.09.2024 08:49:26.165: Cmp=CmpApp, C=1, E=0, M="System, App CodeGUID: 1adae1dc-0000-0000-0000-000000000000, DataGUID: 56606390-0000-0000-0000-000000000000"
30.09.2024 08:49:26.173: Cmp=CmpApp, C=1, E=0, M="System, App Download successful [Application], create bootproject: 0"
30.09.2024 08:49:26.173: Cmp=CmpApp, C=1, E=0, M="System, App CodeGUID: 1adae1dc-0000-0000-0000-000000000000, DataGUID: 56606390-0000-0000-0000-000000000000"
30.09.2024 08:49:26.181: Cmp=CmpApp, C=1, E=0, M="System, App Download successful [Application], create bootproject: 0"
30.09.2024 08:49:26.181: Cmp=CmpApp, C=1, E=0, M="System, App CodeGUID: 1adae1dc-0000-0000-0000-000000000000, DataGUID: 56606390-0000-0000-0000-000000000000"
30.09.2024 08:49:26.189: Cmp=CmpApp, C=1, E=0, M="System, App Download successful [Application], create bootproject: 0"
30.09.2024 08:49:26.189: Cmp=CmpApp, C=1, E=0, M="System, App CodeGUID: 1adae1dc-0000-0000-0000-000000000000, DataGUID: 56606390-0000-0000-0000-000000000000"
30.09.2024 08:49:26.198: Cmp=CmpApp, C=1, E=0, M="System, App Download successful [Application], create bootproject: 0"
30.09.2024 08:49:26.198: Cmp=CmpApp, C=1, E=0, M="System, App CodeGUID: 1adae1dc-0000-0000-0000-000000000000, DataGUID: 56606390-0000-0000-0000-000000000000"
30.09.2024 08:49:26.205: Cmp=CmpApp, C=1, E=0, M="System, App Download successful [Application], create bootproject: 0"
30.09.2024 08:49:26.205: Cmp=CmpApp, C=1, E=0, M="System, App CodeGUID: 1adae1dc-0000-0000-0000-000000000000, DataGUID: 56606390-0000-0000-0000-000000000000"
30.09.2024 08:49:31.206: Cmp=CmpApp, C=1, E=0, M="System, App Download successful [Application], create bootproject: 0"
30.09.2024 08:49:31.206: Cmp=CmpApp, C=1, E=0, M="System, App CodeGUID: 1adae1dc-0000-0000-0000-000000000000, DataGUID: 56606390-0000-0000-0000-000000000000"
30.09.2024 08:49:31.782: Cmp=CmpApp, C=1, E=1, M="System, Application [Application] denied to start: event"
30.09.2024 08:51:29.244: ================================================NEW LOG SESSION===================================================
30.09.2024 08:51:29.247: Cmp=CmpAuditLog, C=1, E=0, M="System, Startup"
30.09.2024 08:51:31.068: Cmp=CmpApp, C=1, E=0, M="System, App Create for Download successful"
30.09.2024 08:51:31.114: Cmp=CmpApp, C=1, E=0, M="System, App Download successful [Application], create bootproject: 0"
30.09.2024 08:51:31.114: Cmp=CmpApp, C=1, E=0, M="System, App CodeGUID: 1adae1dc-0000-0000-0000-000000000000, DataGUID: 56606390-0000-0000-0000-000000000000"
30.09.2024 08:51:31.127: Cmp=CmpApp, C=1, E=0, M="System, App Download successful [Application], create bootproject: 0"
30.09.2024 08:51:31.127: Cmp=CmpApp, C=1, E=0, M="System, App CodeGUID: 1adae1dc-0000-0000-0000-000000000000, DataGUID: 56606390-0000-0000-0000-000000000000"
30.09.2024 08:51:31.136: Cmp=CmpApp, C=1, E=0, M="System, App Download successful [Application], create bootproject: 0"
30.09.2024 08:51:31.136: Cmp=CmpApp, C=1, E=0, M="System, App CodeGUID: 1adae1dc-0000-0000-0000-000000000000, DataGUID: 56606390-0000-0000-0000-000000000000"
30.09.2024 08:51:31.145: Cmp=CmpApp, C=1, E=0, M="System, App Download successful [Application], create bootproject: 0"
30.09.2024 08:51:31.145: Cmp=CmpApp, C=1, E=0, M="System, App CodeGUID: 1adae1dc-0000-0000-0000-000000000000, DataGUID: 56606390-0000-0000-0000-000000000000"
30.09.2024 08:51:31.154: Cmp=CmpApp, C=1, E=0, M="System, App Download successful [Application], create bootproject: 0"
30.09.2024 08:51:31.154: Cmp=CmpApp, C=1, E=0, M="System, App CodeGUID: 1adae1dc-0000-0000-0000-000000000000, DataGUID: 56606390-0000-0000-0000-000000000000"
30.09.2024 08:51:31.164: Cmp=CmpApp, C=1, E=0, M="System, App Download successful [Application], create bootproject: 0"
30.09.2024 08:51:31.164: Cmp=CmpApp, C=1, E=0, M="System, App CodeGUID: 1adae1dc-0000-0000-0000-000000000000, DataGUID: 56606390-0000-0000-0000-000000000000"
30.09.2024 08:51:31.172: Cmp=CmpApp, C=1, E=0, M="System, App Download successful [Application], create bootproject: 0"
30.09.2024 08:51:31.172: Cmp=CmpApp, C=1, E=0, M="System, App CodeGUID: 1adae1dc-0000-0000-0000-000000000000, DataGUID: 56606390-0000-0000-0000-000000000000"
30.09.2024 08:51:31.181: Cmp=CmpApp, C=1, E=0, M="System, App Download successful [Application], create bootproject: 0"
30.09.2024 08:51:31.181: Cmp=CmpApp, C=1, E=0, M="System, App CodeGUID: 1adae1dc-0000-0000-0000-000000000000, DataGUID: 56606390-0000-0000-0000-000000000000"
30.09.2024 08:51:31.189: Cmp=CmpApp, C=1, E=0, M="System, App Download successful [Application], create bootproject: 0"
30.09.2024 08:51:31.189: Cmp=CmpApp, C=1, E=0, M="System, App CodeGUID: 1adae1dc-0000-0000-0000-000000000000, DataGUID: 56606390-0000-0000-0000-000000000000"
30.09.2024 08:51:31.198: Cmp=CmpApp, C=1, E=0, M="System, App Download successful [Application], create bootproject: 0"
30.09.2024 08:51:31.198: Cmp=CmpApp, C=1, E=0, M="System, App CodeGUID: 1adae1dc-0000-0000-0000-000000000000, DataGUID: 56606390-0000-0000-0000-000000000000"
30.09.2024 08:51:31.207: Cmp=CmpApp, C=1, E=0, M="System, App Download successful [Application], create bootproject: 0"
30.09.2024 08:51:31.207: Cmp=CmpApp, C=1, E=0, M="System, App CodeGUID: 1adae1dc-0000-0000-0000-000000000000, DataGUID: 56606390-0000-0000-0000-000000000000"
30.09.2024 08:51:31.216: Cmp=CmpApp, C=1, E=0, M="System, App Download successful [Application], create bootproject: 0"
30.09.2024 08:51:31.216: Cmp=CmpApp, C=1, E=0, M="System, App CodeGUID: 1adae1dc-0000-0000-0000-000000000000, DataGUID: 56606390-0000-0000-0000-000000000000"
30.09.2024 08:51:31.224: Cmp=CmpApp, C=1, E=0, M="System, App Download successful [Application], create bootproject: 0"
30.09.2024 08:51:31.224: Cmp=CmpApp, C=1, E=0, M="System, App CodeGUID: 1adae1dc-0000-0000-0000-000000000000, DataGUID: 56606390-0000-0000-0000-000000000000"
30.09.2024 08:51:31.233: Cmp=CmpApp, C=1, E=0, M="System, App Download successful [Application], create bootproject: 0"
30.09.2024 08:51:31.233: Cmp=CmpApp, C=1, E=0, M="System, App CodeGUID: 1adae1dc-0000-0000-0000-000000000000, DataGUID: 56606390-0000-0000-0000-000000000000"
30.09.2024 08:51:31.243: Cmp=CmpApp, C=1, E=0, M="System, App Download successful [Application], create bootproject: 0"
30.09.2024 08:51:31.243: Cmp=CmpApp, C=1, E=0, M="System, App CodeGUID: 1adae1dc-0000-0000-0000-000000000000, DataGUID: 56606390-0000-0000-0000-000000000000"
30.09.2024 08:51:31.251: Cmp=CmpApp, C=1, E=0, M="System, App Download successful [Application], create bootproject: 0"
30.09.2024 08:51:31.251: Cmp=CmpApp, C=1, E=0, M="System, App CodeGUID: 1adae1dc-0000-0000-0000-000000000000, DataGUID: 56606390-0000-0000-0000-000000000000"
30.09.2024 08:51:31.260: Cmp=CmpApp, C=1, E=0, M="System, App Download successful [Application], create bootproject: 0"
30.09.2024 08:51:31.260: Cmp=CmpApp, C=1, E=0, M="System, App CodeGUID: 1adae1dc-0000-0000-0000-000000000000, DataGUID: 56606390-0000-0000-0000-000000000000"
30.09.2024 08:51:31.268: Cmp=CmpApp, C=1, E=0, M="System, App Download successful [Application], create bootproject: 0"
30.09.2024 08:51:31.268: Cmp=CmpApp, C=1, E=0, M="System, App CodeGUID: 1adae1dc-0000-0000-0000-000000000000, DataGUID: 56606390-0000-0000-0000-000000000000"
30.09.2024 08:51:31.278: Cmp=CmpApp, C=1, E=0, M="System, App Download successful [Application], create bootproject: 0"
30.09.2024 08:51:31.279: Cmp=CmpApp, C=1, E=0, M="System, App CodeGUID: 1adae1dc-0000-0000-0000-000000000000, DataGUID: 56606390-0000-0000-0000-000000000000"
30.09.2024 08:51:31.286: Cmp=CmpApp, C=1, E=0, M="System, App Download successful [Application], create bootproject: 0"
30.09.2024 08:51:31.287: Cmp=CmpApp, C=1, E=0, M="System, App CodeGUID: 1adae1dc-0000-0000-0000-000000000000, DataGUID: 56606390-0000-0000-0000-000000000000"
30.09.2024 08:51:31.296: Cmp=CmpApp, C=1, E=0, M="System, App Download successful [Application], create bootproject: 0"
30.09.2024 08:51:31.296: Cmp=CmpApp, C=1, E=0, M="System, App CodeGUID: 1adae1dc-0000-0000-0000-000000000000, DataGUID: 56606390-0000-0000-0000-000000000000"
30.09.2024 08:51:31.308: Cmp=CmpApp, C=1, E=0, M="System, App Download successful [Application], create bootproject: 0"
30.09.2024 08:51:31.308: Cmp=CmpApp, C=1, E=0, M="System, App CodeGUID: 1adae1dc-0000-0000-0000-000000000000, DataGUID: 56606390-0000-0000-0000-000000000000"
30.09.2024 08:51:31.316: Cmp=CmpApp, C=1, E=0, M="System, App Download successful [Application], create bootproject: 0"
30.09.2024 08:51:31.316: Cmp=CmpApp, C=1, E=0, M="System, App CodeGUID: 1adae1dc-0000-0000-0000-000000000000, DataGUID: 56606390-0000-0000-0000-000000000000"
30.09.2024 08:51:31.324: Cmp=CmpApp, C=1, E=0, M="System, App Download successful [Application], create bootproject: 0"
30.09.2024 08:51:31.324: Cmp=CmpApp, C=1, E=0, M="System, App CodeGUID: 1adae1dc-0000-0000-0000-000000000000, DataGUID: 56606390-0000-0000-0000-000000000000"
30.09.2024 08:51:31.333: Cmp=CmpApp, C=1, E=0, M="System, App Download successful [Application], create bootproject: 0"
30.09.2024 08:51:31.333: Cmp=CmpApp, C=1, E=0, M="System, App CodeGUID: 1adae1dc-0000-0000-0000-000000000000, DataGUID: 56606390-0000-0000-0000-000000000000"
30.09.2024 08:51:31.340: Cmp=CmpApp, C=1, E=0, M="System, App Download successful [Application], create bootproject: 0"
30.09.2024 08:51:31.341: Cmp=CmpApp, C=1, E=0, M="System, App CodeGUID: 1adae1dc-0000-0000-0000-000000000000, DataGUID: 56606390-0000-0000-0000-000000000000"
30.09.2024 08:51:31.348: Cmp=CmpApp, C=1, E=0, M="System, App Download successful [Application], create bootproject: 0"
30.09.2024 08:51:31.348: Cmp=CmpApp, C=1, E=0, M="System, App CodeGUID: 1adae1dc-0000-0000-0000-000000000000, DataGUID: 56606390-0000-0000-0000-000000000000"
30.09.2024 08:51:36.240: Cmp=CmpApp, C=1, E=0, M="System, App Download successful [Application], create bootproject: 0"
30.09.2024 08:51:36.240: Cmp=CmpApp, C=1, E=0, M="System, App CodeGUID: 1adae1dc-0000-0000-0000-000000000000, DataGUID: 56606390-0000-0000-0000-000000000000"
30.09.2024 08:51:36.797: Cmp=CmpApp, C=1, E=0, M="System, Application [Application] started"
30.09.2024 09:04:39.967: Cmp=CmpUserMgr, C=1, E=0, M="User: '1', Login (1)"
30.09.2024 09:04:40.090: Cmp=CmpUserMgr, C=1, E=0, M="User: '1', Logout (0)"
30.09.2024 09:05:15.779: Cmp=CmpUserMgr, C=1, E=0, M="User: '1', Login (1)"
30.09.2024 09:05:15.974: Cmp=CmpUserMgr, C=1, E=0, M="User: '1', Logout (0)"
30.09.2024 09:05:22.050: Cmp=CmpUserMgr, C=1, E=0, M="User: '1', Login (1)"
30.09.2024 09:05:22.090: Cmp=CmpUserMgr, C=1, E=0, M="User: '1', Logout (0)"
30.09.2024 09:05:27.612: Cmp=CmpUserMgr, C=1, E=0, M="User: '1', Login (1)"
30.09.2024 09:05:27.665: Cmp=CmpUserMgr, C=1, E=0, M="User: '1', Logout (0)"
30.09.2024 09:05:55.939: Cmp=CmpUserMgr, C=1, E=0, M="User: '1', Login (1)"
30.09.2024 09:06:27.177: Cmp=CmpUserMgr, C=1, E=0, M="User: '1', Logout (0)"
30.09.2024 09:07:08.998: Cmp=CmpUserMgr, C=1, E=0, M="User: '1', Login (1)"
30.09.2024 09:08:22.901: Cmp=CmpApp, C=1, E=0, M="User: '1', App Reinitialize for Download successful"
30.09.2024 09:08:32.693: Cmp=CmpApp, C=1, E=0, M="User: '1', App Download successful [Application], create bootproject: 1"
30.09.2024 09:08:32.693: Cmp=CmpApp, C=1, E=0, M="User: '1', App CodeGUID: 43574d7c-0000-0000-0000-000000000000, DataGUID: ca60c1d3-0000-0000-0000-000000000000"
30.09.2024 09:08:32.790: Cmp=CmpApp, C=1, E=0, M="User: '1', App Download successful [Application], create bootproject: 1"
30.09.2024 09:08:32.790: Cmp=CmpApp, C=1, E=0, M="User: '1', App CodeGUID: 43574d7c-0000-0000-0000-000000000000, DataGUID: ca60c1d3-0000-0000-0000-000000000000"
30.09.2024 09:08:32.870: Cmp=CmpApp, C=1, E=0, M="User: '1', App Download successful [Application], create bootproject: 1"
30.09.2024 09:08:32.870: Cmp=CmpApp, C=1, E=0, M="User: '1', App CodeGUID: 43574d7c-0000-0000-0000-000000000000, DataGUID: ca60c1d3-0000-0000-0000-000000000000"
30.09.2024 09:08:32.946: Cmp=CmpApp, C=1, E=0, M="User: '1', App Download successful [Application], create bootproject: 1"
30.09.2024 09:08:32.946: Cmp=CmpApp, C=1, E=0, M="User: '1', App CodeGUID: 43574d7c-0000-0000-0000-000000000000, DataGUID: ca60c1d3-0000-0000-0000-000000000000"
30.09.2024 09:08:33.038: Cmp=CmpApp, C=1, E=0, M="User: '1', App Download successful [Application], create bootproject: 1"
30.09.2024 09:08:33.038: Cmp=CmpApp, C=1, E=0, M="User: '1', App CodeGUID: 43574d7c-0000-0000-0000-000000000000, DataGUID: ca60c1d3-0000-0000-0000-000000000000"
30.09.2024 09:08:33.123: Cmp=CmpApp, C=1, E=0, M="User: '1', App Download successful [Application], create bootproject: 1"
30.09.2024 09:08:33.123: Cmp=CmpApp, C=1, E=0, M="User: '1', App CodeGUID: 43574d7c-0000-0000-0000-000000000000, DataGUID: ca60c1d3-0000-0000-0000-000000000000"
30.09.2024 09:08:33.224: Cmp=CmpApp, C=1, E=0, M="User: '1', App Download successful [Application], create bootproject: 1"
30.09.2024 09:08:33.224: Cmp=CmpApp, C=1, E=0, M="User: '1', App CodeGUID: 43574d7c-0000-0000-0000-000000000000, DataGUID: ca60c1d3-0000-0000-0000-000000000000"
30.09.2024 09:08:33.311: Cmp=CmpApp, C=1, E=0, M="User: '1', App Download successful [Application], create bootproject: 1"
30.09.2024 09:08:33.311: Cmp=CmpApp, C=1, E=0, M="User: '1', App CodeGUID: 43574d7c-0000-0000-0000-000000000000, DataGUID: ca60c1d3-0000-0000-0000-000000000000"
30.09.2024 09:08:33.404: Cmp=CmpApp, C=1, E=0, M="User: '1', App Download successful [Application], create bootproject: 1"
30.09.2024 09:08:33.404: Cmp=CmpApp, C=1, E=0, M="User: '1', App CodeGUID: 43574d7c-0000-0000-0000-000000000000, DataGUID: ca60c1d3-0000-0000-0000-000000000000"
30.09.2024 09:08:33.491: Cmp=CmpApp, C=1, E=0, M="User: '1', App Download successful [Application], create bootproject: 1"
30.09.2024 09:08:33.491: Cmp=CmpApp, C=1, E=0, M="User: '1', App CodeGUID: 43574d7c-0000-0000-0000-000000000000, DataGUID: ca60c1d3-0000-0000-0000-000000000000"
30.09.2024 09:08:33.571: Cmp=CmpApp, C=1, E=0, M="User: '1', App Download successful [Application], create bootproject: 1"
30.09.2024 09:08:33.572: Cmp=CmpApp, C=1, E=0, M="User: '1', App CodeGUID: 43574d7c-0000-0000-0000-000000000000, DataGUID: ca60c1d3-0000-0000-0000-000000000000"
30.09.2024 09:08:33.650: Cmp=CmpApp, C=1, E=0, M="User: '1', App Download successful [Application], create bootproject: 1"
30.09.2024 09:08:33.650: Cmp=CmpApp, C=1, E=0, M="User: '1', App CodeGUID: 43574d7c-0000-0000-0000-000000000000, DataGUID: ca60c1d3-0000-0000-0000-000000000000"
30.09.2024 09:08:33.745: Cmp=CmpApp, C=1, E=0, M="User: '1', App Download successful [Application], create bootproject: 1"
30.09.2024 09:08:33.746: Cmp=CmpApp, C=1, E=0, M="User: '1', App CodeGUID: 43574d7c-0000-0000-0000-000000000000, DataGUID: ca60c1d3-0000-0000-0000-000000000000"
30.09.2024 09:08:33.841: Cmp=CmpApp, C=1, E=0, M="User: '1', App Download successful [Application], create bootproject: 1"
30.09.2024 09:08:33.841: Cmp=CmpApp, C=1, E=0, M="User: '1', App CodeGUID: 43574d7c-0000-0000-0000-000000000000, DataGUID: ca60c1d3-0000-0000-0000-000000000000"
30.09.2024 09:08:33.933: Cmp=CmpApp, C=1, E=0, M="User: '1', App Download successful [Application], create bootproject: 1"
30.09.2024 09:08:33.933: Cmp=CmpApp, C=1, E=0, M="User: '1', App CodeGUID: 43574d7c-0000-0000-0000-000000000000, DataGUID: ca60c1d3-0000-0000-0000-000000000000"
30.09.2024 09:08:34.026: Cmp=CmpApp, C=1, E=0, M="User: '1', App Download successful [Application], create bootproject: 1"
30.09.2024 09:08:34.026: Cmp=CmpApp, C=1, E=0, M="User: '1', App CodeGUID: 43574d7c-0000-0000-0000-000000000000, DataGUID: ca60c1d3-0000-0000-0000-000000000000"
30.09.2024 09:08:34.125: Cmp=CmpApp, C=1, E=0, M="User: '1', App Download successful [Application], create bootproject: 1"
30.09.2024 09:08:34.125: Cmp=CmpApp, C=1, E=0, M="User: '1', App CodeGUID: 43574d7c-0000-0000-0000-000000000000, DataGUID: ca60c1d3-0000-0000-0000-000000000000"
30.09.2024 09:08:34.210: Cmp=CmpApp, C=1, E=0, M="User: '1', App Download successful [Application], create bootproject: 1"
30.09.2024 09:08:34.210: Cmp=CmpApp, C=1, E=0, M="User: '1', App CodeGUID: 43574d7c-0000-0000-0000-000000000000, DataGUID: ca60c1d3-0000-0000-0000-000000000000"
30.09.2024 09:08:34.292: Cmp=CmpApp, C=1, E=0, M="User: '1', App Download successful [Application], create bootproject: 1"
30.09.2024 09:08:34.293: Cmp=CmpApp, C=1, E=0, M="User: '1', App CodeGUID: 43574d7c-0000-0000-0000-000000000000, DataGUID: ca60c1d3-0000-0000-0000-000000000000"
30.09.2024 09:08:34.383: Cmp=CmpApp, C=1, E=0, M="User: '1', App Download successful [Application], create bootproject: 1"
30.09.2024 09:08:34.383: Cmp=CmpApp, C=1, E=0, M="User: '1', App CodeGUID: 43574d7c-0000-0000-0000-000000000000, DataGUID: ca60c1d3-0000-0000-0000-000000000000"
30.09.2024 09:08:34.467: Cmp=CmpApp, C=1, E=0, M="User: '1', App Download successful [Application], create bootproject: 1"
30.09.2024 09:08:34.467: Cmp=CmpApp, C=1, E=0, M="User: '1', App CodeGUID: 43574d7c-0000-0000-0000-000000000000, DataGUID: ca60c1d3-0000-0000-0000-000000000000"
30.09.2024 09:08:34.558: Cmp=CmpApp, C=1, E=0, M="User: '1', App Download successful [Application], create bootproject: 1"
30.09.2024 09:08:34.558: Cmp=CmpApp, C=1, E=0, M="User: '1', App CodeGUID: 43574d7c-0000-0000-0000-000000000000, DataGUID: ca60c1d3-0000-0000-0000-000000000000"
30.09.2024 09:08:34.648: Cmp=CmpApp, C=1, E=0, M="User: '1', App Download successful [Application], create bootproject: 1"
30.09.2024 09:08:34.648: Cmp=CmpApp, C=1, E=0, M="User: '1', App CodeGUID: 43574d7c-0000-0000-0000-000000000000, DataGUID: ca60c1d3-0000-0000-0000-000000000000"
30.09.2024 09:08:34.724: Cmp=CmpApp, C=1, E=0, M="User: '1', App Download successful [Application], create bootproject: 1"
30.09.2024 09:08:34.724: Cmp=CmpApp, C=1, E=0, M="User: '1', App CodeGUID: 43574d7c-0000-0000-0000-000000000000, DataGUID: ca60c1d3-0000-0000-0000-000000000000"
30.09.2024 09:08:34.822: Cmp=CmpApp, C=1, E=0, M="User: '1', App Download successful [Application], create bootproject: 1"
30.09.2024 09:08:34.822: Cmp=CmpApp, C=1, E=0, M="User: '1', App CodeGUID: 43574d7c-0000-0000-0000-000000000000, DataGUID: ca60c1d3-0000-0000-0000-000000000000"
30.09.2024 09:08:34.896: Cmp=CmpApp, C=1, E=0, M="User: '1', App Download successful [Application], create bootproject: 1"
30.09.2024 09:08:34.896: Cmp=CmpApp, C=1, E=0, M="User: '1', App CodeGUID: 43574d7c-0000-0000-0000-000000000000, DataGUID: ca60c1d3-0000-0000-0000-000000000000"
30.09.2024 09:08:34.974: Cmp=CmpApp, C=1, E=0, M="User: '1', App Download successful [Application], create bootproject: 1"
30.09.2024 09:08:34.974: Cmp=CmpApp, C=1, E=0, M="User: '1', App CodeGUID: 43574d7c-0000-0000-0000-000000000000, DataGUID: ca60c1d3-0000-0000-0000-000000000000"
30.09.2024 09:08:40.627: Cmp=CmpApp, C=1, E=0, M="User: '1', App Download successful [Application], create bootproject: 1"
30.09.2024 09:08:40.627: Cmp=CmpApp, C=1, E=0, M="User: '1', App CodeGUID: 43574d7c-0000-0000-0000-000000000000, DataGUID: ca60c1d3-0000-0000-0000-000000000000"
30.09.2024 09:08:45.753: Cmp=CmpApp, C=1, E=0, M="User: '1', App Start successful"
30.09.2024 09:09:33.049: Cmp=CmpUserMgr, C=1, E=0, M="User: '1', Logout (0)"
30.09.2024 09:10:35.094: Cmp=CmpUserMgr, C=1, E=0, M="User: '1', Login (1)"
30.09.2024 09:10:50.350: Cmp=CmpApp, C=1, E=0, M="User: '1', App Reinitialize for Download successful"
30.09.2024 09:11:01.082: Cmp=CmpApp, C=1, E=0, M="User: '1', App Download successful [Application], create bootproject: 1"
30.09.2024 09:11:01.082: Cmp=CmpApp, C=1, E=0, M="User: '1', App CodeGUID: b2fc244e-0000-0000-0000-000000000000, DataGUID: 20cac2e9-0000-0000-0000-000000000000"
30.09.2024 09:11:01.156: Cmp=CmpApp, C=1, E=0, M="User: '1', App Download successful [Application], create bootproject: 1"
30.09.2024 09:11:01.156: Cmp=CmpApp, C=1, E=0, M="User: '1', App CodeGUID: b2fc244e-0000-0000-0000-000000000000, DataGUID: 20cac2e9-0000-0000-0000-000000000000"
30.09.2024 09:11:01.225: Cmp=CmpApp, C=1, E=0, M="User: '1', App Download successful [Application], create bootproject: 1"
30.09.2024 09:11:01.225: Cmp=CmpApp, C=1, E=0, M="User: '1', App CodeGUID: b2fc244e-0000-0000-0000-000000000000, DataGUID: 20cac2e9-0000-0000-0000-000000000000"
30.09.2024 09:11:01.290: Cmp=CmpApp, C=1, E=0, M="User: '1', App Download successful [Application], create bootproject: 1"
30.09.2024 09:11:01.290: Cmp=CmpApp, C=1, E=0, M="User: '1', App CodeGUID: b2fc244e-0000-0000-0000-000000000000, DataGUID: 20cac2e9-0000-0000-0000-000000000000"
30.09.2024 09:11:01.359: Cmp=CmpApp, C=1, E=0, M="User: '1', App Download successful [Application], create bootproject: 1"
30.09.2024 09:11:01.359: Cmp=CmpApp, C=1, E=0, M="User: '1', App CodeGUID: b2fc244e-0000-0000-0000-000000000000, DataGUID: 20cac2e9-0000-0000-0000-000000000000"
30.09.2024 09:11:01.428: Cmp=CmpApp, C=1, E=0, M="User: '1', App Download successful [Application], create bootproject: 1"
30.09.2024 09:11:01.428: Cmp=CmpApp, C=1, E=0, M="User: '1', App CodeGUID: b2fc244e-0000-0000-0000-000000000000, DataGUID: 20cac2e9-0000-0000-0000-000000000000"
30.09.2024 09:11:01.498: Cmp=CmpApp, C=1, E=0, M="User: '1', App Download successful [Application], create bootproject: 1"
30.09.2024 09:11:01.498: Cmp=CmpApp, C=1, E=0, M="User: '1', App CodeGUID: b2fc244e-0000-0000-0000-000000000000, DataGUID: 20cac2e9-0000-0000-0000-000000000000"
30.09.2024 09:11:01.569: Cmp=CmpApp, C=1, E=0, M="User: '1', App Download successful [Application], create bootproject: 1"
30.09.2024 09:11:01.569: Cmp=CmpApp, C=1, E=0, M="User: '1', App CodeGUID: b2fc244e-0000-0000-0000-000000000000, DataGUID: 20cac2e9-0000-0000-0000-000000000000"
30.09.2024 09:11:01.640: Cmp=CmpApp, C=1, E=0, M="User: '1', App Download successful [Application], create bootproject: 1"
30.09.2024 09:11:01.640: Cmp=CmpApp, C=1, E=0, M="User: '1', App CodeGUID: b2fc244e-0000-0000-0000-000000000000, DataGUID: 20cac2e9-0000-0000-0000-000000000000"
30.09.2024 09:11:01.712: Cmp=CmpApp, C=1, E=0, M="User: '1', App Download successful [Application], create bootproject: 1"
30.09.2024 09:11:01.712: Cmp=CmpApp, C=1, E=0, M="User: '1', App CodeGUID: b2fc244e-0000-0000-0000-000000000000, DataGUID: 20cac2e9-0000-0000-0000-000000000000"
30.09.2024 09:11:01.774: Cmp=CmpApp, C=1, E=0, M="User: '1', App Download successful [Application], create bootproject: 1"
30.09.2024 09:11:01.774: Cmp=CmpApp, C=1, E=0, M="User: '1', App CodeGUID: b2fc244e-0000-0000-0000-000000000000, DataGUID: 20cac2e9-0000-0000-0000-000000000000"
30.09.2024 09:11:01.840: Cmp=CmpApp, C=1, E=0, M="User: '1', App Download successful [Application], create bootproject: 1"
30.09.2024 09:11:01.840: Cmp=CmpApp, C=1, E=0, M="User: '1', App CodeGUID: b2fc244e-0000-0000-0000-000000000000, DataGUID: 20cac2e9-0000-0000-0000-000000000000"
30.09.2024 09:11:01.921: Cmp=CmpApp, C=1, E=0, M="User: '1', App Download successful [Application], create bootproject: 1"
30.09.2024 09:11:01.921: Cmp=CmpApp, C=1, E=0, M="User: '1', App CodeGUID: b2fc244e-0000-0000-0000-000000000000, DataGUID: 20cac2e9-0000-0000-0000-000000000000"
30.09.2024 09:11:01.992: Cmp=CmpApp, C=1, E=0, M="User: '1', App Download successful [Application], create bootproject: 1"
30.09.2024 09:11:01.992: Cmp=CmpApp, C=1, E=0, M="User: '1', App CodeGUID: b2fc244e-0000-0000-0000-000000000000, DataGUID: 20cac2e9-0000-0000-0000-000000000000"
30.09.2024 09:11:02.056: Cmp=CmpApp, C=1, E=0, M="User: '1', App Download successful [Application], create bootproject: 1"
30.09.2024 09:11:02.056: Cmp=CmpApp, C=1, E=0, M="User: '1', App CodeGUID: b2fc244e-0000-0000-0000-000000000000, DataGUID: 20cac2e9-0000-0000-0000-000000000000"
30.09.2024 09:11:02.120: Cmp=CmpApp, C=1, E=0, M="User: '1', App Download successful [Application], create bootproject: 1"
30.09.2024 09:11:02.120: Cmp=CmpApp, C=1, E=0, M="User: '1', App CodeGUID: b2fc244e-0000-0000-0000-000000000000, DataGUID: 20cac2e9-0000-0000-0000-000000000000"
30.09.2024 09:11:02.198: Cmp=CmpApp, C=1, E=0, M="User: '1', App Download successful [Application], create bootproject: 1"
30.09.2024 09:11:02.198: Cmp=CmpApp, C=1, E=0, M="User: '1', App CodeGUID: b2fc244e-0000-0000-0000-000000000000, DataGUID: 20cac2e9-0000-0000-0000-000000000000"
30.09.2024 09:11:02.279: Cmp=CmpApp, C=1, E=0, M="User: '1', App Download successful [Application], create bootproject: 1"
30.09.2024 09:11:02.279: Cmp=CmpApp, C=1, E=0, M="User: '1', App CodeGUID: b2fc244e-0000-0000-0000-000000000000, DataGUID: 20cac2e9-0000-0000-0000-000000000000"
30.09.2024 09:11:02.351: Cmp=CmpApp, C=1, E=0, M="User: '1', App Download successful [Application], create bootproject: 1"
30.09.2024 09:11:02.351: Cmp=CmpApp, C=1, E=0, M="User: '1', App CodeGUID: b2fc244e-0000-0000-0000-000000000000, DataGUID: 20cac2e9-0000-0000-0000-000000000000"
30.09.2024 09:11:02.416: Cmp=CmpApp, C=1, E=0, M="User: '1', App Download successful [Application], create bootproject: 1"
30.09.2024 09:11:02.416: Cmp=CmpApp, C=1, E=0, M="User: '1', App CodeGUID: b2fc244e-0000-0000-0000-000000000000, DataGUID: 20cac2e9-0000-0000-0000-000000000000"
30.09.2024 09:11:02.511: Cmp=CmpApp, C=1, E=0, M="User: '1', App Download successful [Application], create bootproject: 1"
30.09.2024 09:11:02.511: Cmp=CmpApp, C=1, E=0, M="User: '1', App CodeGUID: b2fc244e-0000-0000-0000-000000000000, DataGUID: 20cac2e9-0000-0000-0000-000000000000"
30.09.2024 09:11:02.590: Cmp=CmpApp, C=1, E=0, M="User: '1', App Download successful [Application], create bootproject: 1"
30.09.2024 09:11:02.590: Cmp=CmpApp, C=1, E=0, M="User: '1', App CodeGUID: b2fc244e-0000-0000-0000-000000000000, DataGUID: 20cac2e9-0000-0000-0000-000000000000"
30.09.2024 09:11:02.661: 
-------------------------------------------------------------------------------------
----- CLOSED BY SIZE 99741/100000
-------------------------------------------------------------------------------------
