03.10.2024 11:12:30.858: Cmp=CmpApp, C=1, E=0, M="User: '1', App CodeGUID: d36742af-0000-0000-0000-000000000000, DataGUID: 7816e021-0000-0000-0000-000000000000"
03.10.2024 11:12:31.012: Cmp=CmpApp, C=1, E=0, M="User: '1', App Download successful [Application], create bootproject: 1"
03.10.2024 11:12:31.012: Cmp=CmpApp, C=1, E=0, M="User: '1', App CodeGUID: d36742af-0000-0000-0000-000000000000, DataGUID: 7816e021-0000-0000-0000-000000000000"
03.10.2024 11:12:31.091: Cmp=CmpApp, C=1, E=0, M="User: '1', App Download successful [Application], create bootproject: 1"
03.10.2024 11:12:31.091: Cmp=CmpApp, C=1, E=0, M="User: '1', App CodeGUID: d36742af-0000-0000-0000-000000000000, DataGUID: 7816e021-0000-0000-0000-000000000000"
03.10.2024 11:12:31.164: Cmp=CmpApp, C=1, E=0, M="User: '1', App Download successful [Application], create bootproject: 1"
03.10.2024 11:12:31.164: Cmp=CmpApp, C=1, E=0, M="User: '1', App CodeGUID: d36742af-0000-0000-0000-000000000000, DataGUID: 7816e021-0000-0000-0000-000000000000"
03.10.2024 11:12:31.231: Cmp=CmpApp, C=1, E=0, M="User: '1', App Download successful [Application], create bootproject: 1"
03.10.2024 11:12:31.231: Cmp=CmpApp, C=1, E=0, M="User: '1', App CodeGUID: d36742af-0000-0000-0000-000000000000, DataGUID: 7816e021-0000-0000-0000-000000000000"
03.10.2024 11:12:31.302: Cmp=CmpApp, C=1, E=0, M="User: '1', App Download successful [Application], create bootproject: 1"
03.10.2024 11:12:31.302: Cmp=CmpApp, C=1, E=0, M="User: '1', App CodeGUID: d36742af-0000-0000-0000-000000000000, DataGUID: 7816e021-0000-0000-0000-000000000000"
03.10.2024 11:12:31.366: Cmp=CmpApp, C=1, E=0, M="User: '1', App Download successful [Application], create bootproject: 1"
03.10.2024 11:12:31.367: Cmp=CmpApp, C=1, E=0, M="User: '1', App CodeGUID: d36742af-0000-0000-0000-000000000000, DataGUID: 7816e021-0000-0000-0000-000000000000"
03.10.2024 11:12:31.432: Cmp=CmpApp, C=1, E=0, M="User: '1', App Download successful [Application], create bootproject: 1"
03.10.2024 11:12:31.432: Cmp=CmpApp, C=1, E=0, M="User: '1', App CodeGUID: d36742af-0000-0000-0000-000000000000, DataGUID: 7816e021-0000-0000-0000-000000000000"
03.10.2024 11:12:31.529: Cmp=CmpApp, C=1, E=0, M="User: '1', App Download successful [Application], create bootproject: 1"
03.10.2024 11:12:31.529: Cmp=CmpApp, C=1, E=0, M="User: '1', App CodeGUID: d36742af-0000-0000-0000-000000000000, DataGUID: 7816e021-0000-0000-0000-000000000000"
03.10.2024 11:12:31.603: Cmp=CmpApp, C=1, E=0, M="User: '1', App Download successful [Application], create bootproject: 1"
03.10.2024 11:12:31.603: Cmp=CmpApp, C=1, E=0, M="User: '1', App CodeGUID: d36742af-0000-0000-0000-000000000000, DataGUID: 7816e021-0000-0000-0000-000000000000"
03.10.2024 11:12:31.683: Cmp=CmpApp, C=1, E=0, M="User: '1', App Download successful [Application], create bootproject: 1"
03.10.2024 11:12:31.683: Cmp=CmpApp, C=1, E=0, M="User: '1', App CodeGUID: d36742af-0000-0000-0000-000000000000, DataGUID: 7816e021-0000-0000-0000-000000000000"
03.10.2024 11:12:31.762: Cmp=CmpApp, C=1, E=0, M="User: '1', App Download successful [Application], create bootproject: 1"
03.10.2024 11:12:31.762: Cmp=CmpApp, C=1, E=0, M="User: '1', App CodeGUID: d36742af-0000-0000-0000-000000000000, DataGUID: 7816e021-0000-0000-0000-000000000000"
03.10.2024 11:12:31.829: Cmp=CmpApp, C=1, E=0, M="User: '1', App Download successful [Application], create bootproject: 1"
03.10.2024 11:12:31.829: Cmp=CmpApp, C=1, E=0, M="User: '1', App CodeGUID: d36742af-0000-0000-0000-000000000000, DataGUID: 7816e021-0000-0000-0000-000000000000"
03.10.2024 11:12:31.899: Cmp=CmpApp, C=1, E=0, M="User: '1', App Download successful [Application], create bootproject: 1"
03.10.2024 11:12:31.899: Cmp=CmpApp, C=1, E=0, M="User: '1', App CodeGUID: d36742af-0000-0000-0000-000000000000, DataGUID: 7816e021-0000-0000-0000-000000000000"
03.10.2024 11:12:31.962: Cmp=CmpApp, C=1, E=0, M="User: '1', App Download successful [Application], create bootproject: 1"
03.10.2024 11:12:31.962: Cmp=CmpApp, C=1, E=0, M="User: '1', App CodeGUID: d36742af-0000-0000-0000-000000000000, DataGUID: 7816e021-0000-0000-0000-000000000000"
03.10.2024 11:12:32.045: Cmp=CmpApp, C=1, E=0, M="User: '1', App Download successful [Application], create bootproject: 1"
03.10.2024 11:12:32.045: Cmp=CmpApp, C=1, E=0, M="User: '1', App CodeGUID: d36742af-0000-0000-0000-000000000000, DataGUID: 7816e021-0000-0000-0000-000000000000"
03.10.2024 11:12:32.134: Cmp=CmpApp, C=1, E=0, M="User: '1', App Download successful [Application], create bootproject: 1"
03.10.2024 11:12:32.135: Cmp=CmpApp, C=1, E=0, M="User: '1', App CodeGUID: d36742af-0000-0000-0000-000000000000, DataGUID: 7816e021-0000-0000-0000-000000000000"
03.10.2024 11:12:32.197: Cmp=CmpApp, C=1, E=0, M="User: '1', App Download successful [Application], create bootproject: 1"
03.10.2024 11:12:32.197: Cmp=CmpApp, C=1, E=0, M="User: '1', App CodeGUID: d36742af-0000-0000-0000-000000000000, DataGUID: 7816e021-0000-0000-0000-000000000000"
03.10.2024 11:12:32.259: Cmp=CmpApp, C=1, E=0, M="User: '1', App Download successful [Application], create bootproject: 1"
03.10.2024 11:12:32.259: Cmp=CmpApp, C=1, E=0, M="User: '1', App CodeGUID: d36742af-0000-0000-0000-000000000000, DataGUID: 7816e021-0000-0000-0000-000000000000"
03.10.2024 11:12:32.322: Cmp=CmpApp, C=1, E=0, M="User: '1', App Download successful [Application], create bootproject: 1"
03.10.2024 11:12:32.322: Cmp=CmpApp, C=1, E=0, M="User: '1', App CodeGUID: d36742af-0000-0000-0000-000000000000, DataGUID: 7816e021-0000-0000-0000-000000000000"
03.10.2024 11:12:32.395: Cmp=CmpApp, C=1, E=0, M="User: '1', App Download successful [Application], create bootproject: 1"
03.10.2024 11:12:32.395: Cmp=CmpApp, C=1, E=0, M="User: '1', App CodeGUID: d36742af-0000-0000-0000-000000000000, DataGUID: 7816e021-0000-0000-0000-000000000000"
03.10.2024 11:12:32.462: Cmp=CmpApp, C=1, E=0, M="User: '1', App Download successful [Application], create bootproject: 1"
03.10.2024 11:12:32.462: Cmp=CmpApp, C=1, E=0, M="User: '1', App CodeGUID: d36742af-0000-0000-0000-000000000000, DataGUID: 7816e021-0000-0000-0000-000000000000"
03.10.2024 11:12:32.541: Cmp=CmpApp, C=1, E=0, M="User: '1', App Download successful [Application], create bootproject: 1"
03.10.2024 11:12:32.541: Cmp=CmpApp, C=1, E=0, M="User: '1', App CodeGUID: d36742af-0000-0000-0000-000000000000, DataGUID: 7816e021-0000-0000-0000-000000000000"
03.10.2024 11:12:32.619: Cmp=CmpApp, C=1, E=0, M="User: '1', App Download successful [Application], create bootproject: 1"
03.10.2024 11:12:32.619: Cmp=CmpApp, C=1, E=0, M="User: '1', App CodeGUID: d36742af-0000-0000-0000-000000000000, DataGUID: 7816e021-0000-0000-0000-000000000000"
03.10.2024 11:12:32.737: Cmp=CmpApp, C=1, E=0, M="User: '1', App Download successful [Application], create bootproject: 1"
03.10.2024 11:12:32.737: Cmp=CmpApp, C=1, E=0, M="User: '1', App CodeGUID: d36742af-0000-0000-0000-000000000000, DataGUID: 7816e021-0000-0000-0000-000000000000"
03.10.2024 11:12:32.830: Cmp=CmpApp, C=1, E=0, M="User: '1', App Download successful [Application], create bootproject: 1"
03.10.2024 11:12:32.830: Cmp=CmpApp, C=1, E=0, M="User: '1', App CodeGUID: d36742af-0000-0000-0000-000000000000, DataGUID: 7816e021-0000-0000-0000-000000000000"
03.10.2024 11:12:38.552: Cmp=CmpApp, C=1, E=0, M="User: '1', App Download successful [Application], create bootproject: 1"
03.10.2024 11:12:38.552: Cmp=CmpApp, C=1, E=0, M="User: '1', App CodeGUID: d36742af-0000-0000-0000-000000000000, DataGUID: 7816e021-0000-0000-0000-000000000000"
03.10.2024 11:12:43.138: Cmp=CmpApp, C=1, E=0, M="User: '1', App Start successful"
03.10.2024 11:50:46.451: Cmp=CmpUserMgr, C=1, E=0, M="User: '1', Logout (0)"
03.10.2024 11:51:41.867: Cmp=CmpUserMgr, C=1, E=0, M="User: '1', Login (1)"
03.10.2024 11:55:40.650: Cmp=CmpUserMgr, C=1, E=0, M="User: '1', Logout (0)"
03.10.2024 12:10:09.018: Cmp=CmpUserMgr, C=1, E=0, M="User: '1', Login (1)"
03.10.2024 12:10:25.277: Cmp=CmpApp, C=1, E=0, M="User: '1', App OnlineChange successful [Application], create bootproject: 0"
03.10.2024 12:10:25.277: Cmp=CmpApp, C=1, E=0, M="User: '1', App CodeGUID: 4bd9ad09-0000-0000-0000-000000000000, DataGUID: 7816e021-0000-0000-0000-000000000000"
03.10.2024 12:10:29.371: Cmp=CmpApp, C=1, E=0, M="User: '1', App Create boot project successful"
03.10.2024 12:10:29.674: Cmp=CmpApp, C=1, E=0, M="User: '1', App Create boot project successful"
03.10.2024 12:10:29.775: Cmp=CmpApp, C=1, E=0, M="User: '1', App Create boot project successful"
03.10.2024 12:10:29.860: Cmp=CmpApp, C=1, E=0, M="User: '1', App Create boot project successful"
03.10.2024 12:10:30.615: Cmp=CmpApp, C=1, E=0, M="User: '1', App Create boot project successful"
03.10.2024 12:10:31.342: Cmp=CmpApp, C=1, E=0, M="User: '1', App Create boot project successful"
03.10.2024 12:14:29.970: Cmp=CmpUserMgr, C=1, E=0, M="User: '1', Logout (0)"
03.10.2024 12:47:29.672: Cmp=CmpUserMgr, C=1, E=0, M="User: '1', Login (1)"
03.10.2024 12:47:45.787: Cmp=CmpApp, C=1, E=0, M="User: '1', App OnlineChange successful [Application], create bootproject: 0"
03.10.2024 12:47:45.787: Cmp=CmpApp, C=1, E=0, M="User: '1', App CodeGUID: c047e870-0000-0000-0000-000000000000, DataGUID: 7816e021-0000-0000-0000-000000000000"
03.10.2024 12:47:49.927: Cmp=CmpApp, C=1, E=0, M="User: '1', App Create boot project successful"
03.10.2024 12:47:50.484: Cmp=CmpApp, C=1, E=0, M="User: '1', App Create boot project successful"
03.10.2024 12:47:50.788: Cmp=CmpApp, C=1, E=0, M="User: '1', App Create boot project successful"
03.10.2024 12:47:50.885: Cmp=CmpApp, C=1, E=0, M="User: '1', App Create boot project successful"
03.10.2024 12:47:51.499: Cmp=CmpApp, C=1, E=0, M="User: '1', App Create boot project successful"
03.10.2024 12:47:51.923: Cmp=CmpApp, C=1, E=0, M="User: '1', App Create boot project successful"
03.10.2024 13:01:13.919: Cmp=CmpUserMgr, C=1, E=0, M="User: '1', Logout (0)"
04.10.2024 04:25:11.586: Cmp=CmpAuditLog, C=1, E=0, M="System, Shutdown"
04.10.2024 04:25:11.587: ================================================END LOG SESSION===================================================
04.10.2024 04:25:14.859: ================================================NEW LOG SESSION===================================================
04.10.2024 04:25:14.861: Cmp=CmpAuditLog, C=1, E=0, M="System, Startup"
04.10.2024 04:25:16.202: Cmp=CmpApp, C=1, E=0, M="System, App Create for Download successful"
04.10.2024 04:25:16.247: Cmp=CmpApp, C=1, E=0, M="System, App Download successful [Application], create bootproject: 0"
04.10.2024 04:25:16.247: Cmp=CmpApp, C=1, E=0, M="System, App CodeGUID: 02c832b4-0000-0000-0000-000000000000, DataGUID: 1e2138df-0000-0000-0000-000000000000"
04.10.2024 04:25:16.257: Cmp=CmpApp, C=1, E=0, M="System, App Download successful [Application], create bootproject: 0"
04.10.2024 04:25:16.257: Cmp=CmpApp, C=1, E=0, M="System, App CodeGUID: 02c832b4-0000-0000-0000-000000000000, DataGUID: 1e2138df-0000-0000-0000-000000000000"
04.10.2024 04:25:16.265: Cmp=CmpApp, C=1, E=0, M="System, App Download successful [Application], create bootproject: 0"
04.10.2024 04:25:16.265: Cmp=CmpApp, C=1, E=0, M="System, App CodeGUID: 02c832b4-0000-0000-0000-000000000000, DataGUID: 1e2138df-0000-0000-0000-000000000000"
04.10.2024 04:25:16.275: Cmp=CmpApp, C=1, E=0, M="System, App Download successful [Application], create bootproject: 0"
04.10.2024 04:25:16.275: Cmp=CmpApp, C=1, E=0, M="System, App CodeGUID: 02c832b4-0000-0000-0000-000000000000, DataGUID: 1e2138df-0000-0000-0000-000000000000"
04.10.2024 04:25:16.284: Cmp=CmpApp, C=1, E=0, M="System, App Download successful [Application], create bootproject: 0"
04.10.2024 04:25:16.284: Cmp=CmpApp, C=1, E=0, M="System, App CodeGUID: 02c832b4-0000-0000-0000-000000000000, DataGUID: 1e2138df-0000-0000-0000-000000000000"
04.10.2024 04:25:16.293: Cmp=CmpApp, C=1, E=0, M="System, App Download successful [Application], create bootproject: 0"
04.10.2024 04:25:16.293: Cmp=CmpApp, C=1, E=0, M="System, App CodeGUID: 02c832b4-0000-0000-0000-000000000000, DataGUID: 1e2138df-0000-0000-0000-000000000000"
04.10.2024 04:25:16.302: Cmp=CmpApp, C=1, E=0, M="System, App Download successful [Application], create bootproject: 0"
04.10.2024 04:25:16.302: Cmp=CmpApp, C=1, E=0, M="System, App CodeGUID: 02c832b4-0000-0000-0000-000000000000, DataGUID: 1e2138df-0000-0000-0000-000000000000"
04.10.2024 04:25:16.310: Cmp=CmpApp, C=1, E=0, M="System, App Download successful [Application], create bootproject: 0"
04.10.2024 04:25:16.310: Cmp=CmpApp, C=1, E=0, M="System, App CodeGUID: 02c832b4-0000-0000-0000-000000000000, DataGUID: 1e2138df-0000-0000-0000-000000000000"
04.10.2024 04:25:16.319: Cmp=CmpApp, C=1, E=0, M="System, App Download successful [Application], create bootproject: 0"
04.10.2024 04:25:16.319: Cmp=CmpApp, C=1, E=0, M="System, App CodeGUID: 02c832b4-0000-0000-0000-000000000000, DataGUID: 1e2138df-0000-0000-0000-000000000000"
04.10.2024 04:25:16.329: Cmp=CmpApp, C=1, E=0, M="System, App Download successful [Application], create bootproject: 0"
04.10.2024 04:25:16.329: Cmp=CmpApp, C=1, E=0, M="System, App CodeGUID: 02c832b4-0000-0000-0000-000000000000, DataGUID: 1e2138df-0000-0000-0000-000000000000"
04.10.2024 04:25:16.337: Cmp=CmpApp, C=1, E=0, M="System, App Download successful [Application], create bootproject: 0"
04.10.2024 04:25:16.337: Cmp=CmpApp, C=1, E=0, M="System, App CodeGUID: 02c832b4-0000-0000-0000-000000000000, DataGUID: 1e2138df-0000-0000-0000-000000000000"
04.10.2024 04:25:16.345: Cmp=CmpApp, C=1, E=0, M="System, App Download successful [Application], create bootproject: 0"
04.10.2024 04:25:16.345: Cmp=CmpApp, C=1, E=0, M="System, App CodeGUID: 02c832b4-0000-0000-0000-000000000000, DataGUID: 1e2138df-0000-0000-0000-000000000000"
04.10.2024 04:25:16.355: Cmp=CmpApp, C=1, E=0, M="System, App Download successful [Application], create bootproject: 0"
04.10.2024 04:25:16.355: Cmp=CmpApp, C=1, E=0, M="System, App CodeGUID: 02c832b4-0000-0000-0000-000000000000, DataGUID: 1e2138df-0000-0000-0000-000000000000"
04.10.2024 04:25:16.364: Cmp=CmpApp, C=1, E=0, M="System, App Download successful [Application], create bootproject: 0"
04.10.2024 04:25:16.364: Cmp=CmpApp, C=1, E=0, M="System, App CodeGUID: 02c832b4-0000-0000-0000-000000000000, DataGUID: 1e2138df-0000-0000-0000-000000000000"
04.10.2024 04:25:16.372: Cmp=CmpApp, C=1, E=0, M="System, App Download successful [Application], create bootproject: 0"
04.10.2024 04:25:16.372: Cmp=CmpApp, C=1, E=0, M="System, App CodeGUID: 02c832b4-0000-0000-0000-000000000000, DataGUID: 1e2138df-0000-0000-0000-000000000000"
04.10.2024 04:25:16.382: Cmp=CmpApp, C=1, E=0, M="System, App Download successful [Application], create bootproject: 0"
04.10.2024 04:25:16.382: Cmp=CmpApp, C=1, E=0, M="System, App CodeGUID: 02c832b4-0000-0000-0000-000000000000, DataGUID: 1e2138df-0000-0000-0000-000000000000"
04.10.2024 04:25:16.391: Cmp=CmpApp, C=1, E=0, M="System, App Download successful [Application], create bootproject: 0"
04.10.2024 04:25:16.391: Cmp=CmpApp, C=1, E=0, M="System, App CodeGUID: 02c832b4-0000-0000-0000-000000000000, DataGUID: 1e2138df-0000-0000-0000-000000000000"
04.10.2024 04:25:16.399: Cmp=CmpApp, C=1, E=0, M="System, App Download successful [Application], create bootproject: 0"
04.10.2024 04:25:16.399: Cmp=CmpApp, C=1, E=0, M="System, App CodeGUID: 02c832b4-0000-0000-0000-000000000000, DataGUID: 1e2138df-0000-0000-0000-000000000000"
04.10.2024 04:25:16.408: Cmp=CmpApp, C=1, E=0, M="System, App Download successful [Application], create bootproject: 0"
04.10.2024 04:25:16.409: Cmp=CmpApp, C=1, E=0, M="System, App CodeGUID: 02c832b4-0000-0000-0000-000000000000, DataGUID: 1e2138df-0000-0000-0000-000000000000"
04.10.2024 04:25:16.417: Cmp=CmpApp, C=1, E=0, M="System, App Download successful [Application], create bootproject: 0"
04.10.2024 04:25:16.417: Cmp=CmpApp, C=1, E=0, M="System, App CodeGUID: 02c832b4-0000-0000-0000-000000000000, DataGUID: 1e2138df-0000-0000-0000-000000000000"
04.10.2024 04:25:16.425: Cmp=CmpApp, C=1, E=0, M="System, App Download successful [Application], create bootproject: 0"
04.10.2024 04:25:16.426: Cmp=CmpApp, C=1, E=0, M="System, App CodeGUID: 02c832b4-0000-0000-0000-000000000000, DataGUID: 1e2138df-0000-0000-0000-000000000000"
04.10.2024 04:25:16.436: Cmp=CmpApp, C=1, E=0, M="System, App Download successful [Application], create bootproject: 0"
04.10.2024 04:25:16.436: Cmp=CmpApp, C=1, E=0, M="System, App CodeGUID: 02c832b4-0000-0000-0000-000000000000, DataGUID: 1e2138df-0000-0000-0000-000000000000"
04.10.2024 04:25:16.445: Cmp=CmpApp, C=1, E=0, M="System, App Download successful [Application], create bootproject: 0"
04.10.2024 04:25:16.445: Cmp=CmpApp, C=1, E=0, M="System, App CodeGUID: 02c832b4-0000-0000-0000-000000000000, DataGUID: 1e2138df-0000-0000-0000-000000000000"
04.10.2024 04:25:16.454: Cmp=CmpApp, C=1, E=0, M="System, App Download successful [Application], create bootproject: 0"
04.10.2024 04:25:16.454: Cmp=CmpApp, C=1, E=0, M="System, App CodeGUID: 02c832b4-0000-0000-0000-000000000000, DataGUID: 1e2138df-0000-0000-0000-000000000000"
04.10.2024 04:25:16.461: Cmp=CmpApp, C=1, E=0, M="System, App Download successful [Application], create bootproject: 0"
04.10.2024 04:25:16.461: Cmp=CmpApp, C=1, E=0, M="System, App CodeGUID: 02c832b4-0000-0000-0000-000000000000, DataGUID: 1e2138df-0000-0000-0000-000000000000"
04.10.2024 04:25:16.469: Cmp=CmpApp, C=1, E=0, M="System, App Download successful [Application], create bootproject: 0"
04.10.2024 04:25:16.470: Cmp=CmpApp, C=1, E=0, M="System, App CodeGUID: 02c832b4-0000-0000-0000-000000000000, DataGUID: 1e2138df-0000-0000-0000-000000000000"
04.10.2024 04:25:16.477: Cmp=CmpApp, C=1, E=0, M="System, App Download successful [Application], create bootproject: 0"
04.10.2024 04:25:16.477: Cmp=CmpApp, C=1, E=0, M="System, App CodeGUID: 02c832b4-0000-0000-0000-000000000000, DataGUID: 1e2138df-0000-0000-0000-000000000000"
04.10.2024 04:25:21.453: Cmp=CmpApp, C=1, E=0, M="System, App Download successful [Application], create bootproject: 0"
04.10.2024 04:25:21.453: Cmp=CmpApp, C=1, E=0, M="System, App CodeGUID: 02c832b4-0000-0000-0000-000000000000, DataGUID: 1e2138df-0000-0000-0000-000000000000"
04.10.2024 04:25:22.017: Cmp=CmpApp, C=1, E=0, M="System, Application [Application] started"
04.10.2024 04:27:50.549: ================================================NEW LOG SESSION===================================================
04.10.2024 04:27:50.553: Cmp=CmpAuditLog, C=1, E=0, M="System, Startup"
04.10.2024 04:27:52.372: Cmp=CmpApp, C=1, E=0, M="System, App Create for Download successful"
04.10.2024 04:27:52.417: Cmp=CmpApp, C=1, E=0, M="System, App Download successful [Application], create bootproject: 0"
04.10.2024 04:27:52.417: Cmp=CmpApp, C=1, E=0, M="System, App CodeGUID: 02c832b4-0000-0000-0000-000000000000, DataGUID: 1e2138df-0000-0000-0000-000000000000"
04.10.2024 04:27:52.427: Cmp=CmpApp, C=1, E=0, M="System, App Download successful [Application], create bootproject: 0"
04.10.2024 04:27:52.428: Cmp=CmpApp, C=1, E=0, M="System, App CodeGUID: 02c832b4-0000-0000-0000-000000000000, DataGUID: 1e2138df-0000-0000-0000-000000000000"
04.10.2024 04:27:52.436: Cmp=CmpApp, C=1, E=0, M="System, App Download successful [Application], create bootproject: 0"
04.10.2024 04:27:52.436: Cmp=CmpApp, C=1, E=0, M="System, App CodeGUID: 02c832b4-0000-0000-0000-000000000000, DataGUID: 1e2138df-0000-0000-0000-000000000000"
04.10.2024 04:27:52.446: Cmp=CmpApp, C=1, E=0, M="System, App Download successful [Application], create bootproject: 0"
04.10.2024 04:27:52.446: Cmp=CmpApp, C=1, E=0, M="System, App CodeGUID: 02c832b4-0000-0000-0000-000000000000, DataGUID: 1e2138df-0000-0000-0000-000000000000"
04.10.2024 04:27:52.455: Cmp=CmpApp, C=1, E=0, M="System, App Download successful [Application], create bootproject: 0"
04.10.2024 04:27:52.455: Cmp=CmpApp, C=1, E=0, M="System, App CodeGUID: 02c832b4-0000-0000-0000-000000000000, DataGUID: 1e2138df-0000-0000-0000-000000000000"
04.10.2024 04:27:52.465: Cmp=CmpApp, C=1, E=0, M="System, App Download successful [Application], create bootproject: 0"
04.10.2024 04:27:52.465: Cmp=CmpApp, C=1, E=0, M="System, App CodeGUID: 02c832b4-0000-0000-0000-000000000000, DataGUID: 1e2138df-0000-0000-0000-000000000000"
04.10.2024 04:27:52.473: Cmp=CmpApp, C=1, E=0, M="System, App Download successful [Application], create bootproject: 0"
04.10.2024 04:27:52.474: Cmp=CmpApp, C=1, E=0, M="System, App CodeGUID: 02c832b4-0000-0000-0000-000000000000, DataGUID: 1e2138df-0000-0000-0000-000000000000"
04.10.2024 04:27:52.482: Cmp=CmpApp, C=1, E=0, M="System, App Download successful [Application], create bootproject: 0"
04.10.2024 04:27:52.482: Cmp=CmpApp, C=1, E=0, M="System, App CodeGUID: 02c832b4-0000-0000-0000-000000000000, DataGUID: 1e2138df-0000-0000-0000-000000000000"
04.10.2024 04:27:52.491: Cmp=CmpApp, C=1, E=0, M="System, App Download successful [Application], create bootproject: 0"
04.10.2024 04:27:52.491: Cmp=CmpApp, C=1, E=0, M="System, App CodeGUID: 02c832b4-0000-0000-0000-000000000000, DataGUID: 1e2138df-0000-0000-0000-000000000000"
04.10.2024 04:27:52.500: Cmp=CmpApp, C=1, E=0, M="System, App Download successful [Application], create bootproject: 0"
04.10.2024 04:27:52.500: Cmp=CmpApp, C=1, E=0, M="System, App CodeGUID: 02c832b4-0000-0000-0000-000000000000, DataGUID: 1e2138df-0000-0000-0000-000000000000"
04.10.2024 04:27:52.508: Cmp=CmpApp, C=1, E=0, M="System, App Download successful [Application], create bootproject: 0"
04.10.2024 04:27:52.508: Cmp=CmpApp, C=1, E=0, M="System, App CodeGUID: 02c832b4-0000-0000-0000-000000000000, DataGUID: 1e2138df-0000-0000-0000-000000000000"
04.10.2024 04:27:52.517: Cmp=CmpApp, C=1, E=0, M="System, App Download successful [Application], create bootproject: 0"
04.10.2024 04:27:52.517: Cmp=CmpApp, C=1, E=0, M="System, App CodeGUID: 02c832b4-0000-0000-0000-000000000000, DataGUID: 1e2138df-0000-0000-0000-000000000000"
04.10.2024 04:27:52.525: Cmp=CmpApp, C=1, E=0, M="System, App Download successful [Application], create bootproject: 0"
04.10.2024 04:27:52.525: Cmp=CmpApp, C=1, E=0, M="System, App CodeGUID: 02c832b4-0000-0000-0000-000000000000, DataGUID: 1e2138df-0000-0000-0000-000000000000"
04.10.2024 04:27:52.534: Cmp=CmpApp, C=1, E=0, M="System, App Download successful [Application], create bootproject: 0"
04.10.2024 04:27:52.534: Cmp=CmpApp, C=1, E=0, M="System, App CodeGUID: 02c832b4-0000-0000-0000-000000000000, DataGUID: 1e2138df-0000-0000-0000-000000000000"
04.10.2024 04:27:52.545: Cmp=CmpApp, C=1, E=0, M="System, App Download successful [Application], create bootproject: 0"
04.10.2024 04:27:52.545: Cmp=CmpApp, C=1, E=0, M="System, App CodeGUID: 02c832b4-0000-0000-0000-000000000000, DataGUID: 1e2138df-0000-0000-0000-000000000000"
04.10.2024 04:27:52.553: Cmp=CmpApp, C=1, E=0, M="System, App Download successful [Application], create bootproject: 0"
04.10.2024 04:27:52.553: Cmp=CmpApp, C=1, E=0, M="System, App CodeGUID: 02c832b4-0000-0000-0000-000000000000, DataGUID: 1e2138df-0000-0000-0000-000000000000"
04.10.2024 04:27:52.562: Cmp=CmpApp, C=1, E=0, M="System, App Download successful [Application], create bootproject: 0"
04.10.2024 04:27:52.562: Cmp=CmpApp, C=1, E=0, M="System, App CodeGUID: 02c832b4-0000-0000-0000-000000000000, DataGUID: 1e2138df-0000-0000-0000-000000000000"
04.10.2024 04:27:52.570: Cmp=CmpApp, C=1, E=0, M="System, App Download successful [Application], create bootproject: 0"
04.10.2024 04:27:52.570: Cmp=CmpApp, C=1, E=0, M="System, App CodeGUID: 02c832b4-0000-0000-0000-000000000000, DataGUID: 1e2138df-0000-0000-0000-000000000000"
04.10.2024 04:27:52.579: Cmp=CmpApp, C=1, E=0, M="System, App Download successful [Application], create bootproject: 0"
04.10.2024 04:27:52.579: Cmp=CmpApp, C=1, E=0, M="System, App CodeGUID: 02c832b4-0000-0000-0000-000000000000, DataGUID: 1e2138df-0000-0000-0000-000000000000"
04.10.2024 04:27:52.588: Cmp=CmpApp, C=1, E=0, M="System, App Download successful [Application], create bootproject: 0"
04.10.2024 04:27:52.588: Cmp=CmpApp, C=1, E=0, M="System, App CodeGUID: 02c832b4-0000-0000-0000-000000000000, DataGUID: 1e2138df-0000-0000-0000-000000000000"
04.10.2024 04:27:52.597: Cmp=CmpApp, C=1, E=0, M="System, App Download successful [Application], create bootproject: 0"
04.10.2024 04:27:52.597: Cmp=CmpApp, C=1, E=0, M="System, App CodeGUID: 02c832b4-0000-0000-0000-000000000000, DataGUID: 1e2138df-0000-0000-0000-000000000000"
04.10.2024 04:27:52.608: Cmp=CmpApp, C=1, E=0, M="System, App Download successful [Application], create bootproject: 0"
04.10.2024 04:27:52.608: Cmp=CmpApp, C=1, E=0, M="System, App CodeGUID: 02c832b4-0000-0000-0000-000000000000, DataGUID: 1e2138df-0000-0000-0000-000000000000"
04.10.2024 04:27:52.615: Cmp=CmpApp, C=1, E=0, M="System, App Download successful [Application], create bootproject: 0"
04.10.2024 04:27:52.616: Cmp=CmpApp, C=1, E=0, M="System, App CodeGUID: 02c832b4-0000-0000-0000-000000000000, DataGUID: 1e2138df-0000-0000-0000-000000000000"
04.10.2024 04:27:52.623: Cmp=CmpApp, C=1, E=0, M="System, App Download successful [Application], create bootproject: 0"
04.10.2024 04:27:52.623: Cmp=CmpApp, C=1, E=0, M="System, App CodeGUID: 02c832b4-0000-0000-0000-000000000000, DataGUID: 1e2138df-0000-0000-0000-000000000000"
04.10.2024 04:27:52.632: Cmp=CmpApp, C=1, E=0, M="System, App Download successful [Application], create bootproject: 0"
04.10.2024 04:27:52.632: Cmp=CmpApp, C=1, E=0, M="System, App CodeGUID: 02c832b4-0000-0000-0000-000000000000, DataGUID: 1e2138df-0000-0000-0000-000000000000"
04.10.2024 04:27:52.640: Cmp=CmpApp, C=1, E=0, M="System, App Download successful [Application], create bootproject: 0"
04.10.2024 04:27:52.640: Cmp=CmpApp, C=1, E=0, M="System, App CodeGUID: 02c832b4-0000-0000-0000-000000000000, DataGUID: 1e2138df-0000-0000-0000-000000000000"
04.10.2024 04:27:52.648: Cmp=CmpApp, C=1, E=0, M="System, App Download successful [Application], create bootproject: 0"
04.10.2024 04:27:52.648: Cmp=CmpApp, C=1, E=0, M="System, App CodeGUID: 02c832b4-0000-0000-0000-000000000000, DataGUID: 1e2138df-0000-0000-0000-000000000000"
04.10.2024 04:27:57.730: Cmp=CmpApp, C=1, E=0, M="System, App Download successful [Application], create bootproject: 0"
04.10.2024 04:27:57.730: Cmp=CmpApp, C=1, E=0, M="System, App CodeGUID: 02c832b4-0000-0000-0000-000000000000, DataGUID: 1e2138df-0000-0000-0000-000000000000"
04.10.2024 04:27:58.009: Cmp=CmpApp, C=1, E=0, M="System, Application [Application] started"
04.10.2024 04:42:49.214: Cmp=CmpUserMgr, C=1, E=0, M="User: '1', Login (1)"
04.10.2024 04:42:49.235: Cmp=CmpUserMgr, C=1, E=0, M="User: '1', Logout (0)"
04.10.2024 04:42:53.433: Cmp=CmpUserMgr, C=1, E=0, M="User: '1', Login (1)"
04.10.2024 04:42:54.548: Cmp=CmpUserMgr, C=1, E=0, M="User: '1', Logout (0)"
04.10.2024 04:43:00.932: Cmp=CmpUserMgr, C=1, E=0, M="User: '1', Login (1)"
04.10.2024 05:10:21.079: Cmp=CmpUserMgr, C=1, E=0, M="User: '1', Logout (0)"
04.10.2024 05:11:37.334: Cmp=CmpUserMgr, C=1, E=0, M="User: '1', Login (1)"
04.10.2024 05:41:18.262: Cmp=CmpUserMgr, C=1, E=0, M="User: '1', Logout (0)"
04.10.2024 05:42:07.882: Cmp=CmpUserMgr, C=1, E=0, M="User: '1', Login (1)"
04.10.2024 05:48:54.900: Cmp=CmpUserMgr, C=1, E=0, M="User: '1', Logout (0)"
04.10.2024 05:49:38.873: Cmp=CmpUserMgr, C=1, E=0, M="User: '1', Login (1)"
04.10.2024 05:49:54.496: Cmp=CmpApp, C=1, E=0, M="User: '1', App OnlineChange successful [Application], create bootproject: 0"
04.10.2024 05:49:54.499: Cmp=CmpApp, C=1, E=0, M="User: '1', App CodeGUID: 90044356-0000-0000-0000-000000000000, DataGUID: 1e2138df-0000-0000-0000-000000000000"
04.10.2024 05:49:59.064: Cmp=CmpApp, C=1, E=0, M="User: '1', App Create boot project successful"
04.10.2024 05:49:59.484: Cmp=CmpApp, C=1, E=0, M="User: '1', App Create boot project successful"
04.10.2024 05:49:59.598: Cmp=CmpApp, C=1, E=0, M="User: '1', App Create boot project successful"
04.10.2024 05:49:59.727: Cmp=CmpApp, C=1, E=0, M="User: '1', App Create boot project successful"
04.10.2024 05:50:00.349: Cmp=CmpApp, C=1, E=0, M="User: '1', App Create boot project successful"
04.10.2024 05:50:01.139: Cmp=CmpApp, C=1, E=0, M="User: '1', App Create boot project successful"
04.10.2024 07:16:43.244: Cmp=CmpUserMgr, C=1, E=0, M="User: '1', Logout (0)"
04.10.2024 08:53:50.547: Cmp=CmpUserMgr, C=1, E=0, M="User: '1', Login (1)"
04.10.2024 08:53:50.648: Cmp=CmpUserMgr, C=1, E=0, M="User: '1', Logout (0)"
04.10.2024 08:53:55.697: Cmp=CmpUserMgr, C=1, E=0, M="User: '1', Login (1)"
04.10.2024 08:54:00.336: Cmp=CmpUserMgr, C=1, E=0, M="User: '1', Logout (0)"
04.10.2024 08:59:23.594: Cmp=CmpUserMgr, C=1, E=0, M="User: '1', Login (1)"
04.10.2024 08:59:58.230: Cmp=CmpApp, C=1, E=0, M="User: '1', App Reinitialize for Download successful"
04.10.2024 09:00:00.422: Cmp=CmpApp, C=1, E=0, M="User: '1', App Download successful [Application], create bootproject: 1"
04.10.2024 09:00:00.422: Cmp=CmpApp, C=1, E=0, M="User: '1', App CodeGUID: 6cbad62a-0000-0000-0000-000000000000, DataGUID: 129b94e2-0000-0000-0000-000000000000"
04.10.2024 09:00:00.491: Cmp=CmpApp, C=1, E=0, M="User: '1', App Download successful [Application], create bootproject: 1"
04.10.2024 09:00:00.491: Cmp=CmpApp, C=1, E=0, M="User: '1', App CodeGUID: 6cbad62a-0000-0000-0000-000000000000, DataGUID: 129b94e2-0000-0000-0000-000000000000"
04.10.2024 09:00:00.554: Cmp=CmpApp, C=1, E=0, M="User: '1', App Download successful [Application], create bootproject: 1"
04.10.2024 09:00:00.555: Cmp=CmpApp, C=1, E=0, M="User: '1', App CodeGUID: 6cbad62a-0000-0000-0000-000000000000, DataGUID: 129b94e2-0000-0000-0000-000000000000"
04.10.2024 09:00:00.620: Cmp=CmpApp, C=1, E=0, M="User: '1', App Download successful [Application], create bootproject: 1"
04.10.2024 09:00:00.620: Cmp=CmpApp, C=1, E=0, M="User: '1', App CodeGUID: 6cbad62a-0000-0000-0000-000000000000, DataGUID: 129b94e2-0000-0000-0000-000000000000"
04.10.2024 09:00:00.686: Cmp=CmpApp, C=1, E=0, M="User: '1', App Download successful [Application], create bootproject: 1"
04.10.2024 09:00:00.686: Cmp=CmpApp, C=1, E=0, M="User: '1', App CodeGUID: 6cbad62a-0000-0000-0000-000000000000, DataGUID: 129b94e2-0000-0000-0000-000000000000"
04.10.2024 09:00:00.767: Cmp=CmpApp, C=1, E=0, M="User: '1', App Download successful [Application], create bootproject: 1"
04.10.2024 09:00:00.767: Cmp=CmpApp, C=1, E=0, M="User: '1', App CodeGUID: 6cbad62a-0000-0000-0000-000000000000, DataGUID: 129b94e2-0000-0000-0000-000000000000"
04.10.2024 09:00:00.860: Cmp=CmpApp, C=1, E=0, M="User: '1', App Download successful [Application], create bootproject: 1"
04.10.2024 09:00:00.860: Cmp=CmpApp, C=1, E=0, M="User: '1', App CodeGUID: 6cbad62a-0000-0000-0000-000000000000, DataGUID: 129b94e2-0000-0000-0000-000000000000"
04.10.2024 09:00:00.931: Cmp=CmpApp, C=1, E=0, M="User: '1', App Download successful [Application], create bootproject: 1"
04.10.2024 09:00:00.931: Cmp=CmpApp, C=1, E=0, M="User: '1', App CodeGUID: 6cbad62a-0000-0000-0000-000000000000, DataGUID: 129b94e2-0000-0000-0000-000000000000"
04.10.2024 09:00:00.999: Cmp=CmpApp, C=1, E=0, M="User: '1', App Download successful [Application], create bootproject: 1"
04.10.2024 09:00:00.999: Cmp=CmpApp, C=1, E=0, M="User: '1', App CodeGUID: 6cbad62a-0000-0000-0000-000000000000, DataGUID: 129b94e2-0000-0000-0000-000000000000"
04.10.2024 09:00:01.090: Cmp=CmpApp, C=1, E=0, M="User: '1', App Download successful [Application], create bootproject: 1"
04.10.2024 09:00:01.090: Cmp=CmpApp, C=1, E=0, M="User: '1', App CodeGUID: 6cbad62a-0000-0000-0000-000000000000, DataGUID: 129b94e2-0000-0000-0000-000000000000"
04.10.2024 09:00:01.153: Cmp=CmpApp, C=1, E=0, M="User: '1', App Download successful [Application], create bootproject: 1"
04.10.2024 09:00:01.154: Cmp=CmpApp, C=1, E=0, M="User: '1', App CodeGUID: 6cbad62a-0000-0000-0000-000000000000, DataGUID: 129b94e2-0000-0000-0000-000000000000"
04.10.2024 09:00:01.227: Cmp=CmpApp, C=1, E=0, M="User: '1', App Download successful [Application], create bootproject: 1"
04.10.2024 09:00:01.227: Cmp=CmpApp, C=1, E=0, M="User: '1', App CodeGUID: 6cbad62a-0000-0000-0000-000000000000, DataGUID: 129b94e2-0000-0000-0000-000000000000"
04.10.2024 09:00:01.303: Cmp=CmpApp, C=1, E=0, M="User: '1', App Download successful [Application], create bootproject: 1"
04.10.2024 09:00:01.303: Cmp=CmpApp, C=1, E=0, M="User: '1', App CodeGUID: 6cbad62a-0000-0000-0000-000000000000, DataGUID: 129b94e2-0000-0000-0000-000000000000"
04.10.2024 09:00:01.373: Cmp=CmpApp, C=1, E=0, M="User: '1', App Download successful [Application], create bootproject: 1"
04.10.2024 09:00:01.373: Cmp=CmpApp, C=1, E=0, M="User: '1', App CodeGUID: 6cbad62a-0000-0000-0000-000000000000, DataGUID: 129b94e2-0000-0000-0000-000000000000"
04.10.2024 09:00:01.446: Cmp=CmpApp, C=1, E=0, M="User: '1', App Download successful [Application], create bootproject: 1"
04.10.2024 09:00:01.447: Cmp=CmpApp, C=1, E=0, M="User: '1', App CodeGUID: 6cbad62a-0000-0000-0000-000000000000, DataGUID: 129b94e2-0000-0000-0000-000000000000"
04.10.2024 09:00:01.509: Cmp=CmpApp, C=1, E=0, M="User: '1', App Download successful [Application], create bootproject: 1"
04.10.2024 09:00:01.509: Cmp=CmpApp, C=1, E=0, M="User: '1', App CodeGUID: 6cbad62a-0000-0000-0000-000000000000, DataGUID: 129b94e2-0000-0000-0000-000000000000"
04.10.2024 09:00:01.575: Cmp=CmpApp, C=1, E=0, M="User: '1', App Download successful [Application], create bootproject: 1"
04.10.2024 09:00:01.575: Cmp=CmpApp, C=1, E=0, M="User: '1', App CodeGUID: 6cbad62a-0000-0000-0000-000000000000, DataGUID: 129b94e2-0000-0000-0000-000000000000"
04.10.2024 09:00:01.653: Cmp=CmpApp, C=1, E=0, M="User: '1', App Download successful [Application], create bootproject: 1"
04.10.2024 09:00:01.653: Cmp=CmpApp, C=1, E=0, M="User: '1', App CodeGUID: 6cbad62a-0000-0000-0000-000000000000, DataGUID: 129b94e2-0000-0000-0000-000000000000"
04.10.2024 09:00:01.719: Cmp=CmpApp, C=1, E=0, M="User: '1', App Download successful [Application], create bootproject: 1"
04.10.2024 09:00:01.719: Cmp=CmpApp, C=1, E=0, M="User: '1', App CodeGUID: 6cbad62a-0000-0000-0000-000000000000, DataGUID: 129b94e2-0000-0000-0000-000000000000"
04.10.2024 09:00:01.791: Cmp=CmpApp, C=1, E=0, M="User: '1', App Download successful [Application], create bootproject: 1"
04.10.2024 09:00:01.791: Cmp=CmpApp, C=1, E=0, M="User: '1', App CodeGUID: 6cbad62a-0000-0000-0000-000000000000, DataGUID: 129b94e2-0000-0000-0000-000000000000"
04.10.2024 09:00:01.862: Cmp=CmpApp, C=1, E=0, M="User: '1', App Download successful [Application], create bootproject: 1"
04.10.2024 09:00:01.862: Cmp=CmpApp, C=1, E=0, M="User: '1', App CodeGUID: 6cbad62a-0000-0000-0000-000000000000, DataGUID: 129b94e2-0000-0000-0000-000000000000"
04.10.2024 09:00:01.936: Cmp=CmpApp, C=1, E=0, M="User: '1', App Download successful [Application], create bootproject: 1"
04.10.2024 09:00:01.936: Cmp=CmpApp, C=1, E=0, M="User: '1', App CodeGUID: 6cbad62a-0000-0000-0000-000000000000, DataGUID: 129b94e2-0000-0000-0000-000000000000"
04.10.2024 09:00:02.012: Cmp=CmpApp, C=1, E=0, M="User: '1', App Download successful [Application], create bootproject: 1"
04.10.2024 09:00:02.012: Cmp=CmpApp, C=1, E=0, M="User: '1', App CodeGUID: 6cbad62a-0000-0000-0000-000000000000, DataGUID: 129b94e2-0000-0000-0000-000000000000"
04.10.2024 09:00:02.074: Cmp=CmpApp, C=1, E=0, M="User: '1', App Download successful [Application], create bootproject: 1"
04.10.2024 09:00:02.074: Cmp=CmpApp, C=1, E=0, M="User: '1', App CodeGUID: 6cbad62a-0000-0000-0000-000000000000, DataGUID: 129b94e2-0000-0000-0000-000000000000"
04.10.2024 09:00:02.155: Cmp=CmpApp, C=1, E=0, M="User: '1', App Download successful [Application], create bootproject: 1"
04.10.2024 09:00:02.155: Cmp=CmpApp, C=1, E=0, M="User: '1', App CodeGUID: 6cbad62a-0000-0000-0000-000000000000, DataGUID: 129b94e2-0000-0000-0000-000000000000"
04.10.2024 09:00:02.230: Cmp=CmpApp, C=1, E=0, M="User: '1', App Download successful [Application], create bootproject: 1"
04.10.2024 09:00:02.230: Cmp=CmpApp, C=1, E=0, M="User: '1', App CodeGUID: 6cbad62a-0000-0000-0000-000000000000, DataGUID: 129b94e2-0000-0000-0000-000000000000"
04.10.2024 09:00:02.310: Cmp=CmpApp, C=1, E=0, M="User: '1', App Download successful [Application], create bootproject: 1"
04.10.2024 09:00:02.310: Cmp=CmpApp, C=1, E=0, M="User: '1', App CodeGUID: 6cbad62a-0000-0000-0000-000000000000, DataGUID: 129b94e2-0000-0000-0000-000000000000"
04.10.2024 09:00:08.185: Cmp=CmpApp, C=1, E=0, M="User: '1', App Download successful [Application], create bootproject: 1"
04.10.2024 09:00:08.185: Cmp=CmpApp, C=1, E=0, M="User: '1', App CodeGUID: 6cbad62a-0000-0000-0000-000000000000, DataGUID: 129b94e2-0000-0000-0000-000000000000"
04.10.2024 09:00:14.268: Cmp=CmpApp, C=1, E=0, M="User: '1', App Start successful"
04.10.2024 09:01:46.384: Cmp=CmpUserMgr, C=1, E=0, M="User: '1', Logout (0)"
04.10.2024 09:04:20.440: Cmp=CmpUserMgr, C=1, E=0, M="User: '1', Login (1)"
04.10.2024 09:04:55.837: Cmp=CmpUserMgr, C=1, E=0, M="User: '1', Logout (0)"
04.10.2024 09:07:14.186: Cmp=CmpUserMgr, C=1, E=0, M="User: '1', Login (1)"
04.10.2024 09:18:28.313: Cmp=CmpUserMgr, C=1, E=0, M="User: '1', Logout (0)"
04.10.2024 09:29:55.804: Cmp=CmpUserMgr, C=1, E=0, M="User: '1', Login (1)"
04.10.2024 09:30:05.556: Cmp=CmpApp, C=1, E=0, M="User: '1', App Reinitialize for Download successful"
04.10.2024 09:30:07.966: Cmp=CmpApp, C=1, E=0, M="User: '1', App Download successful [Application], create bootproject: 1"
04.10.2024 09:30:07.967: Cmp=CmpApp, C=1, E=0, M="User: '1', App CodeGUID: 838626d6-0000-0000-0000-000000000000, DataGUID: 68d25d9b-0000-0000-0000-000000000000"
04.10.2024 09:30:08.091: Cmp=CmpApp, C=1, E=0, M="User: '1', App Download successful [Application], create bootproject: 1"
04.10.2024 09:30:08.091: Cmp=CmpApp, C=1, E=0, M="User: '1', App CodeGUID: 838626d6-0000-0000-0000-000000000000, DataGUID: 68d25d9b-0000-0000-0000-000000000000"
04.10.2024 09:30:08.171: Cmp=CmpApp, C=1, E=0, M="User: '1', App Download successful [Application], create bootproject: 1"
04.10.2024 09:30:08.171: Cmp=CmpApp, C=1, E=0, M="User: '1', App CodeGUID: 838626d6-0000-0000-0000-000000000000, DataGUID: 68d25d9b-0000-0000-0000-000000000000"
04.10.2024 09:30:08.263: Cmp=CmpApp, C=1, E=0, M="User: '1', App Download successful [Application], create bootproject: 1"
04.10.2024 09:30:08.263: Cmp=CmpApp, C=1, E=0, M="User: '1', App CodeGUID: 838626d6-0000-0000-0000-000000000000, DataGUID: 68d25d9b-0000-0000-0000-000000000000"
04.10.2024 09:30:08.326: Cmp=CmpApp, C=1, E=0, M="User: '1', App Download successful [Application], create bootproject: 1"
04.10.2024 09:30:08.326: Cmp=CmpApp, C=1, E=0, M="User: '1', App CodeGUID: 838626d6-0000-0000-0000-000000000000, DataGUID: 68d25d9b-0000-0000-0000-000000000000"
04.10.2024 09:30:08.405: Cmp=CmpApp, C=1, E=0, M="User: '1', App Download successful [Application], create bootproject: 1"
04.10.2024 09:30:08.405: Cmp=CmpApp, C=1, E=0, M="User: '1', App CodeGUID: 838626d6-0000-0000-0000-000000000000, DataGUID: 68d25d9b-0000-0000-0000-000000000000"
04.10.2024 09:30:08.472: Cmp=CmpApp, C=1, E=0, M="User: '1', App Download successful [Application], create bootproject: 1"
04.10.2024 09:30:08.472: Cmp=CmpApp, C=1, E=0, M="User: '1', App CodeGUID: 838626d6-0000-0000-0000-000000000000, DataGUID: 68d25d9b-0000-0000-0000-000000000000"
04.10.2024 09:30:08.545: Cmp=CmpApp, C=1, E=0, M="User: '1', App Download successful [Application], create bootproject: 1"
04.10.2024 09:30:08.545: Cmp=CmpApp, C=1, E=0, M="User: '1', App CodeGUID: 838626d6-0000-0000-0000-000000000000, DataGUID: 68d25d9b-0000-0000-0000-000000000000"
04.10.2024 09:30:08.678: Cmp=CmpApp, C=1, E=0, M="User: '1', App Download successful [Application], create bootproject: 1"
04.10.2024 09:30:08.679: Cmp=CmpApp, C=1, E=0, M="User: '1', App CodeGUID: 838626d6-0000-0000-0000-000000000000, DataGUID: 68d25d9b-0000-0000-0000-000000000000"
04.10.2024 09:30:08.747: Cmp=CmpApp, C=1, E=0, M="User: '1', App Download successful [Application], create bootproject: 1"
04.10.2024 09:30:08.747: Cmp=CmpApp, C=1, E=0, M="User: '1', App CodeGUID: 838626d6-0000-0000-0000-000000000000, DataGUID: 68d25d9b-0000-0000-0000-000000000000"
04.10.2024 09:30:08.815: Cmp=CmpApp, C=1, E=0, M="User: '1', App Download successful [Application], create bootproject: 1"
04.10.2024 09:30:08.815: Cmp=CmpApp, C=1, E=0, M="User: '1', App CodeGUID: 838626d6-0000-0000-0000-000000000000, DataGUID: 68d25d9b-0000-0000-0000-000000000000"
04.10.2024 09:30:08.889: Cmp=CmpApp, C=1, E=0, M="User: '1', App Download successful [Application], create bootproject: 1"
04.10.2024 09:30:08.889: Cmp=CmpApp, C=1, E=0, M="User: '1', App CodeGUID: 838626d6-0000-0000-0000-000000000000, DataGUID: 68d25d9b-0000-0000-0000-000000000000"
04.10.2024 09:30:08.969: Cmp=CmpApp, C=1, E=0, M="User: '1', App Download successful [Application], create bootproject: 1"
04.10.2024 09:30:08.969: Cmp=CmpApp, C=1, E=0, M="User: '1', App CodeGUID: 838626d6-0000-0000-0000-000000000000, DataGUID: 68d25d9b-0000-0000-0000-000000000000"
04.10.2024 09:30:09.076: Cmp=CmpApp, C=1, E=0, M="User: '1', App Download successful [Application], create bootproject: 1"
04.10.2024 09:30:09.076: Cmp=CmpApp, C=1, E=0, M="User: '1', App CodeGUID: 838626d6-0000-0000-0000-000000000000, DataGUID: 68d25d9b-0000-0000-0000-000000000000"
04.10.2024 09:30:09.146: Cmp=CmpApp, C=1, E=0, M="User: '1', App Download successful [Application], create bootproject: 1"
04.10.2024 09:30:09.147: Cmp=CmpApp, C=1, E=0, M="User: '1', App CodeGUID: 838626d6-0000-0000-0000-000000000000, DataGUID: 68d25d9b-0000-0000-0000-000000000000"
04.10.2024 09:30:09.229: Cmp=CmpApp, C=1, E=0, M="User: '1', App Download successful [Application], create bootproject: 1"
04.10.2024 09:30:09.229: Cmp=CmpApp, C=1, E=0, M="User: '1', App CodeGUID: 838626d6-0000-0000-0000-000000000000, DataGUID: 68d25d9b-0000-0000-0000-000000000000"
04.10.2024 09:30:09.298: Cmp=CmpApp, C=1, E=0, M="User: '1', App Download successful [Application], create bootproject: 1"
04.10.2024 09:30:09.299: Cmp=CmpApp, C=1, E=0, M="User: '1', App CodeGUID: 838626d6-0000-0000-0000-000000000000, DataGUID: 68d25d9b-0000-0000-0000-000000000000"
04.10.2024 09:30:09.386: Cmp=CmpApp, C=1, E=0, M="User: '1', App Download successful [Application], create bootproject: 1"
04.10.2024 09:30:09.386: Cmp=CmpApp, C=1, E=0, M="User: '1', App CodeGUID: 838626d6-0000-0000-0000-000000000000, DataGUID: 68d25d9b-0000-0000-0000-000000000000"
04.10.2024 09:30:09.458: Cmp=CmpApp, C=1, E=0, M="User: '1', App Download successful [Application], create bootproject: 1"
04.10.2024 09:30:09.458: Cmp=CmpApp, C=1, E=0, M="User: '1', App CodeGUID: 838626d6-0000-0000-0000-000000000000, DataGUID: 68d25d9b-0000-0000-0000-000000000000"
04.10.2024 09:30:09.535: Cmp=CmpApp, C=1, E=0, M="User: '1', App Download successful [Application], create bootproject: 1"
04.10.2024 09:30:09.535: Cmp=CmpApp, C=1, E=0, M="User: '1', App CodeGUID: 838626d6-0000-0000-0000-000000000000, DataGUID: 68d25d9b-0000-0000-0000-000000000000"
04.10.2024 09:30:09.632: Cmp=CmpApp, C=1, E=0, M="User: '1', App Download successful [Application], create bootproject: 1"
04.10.2024 09:30:09.632: Cmp=CmpApp, C=1, E=0, M="User: '1', App CodeGUID: 838626d6-0000-0000-0000-000000000000, DataGUID: 68d25d9b-0000-0000-0000-000000000000"
04.10.2024 09:30:09.716: Cmp=CmpApp, C=1, E=0, M="User: '1', App Download successful [Application], create bootproject: 1"
04.10.2024 09:30:09.716: Cmp=CmpApp, C=1, E=0, M="User: '1', App CodeGUID: 838626d6-0000-0000-0000-000000000000, DataGUID: 68d25d9b-0000-0000-0000-000000000000"
04.10.2024 09:30:09.777: Cmp=CmpApp, C=1, E=0, M="User: '1', App Download successful [Application], create bootproject: 1"
04.10.2024 09:30:09.777: Cmp=CmpApp, C=1, E=0, M="User: '1', App CodeGUID: 838626d6-0000-0000-0000-000000000000, DataGUID: 68d25d9b-0000-0000-0000-000000000000"
04.10.2024 09:30:09.844: Cmp=CmpApp, C=1, E=0, M="User: '1', App Download successful [Application], create bootproject: 1"
04.10.2024 09:30:09.844: Cmp=CmpApp, C=1, E=0, M="User: '1', App CodeGUID: 838626d6-0000-0000-0000-000000000000, DataGUID: 68d25d9b-0000-0000-0000-000000000000"
04.10.2024 09:30:09.918: Cmp=CmpApp, C=1, E=0, M="User: '1', App Download successful [Application], create bootproject: 1"
04.10.2024 09:30:09.918: Cmp=CmpApp, C=1, E=0, M="User: '1', App CodeGUID: 838626d6-0000-0000-0000-000000000000, DataGUID: 68d25d9b-0000-0000-0000-000000000000"
04.10.2024 09:30:09.983: Cmp=CmpApp, C=1, E=0, M="User: '1', App Download successful [Application], create bootproject: 1"
04.10.2024 09:30:09.983: Cmp=CmpApp, C=1, E=0, M="User: '1', App CodeGUID: 838626d6-0000-0000-0000-000000000000, DataGUID: 68d25d9b-0000-0000-0000-000000000000"
04.10.2024 09:30:10.059: Cmp=CmpApp, C=1, E=0, M="User: '1', App Download successful [Application], create bootproject: 1"
04.10.2024 09:30:10.059: Cmp=CmpApp, C=1, E=0, M="User: '1', App CodeGUID: 838626d6-0000-0000-0000-000000000000, DataGUID: 68d25d9b-0000-0000-0000-000000000000"
04.10.2024 09:30:15.875: Cmp=CmpApp, C=1, E=0, M="User: '1', App Download successful [Application], create bootproject: 1"
04.10.2024 09:30:15.875: Cmp=CmpApp, C=1, E=0, M="User: '1', App CodeGUID: 838626d6-0000-0000-0000-000000000000, DataGUID: 68d25d9b-0000-0000-0000-000000000000"
04.10.2024 09:30:20.329: Cmp=CmpApp, C=1, E=0, M="User: '1', App Start successful"
04.10.2024 09:34:31.217: Cmp=CmpUserMgr, C=1, E=0, M="User: '1', Logout (0)"
04.10.2024 09:35:24.925: Cmp=CmpUserMgr, C=1, E=0, M="User: '1', Login (1)"
04.10.2024 09:37:34.848: Cmp=CmpUserMgr, C=1, E=0, M="User: '1', Logout (0)"
04.10.2024 09:47:56.307: Cmp=CmpUserMgr, C=1, E=0, M="User: '1', Login (1)"
04.10.2024 09:57:20.653: Cmp=CmpUserMgr, C=1, E=0, M="User: '1', Logout (0)"
07.10.2024 10:16:22.658: Cmp=CmpUserMgr, C=1, E=0, M="User: '1', Login (1)"
07.10.2024 10:16:22.679: Cmp=CmpUserMgr, C=1, E=0, M="User: '1', Logout (0)"
07.10.2024 10:16:26.927: Cmp=CmpUserMgr, C=1, E=0, M="User: '1', Login (1)"
07.10.2024 10:16:26.976: Cmp=CmpUserMgr, C=1, E=0, M="User: '1', Logout (0)"
07.10.2024 10:16:33.506: Cmp=CmpUserMgr, C=1, E=0, M="User: '1', Login (1)"
07.10.2024 10:34:07.674: Cmp=CmpUserMgr, C=1, E=0, M="User: '1', Logout (0)"
07.10.2024 11:57:46.100: Cmp=CmpUserMgr, C=1, E=0, M="User: '1', Login (1)"
07.10.2024 11:57:46.133: Cmp=CmpUserMgr, C=1, E=0, M="User: '1', Logout (0)"
07.10.2024 11:57:50.438: Cmp=CmpUserMgr, C=1, E=0, M="User: '1', Login (1)"
07.10.2024 11:57:50.589: Cmp=CmpUserMgr, C=1, E=0, M="User: '1', Logout (0)"
07.10.2024 11:58:07.836: Cmp=CmpUserMgr, C=1, E=0, M="User: '1', Login (1)"
07.10.2024 11:58:07.997: Cmp=CmpUserMgr, C=1, E=0, M="User: '1', Logout (0)"
07.10.2024 11:58:35.315: Cmp=CmpUserMgr, C=1, E=0, M="User: '1', Login (1)"
07.10.2024 11:58:35.353: Cmp=CmpUserMgr, C=1, E=0, M="User: '1', Logout (0)"
07.10.2024 11:58:41.088: Cmp=CmpUserMgr, C=1, E=0, M="User: '1', Login (1)"
07.10.2024 11:58:41.146: Cmp=CmpUserMgr, C=1, E=0, M="User: '1', Logout (0)"
07.10.2024 11:58:48.995: Cmp=CmpUserMgr, C=1, E=0, M="User: '1', Login (1)"
