24.09.2024 09:22:58.225: Cmp=CmpApp, C=1, E=0, M="System, App CodeGUID: 85ec98ae-0000-0000-0000-000000000000, DataGUID: dbf31690-0000-0000-0000-000000000000"
24.09.2024 09:22:58.234: Cmp=CmpApp, C=1, E=0, M="System, App Download successful [Application], create bootproject: 0"
24.09.2024 09:22:58.234: Cmp=CmpApp, C=1, E=0, M="System, App CodeGUID: 85ec98ae-0000-0000-0000-000000000000, DataGUID: dbf31690-0000-0000-0000-000000000000"
24.09.2024 09:22:58.268: Cmp=CmpApp, C=1, E=0, M="System, App Download successful [Application], create bootproject: 0"
24.09.2024 09:22:58.268: Cmp=CmpApp, C=1, E=0, M="System, App CodeGUID: 85ec98ae-0000-0000-0000-000000000000, DataGUID: dbf31690-0000-0000-0000-000000000000"
24.09.2024 09:22:58.273: Cmp=CmpApp, C=1, E=0, M="System, App Download successful [Application], create bootproject: 0"
24.09.2024 09:22:58.273: Cmp=CmpApp, C=1, E=0, M="System, App CodeGUID: 85ec98ae-0000-0000-0000-000000000000, DataGUID: dbf31690-0000-0000-0000-000000000000"
24.09.2024 09:22:58.278: Cmp=CmpApp, C=1, E=0, M="System, App Download successful [Application], create bootproject: 0"
24.09.2024 09:22:58.278: Cmp=CmpApp, C=1, E=0, M="System, App CodeGUID: 85ec98ae-0000-0000-0000-000000000000, DataGUID: dbf31690-0000-0000-0000-000000000000"
24.09.2024 09:22:58.283: Cmp=CmpApp, C=1, E=0, M="System, App Download successful [Application], create bootproject: 0"
24.09.2024 09:22:58.283: Cmp=CmpApp, C=1, E=0, M="System, App CodeGUID: 85ec98ae-0000-0000-0000-000000000000, DataGUID: dbf31690-0000-0000-0000-000000000000"
24.09.2024 09:22:58.288: Cmp=CmpApp, C=1, E=0, M="System, App Download successful [Application], create bootproject: 0"
24.09.2024 09:22:58.289: Cmp=CmpApp, C=1, E=0, M="System, App CodeGUID: 85ec98ae-0000-0000-0000-000000000000, DataGUID: dbf31690-0000-0000-0000-000000000000"
24.09.2024 09:22:58.296: Cmp=CmpApp, C=1, E=0, M="System, App Download successful [Application], create bootproject: 0"
24.09.2024 09:22:58.296: Cmp=CmpApp, C=1, E=0, M="System, App CodeGUID: 85ec98ae-0000-0000-0000-000000000000, DataGUID: dbf31690-0000-0000-0000-000000000000"
24.09.2024 09:22:58.301: Cmp=CmpApp, C=1, E=0, M="System, App Download successful [Application], create bootproject: 0"
24.09.2024 09:22:58.301: Cmp=CmpApp, C=1, E=0, M="System, App CodeGUID: 85ec98ae-0000-0000-0000-000000000000, DataGUID: dbf31690-0000-0000-0000-000000000000"
24.09.2024 09:22:58.306: Cmp=CmpApp, C=1, E=0, M="System, App Download successful [Application], create bootproject: 0"
24.09.2024 09:22:58.306: Cmp=CmpApp, C=1, E=0, M="System, App CodeGUID: 85ec98ae-0000-0000-0000-000000000000, DataGUID: dbf31690-0000-0000-0000-000000000000"
24.09.2024 09:22:58.311: Cmp=CmpApp, C=1, E=0, M="System, App Download successful [Application], create bootproject: 0"
24.09.2024 09:22:58.311: Cmp=CmpApp, C=1, E=0, M="System, App CodeGUID: 85ec98ae-0000-0000-0000-000000000000, DataGUID: dbf31690-0000-0000-0000-000000000000"
24.09.2024 09:22:58.316: Cmp=CmpApp, C=1, E=0, M="System, App Download successful [Application], create bootproject: 0"
24.09.2024 09:22:58.316: Cmp=CmpApp, C=1, E=0, M="System, App CodeGUID: 85ec98ae-0000-0000-0000-000000000000, DataGUID: dbf31690-0000-0000-0000-000000000000"
24.09.2024 09:22:58.323: Cmp=CmpApp, C=1, E=0, M="System, App Download successful [Application], create bootproject: 0"
24.09.2024 09:22:58.324: Cmp=CmpApp, C=1, E=0, M="System, App CodeGUID: 85ec98ae-0000-0000-0000-000000000000, DataGUID: dbf31690-0000-0000-0000-000000000000"
24.09.2024 09:22:58.330: Cmp=CmpApp, C=1, E=0, M="System, App Download successful [Application], create bootproject: 0"
24.09.2024 09:22:58.330: Cmp=CmpApp, C=1, E=0, M="System, App CodeGUID: 85ec98ae-0000-0000-0000-000000000000, DataGUID: dbf31690-0000-0000-0000-000000000000"
24.09.2024 09:22:58.337: Cmp=CmpApp, C=1, E=0, M="System, App Download successful [Application], create bootproject: 0"
24.09.2024 09:22:58.337: Cmp=CmpApp, C=1, E=0, M="System, App CodeGUID: 85ec98ae-0000-0000-0000-000000000000, DataGUID: dbf31690-0000-0000-0000-000000000000"
24.09.2024 09:22:58.342: Cmp=CmpApp, C=1, E=0, M="System, App Download successful [Application], create bootproject: 0"
24.09.2024 09:22:58.342: Cmp=CmpApp, C=1, E=0, M="System, App CodeGUID: 85ec98ae-0000-0000-0000-000000000000, DataGUID: dbf31690-0000-0000-0000-000000000000"
24.09.2024 09:22:58.348: Cmp=CmpApp, C=1, E=0, M="System, App Download successful [Application], create bootproject: 0"
24.09.2024 09:22:58.348: Cmp=CmpApp, C=1, E=0, M="System, App CodeGUID: 85ec98ae-0000-0000-0000-000000000000, DataGUID: dbf31690-0000-0000-0000-000000000000"
24.09.2024 09:22:58.354: Cmp=CmpApp, C=1, E=0, M="System, App Download successful [Application], create bootproject: 0"
24.09.2024 09:22:58.354: Cmp=CmpApp, C=1, E=0, M="System, App CodeGUID: 85ec98ae-0000-0000-0000-000000000000, DataGUID: dbf31690-0000-0000-0000-000000000000"
24.09.2024 09:22:58.358: Cmp=CmpApp, C=1, E=0, M="System, App Download successful [Application], create bootproject: 0"
24.09.2024 09:22:58.358: Cmp=CmpApp, C=1, E=0, M="System, App CodeGUID: 85ec98ae-0000-0000-0000-000000000000, DataGUID: dbf31690-0000-0000-0000-000000000000"
24.09.2024 09:22:58.363: Cmp=CmpApp, C=1, E=0, M="System, App Download successful [Application], create bootproject: 0"
24.09.2024 09:22:58.363: Cmp=CmpApp, C=1, E=0, M="System, App CodeGUID: 85ec98ae-0000-0000-0000-000000000000, DataGUID: dbf31690-0000-0000-0000-000000000000"
24.09.2024 09:22:58.366: Cmp=CmpApp, C=1, E=0, M="System, App Download successful [Application], create bootproject: 0"
24.09.2024 09:22:58.366: Cmp=CmpApp, C=1, E=0, M="System, App CodeGUID: 85ec98ae-0000-0000-0000-000000000000, DataGUID: dbf31690-0000-0000-0000-000000000000"
24.09.2024 09:22:58.367: Cmp=CmpApp, C=1, E=0, M="System, App Download successful [Application], create bootproject: 0"
24.09.2024 09:22:58.367: Cmp=CmpApp, C=1, E=0, M="System, App CodeGUID: 85ec98ae-0000-0000-0000-000000000000, DataGUID: dbf31690-0000-0000-0000-000000000000"
24.09.2024 09:22:58.374: Cmp=CmpApp, C=1, E=0, M="System, App Download successful [Application], create bootproject: 0"
24.09.2024 09:22:58.374: Cmp=CmpApp, C=1, E=0, M="System, App CodeGUID: 85ec98ae-0000-0000-0000-000000000000, DataGUID: dbf31690-0000-0000-0000-000000000000"
24.09.2024 09:22:58.383: Cmp=CmpApp, C=1, E=0, M="System, App Download successful [Application], create bootproject: 0"
24.09.2024 09:22:58.383: Cmp=CmpApp, C=1, E=0, M="System, App CodeGUID: 85ec98ae-0000-0000-0000-000000000000, DataGUID: dbf31690-0000-0000-0000-000000000000"
24.09.2024 09:22:58.388: Cmp=CmpApp, C=1, E=0, M="System, App Download successful [Application], create bootproject: 0"
24.09.2024 09:22:58.388: Cmp=CmpApp, C=1, E=0, M="System, App CodeGUID: 85ec98ae-0000-0000-0000-000000000000, DataGUID: dbf31690-0000-0000-0000-000000000000"
24.09.2024 09:22:58.394: Cmp=CmpApp, C=1, E=0, M="System, App Download successful [Application], create bootproject: 0"
24.09.2024 09:22:58.394: Cmp=CmpApp, C=1, E=0, M="System, App CodeGUID: 85ec98ae-0000-0000-0000-000000000000, DataGUID: dbf31690-0000-0000-0000-000000000000"
24.09.2024 09:22:58.398: Cmp=CmpApp, C=1, E=0, M="System, App Download successful [Application], create bootproject: 0"
24.09.2024 09:22:58.398: Cmp=CmpApp, C=1, E=0, M="System, App CodeGUID: 85ec98ae-0000-0000-0000-000000000000, DataGUID: dbf31690-0000-0000-0000-000000000000"
24.09.2024 09:22:58.403: Cmp=CmpApp, C=1, E=0, M="System, App Download successful [Application], create bootproject: 0"
24.09.2024 09:22:58.403: Cmp=CmpApp, C=1, E=0, M="System, App CodeGUID: 85ec98ae-0000-0000-0000-000000000000, DataGUID: dbf31690-0000-0000-0000-000000000000"
24.09.2024 09:22:58.409: Cmp=CmpApp, C=1, E=0, M="System, App Download successful [Application], create bootproject: 0"
24.09.2024 09:22:58.409: Cmp=CmpApp, C=1, E=0, M="System, App CodeGUID: 85ec98ae-0000-0000-0000-000000000000, DataGUID: dbf31690-0000-0000-0000-000000000000"
24.09.2024 09:22:58.413: Cmp=CmpApp, C=1, E=0, M="System, App Download successful [Application], create bootproject: 0"
24.09.2024 09:22:58.413: Cmp=CmpApp, C=1, E=0, M="System, App CodeGUID: 85ec98ae-0000-0000-0000-000000000000, DataGUID: dbf31690-0000-0000-0000-000000000000"
24.09.2024 09:22:58.417: Cmp=CmpApp, C=1, E=0, M="System, App Download successful [Application], create bootproject: 0"
24.09.2024 09:22:58.417: Cmp=CmpApp, C=1, E=0, M="System, App CodeGUID: 85ec98ae-0000-0000-0000-000000000000, DataGUID: dbf31690-0000-0000-0000-000000000000"
24.09.2024 09:22:58.418: Cmp=CmpApp, C=1, E=0, M="System, App Download successful [Application], create bootproject: 0"
24.09.2024 09:22:58.418: Cmp=CmpApp, C=1, E=0, M="System, App CodeGUID: 85ec98ae-0000-0000-0000-000000000000, DataGUID: dbf31690-0000-0000-0000-000000000000"
24.09.2024 09:22:58.422: Cmp=CmpApp, C=1, E=0, M="System, App Download successful [Application], create bootproject: 0"
24.09.2024 09:22:58.422: Cmp=CmpApp, C=1, E=0, M="System, App CodeGUID: 85ec98ae-0000-0000-0000-000000000000, DataGUID: dbf31690-0000-0000-0000-000000000000"
24.09.2024 09:22:58.425: Cmp=CmpApp, C=1, E=0, M="System, App Download successful [Application], create bootproject: 0"
24.09.2024 09:22:58.425: Cmp=CmpApp, C=1, E=0, M="System, App CodeGUID: 85ec98ae-0000-0000-0000-000000000000, DataGUID: dbf31690-0000-0000-0000-000000000000"
24.09.2024 09:22:58.429: Cmp=CmpApp, C=1, E=0, M="System, App Download successful [Application], create bootproject: 0"
24.09.2024 09:22:58.429: Cmp=CmpApp, C=1, E=0, M="System, App CodeGUID: 85ec98ae-0000-0000-0000-000000000000, DataGUID: dbf31690-0000-0000-0000-000000000000"
24.09.2024 09:22:58.430: Cmp=CmpApp, C=1, E=0, M="System, App Download successful [Application], create bootproject: 0"
24.09.2024 09:22:58.430: Cmp=CmpApp, C=1, E=0, M="System, App CodeGUID: 85ec98ae-0000-0000-0000-000000000000, DataGUID: dbf31690-0000-0000-0000-000000000000"
24.09.2024 09:22:58.433: Cmp=CmpApp, C=1, E=0, M="System, App Download successful [Application], create bootproject: 0"
24.09.2024 09:22:58.434: Cmp=CmpApp, C=1, E=0, M="System, App CodeGUID: 85ec98ae-0000-0000-0000-000000000000, DataGUID: dbf31690-0000-0000-0000-000000000000"
24.09.2024 09:22:58.438: Cmp=CmpApp, C=1, E=0, M="System, App Download successful [Application], create bootproject: 0"
24.09.2024 09:22:58.438: Cmp=CmpApp, C=1, E=0, M="System, App CodeGUID: 85ec98ae-0000-0000-0000-000000000000, DataGUID: dbf31690-0000-0000-0000-000000000000"
24.09.2024 09:22:58.441: Cmp=CmpApp, C=1, E=0, M="System, App Download successful [Application], create bootproject: 0"
24.09.2024 09:22:58.441: Cmp=CmpApp, C=1, E=0, M="System, App CodeGUID: 85ec98ae-0000-0000-0000-000000000000, DataGUID: dbf31690-0000-0000-0000-000000000000"
24.09.2024 09:22:58.443: Cmp=CmpApp, C=1, E=0, M="System, App Download successful [Application], create bootproject: 0"
24.09.2024 09:22:58.443: Cmp=CmpApp, C=1, E=0, M="System, App CodeGUID: 85ec98ae-0000-0000-0000-000000000000, DataGUID: dbf31690-0000-0000-0000-000000000000"
24.09.2024 09:22:58.446: Cmp=CmpApp, C=1, E=0, M="System, App Download successful [Application], create bootproject: 0"
24.09.2024 09:22:58.446: Cmp=CmpApp, C=1, E=0, M="System, App CodeGUID: 85ec98ae-0000-0000-0000-000000000000, DataGUID: dbf31690-0000-0000-0000-000000000000"
24.09.2024 09:22:58.450: Cmp=CmpApp, C=1, E=0, M="System, App Download successful [Application], create bootproject: 0"
24.09.2024 09:22:58.450: Cmp=CmpApp, C=1, E=0, M="System, App CodeGUID: 85ec98ae-0000-0000-0000-000000000000, DataGUID: dbf31690-0000-0000-0000-000000000000"
24.09.2024 09:22:58.451: Cmp=CmpApp, C=1, E=0, M="System, App Download successful [Application], create bootproject: 0"
24.09.2024 09:22:58.451: Cmp=CmpApp, C=1, E=0, M="System, App CodeGUID: 85ec98ae-0000-0000-0000-000000000000, DataGUID: dbf31690-0000-0000-0000-000000000000"
24.09.2024 09:22:58.606: Cmp=CmpApp, C=1, E=0, M="System, App Download successful [Application], create bootproject: 0"
24.09.2024 09:22:58.606: Cmp=CmpApp, C=1, E=0, M="System, App CodeGUID: 85ec98ae-0000-0000-0000-000000000000, DataGUID: dbf31690-0000-0000-0000-000000000000"
24.09.2024 09:22:58.607: Cmp=CmpApp, C=1, E=0, M="System, App Download successful [Application], create bootproject: 0"
24.09.2024 09:22:58.607: Cmp=CmpApp, C=1, E=0, M="System, App CodeGUID: 85ec98ae-0000-0000-0000-000000000000, DataGUID: dbf31690-0000-0000-0000-000000000000"
24.09.2024 09:23:03.378: Cmp=CmpApp, C=1, E=0, M="System, App Download successful [Application], create bootproject: 0"
24.09.2024 09:23:03.378: Cmp=CmpApp, C=1, E=0, M="System, App CodeGUID: 85ec98ae-0000-0000-0000-000000000000, DataGUID: dbf31690-0000-0000-0000-000000000000"
24.09.2024 09:23:03.661: Cmp=CmpApp, C=1, E=0, M="System, Application [Application] started"
24.09.2024 09:24:20.717: Cmp=CmpUserMgr, C=1, E=0, M="User: '1', Login (1)"
24.09.2024 09:24:20.760: Cmp=CmpUserMgr, C=1, E=0, M="User: '1', Logout (0)"
24.09.2024 09:24:25.121: Cmp=CmpUserMgr, C=1, E=0, M="User: '1', Login (1)"
24.09.2024 09:24:25.129: Cmp=CmpUserMgr, C=1, E=0, M="User: '1', Logout (0)"
24.09.2024 09:24:38.861: Cmp=CmpUserMgr, C=1, E=0, M="User: '1', Login (1)"
24.09.2024 09:47:13.279: Cmp=CmpUserMgr, C=1, E=0, M="User: '1', Logout (0)"
24.09.2024 11:34:27.398: Cmp=CmpUserMgr, C=1, E=0, M="User: '1', Login (1)"
24.09.2024 11:42:21.772: Cmp=CmpUserMgr, C=1, E=0, M="User: '1', Logout (0)"
24.09.2024 11:44:24.511: Cmp=CmpUserMgr, C=1, E=0, M="User: '1', Login (1)"
24.09.2024 12:44:41.783: Cmp=CmpUserMgr, C=1, E=0, M="User: '1', Logout (0)"
24.09.2024 12:45:16.912: Cmp=CmpUserMgr, C=1, E=0, M="User: '1', Login (1)"
24.09.2024 12:45:36.686: Cmp=CmpUserMgr, C=1, E=0, M="User: '1', Logout (0)"
24.09.2024 12:49:37.404: Cmp=CmpUserMgr, C=1, E=0, M="User: '1', Login (1)"
24.09.2024 12:49:56.695: Cmp=CmpApp, C=1, E=0, M="User: '1', App OnlineChange successful [Application], create bootproject: 0"
24.09.2024 12:49:56.695: Cmp=CmpApp, C=1, E=0, M="User: '1', App CodeGUID: 009c978e-0000-0000-0000-000000000000, DataGUID: dbf31690-0000-0000-0000-000000000000"
24.09.2024 12:50:01.337: Cmp=CmpApp, C=1, E=0, M="User: '1', App Create boot project successful"
24.09.2024 12:50:01.688: Cmp=CmpApp, C=1, E=0, M="User: '1', App Create boot project successful"
24.09.2024 12:50:01.803: Cmp=CmpApp, C=1, E=0, M="User: '1', App Create boot project successful"
24.09.2024 12:50:01.920: Cmp=CmpApp, C=1, E=0, M="User: '1', App Create boot project successful"
24.09.2024 12:50:03.328: Cmp=CmpApp, C=1, E=0, M="User: '1', App Create boot project successful"
24.09.2024 12:52:00.374: Cmp=CmpUserMgr, C=1, E=0, M="User: '1', Logout (0)"
24.09.2024 12:53:09.181: Cmp=CmpUserMgr, C=1, E=0, M="User: '1', Login (1)"
24.09.2024 12:53:44.319: Cmp=CmpApp, C=1, E=0, M="User: '1', App OnlineChange successful [Application], create bootproject: 0"
24.09.2024 12:53:44.319: Cmp=CmpApp, C=1, E=0, M="User: '1', App CodeGUID: e2c97a1a-0000-0000-0000-000000000000, DataGUID: 2512d41d-0000-0000-0000-000000000000"
24.09.2024 12:53:44.621: Cmp=CmpApp, C=1, E=0, M="User: '1', App OnlineChange successful [Application], create bootproject: 0"
24.09.2024 12:53:44.621: Cmp=CmpApp, C=1, E=0, M="User: '1', App CodeGUID: e2c97a1a-0000-0000-0000-000000000000, DataGUID: 2512d41d-0000-0000-0000-000000000000"
24.09.2024 12:53:50.060: Cmp=CmpApp, C=1, E=0, M="User: '1', App OnlineChange successful [Application], create bootproject: 0"
24.09.2024 12:53:50.060: Cmp=CmpApp, C=1, E=0, M="User: '1', App CodeGUID: e2c97a1a-0000-0000-0000-000000000000, DataGUID: 2512d41d-0000-0000-0000-000000000000"
24.09.2024 12:53:54.504: Cmp=CmpApp, C=1, E=0, M="User: '1', App Create boot project successful"
24.09.2024 12:53:54.687: Cmp=CmpApp, C=1, E=0, M="User: '1', App Create boot project successful"
24.09.2024 12:53:54.821: Cmp=CmpApp, C=1, E=0, M="User: '1', App Create boot project successful"
24.09.2024 12:53:54.910: Cmp=CmpApp, C=1, E=0, M="User: '1', App Create boot project successful"
24.09.2024 12:53:56.246: Cmp=CmpApp, C=1, E=0, M="User: '1', App Create boot project successful"
24.09.2024 12:54:41.160: Cmp=CmpUserMgr, C=1, E=0, M="User: '1', Logout (0)"
24.09.2024 12:55:27.024: Cmp=CmpUserMgr, C=1, E=0, M="User: '1', Login (1)"
24.09.2024 12:55:42.235: Cmp=CmpApp, C=1, E=0, M="User: '1', App OnlineChange successful [Application], create bootproject: 0"
24.09.2024 12:55:42.235: Cmp=CmpApp, C=1, E=0, M="User: '1', App CodeGUID: c97ca087-0000-0000-0000-000000000000, DataGUID: 2512d41d-0000-0000-0000-000000000000"
24.09.2024 12:55:46.725: Cmp=CmpApp, C=1, E=0, M="User: '1', App Create boot project successful"
24.09.2024 12:55:46.901: Cmp=CmpApp, C=1, E=0, M="User: '1', App Create boot project successful"
24.09.2024 12:55:47.053: Cmp=CmpApp, C=1, E=0, M="User: '1', App Create boot project successful"
24.09.2024 12:55:47.144: Cmp=CmpApp, C=1, E=0, M="User: '1', App Create boot project successful"
24.09.2024 12:55:48.387: Cmp=CmpApp, C=1, E=0, M="User: '1', App Create boot project successful"
24.09.2024 13:10:04.725: Cmp=CmpUserMgr, C=1, E=0, M="User: '1', Logout (0)"
25.09.2024 04:29:36.378: ================================================NEW LOG SESSION===================================================
25.09.2024 04:29:36.380: Cmp=CmpAuditLog, C=1, E=0, M="System, Startup"
25.09.2024 04:29:38.210: Cmp=CmpApp, C=1, E=0, M="System, App Create for Download successful"
25.09.2024 04:29:38.248: Cmp=CmpApp, C=1, E=0, M="System, App Download successful [Application], create bootproject: 0"
25.09.2024 04:29:38.248: Cmp=CmpApp, C=1, E=0, M="System, App CodeGUID: c97ca087-0000-0000-0000-000000000000, DataGUID: 2512d41d-0000-0000-0000-000000000000"
25.09.2024 04:29:38.257: Cmp=CmpApp, C=1, E=0, M="System, App Download successful [Application], create bootproject: 0"
25.09.2024 04:29:38.257: Cmp=CmpApp, C=1, E=0, M="System, App CodeGUID: c97ca087-0000-0000-0000-000000000000, DataGUID: 2512d41d-0000-0000-0000-000000000000"
25.09.2024 04:29:38.300: Cmp=CmpApp, C=1, E=0, M="System, App Download successful [Application], create bootproject: 0"
25.09.2024 04:29:38.300: Cmp=CmpApp, C=1, E=0, M="System, App CodeGUID: c97ca087-0000-0000-0000-000000000000, DataGUID: 2512d41d-0000-0000-0000-000000000000"
25.09.2024 04:29:38.306: Cmp=CmpApp, C=1, E=0, M="System, App Download successful [Application], create bootproject: 0"
25.09.2024 04:29:38.306: Cmp=CmpApp, C=1, E=0, M="System, App CodeGUID: c97ca087-0000-0000-0000-000000000000, DataGUID: 2512d41d-0000-0000-0000-000000000000"
25.09.2024 04:29:38.314: Cmp=CmpApp, C=1, E=0, M="System, App Download successful [Application], create bootproject: 0"
25.09.2024 04:29:38.314: Cmp=CmpApp, C=1, E=0, M="System, App CodeGUID: c97ca087-0000-0000-0000-000000000000, DataGUID: 2512d41d-0000-0000-0000-000000000000"
25.09.2024 04:29:38.319: Cmp=CmpApp, C=1, E=0, M="System, App Download successful [Application], create bootproject: 0"
25.09.2024 04:29:38.319: Cmp=CmpApp, C=1, E=0, M="System, App CodeGUID: c97ca087-0000-0000-0000-000000000000, DataGUID: 2512d41d-0000-0000-0000-000000000000"
25.09.2024 04:29:38.323: Cmp=CmpApp, C=1, E=0, M="System, App Download successful [Application], create bootproject: 0"
25.09.2024 04:29:38.323: Cmp=CmpApp, C=1, E=0, M="System, App CodeGUID: c97ca087-0000-0000-0000-000000000000, DataGUID: 2512d41d-0000-0000-0000-000000000000"
25.09.2024 04:29:38.329: Cmp=CmpApp, C=1, E=0, M="System, App Download successful [Application], create bootproject: 0"
25.09.2024 04:29:38.329: Cmp=CmpApp, C=1, E=0, M="System, App CodeGUID: c97ca087-0000-0000-0000-000000000000, DataGUID: 2512d41d-0000-0000-0000-000000000000"
25.09.2024 04:29:38.334: Cmp=CmpApp, C=1, E=0, M="System, App Download successful [Application], create bootproject: 0"
25.09.2024 04:29:38.335: Cmp=CmpApp, C=1, E=0, M="System, App CodeGUID: c97ca087-0000-0000-0000-000000000000, DataGUID: 2512d41d-0000-0000-0000-000000000000"
25.09.2024 04:29:38.340: Cmp=CmpApp, C=1, E=0, M="System, App Download successful [Application], create bootproject: 0"
25.09.2024 04:29:38.340: Cmp=CmpApp, C=1, E=0, M="System, App CodeGUID: c97ca087-0000-0000-0000-000000000000, DataGUID: 2512d41d-0000-0000-0000-000000000000"
25.09.2024 04:29:38.345: Cmp=CmpApp, C=1, E=0, M="System, App Download successful [Application], create bootproject: 0"
25.09.2024 04:29:38.345: Cmp=CmpApp, C=1, E=0, M="System, App CodeGUID: c97ca087-0000-0000-0000-000000000000, DataGUID: 2512d41d-0000-0000-0000-000000000000"
25.09.2024 04:29:38.350: Cmp=CmpApp, C=1, E=0, M="System, App Download successful [Application], create bootproject: 0"
25.09.2024 04:29:38.350: Cmp=CmpApp, C=1, E=0, M="System, App CodeGUID: c97ca087-0000-0000-0000-000000000000, DataGUID: 2512d41d-0000-0000-0000-000000000000"
25.09.2024 04:29:38.357: Cmp=CmpApp, C=1, E=0, M="System, App Download successful [Application], create bootproject: 0"
25.09.2024 04:29:38.357: Cmp=CmpApp, C=1, E=0, M="System, App CodeGUID: c97ca087-0000-0000-0000-000000000000, DataGUID: 2512d41d-0000-0000-0000-000000000000"
25.09.2024 04:29:38.362: Cmp=CmpApp, C=1, E=0, M="System, App Download successful [Application], create bootproject: 0"
25.09.2024 04:29:38.362: Cmp=CmpApp, C=1, E=0, M="System, App CodeGUID: c97ca087-0000-0000-0000-000000000000, DataGUID: 2512d41d-0000-0000-0000-000000000000"
25.09.2024 04:29:38.367: Cmp=CmpApp, C=1, E=0, M="System, App Download successful [Application], create bootproject: 0"
25.09.2024 04:29:38.367: Cmp=CmpApp, C=1, E=0, M="System, App CodeGUID: c97ca087-0000-0000-0000-000000000000, DataGUID: 2512d41d-0000-0000-0000-000000000000"
25.09.2024 04:29:38.372: Cmp=CmpApp, C=1, E=0, M="System, App Download successful [Application], create bootproject: 0"
25.09.2024 04:29:38.372: Cmp=CmpApp, C=1, E=0, M="System, App CodeGUID: c97ca087-0000-0000-0000-000000000000, DataGUID: 2512d41d-0000-0000-0000-000000000000"
25.09.2024 04:29:38.378: Cmp=CmpApp, C=1, E=0, M="System, App Download successful [Application], create bootproject: 0"
25.09.2024 04:29:38.378: Cmp=CmpApp, C=1, E=0, M="System, App CodeGUID: c97ca087-0000-0000-0000-000000000000, DataGUID: 2512d41d-0000-0000-0000-000000000000"
25.09.2024 04:29:38.385: Cmp=CmpApp, C=1, E=0, M="System, App Download successful [Application], create bootproject: 0"
25.09.2024 04:29:38.385: Cmp=CmpApp, C=1, E=0, M="System, App CodeGUID: c97ca087-0000-0000-0000-000000000000, DataGUID: 2512d41d-0000-0000-0000-000000000000"
25.09.2024 04:29:38.390: Cmp=CmpApp, C=1, E=0, M="System, App Download successful [Application], create bootproject: 0"
25.09.2024 04:29:38.390: Cmp=CmpApp, C=1, E=0, M="System, App CodeGUID: c97ca087-0000-0000-0000-000000000000, DataGUID: 2512d41d-0000-0000-0000-000000000000"
25.09.2024 04:29:38.395: Cmp=CmpApp, C=1, E=0, M="System, App Download successful [Application], create bootproject: 0"
25.09.2024 04:29:38.395: Cmp=CmpApp, C=1, E=0, M="System, App CodeGUID: c97ca087-0000-0000-0000-000000000000, DataGUID: 2512d41d-0000-0000-0000-000000000000"
25.09.2024 04:29:38.400: Cmp=CmpApp, C=1, E=0, M="System, App Download successful [Application], create bootproject: 0"
25.09.2024 04:29:38.400: Cmp=CmpApp, C=1, E=0, M="System, App CodeGUID: c97ca087-0000-0000-0000-000000000000, DataGUID: 2512d41d-0000-0000-0000-000000000000"
25.09.2024 04:29:38.405: Cmp=CmpApp, C=1, E=0, M="System, App Download successful [Application], create bootproject: 0"
25.09.2024 04:29:38.405: Cmp=CmpApp, C=1, E=0, M="System, App CodeGUID: c97ca087-0000-0000-0000-000000000000, DataGUID: 2512d41d-0000-0000-0000-000000000000"
25.09.2024 04:29:38.412: Cmp=CmpApp, C=1, E=0, M="System, App Download successful [Application], create bootproject: 0"
25.09.2024 04:29:38.412: Cmp=CmpApp, C=1, E=0, M="System, App CodeGUID: c97ca087-0000-0000-0000-000000000000, DataGUID: 2512d41d-0000-0000-0000-000000000000"
25.09.2024 04:29:38.417: Cmp=CmpApp, C=1, E=0, M="System, App Download successful [Application], create bootproject: 0"
25.09.2024 04:29:38.418: Cmp=CmpApp, C=1, E=0, M="System, App CodeGUID: c97ca087-0000-0000-0000-000000000000, DataGUID: 2512d41d-0000-0000-0000-000000000000"
25.09.2024 04:29:38.422: Cmp=CmpApp, C=1, E=0, M="System, App Download successful [Application], create bootproject: 0"
25.09.2024 04:29:38.423: Cmp=CmpApp, C=1, E=0, M="System, App CodeGUID: c97ca087-0000-0000-0000-000000000000, DataGUID: 2512d41d-0000-0000-0000-000000000000"
25.09.2024 04:29:38.428: Cmp=CmpApp, C=1, E=0, M="System, App Download successful [Application], create bootproject: 0"
25.09.2024 04:29:38.428: Cmp=CmpApp, C=1, E=0, M="System, App CodeGUID: c97ca087-0000-0000-0000-000000000000, DataGUID: 2512d41d-0000-0000-0000-000000000000"
25.09.2024 04:29:38.433: Cmp=CmpApp, C=1, E=0, M="System, App Download successful [Application], create bootproject: 0"
25.09.2024 04:29:38.433: Cmp=CmpApp, C=1, E=0, M="System, App CodeGUID: c97ca087-0000-0000-0000-000000000000, DataGUID: 2512d41d-0000-0000-0000-000000000000"
25.09.2024 04:29:38.441: Cmp=CmpApp, C=1, E=0, M="System, App Download successful [Application], create bootproject: 0"
25.09.2024 04:29:38.441: Cmp=CmpApp, C=1, E=0, M="System, App CodeGUID: c97ca087-0000-0000-0000-000000000000, DataGUID: 2512d41d-0000-0000-0000-000000000000"
25.09.2024 04:29:38.446: Cmp=CmpApp, C=1, E=0, M="System, App Download successful [Application], create bootproject: 0"
25.09.2024 04:29:38.446: Cmp=CmpApp, C=1, E=0, M="System, App CodeGUID: c97ca087-0000-0000-0000-000000000000, DataGUID: 2512d41d-0000-0000-0000-000000000000"
25.09.2024 04:29:38.453: Cmp=CmpApp, C=1, E=0, M="System, App Download successful [Application], create bootproject: 0"
25.09.2024 04:29:38.453: Cmp=CmpApp, C=1, E=0, M="System, App CodeGUID: c97ca087-0000-0000-0000-000000000000, DataGUID: 2512d41d-0000-0000-0000-000000000000"
25.09.2024 04:29:38.458: Cmp=CmpApp, C=1, E=0, M="System, App Download successful [Application], create bootproject: 0"
25.09.2024 04:29:38.458: Cmp=CmpApp, C=1, E=0, M="System, App CodeGUID: c97ca087-0000-0000-0000-000000000000, DataGUID: 2512d41d-0000-0000-0000-000000000000"
25.09.2024 04:29:38.464: Cmp=CmpApp, C=1, E=0, M="System, App Download successful [Application], create bootproject: 0"
25.09.2024 04:29:38.464: Cmp=CmpApp, C=1, E=0, M="System, App CodeGUID: c97ca087-0000-0000-0000-000000000000, DataGUID: 2512d41d-0000-0000-0000-000000000000"
25.09.2024 04:29:38.471: Cmp=CmpApp, C=1, E=0, M="System, App Download successful [Application], create bootproject: 0"
25.09.2024 04:29:38.471: Cmp=CmpApp, C=1, E=0, M="System, App CodeGUID: c97ca087-0000-0000-0000-000000000000, DataGUID: 2512d41d-0000-0000-0000-000000000000"
25.09.2024 04:29:38.476: Cmp=CmpApp, C=1, E=0, M="System, App Download successful [Application], create bootproject: 0"
25.09.2024 04:29:38.476: Cmp=CmpApp, C=1, E=0, M="System, App CodeGUID: c97ca087-0000-0000-0000-000000000000, DataGUID: 2512d41d-0000-0000-0000-000000000000"
25.09.2024 04:29:38.482: Cmp=CmpApp, C=1, E=0, M="System, App Download successful [Application], create bootproject: 0"
25.09.2024 04:29:38.482: Cmp=CmpApp, C=1, E=0, M="System, App CodeGUID: c97ca087-0000-0000-0000-000000000000, DataGUID: 2512d41d-0000-0000-0000-000000000000"
25.09.2024 04:29:38.488: Cmp=CmpApp, C=1, E=0, M="System, App Download successful [Application], create bootproject: 0"
25.09.2024 04:29:38.488: Cmp=CmpApp, C=1, E=0, M="System, App CodeGUID: c97ca087-0000-0000-0000-000000000000, DataGUID: 2512d41d-0000-0000-0000-000000000000"
25.09.2024 04:29:38.493: Cmp=CmpApp, C=1, E=0, M="System, App Download successful [Application], create bootproject: 0"
25.09.2024 04:29:38.493: Cmp=CmpApp, C=1, E=0, M="System, App CodeGUID: c97ca087-0000-0000-0000-000000000000, DataGUID: 2512d41d-0000-0000-0000-000000000000"
25.09.2024 04:29:38.499: Cmp=CmpApp, C=1, E=0, M="System, App Download successful [Application], create bootproject: 0"
25.09.2024 04:29:38.499: Cmp=CmpApp, C=1, E=0, M="System, App CodeGUID: c97ca087-0000-0000-0000-000000000000, DataGUID: 2512d41d-0000-0000-0000-000000000000"
25.09.2024 04:29:38.504: Cmp=CmpApp, C=1, E=0, M="System, App Download successful [Application], create bootproject: 0"
25.09.2024 04:29:38.504: Cmp=CmpApp, C=1, E=0, M="System, App CodeGUID: c97ca087-0000-0000-0000-000000000000, DataGUID: 2512d41d-0000-0000-0000-000000000000"
25.09.2024 04:29:38.509: Cmp=CmpApp, C=1, E=0, M="System, App Download successful [Application], create bootproject: 0"
25.09.2024 04:29:38.509: Cmp=CmpApp, C=1, E=0, M="System, App CodeGUID: c97ca087-0000-0000-0000-000000000000, DataGUID: 2512d41d-0000-0000-0000-000000000000"
25.09.2024 04:29:38.513: Cmp=CmpApp, C=1, E=0, M="System, App Download successful [Application], create bootproject: 0"
25.09.2024 04:29:38.513: Cmp=CmpApp, C=1, E=0, M="System, App CodeGUID: c97ca087-0000-0000-0000-000000000000, DataGUID: 2512d41d-0000-0000-0000-000000000000"
25.09.2024 04:29:38.516: Cmp=CmpApp, C=1, E=0, M="System, App Download successful [Application], create bootproject: 0"
25.09.2024 04:29:38.516: Cmp=CmpApp, C=1, E=0, M="System, App CodeGUID: c97ca087-0000-0000-0000-000000000000, DataGUID: 2512d41d-0000-0000-0000-000000000000"
25.09.2024 04:29:38.517: Cmp=CmpApp, C=1, E=0, M="System, App Download successful [Application], create bootproject: 0"
25.09.2024 04:29:38.517: Cmp=CmpApp, C=1, E=0, M="System, App CodeGUID: c97ca087-0000-0000-0000-000000000000, DataGUID: 2512d41d-0000-0000-0000-000000000000"
25.09.2024 04:29:38.524: Cmp=CmpApp, C=1, E=0, M="System, App Download successful [Application], create bootproject: 0"
25.09.2024 04:29:38.524: Cmp=CmpApp, C=1, E=0, M="System, App CodeGUID: c97ca087-0000-0000-0000-000000000000, DataGUID: 2512d41d-0000-0000-0000-000000000000"
25.09.2024 04:29:38.530: Cmp=CmpApp, C=1, E=0, M="System, App Download successful [Application], create bootproject: 0"
25.09.2024 04:29:38.530: Cmp=CmpApp, C=1, E=0, M="System, App CodeGUID: c97ca087-0000-0000-0000-000000000000, DataGUID: 2512d41d-0000-0000-0000-000000000000"
25.09.2024 04:29:38.536: Cmp=CmpApp, C=1, E=0, M="System, App Download successful [Application], create bootproject: 0"
25.09.2024 04:29:38.536: Cmp=CmpApp, C=1, E=0, M="System, App CodeGUID: c97ca087-0000-0000-0000-000000000000, DataGUID: 2512d41d-0000-0000-0000-000000000000"
25.09.2024 04:29:38.541: Cmp=CmpApp, C=1, E=0, M="System, App Download successful [Application], create bootproject: 0"
25.09.2024 04:29:38.541: Cmp=CmpApp, C=1, E=0, M="System, App CodeGUID: c97ca087-0000-0000-0000-000000000000, DataGUID: 2512d41d-0000-0000-0000-000000000000"
25.09.2024 04:29:38.545: Cmp=CmpApp, C=1, E=0, M="System, App Download successful [Application], create bootproject: 0"
25.09.2024 04:29:38.545: Cmp=CmpApp, C=1, E=0, M="System, App CodeGUID: c97ca087-0000-0000-0000-000000000000, DataGUID: 2512d41d-0000-0000-0000-000000000000"
25.09.2024 04:29:38.550: Cmp=CmpApp, C=1, E=0, M="System, App Download successful [Application], create bootproject: 0"
25.09.2024 04:29:38.550: Cmp=CmpApp, C=1, E=0, M="System, App CodeGUID: c97ca087-0000-0000-0000-000000000000, DataGUID: 2512d41d-0000-0000-0000-000000000000"
25.09.2024 04:29:38.556: Cmp=CmpApp, C=1, E=0, M="System, App Download successful [Application], create bootproject: 0"
25.09.2024 04:29:38.556: Cmp=CmpApp, C=1, E=0, M="System, App CodeGUID: c97ca087-0000-0000-0000-000000000000, DataGUID: 2512d41d-0000-0000-0000-000000000000"
25.09.2024 04:29:38.559: Cmp=CmpApp, C=1, E=0, M="System, App Download successful [Application], create bootproject: 0"
25.09.2024 04:29:38.559: Cmp=CmpApp, C=1, E=0, M="System, App CodeGUID: c97ca087-0000-0000-0000-000000000000, DataGUID: 2512d41d-0000-0000-0000-000000000000"
25.09.2024 04:29:38.562: Cmp=CmpApp, C=1, E=0, M="System, App Download successful [Application], create bootproject: 0"
25.09.2024 04:29:38.562: Cmp=CmpApp, C=1, E=0, M="System, App CodeGUID: c97ca087-0000-0000-0000-000000000000, DataGUID: 2512d41d-0000-0000-0000-000000000000"
25.09.2024 04:29:38.566: Cmp=CmpApp, C=1, E=0, M="System, App Download successful [Application], create bootproject: 0"
25.09.2024 04:29:38.566: Cmp=CmpApp, C=1, E=0, M="System, App CodeGUID: c97ca087-0000-0000-0000-000000000000, DataGUID: 2512d41d-0000-0000-0000-000000000000"
25.09.2024 04:29:38.567: Cmp=CmpApp, C=1, E=0, M="System, App Download successful [Application], create bootproject: 0"
25.09.2024 04:29:38.567: Cmp=CmpApp, C=1, E=0, M="System, App CodeGUID: c97ca087-0000-0000-0000-000000000000, DataGUID: 2512d41d-0000-0000-0000-000000000000"
25.09.2024 04:29:38.571: Cmp=CmpApp, C=1, E=0, M="System, App Download successful [Application], create bootproject: 0"
25.09.2024 04:29:38.571: Cmp=CmpApp, C=1, E=0, M="System, App CodeGUID: c97ca087-0000-0000-0000-000000000000, DataGUID: 2512d41d-0000-0000-0000-000000000000"
25.09.2024 04:29:38.574: Cmp=CmpApp, C=1, E=0, M="System, App Download successful [Application], create bootproject: 0"
25.09.2024 04:29:38.574: Cmp=CmpApp, C=1, E=0, M="System, App CodeGUID: c97ca087-0000-0000-0000-000000000000, DataGUID: 2512d41d-0000-0000-0000-000000000000"
25.09.2024 04:29:38.578: Cmp=CmpApp, C=1, E=0, M="System, App Download successful [Application], create bootproject: 0"
25.09.2024 04:29:38.578: Cmp=CmpApp, C=1, E=0, M="System, App CodeGUID: c97ca087-0000-0000-0000-000000000000, DataGUID: 2512d41d-0000-0000-0000-000000000000"
25.09.2024 04:29:38.579: Cmp=CmpApp, C=1, E=0, M="System, App Download successful [Application], create bootproject: 0"
25.09.2024 04:29:38.579: Cmp=CmpApp, C=1, E=0, M="System, App CodeGUID: c97ca087-0000-0000-0000-000000000000, DataGUID: 2512d41d-0000-0000-0000-000000000000"
25.09.2024 04:29:38.583: Cmp=CmpApp, C=1, E=0, M="System, App Download successful [Application], create bootproject: 0"
25.09.2024 04:29:38.583: Cmp=CmpApp, C=1, E=0, M="System, App CodeGUID: c97ca087-0000-0000-0000-000000000000, DataGUID: 2512d41d-0000-0000-0000-000000000000"
25.09.2024 04:29:38.588: Cmp=CmpApp, C=1, E=0, M="System, App Download successful [Application], create bootproject: 0"
25.09.2024 04:29:38.588: Cmp=CmpApp, C=1, E=0, M="System, App CodeGUID: c97ca087-0000-0000-0000-000000000000, DataGUID: 2512d41d-0000-0000-0000-000000000000"
25.09.2024 04:29:38.591: Cmp=CmpApp, C=1, E=0, M="System, App Download successful [Application], create bootproject: 0"
25.09.2024 04:29:38.591: Cmp=CmpApp, C=1, E=0, M="System, App CodeGUID: c97ca087-0000-0000-0000-000000000000, DataGUID: 2512d41d-0000-0000-0000-000000000000"
25.09.2024 04:29:38.592: Cmp=CmpApp, C=1, E=0, M="System, App Download successful [Application], create bootproject: 0"
25.09.2024 04:29:38.592: Cmp=CmpApp, C=1, E=0, M="System, App CodeGUID: c97ca087-0000-0000-0000-000000000000, DataGUID: 2512d41d-0000-0000-0000-000000000000"
25.09.2024 04:29:38.596: Cmp=CmpApp, C=1, E=0, M="System, App Download successful [Application], create bootproject: 0"
25.09.2024 04:29:38.596: Cmp=CmpApp, C=1, E=0, M="System, App CodeGUID: c97ca087-0000-0000-0000-000000000000, DataGUID: 2512d41d-0000-0000-0000-000000000000"
25.09.2024 04:29:38.600: Cmp=CmpApp, C=1, E=0, M="System, App Download successful [Application], create bootproject: 0"
25.09.2024 04:29:38.600: Cmp=CmpApp, C=1, E=0, M="System, App CodeGUID: c97ca087-0000-0000-0000-000000000000, DataGUID: 2512d41d-0000-0000-0000-000000000000"
25.09.2024 04:29:38.601: Cmp=CmpApp, C=1, E=0, M="System, App Download successful [Application], create bootproject: 0"
25.09.2024 04:29:38.601: Cmp=CmpApp, C=1, E=0, M="System, App CodeGUID: c97ca087-0000-0000-0000-000000000000, DataGUID: 2512d41d-0000-0000-0000-000000000000"
25.09.2024 04:29:38.751: Cmp=CmpApp, C=1, E=0, M="System, App Download successful [Application], create bootproject: 0"
25.09.2024 04:29:38.751: Cmp=CmpApp, C=1, E=0, M="System, App CodeGUID: c97ca087-0000-0000-0000-000000000000, DataGUID: 2512d41d-0000-0000-0000-000000000000"
25.09.2024 04:29:38.752: Cmp=CmpApp, C=1, E=0, M="System, App Download successful [Application], create bootproject: 0"
25.09.2024 04:29:38.752: Cmp=CmpApp, C=1, E=0, M="System, App CodeGUID: c97ca087-0000-0000-0000-000000000000, DataGUID: 2512d41d-0000-0000-0000-000000000000"
25.09.2024 04:29:43.504: Cmp=CmpApp, C=1, E=0, M="System, App Download successful [Application], create bootproject: 0"
25.09.2024 04:29:43.504: Cmp=CmpApp, C=1, E=0, M="System, App CodeGUID: c97ca087-0000-0000-0000-000000000000, DataGUID: 2512d41d-0000-0000-0000-000000000000"
25.09.2024 04:29:43.765: Cmp=CmpApp, C=1, E=0, M="System, Application [Application] started"
25.09.2024 04:33:55.944: Cmp=CmpUserMgr, C=1, E=0, M="User: '1', Login (1)"
25.09.2024 04:33:55.969: Cmp=CmpUserMgr, C=1, E=0, M="User: '1', Logout (0)"
25.09.2024 04:33:59.473: Cmp=CmpUserMgr, C=1, E=0, M="User: '1', Login (1)"
25.09.2024 04:33:59.575: Cmp=CmpUserMgr, C=1, E=0, M="User: '1', Logout (0)"
25.09.2024 04:34:03.747: Cmp=CmpUserMgr, C=1, E=0, M="User: '1', Login (1)"
25.09.2024 04:34:50.004: Cmp=CmpApp, C=1, E=0, M="User: '1', App Reinitialize for Download successful"
25.09.2024 04:35:08.203: Cmp=CmpApp, C=1, E=0, M="User: '1', App Download successful [Application], create bootproject: 1"
25.09.2024 04:35:08.203: Cmp=CmpApp, C=1, E=0, M="User: '1', App CodeGUID: f097fc38-0000-0000-0000-000000000000, DataGUID: a586b044-0000-0000-0000-000000000000"
25.09.2024 04:35:08.302: Cmp=CmpApp, C=1, E=0, M="User: '1', App Download successful [Application], create bootproject: 1"
25.09.2024 04:35:08.302: Cmp=CmpApp, C=1, E=0, M="User: '1', App CodeGUID: f097fc38-0000-0000-0000-000000000000, DataGUID: a586b044-0000-0000-0000-000000000000"
25.09.2024 04:35:08.410: Cmp=CmpApp, C=1, E=0, M="User: '1', App Download successful [Application], create bootproject: 1"
25.09.2024 04:35:08.410: Cmp=CmpApp, C=1, E=0, M="User: '1', App CodeGUID: f097fc38-0000-0000-0000-000000000000, DataGUID: a586b044-0000-0000-0000-000000000000"
25.09.2024 04:35:08.499: Cmp=CmpApp, C=1, E=0, M="User: '1', App Download successful [Application], create bootproject: 1"
25.09.2024 04:35:08.500: Cmp=CmpApp, C=1, E=0, M="User: '1', App CodeGUID: f097fc38-0000-0000-0000-000000000000, DataGUID: a586b044-0000-0000-0000-000000000000"
25.09.2024 04:35:08.586: Cmp=CmpApp, C=1, E=0, M="User: '1', App Download successful [Application], create bootproject: 1"
25.09.2024 04:35:08.586: Cmp=CmpApp, C=1, E=0, M="User: '1', App CodeGUID: f097fc38-0000-0000-0000-000000000000, DataGUID: a586b044-0000-0000-0000-000000000000"
25.09.2024 04:35:08.664: Cmp=CmpApp, C=1, E=0, M="User: '1', App Download successful [Application], create bootproject: 1"
25.09.2024 04:35:08.664: Cmp=CmpApp, C=1, E=0, M="User: '1', App CodeGUID: f097fc38-0000-0000-0000-000000000000, DataGUID: a586b044-0000-0000-0000-000000000000"
25.09.2024 04:35:08.748: Cmp=CmpApp, C=1, E=0, M="User: '1', App Download successful [Application], create bootproject: 1"
25.09.2024 04:35:08.748: Cmp=CmpApp, C=1, E=0, M="User: '1', App CodeGUID: f097fc38-0000-0000-0000-000000000000, DataGUID: a586b044-0000-0000-0000-000000000000"
25.09.2024 04:35:08.841: Cmp=CmpApp, C=1, E=0, M="User: '1', App Download successful [Application], create bootproject: 1"
25.09.2024 04:35:08.841: Cmp=CmpApp, C=1, E=0, M="User: '1', App CodeGUID: f097fc38-0000-0000-0000-000000000000, DataGUID: a586b044-0000-0000-0000-000000000000"
25.09.2024 04:35:08.932: Cmp=CmpApp, C=1, E=0, M="User: '1', App Download successful [Application], create bootproject: 1"
25.09.2024 04:35:08.932: Cmp=CmpApp, C=1, E=0, M="User: '1', App CodeGUID: f097fc38-0000-0000-0000-000000000000, DataGUID: a586b044-0000-0000-0000-000000000000"
25.09.2024 04:35:09.008: Cmp=CmpApp, C=1, E=0, M="User: '1', App Download successful [Application], create bootproject: 1"
25.09.2024 04:35:09.008: Cmp=CmpApp, C=1, E=0, M="User: '1', App CodeGUID: f097fc38-0000-0000-0000-000000000000, DataGUID: a586b044-0000-0000-0000-000000000000"
25.09.2024 04:35:09.097: Cmp=CmpApp, C=1, E=0, M="User: '1', App Download successful [Application], create bootproject: 1"
25.09.2024 04:35:09.097: Cmp=CmpApp, C=1, E=0, M="User: '1', App CodeGUID: f097fc38-0000-0000-0000-000000000000, DataGUID: a586b044-0000-0000-0000-000000000000"
25.09.2024 04:35:09.180: Cmp=CmpApp, C=1, E=0, M="User: '1', App Download successful [Application], create bootproject: 1"
25.09.2024 04:35:09.181: Cmp=CmpApp, C=1, E=0, M="User: '1', App CodeGUID: f097fc38-0000-0000-0000-000000000000, DataGUID: a586b044-0000-0000-0000-000000000000"
25.09.2024 04:35:09.257: Cmp=CmpApp, C=1, E=0, M="User: '1', App Download successful [Application], create bootproject: 1"
25.09.2024 04:35:09.258: Cmp=CmpApp, C=1, E=0, M="User: '1', App CodeGUID: f097fc38-0000-0000-0000-000000000000, DataGUID: a586b044-0000-0000-0000-000000000000"
25.09.2024 04:35:09.337: Cmp=CmpApp, C=1, E=0, M="User: '1', App Download successful [Application], create bootproject: 1"
25.09.2024 04:35:09.337: Cmp=CmpApp, C=1, E=0, M="User: '1', App CodeGUID: f097fc38-0000-0000-0000-000000000000, DataGUID: a586b044-0000-0000-0000-000000000000"
25.09.2024 04:35:09.425: Cmp=CmpApp, C=1, E=0, M="User: '1', App Download successful [Application], create bootproject: 1"
25.09.2024 04:35:09.425: Cmp=CmpApp, C=1, E=0, M="User: '1', App CodeGUID: f097fc38-0000-0000-0000-000000000000, DataGUID: a586b044-0000-0000-0000-000000000000"
25.09.2024 04:35:09.513: Cmp=CmpApp, C=1, E=0, M="User: '1', App Download successful [Application], create bootproject: 1"
25.09.2024 04:35:09.513: Cmp=CmpApp, C=1, E=0, M="User: '1', App CodeGUID: f097fc38-0000-0000-0000-000000000000, DataGUID: a586b044-0000-0000-0000-000000000000"
25.09.2024 04:35:09.602: Cmp=CmpApp, C=1, E=0, M="User: '1', App Download successful [Application], create bootproject: 1"
25.09.2024 04:35:09.602: Cmp=CmpApp, C=1, E=0, M="User: '1', App CodeGUID: f097fc38-0000-0000-0000-000000000000, DataGUID: a586b044-0000-0000-0000-000000000000"
25.09.2024 04:35:09.679: Cmp=CmpApp, C=1, E=0, M="User: '1', App Download successful [Application], create bootproject: 1"
25.09.2024 04:35:09.679: Cmp=CmpApp, C=1, E=0, M="User: '1', App CodeGUID: f097fc38-0000-0000-0000-000000000000, DataGUID: a586b044-0000-0000-0000-000000000000"
25.09.2024 04:35:09.765: Cmp=CmpApp, C=1, E=0, M="User: '1', App Download successful [Application], create bootproject: 1"
25.09.2024 04:35:09.765: Cmp=CmpApp, C=1, E=0, M="User: '1', App CodeGUID: f097fc38-0000-0000-0000-000000000000, DataGUID: a586b044-0000-0000-0000-000000000000"
25.09.2024 04:35:09.851: Cmp=CmpApp, C=1, E=0, M="User: '1', App Download successful [Application], create bootproject: 1"
25.09.2024 04:35:09.852: Cmp=CmpApp, C=1, E=0, M="User: '1', App CodeGUID: f097fc38-0000-0000-0000-000000000000, DataGUID: a586b044-0000-0000-0000-000000000000"
25.09.2024 04:35:09.937: Cmp=CmpApp, C=1, E=0, M="User: '1', App Download successful [Application], create bootproject: 1"
25.09.2024 04:35:09.937: Cmp=CmpApp, C=1, E=0, M="User: '1', App CodeGUID: f097fc38-0000-0000-0000-000000000000, DataGUID: a586b044-0000-0000-0000-000000000000"
25.09.2024 04:35:10.029: Cmp=CmpApp, C=1, E=0, M="User: '1', App Download successful [Application], create bootproject: 1"
25.09.2024 04:35:10.030: Cmp=CmpApp, C=1, E=0, M="User: '1', App CodeGUID: f097fc38-0000-0000-0000-000000000000, DataGUID: a586b044-0000-0000-0000-000000000000"
25.09.2024 04:35:10.121: Cmp=CmpApp, C=1, E=0, M="User: '1', App Download successful [Application], create bootproject: 1"
25.09.2024 04:35:10.121: Cmp=CmpApp, C=1, E=0, M="User: '1', App CodeGUID: f097fc38-0000-0000-0000-000000000000, DataGUID: a586b044-0000-0000-0000-000000000000"
25.09.2024 04:35:10.198: Cmp=CmpApp, C=1, E=0, M="User: '1', App Download successful [Application], create bootproject: 1"
25.09.2024 04:35:10.198: Cmp=CmpApp, C=1, E=0, M="User: '1', App CodeGUID: f097fc38-0000-0000-0000-000000000000, DataGUID: a586b044-0000-0000-0000-000000000000"
25.09.2024 04:35:10.276: Cmp=CmpApp, C=1, E=0, M="User: '1', App Download successful [Application], create bootproject: 1"
25.09.2024 04:35:10.276: Cmp=CmpApp, C=1, E=0, M="User: '1', App CodeGUID: f097fc38-0000-0000-0000-000000000000, DataGUID: a586b044-0000-0000-0000-000000000000"
25.09.2024 04:35:10.367: Cmp=CmpApp, C=1, E=0, M="User: '1', App Download successful [Application], create bootproject: 1"
25.09.2024 04:35:10.367: Cmp=CmpApp, C=1, E=0, M="User: '1', App CodeGUID: f097fc38-0000-0000-0000-000000000000, DataGUID: a586b044-0000-0000-0000-000000000000"
25.09.2024 04:35:10.448: Cmp=CmpApp, C=1, E=0, M="User: '1', App Download successful [Application], create bootproject: 1"
25.09.2024 04:35:10.448: Cmp=CmpApp, C=1, E=0, M="User: '1', App CodeGUID: f097fc38-0000-0000-0000-000000000000, DataGUID: a586b044-0000-0000-0000-000000000000"
25.09.2024 04:35:16.109: Cmp=CmpApp, C=1, E=0, M="User: '1', App Download successful [Application], create bootproject: 1"
25.09.2024 04:35:16.109: Cmp=CmpApp, C=1, E=0, M="User: '1', App CodeGUID: f097fc38-0000-0000-0000-000000000000, DataGUID: a586b044-0000-0000-0000-000000000000"
25.09.2024 04:35:23.502: Cmp=CmpApp, C=1, E=0, M="User: '1', App Start successful"
25.09.2024 04:35:52.615: Cmp=CmpUserMgr, C=1, E=0, M="User: '1', Logout (0)"
25.09.2024 04:38:39.379: ================================================NEW LOG SESSION===================================================
25.09.2024 04:38:39.381: Cmp=CmpAuditLog, C=1, E=0, M="System, Startup"
25.09.2024 04:38:41.142: Cmp=CmpApp, C=1, E=0, M="System, App Create for Download successful"
25.09.2024 04:38:41.188: Cmp=CmpApp, C=1, E=0, M="System, App Download successful [Application], create bootproject: 0"
25.09.2024 04:38:41.188: Cmp=CmpApp, C=1, E=0, M="System, App CodeGUID: f097fc38-0000-0000-0000-000000000000, DataGUID: a586b044-0000-0000-0000-000000000000"
25.09.2024 04:38:41.198: Cmp=CmpApp, C=1, E=0, M="System, App Download successful [Application], create bootproject: 0"
25.09.2024 04:38:41.198: Cmp=CmpApp, C=1, E=0, M="System, App CodeGUID: f097fc38-0000-0000-0000-000000000000, DataGUID: a586b044-0000-0000-0000-000000000000"
25.09.2024 04:38:41.208: Cmp=CmpApp, C=1, E=0, M="System, App Download successful [Application], create bootproject: 0"
25.09.2024 04:38:41.208: Cmp=CmpApp, C=1, E=0, M="System, App CodeGUID: f097fc38-0000-0000-0000-000000000000, DataGUID: a586b044-0000-0000-0000-000000000000"
25.09.2024 04:38:41.216: Cmp=CmpApp, C=1, E=0, M="System, App Download successful [Application], create bootproject: 0"
25.09.2024 04:38:41.216: Cmp=CmpApp, C=1, E=0, M="System, App CodeGUID: f097fc38-0000-0000-0000-000000000000, DataGUID: a586b044-0000-0000-0000-000000000000"
25.09.2024 04:38:41.225: Cmp=CmpApp, C=1, E=0, M="System, App Download successful [Application], create bootproject: 0"
25.09.2024 04:38:41.225: Cmp=CmpApp, C=1, E=0, M="System, App CodeGUID: f097fc38-0000-0000-0000-000000000000, DataGUID: a586b044-0000-0000-0000-000000000000"
25.09.2024 04:38:41.235: Cmp=CmpApp, C=1, E=0, M="System, App Download successful [Application], create bootproject: 0"
25.09.2024 04:38:41.235: Cmp=CmpApp, C=1, E=0, M="System, App CodeGUID: f097fc38-0000-0000-0000-000000000000, DataGUID: a586b044-0000-0000-0000-000000000000"
25.09.2024 04:38:41.244: Cmp=CmpApp, C=1, E=0, M="System, App Download successful [Application], create bootproject: 0"
25.09.2024 04:38:41.244: Cmp=CmpApp, C=1, E=0, M="System, App CodeGUID: f097fc38-0000-0000-0000-000000000000, DataGUID: a586b044-0000-0000-0000-000000000000"
25.09.2024 04:38:41.254: Cmp=CmpApp, C=1, E=0, M="System, App Download successful [Application], create bootproject: 0"
25.09.2024 04:38:41.254: Cmp=CmpApp, C=1, E=0, M="System, App CodeGUID: f097fc38-0000-0000-0000-000000000000, DataGUID: a586b044-0000-0000-0000-000000000000"
25.09.2024 04:38:41.263: Cmp=CmpApp, C=1, E=0, M="System, App Download successful [Application], create bootproject: 0"
25.09.2024 04:38:41.263: Cmp=CmpApp, C=1, E=0, M="System, App CodeGUID: f097fc38-0000-0000-0000-000000000000, DataGUID: a586b044-0000-0000-0000-000000000000"
25.09.2024 04:38:41.273: Cmp=CmpApp, C=1, E=0, M="System, App Download successful [Application], create bootproject: 0"
25.09.2024 04:38:41.273: Cmp=CmpApp, C=1, E=0, M="System, App CodeGUID: f097fc38-0000-0000-0000-000000000000, DataGUID: a586b044-0000-0000-0000-000000000000"
25.09.2024 04:38:41.281: Cmp=CmpApp, C=1, E=0, M="System, App Download successful [Application], create bootproject: 0"
25.09.2024 04:38:41.281: Cmp=CmpApp, C=1, E=0, M="System, App CodeGUID: f097fc38-0000-0000-0000-000000000000, DataGUID: a586b044-0000-0000-0000-000000000000"
25.09.2024 04:38:41.289: Cmp=CmpApp, C=1, E=0, M="System, App Download successful [Application], create bootproject: 0"
25.09.2024 04:38:41.289: Cmp=CmpApp, C=1, E=0, M="System, App CodeGUID: f097fc38-0000-0000-0000-000000000000, DataGUID: a586b044-0000-0000-0000-000000000000"
25.09.2024 04:38:41.299: Cmp=CmpApp, C=1, E=0, M="System, App Download successful [Application], create bootproject: 0"
25.09.2024 04:38:41.299: Cmp=CmpApp, C=1, E=0, M="System, App CodeGUID: f097fc38-0000-0000-0000-000000000000, DataGUID: a586b044-0000-0000-0000-000000000000"
25.09.2024 04:38:41.308: Cmp=CmpApp, C=1, E=0, M="System, App Download successful [Application], create bootproject: 0"
25.09.2024 04:38:41.308: Cmp=CmpApp, C=1, E=0, M="System, App CodeGUID: f097fc38-0000-0000-0000-000000000000, DataGUID: a586b044-0000-0000-0000-000000000000"
25.09.2024 04:38:41.318: Cmp=CmpApp, C=1, E=0, M="System, App Download successful [Application], create bootproject: 0"
25.09.2024 04:38:41.318: Cmp=CmpApp, C=1, E=0, M="System, App CodeGUID: f097fc38-0000-0000-0000-000000000000, DataGUID: a586b044-0000-0000-0000-000000000000"
25.09.2024 04:38:41.327: Cmp=CmpApp, C=1, E=0, M="System, App Download successful [Application], create bootproject: 0"
25.09.2024 04:38:41.327: Cmp=CmpApp, C=1, E=0, M="System, App CodeGUID: f097fc38-0000-0000-0000-000000000000, DataGUID: a586b044-0000-0000-0000-000000000000"
25.09.2024 04:38:41.338: Cmp=CmpApp, C=1, E=0, M="System, App Download successful [Application], create bootproject: 0"
25.09.2024 04:38:41.338: Cmp=CmpApp, C=1, E=0, M="System, App CodeGUID: f097fc38-0000-0000-0000-000000000000, DataGUID: a586b044-0000-0000-0000-000000000000"
25.09.2024 04:38:41.347: Cmp=CmpApp, C=1, E=0, M="System, App Download successful [Application], create bootproject: 0"
25.09.2024 04:38:41.347: Cmp=CmpApp, C=1, E=0, M="System, App CodeGUID: f097fc38-0000-0000-0000-000000000000, DataGUID: a586b044-0000-0000-0000-000000000000"
25.09.2024 04:38:41.356: Cmp=CmpApp, C=1, E=0, M="System, App Download successful [Application], create bootproject: 0"
25.09.2024 04:38:41.356: Cmp=CmpApp, C=1, E=0, M="System, App CodeGUID: f097fc38-0000-0000-0000-000000000000, DataGUID: a586b044-0000-0000-0000-000000000000"
25.09.2024 04:38:41.364: Cmp=CmpApp, C=1, E=0, M="System, App Download successful [Application], create bootproject: 0"
25.09.2024 04:38:41.364: Cmp=CmpApp, C=1, E=0, M="System, App CodeGUID: f097fc38-0000-0000-0000-000000000000, DataGUID: a586b044-0000-0000-0000-000000000000"
25.09.2024 04:38:41.376: Cmp=CmpApp, C=1, E=0, M="System, App Download successful [Application], create bootproject: 0"
25.09.2024 04:38:41.376: Cmp=CmpApp, C=1, E=0, M="System, App CodeGUID: f097fc38-0000-0000-0000-000000000000, DataGUID: a586b044-0000-0000-0000-000000000000"
25.09.2024 04:38:41.386: Cmp=CmpApp, C=1, E=0, M="System, App Download successful [Application], create bootproject: 0"
25.09.2024 04:38:41.386: Cmp=CmpApp, C=1, E=0, M="System, App CodeGUID: f097fc38-0000-0000-0000-000000000000, DataGUID: a586b044-0000-0000-0000-000000000000"
25.09.2024 04:38:41.394: Cmp=CmpApp, C=1, E=0, M="System, App Download successful [Application], create bootproject: 0"
25.09.2024 04:38:41.394: Cmp=CmpApp, C=1, E=0, M="System, App CodeGUID: f097fc38-0000-0000-0000-000000000000, DataGUID: a586b044-0000-0000-0000-000000000000"
25.09.2024 04:38:41.402: Cmp=CmpApp, C=1, E=0, M="System, App Download successful [Application], create bootproject: 0"
25.09.2024 04:38:41.402: Cmp=CmpApp, C=1, E=0, M="System, App CodeGUID: f097fc38-0000-0000-0000-000000000000, DataGUID: a586b044-0000-0000-0000-000000000000"
25.09.2024 04:38:41.410: Cmp=CmpApp, C=1, E=0, M="System, App Download successful [Application], create bootproject: 0"
25.09.2024 04:38:41.410: Cmp=CmpApp, C=1, E=0, M="System, App CodeGUID: f097fc38-0000-0000-0000-000000000000, DataGUID: a586b044-0000-0000-0000-000000000000"
25.09.2024 04:38:41.417: Cmp=CmpApp, C=1, E=0, M="System, App Download successful [Application], create bootproject: 0"
25.09.2024 04:38:41.417: Cmp=CmpApp, C=1, E=0, M="System, App CodeGUID: f097fc38-0000-0000-0000-000000000000, DataGUID: a586b044-0000-0000-0000-000000000000"
25.09.2024 04:38:41.427: Cmp=CmpApp, C=1, E=0, M="System, App Download successful [Application], create bootproject: 0"
25.09.2024 04:38:41.427: Cmp=CmpApp, C=1, E=0, M="System, App CodeGUID: f097fc38-0000-0000-0000-000000000000, DataGUID: a586b044-0000-0000-0000-000000000000"
25.09.2024 04:38:46.336: Cmp=CmpApp, C=1, E=0, M="System, App Download successful [Application], create bootproject: 0"
25.09.2024 04:38:46.336: Cmp=CmpApp, C=1, E=0, M="System, App CodeGUID: f097fc38-0000-0000-0000-000000000000, DataGUID: a586b044-0000-0000-0000-000000000000"
25.09.2024 04:38:46.607: Cmp=CmpApp, C=1, E=0, M="System, Application [Application] started"
25.09.2024 04:43:46.223: Cmp=CmpUserMgr, C=1, E=0, M="User: '1', Login (1)"
25.09.2024 04:43:46.245: Cmp=CmpUserMgr, C=1, E=0, M="User: '1', Logout (0)"
25.09.2024 04:43:50.243: Cmp=CmpUserMgr, C=1, E=0, M="User: '1', Login (1)"
25.09.2024 04:43:50.247: Cmp=CmpUserMgr, C=1, E=0, M="User: '1', Logout (0)"
25.09.2024 04:43:57.666: Cmp=CmpUserMgr, C=1, E=0, M="User: '1', Login (1)"
25.09.2024 04:46:14.189: Cmp=CmpUserMgr, C=1, E=0, M="User: '1', Logout (0)"
25.09.2024 04:47:03.914: Cmp=CmpUserMgr, C=1, E=0, M="User: '1', Login (1)"
25.09.2024 04:47:24.336: Cmp=CmpApp, C=1, E=0, M="User: '1', App Reinitialize for Download successful"
25.09.2024 04:47:34.809: Cmp=CmpApp, C=1, E=0, M="User: '1', App Download successful [Application], create bootproject: 1"
25.09.2024 04:47:34.809: Cmp=CmpApp, C=1, E=0, M="User: '1', App CodeGUID: c0e512ef-0000-0000-0000-000000000000, DataGUID: a586b044-0000-0000-0000-000000000000"
25.09.2024 04:47:34.944: Cmp=CmpApp, C=1, E=0, M="User: '1', App Download successful [Application], create bootproject: 1"
25.09.2024 04:47:34.944: Cmp=CmpApp, C=1, E=0, M="User: '1', App CodeGUID: c0e512ef-0000-0000-0000-000000000000, DataGUID: a586b044-0000-0000-0000-000000000000"
25.09.2024 04:47:35.024: Cmp=CmpApp, C=1, E=0, M="User: '1', App Download successful [Application], create bootproject: 1"
25.09.2024 04:47:35.024: Cmp=CmpApp, C=1, E=0, M="User: '1', App CodeGUID: c0e512ef-0000-0000-0000-000000000000, DataGUID: a586b044-0000-0000-0000-000000000000"
25.09.2024 04:47:35.105: Cmp=CmpApp, C=1, E=0, M="User: '1', App Download successful [Application], create bootproject: 1"
25.09.2024 04:47:35.105: Cmp=CmpApp, C=1, E=0, M="User: '1', App CodeGUID: c0e512ef-0000-0000-0000-000000000000, DataGUID: a586b044-0000-0000-0000-000000000000"
25.09.2024 04:47:35.184: Cmp=CmpApp, C=1, E=0, M="User: '1', App Download successful [Application], create bootproject: 1"
25.09.2024 04:47:35.184: Cmp=CmpApp, C=1, E=0, M="User: '1', App CodeGUID: c0e512ef-0000-0000-0000-000000000000, DataGUID: a586b044-0000-0000-0000-000000000000"
25.09.2024 04:47:35.272: Cmp=CmpApp, C=1, E=0, M="User: '1', App Download successful [Application], create bootproject: 1"
25.09.2024 04:47:35.272: Cmp=CmpApp, C=1, E=0, M="User: '1', App CodeGUID: c0e512ef-0000-0000-0000-000000000000, DataGUID: a586b044-0000-0000-0000-000000000000"
25.09.2024 04:47:35.350: Cmp=CmpApp, C=1, E=0, M="User: '1', App Download successful [Application], create bootproject: 1"
25.09.2024 04:47:35.350: Cmp=CmpApp, C=1, E=0, M="User: '1', App CodeGUID: c0e512ef-0000-0000-0000-000000000000, DataGUID: a586b044-0000-0000-0000-000000000000"
25.09.2024 04:47:35.438: Cmp=CmpApp, C=1, E=0, M="User: '1', App Download successful [Application], create bootproject: 1"
25.09.2024 04:47:35.438: Cmp=CmpApp, C=1, E=0, M="User: '1', App CodeGUID: c0e512ef-0000-0000-0000-000000000000, DataGUID: a586b044-0000-0000-0000-000000000000"
25.09.2024 04:47:35.596: Cmp=CmpApp, C=1, E=0, M="User: '1', App Download successful [Application], create bootproject: 1"
25.09.2024 04:47:35.596: Cmp=CmpApp, C=1, E=0, M="User: '1', App CodeGUID: c0e512ef-0000-0000-0000-000000000000, DataGUID: a586b044-0000-0000-0000-000000000000"
25.09.2024 04:47:35.687: Cmp=CmpApp, C=1, E=0, M="User: '1', App Download successful [Application], create bootproject: 1"
25.09.2024 04:47:35.688: Cmp=CmpApp, C=1, E=0, M="User: '1', App CodeGUID: c0e512ef-0000-0000-0000-000000000000, DataGUID: a586b044-0000-0000-0000-000000000000"
25.09.2024 04:47:35.771: Cmp=CmpApp, C=1, E=0, M="User: '1', App Download successful [Application], create bootproject: 1"
25.09.2024 04:47:35.771: Cmp=CmpApp, C=1, E=0, M="User: '1', App CodeGUID: c0e512ef-0000-0000-0000-000000000000, DataGUID: a586b044-0000-0000-0000-000000000000"
25.09.2024 04:47:35.879: Cmp=CmpApp, C=1, E=0, M="User: '1', App Download successful [Application], create bootproject: 1"
25.09.2024 04:47:35.879: Cmp=CmpApp, C=1, E=0, M="User: '1', App CodeGUID: c0e512ef-0000-0000-0000-000000000000, DataGUID: a586b044-0000-0000-0000-000000000000"
25.09.2024 04:47:35.962: Cmp=CmpApp, C=1, E=0, M="User: '1', App Download successful [Application], create bootproject: 1"
25.09.2024 04:47:35.962: Cmp=CmpApp, C=1, E=0, M="User: '1', App CodeGUID: c0e512ef-0000-0000-0000-000000000000, DataGUID: a586b044-0000-0000-0000-000000000000"
25.09.2024 04:47:36.040: Cmp=CmpApp, C=1, E=0, M="User: '1', App Download successful [Application], create bootproject: 1"
25.09.2024 04:47:36.041: Cmp=CmpApp, C=1, E=0, M="User: '1', App CodeGUID: c0e512ef-0000-0000-0000-000000000000, DataGUID: a586b044-0000-0000-0000-000000000000"
25.09.2024 04:47:36.121: Cmp=CmpApp, C=1, E=0, M="User: '1', App Download successful [Application], create bootproject: 1"
25.09.2024 04:47:36.121: Cmp=CmpApp, C=1, E=0, M="User: '1', App CodeGUID: c0e512ef-0000-0000-0000-000000000000, DataGUID: a586b044-0000-0000-0000-000000000000"
25.09.2024 04:47:36.216: Cmp=CmpApp, C=1, E=0, M="User: '1', App Download successful [Application], create bootproject: 1"
25.09.2024 04:47:36.216: Cmp=CmpApp, C=1, E=0, M="User: '1', App CodeGUID: c0e512ef-0000-0000-0000-000000000000, DataGUID: a586b044-0000-0000-0000-000000000000"
25.09.2024 04:47:36.304: Cmp=CmpApp, C=1, E=0, M="User: '1', App Download successful [Application], create bootproject: 1"
25.09.2024 04:47:36.304: Cmp=CmpApp, C=1, E=0, M="User: '1', App CodeGUID: c0e512ef-0000-0000-0000-000000000000, DataGUID: a586b044-0000-0000-0000-000000000000"
25.09.2024 04:47:36.390: Cmp=CmpApp, C=1, E=0, M="User: '1', App Download successful [Application], create bootproject: 1"
25.09.2024 04:47:36.390: Cmp=CmpApp, C=1, E=0, M="User: '1', App CodeGUID: c0e512ef-0000-0000-0000-000000000000, DataGUID: a586b044-0000-0000-0000-000000000000"
25.09.2024 04:47:36.481: Cmp=CmpApp, C=1, E=0, M="User: '1', App Download successful [Application], create bootproject: 1"
25.09.2024 04:47:36.481: Cmp=CmpApp, C=1, E=0, M="User: '1', App CodeGUID: c0e512ef-0000-0000-0000-000000000000, DataGUID: a586b044-0000-0000-0000-000000000000"
25.09.2024 04:47:36.575: Cmp=CmpApp, C=1, E=0, M="User: '1', App Download successful [Application], create bootproject: 1"
25.09.2024 04:47:36.575: Cmp=CmpApp, C=1, E=0, M="User: '1', App CodeGUID: c0e512ef-0000-0000-0000-000000000000, DataGUID: a586b044-0000-0000-0000-000000000000"
25.09.2024 04:47:36.667: Cmp=CmpApp, C=1, E=0, M="User: '1', App Download successful [Application], create bootproject: 1"
25.09.2024 04:47:36.667: Cmp=CmpApp, C=1, E=0, M="User: '1', App CodeGUID: c0e512ef-0000-0000-0000-000000000000, DataGUID: a586b044-0000-0000-0000-000000000000"
25.09.2024 04:47:36.769: Cmp=CmpApp, C=1, E=0, M="User: '1', App Download successful [Application], create bootproject: 1"
25.09.2024 04:47:36.769: Cmp=CmpApp, C=1, E=0, M="User: '1', App CodeGUID: c0e512ef-0000-0000-0000-000000000000, DataGUID: a586b044-0000-0000-0000-000000000000"
25.09.2024 04:47:36.855: Cmp=CmpApp, C=1, E=0, M="User: '1', App Download successful [Application], create bootproject: 1"
25.09.2024 04:47:36.856: Cmp=CmpApp, C=1, E=0, M="User: '1', App CodeGUID: c0e512ef-0000-0000-0000-000000000000, DataGUID: a586b044-0000-0000-0000-000000000000"
25.09.2024 04:47:36.942: Cmp=CmpApp, C=1, E=0, M="User: '1', App Download successful [Application], create bootproject: 1"
25.09.2024 04:47:36.942: Cmp=CmpApp, C=1, E=0, M="User: '1', App CodeGUID: c0e512ef-0000-0000-0000-000000000000, DataGUID: a586b044-0000-0000-0000-000000000000"
25.09.2024 04:47:37.020: Cmp=CmpApp, C=1, E=0, M="User: '1', App Download successful [Application], create bootproject: 1"
25.09.2024 04:47:37.020: Cmp=CmpApp, C=1, E=0, M="User: '1', App CodeGUID: c0e512ef-0000-0000-0000-000000000000, DataGUID: a586b044-0000-0000-0000-000000000000"
25.09.2024 04:47:37.101: Cmp=CmpApp, C=1, E=0, M="User: '1', App Download successful [Application], create bootproject: 1"
25.09.2024 04:47:37.101: Cmp=CmpApp, C=1, E=0, M="User: '1', App CodeGUID: c0e512ef-0000-0000-0000-000000000000, DataGUID: a586b044-0000-0000-0000-000000000000"
25.09.2024 04:47:37.184: Cmp=CmpApp, C=1, E=0, M="User: '1', App Download successful [Application], create bootproject: 1"
25.09.2024 04:47:37.184: Cmp=CmpApp, C=1, E=0, M="User: '1', App CodeGUID: c0e512ef-0000-0000-0000-000000000000, DataGUID: a586b044-0000-0000-0000-000000000000"
25.09.2024 04:47:42.814: Cmp=CmpApp, C=1, E=0, M="User: '1', App Download successful [Application], create bootproject: 1"
25.09.2024 04:47:42.814: Cmp=CmpApp, C=1, E=0, M="User: '1', App CodeGUID: c0e512ef-0000-0000-0000-000000000000, DataGUID: a586b044-0000-0000-0000-000000000000"
25.09.2024 04:47:47.765: Cmp=CmpApp, C=1, E=0, M="User: '1', App Start successful"
25.09.2024 04:54:44.090: Cmp=CmpUserMgr, C=1, E=0, M="User: '1', Logout (0)"
25.09.2024 05:07:14.644: Cmp=CmpUserMgr, C=1, E=0, M="User: '1', Login (1)"
25.09.2024 05:08:36.428: Cmp=CmpApp, C=1, E=0, M="User: '1', App Reinitialize for Download successful"
25.09.2024 05:08:46.607: Cmp=CmpApp, C=1, E=0, M="User: '1', App Download successful [Application], create bootproject: 1"
25.09.2024 05:08:46.607: Cmp=CmpApp, C=1, E=0, M="User: '1', App CodeGUID: eaa9d19e-0000-0000-0000-000000000000, DataGUID: 003d900e-0000-0000-0000-000000000000"
25.09.2024 05:08:46.679: Cmp=CmpApp, C=1, E=0, M="User: '1', App Download successful [Application], create bootproject: 1"
25.09.2024 05:08:46.679: Cmp=CmpApp, C=1, E=0, M="User: '1', App CodeGUID: eaa9d19e-0000-0000-0000-000000000000, DataGUID: 003d900e-0000-0000-0000-000000000000"
25.09.2024 05:08:46.744: Cmp=CmpApp, C=1, E=0, M="User: '1', App Download successful [Application], create bootproject: 1"
25.09.2024 05:08:46.744: Cmp=CmpApp, C=1, E=0, M="User: '1', App CodeGUID: eaa9d19e-0000-0000-0000-000000000000, DataGUID: 003d900e-0000-0000-0000-000000000000"
25.09.2024 05:08:46.818: Cmp=CmpApp, C=1, E=0, M="User: '1', App Download successful [Application], create bootproject: 1"
25.09.2024 05:08:46.818: Cmp=CmpApp, C=1, E=0, M="User: '1', App CodeGUID: eaa9d19e-0000-0000-0000-000000000000, DataGUID: 003d900e-0000-0000-0000-000000000000"
25.09.2024 05:08:46.880: Cmp=CmpApp, C=1, E=0, M="User: '1', App Download successful [Application], create bootproject: 1"
25.09.2024 05:08:46.880: Cmp=CmpApp, C=1, E=0, M="User: '1', App CodeGUID: eaa9d19e-0000-0000-0000-000000000000, DataGUID: 003d900e-0000-0000-0000-000000000000"
25.09.2024 05:08:46.941: Cmp=CmpApp, C=1, E=0, M="User: '1', App Download successful [Application], create bootproject: 1"
25.09.2024 05:08:46.942: Cmp=CmpApp, C=1, E=0, M="User: '1', App CodeGUID: eaa9d19e-0000-0000-0000-000000000000, DataGUID: 003d900e-0000-0000-0000-000000000000"
25.09.2024 05:08:47.011: Cmp=CmpApp, C=1, E=0, M="User: '1', App Download successful [Application], create bootproject: 1"
25.09.2024 05:08:47.011: Cmp=CmpApp, C=1, E=0, M="User: '1', App CodeGUID: eaa9d19e-0000-0000-0000-000000000000, DataGUID: 003d900e-0000-0000-0000-000000000000"
25.09.2024 05:08:47.082: Cmp=CmpApp, C=1, E=0, M="User: '1', App Download successful [Application], create bootproject: 1"
25.09.2024 05:08:47.082: Cmp=CmpApp, C=1, E=0, M="User: '1', App CodeGUID: eaa9d19e-0000-0000-0000-000000000000, DataGUID: 003d900e-0000-0000-0000-000000000000"
25.09.2024 05:08:47.149: Cmp=CmpApp, C=1, E=0, M="User: '1', App Download successful [Application], create bootproject: 1"
25.09.2024 05:08:47.149: Cmp=CmpApp, C=1, E=0, M="User: '1', App CodeGUID: eaa9d19e-0000-0000-0000-000000000000, DataGUID: 003d900e-0000-0000-0000-000000000000"
25.09.2024 05:08:47.221: Cmp=CmpApp, C=1, E=0, M="User: '1', App Download successful [Application], create bootproject: 1"
25.09.2024 05:08:47.221: Cmp=CmpApp, C=1, E=0, M="User: '1', App CodeGUID: eaa9d19e-0000-0000-0000-000000000000, DataGUID: 003d900e-0000-0000-0000-000000000000"
25.09.2024 05:08:47.296: Cmp=CmpApp, C=1, E=0, M="User: '1', App Download successful [Application], create bootproject: 1"
25.09.2024 05:08:47.296: Cmp=CmpApp, C=1, E=0, M="User: '1', App CodeGUID: eaa9d19e-0000-0000-0000-000000000000, DataGUID: 003d900e-0000-0000-0000-000000000000"
25.09.2024 05:08:47.365: Cmp=CmpApp, C=1, E=0, M="User: '1', App Download successful [Application], create bootproject: 1"
25.09.2024 05:08:47.365: Cmp=CmpApp, C=1, E=0, M="User: '1', App CodeGUID: eaa9d19e-0000-0000-0000-000000000000, DataGUID: 003d900e-0000-0000-0000-000000000000"
25.09.2024 05:08:47.426: Cmp=CmpApp, C=1, E=0, M="User: '1', App Download successful [Application], create bootproject: 1"
25.09.2024 05:08:47.426: Cmp=CmpApp, C=1, E=0, M="User: '1', App CodeGUID: eaa9d19e-0000-0000-0000-000000000000, DataGUID: 003d900e-0000-0000-0000-000000000000"
25.09.2024 05:08:47.488: Cmp=CmpApp, C=1, E=0, M="User: '1', App Download successful [Application], create bootproject: 1"
25.09.2024 05:08:47.488: Cmp=CmpApp, C=1, E=0, M="User: '1', App CodeGUID: eaa9d19e-0000-0000-0000-000000000000, DataGUID: 003d900e-0000-0000-0000-000000000000"
25.09.2024 05:08:47.552: Cmp=CmpApp, C=1, E=0, M="User: '1', App Download successful [Application], create bootproject: 1"
25.09.2024 05:08:47.552: Cmp=CmpApp, C=1, E=0, M="User: '1', App CodeGUID: eaa9d19e-0000-0000-0000-000000000000, DataGUID: 003d900e-0000-0000-0000-000000000000"
25.09.2024 05:08:47.628: Cmp=CmpApp, C=1, E=0, M="User: '1', App Download successful [Application], create bootproject: 1"
25.09.2024 05:08:47.628: Cmp=CmpApp, C=1, E=0, M="User: '1', App CodeGUID: eaa9d19e-0000-0000-0000-000000000000, DataGUID: 003d900e-0000-0000-0000-000000000000"
25.09.2024 05:08:47.693: Cmp=CmpApp, C=1, E=0, M="User: '1', App Download successful [Application], create bootproject: 1"
25.09.2024 05:08:47.693: Cmp=CmpApp, C=1, E=0, M="User: '1', App CodeGUID: eaa9d19e-0000-0000-0000-000000000000, DataGUID: 003d900e-0000-0000-0000-000000000000"
25.09.2024 05:08:47.781: Cmp=CmpApp, C=1, E=0, M="User: '1', App Download successful [Application], create bootproject: 1"
25.09.2024 05:08:47.781: Cmp=CmpApp, C=1, E=0, M="User: '1', App CodeGUID: eaa9d19e-0000-0000-0000-000000000000, DataGUID: 003d900e-0000-0000-0000-000000000000"
25.09.2024 05:08:47.860: Cmp=CmpApp, C=1, E=0, M="User: '1', App Download successful [Application], create bootproject: 1"
25.09.2024 05:08:47.860: Cmp=CmpApp, C=1, E=0, M="User: '1', App CodeGUID: eaa9d19e-0000-0000-0000-000000000000, DataGUID: 003d900e-0000-0000-0000-000000000000"
25.09.2024 05:08:47.924: Cmp=CmpApp, C=1, E=0, M="User: '1', App Download successful [Application], create bootproject: 1"
25.09.2024 05:08:47.924: Cmp=CmpApp, C=1, E=0, M="User: '1', App CodeGUID: eaa9d19e-0000-0000-0000-000000000000, DataGUID: 003d900e-0000-0000-0000-000000000000"
25.09.2024 05:08:47.997: Cmp=CmpApp, C=1, E=0, M="User: '1', App Download successful [Application], create bootproject: 1"
25.09.2024 05:08:47.997: Cmp=CmpApp, C=1, E=0, M="User: '1', App CodeGUID: eaa9d19e-0000-0000-0000-000000000000, DataGUID: 003d900e-0000-0000-0000-000000000000"
25.09.2024 05:08:48.073: Cmp=CmpApp, C=1, E=0, M="User: '1', App Download successful [Application], create bootproject: 1"
25.09.2024 05:08:48.073: Cmp=CmpApp, C=1, E=0, M="User: '1', App CodeGUID: eaa9d19e-0000-0000-0000-000000000000, DataGUID: 003d900e-0000-0000-0000-000000000000"
25.09.2024 05:08:48.178: Cmp=CmpApp, C=1, E=0, M="User: '1', App Download successful [Application], create bootproject: 1"
25.09.2024 05:08:48.178: Cmp=CmpApp, C=1, E=0, M="User: '1', App CodeGUID: eaa9d19e-0000-0000-0000-000000000000, DataGUID: 003d900e-0000-0000-0000-000000000000"
25.09.2024 05:08:48.244: Cmp=CmpApp, C=1, E=0, M="User: '1', App Download successful [Application], create bootproject: 1"
25.09.2024 05:08:48.244: Cmp=CmpApp, C=1, E=0, M="User: '1', App CodeGUID: eaa9d19e-0000-0000-0000-000000000000, DataGUID: 003d900e-0000-0000-0000-000000000000"
25.09.2024 05:08:48.316: Cmp=CmpApp, C=1, E=0, M="User: '1', App Download successful [Application], create bootproject: 1"
25.09.2024 05:08:48.316: Cmp=CmpApp, C=1, E=0, M="User: '1', App CodeGUID: eaa9d19e-0000-0000-0000-000000000000, DataGUID: 003d900e-0000-0000-0000-000000000000"
25.09.2024 05:08:48.384: Cmp=CmpApp, C=1, E=0, M="User: '1', App Download successful [Application], create bootproject: 1"
25.09.2024 05:08:48.384: Cmp=CmpApp, C=1, E=0, M="User: '1', App CodeGUID: eaa9d19e-0000-0000-0000-000000000000, DataGUID: 003d900e-0000-0000-0000-000000000000"
25.09.2024 05:08:48.460: Cmp=CmpApp, C=1, E=0, M="User: '1', App Download successful [Application], create bootproject: 1"
25.09.2024 05:08:48.460: Cmp=CmpApp, C=1, E=0, M="User: '1', App CodeGUID: eaa9d19e-0000-0000-0000-000000000000, DataGUID: 003d900e-0000-0000-0000-000000000000"
25.09.2024 05:08:54.234: Cmp=CmpApp, C=1, E=0, M="User: '1', App Download successful [Application], create bootproject: 1"
25.09.2024 05:08:54.234: Cmp=CmpApp, C=1, E=0, M="User: '1', App CodeGUID: eaa9d19e-0000-0000-0000-000000000000, DataGUID: 003d900e-0000-0000-0000-000000000000"
25.09.2024 05:08:59.045: Cmp=CmpApp, C=1, E=0, M="User: '1', App Start successful"
25.09.2024 05:11:06.176: Cmp=CmpUserMgr, C=1, E=0, M="User: '1', Logout (0)"
25.09.2024 05:35:03.213: Cmp=CmpUserMgr, C=1, E=0, M="User: '1', Login (1)"
25.09.2024 05:36:04.544: Cmp=CmpUserMgr, C=1, E=0, M="User: '1', Logout (0)"
25.09.2024 13:39:55.458: Cmp=CmpUserMgr, C=1, E=0, M="User: '1', Login (1)"
25.09.2024 13:39:55.478: Cmp=CmpUserMgr, C=1, E=0, M="User: '1', Logout (0)"
25.09.2024 13:39:59.818: Cmp=CmpUserMgr, C=1, E=0, M="User: '1', Login (1)"
25.09.2024 13:39:59.900: Cmp=CmpUserMgr, C=1, E=0, M="User: '1', Logout (0)"
25.09.2024 13:40:04.299: Cmp=CmpUserMgr, C=1, E=0, M="User: '1', Login (1)"
25.09.2024 13:40:42.884: Cmp=CmpApp, C=1, E=0, M="User: '1', App Reinitialize for Download successful"
25.09.2024 13:40:52.805: Cmp=CmpApp, C=1, E=0, M="User: '1', App Download successful [Application], create bootproject: 1"
25.09.2024 13:40:52.805: Cmp=CmpApp, C=1, E=0, M="User: '1', App CodeGUID: 62088b14-0000-0000-0000-000000000000, DataGUID: eef0e11d-0000-0000-0000-000000000000"
25.09.2024 13:40:52.891: Cmp=CmpApp, C=1, E=0, M="User: '1', App Download successful [Application], create bootproject: 1"
25.09.2024 13:40:52.891: Cmp=CmpApp, C=1, E=0, M="User: '1', App CodeGUID: 62088b14-0000-0000-0000-000000000000, DataGUID: eef0e11d-0000-0000-0000-000000000000"
25.09.2024 13:40:52.972: Cmp=CmpApp, C=1, E=0, M="User: '1', App Download successful [Application], create bootproject: 1"
25.09.2024 13:40:52.972: Cmp=CmpApp, C=1, E=0, M="User: '1', App CodeGUID: 62088b14-0000-0000-0000-000000000000, DataGUID: eef0e11d-0000-0000-0000-000000000000"
25.09.2024 13:40:53.046: Cmp=CmpApp, C=1, E=0, M="User: '1', App Download successful [Application], create bootproject: 1"
25.09.2024 13:40:53.046: Cmp=CmpApp, C=1, E=0, M="User: '1', App CodeGUID: 62088b14-0000-0000-0000-000000000000, DataGUID: eef0e11d-0000-0000-0000-000000000000"
25.09.2024 13:40:53.118: Cmp=CmpApp, C=1, E=0, M="User: '1', App Download successful [Application], create bootproject: 1"
25.09.2024 13:40:53.118: Cmp=CmpApp, C=1, E=0, M="User: '1', App CodeGUID: 62088b14-0000-0000-0000-000000000000, DataGUID: eef0e11d-0000-0000-0000-000000000000"
25.09.2024 13:40:53.225: Cmp=CmpApp, C=1, E=0, M="User: '1', App Download successful [Application], create bootproject: 1"
25.09.2024 13:40:53.225: Cmp=CmpApp, C=1, E=0, M="User: '1', App CodeGUID: 62088b14-0000-0000-0000-000000000000, DataGUID: eef0e11d-0000-0000-0000-000000000000"
25.09.2024 13:40:53.315: Cmp=CmpApp, C=1, E=0, M="User: '1', App Download successful [Application], create bootproject: 1"
25.09.2024 13:40:53.315: Cmp=CmpApp, C=1, E=0, M="User: '1', App CodeGUID: 62088b14-0000-0000-0000-000000000000, DataGUID: eef0e11d-0000-0000-0000-000000000000"
25.09.2024 13:40:53.389: Cmp=CmpApp, C=1, E=0, M="User: '1', App Download successful [Application], create bootproject: 1"
25.09.2024 13:40:53.389: Cmp=CmpApp, C=1, E=0, M="User: '1', App CodeGUID: 62088b14-0000-0000-0000-000000000000, DataGUID: eef0e11d-0000-0000-0000-000000000000"
25.09.2024 13:40:53.484: Cmp=CmpApp, C=1, E=0, M="User: '1', App Download successful [Application], create bootproject: 1"
25.09.2024 13:40:53.484: Cmp=CmpApp, C=1, E=0, M="User: '1', App CodeGUID: 62088b14-0000-0000-0000-000000000000, DataGUID: eef0e11d-0000-0000-0000-000000000000"
25.09.2024 13:40:53.567: Cmp=CmpApp, C=1, E=0, M="User: '1', App Download successful [Application], create bootproject: 1"
25.09.2024 13:40:53.567: Cmp=CmpApp, C=1, E=0, M="User: '1', App CodeGUID: 62088b14-0000-0000-0000-000000000000, DataGUID: eef0e11d-0000-0000-0000-000000000000"
25.09.2024 13:40:53.644: Cmp=CmpApp, C=1, E=0, M="User: '1', App Download successful [Application], create bootproject: 1"
25.09.2024 13:40:53.644: Cmp=CmpApp, C=1, E=0, M="User: '1', App CodeGUID: 62088b14-0000-0000-0000-000000000000, DataGUID: eef0e11d-0000-0000-0000-000000000000"
25.09.2024 13:40:53.723: Cmp=CmpApp, C=1, E=0, M="User: '1', App Download successful [Application], create bootproject: 1"
25.09.2024 13:40:53.723: Cmp=CmpApp, C=1, E=0, M="User: '1', App CodeGUID: 62088b14-0000-0000-0000-000000000000, DataGUID: eef0e11d-0000-0000-0000-000000000000"
25.09.2024 13:40:53.804: Cmp=CmpApp, C=1, E=0, M="User: '1', App Download successful [Application], create bootproject: 1"
25.09.2024 13:40:53.804: Cmp=CmpApp, C=1, E=0, M="User: '1', App CodeGUID: 62088b14-0000-0000-0000-000000000000, DataGUID: eef0e11d-0000-0000-0000-000000000000"
25.09.2024 13:40:53.891: Cmp=CmpApp, C=1, E=0, M="User: '1', App Download successful [Application], create bootproject: 1"
25.09.2024 13:40:53.891: Cmp=CmpApp, C=1, E=0, M="User: '1', App CodeGUID: 62088b14-0000-0000-0000-000000000000, DataGUID: eef0e11d-0000-0000-0000-000000000000"
25.09.2024 13:40:53.981: Cmp=CmpApp, C=1, E=0, M="User: '1', App Download successful [Application], create bootproject: 1"
25.09.2024 13:40:53.981: Cmp=CmpApp, C=1, E=0, M="User: '1', App CodeGUID: 62088b14-0000-0000-0000-000000000000, DataGUID: eef0e11d-0000-0000-0000-000000000000"
25.09.2024 13:40:54.066: Cmp=CmpApp, C=1, E=0, M="User: '1', App Download successful [Application], create bootproject: 1"
25.09.2024 13:40:54.066: Cmp=CmpApp, C=1, E=0, M="User: '1', App CodeGUID: 62088b14-0000-0000-0000-000000000000, DataGUID: eef0e11d-0000-0000-0000-000000000000"
25.09.2024 13:40:54.145: Cmp=CmpApp, C=1, E=0, M="User: '1', App Download successful [Application], create bootproject: 1"
25.09.2024 13:40:54.146: Cmp=CmpApp, C=1, E=0, M="User: '1', App CodeGUID: 62088b14-0000-0000-0000-000000000000, DataGUID: eef0e11d-0000-0000-0000-000000000000"
25.09.2024 13:40:54.234: Cmp=CmpApp, C=1, E=0, M="User: '1', App Download successful [Application], create bootproject: 1"
25.09.2024 13:40:54.234: Cmp=CmpApp, C=1, E=0, M="User: '1', App CodeGUID: 62088b14-0000-0000-0000-000000000000, DataGUID: eef0e11d-0000-0000-0000-000000000000"
25.09.2024 13:40:54.325: Cmp=CmpApp, C=1, E=0, M="User: '1', App Download successful [Application], create bootproject: 1"
25.09.2024 13:40:54.325: Cmp=CmpApp, C=1, E=0, M="User: '1', App CodeGUID: 62088b14-0000-0000-0000-000000000000, DataGUID: eef0e11d-0000-0000-0000-000000000000"
25.09.2024 13:40:54.409: Cmp=CmpApp, C=1, E=0, M="User: '1', App Download successful [Application], create bootproject: 1"
25.09.2024 13:40:54.409: Cmp=CmpApp, C=1, E=0, M="User: '1', App CodeGUID: 62088b14-0000-0000-0000-000000000000, DataGUID: eef0e11d-0000-0000-0000-000000000000"
25.09.2024 13:40:54.493: Cmp=CmpApp, C=1, E=0, M="User: '1', App Download successful [Application], create bootproject: 1"
25.09.2024 13:40:54.493: Cmp=CmpApp, C=1, E=0, M="User: '1', App CodeGUID: 62088b14-0000-0000-0000-000000000000, DataGUID: eef0e11d-0000-0000-0000-000000000000"
25.09.2024 13:40:54.577: Cmp=CmpApp, C=1, E=0, M="User: '1', App Download successful [Application], create bootproject: 1"
25.09.2024 13:40:54.577: Cmp=CmpApp, C=1, E=0, M="User: '1', App CodeGUID: 62088b14-0000-0000-0000-000000000000, DataGUID: eef0e11d-0000-0000-0000-000000000000"
25.09.2024 13:40:54.671: Cmp=CmpApp, C=1, E=0, M="User: '1', App Download successful [Application], create bootproject: 1"
25.09.2024 13:40:54.671: Cmp=CmpApp, C=1, E=0, M="User: '1', App CodeGUID: 62088b14-0000-0000-0000-000000000000, DataGUID: eef0e11d-0000-0000-0000-000000000000"
25.09.2024 13:40:54.747: Cmp=CmpApp, C=1, E=0, M="User: '1', App Download successful [Application], create bootproject: 1"
25.09.2024 13:40:54.748: Cmp=CmpApp, C=1, E=0, M="User: '1', App CodeGUID: 62088b14-0000-0000-0000-000000000000, DataGUID: eef0e11d-0000-0000-0000-000000000000"
25.09.2024 13:40:54.832: Cmp=CmpApp, C=1, E=0, M="User: '1', App Download successful [Application], create bootproject: 1"
25.09.2024 13:40:54.832: Cmp=CmpApp, C=1, E=0, M="User: '1', App CodeGUID: 62088b14-0000-0000-0000-000000000000, DataGUID: eef0e11d-0000-0000-0000-000000000000"
25.09.2024 13:40:54.916: Cmp=CmpApp, C=1, E=0, M="User: '1', App Download successful [Application], create bootproject: 1"
25.09.2024 13:40:54.916: Cmp=CmpApp, C=1, E=0, M="User: '1', App CodeGUID: 62088b14-0000-0000-0000-000000000000, DataGUID: eef0e11d-0000-0000-0000-000000000000"
25.09.2024 13:40:55.003: Cmp=CmpApp, C=1, E=0, M="User: '1', App Download successful [Application], create bootproject: 1"
25.09.2024 13:40:55.003: Cmp=CmpApp, C=1, E=0, M="User: '1', App CodeGUID: 62088b14-0000-0000-0000-000000000000, DataGUID: eef0e11d-0000-0000-0000-000000000000"
25.09.2024 13:41:00.979: Cmp=CmpApp, C=1, E=0, M="User: '1', App Download successful [Application], create bootproject: 1"
25.09.2024 13:41:00.979: Cmp=CmpApp, C=1, E=0, M="User: '1', App CodeGUID: 62088b14-0000-0000-0000-000000000000, DataGUID: eef0e11d-0000-0000-0000-000000000000"
25.09.2024 13:41:05.453: Cmp=CmpApp, C=1, E=0, M="User: '1', App Start successful"
25.09.2024 13:41:08.807: Cmp=CmpUserMgr, C=1, E=0, M="User: '1', Logout (0)"
26.09.2024 04:27:22.276: ================================================NEW LOG SESSION===================================================
26.09.2024 04:27:22.278: Cmp=CmpAuditLog, C=1, E=0, M="System, Startup"
26.09.2024 04:27:24.064: Cmp=CmpApp, C=1, E=0, M="System, App Create for Download successful"
26.09.2024 04:27:24.111: Cmp=CmpApp, C=1, E=0, M="System, App Download successful [Application], create bootproject: 0"
26.09.2024 04:27:24.111: Cmp=CmpApp, C=1, E=0, M="System, App CodeGUID: 62088b14-0000-0000-0000-000000000000, DataGUID: eef0e11d-0000-0000-0000-000000000000"
26.09.2024 04:27:24.123: Cmp=CmpApp, C=1, E=0, M="System, App Download successful [Application], create bootproject: 0"
26.09.2024 04:27:24.123: Cmp=CmpApp, C=1, E=0, M="System, App CodeGUID: 62088b14-0000-0000-0000-000000000000, DataGUID: eef0e11d-0000-0000-0000-000000000000"
26.09.2024 04:27:24.132: Cmp=CmpApp, C=1, E=0, M="System, App Download successful [Application], create bootproject: 0"
26.09.2024 04:27:24.132: Cmp=CmpApp, C=1, E=0, M="System, App CodeGUID: 62088b14-0000-0000-0000-000000000000, DataGUID: eef0e11d-0000-0000-0000-000000000000"
26.09.2024 04:27:24.141: Cmp=CmpApp, C=1, E=0, M="System, App Download successful [Application], create bootproject: 0"
26.09.2024 04:27:24.141: Cmp=CmpApp, C=1, E=0, M="System, App CodeGUID: 62088b14-0000-0000-0000-000000000000, DataGUID: eef0e11d-0000-0000-0000-000000000000"
26.09.2024 04:27:24.150: Cmp=CmpApp, C=1, E=0, M="System, App Download successful [Application], create bootproject: 0"
26.09.2024 04:27:24.150: Cmp=CmpApp, C=1, E=0, M="System, App CodeGUID: 62088b14-0000-0000-0000-000000000000, DataGUID: eef0e11d-0000-0000-0000-000000000000"
26.09.2024 04:27:24.160: Cmp=CmpApp, C=1, E=0, M="System, App Download successful [Application], create bootproject: 0"
26.09.2024 04:27:24.160: Cmp=CmpApp, C=1, E=0, M="System, App CodeGUID: 62088b14-0000-0000-0000-000000000000, DataGUID: eef0e11d-0000-0000-0000-000000000000"
26.09.2024 04:27:24.168: Cmp=CmpApp, C=1, E=0, M="System, App Download successful [Application], create bootproject: 0"
26.09.2024 04:27:24.168: Cmp=CmpApp, C=1, E=0, M="System, App CodeGUID: 62088b14-0000-0000-0000-000000000000, DataGUID: eef0e11d-0000-0000-0000-000000000000"
26.09.2024 04:27:24.177: Cmp=CmpApp, C=1, E=0, M="System, App Download successful [Application], create bootproject: 0"
26.09.2024 04:27:24.177: Cmp=CmpApp, C=1, E=0, M="System, App CodeGUID: 62088b14-0000-0000-0000-000000000000, DataGUID: eef0e11d-0000-0000-0000-000000000000"
26.09.2024 04:27:24.187: Cmp=CmpApp, C=1, E=0, M="System, App Download successful [Application], create bootproject: 0"
26.09.2024 04:27:24.187: Cmp=CmpApp, C=1, E=0, M="System, App CodeGUID: 62088b14-0000-0000-0000-000000000000, DataGUID: eef0e11d-0000-0000-0000-000000000000"
26.09.2024 04:27:24.196: Cmp=CmpApp, C=1, E=0, M="System, App Download successful [Application], create bootproject: 0"
26.09.2024 04:27:24.196: Cmp=CmpApp, C=1, E=0, M="System, App CodeGUID: 62088b14-0000-0000-0000-000000000000, DataGUID: eef0e11d-0000-0000-0000-000000000000"
26.09.2024 04:27:24.206: Cmp=CmpApp, C=1, E=0, M="System, App Download successful [Application], create bootproject: 0"
26.09.2024 04:27:24.206: Cmp=CmpApp, C=1, E=0, M="System, App CodeGUID: 62088b14-0000-0000-0000-000000000000, DataGUID: eef0e11d-0000-0000-0000-000000000000"
26.09.2024 04:27:24.214: Cmp=CmpApp, C=1, E=0, M="System, App Download successful [Application], create bootproject: 0"
26.09.2024 04:27:24.214: Cmp=CmpApp, C=1, E=0, M="System, App CodeGUID: 62088b14-0000-0000-0000-000000000000, DataGUID: eef0e11d-0000-0000-0000-000000000000"
26.09.2024 04:27:24.224: Cmp=CmpApp, C=1, E=0, M="System, App Download successful [Application], create bootproject: 0"
26.09.2024 04:27:24.224: Cmp=CmpApp, C=1, E=0, M="System, App CodeGUID: 62088b14-0000-0000-0000-000000000000, DataGUID: eef0e11d-0000-0000-0000-000000000000"
26.09.2024 04:27:24.233: Cmp=CmpApp, C=1, E=0, M="System, App Download successful [Application], create bootproject: 0"
26.09.2024 04:27:24.233: Cmp=CmpApp, C=1, E=0, M="System, App CodeGUID: 62088b14-0000-0000-0000-000000000000, DataGUID: eef0e11d-0000-0000-0000-000000000000"
26.09.2024 04:27:24.241: Cmp=CmpApp, C=1, E=0, M="System, App Download successful [Application], create bootproject: 0"
26.09.2024 04:27:24.241: Cmp=CmpApp, C=1, E=0, M="System, App CodeGUID: 62088b14-0000-0000-0000-000000000000, DataGUID: eef0e11d-0000-0000-0000-000000000000"
26.09.2024 04:27:24.251: Cmp=CmpApp, C=1, E=0, M="System, App Download successful [Application], create bootproject: 0"
26.09.2024 04:27:24.251: Cmp=CmpApp, C=1, E=0, M="System, App CodeGUID: 62088b14-0000-0000-0000-000000000000, DataGUID: eef0e11d-0000-0000-0000-000000000000"
26.09.2024 04:27:24.260: Cmp=CmpApp, C=1, E=0, M="System, App Download successful [Application], create bootproject: 0"
26.09.2024 04:27:24.260: Cmp=CmpApp, C=1, E=0, M="System, App CodeGUID: 62088b14-0000-0000-0000-000000000000, DataGUID: eef0e11d-0000-0000-0000-000000000000"
26.09.2024 04:27:24.268: Cmp=CmpApp, C=1, E=0, M="System, App Download successful [Application], create bootproject: 0"
26.09.2024 04:27:24.268: Cmp=CmpApp, C=1, E=0, M="System, App CodeGUID: 62088b14-0000-0000-0000-000000000000, DataGUID: eef0e11d-0000-0000-0000-000000000000"
26.09.2024 04:27:24.278: Cmp=CmpApp, C=1, E=0, M="System, App Download successful [Application], create bootproject: 0"
26.09.2024 04:27:24.279: Cmp=CmpApp, C=1, E=0, M="System, App CodeGUID: 62088b14-0000-0000-0000-000000000000, DataGUID: eef0e11d-0000-0000-0000-000000000000"
26.09.2024 04:27:24.286: Cmp=CmpApp, C=1, E=0, M="System, App Download successful [Application], create bootproject: 0"
26.09.2024 04:27:24.286: Cmp=CmpApp, C=1, E=0, M="System, App CodeGUID: 62088b14-0000-0000-0000-000000000000, DataGUID: eef0e11d-0000-0000-0000-000000000000"
26.09.2024 04:27:24.296: Cmp=CmpApp, C=1, E=0, M="System, App Download successful [Application], create bootproject: 0"
26.09.2024 04:27:24.296: Cmp=CmpApp, C=1, E=0, M="System, App CodeGUID: 62088b14-0000-0000-0000-000000000000, DataGUID: eef0e11d-0000-0000-0000-000000000000"
26.09.2024 04:27:24.306: Cmp=CmpApp, C=1, E=0, M="System, App Download successful [Application], create bootproject: 0"
26.09.2024 04:27:24.306: Cmp=CmpApp, C=1, E=0, M="System, App CodeGUID: 62088b14-0000-0000-0000-000000000000, DataGUID: eef0e11d-0000-0000-0000-000000000000"
26.09.2024 04:27:24.318: Cmp=CmpApp, C=1, E=0, M="System, App Download successful [Application], create bootproject: 0"
26.09.2024 04:27:24.318: Cmp=CmpApp, C=1, E=0, M="System, App CodeGUID: 62088b14-0000-0000-0000-000000000000, DataGUID: eef0e11d-0000-0000-0000-000000000000"
26.09.2024 04:27:24.326: Cmp=CmpApp, C=1, E=0, M="System, App Download successful [Application], create bootproject: 0"
26.09.2024 04:27:24.326: Cmp=CmpApp, C=1, E=0, M="System, App CodeGUID: 62088b14-0000-0000-0000-000000000000, DataGUID: eef0e11d-0000-0000-0000-000000000000"
26.09.2024 04:27:24.333: Cmp=CmpApp, C=1, E=0, M="System, App Download successful [Application], create bootproject: 0"
26.09.2024 04:27:24.333: Cmp=CmpApp, C=1, E=0, M="System, App CodeGUID: 62088b14-0000-0000-0000-000000000000, DataGUID: eef0e11d-0000-0000-0000-000000000000"
26.09.2024 04:27:24.342: Cmp=CmpApp, C=1, E=0, M="System, App Download successful [Application], create bootproject: 0"
26.09.2024 04:27:24.342: Cmp=CmpApp, C=1, E=0, M="System, App CodeGUID: 62088b14-0000-0000-0000-000000000000, DataGUID: eef0e11d-0000-0000-0000-000000000000"
26.09.2024 04:27:24.350: Cmp=CmpApp, C=1, E=0, M="System, App Download successful [Application], create bootproject: 0"
26.09.2024 04:27:24.350: Cmp=CmpApp, C=1, E=0, M="System, App CodeGUID: 62088b14-0000-0000-0000-000000000000, DataGUID: eef0e11d-0000-0000-0000-000000000000"
26.09.2024 04:27:29.327: Cmp=CmpApp, C=1, E=0, M="System, App Download successful [Application], create bootproject: 0"
26.09.2024 04:27:29.327: Cmp=CmpApp, C=1, E=0, M="System, App CodeGUID: 62088b14-0000-0000-0000-000000000000, DataGUID: eef0e11d-0000-0000-0000-000000000000"
26.09.2024 04:27:29.838: Cmp=CmpApp, C=1, E=0, M="System, Application [Application] started"
26.09.2024 04:45:52.662: Cmp=CmpUserMgr, C=1, E=0, M="User: '1', Login (1)"
26.09.2024 04:45:52.741: Cmp=CmpUserMgr, C=1, E=0, M="User: '1', Logout (0)"
26.09.2024 04:45:59.757: Cmp=CmpUserMgr, C=1, E=0, M="User: '1', Login (1)"
26.09.2024 04:46:40.938: Cmp=CmpApp, C=1, E=0, M="User: '1', App Reinitialize for Download successful"
26.09.2024 04:46:51.866: Cmp=CmpApp, C=1, E=0, M="User: '1', App Download successful [Application], create bootproject: 1"
26.09.2024 04:46:51.866: Cmp=CmpApp, C=1, E=0, M="User: '1', App CodeGUID: 81817905-0000-0000-0000-000000000000, DataGUID: 7f8604e6-0000-0000-0000-000000000000"
26.09.2024 04:46:51.964: Cmp=CmpApp, C=1, E=0, M="User: '1', App Download successful [Application], create bootproject: 1"
26.09.2024 04:46:51.964: Cmp=CmpApp, C=1, E=0, M="User: '1', App CodeGUID: 81817905-0000-0000-0000-000000000000, DataGUID: 7f8604e6-0000-0000-0000-000000000000"
26.09.2024 04:46:52.055: Cmp=CmpApp, C=1, E=0, M="User: '1', App Download successful [Application], create bootproject: 1"
26.09.2024 04:46:52.055: Cmp=CmpApp, C=1, E=0, M="User: '1', App CodeGUID: 81817905-0000-0000-0000-000000000000, DataGUID: 7f8604e6-0000-0000-0000-000000000000"
26.09.2024 04:46:52.142: Cmp=CmpApp, C=1, E=0, M="User: '1', App Download successful [Application], create bootproject: 1"
26.09.2024 04:46:52.143: Cmp=CmpApp, C=1, E=0, M="User: '1', App CodeGUID: 81817905-0000-0000-0000-000000000000, DataGUID: 7f8604e6-0000-0000-0000-000000000000"
26.09.2024 04:46:52.232: Cmp=CmpApp, C=1, E=0, M="User: '1', App Download successful [Application], create bootproject: 1"
26.09.2024 04:46:52.232: Cmp=CmpApp, C=1, E=0, M="User: '1', App CodeGUID: 81817905-0000-0000-0000-000000000000, DataGUID: 7f8604e6-0000-0000-0000-000000000000"
26.09.2024 04:46:52.321: Cmp=CmpApp, C=1, E=0, M="User: '1', App Download successful [Application], create bootproject: 1"
26.09.2024 04:46:52.322: Cmp=CmpApp, C=1, E=0, M="User: '1', App CodeGUID: 81817905-0000-0000-0000-000000000000, DataGUID: 7f8604e6-0000-0000-0000-000000000000"
26.09.2024 04:46:52.418: Cmp=CmpApp, C=1, E=0, M="User: '1', App Download successful [Application], create bootproject: 1"
26.09.2024 04:46:52.418: Cmp=CmpApp, C=1, E=0, M="User: '1', App CodeGUID: 81817905-0000-0000-0000-000000000000, DataGUID: 7f8604e6-0000-0000-0000-000000000000"
26.09.2024 04:46:52.505: Cmp=CmpApp, C=1, E=0, M="User: '1', App Download successful [Application], create bootproject: 1"
26.09.2024 04:46:52.505: Cmp=CmpApp, C=1, E=0, M="User: '1', App CodeGUID: 81817905-0000-0000-0000-000000000000, DataGUID: 7f8604e6-0000-0000-0000-000000000000"
26.09.2024 04:46:52.583: Cmp=CmpApp, C=1, E=0, M="User: '1', App Download successful [Application], create bootproject: 1"
26.09.2024 04:46:52.583: Cmp=CmpApp, C=1, E=0, M="User: '1', App CodeGUID: 81817905-0000-0000-0000-000000000000, DataGUID: 7f8604e6-0000-0000-0000-000000000000"
26.09.2024 04:46:52.669: Cmp=CmpApp, C=1, E=0, M="User: '1', App Download successful [Application], create bootproject: 1"
26.09.2024 04:46:52.669: Cmp=CmpApp, C=1, E=0, M="User: '1', App CodeGUID: 81817905-0000-0000-0000-000000000000, DataGUID: 7f8604e6-0000-0000-0000-000000000000"
26.09.2024 04:46:52.753: Cmp=CmpApp, C=1, E=0, M="User: '1', App Download successful [Application], create bootproject: 1"
26.09.2024 04:46:52.753: Cmp=CmpApp, C=1, E=0, M="User: '1', App CodeGUID: 81817905-0000-0000-0000-000000000000, DataGUID: 7f8604e6-0000-0000-0000-000000000000"
26.09.2024 04:46:52.832: Cmp=CmpApp, C=1, E=0, M="User: '1', App Download successful [Application], create bootproject: 1"
26.09.2024 04:46:52.832: Cmp=CmpApp, C=1, E=0, M="User: '1', App CodeGUID: 81817905-0000-0000-0000-000000000000, DataGUID: 7f8604e6-0000-0000-0000-000000000000"
26.09.2024 04:46:52.908: Cmp=CmpApp, C=1, E=0, M="User: '1', App Download successful [Application], create bootproject: 1"
26.09.2024 04:46:52.908: Cmp=CmpApp, C=1, E=0, M="User: '1', App CodeGUID: 81817905-0000-0000-0000-000000000000, DataGUID: 7f8604e6-0000-0000-0000-000000000000"
26.09.2024 04:46:52.992: Cmp=CmpApp, C=1, E=0, M="User: '1', App Download successful [Application], create bootproject: 1"
26.09.2024 04:46:52.992: Cmp=CmpApp, C=1, E=0, M="User: '1', App CodeGUID: 81817905-0000-0000-0000-000000000000, DataGUID: 7f8604e6-0000-0000-0000-000000000000"
26.09.2024 04:46:53.072: Cmp=CmpApp, C=1, E=0, M="User: '1', App Download successful [Application], create bootproject: 1"
26.09.2024 04:46:53.072: Cmp=CmpApp, C=1, E=0, M="User: '1', App CodeGUID: 81817905-0000-0000-0000-000000000000, DataGUID: 7f8604e6-0000-0000-0000-000000000000"
26.09.2024 04:46:53.161: Cmp=CmpApp, C=1, E=0, M="User: '1', App Download successful [Application], create bootproject: 1"
26.09.2024 04:46:53.161: Cmp=CmpApp, C=1, E=0, M="User: '1', App CodeGUID: 81817905-0000-0000-0000-000000000000, DataGUID: 7f8604e6-0000-0000-0000-000000000000"
26.09.2024 04:46:53.255: Cmp=CmpApp, C=1, E=0, M="User: '1', App Download successful [Application], create bootproject: 1"
26.09.2024 04:46:53.255: Cmp=CmpApp, C=1, E=0, M="User: '1', App CodeGUID: 81817905-0000-0000-0000-000000000000, DataGUID: 7f8604e6-0000-0000-0000-000000000000"
26.09.2024 04:46:53.356: Cmp=CmpApp, C=1, E=0, M="User: '1', App Download successful [Application], create bootproject: 1"
26.09.2024 04:46:53.356: Cmp=CmpApp, C=1, E=0, M="User: '1', App CodeGUID: 81817905-0000-0000-0000-000000000000, DataGUID: 7f8604e6-0000-0000-0000-000000000000"
26.09.2024 04:46:53.444: Cmp=CmpApp, C=1, E=0, M="User: '1', App Download successful [Application], create bootproject: 1"
26.09.2024 04:46:53.444: Cmp=CmpApp, C=1, E=0, M="User: '1', App CodeGUID: 81817905-0000-0000-0000-000000000000, DataGUID: 7f8604e6-0000-0000-0000-000000000000"
26.09.2024 04:46:53.520: Cmp=CmpApp, C=1, E=0, M="User: '1', App Download successful [Application], create bootproject: 1"
26.09.2024 04:46:53.520: Cmp=CmpApp, C=1, E=0, M="User: '1', App CodeGUID: 81817905-0000-0000-0000-000000000000, DataGUID: 7f8604e6-0000-0000-0000-000000000000"
26.09.2024 04:46:53.600: Cmp=CmpApp, C=1, E=0, M="User: '1', App Download successful [Application], create bootproject: 1"
26.09.2024 04:46:53.600: Cmp=CmpApp, C=1, E=0, M="User: '1', App CodeGUID: 81817905-0000-0000-0000-000000000000, DataGUID: 7f8604e6-0000-0000-0000-000000000000"
26.09.2024 04:46:53.702: Cmp=CmpApp, C=1, E=0, M="User: '1', App Download successful [Application], create bootproject: 1"
26.09.2024 04:46:53.702: Cmp=CmpApp, C=1, E=0, M="User: '1', App CodeGUID: 81817905-0000-0000-0000-000000000000, DataGUID: 7f8604e6-0000-0000-0000-000000000000"
26.09.2024 04:46:53.785: Cmp=CmpApp, C=1, E=0, M="User: '1', App Download successful [Application], create bootproject: 1"
26.09.2024 04:46:53.785: Cmp=CmpApp, C=1, E=0, M="User: '1', App CodeGUID: 81817905-0000-0000-0000-000000000000, DataGUID: 7f8604e6-0000-0000-0000-000000000000"
26.09.2024 04:46:53.863: Cmp=CmpApp, C=1, E=0, M="User: '1', App Download successful [Application], create bootproject: 1"
26.09.2024 04:46:53.863: Cmp=CmpApp, C=1, E=0, M="User: '1', App CodeGUID: 81817905-0000-0000-0000-000000000000, DataGUID: 7f8604e6-0000-0000-0000-000000000000"
26.09.2024 04:46:53.942: Cmp=CmpApp, C=1, E=0, M="User: '1', App Download successful [Application], create bootproject: 1"
26.09.2024 04:46:53.942: Cmp=CmpApp, C=1, E=0, M="User: '1', App CodeGUID: 81817905-0000-0000-0000-000000000000, DataGUID: 7f8604e6-0000-0000-0000-000000000000"
26.09.2024 04:46:54.021: Cmp=CmpApp, C=1, E=0, M="User: '1', App Download successful [Application], create bootproject: 1"
26.09.2024 04:46:54.021: Cmp=CmpApp, C=1, E=0, M="User: '1', App CodeGUID: 81817905-0000-0000-0000-000000000000, DataGUID: 7f8604e6-0000-0000-0000-000000000000"
26.09.2024 04:46:54.114: Cmp=CmpApp, C=1, E=0, M="User: '1', App Download successful [Application], create bootproject: 1"
26.09.2024 04:46:54.114: Cmp=CmpApp, C=1, E=0, M="User: '1', App CodeGUID: 81817905-0000-0000-0000-000000000000, DataGUID: 7f8604e6-0000-0000-0000-000000000000"
26.09.2024 04:46:59.730: Cmp=CmpApp, C=1, E=0, M="User: '1', App Download successful [Application], create bootproject: 1"
26.09.2024 04:46:59.730: Cmp=CmpApp, C=1, E=0, M="User: '1', App CodeGUID: 81817905-0000-0000-0000-000000000000, DataGUID: 7f8604e6-0000-0000-0000-000000000000"
26.09.2024 04:47:04.082: Cmp=CmpApp, C=1, E=0, M="User: '1', App Start successful"
26.09.2024 04:49:10.522: Cmp=CmpUserMgr, C=1, E=0, M="User: '1', Logout (0)"
26.09.2024 04:49:18.966: Cmp=CmpUserMgr, C=1, E=0, M="User: '1', Login (1)"
26.09.2024 04:49:46.414: Cmp=CmpUserMgr, C=1, E=0, M="User: '1', Logout (0)"
26.09.2024 05:30:27.827: Cmp=CmpUserMgr, C=1, E=0, M="User: '1', Login (1)"
26.09.2024 05:30:27.990: Cmp=CmpUserMgr, C=1, E=0, M="User: '1', Logout (0)"
26.09.2024 05:30:32.888: Cmp=CmpUserMgr, C=1, E=0, M="User: '1', Login (1)"
26.09.2024 05:36:50.601: Cmp=CmpUserMgr, C=1, E=0, M="User: '1', Logout (0)"
26.09.2024 05:37:25.048: Cmp=CmpUserMgr, C=1, E=0, M="User: '1', Login (1)"
26.09.2024 05:38:19.931: Cmp=CmpApp, C=1, E=0, M="User: '1', App OnlineChange successful [Application], create bootproject: 0"
26.09.2024 05:38:19.931: Cmp=CmpApp, C=1, E=0, M="User: '1', App CodeGUID: 6cca7eb6-0000-0000-0000-000000000000, DataGUID: 7f8604e6-0000-0000-0000-000000000000"
26.09.2024 05:38:20.009: Cmp=CmpApp, C=1, E=0, M="User: '1', App OnlineChange successful [Application], create bootproject: 0"
26.09.2024 05:38:20.009: Cmp=CmpApp, C=1, E=0, M="User: '1', App CodeGUID: 6cca7eb6-0000-0000-0000-000000000000, DataGUID: 7f8604e6-0000-0000-0000-000000000000"
26.09.2024 05:38:26.488: Cmp=CmpApp, C=1, E=0, M="User: '1', App OnlineChange successful [Application], create bootproject: 0"
26.09.2024 05:38:26.488: Cmp=CmpApp, C=1, E=0, M="User: '1', App CodeGUID: 6cca7eb6-0000-0000-0000-000000000000, DataGUID: 7f8604e6-0000-0000-0000-000000000000"
26.09.2024 05:38:30.914: Cmp=CmpApp, C=1, E=0, M="User: '1', App Create boot project successful"
26.09.2024 05:38:31.347: Cmp=CmpApp, C=1, E=0, M="User: '1', App Create boot project successful"
26.09.2024 05:38:31.446: Cmp=CmpApp, C=1, E=0, M="User: '1', App Create boot project successful"
26.09.2024 05:38:31.579: Cmp=CmpApp, C=1, E=0, M="User: '1', App Create boot project successful"
26.09.2024 05:38:32.956: Cmp=CmpApp, C=1, E=0, M="User: '1', App Create boot project successful"
26.09.2024 05:45:35.926: Cmp=CmpUserMgr, C=1, E=0, M="User: '1', Logout (0)"
26.09.2024 05:46:16.134: Cmp=CmpUserMgr, C=1, E=0, M="User: '1', Login (1)"
26.09.2024 05:46:46.436: Cmp=CmpApp, C=1, E=0, M="User: '1', App OnlineChange successful [Application], create bootproject: 0"
26.09.2024 05:46:46.436: Cmp=CmpApp, C=1, E=0, M="User: '1', App CodeGUID: eb7395f7-0000-0000-0000-000000000000, DataGUID: 7f8604e6-0000-0000-0000-000000000000"
26.09.2024 05:46:50.435: Cmp=CmpApp, C=1, E=0, M="User: '1', App Create boot project successful"
26.09.2024 05:46:50.606: Cmp=CmpApp, C=1, E=0, M="User: '1', App Create boot project successful"
26.09.2024 05:46:50.693: Cmp=CmpApp, C=1, E=0, M="User: '1', App Create boot project successful"
26.09.2024 05:46:50.798: Cmp=CmpApp, C=1, E=0, M="User: '1', App Create boot project successful"
26.09.2024 05:46:51.981: Cmp=CmpApp, C=1, E=0, M="User: '1', App Create boot project successful"
26.09.2024 05:47:45.068: Cmp=CmpUserMgr, C=1, E=0, M="User: '1', Logout (0)"
26.09.2024 05:50:42.681: Cmp=CmpUserMgr, C=1, E=0, M="User: '1', Login (1)"
26.09.2024 05:50:42.708: Cmp=CmpUserMgr, C=1, E=0, M="User: '1', Logout (0)"
26.09.2024 05:50:46.973: Cmp=CmpUserMgr, C=1, E=0, M="User: '1', Login (1)"
26.09.2024 05:50:46.989: Cmp=CmpUserMgr, C=1, E=0, M="User: '1', Logout (0)"
26.09.2024 05:51:40.200: Cmp=CmpUserMgr, C=1, E=0, M="User: '1', Login (1)"
26.09.2024 05:52:20.118: Cmp=CmpApp, C=1, E=0, M="User: '1', App OnlineChange successful [Application], create bootproject: 0"
26.09.2024 05:52:20.118: Cmp=CmpApp, C=1, E=0, M="User: '1', App CodeGUID: 077e93f5-0000-0000-0000-000000000000, DataGUID: 7f8604e6-0000-0000-0000-000000000000"
26.09.2024 05:52:20.301: Cmp=CmpApp, C=1, E=0, M="User: '1', App OnlineChange successful [Application], create bootproject: 0"
26.09.2024 05:52:20.301: Cmp=CmpApp, C=1, E=0, M="User: '1', App CodeGUID: 077e93f5-0000-0000-0000-000000000000, DataGUID: 7f8604e6-0000-0000-0000-000000000000"
26.09.2024 05:52:25.869: Cmp=CmpApp, C=1, E=0, M="User: '1', App OnlineChange successful [Application], create bootproject: 0"
26.09.2024 05:52:25.869: Cmp=CmpApp, C=1, E=0, M="User: '1', App CodeGUID: 077e93f5-0000-0000-0000-000000000000, DataGUID: 7f8604e6-0000-0000-0000-000000000000"
26.09.2024 05:52:29.876: 
-------------------------------------------------------------------------------------
----- CLOSED BY SIZE 99779/100000
-------------------------------------------------------------------------------------
