Cmp=IECVisualization, C=1, E=0, M="Visuinitialization done."
03.10.2024 06:44:36.500: Cmp=IECVisualization, C=1, E=0, M="Visu_PRG: Creating Client for Extern-ID: 1423"
03.10.2024 06:44:36.521: Cmp=IECVisualization, C=1, E=0, M="Visu_PRG: Creating Client successful for Extern-ID: 1423 Returned IEC-ID: 0"
03.10.2024 06:44:36.521: Cmp=IECVisualization, C=16, E=0, M="Visu_PRG: Address of client with IEC-ID 0 : 256654360"
03.10.2024 06:45:14.278: Cmp=PsRedundancy_OS, C=1, E=0, M="Mode changed: ACTIVE->ACTIVE_ACTIVE_TO_STANDALONE (No connection)"
03.10.2024 06:45:14.398: Cmp=PsRedundancy_OS, C=1, E=0, M="Mode changed: ACTIVE_ACTIVE_TO_STANDALONE->ACTIVE_STANDALONE (No connection)"
03.10.2024 06:45:25.378: Cmp=CmpChannelServer, C=16, E=0, M="Channel <channelid>40480</channelid> closed by request, <error>0</error>"
03.10.2024 06:45:46.094: Cmp=PsRedundancy_OS, C=1, E=0, M="Mode changed: ACTIVE_STANDALONE->ACTIVE (Connection is back)"
03.10.2024 06:45:53.103: Cmp=CmpChannelServer, C=16, E=0, M="Channel <channelid>2224</channelid> connected"
03.10.2024 06:45:56.782: Cmp=PsRedundancy_OS, C=1, E=0, M="etc/runtime.cfg DOWNLOAD Begin"
03.10.2024 06:45:56.897: Cmp=PsRedundancy_OS, C=1, E=0, M="etc/runtime.cfg DOWNLOAD End"
03.10.2024 06:45:58.206: Cmp=PsRedundancy_OS, C=1, E=0, M="Mode changed: ACTIVE->ACTIVE_ACTIVE_TO_STANDALONE (No connection)"
03.10.2024 06:45:58.326: Cmp=PsRedundancy_OS, C=1, E=0, M="Mode changed: ACTIVE_ACTIVE_TO_STANDALONE->ACTIVE_STANDALONE (No connection)"
03.10.2024 06:46:18.504: Cmp=PsRedundancy_OS, C=1, E=0, M="Mode changed: ACTIVE_STANDALONE->ACTIVE (Connection is back)"
03.10.2024 06:50:54.674: Cmp=CmpChannelServer, C=16, E=0, M="Channel <channelid>2224</channelid> closed by request, <error>0</error>"
03.10.2024 07:52:08.714: Cmp=PsRedundancy_OS, C=1, E=0, M="Mode changed: ACTIVE->ACTIVE_ACTIVE_TO_STANDALONE (No connection)"
03.10.2024 07:52:08.834: Cmp=PsRedundancy_OS, C=1, E=0, M="Mode changed: ACTIVE_ACTIVE_TO_STANDALONE->ACTIVE_STANDALONE (No connection)"
03.10.2024 07:52:13.889: Cmp=PsRedundancy_OS, C=1, E=0, M="Mode changed: ACTIVE_STANDALONE->ACTIVE (Connection is back)"
03.10.2024 07:52:13.906: Cmp=PsRedundancy_OS, C=1, E=0, M="Mode changed: ACTIVE->ACTIVE_ACTIVE_TO_STANDALONE (No connection)"
03.10.2024 07:52:14.026: Cmp=PsRedundancy_OS, C=1, E=0, M="Mode changed: ACTIVE_ACTIVE_TO_STANDALONE->ACTIVE_STANDALONE (No connection)"
03.10.2024 07:52:18.918: Cmp=PsRedundancy_OS, C=1, E=0, M="Mode changed: ACTIVE_STANDALONE->ACTIVE (Connection is back)"
03.10.2024 07:52:18.935: Cmp=PsRedundancy_OS, C=1, E=0, M="Mode changed: ACTIVE->ACTIVE_ACTIVE_TO_STANDALONE (No connection)"
03.10.2024 07:52:19.055: Cmp=PsRedundancy_OS, C=1, E=0, M="Mode changed: ACTIVE_ACTIVE_TO_STANDALONE->ACTIVE_STANDALONE (No connection)"
03.10.2024 07:52:23.943: Cmp=PsRedundancy_OS, C=1, E=0, M="Mode changed: ACTIVE_STANDALONE->ACTIVE (Connection is back)"
03.10.2024 07:54:12.025: Cmp=PsRedundancy_OS, C=1, E=0, M="Mode changed: ACTIVE->ACTIVE_ACTIVE_TO_STANDALONE (No connection)"
03.10.2024 07:54:12.145: Cmp=PsRedundancy_OS, C=1, E=0, M="Mode changed: ACTIVE_ACTIVE_TO_STANDALONE->ACTIVE_STANDALONE (No connection)"
03.10.2024 07:54:17.326: Cmp=PsRedundancy_OS, C=1, E=0, M="Mode changed: ACTIVE_STANDALONE->ACTIVE (Connection is back)"
03.10.2024 07:54:17.344: Cmp=PsRedundancy_OS, C=1, E=0, M="Mode changed: ACTIVE->ACTIVE_ACTIVE_TO_STANDALONE (No connection)"
03.10.2024 07:54:17.464: Cmp=PsRedundancy_OS, C=1, E=0, M="Mode changed: ACTIVE_ACTIVE_TO_STANDALONE->ACTIVE_STANDALONE (No connection)"
03.10.2024 07:54:22.351: Cmp=PsRedundancy_OS, C=1, E=0, M="Mode changed: ACTIVE_STANDALONE->ACTIVE (Connection is back)"
03.10.2024 07:54:33.960: Cmp=PsRedundancy_OS, C=1, E=0, M="Mode changed: ACTIVE->ACTIVE_ACTIVE_TO_STANDALONE (No connection)"
03.10.2024 07:54:34.080: Cmp=PsRedundancy_OS, C=1, E=0, M="Mode changed: ACTIVE_ACTIVE_TO_STANDALONE->ACTIVE_STANDALONE (No connection)"
03.10.2024 07:55:09.875: Cmp=PsRedundancy_OS, C=1, E=0, M="Mode changed: ACTIVE_STANDALONE->ACTIVE (Connection is back)"
03.10.2024 07:57:19.475: Cmp=CmpChannelServer, C=16, E=0, M="Channel <channelid>48640</channelid> connected"
03.10.2024 07:57:28.290: Cmp=CmpChannelServer, C=16, E=0, M="Channel <channelid>48640</channelid> closed by request, <error>0</error>"
03.10.2024 07:57:29.504: Cmp=CmpChannelServer, C=16, E=0, M="Channel <channelid>9376</channelid> connected"
03.10.2024 07:57:32.569: Cmp=CmpChannelServer, C=16, E=0, M="Channel <channelid>9376</channelid> closed by request, <error>0</error>"
03.10.2024 07:57:36.536: Cmp=CmpChannelServer, C=16, E=0, M="Channel <channelid>18992</channelid> connected"
03.10.2024 07:57:39.789: Cmp=PsRedundancy_OS, C=1, E=0, M="etc/runtime.cfg DOWNLOAD Begin"
03.10.2024 07:57:39.941: Cmp=PsRedundancy_OS, C=1, E=0, M="etc/runtime.cfg DOWNLOAD End"
03.10.2024 07:58:15.104: Cmp=CmpChannelServer, C=16, E=0, M="Channel <channelid>18992</channelid> closed by request, <error>0</error>"
03.10.2024 07:58:19.303: Cmp=CmpChannelServer, C=16, E=0, M="Channel <channelid>29472</channelid> connected"
03.10.2024 07:58:22.617: Cmp=PsRedundancy_OS, C=1, E=0, M="etc/runtime.cfg DOWNLOAD Begin"
03.10.2024 07:58:22.712: Cmp=PsRedundancy_OS, C=1, E=0, M="etc/runtime.cfg DOWNLOAD End"
03.10.2024 07:58:46.679: Cmp=CmpChannelServer, C=16, E=0, M="Channel <channelid>29472</channelid> closed by request, <error>0</error>"
03.10.2024 08:05:57.010: Cmp=CmpChannelServer, C=16, E=0, M="Channel <channelid>11328</channelid> connected"
03.10.2024 08:06:00.336: Cmp=PsRedundancy_OS, C=1, E=0, M="etc/runtime.cfg DOWNLOAD Begin"
03.10.2024 08:06:00.438: Cmp=PsRedundancy_OS, C=1, E=0, M="etc/runtime.cfg DOWNLOAD End"
03.10.2024 08:06:35.961: Cmp=PsRedundancy_OS, C=1, E=0, M="Mode changed: ACTIVE->ACTIVE_SWITCH_TO_STANBY (Application stopping)"
03.10.2024 08:06:35.976: Cmp=PsRedundancy_OS, C=1, E=0, M="Mode changed: ACTIVE_SWITCH_TO_STANBY->STANDBY (Switch to standby)"
03.10.2024 08:06:35.976: Cmp=PsRedundancy_OS, C=1, E=0, M="Mode changed: STANDBY->TASK_SYNC (Application not running)"
03.10.2024 08:06:36.203: Cmp=PsRedundancy_OS, C=1, E=0, M="RED_EVNT_APP_STOP_DONE"
03.10.2024 08:06:36.203: Cmp=PsIoDrvModbusTcpSlave_OS, C=16, E=0, M="Stop (delete)"
03.10.2024 08:06:36.206: Cmp=PsIoDrvModbusSerialSlave_OS, C=16, E=0, M="Stop Done (delete)"
03.10.2024 08:06:36.206: Cmp=PsIoDrvModbusSerialMaster_OS, C=16, E=0, M="Stop (delete)"
03.10.2024 08:06:36.206: Cmp=PsLed, C=1, E=0, M="Stop application done(DELETE)"
03.10.2024 08:06:37.163: Cmp=PsIoDrvModbusTcpMaster_OS, C=16, E=0, M="Update Configuration"
03.10.2024 08:06:37.163: Cmp=PsIoDrvModbusTcpSlave_OS, C=16, E=0, M="Update Configuration"
03.10.2024 08:06:37.163: Cmp=PsIoDrvModbusSerialSlave_OS, C=16, E=0, M="MdbSerialSlave_OS: UpdateConfiguration"
03.10.2024 08:06:37.163: Cmp=PsIoDrvModbusSerialMaster_OS, C=16, E=0, M="MdbSerialMstr_OS: UpdateConfiguration"
03.10.2024 08:06:37.167: Cmp=PsRedundancy_OS, C=1, E=0, M="library_fb_exit"
03.10.2024 08:06:37.167: Cmp=PsRedundancy_OS, C=1, E=0, M="ClearDataTree() start"
03.10.2024 08:06:37.168: Cmp=PsRedundancy_OS, C=1, E=0, M="Mode changed: TASK_SYNC->APPLICATION_DELETED (Application not exist)"
03.10.2024 08:06:37.168: Cmp=PsRedundancy_OS, C=1, E=0, M="Mode changed: APPLICATION_DELETED->WAIT_VALID_LOCAL_APPLICATION (Reset application)"
03.10.2024 08:06:37.168: Cmp=PsRedundancy_OS, C=1, E=0, M="ClearDataTree() done"
03.10.2024 08:06:37.168: Cmp=PsRedundancy_OS, C=1, E=0, M="ClearDataTree() start"
03.10.2024 08:06:37.168: Cmp=PsRedundancy_OS, C=1, E=0, M="ClearDataTree() done"
03.10.2024 08:06:37.183: Cmp=CM, C=16, E=0, M="[UNLOADED] IEC|Dynamic: <cmp>IecVarAccess</cmp>, <id>0x00001007</id> <ver>3.5.3.64</ver>"
03.10.2024 08:06:37.183: Cmp=CM, C=16, E=0, M="[UNLOADED] IEC|Dynamic: <cmp>IoDrvPsRegulBus_OS</cmp>, <id>0x109b502d</id> <ver>0.0.0.1</ver>"
03.10.2024 08:06:37.183: Cmp=CM, C=16, E=0, M="[UNLOADED] IEC|Dynamic: <cmp>PsRegulBus_OS</cmp>, <id>0x109b2027</id> <ver>0.0.0.1</ver>"
03.10.2024 08:06:37.183: Cmp=CM, C=16, E=0, M="[UNLOADED] IEC|Dynamic: <cmp>AlarmMgr</cmp>, <id>0x00001012</id> <ver>4.1.0.0</ver>"
03.10.2024 08:06:37.184: Cmp=IEC=0x00001012, C=16, E=0, M="Unregistering callback function for service GetCount"
03.10.2024 08:06:37.184: Cmp=IEC=0x00001012, C=16, E=0, M="Unregistering callback function for service GetAlarms"
03.10.2024 08:06:37.184: Cmp=IEC=0x00001012, C=16, E=0, M="Unregistering callback function for service HandleService"
03.10.2024 08:06:37.184: Cmp=IEC=0x00001012, C=16, E=0, M="Unregistering callback function for service channel closed"
03.10.2024 08:06:37.924: Cmp=CM, C=16, E=0, M="[UNLOADED] IEC|Dynamic: <cmp>IECVisualization</cmp>, <id>0x0000100c</id> <ver>4.1.0.0</ver>"
03.10.2024 08:06:38.007: Cmp=PsRedundancy_OS, C=1, E=0, M="etc/runtime.cfg DOWNLOAD Begin"
03.10.2024 08:06:38.050: Cmp=PsRedundancy_OS, C=1, E=0, M="etc/runtime.cfg DOWNLOAD End"
03.10.2024 08:06:41.677: Cmp=CM, C=16, E=0, M="IEC|Dynamic: <cmp>IECVisualization</cmp>, <id>0x0000100c</id> <ver>4.1.0.0</ver>"
03.10.2024 08:06:41.699: Cmp=IEC=0x00001012, C=16, E=0, M="Registering callback function for service GetCount"
03.10.2024 08:06:41.700: Cmp=IEC=0x00001012, C=16, E=0, M="Registering callback function for service GetAlarms"
03.10.2024 08:06:41.700: Cmp=IEC=0x00001012, C=16, E=0, M="Registering callback function for service HandleService"
03.10.2024 08:06:41.700: Cmp=IEC=0x00001012, C=16, E=0, M="Registering callback function for service channel closed"
03.10.2024 08:06:41.700: Cmp=CM, C=16, E=0, M="IEC|Dynamic: <cmp>AlarmMgr</cmp>, <id>0x00001012</id> <ver>4.1.0.0</ver>"
03.10.2024 08:06:41.813: Cmp=CM, C=16, E=0, M="IEC|Dynamic: <cmp>PsRegulBus_OS</cmp>, <id>0x109b2027</id> <ver>0.0.0.1</ver>"
03.10.2024 08:06:41.813: Cmp=CM, C=16, E=0, M="IEC|Dynamic: <cmp>IoDrvPsRegulBus_OS</cmp>, <id>0x109b502d</id> <ver>0.0.0.1</ver>"
03.10.2024 08:06:41.841: Cmp=PsRedundancy_OS, C=1, E=0, M="library_fb_init"
03.10.2024 08:06:41.842: Cmp=PsRedundancy_OS, C=1, E=0, M="InitVariables() cnt = 2552"
03.10.2024 08:06:41.842: Cmp=CM, C=16, E=0, M="IEC|Dynamic: <cmp>IecVarAccess</cmp>, <id>0x00001007</id> <ver>3.5.3.64</ver>"
03.10.2024 08:06:41.842: Cmp=PsIoDrvModbusTcpSlave_OS, C=1, E=0, M="Modbus TCP Slave iec-library initialized"
03.10.2024 08:06:41.843: Cmp=IoDrvPsRegulBus_OS, C=16, E=1, M="Activate ESD on Exception = TRUE"
03.10.2024 08:06:41.843: Cmp=IoDrvPsRegulBus_OS, C=16, E=1, M="Activate ESD on STOP = FALSE"
03.10.2024 08:06:41.904: Cmp=PsIoDrvModbusTcpMaster_OS, C=16, E=0, M="Update Configuration"
03.10.2024 08:06:41.904: Cmp=PsIoDrvModbusTcpSlave_OS, C=16, E=0, M="Update Configuration"
03.10.2024 08:06:41.904: Cmp=PsIoDrvModbusTcpSlave_OS, C=16, E=0, M="ID_INSTANCE_NAME = Modbus_TCP_Slave_OS"
03.10.2024 08:06:41.904: Cmp=PsIoDrvModbusTcpSlave_OS, C=16, E=0, M="ID_DEBUG = false"
03.10.2024 08:06:41.904: Cmp=PsIoDrvModbusTcpSlave_OS, C=16, E=0, M="ID_TCP_PORT = 502"
03.10.2024 08:06:41.904: Cmp=PsIoDrvModbusTcpSlave_OS, C=16, E=0, M="ID_STOP_BEHAVIOUR = 0x0000"
03.10.2024 08:06:41.904: Cmp=PsIoDrvModbusTcpSlave_OS, C=16, E=0, M="ID_PARAMETER_ID_START = 20000"
03.10.2024 08:06:41.904: Cmp=PsIoDrvModbusTcpSlave_OS, C=16, E=0, M="ID_MAX_CHANNEL_CNT = 262144"
03.10.2024 08:06:41.904: Cmp=PsIoDrvModbusTcpSlave_OS, C=16, E=0, M="ID_MAX_USED_CHANNEL_CNT = 20002"
03.10.2024 08:06:42.181: Cmp=PsRedundancy_OS, C=1, E=0, M="RED_EVNT_REGULBUS_CONFIG_DONE"
03.10.2024 08:06:42.190: Cmp=PsIoDrvModbusSerialSlave_OS, C=16, E=0, M="MdbSerialSlave_OS: UpdateConfiguration"
03.10.2024 08:06:42.190: Cmp=PsIoDrvModbusSerialMaster_OS, C=16, E=0, M="MdbSerialMstr_OS: UpdateConfiguration"
03.10.2024 08:06:42.190: Cmp=PsIoDrvModbusTcpSlave_OS, C=16, E=0, M="Update Mapping"
03.10.2024 08:06:42.202: Cmp=CmpApp, C=1, E=0, M="Application [<app>Application</app>] loaded via [Download]"
03.10.2024 08:06:42.202: Cmp=PsRedundancy_OS, C=1, E=0, M="RED_EVNT_APP_DOWNLOAD_DONE"
03.10.2024 08:06:42.202: Cmp=PsRedundancy_OS, C=1, E=0, M="UpdateAppTree"
03.10.2024 08:06:42.202: Cmp=PsRedundancy_OS, C=1, E=0, M="Find application Application"
03.10.2024 08:06:42.202: Cmp=PsRedundancy_OS, C=1, E=0, M="Find tasks id = 4"
03.10.2024 08:06:42.202: Cmp=PsRedundancy_OS, C=1, E=0, M="Get task TASK_PLC_PRG OS prio = 23 sync = 0"
03.10.2024 08:06:42.203: Cmp=PsRedundancy_OS, C=1, E=0, M="Tasks count = 1"
03.10.2024 08:06:42.203: Cmp=PsRedundancy_OS, C=1, E=0, M="Vars count = 2552, full size = 7429"
03.10.2024 08:06:42.203: Cmp=PsRedundancy_OS, C=1, E=0, M="Update dhub config"
03.10.2024 08:06:42.209: Cmp=PsRedundancy_OS, C=1, E=0, M="Registered CALL event for task TASK_PLC_PRG on slot 49"
03.10.2024 08:06:42.209: Cmp=PsRedundancy_OS, C=1, E=0, M="Registered AfterReadInput event for task TASK_PLC_PRG on slot 15002"
03.10.2024 08:06:42.209: Cmp=PsRedundancy_OS, C=1, E=0, M="Mode changed: WAIT_VALID_LOCAL_APPLICATION->WAIT_VALID_ENVIRONMENT (Application valid)"
03.10.2024 08:06:42.209: Cmp=PsRedundancy_OS, C=1, E=0, M="Mode changed: WAIT_VALID_ENVIRONMENT->WAIT_VALID_APPLICATION (Key D position is II. Valid environment.)"
03.10.2024 08:06:42.210: Cmp=PsRedundancy_OS, C=1, E=0, M="Mode changed: WAIT_VALID_APPLICATION->COMPARE_APPLICATIONS (Local application valid)"
03.10.2024 08:06:42.210: Cmp=PsRedundancy_OS, C=1, E=0, M="Mode changed: COMPARE_APPLICATIONS->DELETE_REMOTE_APPLICATION (Local application is newest)"
03.10.2024 08:06:43.357: Cmp=PsRedundancy_OS, C=1, E=0, M="Mode changed: DELETE_REMOTE_APPLICATION->WAIT_VALID_APPLICATION (Remote application not exist)"
03.10.2024 08:06:43.357: Cmp=PsRedundancy_OS, C=1, E=0, M="Mode changed: WAIT_VALID_APPLICATION->COMPARE_APPLICATIONS (Local application valid)"
03.10.2024 08:06:43.358: Cmp=PsRedundancy_OS, C=1, E=0, M="Mode changed: COMPARE_APPLICATIONS->TIME_SYNC (Remote application not exist)"
03.10.2024 08:06:43.358: Cmp=PsRedundancy_OS, C=1, E=0, M="Mode changed: TIME_SYNC->CONFIG_SYNC (Time synchronization done)"
03.10.2024 08:06:43.358: Cmp=PsRedundancy_OS, C=1, E=0, M="Mode changed: CONFIG_SYNC->TASK_SYNC (Config synchronization done)"
03.10.2024 08:06:46.620: Cmp=PsPlcInfo, C=1, E=0, M="CreateBootprojectDone: name=Application.app crc=0x7aa4f0c0 size=5328432"
03.10.2024 08:06:46.949: Cmp=PsRedundancy_OS, C=1, E=0, M="$PlcLogic$/$alarms$/Application.alarmstorage.1.sqlite.metadata DOWNLOAD Begin"
03.10.2024 08:06:47.158: Cmp=PsRedundancy_OS, C=1, E=0, M="$PlcLogic$/$alarms$/Application.alarmstorage.1.sqlite.metadata DOWNLOAD End"
03.10.2024 08:06:47.285: Cmp=PsRedundancy_OS, C=1, E=0, M="$PlcLogic$/$alarms$/Application.AlarmConfiguration.xml UPLOAD Begin"
03.10.2024 08:06:47.286: Cmp=CmpFileTransfer, C=16, E=0, M=">>>Filetransfer start: $PlcLogic$/$alarms$/Application.AlarmConfiguration.xml"
03.10.2024 08:06:47.342: Cmp=CmpFileTransfer, C=16, E=0, M="<<<Filetransfer end: $PlcLogic$/$alarms$/Application.AlarmConfiguration.xml"
03.10.2024 08:06:47.342: Cmp=PsRedundancy_OS, C=1, E=0, M="$PlcLogic$/$alarms$/Application.AlarmConfiguration.xml UPLOAD End"
03.10.2024 08:06:47.490: Cmp=PsRedundancy_OS, C=1, E=0, M="$PlcLogic$/$visu$/globaltextlist.txt UPLOAD Begin"
03.10.2024 08:06:47.493: Cmp=CmpFileTransfer, C=16, E=0, M=">>>Filetransfer start: $PlcLogic$/$visu$/globaltextlist.txt"
03.10.2024 08:06:47.539: Cmp=CmpFileTransfer, C=16, E=0, M="<<<Filetransfer end: $PlcLogic$/$visu$/globaltextlist.txt"
03.10.2024 08:06:47.539: Cmp=PsRedundancy_OS, C=1, E=0, M="$PlcLogic$/$visu$/globaltextlist.txt UPLOAD End"
03.10.2024 08:06:47.694: Cmp=PsRedundancy_OS, C=1, E=0, M="$PlcLogic$/$visu$/element-lamp-lamp1-green-off.png UPLOAD Begin"
03.10.2024 08:06:47.695: Cmp=CmpFileTransfer, C=16, E=0, M=">>>Filetransfer start: $PlcLogic$/$visu$/element-lamp-lamp1-green-off.png"
03.10.2024 08:06:47.738: Cmp=CmpFileTransfer, C=16, E=0, M="<<<Filetransfer end: $PlcLogic$/$visu$/element-lamp-lamp1-green-off.png"
03.10.2024 08:06:47.738: Cmp=PsRedundancy_OS, C=1, E=0, M="$PlcLogic$/$visu$/element-lamp-lamp1-green-off.png UPLOAD End"
03.10.2024 08:06:47.755: Cmp=PsRedundancy_OS, C=1, E=0, M="$PlcLogic$/$visu$/element-lamp-lamp1-green-on.png UPLOAD Begin"
03.10.2024 08:06:47.756: Cmp=CmpFileTransfer, C=16, E=0, M=">>>Filetransfer start: $PlcLogic$/$visu$/element-lamp-lamp1-green-on.png"
03.10.2024 08:06:47.806: Cmp=CmpFileTransfer, C=16, E=0, M="<<<Filetransfer end: $PlcLogic$/$visu$/element-lamp-lamp1-green-on.png"
03.10.2024 08:06:47.806: Cmp=PsRedundancy_OS, C=1, E=0, M="$PlcLogic$/$visu$/element-lamp-lamp1-green-on.png UPLOAD End"
03.10.2024 08:06:51.156: Cmp=PsRedundancy_OS, C=1, E=0, M="RED_EVNT_APP_PREP_START"
03.10.2024 08:06:51.157: Cmp=PsRedundancy_OS, C=1, E=0, M="Mode changed: TASK_SYNC->STANDBY (Stable sync)"
03.10.2024 08:06:51.157: Cmp=PsRedundancy_OS, C=1, E=0, M="Mode changed: STANDBY->ACTIVE (Other Cpu not ACTIVE)"
03.10.2024 08:06:51.157: Cmp=PsIoDrvModbusTcpSlave_OS, C=16, E=0, M="Start Done"
03.10.2024 08:06:51.157: Cmp=PsLed, C=1, E=0, M="Start application done"
03.10.2024 08:06:51.170: Cmp=IECVisualization, C=1, E=0, M="Visuinitialization starting."
03.10.2024 08:06:51.305: Cmp=AlarmMgr, C=1, E=0, M="Opened alarm storage file, version: 6"
03.10.2024 08:06:51.325: Cmp=IECVisualization, C=1, E=0, M="Visuinitialization done."
03.10.2024 08:06:51.326: Cmp=IECVisualization, C=1, E=0, M="Visu_PRG: Creating Client for Extern-ID: 1425"
03.10.2024 08:06:51.330: Cmp=IECVisualization, C=1, E=0, M="Visu_PRG: Creating Client successful for Extern-ID: 1425 Returned IEC-ID: 0"
03.10.2024 08:06:51.331: Cmp=IECVisualization, C=16, E=0, M="Visu_PRG: Address of client with IEC-ID 0 : 256654984"
03.10.2024 08:07:29.299: Cmp=PsRedundancy_OS, C=1, E=0, M="Mode changed: ACTIVE->ACTIVE_ACTIVE_TO_STANDALONE (No connection)"
03.10.2024 08:07:29.419: Cmp=PsRedundancy_OS, C=1, E=0, M="Mode changed: ACTIVE_ACTIVE_TO_STANDALONE->ACTIVE_STANDALONE (No connection)"
03.10.2024 08:07:54.672: Cmp=PsRedundancy_OS, C=1, E=0, M="Mode changed: ACTIVE_STANDALONE->ACTIVE (Connection is back)"
03.10.2024 08:22:21.395: Cmp=PsRedundancy_OS, C=1, E=0, M="etc/ntp.conf DOWNLOAD Begin"
03.10.2024 08:22:21.416: Cmp=PsRedundancy_OS, C=1, E=0, M="etc/ntp.conf DOWNLOAD End"
03.10.2024 08:22:33.939: Cmp=PsRedundancy_OS, C=1, E=0, M="etc/ntp.conf UPLOAD Begin"
03.10.2024 08:22:33.939: Cmp=CmpFileTransfer, C=16, E=0, M=">>>Filetransfer start: etc/ntp.conf"
03.10.2024 08:22:33.974: Cmp=CmpFileTransfer, C=16, E=0, M="<<<Filetransfer end: etc/ntp.conf"
03.10.2024 08:22:33.974: Cmp=PsRedundancy_OS, C=1, E=0, M="etc/ntp.conf UPLOAD End"
03.10.2024 08:23:37.065: Cmp=PsRedundancy_OS, C=1, E=0, M="etc/ntp.conf UPLOAD Begin"
03.10.2024 08:23:37.065: Cmp=CmpFileTransfer, C=16, E=0, M=">>>Filetransfer start: etc/ntp.conf"
03.10.2024 08:23:37.103: Cmp=CmpFileTransfer, C=16, E=0, M="<<<Filetransfer end: etc/ntp.conf"
03.10.2024 08:23:37.103: Cmp=PsRedundancy_OS, C=1, E=0, M="etc/ntp.conf UPLOAD End"
03.10.2024 08:24:29.102: Cmp=PsRedundancy_OS, C=1, E=0, M="etc/ntp.conf UPLOAD Begin"
03.10.2024 08:24:29.103: Cmp=CmpFileTransfer, C=16, E=0, M=">>>Filetransfer start: etc/ntp.conf"
03.10.2024 08:24:29.143: Cmp=CmpFileTransfer, C=16, E=0, M="<<<Filetransfer end: etc/ntp.conf"
03.10.2024 08:24:29.143: Cmp=PsRedundancy_OS, C=1, E=0, M="etc/ntp.conf UPLOAD End"
03.10.2024 08:26:10.502: Cmp=PsRedundancy_OS, C=1, E=0, M="etc/runtime.cfg DOWNLOAD Begin"
03.10.2024 08:26:10.550: Cmp=PsRedundancy_OS, C=1, E=0, M="etc/runtime.cfg DOWNLOAD End"
03.10.2024 08:28:15.751: Cmp=PsRedundancy_OS, C=1, E=0, M="etc/runtime.cfg DOWNLOAD Begin"
03.10.2024 08:28:15.778: Cmp=PsRedundancy_OS, C=1, E=0, M="etc/runtime.cfg DOWNLOAD End"
03.10.2024 08:31:38.047: Cmp=PsRedundancy_OS, C=1, E=0, M="etc/ntp.conf UPLOAD Begin"
03.10.2024 08:31:38.047: Cmp=CmpFileTransfer, C=16, E=0, M=">>>Filetransfer start: etc/ntp.conf"
03.10.2024 08:31:38.082: Cmp=CmpFileTransfer, C=16, E=0, M="<<<Filetransfer end: etc/ntp.conf"
03.10.2024 08:31:38.082: Cmp=PsRedundancy_OS, C=1, E=0, M="etc/ntp.conf UPLOAD End"
03.10.2024 08:33:58.917: Cmp=CmpChannelServer, C=16, E=0, M="Channel <channelid>11328</channelid> closed by request, <error>0</error>"
03.10.2024 09:43:37.321: Cmp=CmpChannelServer, C=16, E=0, M="Channel <channelid>53696</channelid> connected"
03.10.2024 09:43:45.048: Cmp=CmpChannelServer, C=16, E=0, M="Channel <channelid>53696</channelid> closed by request, <error>0</error>"
03.10.2024 09:43:46.256: Cmp=CmpChannelServer, C=16, E=0, M="Channel <channelid>8464</channelid> connected"
03.10.2024 09:43:49.922: Cmp=CmpChannelServer, C=16, E=0, M="Channel <channelid>8464</channelid> closed by request, <error>0</error>"
03.10.2024 09:43:55.757: Cmp=CmpChannelServer, C=16, E=0, M="Channel <channelid>336</channelid> connected"
03.10.2024 09:43:59.286: Cmp=PsRedundancy_OS, C=1, E=0, M="etc/runtime.cfg DOWNLOAD Begin"
03.10.2024 09:43:59.365: Cmp=PsRedundancy_OS, C=1, E=0, M="etc/runtime.cfg DOWNLOAD End"
03.10.2024 09:50:31.557: Cmp=CmpChannelServer, C=16, E=0, M="Channel <channelid>336</channelid> closed by request, <error>0</error>"
03.10.2024 09:52:40.030: Cmp=CmpChannelServer, C=16, E=0, M="Channel <channelid>44864</channelid> connected"
03.10.2024 09:52:43.353: Cmp=PsRedundancy_OS, C=1, E=0, M="etc/runtime.cfg DOWNLOAD Begin"
03.10.2024 09:52:43.461: Cmp=PsRedundancy_OS, C=1, E=0, M="etc/runtime.cfg DOWNLOAD End"
03.10.2024 10:11:06.099: Cmp=CmpChannelServer, C=16, E=0, M="Channel <channelid>44864</channelid> closed by request, <error>0</error>"
03.10.2024 10:26:59.418: Cmp=CmpChannelServer, C=16, E=0, M="Channel <channelid>26688</channelid> connected"
03.10.2024 10:27:08.823: Cmp=CmpChannelServer, C=16, E=0, M="Channel <channelid>26688</channelid> closed by request, <error>0</error>"
03.10.2024 10:27:10.014: Cmp=CmpChannelServer, C=16, E=0, M="Channel <channelid>61056</channelid> connected"
03.10.2024 10:27:13.074: Cmp=CmpChannelServer, C=16, E=0, M="Channel <channelid>61056</channelid> closed by request, <error>0</error>"
03.10.2024 10:27:19.500: Cmp=CmpChannelServer, C=16, E=0, M="Channel <channelid>61984</channelid> connected"
03.10.2024 10:27:22.968: Cmp=PsRedundancy_OS, C=1, E=0, M="etc/runtime.cfg DOWNLOAD Begin"
03.10.2024 10:27:23.001: Cmp=PsRedundancy_OS, C=1, E=0, M="etc/runtime.cfg DOWNLOAD End"
03.10.2024 10:56:52.341: Cmp=CmpChannelServer, C=16, E=0, M="Channel <channelid>61984</channelid> closed by request, <error>0</error>"
03.10.2024 11:11:26.467: Cmp=CmpChannelServer, C=16, E=0, M="Channel <channelid>14032</channelid> connected"
03.10.2024 11:11:35.260: Cmp=CmpChannelServer, C=16, E=0, M="Channel <channelid>14032</channelid> closed by request, <error>0</error>"
03.10.2024 11:11:36.383: Cmp=CmpChannelServer, C=16, E=0, M="Channel <channelid>54816</channelid> connected"
03.10.2024 11:11:39.791: Cmp=CmpChannelServer, C=16, E=0, M="Channel <channelid>54816</channelid> closed by request, <error>0</error>"
03.10.2024 11:11:53.419: Cmp=CmpChannelServer, C=16, E=0, M="Channel <channelid>23264</channelid> connected"
03.10.2024 11:11:56.667: Cmp=PsRedundancy_OS, C=1, E=0, M="etc/runtime.cfg DOWNLOAD Begin"
03.10.2024 11:11:56.856: Cmp=PsRedundancy_OS, C=1, E=0, M="etc/runtime.cfg DOWNLOAD End"
03.10.2024 11:12:26.336: Cmp=PsRedundancy_OS, C=1, E=0, M="Mode changed: ACTIVE->ACTIVE_SWITCH_TO_STANBY (Application stopping)"
03.10.2024 11:12:26.353: Cmp=PsRedundancy_OS, C=1, E=0, M="Mode changed: ACTIVE_SWITCH_TO_STANBY->STANDBY (Switch to standby)"
03.10.2024 11:12:26.353: Cmp=PsRedundancy_OS, C=1, E=0, M="Mode changed: STANDBY->TASK_SYNC (Application not running)"
03.10.2024 11:12:27.161: Cmp=PsRedundancy_OS, C=1, E=0, M="RED_EVNT_APP_STOP_DONE"
03.10.2024 11:12:27.162: Cmp=PsIoDrvModbusTcpSlave_OS, C=16, E=0, M="Stop (delete)"
03.10.2024 11:12:27.166: Cmp=PsIoDrvModbusSerialSlave_OS, C=16, E=0, M="Stop Done (delete)"
03.10.2024 11:12:27.166: Cmp=PsIoDrvModbusSerialMaster_OS, C=16, E=0, M="Stop (delete)"
03.10.2024 11:12:27.167: Cmp=PsLed, C=1, E=0, M="Stop application done(DELETE)"
03.10.2024 11:12:28.050: Cmp=PsIoDrvModbusTcpMaster_OS, C=16, E=0, M="Update Configuration"
03.10.2024 11:12:28.050: Cmp=PsIoDrvModbusTcpSlave_OS, C=16, E=0, M="Update Configuration"
03.10.2024 11:12:28.050: Cmp=PsIoDrvModbusSerialSlave_OS, C=16, E=0, M="MdbSerialSlave_OS: UpdateConfiguration"
03.10.2024 11:12:28.050: Cmp=PsIoDrvModbusSerialMaster_OS, C=16, E=0, M="MdbSerialMstr_OS: UpdateConfiguration"
03.10.2024 11:12:28.054: Cmp=PsRedundancy_OS, C=1, E=0, M="library_fb_exit"
03.10.2024 11:12:28.054: Cmp=PsRedundancy_OS, C=1, E=0, M="ClearDataTree() start"
03.10.2024 11:12:28.055: Cmp=PsRedundancy_OS, C=1, E=0, M="Mode changed: TASK_SYNC->APPLICATION_DELETED (Application not exist)"
03.10.2024 11:12:28.056: Cmp=PsRedundancy_OS, C=1, E=0, M="Mode changed: APPLICATION_DELETED->WAIT_VALID_LOCAL_APPLICATION (Reset application)"
03.10.2024 11:12:28.056: Cmp=PsRedundancy_OS, C=1, E=0, M="ClearDataTree() done"
03.10.2024 11:12:28.056: Cmp=PsRedundancy_OS, C=1, E=0, M="ClearDataTree() start"
03.10.2024 11:12:28.056: Cmp=PsRedundancy_OS, C=1, E=0, M="ClearDataTree() done"
03.10.2024 11:12:28.070: Cmp=CM, C=16, E=0, M="[UNLOADED] IEC|Dynamic: <cmp>IecVarAccess</cmp>, <id>0x00001007</id> <ver>3.5.3.64</ver>"
03.10.2024 11:12:28.070: Cmp=CM, C=16, E=0, M="[UNLOADED] IEC|Dynamic: <cmp>IoDrvPsRegulBus_OS</cmp>, <id>0x109b502d</id> <ver>0.0.0.1</ver>"
03.10.2024 11:12:28.070: Cmp=CM, C=16, E=0, M="[UNLOADED] IEC|Dynamic: <cmp>PsRegulBus_OS</cmp>, <id>0x109b2027</id> <ver>0.0.0.1</ver>"
03.10.2024 11:12:28.070: Cmp=CM, C=16, E=0, M="[UNLOADED] IEC|Dynamic: <cmp>AlarmMgr</cmp>, <id>0x00001012</id> <ver>4.1.0.0</ver>"
03.10.2024 11:12:28.071: Cmp=IEC=0x00001012, C=16, E=0, M="Unregistering callback function for service GetCount"
03.10.2024 11:12:28.071: Cmp=IEC=0x00001012, C=16, E=0, M="Unregistering callback function for service GetAlarms"
03.10.2024 11:12:28.071: Cmp=IEC=0x00001012, C=16, E=0, M="Unregistering callback function for service HandleService"
03.10.2024 11:12:28.071: Cmp=IEC=0x00001012, C=16, E=0, M="Unregistering callback function for service channel closed"
03.10.2024 11:12:28.497: Cmp=CM, C=16, E=0, M="[UNLOADED] IEC|Dynamic: <cmp>IECVisualization</cmp>, <id>0x0000100c</id> <ver>4.1.0.0</ver>"
03.10.2024 11:12:29.512: Cmp=PsRedundancy_OS, C=1, E=0, M="etc/runtime.cfg DOWNLOAD Begin"
03.10.2024 11:12:29.619: Cmp=PsRedundancy_OS, C=1, E=0, M="etc/runtime.cfg DOWNLOAD End"
03.10.2024 11:12:33.594: Cmp=CM, C=16, E=0, M="IEC|Dynamic: <cmp>IECVisualization</cmp>, <id>0x0000100c</id> <ver>4.1.0.0</ver>"
03.10.2024 11:12:33.615: Cmp=IEC=0x00001012, C=16, E=0, M="Registering callback function for service GetCount"
03.10.2024 11:12:33.615: Cmp=IEC=0x00001012, C=16, E=0, M="Registering callback function for service GetAlarms"
03.10.2024 11:12:33.615: Cmp=IEC=0x00001012, C=16, E=0, M="Registering callback function for service HandleService"
03.10.2024 11:12:33.615: Cmp=IEC=0x00001012, C=16, E=0, M="Registering callback function for service channel closed"
03.10.2024 11:12:33.615: Cmp=CM, C=16, E=0, M="IEC|Dynamic: <cmp>AlarmMgr</cmp>, <id>0x00001012</id> <ver>4.1.0.0</ver>"
03.10.2024 11:12:33.728: Cmp=CM, C=16, E=0, M="IEC|Dynamic: <cmp>PsRegulBus_OS</cmp>, <id>0x109b2027</id> <ver>0.0.0.1</ver>"
03.10.2024 11:12:33.728: Cmp=CM, C=16, E=0, M="IEC|Dynamic: <cmp>IoDrvPsRegulBus_OS</cmp>, <id>0x109b502d</id> <ver>0.0.0.1</ver>"
03.10.2024 11:12:33.757: Cmp=PsRedundancy_OS, C=1, E=0, M="library_fb_init"
03.10.2024 11:12:33.758: Cmp=PsRedundancy_OS, C=1, E=0, M="InitVariables() cnt = 2552"
03.10.2024 11:12:33.758: Cmp=CM, C=16, E=0, M="IEC|Dynamic: <cmp>IecVarAccess</cmp>, <id>0x00001007</id> <ver>3.5.3.64</ver>"
03.10.2024 11:12:33.758: Cmp=PsIoDrvModbusTcpSlave_OS, C=1, E=0, M="Modbus TCP Slave iec-library initialized"
03.10.2024 11:12:33.759: Cmp=IoDrvPsRegulBus_OS, C=16, E=1, M="Activate ESD on Exception = TRUE"
03.10.2024 11:12:33.759: Cmp=IoDrvPsRegulBus_OS, C=16, E=1, M="Activate ESD on STOP = FALSE"
03.10.2024 11:12:33.820: Cmp=PsIoDrvModbusTcpMaster_OS, C=16, E=0, M="Update Configuration"
03.10.2024 11:12:33.820: Cmp=PsIoDrvModbusTcpSlave_OS, C=16, E=0, M="Update Configuration"
03.10.2024 11:12:33.820: Cmp=PsIoDrvModbusTcpSlave_OS, C=16, E=0, M="ID_INSTANCE_NAME = Modbus_TCP_Slave_OS"
03.10.2024 11:12:33.820: Cmp=PsIoDrvModbusTcpSlave_OS, C=16, E=0, M="ID_DEBUG = false"
03.10.2024 11:12:33.820: Cmp=PsIoDrvModbusTcpSlave_OS, C=16, E=0, M="ID_TCP_PORT = 502"
03.10.2024 11:12:33.820: Cmp=PsIoDrvModbusTcpSlave_OS, C=16, E=0, M="ID_STOP_BEHAVIOUR = 0x0000"
03.10.2024 11:12:33.820: Cmp=PsIoDrvModbusTcpSlave_OS, C=16, E=0, M="ID_PARAMETER_ID_START = 20000"
03.10.2024 11:12:33.820: Cmp=PsIoDrvModbusTcpSlave_OS, C=16, E=0, M="ID_MAX_CHANNEL_CNT = 262144"
03.10.2024 11:12:33.820: Cmp=PsIoDrvModbusTcpSlave_OS, C=16, E=0, M="ID_MAX_USED_CHANNEL_CNT = 20002"
03.10.2024 11:12:34.096: Cmp=PsRedundancy_OS, C=1, E=0, M="RED_EVNT_REGULBUS_CONFIG_DONE"
03.10.2024 11:12:34.105: Cmp=PsIoDrvModbusSerialSlave_OS, C=16, E=0, M="MdbSerialSlave_OS: UpdateConfiguration"
03.10.2024 11:12:34.105: Cmp=PsIoDrvModbusSerialMaster_OS, C=16, E=0, M="MdbSerialMstr_OS: UpdateConfiguration"
03.10.2024 11:12:34.106: Cmp=PsIoDrvModbusTcpSlave_OS, C=16, E=0, M="Update Mapping"
03.10.2024 11:12:34.117: Cmp=CmpApp, C=1, E=0, M="Application [<app>Application</app>] loaded via [Download]"
03.10.2024 11:12:34.117: Cmp=PsRedundancy_OS, C=1, E=0, M="RED_EVNT_APP_DOWNLOAD_DONE"
03.10.2024 11:12:34.117: Cmp=PsRedundancy_OS, C=1, E=0, M="UpdateAppTree"
03.10.2024 11:12:34.117: Cmp=PsRedundancy_OS, C=1, E=0, M="Find application Application"
03.10.2024 11:12:34.117: Cmp=PsRedundancy_OS, C=1, E=0, M="Find tasks id = 4"
03.10.2024 11:12:34.117: Cmp=PsRedundancy_OS, C=1, E=0, M="Get task TASK_PLC_PRG OS prio = 23 sync = 0"
03.10.2024 11:12:34.118: Cmp=PsRedundancy_OS, C=1, E=0, M="Tasks count = 1"
03.10.2024 11:12:34.118: Cmp=PsRedundancy_OS, C=1, E=0, M="Vars count = 2552, full size = 7429"
03.10.2024 11:12:34.118: Cmp=PsRedundancy_OS, C=1, E=0, M="Update dhub config"
03.10.2024 11:12:34.125: Cmp=PsRedundancy_OS, C=1, E=0, M="Registered CALL event for task TASK_PLC_PRG on slot 49"
03.10.2024 11:12:34.125: Cmp=PsRedundancy_OS, C=1, E=0, M="Registered AfterReadInput event for task TASK_PLC_PRG on slot 15002"
03.10.2024 11:12:34.125: Cmp=PsRedundancy_OS, C=1, E=0, M="Mode changed: WAIT_VALID_LOCAL_APPLICATION->WAIT_VALID_ENVIRONMENT (Application valid)"
03.10.2024 11:12:34.125: Cmp=PsRedundancy_OS, C=1, E=0, M="Mode changed: WAIT_VALID_ENVIRONMENT->WAIT_VALID_APPLICATION (Key D position is II. Valid environment.)"
03.10.2024 11:12:34.126: Cmp=PsRedundancy_OS, C=1, E=0, M="Mode changed: WAIT_VALID_APPLICATION->COMPARE_APPLICATIONS (Local application valid)"
03.10.2024 11:12:34.126: Cmp=PsRedundancy_OS, C=1, E=0, M="Mode changed: COMPARE_APPLICATIONS->DELETE_REMOTE_APPLICATION (Local application is newest)"
03.10.2024 11:12:35.410: Cmp=PsRedundancy_OS, C=1, E=0, M="Mode changed: DELETE_REMOTE_APPLICATION->WAIT_VALID_APPLICATION (Remote application not exist)"
03.10.2024 11:12:35.410: Cmp=PsRedundancy_OS, C=1, E=0, M="Mode changed: WAIT_VALID_APPLICATION->COMPARE_APPLICATIONS (Local application valid)"
03.10.2024 11:12:35.411: Cmp=PsRedundancy_OS, C=1, E=0, M="Mode changed: COMPARE_APPLICATIONS->TIME_SYNC (Remote application not exist)"
03.10.2024 11:12:35.411: Cmp=PsRedundancy_OS, C=1, E=0, M="Mode changed: TIME_SYNC->CONFIG_SYNC (Time synchronization done)"
03.10.2024 11:12:35.411: Cmp=PsRedundancy_OS, C=1, E=0, M="Mode changed: CONFIG_SYNC->TASK_SYNC (Config synchronization done)"
03.10.2024 11:12:38.549: Cmp=PsPlcInfo, C=1, E=0, M="CreateBootprojectDone: name=Application.app crc=0x29f05343 size=5335428"
03.10.2024 11:12:38.736: Cmp=PsRedundancy_OS, C=1, E=0, M="$PlcLogic$/$alarms$/Application.alarmstorage.1.sqlite.metadata DOWNLOAD Begin"
03.10.2024 11:12:38.849: Cmp=PsRedundancy_OS, C=1, E=0, M="$PlcLogic$/$alarms$/Application.alarmstorage.1.sqlite.metadata DOWNLOAD End"
03.10.2024 11:12:38.995: Cmp=PsRedundancy_OS, C=1, E=0, M="$PlcLogic$/$alarms$/Application.AlarmConfiguration.xml UPLOAD Begin"
03.10.2024 11:12:38.995: Cmp=CmpFileTransfer, C=16, E=0, M=">>>Filetransfer start: $PlcLogic$/$alarms$/Application.AlarmConfiguration.xml"
03.10.2024 11:12:39.052: Cmp=CmpFileTransfer, C=16, E=0, M="<<<Filetransfer end: $PlcLogic$/$alarms$/Application.AlarmConfiguration.xml"
03.10.2024 11:12:39.052: Cmp=PsRedundancy_OS, C=1, E=0, M="$PlcLogic$/$alarms$/Application.AlarmConfiguration.xml UPLOAD End"
03.10.2024 11:12:43.137: Cmp=PsRedundancy_OS, C=1, E=0, M="RED_EVNT_APP_PREP_START"
03.10.2024 11:12:43.137: Cmp=PsRedundancy_OS, C=1, E=0, M="Mode changed: TASK_SYNC->STANDBY (Stable sync)"
03.10.2024 11:12:43.137: Cmp=PsRedundancy_OS, C=1, E=0, M="Mode changed: STANDBY->ACTIVE (Other Cpu not ACTIVE)"
03.10.2024 11:12:43.138: Cmp=PsIoDrvModbusTcpSlave_OS, C=16, E=0, M="Start Done"
03.10.2024 11:12:43.138: Cmp=PsLed, C=1, E=0, M="Start application done"
03.10.2024 11:12:43.166: Cmp=AlarmMgr, C=1, E=0, M="Opened alarm storage file, version: 6"
03.10.2024 11:12:43.170: Cmp=IECVisualization, C=1, E=0, M="Visuinitialization starting."
03.10.2024 11:12:43.320: Cmp=IECVisualization, C=1, E=0, M="Visuinitialization done."
03.10.2024 11:12:43.320: Cmp=IECVisualization, C=1, E=0, M="Visu_PRG: Creating Client for Extern-ID: 1427"
03.10.2024 11:12:43.324: Cmp=IECVisualization, C=1, E=0, M="Visu_PRG: Creating Client successful for Extern-ID: 1427 Returned IEC-ID: 0"
03.10.2024 11:12:43.324: Cmp=IECVisualization, C=16, E=0, M="Visu_PRG: Address of client with IEC-ID 0 : 256654984"
03.10.2024 11:13:21.303: Cmp=PsRedundancy_OS, C=1, E=0, M="Mode changed: ACTIVE->ACTIVE_ACTIVE_TO_STANDALONE (No connection)"
03.10.2024 11:13:21.423: Cmp=PsRedundancy_OS, C=1, E=0, M="Mode changed: ACTIVE_ACTIVE_TO_STANDALONE->ACTIVE_STANDALONE (No connection)"
03.10.2024 11:13:48.599: Cmp=PsRedundancy_OS, C=1, E=0, M="Mode changed: ACTIVE_STANDALONE->ACTIVE (Connection is back)"
03.10.2024 11:24:06.283: Cmp=IECVisualization, C=1, E=0, M="Visu_PRG: Creating Client for Extern-ID: 1429"
03.10.2024 11:24:06.283: Cmp=IECVisualization, C=1, E=0, M="LinearMemoryManager created Heap 1 with 400000 bytes."
03.10.2024 11:24:06.287: Cmp=IECVisualization, C=1, E=0, M="Visu_PRG: Creating Client successful for Extern-ID: 1429 Returned IEC-ID: 1"
03.10.2024 11:24:06.289: Cmp=IECVisualization, C=16, E=0, M="Visu_PRG: Address of client with IEC-ID 1 : 256698944"
03.10.2024 11:50:46.464: Cmp=CmpChannelServer, C=16, E=0, M="Channel <channelid>23264</channelid> closed by request, <error>0</error>"
03.10.2024 11:50:46.531: Cmp=IECVisualization, C=1, E=0, M="Visu_PRG: Successfully Removed Client with IEC-ID: 1, Extern-ID: 1429"
03.10.2024 11:51:38.516: Cmp=CmpChannelServer, C=16, E=0, M="Channel <channelid>24768</channelid> connected"
03.10.2024 11:51:42.016: Cmp=PsRedundancy_OS, C=1, E=0, M="etc/runtime.cfg DOWNLOAD Begin"
03.10.2024 11:51:42.047: Cmp=PsRedundancy_OS, C=1, E=0, M="etc/runtime.cfg DOWNLOAD End"
03.10.2024 11:55:40.673: Cmp=CmpChannelServer, C=16, E=0, M="Channel <channelid>24768</channelid> closed by request, <error>0</error>"
03.10.2024 12:10:05.902: Cmp=CmpChannelServer, C=16, E=0, M="Channel <channelid>63920</channelid> connected"
03.10.2024 12:10:09.365: Cmp=PsRedundancy_OS, C=1, E=0, M="etc/runtime.cfg DOWNLOAD Begin"
03.10.2024 12:10:09.398: Cmp=PsRedundancy_OS, C=1, E=0, M="etc/runtime.cfg DOWNLOAD End"
03.10.2024 12:10:20.529: Cmp=PsIoDrvModbusTcpSlave_OS, C=16, E=0, M="Update Mapping"
03.10.2024 12:10:20.529: Cmp=CmpApp, C=1, E=0, M="Application [<app>Application</app>] loaded via [OnlineChange]"
03.10.2024 12:10:20.529: Cmp=PsRedundancy_OS, C=1, E=0, M="RED_EVNT_APP_CHANGE_DONE"
03.10.2024 12:10:20.529: Cmp=PsRedundancy_OS, C=1, E=0, M="ClearDataTree() start"
03.10.2024 12:10:20.530: Cmp=PsRedundancy_OS, C=1, E=0, M="ClearDataTree() done"
03.10.2024 12:10:20.530: Cmp=PsRedundancy_OS, C=1, E=0, M="UpdateAppTree"
03.10.2024 12:10:20.530: Cmp=PsRedundancy_OS, C=1, E=0, M="Find application Application"
03.10.2024 12:10:20.530: Cmp=PsRedundancy_OS, C=1, E=0, M="Find tasks id = 4"
03.10.2024 12:10:20.530: Cmp=PsRedundancy_OS, C=1, E=0, M="Get task TASK_PLC_PRG OS prio = 23 sync = 0"
03.10.2024 12:10:20.530: Cmp=PsRedundancy_OS, C=1, E=0, M="Tasks count = 1"
03.10.2024 12:10:20.531: Cmp=PsRedundancy_OS, C=1, E=0, M="Vars count = 2552, full size = 7429"
03.10.2024 12:10:20.531: Cmp=PsRedundancy_OS, C=1, E=0, M="Update dhub config"
03.10.2024 12:10:20.537: Cmp=PsRedundancy_OS, C=1, E=0, M="Registered CALL event for task TASK_PLC_PRG on slot 49"
03.10.2024 12:10:20.537: Cmp=PsRedundancy_OS, C=1, E=0, M="Registered AfterReadInput event for task TASK_PLC_PRG on slot 15002"
03.10.2024 12:10:31.341: Cmp=PsPlcInfo, C=1, E=0, M="CreateBootprojectDone: name=Application.app crc=0x91f10711 size=5444804"
03.10.2024 12:14:29.985: Cmp=CmpChannelServer, C=16, E=0, M="Channel <channelid>63920</channelid> closed by request, <error>0</error>"
03.10.2024 12:47:26.765: Cmp=CmpChannelServer, C=16, E=0, M="Channel <channelid>46384</channelid> connected"
03.10.2024 12:47:29.828: Cmp=PsRedundancy_OS, C=1, E=0, M="etc/runtime.cfg DOWNLOAD Begin"
03.10.2024 12:47:30.007: Cmp=PsRedundancy_OS, C=1, E=0, M="etc/runtime.cfg DOWNLOAD End"
03.10.2024 12:47:41.093: Cmp=PsIoDrvModbusTcpSlave_OS, C=16, E=0, M="Update Mapping"
03.10.2024 12:47:41.093: Cmp=CmpApp, C=1, E=0, M="Application [<app>Application</app>] loaded via [OnlineChange]"
03.10.2024 12:47:41.093: Cmp=PsRedundancy_OS, C=1, E=0, M="RED_EVNT_APP_CHANGE_DONE"
03.10.2024 12:47:41.093: Cmp=PsRedundancy_OS, C=1, E=0, M="ClearDataTree() start"
03.10.2024 12:47:41.094: Cmp=PsRedundancy_OS, C=1, E=0, M="ClearDataTree() done"
03.10.2024 12:47:41.094: Cmp=PsRedundancy_OS, C=1, E=0, M="UpdateAppTree"
03.10.2024 12:47:41.094: Cmp=PsRedundancy_OS, C=1, E=0, M="Find application Application"
03.10.2024 12:47:41.094: Cmp=PsRedundancy_OS, C=1, E=0, M="Find tasks id = 4"
03.10.2024 12:47:41.094: Cmp=PsRedundancy_OS, C=1, E=0, M="Get task TASK_PLC_PRG OS prio = 23 sync = 0"
03.10.2024 12:47:41.095: Cmp=PsRedundancy_OS, C=1, E=0, M="Tasks count = 1"
03.10.2024 12:47:41.095: Cmp=PsRedundancy_OS, C=1, E=0, M="Vars count = 2552, full size = 7429"
03.10.2024 12:47:41.095: Cmp=PsRedundancy_OS, C=1, E=0, M="Update dhub config"
03.10.2024 12:47:41.101: Cmp=PsRedundancy_OS, C=1, E=0, M="Registered CALL event for task TASK_PLC_PRG on slot 49"
03.10.2024 12:47:41.101: Cmp=PsRedundancy_OS, C=1, E=0, M="Registered AfterReadInput event for task TASK_PLC_PRG on slot 15002"
03.10.2024 12:47:51.923: Cmp=PsPlcInfo, C=1, E=0, M="CreateBootprojectDone: name=Application.app crc=0xe9e64ac4 size=5444804"
03.10.2024 13:01:14.260: Cmp=CmpChannelServer, C=16, E=0, M="Channel <channelid>46384</channelid> closed by request, <error>0</error>"
03.10.2024 16:25:04.742: Cmp=PsRedundancy_OS, C=1, E=0, M="Mode changed: ACTIVE->ACTIVE_SWITCH_TO_STANBY (Switch to standby by HW-error)"
03.10.2024 16:25:04.744: Cmp=PsRedundancy_OS, C=1, E=0, M="Mode changed: ACTIVE_SWITCH_TO_STANBY->STANDBY (Switch to standby)"
04.10.2024 04:23:59.578: Cmp=PsRedundancy_OS, C=1, E=0, M="Mode changed: STANDBY->ACTIVE (Other Cpu not ACTIVE)"
04.10.2024 04:24:05.708: Cmp=PsSysTask, C=16, E=0, M="System task Del_App created: id=54 prio=10, sched=SCHED_RR"
04.10.2024 04:24:05.711: Cmp=PsRedundancy_OS, C=1, E=0, M="Delete application start"
04.10.2024 04:24:05.730: Cmp=PsRedundancy_OS, C=4, E=0, M="Can not update guid"
04.10.2024 04:24:06.197: Cmp=PsRedundancy_OS, C=1, E=0, M="RED_EVNT_APP_STOP_DONE"
04.10.2024 04:24:06.198: Cmp=PsRedundancy_OS, C=1, E=0, M="Mode changed: ACTIVE->STANDBY (Application stopped)"
04.10.2024 04:24:06.199: Cmp=PsRedundancy_OS, C=1, E=0, M="Mode changed: STANDBY->TASK_SYNC (Application not running)"
04.10.2024 04:24:06.827: Cmp=PsIoDrvModbusTcpSlave_OS, C=16, E=0, M="Stop (delete)"
04.10.2024 04:24:06.850: Cmp=PsIoDrvModbusSerialSlave_OS, C=16, E=0, M="Stop Done (delete)"
04.10.2024 04:24:06.850: Cmp=PsIoDrvModbusSerialMaster_OS, C=16, E=0, M="Stop (delete)"
04.10.2024 04:24:06.850: Cmp=PsLed, C=1, E=0, M="Stop application done(DELETE)"
04.10.2024 04:24:06.850: Cmp=PsRedundancy_OS, C=1, E=0, M="RED_EVNT_APP_PREP_DELETE"
04.10.2024 04:24:06.853: Cmp=PsRedundancy_OS, C=1, E=0, M="ClearDataTree() start"
04.10.2024 04:24:06.855: Cmp=PsRedundancy_OS, C=1, E=0, M="Mode changed: TASK_SYNC->APPLICATION_DELETED (Application not exist)"
04.10.2024 04:24:06.858: Cmp=PsRedundancy_OS, C=1, E=0, M="Mode changed: APPLICATION_DELETED->WAIT_VALID_APPLICATION (Delete application)"
04.10.2024 04:24:06.858: Cmp=PsRedundancy_OS, C=1, E=0, M="ClearDataTree() done"
04.10.2024 04:24:06.858: Cmp=PsIoDrvHartMaster_OS, C=16, E=0, M="Prepare delete"
04.10.2024 04:24:07.738: Cmp=PsIoDrvModbusTcpMaster_OS, C=16, E=0, M="Update Configuration"
04.10.2024 04:24:07.738: Cmp=PsIoDrvModbusTcpSlave_OS, C=16, E=0, M="Update Configuration"
04.10.2024 04:24:07.738: Cmp=PsIoDrvModbusSerialSlave_OS, C=16, E=0, M="MdbSerialSlave_OS: UpdateConfiguration"
04.10.2024 04:24:07.738: Cmp=PsIoDrvModbusSerialMaster_OS, C=16, E=0, M="MdbSerialMstr_OS: UpdateConfiguration"
04.10.2024 04:24:07.741: Cmp=PsRedundancy_OS, C=1, E=0, M="library_fb_exit"
04.10.2024 04:24:07.741: Cmp=PsRedundancy_OS, C=1, E=0, M="ClearDataTree() start"
04.10.2024 04:24:07.742: Cmp=PsRedundancy_OS, C=1, E=0, M="ClearDataTree() done"
04.10.2024 04:24:07.742: Cmp=PsRedundancy_OS, C=1, E=0, M="ClearDataTree() start"
04.10.2024 04:24:07.742: Cmp=PsRedundancy_OS, C=1, E=0, M="ClearDataTree() done"
04.10.2024 04:24:07.763: Cmp=CM, C=16, E=0, M="[UNLOADED] IEC|Dynamic: <cmp>IecVarAccess</cmp>, <id>0x00001007</id> <ver>3.5.3.64</ver>"
04.10.2024 04:24:07.763: Cmp=CM, C=16, E=0, M="[UNLOADED] IEC|Dynamic: <cmp>IoDrvPsRegulBus_OS</cmp>, <id>0x109b502d</id> <ver>0.0.0.1</ver>"
04.10.2024 04:24:07.763: Cmp=CM, C=16, E=0, M="[UNLOADED] IEC|Dynamic: <cmp>PsRegulBus_OS</cmp>, <id>0x109b2027</id> <ver>0.0.0.1</ver>"
04.10.2024 04:24:07.763: Cmp=CM, C=16, E=0, M="[UNLOADED] IEC|Dynamic: <cmp>AlarmMgr</cmp>, <id>0x00001012</id> <ver>4.1.0.0</ver>"
04.10.2024 04:24:07.763: Cmp=IEC=0x00001012, C=16, E=0, M="Unregistering callback function for service GetCount"
04.10.2024 04:24:07.764: Cmp=IEC=0x00001012, C=16, E=0, M="Unregistering callback function for service GetAlarms"
04.10.2024 04:24:07.764: Cmp=IEC=0x00001012, C=16, E=0, M="Unregistering callback function for service HandleService"
04.10.2024 04:24:07.764: Cmp=IEC=0x00001012, C=16, E=0, M="Unregistering callback function for service channel closed"
04.10.2024 04:24:08.504: Cmp=CM, C=16, E=0, M="[UNLOADED] IEC|Dynamic: <cmp>IECVisualization</cmp>, <id>0x0000100c</id> <ver>4.1.0.0</ver>"
04.10.2024 04:24:08.506: Cmp=PsRedundancy_OS, C=1, E=0, M="RED_EVNT_APP_DELETE_DONE"
04.10.2024 04:24:08.506: Cmp=PsPlcInfo, C=1, E=0, M="DeleteDone: name=Application.app"
04.10.2024 04:24:08.507: Cmp=PsRedundancy_OS, C=1, E=0, M="Delete application done"
04.10.2024 04:24:08.507: Cmp=PsSysTask, C=16, E=0, M="system task <task>Del_App(54)</task> normally ended "
04.10.2024 04:24:15.236: Cmp=PsRedundancy_OS, C=1, E=0, M="Mode changed: WAIT_VALID_APPLICATION->COMPARE_APPLICATIONS (Remote application valid)"
04.10.2024 04:24:15.236: Cmp=PsRedundancy_OS, C=1, E=0, M="Mode changed: COMPARE_APPLICATIONS->UPDATE_APPLICATION (Remote application is newest)"
04.10.2024 04:24:53.551: Cmp=PsRedundancy_OS, C=1, E=0, M="Callback NotifySyncFiles "
04.10.2024 04:24:53.552: Cmp=PsRedundancy_OS, C=4, E=0, M="UpdateBootApplicationList fail!"
04.10.2024 04:24:53.554: Cmp=PsSysTask, C=16, E=0, M="System task KillCS_Task created: id=36 prio=10, sched=SCHED_RR"
04.10.2024 04:24:53.554: Cmp=PsRedundancy_OS, C=1, E=0, M="Application update successfully completed. Restarting..."
04.10.2024 04:24:53.557: Cmp=PsRedundancy_OS, C=1, E=0, M="Mode changed: UPDATE_APPLICATION->UNKNOWN (Exit)"
04.10.2024 04:24:53.558: Cmp=PsRedundancy_OS, C=1, E=0, M="ClearDataTree() start"
04.10.2024 04:24:53.558: Cmp=PsRedundancy_OS, C=1, E=0, M="ClearDataTree() done"
04.10.2024 04:24:53.561: Cmp=CM, C=1, E=0, M="CODESYS Control shutdown..."
04.10.2024 04:24:53.568: Cmp=SysSvgRendererQt, C=1, E=0, M="CH_EXIT_COMM"
04.10.2024 04:24:53.614: Cmp=SysSvgRendererQt, C=1, E=0, M="CH_EXIT_TASKS"
04.10.2024 04:24:53.882: Cmp=PsSysTask, C=16, E=0, M="system task <task>DBflusher(46)</task> normally ended "
04.10.2024 04:24:54.079: Cmp=PsSysTask, C=16, E=0, M="system task <task>LedCommunication(47)</task> normally ended "
04.10.2024 04:24:54.168: Cmp=PsSysTask, C=16, E=0, M="system task <task>NtpSpy(48)</task> normally ended "
04.10.2024 04:25:11.586: Cmp=SysSvgRendererQt, C=1, E=0, M="CH_EXIT3"
04.10.2024 04:25:11.589: Cmp=CmpRouter, C=1, E=0, M="Network interface <interface>BlkDrvTcp</interface> unregistered"
04.10.2024 04:25:11.645: Cmp=CmpMemPool, C=16, E=1, M="**** Pool leak: Cmp=CmpEventMgr, hPool=0x857c140, pBlock=0xc3d16d0, Size=0"
04.10.2024 04:25:11.648: Cmp=SysSvgRendererQt, C=1, E=0, M="CH_EXIT2"
04.10.2024 04:25:11.649: Cmp=CmpMemPool, C=16, E=1, M="**** Pool leak: Cmp=CmpEventMgr, hPool=0x857cb68, pBlock=0x8f93130, Size=0"
04.10.2024 04:25:11.649: Cmp=CmpMemPool, C=16, E=1, M="**** Pool leak: Cmp=CmpEventMgr, hPool=0x863b5b0, pBlock=0x8f93178, Size=0"
04.10.2024 04:25:11.649: Cmp=CmpMemPool, C=16, E=1, M="**** Pool leak: Cmp=CmpEventMgr, hPool=0x863b6c0, pBlock=0x8f930a0, Size=0"
04.10.2024 04:25:11.649: Cmp=CmpMemPool, C=16, E=1, M="**** Pool leak: Cmp=CmpEventMgr, hPool=0x863b748, pBlock=0x8f930e8, Size=0"
04.10.2024 04:25:11.649: Cmp=CmpMemPool, C=16, E=1, M="**** Pool leak: Cmp=CmpEventMgr, hPool=0x863b7d0, pBlock=0x8f931c0, Size=0"
04.10.2024 04:25:11.649: Cmp=CmpMemPool, C=16, E=1, M="**** Pool leak: Cmp=CmpEventMgr, hPool=0x863b858, pBlock=0x8f93208, Size=0"
04.10.2024 04:25:11.649: Cmp=CmpMemPool, C=16, E=1, M="**** Pool leak: Cmp=CmpEventMgr, hPool=0x863b968, pBlock=0x8f93448, Size=0"
04.10.2024 04:25:11.649: Cmp=CmpMemPool, C=16, E=1, M="**** Pool leak: Cmp=CmpEventMgr, hPool=0x863b9f0, pBlock=0x8f5efd0, Size=0"
04.10.2024 04:25:11.649: Cmp=CmpMemPool, C=16, E=1, M="**** Pool leak: Cmp=CmpEventMgr, hPool=0x863ba78, pBlock=0x8f93058, Size=0"
04.10.2024 04:25:11.649: Cmp=CmpMemPool, C=16, E=1, M="**** Pool leak: Cmp=CmpEventMgr, hPool=0x863bb88, pBlock=0x8f93490, Size=0"
04.10.2024 04:25:11.649: Cmp=CmpMemPool, C=16, E=1, M="**** Pool leak: Cmp=CmpEventMgr, hPool=0x863bc10, pBlock=0x8f934d8, Size=0"
04.10.2024 04:25:11.649: Cmp=CmpMemPool, C=16, E=1, M="**** Pool leak: Cmp=CmpEventMgr, hPool=0x87b3170, pBlock=0x8f5ef88, Size=0"
04.10.2024 04:25:11.649: Cmp=CmpRouter, C=1, E=0, M="Network interface <interface>ether 1</interface> unregistered"
04.10.2024 04:25:11.650: Cmp=CmpRouter, C=1, E=0, M="Network interface <interface>ether 2</interface> unregistered"
04.10.2024 04:25:11.650: Cmp=CmpMemPool, C=16, E=1, M="**** Pool leak: Cmp=CmpEventMgr, hPool=0x87b5308, pBlock=0x8f93520, Size=0"
04.10.2024 04:25:11.650: Cmp=CmpMemPool, C=16, E=1, M="**** Pool leak: Cmp=CmpEventMgr, hPool=0x87b6060, pBlock=0x8f5ef40, Size=0"
04.10.2024 04:25:11.682: Cmp=CmpMemPool, C=16, E=1, M="**** Pool leak: Cmp=CmpEventMgr, hPool=0x8e3eb00, pBlock=0x8f93298, Size=0"
04.10.2024 04:25:11.682: Cmp=CmpMemPool, C=16, E=1, M="**** Pool leak: Cmp=CmpEventMgr, hPool=0x8e530e8, pBlock=0x8f932e0, Size=0"
04.10.2024 04:25:11.682: Cmp=CmpMemPool, C=16, E=1, M="**** Pool leak: Cmp=CmpEventMgr, hPool=0x8e53170, pBlock=0x8f93328, Size=0"
04.10.2024 04:25:11.682: Cmp=CmpMemPool, C=16, E=1, M="**** Pool leak: Cmp=CmpEventMgr, hPool=0x8e531f8, pBlock=0x8f93370, Size=0"
04.10.2024 04:25:11.682: Cmp=CmpMemPool, C=16, E=1, M="**** Pool leak: Cmp=CmpEventMgr, hPool=0x8e53280, pBlock=0x8f93568, Size=0"
04.10.2024 04:25:11.697: Cmp=SysSvgRendererQt, C=1, E=0, M="CH_EXIT"
04.10.2024 04:25:11.698: Cmp=CM, C=1, E=0, M="CODESYS Control shutdown done"
04.10.2024 04:25:11.698: Cmp=CmpMemPool, C=16, E=1, M="**** Pool leak: Cmp=SysTask, hPool=0x860f880, pBlock=0xb0c0d28, Size=208"
04.10.2024 04:25:11.701: ================================================END LOG SESSION===================================================
04.10.2024 04:25:13.644: ================================================NEW LOG SESSION===================================================
04.10.2024 04:25:13.647: Cmp=CmpLog, C=1, E=0, M="<logoptions>"
04.10.2024 04:25:13.648: Cmp=CmpLog, C=1, E=0, M="<bEnable>1</bEnable>"
04.10.2024 04:25:13.648: Cmp=CmpLog, C=1, E=0, M="<type>normal</type>"
04.10.2024 04:25:13.648: Cmp=CmpLog, C=1, E=0, M="<timestamp>rtc high resolution</timestamp>"
04.10.2024 04:25:13.648: Cmp=CmpLog, C=1, E=0, M="<disableable>0</disableable>"
04.10.2024 04:25:13.648: Cmp=CmpLog, C=1, E=0, M="<Filter>0xffffffff</Filter>"
04.10.2024 04:25:13.648: Cmp=CmpLog, C=1, E=0, M="<MaxEntries>500</MaxEntries>"
04.10.2024 04:25:13.648: Cmp=CmpLog, C=1, E=0, M="<MaxFiles>3</MaxFiles>"
04.10.2024 04:25:13.648: Cmp=CmpLog, C=1, E=0, M="<MaxFileSize>100000</MaxFileSize>"
04.10.2024 04:25:13.648: Cmp=CmpLog, C=1, E=0, M="</logoptions>"
04.10.2024 04:25:13.648: Cmp=CM, C=1, E=0, M="System: <cmp>CM</cmp>, <id>0x00000001</id> <ver>3.5.17.30</ver>"
04.10.2024 04:25:13.648: Cmp=CM, C=1, E=0, M="System: <cmp>CmpMemPool</cmp>, <id>0x0000001e</id> <ver>3.5.17.10</ver>"
04.10.2024 04:25:13.648: Cmp=CM, C=1, E=0, M="System: <cmp>CmpSettings</cmp>, <id>0x0000001a</id> <ver>3.5.17.10</ver>"
04.10.2024 04:25:13.648: Cmp=CM, C=1, E=0, M="System: <cmp>SysFile</cmp>, <id>0x00000104</id> <ver>3.5.17.10</ver>"
04.10.2024 04:25:13.648: Cmp=CM, C=1, E=0, M="System: <cmp>SysCom</cmp>, <id>0x00000100</id> <ver>3.5.17.10</ver>"
04.10.2024 04:25:13.648: Cmp=CM, C=1, E=0, M="System: <cmp>SysCpuHandling</cmp>, <id>0x00000101</id> <ver>3.5.17.20</ver>"
04.10.2024 04:25:13.648: Cmp=CM, C=1, E=0, M="System: <cmp>SysDir</cmp>, <id>0x0000011b</id> <ver>3.5.17.10</ver>"
04.10.2024 04:25:13.648: Cmp=CM, C=1, E=0, M="System: <cmp>SysEthernet</cmp>, <id>0x0000011c</id> <ver>3.5.17.20</ver>"
04.10.2024 04:25:13.648: Cmp=CM, C=1, E=0, M="System: <cmp>SysEvent</cmp>, <id>0x00000102</id> <ver>3.5.17.10</ver>"
04.10.2024 04:25:13.648: Cmp=CM, C=1, E=0, M="System: <cmp>SysExcept</cmp>, <id>0x00000103</id> <ver>3.5.17.10</ver>"
04.10.2024 04:25:13.648: Cmp=CM, C=1, E=0, M="System: <cmp>SysGraphicWindowQt</cmp>, <id>0x00000142</id> <ver>3.5.17.30</ver>"
04.10.2024 04:25:13.648: Cmp=CM, C=1, E=0, M="System: <cmp>SysInternalLib</cmp>, <id>0x00000107</id> <ver>3.5.17.10</ver>"
04.10.2024 04:25:13.648: Cmp=CM, C=1, E=0, M="System: <cmp>SysMem</cmp>, <id>0x00000108</id> <ver>3.5.17.10</ver>"
04.10.2024 04:25:13.648: Cmp=CM, C=1, E=0, M="System: <cmp>SysModule</cmp>, <id>0x00000109</id> <ver>3.5.17.20</ver>"
04.10.2024 04:25:13.648: Cmp=CM, C=1, E=0, M="System: <cmp>SysMsgQ</cmp>, <id>0x0000010a</id> <ver>3.5.17.10</ver>"
04.10.2024 04:25:13.649: Cmp=CM, C=1, E=0, M="System: <cmp>SysMutex</cmp>, <id>0x0000013a</id> <ver>3.5.17.10</ver>"
04.10.2024 04:25:13.649: Cmp=CM, C=1, E=0, M="System: <cmp>SysNativeControl</cmp>, <id>0x0000012f</id> <ver>3.5.17.10</ver>"
04.10.2024 04:25:13.649: Cmp=CM, C=1, E=0, M="System: <cmp>SysOut</cmp>, <id>0x0000010b</id> <ver>3.5.17.10</ver>"
04.10.2024 04:25:13.649: Cmp=CM, C=1, E=0, M="System: <cmp>SysProcess</cmp>, <id>0x0000010e</id> <ver>3.5.17.10</ver>"
04.10.2024 04:25:13.649: Cmp=CM, C=1, E=0, M="System: <cmp>SysSem</cmp>, <id>0x0000010f</id> <ver>3.5.17.10</ver>"
04.10.2024 04:25:13.649: Cmp=CM, C=1, E=0, M="System: <cmp>SysSemCount</cmp>, <id>0x00000139</id> <ver>3.5.17.10</ver>"
04.10.2024 04:25:13.649: Cmp=CM, C=1, E=0, M="System: <cmp>SysSemProcess</cmp>, <id>0x00000119</id> <ver>3.5.17.10</ver>"
04.10.2024 04:25:13.649: Cmp=CM, C=1, E=0, M="System: <cmp>SysShm</cmp>, <id>0x00000110</id> <ver>3.5.17.10</ver>"
04.10.2024 04:25:13.649: Cmp=CM, C=1, E=0, M="System: <cmp>SysSocket</cmp>, <id>0x00000111</id> <ver>3.5.17.30</ver>"
04.10.2024 04:25:13.649: Cmp=CM, C=1, E=0, M="System: <cmp>SysSvgRendererQt</cmp>, <id>0x00000145</id> <ver>3.5.17.10</ver>"
04.10.2024 04:25:13.649: Cmp=CM, C=1, E=0, M="System: <cmp>SysTarget</cmp>, <id>0x00000112</id> <ver>3.5.17.30</ver>"
04.10.2024 04:25:13.649: Cmp=CM, C=1, E=0, M="System: <cmp>SysTask</cmp>, <id>0x00000114</id> <ver>3.5.17.30</ver>"
04.10.2024 04:25:13.649: Cmp=CM, C=1, E=0, M="System: <cmp>SysTime</cmp>, <id>0x00000115</id> <ver>3.5.17.10</ver>"
04.10.2024 04:25:13.649: Cmp=CM, C=1, E=0, M="System: <cmp>SysTimeRtc</cmp>, <id>0x00000127</id> <ver>3.5.17.10</ver>"
04.10.2024 04:25:13.649: Cmp=CM, C=1, E=0, M="System: <cmp>SysTimer</cmp>, <id>0x00000116</id> <ver>3.5.17.10</ver>"
04.10.2024 04:25:13.649: Cmp=CM, C=1, E=0, M="System: <cmp>SysWindowFileDialogQt</cmp>, <id>0x00000147</id> <ver>3.5.17.10</ver>"
04.10.2024 04:25:13.649: Cmp=CM, C=1, E=0, M="System|Dynamic: <cmp>CmpLog</cmp>, <id>0x00000013</id> <ver>3.5.17.10</ver>"
04.10.2024 04:25:13.649: Cmp=CM, C=1, E=0, M="System|Dynamic: <cmp>SysTargetOEM</cmp>, <id>0x109b2014</id> <ver>3.5.12.0</ver>"
04.10.2024 04:25:13.649: Cmp=CM, C=1, E=0, M="<cmp>CmpAlarmManager</cmp>, <id>0x0000007c</id> <ver>3.5.17.10</ver>"
04.10.2024 04:25:13.649: Cmp=CM, C=1, E=0, M="<cmp>CmpApp</cmp>, <id>0x00000002</id> <ver>3.5.17.30</ver>"
04.10.2024 04:25:13.649: Cmp=CM, C=1, E=0, M="<cmp>CmpAppBP</cmp>, <id>0x00000073</id> <ver>3.5.17.10</ver>"
04.10.2024 04:25:13.649: Cmp=CM, C=1, E=0, M="<cmp>CmpAppForce</cmp>, <id>0x00000074</id> <ver>3.5.17.10</ver>"
04.10.2024 04:25:13.649: Cmp=CM, C=1, E=0, M="<cmp>CmpAsyncMgr</cmp>, <id>0x0000005f</id> <ver>3.5.17.20</ver>"
04.10.2024 04:25:13.649: Cmp=CM, C=1, E=0, M="<cmp>CmpAuditLog</cmp>, <id>0x000000a1</id> <ver>3.5.17.10</ver>"
04.10.2024 04:25:13.649: Cmp=CM, C=1, E=0, M="<cmp>CmpBinTagUtil</cmp>, <id>0x00000004</id> <ver>3.5.17.10</ver>"
04.10.2024 04:25:13.649: Cmp=CM, C=1, E=0, M="<cmp>CmpBinTagUtilIec</cmp>, <id>0x0000005c</id> <ver>3.5.17.10</ver>"
04.10.2024 04:25:13.649: Cmp=CM, C=1, E=0, M="<cmp>CmpBitmapPool</cmp>, <id>0x00000050</id> <ver>3.5.17.10</ver>"
04.10.2024 04:25:13.649: Cmp=CM, C=1, E=0, M="<cmp>CmpBlkDrvTcp</cmp>, <id>0x00000030</id> <ver>3.5.17.10</ver>"
04.10.2024 04:25:13.649: Cmp=CM, C=1, E=0, M="<cmp>CmpBlkDrvUdp</cmp>, <id>0x00000007</id> <ver>3.5.17.10</ver>"
04.10.2024 04:25:13.649: Cmp=CM, C=1, E=0, M="<cmp>CmpCAAAsyncMan</cmp>, <id>0x00004007</id> <ver>3.5.17.20</ver>"
04.10.2024 04:25:13.649: Cmp=CM, C=1, E=0, M="<cmp>CmpCAABehaviourModel</cmp>, <id>0x00004015</id> <ver>3.5.17.10</ver>"
04.10.2024 04:25:13.649: Cmp=CM, C=1, E=0, M="<cmp>CmpCAACallback</cmp>, <id>0x00004001</id> <ver>3.5.17.10</ver>"
04.10.2024 04:25:13.649: Cmp=CM, C=1, E=0, M="<cmp>CmpCAACanL2</cmp>, <id>0x00004004</id> <ver>3.5.17.10</ver>"
04.10.2024 04:25:13.649: Cmp=CM, C=1, E=0, M="<cmp>CmpCAADTUtil</cmp>, <id>0x00004013</id> <ver>3.5.17.10</ver>"
04.10.2024 04:25:13.649: Cmp=CM, C=1, E=0, M="<cmp>CmpCAAFile</cmp>, <id>0x00004008</id> <ver>3.5.17.10</ver>"
04.10.2024 04:25:13.649: Cmp=CM, C=1, E=0, M="<cmp>CmpCAAMemBlockMan</cmp>, <id>0x00004003</id> <ver>3.5.17.10</ver>"
04.10.2024 04:25:13.649: Cmp=CM, C=1, E=0, M="<cmp>CmpCAANetBaseServices</cmp>, <id>0x00004018</id> <ver>3.5.17.10</ver>"
04.10.2024 04:25:13.649: Cmp=CM, C=1, E=0, M="<cmp>CmpCAARealTimeClock</cmp>, <id>0x00004014</id> <ver>3.5.17.10</ver>"
04.10.2024 04:25:13.650: Cmp=CM, C=1, E=0, M="<cmp>CmpCAASegBufferMan</cmp>, <id>0x00004019</id> <ver>3.5.17.10</ver>"
04.10.2024 04:25:13.650: Cmp=CM, C=1, E=0, M="<cmp>CmpCAASerialCom</cmp>, <id>0x00004012</id> <ver>3.5.17.10</ver>"
04.10.2024 04:25:13.650: Cmp=CM, C=1, E=0, M="<cmp>CmpCAAStorage</cmp>, <id>0x0000007e</id> <ver>3.5.17.10</ver>"
04.10.2024 04:25:13.650: Cmp=CM, C=1, E=0, M="<cmp>CmpCAATick</cmp>, <id>0x00004009</id> <ver>3.5.17.10</ver>"
04.10.2024 04:25:13.650: Cmp=CM, C=1, E=0, M="<cmp>CmpCAATickUtil</cmp>, <id>0x00004010</id> <ver>3.5.17.10</ver>"
04.10.2024 04:25:13.650: Cmp=CM, C=1, E=0, M="<cmp>CmpCAATimer</cmp>, <id>0x00004016</id> <ver>3.5.17.10</ver>"
04.10.2024 04:25:13.650: Cmp=CM, C=1, E=0, M="<cmp>CmpCAATypes</cmp>, <id>0x00004006</id> <ver>3.5.17.10</ver>"
04.10.2024 04:25:13.650: Cmp=CM, C=1, E=0, M="<cmp>CmpChannelClient</cmp>, <id>0x00000008</id> <ver>3.5.17.10</ver>"
04.10.2024 04:25:13.650: Cmp=CM, C=1, E=0, M="<cmp>CmpChannelClientIec</cmp>, <id>0x0000005d</id> <ver>3.5.17.10</ver>"
04.10.2024 04:25:13.650: Cmp=CM, C=1, E=0, M="<cmp>CmpChannelMgr</cmp>, <id>0x00000009</id> <ver>3.5.17.10</ver>"
04.10.2024 04:25:13.650: Cmp=CM, C=1, E=0, M="<cmp>CmpChannelServer</cmp>, <id>0x0000000a</id> <ver>3.5.17.10</ver>"
04.10.2024 04:25:13.650: Cmp=CM, C=1, E=0, M="<cmp>CmpChecksum</cmp>, <id>0x0000000b</id> <ver>3.5.17.10</ver>"
04.10.2024 04:25:13.650: Cmp=CM, C=1, E=0, M="<cmp>CmpCommunicationLib</cmp>, <id>0x0000000c</id> <ver>3.5.17.10</ver>"
04.10.2024 04:25:13.650: Cmp=CM, C=1, E=0, M="<cmp>CmpCoreDump</cmp>, <id>0x00000083</id> <ver>3.5.17.10</ver>"
04.10.2024 04:25:13.650: Cmp=CM, C=1, E=0, M="<cmp>CmpCryptMD5</cmp>, <id>0x0000006a</id> <ver>3.5.17.10</ver>"
04.10.2024 04:25:13.650: Cmp=CM, C=1, E=0, M="<cmp>CmpDevice</cmp>, <id>0x0000000e</id> <ver>3.5.17.10</ver>"
04.10.2024 04:25:13.650: Cmp=CM, C=1, E=0, M="<cmp>CmpDynamicText</cmp>, <id>0x00000051</id> <ver>3.5.17.10</ver>"
04.10.2024 04:25:13.650: Cmp=CM, C=1, E=0, M="<cmp>CmpEventMgr</cmp>, <id>0x0000005b</id> <ver>3.5.17.10</ver>"
04.10.2024 04:25:13.650: Cmp=CM, C=1, E=0, M="<cmp>CmpFileTransfer</cmp>, <id>0x0000005e</id> <ver>3.5.17.10</ver>"
04.10.2024 04:25:13.650: Cmp=CM, C=1, E=0, M="<cmp>CmpIecStringUtils</cmp>, <id>0x0000007f</id> <ver>3.5.17.10</ver>"
04.10.2024 04:25:13.650: Cmp=CM, C=1, E=0, M="<cmp>CmpIecTask</cmp>, <id>0x00000011</id> <ver>3.5.17.20</ver>"
04.10.2024 04:25:13.650: Cmp=CM, C=1, E=0, M="<cmp>CmpIecVarAccess</cmp>, <id>0x00000060</id> <ver>3.5.17.10</ver>"
04.10.2024 04:25:13.650: Cmp=CM, C=1, E=0, M="<cmp>CmpIoDrvIec</cmp>, <id>0x0000005a</id> <ver>3.5.17.10</ver>"
04.10.2024 04:25:13.650: Cmp=CM, C=1, E=0, M="<cmp>CmpIoMgr</cmp>, <id>0x00000012</id> <ver>3.5.17.10</ver>"
04.10.2024 04:25:13.650: Cmp=CM, C=1, E=0, M="<cmp>CmpIpc</cmp>, <id>0x0000001d</id> <ver>3.5.17.10</ver>"
04.10.2024 04:25:13.650: Cmp=CM, C=1, E=0, M="<cmp>CmpMonitor2</cmp>, <id>0x00000032</id> <ver>3.5.17.10</ver>"
04.10.2024 04:25:13.650: Cmp=CM, C=1, E=0, M="<cmp>CmpNameServiceClient</cmp>, <id>0x00000015</id> <ver>3.5.17.10</ver>"
04.10.2024 04:25:13.650: Cmp=CM, C=1, E=0, M="<cmp>CmpNameServiceClientIec</cmp>, <id>0x0000011d</id> <ver>3.5.17.10</ver>"
04.10.2024 04:25:13.650: Cmp=CM, C=1, E=0, M="<cmp>CmpNameServiceServer</cmp>, <id>0x00000016</id> <ver>3.5.17.10</ver>"
04.10.2024 04:25:13.650: Cmp=CM, C=1, E=0, M="<cmp>CmpOpenSSL</cmp>, <id>0x00000033</id> <ver>3.5.17.30</ver>"
04.10.2024 04:25:13.650: Cmp=CM, C=1, E=0, M="<cmp>CmpPlcShell</cmp>, <id>0x00000128</id> <ver>3.5.17.10</ver>"
04.10.2024 04:25:13.650: Cmp=CM, C=1, E=0, M="<cmp>CmpRetain</cmp>, <id>0x00000017</id> <ver>3.5.17.30</ver>"
04.10.2024 04:25:13.650: Cmp=CM, C=1, E=0, M="<cmp>CmpRouter</cmp>, <id>0x00000018</id> <ver>3.5.17.10</ver>"
04.10.2024 04:25:13.650: Cmp=CM, C=1, E=0, M="<cmp>CmpSchedule</cmp>, <id>0x00000019</id> <ver>3.5.17.20</ver>"
04.10.2024 04:25:13.650: Cmp=CM, C=1, E=0, M="<cmp>CmpSecureChannel</cmp>, <id>0x00000090</id> <ver>3.5.17.10</ver>"
04.10.2024 04:25:13.650: Cmp=CM, C=1, E=0, M="<cmp>CmpSecurityManager</cmp>, <id>0x0000008e</id> <ver>3.5.17.10</ver>"
04.10.2024 04:25:13.650: Cmp=CM, C=1, E=0, M="<cmp>CmpSessionInformation</cmp>, <id>0x00000097</id> <ver>3.5.17.10</ver>"
04.10.2024 04:25:13.650: Cmp=CM, C=1, E=0, M="<cmp>CmpSrv</cmp>, <id>0x0000001c</id> <ver>3.5.17.10</ver>"
04.10.2024 04:25:13.650: Cmp=CM, C=1, E=0, M="<cmp>CmpTargetVisu</cmp>, <id>0x00000052</id> <ver>3.5.17.30</ver>"
04.10.2024 04:25:13.651: Cmp=CM, C=1, E=0, M="<cmp>CmpTraceMgr</cmp>, <id>0x00000070</id> <ver>3.5.17.10</ver>"
04.10.2024 04:25:13.651: Cmp=CM, C=1, E=0, M="<cmp>CmpUserDBFile</cmp>, <id>0x00000098</id> <ver>3.5.17.10</ver>"
04.10.2024 04:25:13.651: Cmp=CM, C=1, E=0, M="<cmp>CmpUserGroupsDBFile</cmp>, <id>0x00000099</id> <ver>3.5.17.10</ver>"
04.10.2024 04:25:13.651: Cmp=CM, C=1, E=0, M="<cmp>CmpUserMgr</cmp>, <id>0x00000061</id> <ver>3.5.17.10</ver>"
04.10.2024 04:25:13.651: Cmp=CM, C=1, E=0, M="<cmp>CmpUserObjectsDBFile</cmp>, <id>0x0000009c</id> <ver>3.5.17.10</ver>"
04.10.2024 04:25:13.651: Cmp=CM, C=1, E=0, M="<cmp>CmpVisuClientControllerHost</cmp>, <id>0x00000132</id> <ver>3.5.17.10</ver>"
04.10.2024 04:25:13.651: Cmp=CM, C=1, E=0, M="<cmp>CmpVisuHandler</cmp>, <id>0x00000054</id> <ver>3.5.17.10</ver>"
04.10.2024 04:25:13.651: Cmp=CM, C=1, E=0, M="<cmp>CmpVisuServer</cmp>, <id>0x00000057</id> <ver>3.5.17.10</ver>"
04.10.2024 04:25:13.651: Cmp=CM, C=1, E=0, M="<cmp>CmpWebServer</cmp>, <id>0x00000071</id> <ver>3.5.17.10</ver>"
04.10.2024 04:25:13.651: Cmp=CM, C=1, E=0, M="<cmp>CmpWebServerHandlerV3</cmp>, <id>0x00000072</id> <ver>3.5.17.10</ver>"
04.10.2024 04:25:13.651: Cmp=CM, C=1, E=0, M="Dynamic: <cmp>PsComponentManager</cmp>, <id>0x109b2012</id> <ver>0.0.1.1</ver>"
04.10.2024 04:25:13.780: Cmp=SysFile, C=1, E=0, M="PlcLogicPrefix=-1: Be aware backup/restore feature cannot be used"
04.10.2024 04:25:13.791: Cmp=CmpRouter, C=16, E=0, M="<instances>16</instances> router instances configured, first parallel router offset <offset>0</offset>"
04.10.2024 04:25:13.805: Cmp=CM, C=1, E=0, M="PsSysExcept<cmp>Dynamic: </cmp> init, <id>0x109b202b</id> <version>3.5.2.1</version>"
04.10.2024 04:25:13.808: Cmp=CM, C=16, E=0, M="Dynamic: <cmp>PsSysExcept</cmp>, <id>0x109b202b</id> <ver>3.5.2.1</ver>"
04.10.2024 04:25:13.812: Cmp=CM, C=1, E=0, M="PsDebug<cmp>Dynamic: </cmp> init, <id>0x109b2009</id> <version>3.5.2.1</version>"
04.10.2024 04:25:13.814: Cmp=CM, C=16, E=0, M="Dynamic: <cmp>PsDebug</cmp>, <id>0x109b2009</id> <ver>3.5.2.1</ver>"
04.10.2024 04:25:13.820: Cmp=CM, C=1, E=0, M="PsSysTask<cmp>Dynamic: </cmp> init, <id>0x109b2021</id> <version>0.0.1.1</version>"
04.10.2024 04:25:13.829: Cmp=CM, C=16, E=0, M="Dynamic: <cmp>PsSysTask</cmp>, <id>0x109b2021</id> <ver>0.0.1.1</ver>"
04.10.2024 04:25:13.836: Cmp=CM, C=1, E=0, M="PsPlcInfo<cmp>Dynamic: </cmp> init, <id>0x109b2005</id> <version>0.0.1.1</version>"
04.10.2024 04:25:13.843: Cmp=CM, C=16, E=0, M="Dynamic: <cmp>PsPlcInfo</cmp>, <id>0x109b2005</id> <ver>0.0.1.1</ver>"
04.10.2024 04:25:13.866: Cmp=CM, C=1, E=0, M="PsMySQL<cmp>Dynamic: </cmp> init, <id>0x109b200d</id> <version>0.0.1.1</version>"
04.10.2024 04:25:13.870: Cmp=CM, C=16, E=0, M="Dynamic: <cmp>PsMySQL</cmp>, <id>0x109b200d</id> <ver>0.0.1.1</ver>"
04.10.2024 04:25:13.874: Cmp=CM, C=1, E=0, M="PsRetain<cmp>Dynamic: </cmp> init, <id>0x109b200c</id> <version>0.0.1.0</version>"
04.10.2024 04:25:13.881: Cmp=CM, C=16, E=0, M="Dynamic: <cmp>PsRetain</cmp>, <id>0x109b200c</id> <ver>0.0.1.0</ver>"
04.10.2024 04:25:13.886: Cmp=CM, C=1, E=0, M="PsRegulBusEvent<cmp>Dynamic: </cmp> init, <id>0x109b2000</id> <version>3.5.2.1</version>"
04.10.2024 04:25:13.888: Cmp=CM, C=16, E=0, M="Dynamic: <cmp>PsRegulBusEvent</cmp>, <id>0x109b2000</id> <ver>3.5.2.1</ver>"
04.10.2024 04:25:13.892: Cmp=CM, C=1, E=0, M="PsLog<cmp>Dynamic: </cmp> init, <id>0x109b2006</id> <version>0.0.1.1</version>"
04.10.2024 04:25:13.898: Cmp=CM, C=16, E=0, M="Dynamic: <cmp>PsLog</cmp>, <id>0x109b2006</id> <ver>0.0.1.1</ver>"
04.10.2024 04:25:13.905: Cmp=CM, C=1, E=0, M="PsLed<cmp>Dynamic: </cmp> init, <id>0x109b2002</id> <version>0.0.1.1</version>"
04.10.2024 04:25:13.909: Cmp=CM, C=16, E=0, M="Dynamic: <cmp>PsLed</cmp>, <id>0x109b2002</id> <ver>0.0.1.1</ver>"
04.10.2024 04:25:13.917: Cmp=CM, C=1, E=0, M="PsRedundancy<cmp>Dynamic: </cmp> init, <id>0x109b2001</id> <version>3.5.2.1</version>"
04.10.2024 04:25:13.939: Cmp=CM, C=16, E=0, M="Dynamic: <cmp>PsRedundancy</cmp>, <id>0x109b2001</id> <ver>3.5.2.1</ver>"
04.10.2024 04:25:13.945: Cmp=CM, C=1, E=0, M="PsTime<cmp>Dynamic: </cmp> init, <id>0x109b2010</id> <version>3.5.2.1</version>"
04.10.2024 04:25:13.952: Cmp=CM, C=16, E=0, M="Dynamic: <cmp>PsTime</cmp>, <id>0x109b2010</id> <ver>3.5.2.1</ver>"
04.10.2024 04:25:13.957: Cmp=CM, C=1, E=0, M="PsUtils<cmp>Dynamic: </cmp> init, <id>0x109b2018</id> <version>0.0.1.1</version>"
04.10.2024 04:25:13.960: Cmp=CM, C=16, E=0, M="Dynamic: <cmp>PsUtils</cmp>, <id>0x109b2018</id> <ver>0.0.1.1</ver>"
04.10.2024 04:25:13.965: Cmp=CM, C=1, E=0, M="PsJson<cmp>Dynamic: </cmp> init, <id>0x109b2016</id> <version>0.0.1.1</version>"
04.10.2024 04:25:13.968: Cmp=CM, C=16, E=0, M="Dynamic: <cmp>PsJson</cmp>, <id>0x109b2016</id> <ver>0.0.1.1</ver>"
04.10.2024 04:25:13.975: Cmp=CM, C=1, E=0, M="PsPrint<cmp>Dynamic: </cmp> init, <id>0x109b201b</id> <version>0.0.1.1</version>"
04.10.2024 04:25:13.978: Cmp=CM, C=16, E=0, M="Dynamic: <cmp>PsPrint</cmp>, <id>0x109b201b</id> <ver>0.0.1.1</ver>"
04.10.2024 04:25:13.984: Cmp=CM, C=1, E=0, M="PsPlcShell<cmp>Dynamic: </cmp> init, <id>0x109b2019</id> <version>3.5.2.1</version>"
04.10.2024 04:25:13.987: Cmp=CM, C=16, E=0, M="Dynamic: <cmp>PsPlcShell</cmp>, <id>0x109b2019</id> <ver>3.5.2.1</ver>"
04.10.2024 04:25:13.991: Cmp=CM, C=1, E=0, M="PsSysFile<cmp>Dynamic: </cmp> init, <id>0x109b2022</id> <version>0.0.1.1</version>"
04.10.2024 04:25:13.995: Cmp=CM, C=16, E=0, M="Dynamic: <cmp>PsSysFile</cmp>, <id>0x109b2022</id> <ver>0.0.1.1</ver>"
04.10.2024 04:25:14.278: Cmp=CM, C=1, E=0, M="PsOpcUaServer<cmp>Dynamic: </cmp> init, <id>0x109b201a</id> <version>3.5.2.3</version>"
04.10.2024 04:25:14.286: Cmp=CM, C=16, E=0, M="Dynamic: <cmp>PsOpcUaServer</cmp>, <id>0x109b201a</id> <ver>3.5.2.3</ver>"
04.10.2024 04:25:14.291: Cmp=CM, C=1, E=0, M="PsExternalLibs<cmp>Dynamic: </cmp> init, <id>0x109b2028</id> <version>3.5.14.0</version>"
04.10.2024 04:25:14.294: Cmp=CM, C=16, E=0, M="Dynamic: <cmp>PsExternalLibs</cmp>, <id>0x109b2028</id> <ver>3.5.14.0</ver>"
04.10.2024 04:25:14.299: Cmp=CM, C=1, E=0, M="PsSysDhub<cmp>Dynamic: </cmp> init, <id>0x109b2026</id> <version>0.0.1.1</version>"
04.10.2024 04:25:14.301: Cmp=CM, C=16, E=0, M="Dynamic: <cmp>PsSysDhub</cmp>, <id>0x109b2026</id> <ver>0.0.1.1</ver>"
04.10.2024 04:25:14.308: Cmp=CM, C=1, E=0, M="PsRegulBus<cmp>Dynamic: </cmp> init, <id>0x109b2007</id> <version>3.5.2.1</version>"
04.10.2024 04:25:14.310: Cmp=CM, C=16, E=0, M="Dynamic: <cmp>PsRegulBus</cmp>, <id>0x109b2007</id> <ver>3.5.2.1</ver>"
04.10.2024 04:25:14.396: Cmp=CM, C=1, E=0, M="PsRegulBus_OS<cmp>Dynamic: </cmp> init, <id>0x109b2027</id> <version>3.5.14.1</version>"
04.10.2024 04:25:14.398: Cmp=CM, C=16, E=0, M="Dynamic: <cmp>PsRegulBus_OS</cmp>, <id>0x109b2027</id> <ver>3.5.14.1</ver>"
04.10.2024 04:25:14.417: Cmp=CM, C=1, E=0, M="PsIoDrvModbusSerialMaster_OS<cmp>Dynamic: </cmp> init, <id>0x109b5018</id> <version>1.6.5.0</version>"
04.10.2024 04:25:14.423: Cmp=CM, C=16, E=0, M="Dynamic: <cmp>PsIoDrvModbusSerialMaster_OS</cmp>, <id>0x109b5018</id> <ver>1.6.5.0</ver>"
04.10.2024 04:25:14.429: Cmp=CM, C=1, E=0, M="PsIoDrvModbusSerialSlave_OS<cmp>Dynamic: </cmp> init, <id>0x109b5019</id> <version>1.6.5.0</version>"
04.10.2024 04:25:14.435: Cmp=CM, C=16, E=0, M="Dynamic: <cmp>PsIoDrvModbusSerialSlave_OS</cmp>, <id>0x109b5019</id> <ver>1.6.5.0</ver>"
04.10.2024 04:25:14.443: Cmp=CM, C=1, E=0, M="PsIoDrvModbusTcpMaster_OS<cmp>Dynamic: </cmp> init, <id>0x109b502a</id> <version>1.6.5.0</version>"
04.10.2024 04:25:14.449: Cmp=CM, C=16, E=0, M="Dynamic: <cmp>PsIoDrvModbusTcpMaster_OS</cmp>, <id>0x109b502a</id> <ver>1.6.5.0</ver>"
04.10.2024 04:25:14.454: Cmp=CM, C=1, E=0, M="PsIoDrvModbusTcpSlave_OS<cmp>Dynamic: </cmp> init, <id>0x109b502b</id> <version>1.6.5.0</version>"
04.10.2024 04:25:14.460: Cmp=CM, C=16, E=0, M="Dynamic: <cmp>PsIoDrvModbusTcpSlave_OS</cmp>, <id>0x109b502b</id> <ver>1.6.5.0</ver>"
04.10.2024 04:25:14.470: Cmp=CM, C=1, E=0, M="PsOpcUaServer_OS<cmp>Dynamic: </cmp> init, <id>0x109b202a</id> <version>1.6.5.0</version>"
04.10.2024 04:25:14.483: Cmp=CM, C=16, E=0, M="Dynamic: <cmp>PsOpcUaServer_OS</cmp>, <id>0x109b202a</id> <ver>1.6.5.0</ver>"
04.10.2024 04:25:14.494: Cmp=CM, C=1, E=0, M="PsIoDrvHartMaster_OS<cmp>Dynamic: </cmp> init, <id>0x109b502c</id> <version>1.6.5.0</version>"
04.10.2024 04:25:14.500: Cmp=CM, C=16, E=0, M="Dynamic: <cmp>PsIoDrvHartMaster_OS</cmp>, <id>0x109b502c</id> <ver>1.6.5.0</ver>"
04.10.2024 04:25:14.526: Cmp=CM, C=1, E=0, M="PsRedundancy_OS<cmp>Dynamic: </cmp> init, <id>0x109b502e</id> <version>5.0.0.0</version>"
04.10.2024 04:25:14.550: Cmp=CM, C=16, E=0, M="Dynamic: <cmp>PsRedundancy_OS</cmp>, <id>0x109b502e</id> <ver>5.0.0.0</ver>"
04.10.2024 04:25:14.564: Cmp=CM, C=1, E=0, M="PsIEC60870Bridge<cmp>Dynamic: </cmp> init, <id>0x109b5013</id> <version>1.7.1.0</version>"
04.10.2024 04:25:14.567: Cmp=CM, C=16, E=0, M="Dynamic: <cmp>PsIEC60870Bridge</cmp>, <id>0x109b5013</id> <ver>1.7.1.0</ver>"
04.10.2024 04:25:14.572: Cmp=CM, C=1, E=0, M="PsSqlQuery<cmp>Dynamic: </cmp> init, <id>0x109b200e</id> <version>0.0.1.1</version>"
04.10.2024 04:25:14.577: Cmp=CM, C=16, E=0, M="Dynamic: <cmp>PsSqlQuery</cmp>, <id>0x109b200e</id> <ver>0.0.1.1</ver>"
04.10.2024 04:25:14.578: Cmp=CmpLog, C=16, E=0, M="Component <CmpOpenSSL> could log more info with additional setting CmpOpenSSL.Filter=0xFFFFFFFF!"
04.10.2024 04:25:14.593: Cmp=CmpLog, C=16, E=0, M="Component <CmpApp> could log more info with additional setting CmpApp.Filter=0xFFFFFFFF!"
04.10.2024 04:25:14.606: Cmp=CmpBlkDrvUdp, C=1, E=0, M="Network interface: <ipaddress>192.168.1.211</ipaddress>, subnetmask <subnetmask>255.255.255.0</subnetmask>"
04.10.2024 04:25:14.606: Cmp=CmpRouter, C=1, E=0, M="Network interface <interface>ether 1</interface> at router <instance>0</instance> registered"
04.10.2024 04:25:14.606: Cmp=CmpBlkDrvUdp, C=1, E=0, M="Network interface: <ipaddress>192.168.2.211</ipaddress>, subnetmask <subnetmask>255.255.255.0</subnetmask>"
04.10.2024 04:25:14.606: Cmp=CmpRouter, C=1, E=0, M="Network interface <interface>ether 2</interface> at router <instance>1</instance> registered"
04.10.2024 04:25:14.606: Cmp=CmpCAAStorage, C=16, E=0, M="Using SQLite 3.33.0."
04.10.2024 04:25:14.606: Cmp=CmpChannelMgr, C=1, E=0, M="Running as network server"
04.10.2024 04:25:14.606: Cmp=CmpChannelMgr, C=1, E=0, M="Running as network client"
04.10.2024 04:25:14.614: Cmp=CmpChannelServer, C=1, E=0, M="<NumOfChannels>16</NumOfChannels> channels available, each of the size <BufferSize>200000</BufferSize> Bytes"
04.10.2024 04:25:14.631: Cmp=CmpLog, C=16, E=0, M="Component <CmpIpc> could log more info with additional setting CmpIpc.Filter=0xFFFFFFFF!"
04.10.2024 04:25:14.638: Cmp=CmpLog, C=16, E=0, M="Component <CmpSecurityManager> could log more info with additional setting CmpSecurityManager.Filter=0xFFFFFFFF!"
04.10.2024 04:25:14.642: Cmp=SysTargetOEM, C=16, E=0, M="SysTargetOEM received a plcinfo_changed event <> -> <Regul_R500_71_A>"
04.10.2024 04:25:14.659: Cmp=PsMySQL, C=4, E=0, M="MySQL connect failed: Can't connect to local MySQL server through socket '/tmp/mysql.sock' (2)"
04.10.2024 04:25:14.659: Cmp=PsMySQL, C=65540, E=0, M="MySQL data base not opened"
04.10.2024 04:25:14.684: Cmp=PsLed, C=1, E=0, M="Switch RUN/STOP initial position is RUN"
04.10.2024 04:25:14.687: Cmp=PsLed, C=1, E=0, M="Key MBS initial position is 1"
04.10.2024 04:25:14.688: Cmp=PsLed, C=1, E=0, M="Key AutoStartApp initial position is 2"
04.10.2024 04:25:14.689: Cmp=PsRedundancy, C=1, E=0, M="Redundancy Runtime driver is Disabled"
04.10.2024 04:25:14.689: Cmp=PsIoDrvModbusSerialMaster_OS, C=1, E=0, M="Modbus Serial Master (dhub client) initialized"
04.10.2024 04:25:14.690: Cmp=PsIoDrvModbusSerialSlave_OS, C=1, E=0, M="Modbus Serial Slave (dhub client) initialized"
04.10.2024 04:25:14.690: Cmp=PsIoDrvModbusTcpMaster_OS, C=1, E=0, M="Modbus TCP Master (dhub client) initialized"
04.10.2024 04:25:14.691: Cmp=PsIoDrvModbusTcpSlave_OS, C=1, E=0, M="Modbus TCP Slave (dhub client) initialized"
04.10.2024 04:25:14.691: Cmp=PsIoDrvHartMaster_OS, C=1, E=0, M="Hart Master Mux (dhub client) initialized successfully"
04.10.2024 04:25:14.691: Cmp=PsRedundancy_OS, C=1, E=0, M="Redundancy_OS enabled"
04.10.2024 04:25:14.692: Cmp=PsRedundancy_OS, C=1, E=0, M="Root path: /mnt/user/codesys/"
04.10.2024 04:25:14.692: Cmp=PsRedundancy_OS, C=1, E=0, M="Autosync APP = 1, Time sync src = OFF"
04.10.2024 04:25:14.810: Cmp=PsRedundancy_OS, C=1, E=0, M="Dhub client initialized successfully"
04.10.2024 04:25:14.857: Cmp=CmpLog, C=1, E=0, M="Append external logger: regul-bus-driver"
04.10.2024 04:25:14.857: Cmp=CmpLog, C=1, E=0, M="Append external logger: system"
04.10.2024 04:25:14.864: Cmp=CmpBlkDrvTcp, C=1, E=0, M="Local network address: <ipaddress>192.168.1.211</ipaddress>"
04.10.2024 04:25:14.865: Cmp=CmpRouter, C=1, E=0, M="Network interface <interface>BlkDrvTcp</interface> at router <instance>2</instance> registered"
04.10.2024 04:25:14.901: Cmp=CmpLog, C=16, E=0, M="Component <CmpWebServer> could log more info with additional setting CmpWebServer.Filter=0xFFFFFFFF!"
04.10.2024 04:25:14.901: Cmp=PsComponentManager, C=1, E=0, M="Assembled on Mar  7 2024 18:48:54"
04.10.2024 04:25:14.901: Cmp=PsSysExcept, C=1, E=0, M="Assembled on Mar  7 2024 18:50:32"
04.10.2024 04:25:14.901: Cmp=PsDebug, C=1, E=0, M="Assembled on Mar  7 2024 18:48:56"
04.10.2024 04:25:14.902: Cmp=PsSysTask, C=1, E=0, M="Assembled on Mar  7 2024 18:47:57"
04.10.2024 04:25:14.902: Cmp=PsPlcInfo, C=1, E=0, M="Assembled on Mar  7 2024 18:48:44"
04.10.2024 04:25:14.902: Cmp=PsMySQL, C=1, E=0, M="Assembled on Mar  7 2024 18:48:46"
04.10.2024 04:25:14.902: Cmp=PsRetain, C=1, E=0, M="Assembled on Mar  7 2024 18:49:32"
04.10.2024 04:25:14.902: Cmp=PsRegulBusEvent, C=1, E=0, M="Assembled on Mar  7 2024 18:48:03"
04.10.2024 04:25:14.902: Cmp=PsLog, C=1, E=0, M="Assembled on Mar  7 2024 18:49:13"
04.10.2024 04:25:14.903: Cmp=PsLed, C=1, E=0, M="Assembled on Mar  7 2024 18:48:34"
04.10.2024 04:25:14.903: Cmp=PsTime, C=1, E=0, M="Assembled on Mar  7 2024 18:49:37"
04.10.2024 04:25:14.903: Cmp=PsUtils, C=1, E=0, M="Assembled on Mar  7 2024 18:49:57"
04.10.2024 04:25:14.903: Cmp=PsJson, C=1, E=0, M="Assembled on Mar  7 2024 18:49:09"
04.10.2024 04:25:14.903: Cmp=PsPrint, C=1, E=0, M="Assembled on Mar  7 2024 18:49:21"
04.10.2024 04:25:14.903: Cmp=PsPlcShell, C=1, E=0, M="Assembled on Mar  7 2024 18:49:17"
04.10.2024 04:25:14.903: Cmp=PsSysFile, C=1, E=0, M="Assembled on Mar  7 2024 18:50:35"
04.10.2024 04:25:14.903: Cmp=PsOpcUaServer, C=1, E=0, M="Assembled on Mar  7 2024 18:49:45"
04.10.2024 04:25:14.904: Cmp=PsOpcUaServer, C=1, E=0, M="PsOpcUaServer DISABLED"
04.10.2024 04:25:14.904: Cmp=PsSysDhub, C=1, E=0, M="Assembled on Mar  7 2024 18:48:00"
04.10.2024 04:25:14.904: Cmp=PsRegulBus, C=1, E=0, M="Assembled on Mar  7 2024 18:50:26"
04.10.2024 04:25:14.904: Cmp=PsRegulBus_OS, C=1, E=0, M="Assembled on Mar  7 2024 18:50:30"
04.10.2024 04:25:14.904: Cmp=PsIoDrvModbusSerialMaster_OS, C=1, E=0, M="Assembled on Mar  7 2024 18:50:09"
04.10.2024 04:25:14.904: Cmp=PsIoDrvModbusSerialSlave_OS, C=1, E=0, M="Assembled on Mar  7 2024 18:50:13"
04.10.2024 04:25:14.904: Cmp=PsOpcUaServer_OS, C=1, E=0, M="Assembled on Mar  7 2024 18:49:53"
04.10.2024 04:25:14.904: Cmp=PsOpcUaServer_OS, C=1, E=0, M="Cmp PsOpcServer_OS enabled"
04.10.2024 04:25:14.905: Cmp=PsOpcUaServer_OS, C=1, E=0, M="OPC UA (dhub client) initialized successfully"
04.10.2024 04:25:14.905: Cmp=PsIoDrvHartMaster_OS, C=1, E=0, M="Assembled on Mar  7 2024 18:50:04"
04.10.2024 04:25:14.905: Cmp=PsRedundancy_OS, C=1, E=0, M="Assembled on Mar  7 2024 18:49:27"
04.10.2024 04:25:14.905: Cmp=PsIEC60870Bridge, C=1, E=0, M="Assembled on Mar  7 2024 18:49:02"
04.10.2024 04:25:14.910: Cmp=PsSqlQuery, C=1, E=0, M="Assembled on Mar  7 2024 18:49:34"
04.10.2024 04:25:14.912: Cmp=CM, C=1, E=0, M="========================================================================="
04.10.2024 04:25:14.912: Cmp=CM, C=1, E=0, M="R500 71-W"
04.10.2024 04:25:14.912: Cmp=CM, C=1, E=0, M="OS=QNX, CPU=x86, Arch=32Bit, Coding=C"
04.10.2024 04:25:14.912: Cmp=CM, C=1, E=0, M="<version>3.5.17.30</version> <builddate>Apr 14 2023</builddate>"
04.10.2024 04:25:14.912: Cmp=CM, C=1, E=0, M="Copyright (c) 2017-2020 CODESYS Development GmbH, Copyright (c) 1994-2016 3S-Smart Software Solutions GmbH"
04.10.2024 04:25:14.912: Cmp=CM, C=1, E=0, M="========================================================================="
04.10.2024 04:25:15.921: Cmp=SysTargetOEM, C=16, E=0, M="Switch to non-root user"
04.10.2024 04:25:15.970: Cmp=SysSvgRendererQt, C=1, E=0, M="CH_INIT_TASKS"
04.10.2024 04:25:16.235: Cmp=CmpRetain, C=16, E=0, M="--- SRAM layout: Address=0x8e56018"
04.10.2024 04:25:16.235: Cmp=CmpRetain, C=16, E=0, M="Segment[0]: Tag=TAG_RETAIN_PERSISTENT_RESERVED, Size=7776, Guid=475b848a-5216-22c7-0000-000000000000"
04.10.2024 04:25:16.235: Cmp=CmpRetain, C=16, E=0, M="Segment[1]: Tag=TAG_RETAIN_FREE, Size=1040752, Guid=00000000-0000-0000-0000-000000000000"
04.10.2024 04:25:16.235: Cmp=CmpRetain, C=16, E=0, M="--- SRAM layout: Address=0x8e56018"
04.10.2024 04:25:16.235: Cmp=CmpRetain, C=16, E=0, M="Segment[0]: Tag=TAG_RETAIN_PERSISTENT_RESERVED, Size=7776, Guid=475b848a-5216-22c7-0000-000000000000"
04.10.2024 04:25:16.235: Cmp=CmpRetain, C=16, E=0, M="Segment[1]: Tag=TAG_RETAIN_FREE, Size=1040752, Guid=00000000-0000-0000-0000-000000000000"
04.10.2024 04:25:16.235: Cmp=CmpRetain, C=16, E=0, M="--- SRAM layout: Address=0x8e56018"
04.10.2024 04:25:16.235: Cmp=CmpRetain, C=16, E=0, M="Segment[0]: Tag=TAG_RETAIN_PERSISTENT_USED, Size=7776, Guid=475b848a-5216-22c7-0000-000000000000"
04.10.2024 04:25:16.235: Cmp=CmpRetain, C=16, E=0, M="Segment[1]: Tag=TAG_RETAIN_FREE, Size=1040752, Guid=00000000-0000-0000-0000-000000000000"
04.10.2024 04:25:16.637: Cmp=CM, C=16, E=0, M="IEC|Dynamic: <cmp>IECVisualization</cmp>, <id>0x0000100c</id> <ver>4.1.0.0</ver>"
04.10.2024 04:25:16.657: Cmp=CM, C=16, E=0, M="IEC|Dynamic: <cmp>OnlineLicenseManager</cmp>, <id>0x0000100d</id> <ver>3.5.14.0</ver>"
04.10.2024 04:25:16.658: Cmp=IEC=0x00001012, C=16, E=0, M="Registering callback function for service GetCount"
04.10.2024 04:25:16.658: Cmp=IEC=0x00001012, C=16, E=0, M="Registering callback function for service GetAlarms"
04.10.2024 04:25:16.658: Cmp=IEC=0x00001012, C=16, E=0, M="Registering callback function for service HandleService"
04.10.2024 04:25:16.658: Cmp=IEC=0x00001012, C=16, E=0, M="Registering callback function for service channel closed"
04.10.2024 04:25:16.658: Cmp=CM, C=16, E=0, M="IEC|Dynamic: <cmp>AlarmMgr</cmp>, <id>0x00001012</id> <ver>4.1.0.0</ver>"
04.10.2024 04:25:16.770: Cmp=CM, C=16, E=0, M="IEC|Dynamic: <cmp>PsRegulBus_OS</cmp>, <id>0x109b2027</id> <ver>0.0.0.1</ver>"
04.10.2024 04:25:16.770: Cmp=CM, C=16, E=0, M="IEC|Dynamic: <cmp>IoDrvPsRegulBus_OS</cmp>, <id>0x109b502d</id> <ver>0.0.0.1</ver>"
04.10.2024 04:25:16.801: Cmp=PsRedundancy_OS, C=1, E=0, M="library_fb_init"
04.10.2024 04:25:16.801: Cmp=PsRedundancy_OS, C=1, E=0, M="InitVariables() cnt = 2552"
04.10.2024 04:25:16.802: Cmp=CM, C=16, E=0, M="IEC|Dynamic: <cmp>IecVarAccess</cmp>, <id>0x00001007</id> <ver>3.5.3.64</ver>"
04.10.2024 04:25:16.802: Cmp=PsIoDrvModbusTcpSlave_OS, C=1, E=0, M="Modbus TCP Slave iec-library initialized"
04.10.2024 04:25:16.802: Cmp=IoDrvPsRegulBus_OS, C=16, E=1, M="Activate ESD on Exception = TRUE"
04.10.2024 04:25:16.802: Cmp=IoDrvPsRegulBus_OS, C=16, E=1, M="Activate ESD on STOP = FALSE"
04.10.2024 04:25:16.864: Cmp=PsIoDrvModbusTcpMaster_OS, C=16, E=0, M="Update Configuration"
04.10.2024 04:25:16.864: Cmp=PsIoDrvModbusTcpSlave_OS, C=16, E=0, M="Update Configuration"
04.10.2024 04:25:16.864: Cmp=PsIoDrvModbusTcpSlave_OS, C=16, E=0, M="ID_INSTANCE_NAME = Modbus_TCP_Slave_OS"
04.10.2024 04:25:16.864: Cmp=PsIoDrvModbusTcpSlave_OS, C=16, E=0, M="ID_DEBUG = false"
04.10.2024 04:25:16.864: Cmp=PsIoDrvModbusTcpSlave_OS, C=16, E=0, M="ID_TCP_PORT = 502"
04.10.2024 04:25:16.864: Cmp=PsIoDrvModbusTcpSlave_OS, C=16, E=0, M="ID_STOP_BEHAVIOUR = 0x0000"
04.10.2024 04:25:16.864: Cmp=PsIoDrvModbusTcpSlave_OS, C=16, E=0, M="ID_PARAMETER_ID_START = 20000"
04.10.2024 04:25:16.865: Cmp=PsIoDrvModbusTcpSlave_OS, C=16, E=0, M="ID_MAX_CHANNEL_CNT = 262144"
04.10.2024 04:25:16.865: Cmp=PsIoDrvModbusTcpSlave_OS, C=16, E=0, M="ID_MAX_USED_CHANNEL_CNT = 20002"
04.10.2024 04:25:17.142: Cmp=PsRedundancy_OS, C=1, E=0, M="RED_EVNT_REGULBUS_CONFIG_DONE"
04.10.2024 04:25:17.149: Cmp=PsIoDrvModbusSerialSlave_OS, C=16, E=0, M="MdbSerialSlave_OS: UpdateConfiguration"
04.10.2024 04:25:17.149: Cmp=PsIoDrvModbusSerialMaster_OS, C=16, E=0, M="MdbSerialMstr_OS: UpdateConfiguration"
04.10.2024 04:25:17.150: Cmp=PsIoDrvModbusTcpSlave_OS, C=16, E=0, M="Update Mapping"
04.10.2024 04:25:17.160: Cmp=PsRedundancy_OS, C=1, E=0, M="RED_EVNT_APP_DOWNLOAD_DONE"
04.10.2024 04:25:17.161: Cmp=PsRedundancy_OS, C=1, E=0, M="UpdateAppTree"
04.10.2024 04:25:17.161: Cmp=PsRedundancy_OS, C=1, E=0, M="Find application Application"
04.10.2024 04:25:17.161: Cmp=PsRedundancy_OS, C=1, E=0, M="Find tasks id = 4"
04.10.2024 04:25:17.161: Cmp=PsRedundancy_OS, C=1, E=0, M="Get task TASK_PLC_PRG OS prio = 23 sync = 0"
04.10.2024 04:25:17.162: Cmp=PsRedundancy_OS, C=1, E=0, M="Tasks count = 1"
04.10.2024 04:25:17.162: Cmp=PsRedundancy_OS, C=1, E=0, M="Vars count = 2552, full size = 7429"
04.10.2024 04:25:17.162: Cmp=PsRedundancy_OS, C=1, E=0, M="Update dhub config"
04.10.2024 04:25:17.167: Cmp=PsRedundancy_OS, C=1, E=0, M="Registered CALL event for task TASK_PLC_PRG on slot 49"
04.10.2024 04:25:17.168: Cmp=PsRedundancy_OS, C=1, E=0, M="Registered AfterReadInput event for task TASK_PLC_PRG on slot 15002"
04.10.2024 04:25:21.454: Cmp=CmpApp, C=1, E=0, M="Retains matched to bootproject of application [<app>Application</app>]"
04.10.2024 04:25:21.901: Cmp=PsPlcInfo, C=1, E=0, M="LoadBootprojectDone: name=Application.app crc=0xe7d0b98f size=5335612"
04.10.2024 04:25:21.901: Cmp=CmpApp, C=1, E=0, M="Bootproject of application [<app>Application</app>] loaded"
04.10.2024 04:25:21.902: Cmp=PsRedundancy_OS, C=1, E=0, M="Mode changed: UNKNOWN->DISABLED (All boot projects has been loaded)"
04.10.2024 04:25:21.902: Cmp=PsRedundancy_OS, C=1, E=0, M="Mode changed: DISABLED->WAIT_VALID_ENVIRONMENT (Enabling)"
04.10.2024 04:25:21.902: Cmp=PsRedundancy_OS, C=1, E=0, M="Mode changed: WAIT_VALID_ENVIRONMENT->WAIT_VALID_APPLICATION (Key D position is II. Valid environment.)"
04.10.2024 04:25:21.903: Cmp=PsRedundancy_OS, C=1, E=0, M="Mode changed: WAIT_VALID_APPLICATION->COMPARE_APPLICATIONS (Local application valid)"
04.10.2024 04:25:21.903: Cmp=PsRedundancy_OS, C=1, E=0, M="Mode changed: COMPARE_APPLICATIONS->TIME_SYNC (Applications equal)"
04.10.2024 04:25:21.903: Cmp=PsRedundancy_OS, C=1, E=0, M="Mode changed: TIME_SYNC->CONFIG_SYNC (Time synchronization done)"
04.10.2024 04:25:21.904: Cmp=CmpRouter, C=1, E=0, M="Setting router <instance>0</instance> address to <address>(00d3)</address>"
04.10.2024 04:25:21.904: Cmp=CmpRouter, C=1, E=0, M="Setting router <instance>1</instance> address to <address>(00d3)</address>"
04.10.2024 04:25:21.905: Cmp=CmpRouter, C=1, E=0, M="Setting router <instance>2</instance> address to <address>(2ddc:c0a8:01d3)</address>"
04.10.2024 04:25:21.991: Cmp=PsSysTask, C=16, E=0, M="The SysTask component are used for threads"
04.10.2024 04:25:21.994: Cmp=PsSysTask, C=16, E=0, M="System task DBflusher created: id=46 prio=10, sched=SCHED_RR"
04.10.2024 04:25:21.996: Cmp=PsSysTask, C=16, E=0, M="System task LedCommunication created: id=47 prio=10, sched=SCHED_RR"
04.10.2024 04:25:21.999: Cmp=PsSysTask, C=16, E=0, M="System task NtpSpy created: id=48 prio=10, sched=SCHED_RR"
04.10.2024 04:25:21.999: Cmp=SysSvgRendererQt, C=1, E=0, M="CH_INIT_COMM"
04.10.2024 04:25:22.012: Cmp=PsRedundancy_OS, C=1, E=0, M="RED_EVNT_PS_LED_KEY_D_POSITION_CHANGED key is 2"
04.10.2024 04:25:22.015: Cmp=SysSvgRendererQt, C=1, E=0, M="CH_INIT_FINISHED"
04.10.2024 04:25:22.015: Cmp=PsRedundancy_OS, C=1, E=0, M="RED_EVNT_APP_PREP_START"
04.10.2024 04:25:22.017: Cmp=PsIoDrvModbusTcpSlave_OS, C=16, E=0, M="Start Done"
04.10.2024 04:25:22.017: Cmp=PsLed, C=1, E=0, M="Start application done"
04.10.2024 04:25:22.017: Cmp=CmpApp, C=1, E=0, M="Application [<app>Application</app>] started"
04.10.2024 04:25:22.017: Cmp=CmpRetain, C=16, E=0, M="--- SRAM layout: Address=0x8e56018"
04.10.2024 04:25:22.021: Cmp=CmpRetain, C=16, E=0, M="Segment[0]: Tag=TAG_RETAIN_PERSISTENT_USED, Size=7776, Guid=475b848a-5216-22c7-0000-000000000000"
04.10.2024 04:25:22.021: Cmp=CmpRetain, C=16, E=0, M="Segment[1]: Tag=TAG_RETAIN_FREE, Size=1040752, Guid=00000000-0000-0000-0000-000000000000"
04.10.2024 04:25:22.021: Cmp=CmpRetain, C=16, E=0, M="--- SRAM layout: Address=0x8e56018"
04.10.2024 04:25:22.021: Cmp=CmpRetain, C=16, E=0, M="Segment[0]: Tag=TAG_RETAIN_PERSISTENT_USED, Size=7776, Guid=475b848a-5216-22c7-0000-000000000000"
04.10.2024 04:25:22.021: Cmp=CmpRetain, C=16, E=0, M="Segment[1]: Tag=TAG_RETAIN_FREE, Size=1040752, Guid=00000000-0000-0000-0000-000000000000"
04.10.2024 04:25:22.022: Cmp=PsSysExcept, C=16, E=0, M="The report will be created for any unhandled exception"
04.10.2024 04:25:22.027: Cmp=CM, C=1, E=0, M="CODESYS Control ready"
04.10.2024 04:25:22.905: Cmp=PsRedundancy_OS, C=1, E=0, M="Mode changed: CONFIG_SYNC->TASK_SYNC (Config synchronization change done)"
04.10.2024 04:25:22.905: Cmp=PsRedundancy_OS, C=1, E=0, M="Mode changed: TASK_SYNC->STANDBY (Stable sync)"
04.10.2024 04:25:25.243: Cmp=IECVisualization, C=1, E=0, M="Visuinitialization starting."
04.10.2024 04:25:26.128: Cmp=AlarmMgr, C=1, E=0, M="Opened alarm storage file, version: 6"
04.10.2024 04:25:26.149: Cmp=IECVisualization, C=1, E=0, M="Visuinitialization done."
04.10.2024 04:25:26.150: Cmp=IECVisualization, C=1, E=0, M="Visu_PRG: Creating Client for Extern-ID: 1070"
04.10.2024 04:25:26.160: Cmp=IECVisualization, C=1, E=0, M="Visu_PRG: Creating Client successful for Extern-ID: 1070 Returned IEC-ID: 0"
04.10.2024 04:25:26.160: Cmp=IECVisualization, C=16, E=0, M="Visu_PRG: Address of client with IEC-ID 0 : 155991688"
04.10.2024 04:27:48.977: ================================================NEW LOG SESSION===================================================
04.10.2024 04:27:48.985: Cmp=CmpLog, C=1, E=0, M="<logoptions>"
04.10.2024 04:27:48.985: Cmp=CmpLog, C=1, E=0, M="<bEnable>1</bEnable>"
04.10.2024 04:27:48.985: Cmp=CmpLog, C=1, E=0, M="<type>normal</type>"
04.10.2024 04:27:48.985: Cmp=CmpLog, C=1, E=0, M="<timestamp>rtc high resolution</timestamp>"
04.10.2024 04:27:48.985: Cmp=CmpLog, C=1, E=0, M="<disableable>0</disableable>"
04.10.2024 04:27:48.985: Cmp=CmpLog, C=1, E=0, M="<Filter>0xffffffff</Filter>"
04.10.2024 04:27:48.985: Cmp=CmpLog, C=1, E=0, M="<MaxEntries>500</MaxEntries>"
04.10.2024 04:27:48.985: Cmp=CmpLog, C=1, E=0, M="<MaxFiles>3</MaxFiles>"
04.10.2024 04:27:48.985: Cmp=CmpLog, C=1, E=0, M="<MaxFileSize>100000</MaxFileSize>"
04.10.2024 04:27:48.985: Cmp=CmpLog, C=1, E=0, M="</logoptions>"
04.10.2024 04:27:48.985: Cmp=CM, C=1, E=0, M="System: <cmp>CM</cmp>, <id>0x00000001</id> <ver>3.5.17.30</ver>"
04.10.2024 04:27:48.985: Cmp=CM, C=1, E=0, M="System: <cmp>CmpMemPool</cmp>, <id>0x0000001e</id> <ver>3.5.17.10</ver>"
04.10.2024 04:27:48.985: Cmp=CM, C=1, E=0, M="System: <cmp>CmpSettings</cmp>, <id>0x0000001a</id> <ver>3.5.17.10</ver>"
04.10.2024 04:27:48.985: Cmp=CM, C=1, E=0, M="System: <cmp>SysFile</cmp>, <id>0x00000104</id> <ver>3.5.17.10</ver>"
04.10.2024 04:27:48.985: Cmp=CM, C=1, E=0, M="System: <cmp>SysCom</cmp>, <id>0x00000100</id> <ver>3.5.17.10</ver>"
04.10.2024 04:27:48.985: Cmp=CM, C=1, E=0, M="System: <cmp>SysCpuHandling</cmp>, <id>0x00000101</id> <ver>3.5.17.20</ver>"
04.10.2024 04:27:48.986: Cmp=CM, C=1, E=0, M="System: <cmp>SysDir</cmp>, <id>0x0000011b</id> <ver>3.5.17.10</ver>"
04.10.2024 04:27:48.986: Cmp=CM, C=1, E=0, M="System: <cmp>SysEthernet</cmp>, <id>0x0000011c</id> <ver>3.5.17.20</ver>"
04.10.2024 04:27:48.986: Cmp=CM, C=1, E=0, M="System: <cmp>SysEvent</cmp>, <id>0x00000102</id> <ver>3.5.17.10</ver>"
04.10.2024 04:27:48.986: Cmp=CM, C=1, E=0, M="System: <cmp>SysExcept</cmp>, <id>0x00000103</id> <ver>3.5.17.10</ver>"
04.10.2024 04:27:48.986: Cmp=CM, C=1, E=0, M="System: <cmp>SysGraphicWindowQt</cmp>, <id>0x00000142</id> <ver>3.5.17.30</ver>"
04.10.2024 04:27:48.986: Cmp=CM, C=1, E=0, M="System: <cmp>SysInternalLib</cmp>, <id>0x00000107</id> <ver>3.5.17.10</ver>"
04.10.2024 04:27:48.986: Cmp=CM, C=1, E=0, M="System: <cmp>SysMem</cmp>, <id>0x00000108</id> <ver>3.5.17.10</ver>"
04.10.2024 04:27:48.986: Cmp=CM, C=1, E=0, M="System: <cmp>SysModule</cmp>, <id>0x00000109</id> <ver>3.5.17.20</ver>"
04.10.2024 04:27:48.986: Cmp=CM, C=1, E=0, M="System: <cmp>SysMsgQ</cmp>, <id>0x0000010a</id> <ver>3.5.17.10</ver>"
04.10.2024 04:27:48.986: Cmp=CM, C=1, E=0, M="System: <cmp>SysMutex</cmp>, <id>0x0000013a</id> <ver>3.5.17.10</ver>"
04.10.2024 04:27:48.986: Cmp=CM, C=1, E=0, M="System: <cmp>SysNativeControl</cmp>, <id>0x0000012f</id> <ver>3.5.17.10</ver>"
04.10.2024 04:27:48.986: Cmp=CM, C=1, E=0, M="System: <cmp>SysOut</cmp>, <id>0x0000010b</id> <ver>3.5.17.10</ver>"
04.10.2024 04:27:48.986: Cmp=CM, C=1, E=0, M="System: <cmp>SysProcess</cmp>, <id>0x0000010e</id> <ver>3.5.17.10</ver>"
04.10.2024 04:27:48.986: Cmp=CM, C=1, E=0, M="System: <cmp>SysSem</cmp>, <id>0x0000010f</id> <ver>3.5.17.10</ver>"
04.10.2024 04:27:48.986: Cmp=CM, C=1, E=0, M="System: <cmp>SysSemCount</cmp>, <id>0x00000139</id> <ver>3.5.17.10</ver>"
04.10.2024 04:27:48.986: Cmp=CM, C=1, E=0, M="System: <cmp>SysSemProcess</cmp>, <id>0x00000119</id> <ver>3.5.17.10</ver>"
04.10.2024 04:27:48.986: Cmp=CM, C=1, E=0, M="System: <cmp>SysShm</cmp>, <id>0x00000110</id> <ver>3.5.17.10</ver>"
04.10.2024 04:27:48.986: Cmp=CM, C=1, E=0, M="System: <cmp>SysSocket</cmp>, <id>0x00000111</id> <ver>3.5.17.30</ver>"
04.10.2024 04:27:48.986: Cmp=CM, C=1, E=0, M="System: <cmp>SysSvgRendererQt</cmp>, <id>0x00000145</id> <ver>3.5.17.10</ver>"
04.10.2024 04:27:48.986: Cmp=CM, C=1, E=0, M="System: <cmp>SysTarget</cmp>, <id>0x00000112</id> <ver>3.5.17.30</ver>"
04.10.2024 04:27:48.986: Cmp=CM, C=1, E=0, M="System: <cmp>SysTask</cmp>, <id>0x00000114</id> <ver>3.5.17.30</ver>"
04.10.2024 04:27:48.986: Cmp=CM, C=1, E=0, M="System: <cmp>SysTime</cmp>, <id>0x00000115</id> <ver>3.5.17.10</ver>"
04.10.2024 04:27:48.986: Cmp=CM, C=1, E=0, M="System: <cmp>SysTimeRtc</cmp>, <id>0x00000127</id> <ver>3.5.17.10</ver>"
04.10.2024 04:27:48.986: Cmp=CM, C=1, E=0, M="System: <cmp>SysTimer</cmp>, <id>0x00000116</id> <ver>3.5.17.10</ver>"
04.10.2024 04:27:48.986: Cmp=CM, C=1, E=0, M="System: <cmp>SysWindowFileDialogQt</cmp>, <id>0x00000147</id> <ver>3.5.17.10</ver>"
04.10.2024 04:27:48.986: Cmp=CM, C=1, E=0, M="System|Dynamic: <cmp>CmpLog</cmp>, <id>0x00000013</id> <ver>3.5.17.10</ver>"
04.10.2024 04:27:48.986: Cmp=CM, C=1, E=0, M="System|Dynamic: <cmp>SysTargetOEM</cmp>, <id>0x109b2014</id> <ver>3.5.12.0</ver>"
04.10.2024 04:27:48.986: Cmp=CM, C=1, E=0, M="<cmp>CmpAlarmManager</cmp>, <id>0x0000007c</id> <ver>3.5.17.10</ver>"
04.10.2024 04:27:48.986: Cmp=CM, C=1, E=0, M="<cmp>CmpApp</cmp>, <id>0x00000002</id> <ver>3.5.17.30</ver>"
04.10.2024 04:27:48.986: Cmp=CM, C=1, E=0, M="<cmp>CmpAppBP</cmp>, <id>0x00000073</id> <ver>3.5.17.10</ver>"
04.10.2024 04:27:48.986: Cmp=CM, C=1, E=0, M="<cmp>CmpAppForce</cmp>, <id>0x00000074</id> <ver>3.5.17.10</ver>"
04.10.2024 04:27:48.986: Cmp=CM, C=1, E=0, M="<cmp>CmpAsyncMgr</cmp>, <id>0x0000005f</id> <ver>3.5.17.20</ver>"
04.10.2024 04:27:48.986: Cmp=CM, C=1, E=0, M="<cmp>CmpAuditLog</cmp>, <id>0x000000a1</id> <ver>3.5.17.10</ver>"
04.10.2024 04:27:48.986: Cmp=CM, C=1, E=0, M="<cmp>CmpBinTagUtil</cmp>, <id>0x00000004</id> <ver>3.5.17.10</ver>"
04.10.2024 04:27:48.986: Cmp=CM, C=1, E=0, M="<cmp>CmpBinTagUtilIec</cmp>, <id>0x0000005c</id> <ver>3.5.17.10</ver>"
04.10.2024 04:27:48.986: Cmp=CM, C=1, E=0, M="<cmp>CmpBitmapPool</cmp>, <id>0x00000050</id> <ver>3.5.17.10</ver>"
04.10.2024 04:27:48.987: Cmp=CM, C=1, E=0, M="<cmp>CmpBlkDrvTcp</cmp>, <id>0x00000030</id> <ver>3.5.17.10</ver>"
04.10.2024 04:27:48.987: Cmp=CM, C=1, E=0, M="<cmp>CmpBlkDrvUdp</cmp>, <id>0x00000007</id> <ver>3.5.17.10</ver>"
04.10.2024 04:27:48.987: Cmp=CM, C=1, E=0, M="<cmp>CmpCAAAsyncMan</cmp>, <id>0x00004007</id> <ver>3.5.17.20</ver>"
04.10.2024 04:27:48.987: Cmp=CM, C=1, E=0, M="<cmp>CmpCAABehaviourModel</cmp>, <id>0x00004015</id> <ver>3.5.17.10</ver>"
04.10.2024 04:27:48.987: Cmp=CM, C=1, E=0, M="<cmp>CmpCAACallback</cmp>, <id>0x00004001</id> <ver>3.5.17.10</ver>"
04.10.2024 04:27:48.987: Cmp=CM, C=1, E=0, M="<cmp>CmpCAACanL2</cmp>, <id>0x00004004</id> <ver>3.5.17.10</ver>"
04.10.2024 04:27:48.987: Cmp=CM, C=1, E=0, M="<cmp>CmpCAADTUtil</cmp>, <id>0x00004013</id> <ver>3.5.17.10</ver>"
04.10.2024 04:27:48.987: Cmp=CM, C=1, E=0, M="<cmp>CmpCAAFile</cmp>, <id>0x00004008</id> <ver>3.5.17.10</ver>"
04.10.2024 04:27:48.987: Cmp=CM, C=1, E=0, M="<cmp>CmpCAAMemBlockMan</cmp>, <id>0x00004003</id> <ver>3.5.17.10</ver>"
04.10.2024 04:27:48.987: Cmp=CM, C=1, E=0, M="<cmp>CmpCAANetBaseServices</cmp>, <id>0x00004018</id> <ver>3.5.17.10</ver>"
04.10.2024 04:27:48.987: Cmp=CM, C=1, E=0, M="<cmp>CmpCAARealTimeClock</cmp>, <id>0x00004014</id> <ver>3.5.17.10</ver>"
04.10.2024 04:27:48.987: Cmp=CM, C=1, E=0, M="<cmp>CmpCAASegBufferMan</cmp>, <id>0x00004019</id> <ver>3.5.17.10</ver>"
04.10.2024 04:27:48.987: Cmp=CM, C=1, E=0, M="<cmp>CmpCAASerialCom</cmp>, <id>0x00004012</id> <ver>3.5.17.10</ver>"
04.10.2024 04:27:48.987: Cmp=CM, C=1, E=0, M="<cmp>CmpCAAStorage</cmp>, <id>0x0000007e</id> <ver>3.5.17.10</ver>"
04.10.2024 04:27:48.987: Cmp=CM, C=1, E=0, M="<cmp>CmpCAATick</cmp>, <id>0x00004009</id> <ver>3.5.17.10</ver>"
04.10.2024 04:27:48.987: Cmp=CM, C=1, E=0, M="<cmp>CmpCAATickUtil</cmp>, <id>0x00004010</id> <ver>3.5.17.10</ver>"
04.10.2024 04:27:48.987: Cmp=CM, C=1, E=0, M="<cmp>CmpCAATimer</cmp>, <id>0x00004016</id> <ver>3.5.17.10</ver>"
04.10.2024 04:27:48.987: Cmp=CM, C=1, E=0, M="<cmp>CmpCAATypes</cmp>, <id>0x00004006</id> <ver>3.5.17.10</ver>"
04.10.2024 04:27:48.987: Cmp=CM, C=1, E=0, M="<cmp>CmpChannelClient</cmp>, <id>0x00000008</id> <ver>3.5.17.10</ver>"
04.10.2024 04:27:48.987: Cmp=CM, C=1, E=0, M="<cmp>CmpChannelClientIec</cmp>, <id>0x0000005d</id> <ver>3.5.17.10</ver>"
04.10.2024 04:27:48.987: Cmp=CM, C=1, E=0, M="<cmp>CmpChannelMgr</cmp>, <id>0x00000009</id> <ver>3.5.17.10</ver>"
04.10.2024 04:27:48.987: Cmp=CM, C=1, E=0, M="<cmp>CmpChannelServer</cmp>, <id>0x0000000a</id> <ver>3.5.17.10</ver>"
04.10.2024 04:27:48.987: Cmp=CM, C=1, E=0, M="<cmp>CmpChecksum</cmp>, <id>0x0000000b</id> <ver>3.5.17.10</ver>"
04.10.2024 04:27:48.987: Cmp=CM, C=1, E=0, M="<cmp>CmpCommunicationLib</cmp>, <id>0x0000000c</id> <ver>3.5.17.10</ver>"
04.10.2024 04:27:48.987: Cmp=CM, C=1, E=0, M="<cmp>CmpCoreDump</cmp>, <id>0x00000083</id> <ver>3.5.17.10</ver>"
04.10.2024 04:27:48.987: Cmp=CM, C=1, E=0, M="<cmp>CmpCryptMD5</cmp>, <id>0x0000006a</id> <ver>3.5.17.10</ver>"
04.10.2024 04:27:48.987: Cmp=CM, C=1, E=0, M="<cmp>CmpDevice</cmp>, <id>0x0000000e</id> <ver>3.5.17.10</ver>"
04.10.2024 04:27:48.987: Cmp=CM, C=1, E=0, M="<cmp>CmpDynamicText</cmp>, <id>0x00000051</id> <ver>3.5.17.10</ver>"
04.10.2024 04:27:48.987: Cmp=CM, C=1, E=0, M="<cmp>CmpEventMgr</cmp>, <id>0x0000005b</id> <ver>3.5.17.10</ver>"
04.10.2024 04:27:48.987: Cmp=CM, C=1, E=0, M="<cmp>CmpFileTransfer</cmp>, <id>0x0000005e</id> <ver>3.5.17.10</ver>"
04.10.2024 04:27:48.987: Cmp=CM, C=1, E=0, M="<cmp>CmpIecStringUtils</cmp>, <id>0x0000007f</id> <ver>3.5.17.10</ver>"
04.10.2024 04:27:48.987: Cmp=CM, C=1, E=0, M="<cmp>CmpIecTask</cmp>, <id>0x00000011</id> <ver>3.5.17.20</ver>"
04.10.2024 04:27:48.987: Cmp=CM, C=1, E=0, M="<cmp>CmpIecVarAccess</cmp>, <id>0x00000060</id> <ver>3.5.17.10</ver>"
04.10.2024 04:27:48.987: Cmp=CM, C=1, E=0, M="<cmp>CmpIoDrvIec</cmp>, <id>0x0000005a</id> <ver>3.5.17.10</ver>"
04.10.2024 04:27:48.987: Cmp=CM, C=1, E=0, M="<cmp>CmpIoMgr</cmp>, <id>0x00000012</id> <ver>3.5.17.10</ver>"
04.10.2024 04:27:48.987: Cmp=CM, C=1, E=0, M="<cmp>CmpIpc</cmp>, <id>0x0000001d</id> <ver>3.5.17.10</ver>"
04.10.2024 04:27:48.987: Cmp=CM, C=1, E=0, M="<cmp>CmpMonitor2</cmp>, <id>0x00000032</id> <ver>3.5.17.10</ver>"
04.10.2024 04:27:48.988: Cmp=CM, C=1, E=0, M="<cmp>CmpNameServiceClient</cmp>, <id>0x00000015</id> <ver>3.5.17.10</ver>"
04.10.2024 04:27:48.988: Cmp=CM, C=1, E=0, M="<cmp>CmpNameServiceClientIec</cmp>, <id>0x0000011d</id> <ver>3.5.17.10</ver>"
04.10.2024 04:27:48.988: Cmp=CM, C=1, E=0, M="<cmp>CmpNameServiceServer</cmp>, <id>0x00000016</id> <ver>3.5.17.10</ver>"
04.10.2024 04:27:48.988: Cmp=CM, C=1, E=0, M="<cmp>CmpOpenSSL</cmp>, <id>0x00000033</id> <ver>3.5.17.30</ver>"
04.10.2024 04:27:48.988: Cmp=CM, C=1, E=0, M="<cmp>CmpPlcShell</cmp>, <id>0x00000128</id> <ver>3.5.17.10</ver>"
04.10.2024 04:27:48.988: Cmp=CM, C=1, E=0, M="<cmp>CmpRetain</cmp>, <id>0x00000017</id> <ver>3.5.17.30</ver>"
04.10.2024 04:27:48.988: Cmp=CM, C=1, E=0, M="<cmp>CmpRouter</cmp>, <id>0x00000018</id> <ver>3.5.17.10</ver>"
04.10.2024 04:27:48.988: Cmp=CM, C=1, E=0, M="<cmp>CmpSchedule</cmp>, <id>0x00000019</id> <ver>3.5.17.20</ver>"
04.10.2024 04:27:48.988: Cmp=CM, C=1, E=0, M="<cmp>CmpSecureChannel</cmp>, <id>0x00000090</id> <ver>3.5.17.10</ver>"
04.10.2024 04:27:48.988: Cmp=CM, C=1, E=0, M="<cmp>CmpSecurityManager</cmp>, <id>0x0000008e</id> <ver>3.5.17.10</ver>"
04.10.2024 04:27:48.988: Cmp=CM, C=1, E=0, M="<cmp>CmpSessionInformation</cmp>, <id>0x00000097</id> <ver>3.5.17.10</ver>"
04.10.2024 04:27:48.988: Cmp=CM, C=1, E=0, M="<cmp>CmpSrv</cmp>, <id>0x0000001c</id> <ver>3.5.17.10</ver>"
04.10.2024 04:27:48.988: Cmp=CM, C=1, E=0, M="<cmp>CmpTargetVisu</cmp>, <id>0x00000052</id> <ver>3.5.17.30</ver>"
04.10.2024 04:27:48.988: Cmp=CM, C=1, E=0, M="<cmp>CmpTraceMgr</cmp>, <id>0x00000070</id> <ver>3.5.17.10</ver>"
04.10.2024 04:27:48.988: Cmp=CM, C=1, E=0, M="<cmp>CmpUserDBFile</cmp>, <id>0x00000098</id> <ver>3.5.17.10</ver>"
04.10.2024 04:27:48.988: Cmp=CM, C=1, E=0, M="<cmp>CmpUserGroupsDBFile</cmp>, <id>0x00000099</id> <ver>3.5.17.10</ver>"
04.10.2024 04:27:48.988: Cmp=CM, C=1, E=0, M="<cmp>CmpUserMgr</cmp>, <id>0x00000061</id> <ver>3.5.17.10</ver>"
04.10.2024 04:27:48.988: Cmp=CM, C=1, E=0, M="<cmp>CmpUserObjectsDBFile</cmp>, <id>0x0000009c</id> <ver>3.5.17.10</ver>"
04.10.2024 04:27:48.988: Cmp=CM, C=1, E=0, M="<cmp>CmpVisuClientControllerHost</cmp>, <id>0x00000132</id> <ver>3.5.17.10</ver>"
04.10.2024 04:27:48.988: Cmp=CM, C=1, E=0, M="<cmp>CmpVisuHandler</cmp>, <id>0x00000054</id> <ver>3.5.17.10</ver>"
04.10.2024 04:27:48.988: Cmp=CM, C=1, E=0, M="<cmp>CmpVisuServer</cmp>, <id>0x00000057</id> <ver>3.5.17.10</ver>"
04.10.2024 04:27:48.988: Cmp=CM, C=1, E=0, M="<cmp>CmpWebServer</cmp>, <id>0x00000071</id> <ver>3.5.17.10</ver>"
04.10.2024 04:27:48.988: Cmp=CM, C=1, E=0, M="<cmp>CmpWebServerHandlerV3</cmp>, <id>0x00000072</id> <ver>3.5.17.10</ver>"
04.10.2024 04:27:48.988: Cmp=CM, C=1, E=0, M="Dynamic: <cmp>PsComponentManager</cmp>, <id>0x109b2012</id> <ver>0.0.1.1</ver>"
04.10.2024 04:27:49.138: Cmp=SysFile, C=1, E=0, M="PlcLogicPrefix=-1: Be aware backup/restore feature cannot be used"
04.10.2024 04:27:49.158: Cmp=CmpRouter, C=16, E=0, M="<instances>16</instances> router instances configured, first parallel router offset <offset>0</offset>"
04.10.2024 04:27:49.180: Cmp=CM, C=1, E=0, M="PsSysExcept<cmp>Dynamic: </cmp> init, <id>0x109b202b</id> <version>3.5.2.1</version>"
04.10.2024 04:27:49.184: Cmp=CM, C=16, E=0, M="Dynamic: <cmp>PsSysExcept</cmp>, <id>0x109b202b</id> <ver>3.5.2.1</ver>"
04.10.2024 04:27:49.195: Cmp=CM, C=1, E=0, M="PsDebug<cmp>Dynamic: </cmp> init, <id>0x109b2009</id> <version>3.5.2.1</version>"
04.10.2024 04:27:49.198: Cmp=CM, C=16, E=0, M="Dynamic: <cmp>PsDebug</cmp>, <id>0x109b2009</id> <ver>3.5.2.1</ver>"
04.10.2024 04:27:49.210: Cmp=CM, C=1, E=0, M="PsSysTask<cmp>Dynamic: </cmp> init, <id>0x109b2021</id> <version>0.0.1.1</version>"
04.10.2024 04:27:49.219: Cmp=CM, C=16, E=0, M="Dynamic: <cmp>PsSysTask</cmp>, <id>0x109b2021</id> <ver>0.0.1.1</ver>"
04.10.2024 04:27:49.239: Cmp=CM, C=1, E=0, M="PsPlcInfo<cmp>Dynamic: </cmp> init, <id>0x109b2005</id> <version>0.0.1.1</version>"
04.10.2024 04:27:49.246: 
-------------------------------------------------------------------------------------
----- CLOSED BY SIZE 99784/100000
-------------------------------------------------------------------------------------
