Cmp=PsSysTask, C=1, E=0, M="Modbus State:8257 IecCCnt:24025 CCnt:24025 CTime:35us AvgCTime:33us MaxCTime:2654us MinCTime:20us Jit:-61us JitMax:2345us JitMin:-2931us"
06.10.2024 12:50:25.009: Cmp=PsSysTask, C=1, E=0, M="VISU_TASK State:8259 IecCCnt:58674 CCnt:58674 CTime:83us AvgCTime:109809us MaxCTime:890102us MinCTime:37us Jit:-139708us JitMax:691373us JitMin:-199922us"
06.10.2024 12:50:25.009: Cmp=PsSysTask, C=1, E=0, M="TASK_PLC_PRG State:8257 IecCCnt:600635 CCnt:600635 CTime:2242us AvgCTime:2434us MaxCTime:4370us MinCTime:2154us Jit:-286us JitMax:1850us JitMin:-1318us"
06.10.2024 12:50:25.010: Cmp=PsSysTask, C=1, E=0, M="TASK_DIAGN State:8257 IecCCnt:12012 CCnt:12012 CTime:43478us AvgCTime:41356us MaxCTime:54628us MinCTime:36315us Jit:-139us JitMax:5483us JitMin:-3283us"
06.10.2024 12:55:26.008: Cmp=PsSysTask, C=1, E=0, M="AlarmManagerTask State:8257 IecCCnt:158284 CCnt:158284 CTime:103us AvgCTime:696us MaxCTime:359027us MinCTime:68us Jit:175287us JitMax:523475us JitMin:-49904us"
06.10.2024 12:55:26.008: Cmp=PsSysTask, C=1, E=0, M="RedundancyTask State:8257 IecCCnt:246298 CCnt:246298 CTime:62us AvgCTime:101us MaxCTime:1295us MinCTime:34us Jit:276us JitMax:1246us JitMin:-920us"
06.10.2024 12:55:26.008: Cmp=PsSysTask, C=1, E=0, M="Modbus State:8257 IecCCnt:24627 CCnt:24627 CTime:35us AvgCTime:33us MaxCTime:2654us MinCTime:20us Jit:-222us JitMax:2345us JitMin:-2931us"
06.10.2024 12:55:26.008: Cmp=PsSysTask, C=1, E=0, M="VISU_TASK State:8257 IecCCnt:60139 CCnt:60139 CTime:78us AvgCTime:109855us MaxCTime:890102us MinCTime:37us Jit:82133us JitMax:691373us JitMin:-199922us"
06.10.2024 12:55:26.008: Cmp=PsSysTask, C=1, E=0, M="TASK_PLC_PRG State:8257 IecCCnt:615685 CCnt:615685 CTime:2523us AvgCTime:2435us MaxCTime:4370us MinCTime:2154us Jit:-21us JitMax:1850us JitMin:-1318us"
06.10.2024 12:55:26.008: Cmp=PsSysTask, C=1, E=0, M="TASK_DIAGN State:8259 IecCCnt:12313 CCnt:12313 CTime:40040us AvgCTime:41348us MaxCTime:54628us MinCTime:36315us Jit:-469us JitMax:5483us JitMin:-3283us"
06.10.2024 13:00:27.003: Cmp=PsSysTask, C=1, E=0, M="AlarmManagerTask State:8257 IecCCnt:162139 CCnt:162139 CTime:104us AvgCTime:695us MaxCTime:359027us MinCTime:68us Jit:1882us JitMax:523475us JitMin:-49904us"
06.10.2024 13:00:27.003: Cmp=PsSysTask, C=1, E=0, M="RedundancyTask State:8257 IecCCnt:252319 CCnt:252319 CTime:77us AvgCTime:101us MaxCTime:1295us MinCTime:34us Jit:294us JitMax:1246us JitMin:-920us"
06.10.2024 13:00:27.003: Cmp=PsSysTask, C=1, E=0, M="Modbus State:8257 IecCCnt:25229 CCnt:25229 CTime:35us AvgCTime:33us MaxCTime:2654us MinCTime:20us Jit:-88us JitMax:2345us JitMin:-2931us"
06.10.2024 13:00:27.003: Cmp=PsSysTask, C=1, E=0, M="VISU_TASK State:8259 IecCCnt:61608 CCnt:61608 CTime:86us AvgCTime:109865us MaxCTime:890102us MinCTime:37us Jit:-85390us JitMax:691373us JitMin:-199922us"
06.10.2024 13:00:27.003: Cmp=PsSysTask, C=1, E=0, M="TASK_PLC_PRG State:8257 IecCCnt:630735 CCnt:630735 CTime:2246us AvgCTime:2436us MaxCTime:4370us MinCTime:2154us Jit:270us JitMax:1850us JitMin:-1318us"
06.10.2024 13:00:27.003: Cmp=PsSysTask, C=1, E=0, M="TASK_DIAGN State:8259 IecCCnt:12614 CCnt:12614 CTime:41314us AvgCTime:41372us MaxCTime:54628us MinCTime:36315us Jit:-462us JitMax:5483us JitMin:-3283us"
06.10.2024 13:05:28.000: Cmp=PsSysTask, C=1, E=0, M="AlarmManagerTask State:8257 IecCCnt:166018 CCnt:166018 CTime:106us AvgCTime:693us MaxCTime:359027us MinCTime:68us Jit:4074us JitMax:523475us JitMin:-49904us"
06.10.2024 13:05:28.000: Cmp=PsSysTask, C=1, E=0, M="RedundancyTask State:8257 IecCCnt:258339 CCnt:258339 CTime:60us AvgCTime:101us MaxCTime:1295us MinCTime:34us Jit:-269us JitMax:1246us JitMin:-920us"
06.10.2024 13:05:28.000: Cmp=PsSysTask, C=1, E=0, M="Modbus State:8257 IecCCnt:25831 CCnt:25831 CTime:35us AvgCTime:33us MaxCTime:2654us MinCTime:20us Jit:-61us JitMax:2345us JitMin:-2931us"
06.10.2024 13:05:28.000: Cmp=PsSysTask, C=1, E=0, M="VISU_TASK State:8259 IecCCnt:63079 CCnt:63079 CTime:84us AvgCTime:109839us MaxCTime:890102us MinCTime:37us Jit:-116292us JitMax:691373us JitMin:-199922us"
06.10.2024 13:05:28.000: Cmp=PsSysTask, C=1, E=0, M="TASK_PLC_PRG State:8257 IecCCnt:645786 CCnt:645786 CTime:2228us AvgCTime:2435us MaxCTime:4370us MinCTime:2154us Jit:5us JitMax:1850us JitMin:-1318us"
06.10.2024 13:05:28.000: Cmp=PsSysTask, C=1, E=0, M="TASK_DIAGN State:8257 IecCCnt:12916 CCnt:12916 CTime:40776us AvgCTime:41349us MaxCTime:54628us MinCTime:36315us Jit:-532us JitMax:5483us JitMin:-3283us"
06.10.2024 13:10:29.001: Cmp=PsSysTask, C=1, E=0, M="AlarmManagerTask State:8257 IecCCnt:169889 CCnt:169889 CTime:108us AvgCTime:693us MaxCTime:359027us MinCTime:68us Jit:-6us JitMax:523475us JitMin:-49904us"
06.10.2024 13:10:29.001: Cmp=PsSysTask, C=1, E=0, M="RedundancyTask State:8257 IecCCnt:264360 CCnt:264360 CTime:70us AvgCTime:101us MaxCTime:1295us MinCTime:34us Jit:272us JitMax:1246us JitMin:-920us"
06.10.2024 13:10:29.001: Cmp=PsSysTask, C=1, E=0, M="Modbus State:8257 IecCCnt:26433 CCnt:26433 CTime:25us AvgCTime:33us MaxCTime:2654us MinCTime:20us Jit:-86us JitMax:2345us JitMin:-2931us"
06.10.2024 13:10:29.001: Cmp=PsSysTask, C=1, E=0, M="VISU_TASK State:8257 IecCCnt:64550 CCnt:64550 CTime:73us AvgCTime:109850us MaxCTime:890102us MinCTime:37us Jit:-119296us JitMax:691373us JitMin:-199922us"
06.10.2024 13:10:29.003: Cmp=PsSysTask, C=1, E=0, M="TASK_PLC_PRG State:8257 IecCCnt:660837 CCnt:660837 CTime:2631us AvgCTime:2435us MaxCTime:4370us MinCTime:2154us Jit:-6us JitMax:1850us JitMin:-1318us"
06.10.2024 13:10:29.003: Cmp=PsSysTask, C=1, E=0, M="TASK_DIAGN State:8257 IecCCnt:13217 CCnt:13217 CTime:42700us AvgCTime:41350us MaxCTime:54628us MinCTime:36315us Jit:-686us JitMax:5483us JitMin:-3283us"
06.10.2024 13:15:30.001: Cmp=PsSysTask, C=1, E=0, M="AlarmManagerTask State:8257 IecCCnt:173721 CCnt:173721 CTime:105us AvgCTime:693us MaxCTime:359027us MinCTime:68us Jit:8779us JitMax:523475us JitMin:-49904us"
06.10.2024 13:15:30.001: Cmp=PsSysTask, C=1, E=0, M="RedundancyTask State:8257 IecCCnt:270381 CCnt:270381 CTime:67us AvgCTime:101us MaxCTime:1295us MinCTime:34us Jit:3us JitMax:1246us JitMin:-940us"
06.10.2024 13:15:30.001: Cmp=PsSysTask, C=1, E=0, M="Modbus State:8257 IecCCnt:27035 CCnt:27035 CTime:26us AvgCTime:33us MaxCTime:2654us MinCTime:20us Jit:-52us JitMax:2345us JitMin:-2931us"
06.10.2024 13:15:30.001: Cmp=PsSysTask, C=1, E=0, M="VISU_TASK State:8259 IecCCnt:66020 CCnt:66020 CTime:84us AvgCTime:109887us MaxCTime:890102us MinCTime:37us Jit:-97915us JitMax:691373us JitMin:-199922us"
06.10.2024 13:15:30.001: Cmp=PsSysTask, C=1, E=0, M="TASK_PLC_PRG State:8257 IecCCnt:675888 CCnt:675888 CTime:3280us AvgCTime:2435us MaxCTime:4370us MinCTime:2154us Jit:-255us JitMax:1850us JitMin:-1318us"
06.10.2024 13:15:30.001: Cmp=PsSysTask, C=1, E=0, M="TASK_DIAGN State:8257 IecCCnt:13518 CCnt:13518 CTime:43417us AvgCTime:41341us MaxCTime:54628us MinCTime:36315us Jit:172us JitMax:5483us JitMin:-3283us"
06.10.2024 13:20:31.000: Cmp=PsSysTask, C=1, E=0, M="AlarmManagerTask State:8257 IecCCnt:177585 CCnt:177585 CTime:103us AvgCTime:692us MaxCTime:359027us MinCTime:68us Jit:13us JitMax:523475us JitMin:-49904us"
06.10.2024 13:20:31.000: Cmp=PsSysTask, C=1, E=0, M="RedundancyTask State:8257 IecCCnt:276402 CCnt:276402 CTime:297us AvgCTime:101us MaxCTime:1295us MinCTime:34us Jit:-21us JitMax:1246us JitMin:-940us"
06.10.2024 13:20:31.000: Cmp=PsSysTask, C=1, E=0, M="Modbus State:8257 IecCCnt:27637 CCnt:27637 CTime:37us AvgCTime:33us MaxCTime:2654us MinCTime:20us Jit:-240us JitMax:2345us JitMin:-2931us"
06.10.2024 13:20:31.000: Cmp=PsSysTask, C=1, E=0, M="VISU_TASK State:8257 IecCCnt:67493 CCnt:67493 CTime:66us AvgCTime:109881us MaxCTime:890102us MinCTime:37us Jit:82505us JitMax:691373us JitMin:-199922us"
06.10.2024 13:20:31.000: Cmp=PsSysTask, C=1, E=0, M="TASK_PLC_PRG State:8257 IecCCnt:690938 CCnt:690938 CTime:2777us AvgCTime:2435us MaxCTime:4370us MinCTime:2151us Jit:-24us JitMax:1850us JitMin:-1318us"
06.10.2024 13:20:31.000: Cmp=PsSysTask, C=1, E=0, M="TASK_DIAGN State:8257 IecCCnt:13819 CCnt:13819 CTime:41494us AvgCTime:41325us MaxCTime:55204us MinCTime:36315us Jit:-59us JitMax:5483us JitMin:-3283us"
06.10.2024 13:25:32.004: Cmp=PsSysTask, C=1, E=0, M="AlarmManagerTask State:8257 IecCCnt:181495 CCnt:181495 CTime:105us AvgCTime:693us MaxCTime:359027us MinCTime:68us Jit:-544us JitMax:523475us JitMin:-49904us"
06.10.2024 13:25:32.004: Cmp=PsSysTask, C=1, E=0, M="RedundancyTask State:8257 IecCCnt:282423 CCnt:282423 CTime:60us AvgCTime:101us MaxCTime:1295us MinCTime:34us Jit:-25us JitMax:1246us JitMin:-940us"
06.10.2024 13:25:32.004: Cmp=PsSysTask, C=1, E=0, M="Modbus State:8257 IecCCnt:28239 CCnt:28239 CTime:27us AvgCTime:33us MaxCTime:2654us MinCTime:20us Jit:-64us JitMax:2503us JitMin:-2931us"
06.10.2024 13:25:32.004: Cmp=PsSysTask, C=1, E=0, M="VISU_TASK State:8257 IecCCnt:68970 CCnt:68970 CTime:87us AvgCTime:109828us MaxCTime:890102us MinCTime:37us Jit:-128444us JitMax:691373us JitMin:-199922us"
06.10.2024 13:25:32.004: Cmp=PsSysTask, C=1, E=0, M="TASK_PLC_PRG State:8257 IecCCnt:705989 CCnt:705989 CTime:2221us AvgCTime:2434us MaxCTime:4370us MinCTime:2151us Jit:-9us JitMax:1850us JitMin:-1318us"
06.10.2024 13:25:32.004: Cmp=PsSysTask, C=1, E=0, M="TASK_DIAGN State:8257 IecCCnt:14120 CCnt:14120 CTime:40637us AvgCTime:41330us MaxCTime:55204us MinCTime:36315us Jit:603us JitMax:5483us JitMin:-3283us"
06.10.2024 13:30:33.003: Cmp=PsSysTask, C=1, E=0, M="AlarmManagerTask State:8257 IecCCnt:185367 CCnt:185367 CTime:105us AvgCTime:692us MaxCTime:359027us MinCTime:68us Jit:2296us JitMax:523475us JitMin:-49904us"
06.10.2024 13:30:33.003: Cmp=PsSysTask, C=1, E=0, M="RedundancyTask State:8257 IecCCnt:288444 CCnt:288444 CTime:60us AvgCTime:101us MaxCTime:1295us MinCTime:34us Jit:20us JitMax:1246us JitMin:-940us"
06.10.2024 13:30:33.003: Cmp=PsSysTask, C=1, E=0, M="Modbus State:8257 IecCCnt:28841 CCnt:28841 CTime:35us AvgCTime:33us MaxCTime:2654us MinCTime:20us Jit:-65us JitMax:2503us JitMin:-2931us"
06.10.2024 13:30:33.003: Cmp=PsSysTask, C=1, E=0, M="VISU_TASK State:8259 IecCCnt:70433 CCnt:70433 CTime:86us AvgCTime:109835us MaxCTime:890102us MinCTime:37us Jit:-132359us JitMax:691373us JitMin:-199922us"
06.10.2024 13:30:33.003: Cmp=PsSysTask, C=1, E=0, M="TASK_PLC_PRG State:8257 IecCCnt:721040 CCnt:721040 CTime:2243us AvgCTime:2433us MaxCTime:4370us MinCTime:2151us Jit:-16us JitMax:1850us JitMin:-1318us"
06.10.2024 13:30:33.003: Cmp=PsSysTask, C=1, E=0, M="TASK_DIAGN State:8257 IecCCnt:14421 CCnt:14421 CTime:40190us AvgCTime:41333us MaxCTime:55204us MinCTime:36315us Jit:-158us JitMax:5483us JitMin:-3283us"
06.10.2024 13:35:34.004: Cmp=PsSysTask, C=1, E=0, M="AlarmManagerTask State:8257 IecCCnt:189218 CCnt:189218 CTime:108us AvgCTime:692us MaxCTime:359027us MinCTime:68us Jit:7684us JitMax:523475us JitMin:-49904us"
06.10.2024 13:35:34.004: Cmp=PsSysTask, C=1, E=0, M="RedundancyTask State:8257 IecCCnt:294465 CCnt:294465 CTime:54us AvgCTime:101us MaxCTime:1295us MinCTime:34us Jit:64us JitMax:1246us JitMin:-940us"
06.10.2024 13:35:34.004: Cmp=PsSysTask, C=1, E=0, M="Modbus State:8257 IecCCnt:29443 CCnt:29443 CTime:24us AvgCTime:33us MaxCTime:2654us MinCTime:20us Jit:1582us JitMax:2503us JitMin:-2931us"
06.10.2024 13:35:34.004: Cmp=PsSysTask, C=1, E=0, M="VISU_TASK State:8257 IecCCnt:71906 CCnt:71906 CTime:67us AvgCTime:109845us MaxCTime:890102us MinCTime:37us Jit:90237us JitMax:691373us JitMin:-199922us"
06.10.2024 13:35:34.004: Cmp=PsSysTask, C=1, E=0, M="TASK_PLC_PRG State:8257 IecCCnt:736090 CCnt:736090 CTime:3116us AvgCTime:2434us MaxCTime:4370us MinCTime:2151us Jit:192us JitMax:1850us JitMin:-1348us"
06.10.2024 13:35:34.004: Cmp=PsSysTask, C=1, E=0, M="TASK_DIAGN State:8257 IecCCnt:14722 CCnt:14722 CTime:41285us AvgCTime:41317us MaxCTime:55204us MinCTime:36315us Jit:116us JitMax:5483us JitMin:-3283us"
06.10.2024 13:40:35.007: Cmp=PsSysTask, C=1, E=0, M="AlarmManagerTask State:8257 IecCCnt:193076 CCnt:193076 CTime:104us AvgCTime:696us MaxCTime:359027us MinCTime:68us Jit:-6101us JitMax:523475us JitMin:-49904us"
06.10.2024 13:40:35.007: Cmp=PsSysTask, C=1, E=0, M="RedundancyTask State:8257 IecCCnt:300486 CCnt:300486 CTime:70us AvgCTime:100us MaxCTime:1295us MinCTime:34us Jit:-40us JitMax:1246us JitMin:-940us"
06.10.2024 13:40:35.007: Cmp=PsSysTask, C=1, E=0, M="Modbus State:8257 IecCCnt:30046 CCnt:30046 CTime:32us AvgCTime:33us MaxCTime:2654us MinCTime:20us Jit:-92us JitMax:2503us JitMin:-2931us"
06.10.2024 13:40:35.007: Cmp=PsSysTask, C=1, E=0, M="VISU_TASK State:8257 IecCCnt:73373 CCnt:73373 CTime:87us AvgCTime:109857us MaxCTime:890102us MinCTime:37us Jit:-140178us JitMax:691373us JitMin:-199922us"
06.10.2024 13:40:35.007: Cmp=PsSysTask, C=1, E=0, M="TASK_PLC_PRG State:8257 IecCCnt:751141 CCnt:751141 CTime:2211us AvgCTime:2435us MaxCTime:4370us MinCTime:2151us Jit:216us JitMax:1850us JitMin:-1348us"
06.10.2024 13:40:35.007: Cmp=PsSysTask, C=1, E=0, M="TASK_DIAGN State:8257 IecCCnt:15023 CCnt:15023 CTime:42201us AvgCTime:41322us MaxCTime:55204us MinCTime:36315us Jit:-164us JitMax:5483us JitMin:-3283us"
06.10.2024 13:45:36.011: Cmp=PsSysTask, C=1, E=0, M="AlarmManagerTask State:8257 IecCCnt:196942 CCnt:196942 CTime:106us AvgCTime:692us MaxCTime:359027us MinCTime:67us Jit:153us JitMax:523475us JitMin:-49904us"
06.10.2024 13:45:36.011: Cmp=PsSysTask, C=1, E=0, M="RedundancyTask State:8257 IecCCnt:306507 CCnt:306507 CTime:56us AvgCTime:100us MaxCTime:1295us MinCTime:34us Jit:-33us JitMax:1246us JitMin:-940us"
06.10.2024 13:45:36.011: Cmp=PsSysTask, C=1, E=0, M="Modbus State:8257 IecCCnt:30648 CCnt:30648 CTime:26us AvgCTime:32us MaxCTime:2654us MinCTime:20us Jit:-98us JitMax:2503us JitMin:-2931us"
06.10.2024 13:45:36.011: Cmp=PsSysTask, C=1, E=0, M="VISU_TASK State:8257 IecCCnt:74837 CCnt:74837 CTime:68us AvgCTime:109862us MaxCTime:890102us MinCTime:37us Jit:62370us JitMax:691373us JitMin:-199922us"
06.10.2024 13:45:36.011: Cmp=PsSysTask, C=1, E=0, M="TASK_PLC_PRG State:8257 IecCCnt:766192 CCnt:766192 CTime:2576us AvgCTime:2434us MaxCTime:4370us MinCTime:2151us Jit:-51us JitMax:1850us JitMin:-1348us"
06.10.2024 13:45:36.011: Cmp=PsSysTask, C=1, E=0, M="TASK_DIAGN State:8257 IecCCnt:15324 CCnt:15324 CTime:40704us AvgCTime:41327us MaxCTime:55204us MinCTime:36315us Jit:-150us JitMax:5483us JitMin:-3283us"
06.10.2024 13:50:37.008: Cmp=PsSysTask, C=1, E=0, M="AlarmManagerTask State:8257 IecCCnt:200796 CCnt:200796 CTime:99us AvgCTime:691us MaxCTime:359027us MinCTime:67us Jit:1552us JitMax:523475us JitMin:-49904us"
06.10.2024 13:50:37.008: Cmp=PsSysTask, C=1, E=0, M="RedundancyTask State:8257 IecCCnt:312528 CCnt:312528 CTime:57us AvgCTime:101us MaxCTime:1295us MinCTime:34us Jit:-17us JitMax:1246us JitMin:-940us"
06.10.2024 13:50:37.008: Cmp=PsSysTask, C=1, E=0, M="Modbus State:8257 IecCCnt:31250 CCnt:31250 CTime:35us AvgCTime:32us MaxCTime:2654us MinCTime:20us Jit:-70us JitMax:2503us JitMin:-2931us"
06.10.2024 13:50:37.008: Cmp=PsSysTask, C=1, E=0, M="VISU_TASK State:8257 IecCCnt:76303 CCnt:76303 CTime:82us AvgCTime:109883us MaxCTime:890102us MinCTime:37us Jit:-81417us JitMax:691373us JitMin:-199922us"
06.10.2024 13:50:37.009: Cmp=PsSysTask, C=1, E=0, M="TASK_PLC_PRG State:8257 IecCCnt:781243 CCnt:781243 CTime:2193us AvgCTime:2433us MaxCTime:4370us MinCTime:2151us Jit:131us JitMax:1850us JitMin:-1348us"
06.10.2024 13:50:37.009: Cmp=PsSysTask, C=1, E=0, M="TASK_DIAGN State:8257 IecCCnt:15625 CCnt:15625 CTime:40287us AvgCTime:41326us MaxCTime:55204us MinCTime:36315us Jit:-465us JitMax:5483us JitMin:-3283us"
06.10.2024 13:55:38.002: Cmp=PsSysTask, C=1, E=0, M="AlarmManagerTask State:8257 IecCCnt:204653 CCnt:204653 CTime:106us AvgCTime:689us MaxCTime:359027us MinCTime:67us Jit:-167us JitMax:523475us JitMin:-49904us"
06.10.2024 13:55:38.002: Cmp=PsSysTask, C=1, E=0, M="RedundancyTask State:8257 IecCCnt:318549 CCnt:318549 CTime:322us AvgCTime:101us MaxCTime:1363us MinCTime:34us Jit:-8us JitMax:1246us JitMin:-940us"
06.10.2024 13:55:38.002: Cmp=PsSysTask, C=1, E=0, M="Modbus State:8257 IecCCnt:31852 CCnt:31852 CTime:22us AvgCTime:32us MaxCTime:2654us MinCTime:20us Jit:-67us JitMax:2503us JitMin:-2931us"
06.10.2024 13:55:38.002: Cmp=PsSysTask, C=1, E=0, M="VISU_TASK State:8257 IecCCnt:77769 CCnt:77769 CTime:78us AvgCTime:109901us MaxCTime:890102us MinCTime:37us Jit:-155207us JitMax:691373us JitMin:-199922us"
06.10.2024 13:55:38.002: Cmp=PsSysTask, C=1, E=0, M="TASK_PLC_PRG State:8257 IecCCnt:796293 CCnt:796293 CTime:2933us AvgCTime:2435us MaxCTime:4370us MinCTime:2151us Jit:230us JitMax:1850us JitMin:-1348us"
06.10.2024 13:55:38.002: Cmp=PsSysTask, C=1, E=0, M="TASK_DIAGN State:8257 IecCCnt:15926 CCnt:15926 CTime:41088us AvgCTime:41331us MaxCTime:55204us MinCTime:36315us Jit:29us JitMax:5483us JitMin:-3283us"
06.10.2024 14:00:39.006: Cmp=PsSysTask, C=1, E=0, M="AlarmManagerTask State:8257 IecCCnt:208528 CCnt:208528 CTime:107us AvgCTime:688us MaxCTime:359027us MinCTime:67us Jit:1023us JitMax:523475us JitMin:-49904us"
06.10.2024 14:00:39.006: Cmp=PsSysTask, C=1, E=0, M="RedundancyTask State:8257 IecCCnt:324570 CCnt:324570 CTime:60us AvgCTime:101us MaxCTime:1363us MinCTime:34us Jit:27us JitMax:1246us JitMin:-940us"
06.10.2024 14:00:39.006: Cmp=PsSysTask, C=1, E=0, M="Modbus State:8257 IecCCnt:32454 CCnt:32454 CTime:27us AvgCTime:32us MaxCTime:2654us MinCTime:20us Jit:-361us JitMax:2503us JitMin:-2931us"
06.10.2024 14:00:39.006: Cmp=PsSysTask, C=1, E=0, M="VISU_TASK State:8257 IecCCnt:79243 CCnt:79243 CTime:86us AvgCTime:109887us MaxCTime:890102us MinCTime:37us Jit:-123240us JitMax:691373us JitMin:-199922us"
06.10.2024 14:00:39.006: Cmp=PsSysTask, C=1, E=0, M="TASK_PLC_PRG State:8257 IecCCnt:811345 CCnt:811345 CTime:2567us AvgCTime:2434us MaxCTime:4370us MinCTime:2151us Jit:97us JitMax:1850us JitMin:-1348us"
06.10.2024 14:00:39.006: Cmp=PsSysTask, C=1, E=0, M="TASK_DIAGN State:8257 IecCCnt:16227 CCnt:16227 CTime:40604us AvgCTime:41334us MaxCTime:55204us MinCTime:36315us Jit:66us JitMax:5483us JitMin:-3283us"
06.10.2024 14:05:40.006: Cmp=PsSysTask, C=1, E=0, M="AlarmManagerTask State:8257 IecCCnt:212391 CCnt:212391 CTime:107us AvgCTime:689us MaxCTime:359027us MinCTime:67us Jit:5578us JitMax:523475us JitMin:-49904us"
06.10.2024 14:05:40.006: Cmp=PsSysTask, C=1, E=0, M="RedundancyTask State:8257 IecCCnt:330591 CCnt:330591 CTime:68us AvgCTime:101us MaxCTime:1363us MinCTime:34us Jit:286us JitMax:1246us JitMin:-940us"
06.10.2024 14:05:40.006: Cmp=PsSysTask, C=1, E=0, M="Modbus State:8257 IecCCnt:33056 CCnt:33056 CTime:38us AvgCTime:33us MaxCTime:2654us MinCTime:20us Jit:-53us JitMax:2503us JitMin:-2931us"
06.10.2024 14:05:40.006: Cmp=PsSysTask, C=1, E=0, M="VISU_TASK State:8257 IecCCnt:80715 CCnt:80715 CTime:91us AvgCTime:109880us MaxCTime:890102us MinCTime:37us Jit:-135048us JitMax:691373us JitMin:-199922us"
06.10.2024 14:05:40.006: Cmp=PsSysTask, C=1, E=0, M="TASK_PLC_PRG State:8257 IecCCnt:826397 CCnt:826397 CTime:2393us AvgCTime:2434us MaxCTime:4370us MinCTime:2151us Jit:-4us JitMax:1850us JitMin:-1348us"
06.10.2024 14:05:40.006: Cmp=PsSysTask, C=1, E=0, M="TASK_DIAGN State:8257 IecCCnt:16528 CCnt:16528 CTime:39472us AvgCTime:41297us MaxCTime:55204us MinCTime:36315us Jit:136us JitMax:5483us JitMin:-3283us"
06.10.2024 14:10:41.005: Cmp=PsSysTask, C=1, E=0, M="AlarmManagerTask State:8257 IecCCnt:216225 CCnt:216225 CTime:110us AvgCTime:689us MaxCTime:359027us MinCTime:67us Jit:5445us JitMax:523475us JitMin:-49904us"
06.10.2024 14:10:41.005: Cmp=PsSysTask, C=1, E=0, M="RedundancyTask State:8257 IecCCnt:336611 CCnt:336611 CTime:69us AvgCTime:101us MaxCTime:1363us MinCTime:34us Jit:309us JitMax:1246us JitMin:-940us"
06.10.2024 14:10:41.005: Cmp=PsSysTask, C=1, E=0, M="Modbus State:8257 IecCCnt:33658 CCnt:33658 CTime:30us AvgCTime:33us MaxCTime:2654us MinCTime:20us Jit:-62us JitMax:2503us JitMin:-2931us"
06.10.2024 14:10:41.005: Cmp=PsSysTask, C=1, E=0, M="VISU_TASK State:8259 IecCCnt:82184 CCnt:82184 CTime:90us AvgCTime:109898us MaxCTime:890102us MinCTime:37us Jit:-90440us JitMax:691373us JitMin:-199922us"
06.10.2024 14:10:41.005: Cmp=PsSysTask, C=1, E=0, M="TASK_PLC_PRG State:8257 IecCCnt:841447 CCnt:841447 CTime:2229us AvgCTime:2433us MaxCTime:4370us MinCTime:2151us Jit:-15us JitMax:1850us JitMin:-1348us"
06.10.2024 14:10:41.005: Cmp=PsSysTask, C=1, E=0, M="TASK_DIAGN State:8257 IecCCnt:16829 CCnt:16829 CTime:40712us AvgCTime:41285us MaxCTime:55204us MinCTime:36315us Jit:-304us JitMax:5483us JitMin:-3283us"
06.10.2024 14:15:42.002: Cmp=PsSysTask, C=1, E=0, M="AlarmManagerTask State:8257 IecCCnt:220079 CCnt:220079 CTime:106us AvgCTime:690us MaxCTime:359027us MinCTime:67us Jit:8033us JitMax:523475us JitMin:-49904us"
06.10.2024 14:15:42.002: Cmp=PsSysTask, C=1, E=0, M="RedundancyTask State:8257 IecCCnt:342632 CCnt:342632 CTime:347us AvgCTime:101us MaxCTime:1363us MinCTime:34us Jit:-28us JitMax:1246us JitMin:-940us"
06.10.2024 14:15:42.002: Cmp=PsSysTask, C=1, E=0, M="Modbus State:8257 IecCCnt:34260 CCnt:34260 CTime:27us AvgCTime:33us MaxCTime:2654us MinCTime:20us Jit:326us JitMax:2503us JitMin:-2931us"
06.10.2024 14:15:42.002: Cmp=PsSysTask, C=1, E=0, M="VISU_TASK State:8259 IecCCnt:83654 CCnt:83654 CTime:70us AvgCTime:109915us MaxCTime:890102us MinCTime:37us Jit:-94433us JitMax:691373us JitMin:-199922us"
06.10.2024 14:15:42.002: Cmp=PsSysTask, C=1, E=0, M="TASK_PLC_PRG State:8257 IecCCnt:856499 CCnt:856499 CTime:2557us AvgCTime:2433us MaxCTime:4370us MinCTime:2151us Jit:7us JitMax:1850us JitMin:-1348us"
06.10.2024 14:15:42.002: Cmp=PsSysTask, C=1, E=0, M="TASK_DIAGN State:8257 IecCCnt:17130 CCnt:17130 CTime:40310us AvgCTime:41290us MaxCTime:55204us MinCTime:36315us Jit:-264us JitMax:5483us JitMin:-3283us"
06.10.2024 14:20:43.011: Cmp=PsSysTask, C=1, E=0, M="AlarmManagerTask State:8257 IecCCnt:223939 CCnt:223939 CTime:107us AvgCTime:688us MaxCTime:359027us MinCTime:67us Jit:1923us JitMax:523475us JitMin:-49904us"
06.10.2024 14:20:43.011: Cmp=PsSysTask, C=1, E=0, M="RedundancyTask State:8257 IecCCnt:348653 CCnt:348653 CTime:66us AvgCTime:101us MaxCTime:1363us MinCTime:34us Jit:8us JitMax:1246us JitMin:-940us"
06.10.2024 14:20:43.011: Cmp=PsSysTask, C=1, E=0, M="Modbus State:8257 IecCCnt:34862 CCnt:34862 CTime:27us AvgCTime:33us MaxCTime:2654us MinCTime:20us Jit:-21us JitMax:2629us JitMin:-2931us"
06.10.2024 14:20:43.011: Cmp=PsSysTask, C=1, E=0, M="VISU_TASK State:8257 IecCCnt:85125 CCnt:85125 CTime:80us AvgCTime:109921us MaxCTime:890102us MinCTime:37us Jit:-69348us JitMax:691373us JitMin:-199922us"
06.10.2024 14:20:43.011: Cmp=PsSysTask, C=1, E=0, M="TASK_PLC_PRG State:8257 IecCCnt:871550 CCnt:871550 CTime:2784us AvgCTime:2433us MaxCTime:4370us MinCTime:2151us Jit:8us JitMax:1850us JitMin:-1348us"
06.10.2024 14:20:43.011: Cmp=PsSysTask, C=1, E=0, M="TASK_DIAGN State:8257 IecCCnt:17431 CCnt:17431 CTime:40989us AvgCTime:41293us MaxCTime:55204us MinCTime:36315us Jit:-242us JitMax:5483us JitMin:-3283us"
06.10.2024 14:25:44.011: Cmp=PsSysTask, C=1, E=0, M="AlarmManagerTask State:8257 IecCCnt:227777 CCnt:227777 CTime:106us AvgCTime:688us MaxCTime:359027us MinCTime:67us Jit:7791us JitMax:523475us JitMin:-49904us"
06.10.2024 14:25:44.011: Cmp=PsSysTask, C=1, E=0, M="RedundancyTask State:8257 IecCCnt:354674 CCnt:354674 CTime:59us AvgCTime:101us MaxCTime:1363us MinCTime:34us Jit:364us JitMax:1246us JitMin:-940us"
06.10.2024 14:25:44.011: Cmp=PsSysTask, C=1, E=0, M="Modbus State:8257 IecCCnt:35464 CCnt:35464 CTime:29us AvgCTime:33us MaxCTime:2654us MinCTime:20us Jit:-58us JitMax:2629us JitMin:-2931us"
06.10.2024 14:25:44.011: Cmp=PsSysTask, C=1, E=0, M="VISU_TASK State:8259 IecCCnt:86594 CCnt:86594 CTime:85us AvgCTime:109930us MaxCTime:890102us MinCTime:37us Jit:-112295us JitMax:691373us JitMin:-199922us"
06.10.2024 14:25:44.011: Cmp=PsSysTask, C=1, E=0, M="TASK_PLC_PRG State:8257 IecCCnt:886602 CCnt:886602 CTime:2696us AvgCTime:2432us MaxCTime:4370us MinCTime:2151us Jit:358us JitMax:1850us JitMin:-1348us"
06.10.2024 14:25:44.011: Cmp=PsSysTask, C=1, E=0, M="TASK_DIAGN State:8257 IecCCnt:17732 CCnt:17732 CTime:36770us AvgCTime:41274us MaxCTime:55749us MinCTime:36315us Jit:-429us JitMax:5483us JitMin:-3283us"
06.10.2024 14:30:45.005: Cmp=PsSysTask, C=1, E=0, M="AlarmManagerTask State:8257 IecCCnt:231692 CCnt:231692 CTime:89us AvgCTime:687us MaxCTime:359027us MinCTime:67us Jit:183533us JitMax:523475us JitMin:-49904us"
06.10.2024 14:30:45.005: Cmp=PsSysTask, C=1, E=0, M="RedundancyTask State:8257 IecCCnt:360695 CCnt:360695 CTime:71us AvgCTime:101us MaxCTime:1363us MinCTime:34us Jit:0us JitMax:1246us JitMin:-940us"
06.10.2024 14:30:45.005: Cmp=PsSysTask, C=1, E=0, M="Modbus State:8257 IecCCnt:36066 CCnt:36066 CTime:26us AvgCTime:33us MaxCTime:2654us MinCTime:20us Jit:431us JitMax:2629us JitMin:-2931us"
06.10.2024 14:30:45.005: Cmp=PsSysTask, C=1, E=0, M="VISU_TASK State:8257 IecCCnt:88068 CCnt:88068 CTime:62us AvgCTime:109911us MaxCTime:890102us MinCTime:37us Jit:109678us JitMax:691373us JitMin:-199922us"
06.10.2024 14:30:45.005: Cmp=PsSysTask, C=1, E=0, M="TASK_PLC_PRG State:8257 IecCCnt:901653 CCnt:901653 CTime:2454us AvgCTime:2431us MaxCTime:4370us MinCTime:2151us Jit:-17us JitMax:1850us JitMin:-1348us"
06.10.2024 14:30:45.005: Cmp=PsSysTask, C=1, E=0, M="TASK_DIAGN State:8257 IecCCnt:18033 CCnt:18033 CTime:42571us AvgCTime:41274us MaxCTime:55749us MinCTime:36315us Jit:325us JitMax:5483us JitMin:-3283us"
06.10.2024 14:35:46.005: Cmp=PsSysTask, C=1, E=0, M="AlarmManagerTask State:8257 IecCCnt:235539 CCnt:235539 CTime:90us AvgCTime:686us MaxCTime:359027us MinCTime:67us Jit:189866us JitMax:523475us JitMin:-49904us"
06.10.2024 14:35:46.006: Cmp=PsSysTask, C=1, E=0, M="RedundancyTask State:8257 IecCCnt:366716 CCnt:366716 CTime:62us AvgCTime:101us MaxCTime:1363us MinCTime:34us Jit:-5us JitMax:1246us JitMin:-940us"
06.10.2024 14:35:46.006: Cmp=PsSysTask, C=1, E=0, M="Modbus State:8257 IecCCnt:36668 CCnt:36668 CTime:34us AvgCTime:33us MaxCTime:2654us MinCTime:20us Jit:-371us JitMax:2629us JitMin:-2931us"
06.10.2024 14:35:46.006: Cmp=PsSysTask, C=1, E=0, M="VISU_TASK State:8257 IecCCnt:89541 CCnt:89541 CTime:66us AvgCTime:109920us MaxCTime:890102us MinCTime:37us Jit:134325us JitMax:691373us JitMin:-199922us"
06.10.2024 14:35:46.006: Cmp=PsSysTask, C=1, E=0, M="TASK_PLC_PRG State:8257 IecCCnt:916704 CCnt:916704 CTime:2225us AvgCTime:2432us MaxCTime:4370us MinCTime:2151us Jit:103us JitMax:1882us JitMin:-1348us"
06.10.2024 14:35:46.006: Cmp=PsSysTask, C=1, E=0, M="TASK_DIAGN State:8257 IecCCnt:18334 CCnt:18334 CTime:40383us AvgCTime:41278us MaxCTime:55749us MinCTime:36315us Jit:-165us JitMax:5483us JitMin:-3283us"
06.10.2024 14:40:47.000: Cmp=PsSysTask, C=1, E=0, M="AlarmManagerTask State:8257 IecCCnt:239392 CCnt:239392 CTime:106us AvgCTime:687us MaxCTime:359027us MinCTime:67us Jit:1251us JitMax:523475us JitMin:-49904us"
06.10.2024 14:40:47.000: Cmp=PsSysTask, C=1, E=0, M="RedundancyTask State:8257 IecCCnt:372737 CCnt:372737 CTime:57us AvgCTime:101us MaxCTime:1363us MinCTime:34us Jit:-23us JitMax:1246us JitMin:-940us"
06.10.2024 14:40:47.000: Cmp=PsSysTask, C=1, E=0, M="Modbus State:8257 IecCCnt:37270 CCnt:37270 CTime:27us AvgCTime:33us MaxCTime:2654us MinCTime:20us Jit:-75us JitMax:2629us JitMin:-2931us"
06.10.2024 14:40:47.000: Cmp=PsSysTask, C=1, E=0, M="VISU_TASK State:8257 IecCCnt:91003 CCnt:91003 CTime:76us AvgCTime:109939us MaxCTime:890102us MinCTime:37us Jit:-72023us JitMax:691373us JitMin:-199922us"
06.10.2024 14:40:47.000: Cmp=PsSysTask, C=1, E=0, M="TASK_PLC_PRG State:8257 IecCCnt:931754 CCnt:931754 CTime:2416us AvgCTime:2431us MaxCTime:4370us MinCTime:2151us Jit:-295us JitMax:1882us JitMin:-1348us"
06.10.2024 14:40:47.000: Cmp=PsSysTask, C=1, E=0, M="TASK_DIAGN State:8257 IecCCnt:18635 CCnt:18635 CTime:40268us AvgCTime:41280us MaxCTime:55749us MinCTime:36315us Jit:-426us JitMax:5483us JitMin:-3283us"
06.10.2024 14:45:48.003: Cmp=PsSysTask, C=1, E=0, M="AlarmManagerTask State:8257 IecCCnt:243245 CCnt:243245 CTime:105us AvgCTime:688us MaxCTime:359027us MinCTime:67us Jit:-287us JitMax:523475us JitMin:-49904us"
06.10.2024 14:45:48.003: Cmp=PsSysTask, C=1, E=0, M="RedundancyTask State:8257 IecCCnt:378758 CCnt:378758 CTime:72us AvgCTime:101us MaxCTime:1363us MinCTime:34us Jit:-358us JitMax:1246us JitMin:-940us"
06.10.2024 14:45:48.003: Cmp=PsSysTask, C=1, E=0, M="Modbus State:8257 IecCCnt:37872 CCnt:37872 CTime:26us AvgCTime:33us MaxCTime:2654us MinCTime:20us Jit:-422us JitMax:2629us JitMin:-2931us"
06.10.2024 14:45:48.003: Cmp=PsSysTask, C=1, E=0, M="VISU_TASK State:8257 IecCCnt:92470 CCnt:92470 CTime:84us AvgCTime:109949us MaxCTime:890102us MinCTime:37us Jit:-100358us JitMax:691373us JitMin:-199922us"
06.10.2024 14:45:48.003: Cmp=PsSysTask, C=1, E=0, M="TASK_PLC_PRG State:8257 IecCCnt:946805 CCnt:946805 CTime:2208us AvgCTime:2431us MaxCTime:4370us MinCTime:2151us Jit:1us JitMax:1882us JitMin:-1348us"
06.10.2024 14:45:48.003: Cmp=PsSysTask, C=1, E=0, M="TASK_DIAGN State:8257 IecCCnt:18936 CCnt:18936 CTime:41062us AvgCTime:41286us MaxCTime:55749us MinCTime:36315us Jit:-145us JitMax:5483us JitMin:-3283us"
06.10.2024 14:50:49.011: Cmp=PsSysTask, C=1, E=0, M="AlarmManagerTask State:8257 IecCCnt:247145 CCnt:247145 CTime:99us AvgCTime:688us MaxCTime:359027us MinCTime:67us Jit:1648us JitMax:523475us JitMin:-49904us"
06.10.2024 14:50:49.011: Cmp=PsSysTask, C=1, E=0, M="RedundancyTask State:8257 IecCCnt:384779 CCnt:384779 CTime:61us AvgCTime:101us MaxCTime:1363us MinCTime:34us Jit:10us JitMax:1474us JitMin:-1212us"
06.10.2024 14:50:49.011: Cmp=PsSysTask, C=1, E=0, M="Modbus State:8257 IecCCnt:38474 CCnt:38474 CTime:35us AvgCTime:33us MaxCTime:2654us MinCTime:20us Jit:-73us JitMax:2629us JitMin:-2931us"
06.10.2024 14:50:49.011: Cmp=PsSysTask, C=1, E=0, M="VISU_TASK State:8257 IecCCnt:93946 CCnt:93946 CTime:79us AvgCTime:109922us MaxCTime:890102us MinCTime:37us Jit:-73682us JitMax:691373us JitMin:-199922us"
06.10.2024 14:50:49.011: Cmp=PsSysTask, C=1, E=0, M="TASK_PLC_PRG State:8257 IecCCnt:961856 CCnt:961856 CTime:2266us AvgCTime:2431us MaxCTime:4370us MinCTime:2151us Jit:1us JitMax:1882us JitMin:-1348us"
06.10.2024 14:50:49.011: Cmp=PsSysTask, C=1, E=0, M="TASK_DIAGN State:8257 IecCCnt:19237 CCnt:19237 CTime:40749us AvgCTime:41291us MaxCTime:55749us MinCTime:36315us Jit:-162us JitMax:5483us JitMin:-3283us"
06.10.2024 14:55:50.005: Cmp=PsSysTask, C=1, E=0, M="AlarmManagerTask State:8257 IecCCnt:251005 CCnt:251005 CTime:106us AvgCTime:688us MaxCTime:359027us MinCTime:67us Jit:6044us JitMax:523475us JitMin:-49904us"
06.10.2024 14:55:50.005: Cmp=PsSysTask, C=1, E=0, M="RedundancyTask State:8257 IecCCnt:390800 CCnt:390800 CTime:62us AvgCTime:101us MaxCTime:1363us MinCTime:34us Jit:-262us JitMax:1474us JitMin:-1212us"
06.10.2024 14:55:50.005: Cmp=PsSysTask, C=1, E=0, M="Modbus State:8257 IecCCnt:39076 CCnt:39076 CTime:36us AvgCTime:33us MaxCTime:2654us MinCTime:20us Jit:-343us JitMax:2629us JitMin:-2931us"
06.10.2024 14:55:50.005: Cmp=PsSysTask, C=1, E=0, M="VISU_TASK State:8259 IecCCnt:95416 CCnt:95416 CTime:86us AvgCTime:109922us MaxCTime:890102us MinCTime:37us Jit:-74622us JitMax:691373us JitMin:-199922us"
06.10.2024 14:55:50.005: Cmp=PsSysTask, C=1, E=0, M="TASK_PLC_PRG State:8257 IecCCnt:976907 CCnt:976907 CTime:2236us AvgCTime:2431us MaxCTime:4370us MinCTime:2151us Jit:-306us JitMax:1882us JitMin:-1348us"
06.10.2024 14:55:50.005: Cmp=PsSysTask, C=1, E=0, M="TASK_DIAGN State:8257 IecCCnt:19538 CCnt:19538 CTime:40605us AvgCTime:41279us MaxCTime:55749us MinCTime:36315us Jit:-256us JitMax:5483us JitMin:-3283us"
06.10.2024 15:00:51.010: Cmp=PsSysTask, C=1, E=0, M="AlarmManagerTask State:8257 IecCCnt:254817 CCnt:254817 CTime:103us AvgCTime:688us MaxCTime:359027us MinCTime:67us Jit:16us JitMax:523475us JitMin:-49904us"
06.10.2024 15:00:51.010: Cmp=PsSysTask, C=1, E=0, M="RedundancyTask State:8257 IecCCnt:396821 CCnt:396821 CTime:64us AvgCTime:101us MaxCTime:1363us MinCTime:34us Jit:263us JitMax:1474us JitMin:-1212us"
06.10.2024 15:00:51.010: Cmp=PsSysTask, C=1, E=0, M="Modbus State:8257 IecCCnt:39678 CCnt:39678 CTime:24us AvgCTime:33us MaxCTime:2654us MinCTime:20us Jit:-300us JitMax:2629us JitMin:-2931us"
06.10.2024 15:00:51.010: Cmp=PsSysTask, C=1, E=0, M="VISU_TASK State:8257 IecCCnt:96885 CCnt:96885 CTime:85us AvgCTime:109951us MaxCTime:890102us MinCTime:37us Jit:-135365us JitMax:691373us JitMin:-199922us"
06.10.2024 15:00:51.010: Cmp=PsSysTask, C=1, E=0, M="TASK_PLC_PRG State:8257 IecCCnt:991958 CCnt:991958 CTime:2281us AvgCTime:2431us MaxCTime:4370us MinCTime:2151us Jit:266us JitMax:1882us JitMin:-1348us"
06.10.2024 15:00:51.010: Cmp=PsSysTask, C=1, E=0, M="TASK_DIAGN State:8257 IecCCnt:19839 CCnt:19839 CTime:43068us AvgCTime:41282us MaxCTime:55749us MinCTime:36315us Jit:765us JitMax:5483us JitMin:-3283us"
06.10.2024 15:05:52.003: Cmp=PsSysTask, C=1, E=0, M="AlarmManagerTask State:8257 IecCCnt:258669 CCnt:258669 CTime:89us AvgCTime:687us MaxCTime:359027us MinCTime:67us Jit:194726us JitMax:523475us JitMin:-49904us"
06.10.2024 15:05:52.003: Cmp=PsSysTask, C=1, E=0, M="RedundancyTask State:8257 IecCCnt:402842 CCnt:402842 CTime:65us AvgCTime:101us MaxCTime:1363us MinCTime:34us Jit:39us JitMax:1474us JitMin:-1212us"
06.10.2024 15:05:52.003: Cmp=PsSysTask, C=1, E=0, M="Modbus State:8257 IecCCnt:40280 CCnt:40280 CTime:37us AvgCTime:34us MaxCTime:2654us MinCTime:20us Jit:219us JitMax:2629us JitMin:-2931us"
06.10.2024 15:05:52.003: Cmp=PsSysTask, C=1, E=0, M="VISU_TASK State:8257 IecCCnt:98349 CCnt:98349 CTime:64us AvgCTime:109962us MaxCTime:890102us MinCTime:37us Jit:128403us JitMax:691373us JitMin:-199922us"
06.10.2024 15:05:52.003: Cmp=PsSysTask, C=1, E=0, M="TASK_PLC_PRG State:8257 IecCCnt:1007008 CCnt:1007008 CTime:2461us AvgCTime:2431us MaxCTime:4370us MinCTime:2151us Jit:-18us JitMax:1882us JitMin:-1348us"
06.10.2024 15:05:52.003: Cmp=PsSysTask, C=1, E=0, M="TASK_DIAGN State:8257 IecCCnt:20140 CCnt:20140 CTime:50154us AvgCTime:41287us MaxCTime:55749us MinCTime:36315us Jit:-25us JitMax:5483us JitMin:-3283us"
06.10.2024 15:10:53.004: Cmp=PsSysTask, C=1, E=0, M="AlarmManagerTask State:8257 IecCCnt:262530 CCnt:262530 CTime:102us AvgCTime:688us MaxCTime:359027us MinCTime:67us Jit:5202us JitMax:523475us JitMin:-49904us"
06.10.2024 15:10:53.004: Cmp=PsSysTask, C=1, E=0, M="RedundancyTask State:8257 IecCCnt:408862 CCnt:408862 CTime:65us AvgCTime:101us MaxCTime:1363us MinCTime:34us Jit:1us JitMax:1474us JitMin:-1212us"
06.10.2024 15:10:53.005: Cmp=PsSysTask, C=1, E=0, M="Modbus State:8257 IecCCnt:40882 CCnt:40882 CTime:37us AvgCTime:34us MaxCTime:2654us MinCTime:20us Jit:-86us JitMax:2629us JitMin:-2931us"
06.10.2024 15:10:53.005: Cmp=PsSysTask, C=1, E=0, M="VISU_TASK State:8259 IecCCnt:99814 CCnt:99814 CTime:458us AvgCTime:109962us MaxCTime:890102us MinCTime:37us Jit:-80509us JitMax:691373us JitMin:-199922us"
06.10.2024 15:10:53.005: Cmp=PsSysTask, C=1, E=0, M="TASK_PLC_PRG State:8257 IecCCnt:1022059 CCnt:1022059 CTime:2491us AvgCTime:2431us MaxCTime:4370us MinCTime:2151us Jit:6us JitMax:1882us JitMin:-1348us"
06.10.2024 15:10:53.005: Cmp=PsSysTask, C=1, E=0, M="TASK_DIAGN State:8257 IecCCnt:20441 CCnt:20441 CTime:41753us AvgCTime:41291us MaxCTime:55749us MinCTime:36315us Jit:-648us JitMax:5483us JitMin:-3283us"
06.10.2024 15:15:54.005: Cmp=PsSysTask, C=1, E=0, M="AlarmManagerTask State:8257 IecCCnt:266413 CCnt:266413 CTime:105us AvgCTime:687us MaxCTime:359027us MinCTime:67us Jit:1723us JitMax:523475us JitMin:-49904us"
06.10.2024 15:15:54.005: Cmp=PsSysTask, C=1, E=0, M="RedundancyTask State:8257 IecCCnt:414883 CCnt:414883 CTime:67us AvgCTime:101us MaxCTime:1363us MinCTime:34us Jit:-5us JitMax:1474us JitMin:-1212us"
06.10.2024 15:15:54.005: Cmp=PsSysTask, C=1, E=0, M="Modbus State:8257 IecCCnt:41484 CCnt:41484 CTime:35us AvgCTime:34us MaxCTime:2654us MinCTime:20us Jit:-68us JitMax:2629us JitMin:-2931us"
06.10.2024 15:15:54.005: Cmp=PsSysTask, C=1, E=0, M="VISU_TASK State:8259 IecCCnt:101286 CCnt:101286 CTime:73us AvgCTime:109958us MaxCTime:890102us MinCTime:37us Jit:-125194us JitMax:691373us JitMin:-199922us"
06.10.2024 15:15:54.005: Cmp=PsSysTask, C=1, E=0, M="TASK_PLC_PRG State:8257 IecCCnt:1037110 CCnt:1037110 CTime:2232us AvgCTime:2431us MaxCTime:4370us MinCTime:2151us Jit:6us JitMax:1882us JitMin:-1348us"
06.10.2024 15:15:54.005: Cmp=PsSysTask, C=1, E=0, M="TASK_DIAGN State:8257 IecCCnt:20742 CCnt:20742 CTime:40137us AvgCTime:41295us MaxCTime:55826us MinCTime:36315us Jit:-146us JitMax:5483us JitMin:-3283us"
06.10.2024 15:20:55.010: Cmp=PsSysTask, C=1, E=0, M="AlarmManagerTask State:8257 IecCCnt:270262 CCnt:270262 CTime:91us AvgCTime:688us MaxCTime:359027us MinCTime:67us Jit:10946us JitMax:523475us JitMin:-49904us"
06.10.2024 15:20:55.010: Cmp=PsSysTask, C=1, E=0, M="RedundancyTask State:8257 IecCCnt:420904 CCnt:420904 CTime:60us AvgCTime:101us MaxCTime:1363us MinCTime:34us Jit:-104us JitMax:1474us JitMin:-1212us"
06.10.2024 15:20:55.010: Cmp=PsSysTask, C=1, E=0, M="Modbus State:8257 IecCCnt:42086 CCnt:42086 CTime:26us AvgCTime:34us MaxCTime:2654us MinCTime:20us Jit:-161us JitMax:2629us JitMin:-2931us"
06.10.2024 15:20:55.010: Cmp=PsSysTask, C=1, E=0, M="VISU_TASK State:8257 IecCCnt:102757 CCnt:102757 CTime:85us AvgCTime:109955us MaxCTime:890102us MinCTime:37us Jit:-164969us JitMax:691373us JitMin:-199922us"
06.10.2024 15:20:55.010: Cmp=PsSysTask, C=1, E=0, M="TASK_PLC_PRG State:8257 IecCCnt:1052161 CCnt:1052161 CTime:2277us AvgCTime:2431us MaxCTime:4370us MinCTime:2151us Jit:1us JitMax:1882us JitMin:-1348us"
06.10.2024 15:20:55.010: Cmp=PsSysTask, C=1, E=0, M="TASK_DIAGN State:8257 IecCCnt:21043 CCnt:21043 CTime:40816us AvgCTime:41298us MaxCTime:55826us MinCTime:36315us Jit:-204us JitMax:5483us JitMin:-3283us"
06.10.2024 15:25:56.005: Cmp=PsSysTask, C=1, E=0, M="AlarmManagerTask State:8257 IecCCnt:274320 CCnt:274320 CTime:89us AvgCTime:684us MaxCTime:359027us MinCTime:67us Jit:3441us JitMax:523475us JitMin:-49904us"
06.10.2024 15:25:56.005: Cmp=PsSysTask, C=1, E=0, M="RedundancyTask State:8257 IecCCnt:426925 CCnt:426925 CTime:59us AvgCTime:101us MaxCTime:1363us MinCTime:34us Jit:4us JitMax:1474us JitMin:-1212us"
06.10.2024 15:25:56.005: Cmp=PsSysTask, C=1, E=0, M="Modbus State:8257 IecCCnt:42688 CCnt:42688 CTime:25us AvgCTime:34us MaxCTime:2654us MinCTime:20us Jit:-94us JitMax:2629us JitMin:-2931us"
06.10.2024 15:25:56.005: Cmp=PsSysTask, C=1, E=0, M="VISU_TASK State:8259 IecCCnt:104244 CCnt:104244 CTime:85us AvgCTime:109804us MaxCTime:890102us MinCTime:37us Jit:-27715us JitMax:691373us JitMin:-199922us"
06.10.2024 15:25:56.005: Cmp=PsSysTask, C=1, E=0, M="TASK_PLC_PRG State:8257 IecCCnt:1067212 CCnt:1067212 CTime:2322us AvgCTime:2431us MaxCTime:4370us MinCTime:2151us Jit:-1us JitMax:1882us JitMin:-1348us"
06.10.2024 15:25:56.005: Cmp=PsSysTask, C=1, E=0, M="TASK_DIAGN State:8257 IecCCnt:21344 CCnt:21344 CTime:43904us AvgCTime:41304us MaxCTime:55826us MinCTime:36315us Jit:164us JitMax:5483us JitMin:-3283us"
06.10.2024 15:30:57.004: Cmp=PsSysTask, C=1, E=0, M="AlarmManagerTask State:8257 IecCCnt:278761 CCnt:278761 CTime:114us AvgCTime:678us MaxCTime:359027us MinCTime:67us Jit:1074us JitMax:523475us JitMin:-49904us"
06.10.2024 15:30:57.004: Cmp=PsSysTask, C=1, E=0, M="RedundancyTask State:8257 IecCCnt:432946 CCnt:432946 CTime:65us AvgCTime:100us MaxCTime:1365us MinCTime:34us Jit:25us JitMax:1474us JitMin:-1212us"
06.10.2024 15:30:57.004: Cmp=PsSysTask, C=1, E=0, M="Modbus State:8257 IecCCnt:43290 CCnt:43290 CTime:36us AvgCTime:33us MaxCTime:2654us MinCTime:20us Jit:-71us JitMax:2629us JitMin:-2931us"
06.10.2024 15:30:57.004: Cmp=PsSysTask, C=1, E=0, M="VISU_TASK State:8259 IecCCnt:105748 CCnt:105748 CTime:90us AvgCTime:109378us MaxCTime:890102us MinCTime:37us Jit:-32468us JitMax:691373us JitMin:-199922us"
06.10.2024 15:30:57.004: Cmp=PsSysTask, C=1, E=0, M="TASK_PLC_PRG State:8257 IecCCnt:1082262 CCnt:1082262 CTime:2330us AvgCTime:2431us MaxCTime:4370us MinCTime:2151us Jit:-174us JitMax:1882us JitMin:-1348us"
06.10.2024 15:30:57.004: Cmp=PsSysTask, C=1, E=0, M="TASK_DIAGN State:8257 IecCCnt:21645 CCnt:21645 CTime:40068us AvgCTime:41310us MaxCTime:55826us MinCTime:36315us Jit:-141us JitMax:5483us JitMin:-3283us"
06.10.2024 15:35:58.001: Cmp=PsSysTask, C=1, E=0, M="AlarmManagerTask State:8257 IecCCnt:283202 CCnt:283202 CTime:104us AvgCTime:673us MaxCTime:359027us MinCTime:67us Jit:1346us JitMax:523475us JitMin:-49904us"
06.10.2024 15:35:58.001: Cmp=PsSysTask, C=1, E=0, M="RedundancyTask State:8257 IecCCnt:438967 CCnt:438967 CTime:57us AvgCTime:100us MaxCTime:1365us MinCTime:34us Jit:-25us JitMax:1474us JitMin:-1212us"
06.10.2024 15:35:58.001: Cmp=PsSysTask, C=1, E=0, M="Modbus State:8257 IecCCnt:43892 CCnt:43892 CTime:31us AvgCTime:33us MaxCTime:2654us MinCTime:20us Jit:-78us JitMax:2629us JitMin:-2931us"
06.10.2024 15:35:58.001: Cmp=PsSysTask, C=1, E=0, M="VISU_TASK State:8257 IecCCnt:107251 CCnt:107251 CTime:90us AvgCTime:108962us MaxCTime:890102us MinCTime:37us Jit:-30587us JitMax:691373us JitMin:-199922us"
06.10.2024 15:35:58.001: Cmp=PsSysTask, C=1, E=0, M="TASK_PLC_PRG State:8257 IecCCnt:1097313 CCnt:1097313 CTime:2470us AvgCTime:2431us MaxCTime:4370us MinCTime:2151us Jit:-2us JitMax:1882us JitMin:-1348us"
06.10.2024 15:35:58.001: Cmp=PsSysTask, C=1, E=0, M="TASK_DIAGN State:8257 IecCCnt:21946 CCnt:21946 CTime:48400us AvgCTime:41319us MaxCTime:55826us MinCTime:36315us Jit:-86us JitMax:5483us JitMin:-3283us"
06.10.2024 15:40:59.002: Cmp=PsSysTask, C=1, E=0, M="AlarmManagerTask State:8257 IecCCnt:287383 CCnt:287383 CTime:105us AvgCTime:669us MaxCTime:359027us MinCTime:67us Jit:-252us JitMax:523475us JitMin:-49904us"
06.10.2024 15:40:59.002: Cmp=PsSysTask, C=1, E=0, M="RedundancyTask State:8257 IecCCnt:444988 CCnt:444988 CTime:59us AvgCTime:100us MaxCTime:1365us MinCTime:34us Jit:-23us JitMax:1474us JitMin:-1212us"
06.10.2024 15:40:59.002: Cmp=PsSysTask, C=1, E=0, M="Modbus State:8257 IecCCnt:44494 CCnt:44494 CTime:25us AvgCTime:33us MaxCTime:2654us MinCTime:20us Jit:53us JitMax:2629us JitMin:-2931us"
06.10.2024 15:40:59.002: Cmp=PsSysTask, C=1, E=0, M="VISU_TASK State:8257 IecCCnt:108745 CCnt:108745 CTime:87us AvgCTime:108739us MaxCTime:890102us MinCTime:37us Jit:-130012us JitMax:691373us JitMin:-199922us"
06.10.2024 15:40:59.002: Cmp=PsSysTask, C=1, E=0, M="TASK_PLC_PRG State:8257 IecCCnt:1112363 CCnt:1112363 CTime:2434us AvgCTime:2432us MaxCTime:4370us MinCTime:2151us Jit:-8us JitMax:1882us JitMin:-1348us"
06.10.2024 15:40:59.002: Cmp=PsSysTask, C=1, E=0, M="TASK_DIAGN State:8257 IecCCnt:22247 CCnt:22247 CTime:41039us AvgCTime:41332us MaxCTime:55826us MinCTime:36315us Jit:119us JitMax:5483us JitMin:-3283us"
06.10.2024 15:46:00.005: Cmp=PsSysTask, C=1, E=0, M="AlarmManagerTask State:8257 IecCCnt:291243 CCnt:291243 CTime:105us AvgCTime:670us MaxCTime:359027us MinCTime:67us Jit:5041us JitMax:523475us JitMin:-49904us"
06.10.2024 15:46:00.005: Cmp=PsSysTask, C=1, E=0, M="RedundancyTask State:8257 IecCCnt:451009 CCnt:451009 CTime:69us AvgCTime:100us MaxCTime:1365us MinCTime:34us Jit:-312us JitMax:1474us JitMin:-1212us"
06.10.2024 15:46:00.005: Cmp=PsSysTask, C=1, E=0, M="Modbus State:8257 IecCCnt:45097 CCnt:45097 CTime:32us AvgCTime:33us MaxCTime:2654us MinCTime:20us Jit:-60us JitMax:2629us JitMin:-2931us"
06.10.2024 15:46:00.005: Cmp=PsSysTask, C=1, E=0, M="VISU_TASK State:8259 IecCCnt:110217 CCnt:110217 CTime:86us AvgCTime:108752us MaxCTime:890102us MinCTime:37us Jit:-122643us JitMax:691373us JitMin:-199922us"
06.10.2024 15:46:00.005: Cmp=PsSysTask, C=1, E=0, M="TASK_PLC_PRG State:8257 IecCCnt:1127414 CCnt:1127414 CTime:2505us AvgCTime:2432us MaxCTime:4370us MinCTime:2151us Jit:-21us JitMax:1882us JitMin:-1348us"
06.10.2024 15:46:00.005: Cmp=PsSysTask, C=1, E=0, M="TASK_DIAGN State:8257 IecCCnt:22548 CCnt:22548 CTime:43407us AvgCTime:41345us MaxCTime:55826us MinCTime:36315us Jit:-190us JitMax:5483us JitMin:-3283us"
06.10.2024 15:51:01.004: Cmp=PsSysTask, C=1, E=0, M="AlarmManagerTask State:8257 IecCCnt:295122 CCnt:295122 CTime:105us AvgCTime:670us MaxCTime:359027us MinCTime:67us Jit:-196us JitMax:523475us JitMin:-49904us"
06.10.2024 15:51:01.004: Cmp=PsSysTask, C=1, E=0, M="RedundancyTask State:8257 IecCCnt:457030 CCnt:457030 CTime:347us AvgCTime:100us MaxCTime:1365us MinCTime:34us Jit:-9us JitMax:1474us JitMin:-1212us"
06.10.2024 15:51:01.004: Cmp=PsSysTask, C=1, E=0, M="Modbus State:8257 IecCCnt:45699 CCnt:45699 CTime:25us AvgCTime:33us MaxCTime:2654us MinCTime:20us Jit:317us JitMax:2629us JitMin:-2931us"
06.10.2024 15:51:01.004: Cmp=PsSysTask, C=1, E=0, M="VISU_TASK State:8257 IecCCnt:111696 CCnt:111696 CTime:85us AvgCTime:108755us MaxCTime:890102us MinCTime:37us Jit:-72us JitMax:691373us JitMin:-199922us"
06.10.2024 15:51:01.004: Cmp=PsSysTask, C=1, E=0, M="TASK_PLC_PRG State:8257 IecCCnt:1142465 CCnt:1142465 CTime:3004us AvgCTime:2432us MaxCTime:4370us MinCTime:2151us Jit:5us JitMax:1882us JitMin:-1348us"
06.10.2024 15:51:01.004: Cmp=PsSysTask, C=1, E=0, M="TASK_DIAGN State:8257 IecCCnt:22849 CCnt:22849 CTime:41100us AvgCTime:41351us MaxCTime:55826us MinCTime:36315us Jit:917us JitMax:5483us JitMin:-3283us"
06.10.2024 15:56:02.004: Cmp=PsSysTask, C=1, E=0, M="AlarmManagerTask State:8257 IecCCnt:298955 CCnt:298955 CTime:102us AvgCTime:671us MaxCTime:359027us MinCTime:67us Jit:990us JitMax:523475us JitMin:-49904us"
06.10.2024 15:56:02.004: Cmp=PsSysTask, C=1, E=0, M="RedundancyTask State:8257 IecCCnt:463051 CCnt:463051 CTime:66us AvgCTime:100us MaxCTime:1365us MinCTime:34us Jit:-33us JitMax:1474us JitMin:-1212us"
06.10.2024 15:56:02.004: Cmp=PsSysTask, C=1, E=0, M="Modbus State:8257 IecCCnt:46301 CCnt:46301 CTime:25us AvgCTime:33us MaxCTime:2654us MinCTime:20us Jit:-277us JitMax:2629us JitMin:-2931us"
06.10.2024 15:56:02.004: Cmp=PsSysTask, C=1, E=0, M="VISU_TASK State:8259 IecCCnt:113155 CCnt:113155 CTime:82us AvgCTime:108797us MaxCTime:890102us MinCTime:37us Jit:-123971us JitMax:691373us JitMin:-199922us"
06.10.2024 15:56:02.004: Cmp=PsSysTask, C=1, E=0, M="TASK_PLC_PRG State:8257 IecCCnt:1157515 CCnt:1157515 CTime:2242us AvgCTime:2432us MaxCTime:4370us MinCTime:2151us Jit:532us JitMax:1882us JitMin:-1348us"
06.10.2024 15:56:02.004: Cmp=PsSysTask, C=1, E=0, M="TASK_DIAGN State:8257 IecCCnt:23150 CCnt:23150 CTime:40864us AvgCTime:41338us MaxCTime:55826us MinCTime:36315us Jit:593us JitMax:5483us JitMin:-3283us"
06.10.2024 16:01:03.002: Cmp=PsSysTask, C=1, E=0, M="AlarmManagerTask State:8257 IecCCnt:302848 CCnt:302848 CTime:101us AvgCTime:671us MaxCTime:359027us MinCTime:67us Jit:-363us JitMax:523475us JitMin:-49904us"
06.10.2024 16:01:03.002: Cmp=PsSysTask, C=1, E=0, M="RedundancyTask State:8257 IecCCnt:469072 CCnt:469072 CTime:50us AvgCTime:100us MaxCTime:1365us MinCTime:34us Jit:-302us JitMax:1474us JitMin:-1212us"
06.10.2024 16:01:03.002: Cmp=PsSysTask, C=1, E=0, M="Modbus State:8257 IecCCnt:46903 CCnt:46903 CTime:26us AvgCTime:33us MaxCTime:2654us MinCTime:20us Jit:-559us JitMax:2629us JitMin:-2931us"
06.10.2024 16:01:03.002: Cmp=PsSysTask, C=1, E=0, M="VISU_TASK State:8257 IecCCnt:114632 CCnt:114632 CTime:65us AvgCTime:108793us MaxCTime:890102us MinCTime:37us Jit:81056us JitMax:691373us JitMin:-199922us"
06.10.2024 16:01:03.002: Cmp=PsSysTask, C=1, E=0, M="TASK_PLC_PRG State:8257 IecCCnt:1172566 CCnt:1172566 CTime:2407us AvgCTime:2433us MaxCTime:4370us MinCTime:2151us Jit:-4us JitMax:1882us JitMin:-1348us"
06.10.2024 16:01:03.002: Cmp=PsSysTask, C=1, E=0, M="TASK_DIAGN State:8257 IecCCnt:23451 CCnt:23451 CTime:41764us AvgCTime:41340us MaxCTime:55826us MinCTime:36315us Jit:-150us JitMax:5483us JitMin:-3283us"
06.10.2024 16:06:04.008: Cmp=PsSysTask, C=1, E=0, M="AlarmManagerTask State:8257 IecCCnt:306739 CCnt:306739 CTime:106us AvgCTime:671us MaxCTime:359027us MinCTime:67us Jit:-21us JitMax:523475us JitMin:-49904us"
06.10.2024 16:06:04.008: Cmp=PsSysTask, C=1, E=0, M="RedundancyTask State:8257 IecCCnt:475093 CCnt:475093 CTime:71us AvgCTime:100us MaxCTime:1365us MinCTime:34us Jit:5us JitMax:1474us JitMin:-1212us"
06.10.2024 16:06:04.008: Cmp=PsSysTask, C=1, E=0, M="Modbus State:8257 IecCCnt:47505 CCnt:47505 CTime:27us AvgCTime:33us MaxCTime:2654us MinCTime:20us Jit:-80us JitMax:2629us JitMin:-2931us"
06.10.2024 16:06:04.008: Cmp=PsSysTask, C=1, E=0, M="VISU_TASK State:8259 IecCCnt:116107 CCnt:116107 CTime:84us AvgCTime:108796us MaxCTime:890102us MinCTime:37us Jit:-135246us JitMax:691373us JitMin:-199922us"
06.10.2024 16:06:04.008: Cmp=PsSysTask, C=1, E=0, M="TASK_PLC_PRG State:8257 IecCCnt:1187617 CCnt:1187617 CTime:2467us AvgCTime:2432us MaxCTime:4370us MinCTime:2151us Jit:4us JitMax:1882us JitMin:-1348us"
06.10.2024 16:06:04.008: Cmp=PsSysTask, C=1, E=0, M="TASK_DIAGN State:8257 IecCCnt:23752 CCnt:23752 CTime:40105us AvgCTime:41342us MaxCTime:55826us MinCTime:36315us Jit:-167us JitMax:5483us JitMin:-3283us"
06.10.2024 16:11:05.004: Cmp=PsSysTask, C=1, E=0, M="AlarmManagerTask State:8257 IecCCnt:310582 CCnt:310582 CTime:104us AvgCTime:672us MaxCTime:359027us MinCTime:67us Jit:-503us JitMax:523475us JitMin:-49904us"
06.10.2024 16:11:05.004: Cmp=PsSysTask, C=1, E=0, M="RedundancyTask State:8257 IecCCnt:481113 CCnt:481113 CTime:80us AvgCTime:100us MaxCTime:1365us MinCTime:34us Jit:-231us JitMax:1474us JitMin:-1212us"
06.10.2024 16:11:05.004: Cmp=PsSysTask, C=1, E=0, M="Modbus State:8257 IecCCnt:48107 CCnt:48107 CTime:24us AvgCTime:33us MaxCTime:2654us MinCTime:20us Jit:364us JitMax:2629us JitMin:-2931us"
06.10.2024 16:11:05.004: Cmp=PsSysTask, C=1, E=0, M="VISU_TASK State:8257 IecCCnt:117582 CCnt:117582 CTime:557us AvgCTime:108816us MaxCTime:890102us MinCTime:37us Jit:-121876us JitMax:691373us JitMin:-199922us"
06.10.2024 16:11:05.004: Cmp=PsSysTask, C=1, E=0, M="TASK_PLC_PRG State:8257 IecCCnt:1202668 CCnt:1202668 CTime:2210us AvgCTime:2432us MaxCTime:4370us MinCTime:2151us Jit:-9us JitMax:1882us JitMin:-1348us"
06.10.2024 16:11:05.004: Cmp=PsSysTask, C=1, E=0, M="TASK_DIAGN State:8257 IecCCnt:24053 CCnt:24053 CTime:41017us AvgCTime:41345us MaxCTime:55826us MinCTime:36315us Jit:89us JitMax:5483us JitMin:-3283us"
06.10.2024 16:16:06.008: Cmp=PsSysTask, C=1, E=0, M="AlarmManagerTask State:8257 IecCCnt:314415 CCnt:314415 CTime:99us AvgCTime:675us MaxCTime:359027us MinCTime:67us Jit:-280us JitMax:523475us JitMin:-49904us"
06.10.2024 16:16:06.008: Cmp=PsSysTask, C=1, E=0, M="RedundancyTask State:8257 IecCCnt:487134 CCnt:487134 CTime:106us AvgCTime:100us MaxCTime:1365us MinCTime:34us Jit:167us JitMax:1474us JitMin:-1212us"
06.10.2024 16:16:06.008: Cmp=PsSysTask, C=1, E=0, M="Modbus State:8257 IecCCnt:48709 CCnt:48709 CTime:31us AvgCTime:33us MaxCTime:2654us MinCTime:20us Jit:-98us JitMax:2629us JitMin:-2931us"
06.10.2024 16:16:06.008: Cmp=PsSysTask, C=1, E=0, M="VISU_TASK State:8257 IecCCnt:119047 CCnt:119047 CTime:86us AvgCTime:108857us MaxCTime:890102us MinCTime:37us Jit:-84016us JitMax:691373us JitMin:-199922us"
06.10.2024 16:16:06.008: Cmp=PsSysTask, C=1, E=0, M="TASK_PLC_PRG State:8257 IecCCnt:1217719 CCnt:1217719 CTime:2730us AvgCTime:2432us MaxCTime:4370us MinCTime:2151us Jit:3us JitMax:1882us JitMin:-1348us"
06.10.2024 16:16:06.008: Cmp=PsSysTask, C=1, E=0, M="TASK_DIAGN State:8257 IecCCnt:24354 CCnt:24354 CTime:41491us AvgCTime:41346us MaxCTime:55826us MinCTime:36315us Jit:-152us JitMax:5483us JitMin:-3283us"
06.10.2024 16:21:07.010: Cmp=PsSysTask, C=1, E=0, M="AlarmManagerTask State:8257 IecCCnt:318293 CCnt:318293 CTime:106us AvgCTime:675us MaxCTime:359027us MinCTime:67us Jit:-162us JitMax:523475us JitMin:-49904us"
06.10.2024 16:21:07.011: Cmp=PsSysTask, C=1, E=0, M="RedundancyTask State:8257 IecCCnt:493155 CCnt:493155 CTime:68us AvgCTime:100us MaxCTime:1365us MinCTime:34us Jit:286us JitMax:1474us JitMin:-1212us"
06.10.2024 16:21:07.011: Cmp=PsSysTask, C=1, E=0, M="Modbus State:8257 IecCCnt:49311 CCnt:49311 CTime:27us AvgCTime:33us MaxCTime:2654us MinCTime:20us Jit:-95us JitMax:2629us JitMin:-2931us"
06.10.2024 16:21:07.011: Cmp=PsSysTask, C=1, E=0, M="VISU_TASK State:8257 IecCCnt:120521 CCnt:120521 CTime:80us AvgCTime:108846us MaxCTime:890102us MinCTime:37us Jit:-1669us JitMax:691373us JitMin:-199922us"
06.10.2024 16:21:07.011: Cmp=PsSysTask, C=1, E=0, M="TASK_PLC_PRG State:8257 IecCCnt:1232770 CCnt:1232770 CTime:2794us AvgCTime:2432us MaxCTime:4370us MinCTime:2151us Jit:-10us JitMax:1882us JitMin:-1348us"
06.10.2024 16:21:07.011: Cmp=PsSysTask, C=1, E=0, M="TASK_DIAGN State:8257 IecCCnt:24655 CCnt:24655 CTime:49629us AvgCTime:41340us MaxCTime:55826us MinCTime:36315us Jit:-136us JitMax:5483us JitMin:-3283us"
06.10.2024 16:26:08.002: Cmp=PsSysTask, C=1, E=0, M="AlarmManagerTask State:8257 IecCCnt:322159 CCnt:322159 CTime:105us AvgCTime:675us MaxCTime:359027us MinCTime:67us Jit:-435us JitMax:523475us JitMin:-49904us"
06.10.2024 16:26:08.002: Cmp=PsSysTask, C=1, E=0, M="RedundancyTask State:8257 IecCCnt:499176 CCnt:499176 CTime:62us AvgCTime:100us MaxCTime:1365us MinCTime:34us Jit:-33us JitMax:1474us JitMin:-1212us"
06.10.2024 16:26:08.002: Cmp=PsSysTask, C=1, E=0, M="Modbus State:8257 IecCCnt:49913 CCnt:49913 CTime:27us AvgCTime:33us MaxCTime:2654us MinCTime:20us Jit:-56us JitMax:2629us JitMin:-2931us"
06.10.2024 16:26:08.002: Cmp=PsSysTask, C=1, E=0, M="VISU_TASK State:8257 IecCCnt:121993 CCnt:121993 CTime:68us AvgCTime:108854us MaxCTime:890102us MinCTime:37us Jit:110298us JitMax:691373us JitMin:-199922us"
06.10.2024 16:26:08.002: Cmp=PsSysTask, C=1, E=0, M="TASK_PLC_PRG State:8257 IecCCnt:1247819 CCnt:1247819 CTime:2234us AvgCTime:2432us MaxCTime:4370us MinCTime:2151us Jit:287us JitMax:1882us JitMin:-1348us"
06.10.2024 16:26:08.002: Cmp=PsSysTask, C=1, E=0, M="TASK_DIAGN State:8257 IecCCnt:24956 CCnt:24956 CTime:41109us AvgCTime:41342us MaxCTime:55826us MinCTime:36315us Jit:-150us JitMax:5483us JitMin:-3283us"
06.10.2024 16:31:09.002: Cmp=PsSysTask, C=1, E=0, M="AlarmManagerTask State:8257 IecCCnt:325977 CCnt:325977 CTime:104us AvgCTime:678us MaxCTime:359027us MinCTime:67us Jit:41us JitMax:523475us JitMin:-49904us"
06.10.2024 16:31:09.002: Cmp=PsSysTask, C=1, E=0, M="RedundancyTask State:8257 IecCCnt:505197 CCnt:505197 CTime:50us AvgCTime:100us MaxCTime:1365us MinCTime:34us Jit:-1us JitMax:1474us JitMin:-1212us"
06.10.2024 16:31:09.002: Cmp=PsSysTask, C=1, E=0, M="Modbus State:8257 IecCCnt:50515 CCnt:50515 CTime:27us AvgCTime:33us MaxCTime:2654us MinCTime:20us Jit:-94us JitMax:2629us JitMin:-2931us"
06.10.2024 16:31:09.002: Cmp=PsSysTask, C=1, E=0, M="VISU_TASK State:8257 IecCCnt:123459 CCnt:123459 CTime:86us AvgCTime:108893us MaxCTime:890102us MinCTime:37us Jit:-105362us JitMax:691373us JitMin:-199922us"
06.10.2024 16:31:09.002: Cmp=PsSysTask, C=1, E=0, M="TASK_PLC_PRG State:8257 IecCCnt:1262870 CCnt:1262870 CTime:2645us AvgCTime:2432us MaxCTime:4370us MinCTime:2151us Jit:-282us JitMax:1882us JitMin:-1348us"
06.10.2024 16:31:09.002: Cmp=PsSysTask, C=1, E=0, M="TASK_DIAGN State:8257 IecCCnt:25257 CCnt:25257 CTime:40008us AvgCTime:41338us MaxCTime:55826us MinCTime:36315us Jit:36us JitMax:5483us JitMin:-3283us"
06.10.2024 16:36:10.002: Cmp=PsSysTask, C=1, E=0, M="AlarmManagerTask State:8257 IecCCnt:329815 CCnt:329815 CTime:105us AvgCTime:676us MaxCTime:359027us MinCTime:67us Jit:3149us JitMax:523475us JitMin:-49904us"
06.10.2024 16:36:10.002: Cmp=PsSysTask, C=1, E=0, M="RedundancyTask State:8257 IecCCnt:511218 CCnt:511218 CTime:65us AvgCTime:100us MaxCTime:1365us MinCTime:34us Jit:-4us JitMax:1474us JitMin:-1212us"
06.10.2024 16:36:10.002: Cmp=PsSysTask, C=1, E=0, M="Modbus State:8257 IecCCnt:51117 CCnt:51117 CTime:26us AvgCTime:33us MaxCTime:2654us MinCTime:20us Jit:-80us JitMax:2629us JitMin:-2931us"
06.10.2024 16:36:10.002: Cmp=PsSysTask, C=1, E=0, M="VISU_TASK State:8257 IecCCnt:124932 CCnt:124932 CTime:175us AvgCTime:108917us MaxCTime:890102us MinCTime:37us Jit:-123589us JitMax:691373us JitMin:-199922us"
06.10.2024 16:36:10.002: Cmp=PsSysTask, C=1, E=0, M="TASK_PLC_PRG State:8257 IecCCnt:1277922 CCnt:1277922 CTime:2526us AvgCTime:2432us MaxCTime:4370us MinCTime:2151us Jit:9us JitMax:1882us JitMin:-1348us"
06.10.2024 16:36:10.002: Cmp=PsSysTask, C=1, E=0, M="TASK_DIAGN State:8257 IecCCnt:25558 CCnt:25558 CTime:44226us AvgCTime:41338us MaxCTime:55826us MinCTime:36315us Jit:-137us JitMax:5483us JitMin:-3283us"
06.10.2024 16:41:11.006: Cmp=PsSysTask, C=1, E=0, M="AlarmManagerTask State:8257 IecCCnt:333711 CCnt:333711 CTime:105us AvgCTime:678us MaxCTime:359027us MinCTime:67us Jit:2639us JitMax:523475us JitMin:-49904us"
06.10.2024 16:41:11.006: Cmp=PsSysTask, C=1, E=0, M="RedundancyTask State:8257 IecCCnt:517239 CCnt:517239 CTime:66us AvgCTime:100us MaxCTime:1365us MinCTime:34us Jit:-11us JitMax:1474us JitMin:-1212us"
06.10.2024 16:41:11.006: Cmp=PsSysTask, C=1, E=0, M="Modbus State:8257 IecCCnt:51719 CCnt:51719 CTime:29us AvgCTime:33us MaxCTime:2654us MinCTime:20us Jit:-129us JitMax:2629us JitMin:-2931us"
06.10.2024 16:41:11.006: Cmp=PsSysTask, C=1, E=0, M="VISU_TASK State:8259 IecCCnt:126390 CCnt:126390 CTime:87us AvgCTime:108940us MaxCTime:890102us MinCTime:37us Jit:-133816us JitMax:691373us JitMin:-199922us"
06.10.2024 16:41:11.006: Cmp=PsSysTask, C=1, E=0, M="TASK_PLC_PRG State:8257 IecCCnt:1292974 CCnt:1292974 CTime:2472us AvgCTime:2432us MaxCTime:4370us MinCTime:2151us Jit:345us JitMax:1882us JitMin:-1348us"
06.10.2024 16:41:11.006: Cmp=PsSysTask, C=1, E=0, M="TASK_DIAGN State:8257 IecCCnt:25859 CCnt:25859 CTime:40793us AvgCTime:41340us MaxCTime:55826us MinCTime:36315us Jit:-411us JitMax:5483us JitMin:-3283us"
06.10.2024 16:46:12.007: Cmp=PsSysTask, C=1, E=0, M="AlarmManagerTask State:8257 IecCCnt:337574 CCnt:337574 CTime:106us AvgCTime:676us MaxCTime:359027us MinCTime:67us Jit:920us JitMax:523475us JitMin:-49904us"
06.10.2024 16:46:12.007: Cmp=PsSysTask, C=1, E=0, M="RedundancyTask State:8257 IecCCnt:523260 CCnt:523260 CTime:61us AvgCTime:100us MaxCTime:1365us MinCTime:34us Jit:3us JitMax:1474us JitMin:-1212us"
06.10.2024 16:46:12.007: Cmp=PsSysTask, C=1, E=0, M="Modbus State:8257 IecCCnt:52321 CCnt:52321 CTime:27us AvgCTime:33us MaxCTime:2654us MinCTime:20us Jit:-76us JitMax:2629us JitMin:-2931us"
06.10.2024 16:46:12.007: Cmp=PsSysTask, C=1, E=0, M="VISU_TASK State:8257 IecCCnt:127860 CCnt:127860 CTime:84us AvgCTime:108949us MaxCTime:890102us MinCTime:37us Jit:-82128us JitMax:691373us JitMin:-199922us"
06.10.2024 16:46:12.007: Cmp=PsSysTask, C=1, E=0, M="TASK_PLC_PRG State:8257 IecCCnt:1308025 CCnt:1308025 CTime:2389us AvgCTime:2432us MaxCTime:4370us MinCTime:2151us Jit:16us JitMax:1882us JitMin:-1348us"
06.10.2024 16:46:12.007: Cmp=PsSysTask, C=1, E=0, M="TASK_DIAGN State:8257 IecCCnt:26160 CCnt:26160 CTime:40976us AvgCTime:41346us MaxCTime:55826us MinCTime:36315us Jit:-308us JitMax:5483us JitMin:-3283us"
06.10.2024 16:51:13.000: Cmp=PsSysTask, C=1, E=0, M="AlarmManagerTask State:8257 IecCCnt:341406 CCnt:341406 CTime:89us AvgCTime:676us MaxCTime:359027us MinCTime:67us Jit:3539us JitMax:523475us JitMin:-49904us"
06.10.2024 16:51:13.000: Cmp=PsSysTask, C=1, E=0, M="RedundancyTask State:8257 IecCCnt:529281 CCnt:529281 CTime:343us AvgCTime:100us MaxCTime:1365us MinCTime:34us Jit:-13us JitMax:1474us JitMin:-1212us"
06.10.2024 16:51:13.000: Cmp=PsSysTask, C=1, E=0, M="Modbus State:8257 IecCCnt:52923 CCnt:52923 CTime:26us AvgCTime:33us MaxCTime:2654us MinCTime:20us Jit:-73us JitMax:2629us JitMin:-2931us"
06.10.2024 16:51:13.000: Cmp=PsSysTask, C=1, E=0, M="VISU_TASK State:8259 IecCCnt:129325 CCnt:129325 CTime:89us AvgCTime:108978us MaxCTime:890102us MinCTime:37us Jit:-61413us JitMax:691373us JitMin:-199922us"
06.10.2024 16:51:13.000: Cmp=PsSysTask, C=1, E=0, M="TASK_PLC_PRG State:8257 IecCCnt:1323076 CCnt:1323076 CTime:2244us AvgCTime:2432us MaxCTime:4370us MinCTime:2151us Jit:-11us JitMax:1882us JitMin:-1348us"
06.10.2024 16:51:13.000: Cmp=PsSysTask, C=1, E=0, M="TASK_DIAGN State:8259 IecCCnt:26461 CCnt:26461 CTime:40445us AvgCTime:41342us MaxCTime:55826us MinCTime:36315us Jit:279us JitMax:5483us JitMin:-3283us"
06.10.2024 16:56:14.001: Cmp=PsSysTask, C=1, E=0, M="AlarmManagerTask State:8257 IecCCnt:345282 CCnt:345282 CTime:105us AvgCTime:676us MaxCTime:359027us MinCTime:67us Jit:2028us JitMax:523475us JitMin:-49904us"
06.10.2024 16:56:14.001: Cmp=PsSysTask, C=1, E=0, M="RedundancyTask State:8257 IecCCnt:535302 CCnt:535302 CTime:61us AvgCTime:100us MaxCTime:1365us MinCTime:34us Jit:2us JitMax:1474us JitMin:-1212us"
06.10.2024 16:56:14.001: Cmp=PsSysTask, C=1, E=0, M="Modbus State:8257 IecCCnt:53525 CCnt:53525 CTime:25us AvgCTime:33us MaxCTime:2654us MinCTime:20us Jit:245us JitMax:2629us JitMin:-2931us"
06.10.2024 16:56:14.001: Cmp=PsSysTask, C=1, E=0, M="VISU_TASK State:8257 IecCCnt:130802 CCnt:130802 CTime:86us AvgCTime:108965us MaxCTime:890102us MinCTime:37us Jit:-71962us JitMax:691373us JitMin:-199922us"
06.10.2024 16:56:14.001: Cmp=PsSysTask, C=1, E=0, M="TASK_PLC_PRG State:8257 IecCCnt:1338126 CCnt:1338126 CTime:2226us AvgCTime:2432us MaxCTime:4370us MinCTime:2151us Jit:-4us JitMax:1882us JitMin:-1348us"
06.10.2024 16:56:14.001: Cmp=PsSysTask, C=1, E=0, M="TASK_DIAGN State:8259 IecCCnt:26762 CCnt:26762 CTime:40103us AvgCTime:41346us MaxCTime:55826us MinCTime:36315us Jit:-164us JitMax:5483us JitMin:-3283us"
06.10.2024 17:01:15.011: Cmp=PsSysTask, C=1, E=0, M="AlarmManagerTask State:8257 IecCCnt:349187 CCnt:349187 CTime:106us AvgCTime:675us MaxCTime:359027us MinCTime:67us Jit:7005us JitMax:523475us JitMin:-49904us"
06.10.2024 17:01:15.011: Cmp=PsSysTask, C=1, E=0, M="RedundancyTask State:8257 IecCCnt:541323 CCnt:541323 CTime:63us AvgCTime:100us MaxCTime:1365us MinCTime:34us Jit:20us JitMax:1474us JitMin:-1212us"
06.10.2024 17:01:15.011: Cmp=PsSysTask, C=1, E=0, M="Modbus State:8257 IecCCnt:54127 CCnt:54127 CTime:25us AvgCTime:33us MaxCTime:2654us MinCTime:20us Jit:-623us JitMax:2634us JitMin:-2931us"
06.10.2024 17:01:15.011: Cmp=PsSysTask, C=1, E=0, M="VISU_TASK State:8259 IecCCnt:132274 CCnt:132274 CTime:77us AvgCTime:108957us MaxCTime:890102us MinCTime:37us Jit:-92987us JitMax:691373us JitMin:-199922us"
06.10.2024 17:01:15.011: Cmp=PsSysTask, C=1, E=0, M="TASK_PLC_PRG State:8257 IecCCnt:1353177 CCnt:1353177 CTime:2255us AvgCTime:2432us MaxCTime:4370us MinCTime:2151us Jit:-28us JitMax:1882us JitMin:-1348us"
06.10.2024 17:01:15.011: Cmp=PsSysTask, C=1, E=0, M="TASK_DIAGN State:8257 IecCCnt:27064 CCnt:27064 CTime:40202us AvgCTime:41349us MaxCTime:55826us MinCTime:36315us Jit:-267us JitMax:5483us JitMin:-3283us"
06.10.2024 17:06:16.008: Cmp=PsSysTask, C=1, E=0, M="AlarmManagerTask State:8257 IecCCnt:353071 CCnt:353071 CTime:463us AvgCTime:676us MaxCTime:359027us MinCTime:67us Jit:2902us JitMax:523475us JitMin:-49904us"
06.10.2024 17:06:16.008: Cmp=PsSysTask, C=1, E=0, M="RedundancyTask State:8257 IecCCnt:547344 CCnt:547344 CTime:338us AvgCTime:100us MaxCTime:1365us MinCTime:34us Jit:-16us JitMax:1474us JitMin:-1212us"
06.10.2024 17:06:16.008: Cmp=PsSysTask, C=1, E=0, M="Modbus State:8257 IecCCnt:54729 CCnt:54729 CTime:32us AvgCTime:33us MaxCTime:2654us MinCTime:20us Jit:-85us JitMax:2634us JitMin:-2931us"
06.10.2024 17:06:16.008: Cmp=PsSysTask, C=1, E=0, M="VISU_TASK State:8259 IecCCnt:133744 CCnt:133744 CTime:81us AvgCTime:108956us MaxCTime:890102us MinCTime:37us Jit:-126844us JitMax:691373us JitMin:-199922us"
06.10.2024 17:06:16.008: Cmp=PsSysTask, C=1, E=0, M="TASK_PLC_PRG State:8257 IecCCnt:1368228 CCnt:1368228 CTime:2675us AvgCTime:2433us MaxCTime:4370us MinCTime:2151us Jit:13us JitMax:1882us JitMin:-1348us"
06.10.2024 17:06:16.008: Cmp=PsSysTask, C=1, E=0, M="TASK_DIAGN State:8257 IecCCnt:27365 CCnt:27365 CTime:40559us AvgCTime:41350us MaxCTime:55826us MinCTime:36315us Jit:-157us JitMax:5483us JitMin:-3283us"
06.10.2024 17:11:17.011: Cmp=PsSysTask, C=1, E=0, M="AlarmManagerTask State:8257 IecCCnt:356944 CCnt:356944 CTime:107us AvgCTime:677us MaxCTime:359027us MinCTime:67us Jit:-89us JitMax:523475us JitMin:-49904us"
06.10.2024 17:11:17.011: Cmp=PsSysTask, C=1, E=0, M="RedundancyTask State:8257 IecCCnt:553365 CCnt:553365 CTime:52us AvgCTime:100us MaxCTime:1365us MinCTime:34us Jit:-8us JitMax:1474us JitMin:-1212us"
06.10.2024 17:11:17.011: Cmp=PsSysTask, C=1, E=0, M="Modbus State:8257 IecCCnt:55331 CCnt:55331 CTime:38us AvgCTime:33us MaxCTime:2654us MinCTime:20us Jit:-70us JitMax:2634us JitMin:-2931us"
06.10.2024 17:11:17.011: Cmp=PsSysTask, C=1, E=0, M="VISU_TASK State:8259 IecCCnt:135211 CCnt:135211 CTime:85us AvgCTime:108969us MaxCTime:890102us MinCTime:37us Jit:-114137us JitMax:691373us JitMin:-199922us"
06.10.2024 17:11:17.011: Cmp=PsSysTask, C=1, E=0, M="TASK_PLC_PRG State:8257 IecCCnt:1383278 CCnt:1383278 CTime:2271us AvgCTime:2433us MaxCTime:4370us MinCTime:2151us Jit:296us JitMax:1882us JitMin:-1348us"
06.10.2024 17:11:17.011: Cmp=PsSysTask, C=1, E=0, M="TASK_DIAGN State:8257 IecCCnt:27666 CCnt:27666 CTime:40811us AvgCTime:41343us MaxCTime:55826us MinCTime:36315us Jit:-83us JitMax:5483us JitMin:-3283us"
06.10.2024 17:16:18.085: Cmp=PsSysTask, C=1, E=0, M="AlarmManagerTask State:8257 IecCCnt:361087 CCnt:361087 CTime:113us AvgCTime:675us MaxCTime:359027us MinCTime:67us Jit:881us JitMax:523475us JitMin:-49904us"
06.10.2024 17:16:18.085: Cmp=PsSysTask, C=1, E=0, M="RedundancyTask State:8257 IecCCnt:559387 CCnt:559387 CTime:73us AvgCTime:100us MaxCTime:1365us MinCTime:34us Jit:-90us JitMax:1474us JitMin:-1212us"
06.10.2024 17:16:18.086: Cmp=PsSysTask, C=1, E=0, M="Modbus State:8257 IecCCnt:55933 CCnt:55933 CTime:26us AvgCTime:33us MaxCTime:2654us MinCTime:20us Jit:-91us JitMax:2634us JitMin:-2931us"
06.10.2024 17:16:18.086: Cmp=PsSysTask, C=1, E=0, M="VISU_TASK State:8259 IecCCnt:136700 CCnt:136700 CTime:86us AvgCTime:108815us MaxCTime:890102us MinCTime:37us Jit:-56268us JitMax:691373us JitMin:-199922us"
06.10.2024 17:16:18.086: Cmp=PsSysTask, C=1, E=0, M="TASK_PLC_PRG State:8257 IecCCnt:1398332 CCnt:1398332 CTime:2705us AvgCTime:2432us MaxCTime:4370us MinCTime:2151us Jit:-457us JitMax:1882us JitMin:-1348us"
06.10.2024 17:16:18.086: Cmp=PsSysTask, C=1, E=0, M="TASK_DIAGN State:8257 IecCCnt:27967 CCnt:27967 CTime:42774us AvgCTime:41347us MaxCTime:55826us MinCTime:36315us Jit:538us JitMax:5483us JitMin:-3283us"
06.10.2024 17:21:19.009: Cmp=PsSysTask, C=1, E=0, M="AlarmManagerTask State:8257 IecCCnt:365156 CCnt:365156 CTime:100us AvgCTime:673us MaxCTime:359027us MinCTime:67us Jit:-44us JitMax:523475us JitMin:-49904us"
06.10.2024 17:21:19.009: Cmp=PsSysTask, C=1, E=0, M="RedundancyTask State:8257 IecCCnt:565406 CCnt:565406 CTime:115us AvgCTime:100us MaxCTime:1365us MinCTime:34us Jit:-9us JitMax:1474us JitMin:-1212us"
06.10.2024 17:21:19.009: Cmp=PsSysTask, C=1, E=0, M="Modbus State:8257 IecCCnt:56535 CCnt:56535 CTime:26us AvgCTime:33us MaxCTime:2654us MinCTime:20us Jit:-51us JitMax:2634us JitMin:-2931us"
06.10.2024 17:21:19.009: Cmp=PsSysTask, C=1, E=0, M="VISU_TASK State:8259 IecCCnt:138183 CCnt:138183 CTime:76us AvgCTime:108705us MaxCTime:890102us MinCTime:37us Jit:-121169us JitMax:691373us JitMin:-199922us"
06.10.2024 17:21:19.009: Cmp=PsSysTask, C=1, E=0, M="TASK_PLC_PRG State:8257 IecCCnt:1413379 CCnt:1413379 CTime:2208us AvgCTime:2432us MaxCTime:4370us MinCTime:2151us Jit:-123us JitMax:1882us JitMin:-1348us"
06.10.2024 17:21:19.009: Cmp=PsSysTask, C=1, E=0, M="TASK_DIAGN State:8257 IecCCnt:28268 CCnt:28268 CTime:40013us AvgCTime:41349us MaxCTime:55826us MinCTime:36315us Jit:-147us JitMax:5483us JitMin:-3283us"
06.10.2024 17:26:20.005: Cmp=PsSysTask, C=1, E=0, M="AlarmManagerTask State:8257 IecCCnt:368993 CCnt:368993 CTime:100us AvgCTime:674us MaxCTime:359027us MinCTime:67us Jit:3359us JitMax:523475us JitMin:-49904us"
06.10.2024 17:26:20.005: Cmp=PsSysTask, C=1, E=0, M="RedundancyTask State:8257 IecCCnt:571427 CCnt:571427 CTime:60us AvgCTime:100us MaxCTime:1365us MinCTime:34us Jit:-5us JitMax:1474us JitMin:-1212us"
06.10.2024 17:26:20.005: Cmp=PsSysTask, C=1, E=0, M="Modbus State:8257 IecCCnt:57137 CCnt:57137 CTime:34us AvgCTime:33us MaxCTime:2654us MinCTime:20us Jit:-388us JitMax:2634us JitMin:-2931us"
06.10.2024 17:26:20.005: Cmp=PsSysTask, C=1, E=0, M="VISU_TASK State:8259 IecCCnt:139648 CCnt:139648 CTime:92us AvgCTime:108739us MaxCTime:890102us MinCTime:37us Jit:-107330us JitMax:691373us JitMin:-199922us"
06.10.2024 17:26:20.005: Cmp=PsSysTask, C=1, E=0, M="TASK_PLC_PRG State:8257 IecCCnt:1428430 CCnt:1428430 CTime:2465us AvgCTime:2432us MaxCTime:4370us MinCTime:2151us Jit:23us JitMax:1882us JitMin:-1348us"
06.10.2024 17:26:20.005: Cmp=PsSysTask, C=1, E=0, M="TASK_DIAGN State:8257 IecCCnt:28569 CCnt:28569 CTime:40644us AvgCTime:41352us MaxCTime:55826us MinCTime:36315us Jit:-155us JitMax:5483us JitMin:-3283us"
06.10.2024 17:31:21.006: Cmp=PsSysTask, C=1, E=0, M="AlarmManagerTask State:8257 IecCCnt:372870 CCnt:372870 CTime:100us AvgCTime:674us MaxCTime:359027us MinCTime:67us Jit:908us JitMax:523475us JitMin:-49904us"
06.10.2024 17:31:21.006: Cmp=PsSysTask, C=1, E=0, M="RedundancyTask State:8257 IecCCnt:577448 CCnt:577448 CTime:52us AvgCTime:100us MaxCTime:1365us MinCTime:34us Jit:-44us JitMax:1474us JitMin:-1212us"
06.10.2024 17:31:21.006: Cmp=PsSysTask, C=1, E=0, M="Modbus State:8257 IecCCnt:57739 CCnt:57739 CTime:38us AvgCTime:33us MaxCTime:2654us MinCTime:20us Jit:-87us JitMax:2634us JitMin:-2931us"
06.10.2024 17:31:21.007: Cmp=PsSysTask, C=1, E=0, M="VISU_TASK State:8257 IecCCnt:141128 CCnt:141128 CTime:88us AvgCTime:108739us MaxCTime:890102us MinCTime:37us Jit:-99251us JitMax:691373us JitMin:-199922us"
06.10.2024 17:31:21.007: Cmp=PsSysTask, C=1, E=0, M="TASK_PLC_PRG State:8257 IecCCnt:1443480 CCnt:1443480 CTime:2551us AvgCTime:2433us MaxCTime:4370us MinCTime:2148us Jit:-3us JitMax:1882us JitMin:-1348us"
06.10.2024 17:31:21.007: Cmp=PsSysTask, C=1, E=0, M="TASK_DIAGN State:8257 IecCCnt:28870 CCnt:28870 CTime:40575us AvgCTime:41347us MaxCTime:55826us MinCTime:36238us Jit:137us JitMax:5483us JitMin:-3283us"
06.10.2024 17:36:22.001: Cmp=PsSysTask, C=1, E=0, M="AlarmManagerTask State:8257 IecCCnt:376715 CCnt:376715 CTime:104us AvgCTime:674us MaxCTime:359027us MinCTime:67us Jit:2546us JitMax:523475us JitMin:-49904us"
06.10.2024 17:36:22.001: Cmp=PsSysTask, C=1, E=0, M="RedundancyTask State:8257 IecCCnt:583469 CCnt:583469 CTime:59us AvgCTime:100us MaxCTime:1365us MinCTime:34us Jit:-333us JitMax:1474us JitMin:-1212us"
06.10.2024 17:36:22.001: Cmp=PsSysTask, C=1, E=0, M="Modbus State:8257 IecCCnt:58341 CCnt:58341 CTime:26us AvgCTime:33us MaxCTime:2654us MinCTime:20us Jit:-164us JitMax:2634us JitMin:-2931us"
06.10.2024 17:36:22.001: Cmp=PsSysTask, C=1, E=0, M="VISU_TASK State:8259 IecCCnt:142600 CCnt:142600 CTime:87us AvgCTime:108765us MaxCTime:890102us MinCTime:37us Jit:-48025us JitMax:691373us JitMin:-199922us"
06.10.2024 17:36:22.001: Cmp=PsSysTask, C=1, E=0, M="TASK_PLC_PRG State:8257 IecCCnt:1458530 CCnt:1458530 CTime:2869us AvgCTime:2432us MaxCTime:4370us MinCTime:2148us Jit:6us JitMax:1882us JitMin:-1348us"
06.10.2024 17:36:22.001: Cmp=PsSysTask, C=1, E=0, M="TASK_DIAGN State:8257 IecCCnt:29171 CCnt:29171 CTime:40422us AvgCTime:41348us MaxCTime:55826us MinCTime:36238us Jit:130us JitMax:5483us JitMin:-3283us"
06.10.2024 17:41:23.013: Cmp=PsSysTask, C=1, E=0, M="AlarmManagerTask State:8257 IecCCnt:380538 CCnt:380538 CTime:90us AvgCTime:674us MaxCTime:359027us MinCTime:67us Jit:216029us JitMax:523475us JitMin:-49904us"
06.10.2024 17:41:23.013: Cmp=PsSysTask, C=1, E=0, M="RedundancyTask State:8257 IecCCnt:589490 CCnt:589490 CTime:65us AvgCTime:100us MaxCTime:1365us MinCTime:34us Jit:-26us JitMax:1474us JitMin:-1212us"
06.10.2024 17:41:23.013: Cmp=PsSysTask, C=1, E=0, M="Modbus State:8257 IecCCnt:58943 CCnt:58943 CTime:32us AvgCTime:33us MaxCTime:2654us MinCTime:20us Jit:-64us JitMax:2634us JitMin:-2931us"
06.10.2024 17:41:23.013: Cmp=PsSysTask, C=1, E=0, M="VISU_TASK State:8257 IecCCnt:144065 CCnt:144065 CTime:66us AvgCTime:108804us MaxCTime:890102us MinCTime:37us Jit:126976us JitMax:691373us JitMin:-199922us"
06.10.2024 17:41:23.013: Cmp=PsSysTask, C=1, E=0, M="TASK_PLC_PRG State:8257 IecCCnt:1473582 CCnt:1473582 CTime:2869us AvgCTime:2433us MaxCTime:4370us MinCTime:2148us Jit:-13us JitMax:1882us JitMin:-1348us"
06.10.2024 17:41:23.013: Cmp=PsSysTask, C=1, E=0, M="TASK_DIAGN State:8257 IecCCnt:29472 CCnt:29472 CTime:40348us AvgCTime:41337us MaxCTime:55826us MinCTime:36238us Jit:-149us JitMax:5483us JitMin:-3283us"
06.10.2024 17:46:24.010: Cmp=PsSysTask, C=1, E=0, M="AlarmManagerTask State:8257 IecCCnt:384412 CCnt:384412 CTime:109us AvgCTime:672us MaxCTime:359027us MinCTime:67us Jit:4011us JitMax:523475us JitMin:-49904us"
06.10.2024 17:46:24.010: Cmp=PsSysTask, C=1, E=0, M="RedundancyTask State:8257 IecCCnt:595511 CCnt:595511 CTime:60us AvgCTime:100us MaxCTime:1365us MinCTime:34us Jit:135us JitMax:1474us JitMin:-1212us"
06.10.2024 17:46:24.010: Cmp=PsSysTask, C=1, E=0, M="Modbus State:8257 IecCCnt:59545 CCnt:59545 CTime:32us AvgCTime:33us MaxCTime:2654us MinCTime:20us Jit:-392us JitMax:2634us JitMin:-2931us"
06.10.2024 17:46:24.010: Cmp=PsSysTask, C=1, E=0, M="VISU_TASK State:8259 IecCCnt:145545 CCnt:145545 CTime:86us AvgCTime:108809us MaxCTime:890102us MinCTime:37us Jit:-85144us JitMax:691373us JitMin:-199922us"
06.10.2024 17:46:24.010: Cmp=PsSysTask, C=1, E=0, M="TASK_PLC_PRG State:8257 IecCCnt:1488632 CCnt:1488632 CTime:2221us AvgCTime:2433us MaxCTime:4370us MinCTime:2148us Jit:396us JitMax:1882us JitMin:-1348us"
06.10.2024 17:46:24.010: Cmp=PsSysTask, C=1, E=0, M="TASK_DIAGN State:8257 IecCCnt:29773 CCnt:29773 CTime:40723us AvgCTime:41338us MaxCTime:55826us MinCTime:36238us Jit:-169us JitMax:5483us JitMin:-3283us"
06.10.2024 17:51:25.006: Cmp=PsSysTask, C=1, E=0, M="AlarmManagerTask State:8259 IecCCnt:388283 CCnt:388283 CTime:101us AvgCTime:674us MaxCTime:359027us MinCTime:67us Jit:-43us JitMax:523475us JitMin:-49904us"
06.10.2024 17:51:25.006: Cmp=PsSysTask, C=1, E=0, M="RedundancyTask State:8257 IecCCnt:601532 CCnt:601532 CTime:70us AvgCTime:100us MaxCTime:1365us MinCTime:34us Jit:-6us JitMax:1474us JitMin:-1212us"
06.10.2024 17:51:25.006: Cmp=PsSysTask, C=1, E=0, M="Modbus State:8257 IecCCnt:60147 CCnt:60147 CTime:31us AvgCTime:33us MaxCTime:2654us MinCTime:20us Jit:-54us JitMax:2634us JitMin:-2931us"
06.10.2024 17:51:25.006: Cmp=PsSysTask, C=1, E=0, M="VISU_TASK State:8257 IecCCnt:147016 CCnt:147016 CTime:86us AvgCTime:108827us MaxCTime:890102us MinCTime:37us Jit:-107264us JitMax:691373us JitMin:-199922us"
06.10.2024 17:51:25.006: Cmp=PsSysTask, C=1, E=0, M="TASK_PLC_PRG State:8257 IecCCnt:1503682 CCnt:1503682 CTime:2219us AvgCTime:2433us MaxCTime:4370us MinCTime:2148us Jit:9us JitMax:1882us JitMin:-1348us"
06.10.2024 17:51:25.006: Cmp=PsSysTask, C=1, E=0, M="TASK_DIAGN State:8257 IecCCnt:30074 CCnt:30074 CTime:40680us AvgCTime:41340us MaxCTime:55826us MinCTime:36238us Jit:-396us JitMax:5483us JitMin:-3283us"
06.10.2024 17:56:26.009: Cmp=PsSysTask, C=1, E=0, M="AlarmManagerTask State:8257 IecCCnt:392138 CCnt:392138 CTime:104us AvgCTime:674us MaxCTime:359027us MinCTime:67us Jit:69us JitMax:523475us JitMin:-49904us"
06.10.2024 17:56:26.009: Cmp=PsSysTask, C=1, E=0, M="RedundancyTask State:8257 IecCCnt:607553 CCnt:607553 CTime:64us AvgCTime:100us MaxCTime:1365us MinCTime:34us Jit:-29us JitMax:1474us JitMin:-1212us"
06.10.2024 17:56:26.009: Cmp=PsSysTask, C=1, E=0, M="Modbus State:8257 IecCCnt:60749 CCnt:60749 CTime:29us AvgCTime:33us MaxCTime:2654us MinCTime:20us Jit:-54us JitMax:2634us JitMin:-2931us"
06.10.2024 17:56:26.009: Cmp=PsSysTask, C=1, E=0, M="VISU_TASK State:8257 IecCCnt:148480 CCnt:148480 CTime:83us AvgCTime:108854us MaxCTime:890102us MinCTime:37us Jit:-124569us JitMax:691373us JitMin:-199922us"
06.10.2024 17:56:26.009: Cmp=PsSysTask, C=1, E=0, M="TASK_PLC_PRG State:8257 IecCCnt:1518733 CCnt:1518733 CTime:2527us AvgCTime:2433us MaxCTime:4370us MinCTime:2148us Jit:-1us JitMax:1882us JitMin:-1348us"
06.10.2024 17:56:26.009: Cmp=PsSysTask, C=1, E=0, M="TASK_DIAGN State:8257 IecCCnt:30375 CCnt:30375 CTime:36506us AvgCTime:41336us MaxCTime:55826us MinCTime:36238us Jit:-35us JitMax:5483us JitMin:-3283us"
06.10.2024 18:01:27.004: Cmp=PsSysTask, C=1, E=0, M="AlarmManagerTask State:8257 IecCCnt:395966 CCnt:395966 CTime:105us AvgCTime:675us MaxCTime:359027us MinCTime:67us Jit:3667us JitMax:569891us JitMin:-49904us"
06.10.2024 18:01:27.004: Cmp=PsSysTask, C=1, E=0, M="RedundancyTask State:8257 IecCCnt:613574 CCnt:613574 CTime:85us AvgCTime:100us MaxCTime:1365us MinCTime:34us Jit:115us JitMax:1474us JitMin:-1212us"
06.10.2024 18:01:27.004: Cmp=PsSysTask, C=1, E=0, M="Modbus State:8257 IecCCnt:61351 CCnt:61351 CTime:27us AvgCTime:33us MaxCTime:2654us MinCTime:20us Jit:-81us JitMax:2634us JitMin:-2931us"
06.10.2024 18:01:27.004: Cmp=PsSysTask, C=1, E=0, M="VISU_TASK State:8259 IecCCnt:149945 CCnt:149945 CTime:80us AvgCTime:108886us MaxCTime:890102us MinCTime:37us Jit:-142197us JitMax:691373us JitMin:-199922us"
06.10.2024 18:01:27.004: Cmp=PsSysTask, C=1, E=0, M="TASK_PLC_PRG State:8257 IecCCnt:1533784 CCnt:1533784 CTime:2216us AvgCTime:2433us MaxCTime:4370us MinCTime:2148us Jit:260us JitMax:1882us JitMin:-1348us"
06.10.2024 18:01:27.004: Cmp=PsSysTask, C=1, E=0, M="TASK_DIAGN State:8257 IecCCnt:30676 CCnt:30676 CTime:47820us AvgCTime:41333us MaxCTime:55826us MinCTime:36238us Jit:102us JitMax:5483us JitMin:-3283us"
06.10.2024 18:06:28.010: Cmp=PsSysTask, C=1, E=0, M="AlarmManagerTask State:8257 IecCCnt:399824 CCnt:399824 CTime:93us AvgCTime:674us MaxCTime:359027us MinCTime:67us Jit:7925us JitMax:569891us JitMin:-49904us"
06.10.2024 18:06:28.010: Cmp=PsSysTask, C=1, E=0, M="RedundancyTask State:8257 IecCCnt:619595 CCnt:619595 CTime:71us AvgCTime:100us MaxCTime:1365us MinCTime:34us Jit:-4us JitMax:1474us JitMin:-1212us"
06.10.2024 18:06:28.010: Cmp=PsSysTask, C=1, E=0, M="Modbus State:8257 IecCCnt:61954 CCnt:61954 CTime:26us AvgCTime:33us MaxCTime:2654us MinCTime:20us Jit:22us JitMax:2634us JitMin:-2931us"
06.10.2024 18:06:28.010: Cmp=PsSysTask, C=1, E=0, M="VISU_TASK State:8259 IecCCnt:151417 CCnt:151417 CTime:84us AvgCTime:108892us MaxCTime:890102us MinCTime:37us Jit:-67934us JitMax:691373us JitMin:-199922us"
06.10.2024 18:06:28.010: Cmp=PsSysTask, C=1, E=0, M="TASK_PLC_PRG State:8257 IecCCnt:1548836 CCnt:1548836 CTime:2689us AvgCTime:2433us MaxCTime:4370us MinCTime:2148us Jit:46us JitMax:1882us JitMin:-1348us"
06.10.2024 18:06:28.010: Cmp=PsSysTask, C=1, E=0, M="TASK_DIAGN State:8257 IecCCnt:30977 CCnt:30977 CTime:40632us AvgCTime:41333us MaxCTime:55826us MinCTime:36238us Jit:-171us JitMax:5483us JitMin:-3283us"
06.10.2024 18:11:29.006: Cmp=PsSysTask, C=1, E=0, M="AlarmManagerTask State:8257 IecCCnt:403666 CCnt:403666 CTime:90us AvgCTime:674us MaxCTime:359027us MinCTime:67us Jit:8901us JitMax:569891us JitMin:-49904us"
06.10.2024 18:11:29.006: Cmp=PsSysTask, C=1, E=0, M="RedundancyTask State:8257 IecCCnt:625616 CCnt:625616 CTime:330us AvgCTime:100us MaxCTime:1365us MinCTime:34us Jit:1us JitMax:1474us JitMin:-1212us"
06.10.2024 18:11:29.006: Cmp=PsSysTask, C=1, E=0, M="Modbus State:8257 IecCCnt:62556 CCnt:62556 CTime:37us AvgCTime:33us MaxCTime:2654us MinCTime:20us Jit:-68us JitMax:2634us JitMin:-2931us"
06.10.2024 18:11:29.006: Cmp=PsSysTask, C=1, E=0, M="VISU_TASK State:8259 IecCCnt:152882 CCnt:152882 CTime:84us AvgCTime:108918us MaxCTime:890102us MinCTime:37us Jit:-118152us JitMax:691373us JitMin:-199922us"
06.10.2024 18:11:29.006: Cmp=PsSysTask, C=1, E=0, M="TASK_PLC_PRG State:8257 IecCCnt:1563886 CCnt:1563886 CTime:2452us AvgCTime:2432us MaxCTime:4378us MinCTime:2148us Jit:0us JitMax:1882us JitMin:-1348us"
06.10.2024 18:11:29.006: Cmp=PsSysTask, C=1, E=0, M="TASK_DIAGN State:8257 IecCCnt:31278 CCnt:31278 CTime:39112us AvgCTime:41328us MaxCTime:55826us MinCTime:36238us Jit:-410us JitMax:5483us JitMin:-3283us"
06.10.2024 18:16:30.004: Cmp=PsSysTask, C=1, E=0, M="AlarmManagerTask State:8257 IecCCnt:407509 CCnt:407509 CTime:104us AvgCTime:676us MaxCTime:359027us MinCTime:67us Jit:755us JitMax:569891us JitMin:-49904us"
06.10.2024 18:16:30.004: Cmp=PsSysTask, C=1, E=0, M="RedundancyTask State:8257 IecCCnt:631636 CCnt:631636 CTime:318us AvgCTime:100us MaxCTime:1365us MinCTime:34us Jit:-17us JitMax:1474us JitMin:-1212us"
06.10.2024 18:16:30.004: Cmp=PsSysTask, C=1, E=0, M="Modbus State:8257 IecCCnt:63158 CCnt:63158 CTime:26us AvgCTime:33us MaxCTime:2654us MinCTime:20us Jit:-184us JitMax:2634us JitMin:-2931us"
06.10.2024 18:16:30.004: Cmp=PsSysTask, C=1, E=0, M="VISU_TASK State:8257 IecCCnt:154354 CCnt:154354 CTime:62us AvgCTime:108936us MaxCTime:890102us MinCTime:37us Jit:124189us JitMax:691373us JitMin:-199922us"
06.10.2024 18:16:30.005: Cmp=PsSysTask, C=1, E=0, M="TASK_PLC_PRG State:8257 IecCCnt:1578936 CCnt:1578936 CTime:2879us AvgCTime:2433us MaxCTime:4378us MinCTime:2148us Jit:-260us JitMax:1882us JitMin:-1348us"
06.10.2024 18:16:30.005: Cmp=PsSysTask, C=1, E=0, M="TASK_DIAGN State:8257 IecCCnt:31579 CCnt:31579 CTime:40741us AvgCTime:41321us MaxCTime:55826us MinCTime:36238us Jit:-359us JitMax:5483us JitMin:-3283us"
06.10.2024 18:21:31.002: Cmp=PsSysTask, C=1, E=0, M="AlarmManagerTask State:8257 IecCCnt:411363 CCnt:411363 CTime:107us AvgCTime:676us MaxCTime:359027us MinCTime:67us Jit:4968us JitMax:569891us JitMin:-49904us"
06.10.2024 18:21:31.002: Cmp=PsSysTask, C=1, E=0, M="RedundancyTask State:8257 IecCCnt:637657 CCnt:637657 CTime:332us AvgCTime:100us MaxCTime:1365us MinCTime:34us Jit:-4us JitMax:1474us JitMin:-1212us"
06.10.2024 18:21:31.002: Cmp=PsSysTask, C=1, E=0, M="Modbus State:8257 IecCCnt:63760 CCnt:63760 CTime:23us AvgCTime:33us MaxCTime:2654us MinCTime:20us Jit:-68us JitMax:2634us JitMin:-2931us"
06.10.2024 18:21:31.002: Cmp=PsSysTask, C=1, E=0, M="VISU_TASK State:8259 IecCCnt:155821 CCnt:155821 CTime:69us AvgCTime:108952us MaxCTime:890102us MinCTime:37us Jit:-90189us JitMax:691373us JitMin:-199922us"
06.10.2024 18:21:31.002: Cmp=PsSysTask, C=1, E=0, M="TASK_PLC_PRG State:8257 IecCCnt:1593987 CCnt:1593987 CTime:2307us AvgCTime:2432us MaxCTime:4378us MinCTime:2148us Jit:-67us JitMax:1882us JitMin:-1348us"
06.10.2024 18:21:31.002: Cmp=PsSysTask, C=1, E=0, M="TASK_DIAGN State:8257 IecCCnt:31880 CCnt:31880 CTime:40677us AvgCTime:41323us MaxCTime:55826us MinCTime:36238us Jit:59us JitMax:5483us JitMin:-3283us"
06.10.2024 18:26:32.003: Cmp=PsSysTask, C=1, E=0, M="AlarmManagerTask State:8257 IecCCnt:415210 CCnt:415210 CTime:2005us AvgCTime:674us MaxCTime:359027us MinCTime:67us Jit:-175us JitMax:569891us JitMin:-49904us"
06.10.2024 18:26:32.003: Cmp=PsSysTask, C=1, E=0, M="RedundancyTask State:8257 IecCCnt:643678 CCnt:643678 CTime:62us AvgCTime:100us MaxCTime:1365us MinCTime:34us Jit:-3us JitMax:1474us JitMin:-1212us"
06.10.2024 18:26:32.003: Cmp=PsSysTask, C=1, E=0, M="Modbus State:8257 IecCCnt:64362 CCnt:64362 CTime:26us AvgCTime:33us MaxCTime:2654us MinCTime:20us Jit:-109us JitMax:2634us JitMin:-2931us"
06.10.2024 18:26:32.003: Cmp=PsSysTask, C=1, E=0, M="VISU_TASK State:8257 IecCCnt:157296 CCnt:157296 CTime:87us AvgCTime:108968us MaxCTime:890102us MinCTime:37us Jit:-126112us JitMax:691373us JitMin:-199922us"
06.10.2024 18:26:32.004: Cmp=PsSysTask, C=1, E=0, M="TASK_PLC_PRG State:8257 IecCCnt:1609037 CCnt:1609037 CTime:2802us AvgCTime:2432us MaxCTime:4378us MinCTime:2147us Jit:-69us JitMax:1882us JitMin:-1348us"
06.10.2024 18:26:32.004: Cmp=PsSysTask, C=1, E=0, M="TASK_DIAGN State:8257 IecCCnt:32181 CCnt:32181 CTime:38720us AvgCTime:41319us MaxCTime:55826us MinCTime:36238us Jit:-123us JitMax:5483us JitMin:-3283us"
06.10.2024 18:31:33.001: Cmp=PsSysTask, C=1, E=0, M="AlarmManagerTask State:8257 IecCCnt:419030 CCnt:419030 CTime:106us AvgCTime:674us MaxCTime:359027us MinCTime:67us Jit:7613us JitMax:569891us JitMin:-49904us"
06.10.2024 18:31:33.001: Cmp=PsSysTask, C=1, E=0, M="RedundancyTask State:8257 IecCCnt:649699 CCnt:649699 CTime:77us AvgCTime:100us MaxCTime:1365us MinCTime:34us Jit:96us JitMax:1474us JitMin:-1212us"
06.10.2024 18:31:33.001: Cmp=PsSysTask, C=1, E=0, M="Modbus State:8257 IecCCnt:64964 CCnt:64964 CTime:26us AvgCTime:33us MaxCTime:2654us MinCTime:20us Jit:-139us JitMax:2634us JitMin:-2931us"
06.10.2024 18:31:33.001: Cmp=PsSysTask, C=1, E=0, M="VISU_TASK State:8259 IecCCnt:158759 CCnt:158759 CTime:85us AvgCTime:108998us MaxCTime:890102us MinCTime:37us Jit:-72499us JitMax:691373us JitMin:-199922us"
06.10.2024 18:31:33.001: Cmp=PsSysTask, C=1, E=0, M="TASK_PLC_PRG State:8257 IecCCnt:1624088 CCnt:1624088 CTime:2221us AvgCTime:2432us MaxCTime:4378us MinCTime:2147us Jit:302us JitMax:1882us JitMin:-1348us"
06.10.2024 18:31:33.002: Cmp=PsSysTask, C=1, E=0, M="TASK_DIAGN State:8257 IecCCnt:32482 CCnt:32482 CTime:42196us AvgCTime:41314us MaxCTime:55826us MinCTime:36238us Jit:230us JitMax:5483us JitMin:-3283us"
06.10.2024 18:36:34.008: Cmp=PsSysTask, C=1, E=0, M="AlarmManagerTask State:8257 IecCCnt:422843 CCnt:422843 CTime:106us AvgCTime:674us MaxCTime:359027us MinCTime:67us Jit:-288us JitMax:569891us JitMin:-49904us"
06.10.2024 18:36:34.008: Cmp=PsSysTask, C=1, E=0, M="RedundancyTask State:8257 IecCCnt:655720 CCnt:655720 CTime:62us AvgCTime:100us MaxCTime:1365us MinCTime:34us Jit:-201us JitMax:1474us JitMin:-1212us"
06.10.2024 18:36:34.008: Cmp=PsSysTask, C=1, E=0, M="Modbus State:8257 IecCCnt:65566 CCnt:65566 CTime:26us AvgCTime:33us MaxCTime:2654us MinCTime:20us Jit:117us JitMax:2634us JitMin:-2931us"
06.10.2024 18:36:34.008: Cmp=PsSysTask, C=1, E=0, M="VISU_TASK State:8259 IecCCnt:160229 CCnt:160229 CTime:73us AvgCTime:109023us MaxCTime:890102us MinCTime:37us Jit:-142054us JitMax:691373us JitMin:-199922us"
06.10.2024 18:36:34.008: Cmp=PsSysTask, C=1, E=0, M="TASK_PLC_PRG State:8257 IecCCnt:1639140 CCnt:1639140 CTime:2268us AvgCTime:2432us MaxCTime:4378us MinCTime:2147us Jit:10us JitMax:1882us JitMin:-1348us"
06.10.2024 18:36:34.008: Cmp=PsSysTask, C=1, E=0, M="TASK_DIAGN State:8257 IecCCnt:32783 CCnt:32783 CTime:40963us AvgCTime:41315us MaxCTime:55826us MinCTime:36238us Jit:-482us JitMax:5483us JitMin:-3283us"
06.10.2024 18:41:35.007: Cmp=PsSysTask, C=1, E=0, M="AlarmManagerTask State:8257 IecCCnt:426708 CCnt:426708 CTime:100us AvgCTime:674us MaxCTime:359027us MinCTime:67us Jit:1971us JitMax:569891us JitMin:-49904us"
06.10.2024 18:41:35.007: Cmp=PsSysTask, C=1, E=0, M="RedundancyTask State:8257 IecCCnt:661741 CCnt:661741 CTime:66us AvgCTime:100us MaxCTime:1365us MinCTime:34us Jit:319us JitMax:1474us JitMin:-1212us"
06.10.2024 18:41:35.007: Cmp=PsSysTask, C=1, E=0, M="Modbus State:8257 IecCCnt:66168 CCnt:66168 CTime:26us AvgCTime:33us MaxCTime:2654us MinCTime:20us Jit:-152us JitMax:2634us JitMin:-2931us"
06.10.2024 18:41:35.007: Cmp=PsSysTask, C=1, E=0, M="VISU_TASK State:8257 IecCCnt:161703 CCnt:161703 CTime:88us AvgCTime:109026us MaxCTime:890102us MinCTime:37us Jit:-132282us JitMax:691373us JitMin:-199922us"
06.10.2024 18:41:35.007: Cmp=PsSysTask, C=1, E=0, M="TASK_PLC_PRG State:8257 IecCCnt:1654191 CCnt:1654191 CTime:2335us AvgCTime:2432us MaxCTime:4378us MinCTime:2147us Jit:-27us JitMax:1882us JitMin:-1348us"
06.10.2024 18:41:35.007: Cmp=PsSysTask, C=1, E=0, M="TASK_DIAGN State:8257 IecCCnt:33084 CCnt:33084 CTime:40593us AvgCTime:41317us MaxCTime:55826us MinCTime:36238us Jit:-173us JitMax:5483us JitMin:-3283us"
06.10.2024 18:46:36.003: Cmp=PsSysTask, C=1, E=0, M="AlarmManagerTask State:8257 IecCCnt:430563 CCnt:430563 CTime:106us AvgCTime:674us MaxCTime:359027us MinCTime:67us Jit:1392us JitMax:569891us JitMin:-49904us"
06.10.2024 18:46:36.003: Cmp=PsSysTask, C=1, E=0, M="RedundancyTask State:8257 IecCCnt:667762 CCnt:667762 CTime:60us AvgCTime:100us MaxCTime:1365us MinCTime:34us Jit:247us JitMax:1474us JitMin:-1212us"
06.10.2024 18:46:36.003: Cmp=PsSysTask, C=1, E=0, M="Modbus State:8257 IecCCnt:66770 CCnt:66770 CTime:38us AvgCTime:33us MaxCTime:2654us MinCTime:20us Jit:-4us JitMax:2634us JitMin:-2931us"
06.10.2024 18:46:36.003: Cmp=PsSysTask, C=1, E=0, M="VISU_TASK State:8259 IecCCnt:163173 CCnt:163173 CTime:70us AvgCTime:109045us MaxCTime:890102us MinCTime:37us Jit:-147703us JitMax:691373us JitMin:-199922us"
06.10.2024 18:46:36.003: Cmp=PsSysTask, C=1, E=0, M="TASK_PLC_PRG State:8257 IecCCnt:1669242 CCnt:1669242 CTime:2218us AvgCTime:2431us MaxCTime:4378us MinCTime:2147us Jit:-16us JitMax:1882us JitMin:-1348us"
06.10.2024 18:46:36.003: Cmp=PsSysTask, C=1, E=0, M="TASK_DIAGN State:8257 IecCCnt:33385 CCnt:33385 CTime:40080us AvgCTime:41320us MaxCTime:55826us MinCTime:36238us Jit:-126us JitMax:5483us JitMin:-3283us"
06.10.2024 18:51:37.008: Cmp=PsSysTask, C=1, E=0, M="AlarmManagerTask State:8257 IecCCnt:434547 CCnt:434547 CTime:113us AvgCTime:673us MaxCTime:359027us MinCTime:67us Jit:-182us JitMax:569891us JitMin:-49904us"
06.10.2024 18:51:37.008: Cmp=PsSysTask, C=1, E=0, M="RedundancyTask State:8257 IecCCnt:673783 CCnt:673783 CTime:59us AvgCTime:100us MaxCTime:1365us MinCTime:34us Jit:3us JitMax:1474us JitMin:-1212us"
06.10.2024 18:51:37.008: Cmp=PsSysTask, C=1, E=0, M="Modbus State:8257 IecCCnt:67372 CCnt:67372 CTime:26us AvgCTime:33us MaxCTime:2654us MinCTime:20us Jit:-64us JitMax:2634us JitMin:-2931us"
06.10.2024 18:51:37.008: Cmp=PsSysTask, C=1, E=0, M="VISU_TASK State:8257 IecCCnt:164643 CCnt:164643 CTime:1506us AvgCTime:108999us MaxCTime:890102us MinCTime:37us Jit:24613us JitMax:691373us JitMin:-199922us"
06.10.2024 18:51:37.008: Cmp=PsSysTask, C=1, E=0, M="TASK_PLC_PRG State:8257 IecCCnt:1684294 CCnt:1684294 CTime:2361us AvgCTime:2431us MaxCTime:4378us MinCTime:2147us Jit:-120us JitMax:1882us JitMin:-1348us"
06.10.2024 18:51:37.008: Cmp=PsSysTask, C=1, E=0, M="TASK_DIAGN State:8257 IecCCnt:33686 CCnt:33686 CTime:39441us AvgCTime:41318us MaxCTime:55826us MinCTime:36238us Jit:-164us JitMax:5483us JitMin:-3283us"
06.10.2024 18:56:38.002: Cmp=PsSysTask, C=1, E=0, M="AlarmManagerTask State:8257 IecCCnt:438925 CCnt:438925 CTime:106us AvgCTime:670us MaxCTime:359027us MinCTime:67us Jit:1791us JitMax:569891us JitMin:-49904us"
06.10.2024 18:56:38.002: Cmp=PsSysTask, C=1, E=0, M="RedundancyTask State:8257 IecCCnt:679804 CCnt:679804 CTime:64us AvgCTime:100us MaxCTime:1365us MinCTime:34us Jit:-39us JitMax:1474us JitMin:-1212us"
06.10.2024 18:56:38.002: Cmp=PsSysTask, C=1, E=0, M="Modbus State:8257 IecCCnt:67974 CCnt:67974 CTime:25us AvgCTime:33us MaxCTime:2654us MinCTime:20us Jit:133us JitMax:2634us JitMin:-2931us"
06.10.2024 18:56:38.002: Cmp=PsSysTask, C=1, E=0, M="VISU_TASK State:8257 IecCCnt:166146 CCnt:166146 CTime:62us AvgCTime:108759us MaxCTime:890102us MinCTime:37us Jit:94754us JitMax:691373us JitMin:-199922us"
06.10.2024 18:56:38.002: Cmp=PsSysTask, C=1, E=0, M="TASK_PLC_PRG State:8257 IecCCnt:1699343 CCnt:1699343 CTime:2312us AvgCTime:2432us MaxCTime:4378us MinCTime:2147us Jit:-15us JitMax:1882us JitMin:-1348us"
06.10.2024 18:56:38.002: Cmp=PsSysTask, C=1, E=0, M="TASK_DIAGN State:8257 IecCCnt:33987 CCnt:33987 CTime:41927us AvgCTime:41313us MaxCTime:55826us MinCTime:36238us Jit:-554us JitMax:5483us JitMin:-3283us"
06.10.2024 19:01:39.000: Cmp=PsSysTask, C=1, E=0, M="AlarmManagerTask State:8257 IecCCnt:442894 CCnt:442894 CTime:102us AvgCTime:668us MaxCTime:359027us MinCTime:67us Jit:1691us JitMax:569891us JitMin:-49904us"
06.10.2024 19:01:39.000: Cmp=PsSysTask, C=1, E=0, M="RedundancyTask State:8257 IecCCnt:685825 CCnt:685825 CTime:60us AvgCTime:100us MaxCTime:1365us MinCTime:34us Jit:-2us JitMax:1474us JitMin:-1212us"
06.10.2024 19:01:39.000: Cmp=PsSysTask, C=1, E=0, M="Modbus State:8257 IecCCnt:68576 CCnt:68576 CTime:45us AvgCTime:33us MaxCTime:2654us MinCTime:20us Jit:-162us JitMax:2634us JitMin:-2931us"
06.10.2024 19:01:39.000: Cmp=PsSysTask, C=1, E=0, M="VISU_TASK State:8259 IecCCnt:167628 CCnt:167628 CTime:68us AvgCTime:108711us MaxCTime:890102us MinCTime:37us Jit:-49179us JitMax:691373us JitMin:-199922us"
06.10.2024 19:01:39.000: Cmp=PsSysTask, C=1, E=0, M="TASK_PLC_PRG State:8257 IecCCnt:1714394 CCnt:1714394 CTime:2226us AvgCTime:2431us MaxCTime:4378us MinCTime:2147us Jit:4us JitMax:1882us JitMin:-1348us"
06.10.2024 19:01:39.000: Cmp=PsSysTask, C=1, E=0, M="TASK_DIAGN State:8257 IecCCnt:34288 CCnt:34288 CTime:48383us AvgCTime:41315us MaxCTime:55826us MinCTime:36238us Jit:61us JitMax:5483us JitMin:-3283us"
06.10.2024 19:06:40.000: Cmp=PsSysTask, C=1, E=0, M="AlarmManagerTask State:8257 IecCCnt:446718 CCnt:446718 CTime:103us AvgCTime:668us MaxCTime:359027us MinCTime:67us Jit:929us JitMax:569891us JitMin:-49904us"
06.10.2024 19:06:40.000: Cmp=PsSysTask, C=1, E=0, M="RedundancyTask State:8257 IecCCnt:691846 CCnt:691846 CTime:68us AvgCTime:100us MaxCTime:1365us MinCTime:34us Jit:7us JitMax:1474us JitMin:-1212us"
06.10.2024 19:06:40.000: Cmp=PsSysTask, C=1, E=0, M="Modbus State:8257 IecCCnt:69178 CCnt:69178 CTime:41us AvgCTime:33us MaxCTime:2654us MinCTime:20us Jit:252us JitMax:2634us JitMin:-2931us"
06.10.2024 19:06:40.000: Cmp=PsSysTask, C=1, E=0, M="VISU_TASK State:8259 IecCCnt:169092 CCnt:169092 CTime:86us AvgCTime:108743us MaxCTime:890102us MinCTime:37us Jit:-132966us JitMax:691373us JitMin:-199922us"
06.10.2024 19:06:40.001: Cmp=PsSysTask, C=1, E=0, M="TASK_PLC_PRG State:8257 IecCCnt:1729446 CCnt:1729446 CTime:2190us AvgCTime:2431us MaxCTime:4378us MinCTime:2147us Jit:89us JitMax:1882us JitMin:-1348us"
06.10.2024 19:06:40.001: Cmp=PsSysTask, C=1, E=0, M="TASK_DIAGN State:8257 IecCCnt:34589 CCnt:34589 CTime:40235us AvgCTime:41316us MaxCTime:55826us MinCTime:36238us Jit:-71us JitMax:5483us JitMin:-3283us"
06.10.2024 19:11:41.007: Cmp=PsSysTask, C=1, E=0, M="AlarmManagerTask State:8257 IecCCnt:450538 CCnt:450538 CTime:101us AvgCTime:670us MaxCTime:394883us MinCTime:67us Jit:710us JitMax:569891us JitMin:-49904us"
06.10.2024 19:11:41.007: Cmp=PsSysTask, C=1, E=0, M="RedundancyTask State:8257 IecCCnt:697867 CCnt:697867 CTime:68us AvgCTime:100us MaxCTime:1365us MinCTime:34us Jit:-20us JitMax:1474us JitMin:-1212us"
06.10.2024 19:11:41.007: Cmp=PsSysTask, C=1, E=0, M="Modbus State:8257 IecCCnt:69780 CCnt:69780 CTime:27us AvgCTime:33us MaxCTime:2654us MinCTime:20us Jit:-359us JitMax:2634us JitMin:-2931us"
06.10.2024 19:11:41.007: Cmp=PsSysTask, C=1, E=0, M="VISU_TASK State:8259 IecCCnt:170556 CCnt:170556 CTime:231us AvgCTime:108767us MaxCTime:890102us MinCTime:37us Jit:-157865us JitMax:691373us JitMin:-199922us"
06.10.2024 19:11:41.007: Cmp=PsSysTask, C=1, E=0, M="TASK_PLC_PRG State:8257 IecCCnt:1744497 CCnt:1744497 CTime:3089us AvgCTime:2431us MaxCTime:4378us MinCTime:2147us Jit:10us JitMax:1882us JitMin:-1348us"
06.10.2024 19:11:41.007: Cmp=PsSysTask, C=1, E=0, M="TASK_DIAGN State:8257 IecCCnt:34890 CCnt:34890 CTime:40757us AvgCTime:41309us MaxCTime:55826us MinCTime:36238us Jit:-147us JitMax:5483us JitMin:-3304us"
06.10.2024 19:16:42.001: Cmp=PsSysTask, C=1, E=0, M="AlarmManagerTask State:8257 IecCCnt:454392 CCnt:454392 CTime:102us AvgCTime:669us MaxCTime:394883us MinCTime:67us Jit:-42us JitMax:569891us JitMin:-49904us"
06.10.2024 19:16:42.001: Cmp=PsSysTask, C=1, E=0, M="RedundancyTask State:8257 IecCCnt:703887 CCnt:703887 CTime:58us AvgCTime:100us MaxCTime:1365us MinCTime:34us Jit:-6us JitMax:1474us JitMin:-1212us"
06.10.2024 19:16:42.001: Cmp=PsSysTask, C=1, E=0, M="Modbus State:8257 IecCCnt:70382 CCnt:70382 CTime:25us AvgCTime:33us MaxCTime:2654us MinCTime:20us Jit:408us JitMax:2634us JitMin:-2931us"
06.10.2024 19:16:42.001: Cmp=PsSysTask, C=1, E=0, M="VISU_TASK State:8257 IecCCnt:172031 CCnt:172031 CTime:87us AvgCTime:108774us MaxCTime:890102us MinCTime:37us Jit:-144957us JitMax:691373us JitMin:-199922us"
06.10.2024 19:16:42.001: Cmp=PsSysTask, C=1, E=0, M="TASK_PLC_PRG State:8257 IecCCnt:1759547 CCnt:1759547 CTime:2198us AvgCTime:2431us MaxCTime:4378us MinCTime:2147us Jit:307us JitMax:1882us JitMin:-1348us"
06.10.2024 19:16:42.001: Cmp=PsSysTask, C=1, E=0, M="TASK_DIAGN State:8257 IecCCnt:35191 CCnt:35191 CTime:39822us AvgCTime:41311us MaxCTime:55826us MinCTime:36238us Jit:-164us JitMax:5483us JitMin:-3304us"
06.10.2024 19:21:43.005: Cmp=PsSysTask, C=1, E=0, M="AlarmManagerTask State:8257 IecCCnt:458242 CCnt:458242 CTime:104us AvgCTime:670us MaxCTime:394883us MinCTime:67us Jit:2040us JitMax:569891us JitMin:-49904us"
06.10.2024 19:21:43.005: Cmp=PsSysTask, C=1, E=0, M="RedundancyTask State:8257 IecCCnt:709908 CCnt:709908 CTime:64us AvgCTime:100us MaxCTime:1365us MinCTime:34us Jit:-4us JitMax:1474us JitMin:-1212us"
06.10.2024 19:21:43.005: Cmp=PsSysTask, C=1, E=0, M="Modbus State:8257 IecCCnt:70984 CCnt:70984 CTime:27us AvgCTime:33us MaxCTime:2654us MinCTime:20us Jit:-92us JitMax:2634us JitMin:-2931us"
06.10.2024 19:21:43.005: Cmp=PsSysTask, C=1, E=0, M="VISU_TASK State:8259 IecCCnt:173492 CCnt:173492 CTime:84us AvgCTime:108798us MaxCTime:890102us MinCTime:37us Jit:-140891us JitMax:691373us JitMin:-199922us"
06.10.2024 19:21:43.005: Cmp=PsSysTask, C=1, E=0, M="TASK_PLC_PRG State:8257 IecCCnt:1774599 CCnt:1774599 CTime:2212us AvgCTime:2431us MaxCTime:4378us MinCTime:2147us Jit:408us JitMax:1882us JitMin:-1348us"
06.10.2024 19:21:43.005: Cmp=PsSysTask, C=1, E=0, M="TASK_DIAGN State:8257 IecCCnt:35492 CCnt:35492 CTime:48495us AvgCTime:41314us MaxCTime:55826us MinCTime:36238us Jit:-130us JitMax:5483us JitMin:-3304us"
06.10.2024 19:26:44.004: Cmp=PsSysTask, C=1, E=0, M="AlarmManagerTask State:8257 IecCCnt:462059 CCnt:462059 CTime:90us AvgCTime:669us MaxCTime:394883us MinCTime:67us Jit:-341us JitMax:569891us JitMin:-49904us"
06.10.2024 19:26:44.004: Cmp=PsSysTask, C=1, E=0, M="RedundancyTask State:8257 IecCCnt:715929 CCnt:715929 CTime:61us AvgCTime:100us MaxCTime:1365us MinCTime:34us Jit:279us JitMax:1474us JitMin:-1212us"
06.10.2024 19:26:44.004: Cmp=PsSysTask, C=1, E=0, M="Modbus State:8257 IecCCnt:71586 CCnt:71586 CTime:38us AvgCTime:33us MaxCTime:2654us MinCTime:20us Jit:-59us JitMax:2634us JitMin:-2931us"
06.10.2024 19:26:44.004: Cmp=PsSysTask, C=1, E=0, M="VISU_TASK State:8257 IecCCnt:174961 CCnt:174961 CTime:61us AvgCTime:108824us MaxCTime:890102us MinCTime:37us Jit:96268us JitMax:691373us JitMin:-199922us"
06.10.2024 19:26:44.004: Cmp=PsSysTask, C=1, E=0, M="TASK_PLC_PRG State:8257 IecCCnt:1789649 CCnt:1789649 CTime:2534us AvgCTime:2431us MaxCTime:4378us MinCTime:2147us Jit:11us JitMax:1882us JitMin:-1348us"
06.10.2024 19:26:44.004: Cmp=PsSysTask, C=1, E=0, M="TASK_DIAGN State:8257 IecCCnt:35793 CCnt:35793 CTime:42510us AvgCTime:41308us MaxCTime:55826us MinCTime:36238us Jit:-606us JitMax:5483us JitMin:-3304us"
06.10.2024 19:31:45.006: Cmp=PsSysTask, C=1, E=0, M="AlarmManagerTask State:8257 IecCCnt:465905 CCnt:465905 CTime:104us AvgCTime:669us MaxCTime:394883us MinCTime:67us Jit:3416us JitMax:569891us JitMin:-49904us"
06.10.2024 19:31:45.006: Cmp=PsSysTask, C=1, E=0, M="RedundancyTask State:8257 IecCCnt:721950 CCnt:721950 CTime:63us AvgCTime:100us MaxCTime:1365us MinCTime:34us Jit:-262us JitMax:1474us JitMin:-1212us"
06.10.2024 19:31:45.006: Cmp=PsSysTask, C=1, E=0, M="Modbus State:8257 IecCCnt:72188 CCnt:72188 CTime:27us AvgCTime:33us MaxCTime:2654us MinCTime:20us Jit:-73us JitMax:2634us JitMin:-2931us"
06.10.2024 19:31:45.006: Cmp=PsSysTask, C=1, E=0, M="VISU_TASK State:8259 IecCCnt:176429 CCnt:176429 CTime:76us AvgCTime:108834us MaxCTime:890102us MinCTime:37us Jit:-117181us JitMax:691373us JitMin:-199922us"
06.10.2024 19:31:45.006: Cmp=PsSysTask, C=1, E=0, M="TASK_PLC_PRG State:8257 IecCCnt:1804700 CCnt:1804700 CTime:2197us AvgCTime:2431us MaxCTime:4378us MinCTime:2144us Jit:3us JitMax:1882us JitMin:-1348us"
06.10.2024 19:31:45.006: Cmp=PsSysTask, C=1, E=0, M="TASK_DIAGN State:8257 IecCCnt:36094 CCnt:36094 CTime:39279us AvgCTime:41304us MaxCTime:55826us MinCTime:36238us Jit:-172us JitMax:5483us JitMin:-3304us"
06.10.2024 19:36:46.004: Cmp=PsSysTask, C=1, E=0, M="AlarmManagerTask State:8257 IecCCnt:469754 CCnt:469754 CTime:104us AvgCTime:670us MaxCTime:394883us MinCTime:67us Jit:422us JitMax:569891us JitMin:-49904us"
06.10.2024 19:36:46.004: Cmp=PsSysTask, C=1, E=0, M="RedundancyTask State:8257 IecCCnt:727971 CCnt:727971 CTime:66us AvgCTime:100us MaxCTime:1365us MinCTime:34us Jit:-19us JitMax:1474us JitMin:-1212us"
06.10.2024 19:36:46.004: Cmp=PsSysTask, C=1, E=0, M="Modbus State:8257 IecCCnt:72790 CCnt:72790 CTime:35us AvgCTime:33us MaxCTime:2654us MinCTime:20us Jit:-68us JitMax:2634us JitMin:-2931us"
06.10.2024 19:36:46.004: Cmp=PsSysTask, C=1, E=0, M="VISU_TASK State:8259 IecCCnt:177898 CCnt:177898 CTime:84us AvgCTime:108852us MaxCTime:890102us MinCTime:37us Jit:-163084us JitMax:691373us JitMin:-199922us"
06.10.2024 19:36:46.004: Cmp=PsSysTask, C=1, E=0, M="TASK_PLC_PRG State:8257 IecCCnt:1819751 CCnt:1819751 CTime:2206us AvgCTime:2431us MaxCTime:4378us MinCTime:2144us Jit:1us JitMax:1882us JitMin:-1348us"
06.10.2024 19:36:46.004: 
-------------------------------------------------------------------------------------
----- CLOSED BY SIZE 99789/100000
-------------------------------------------------------------------------------------
