Cmp=PsSysTask, C=1, E=0, M="AlarmManagerTask State:8257 IecCCnt:784460 CCnt:784460 CTime:104us AvgCTime:689us MaxCTime:394883us MinCTime:66us Jit:2779us JitMax:593098us JitMin:-49904us"
07.10.2024 02:28:08.012: Cmp=PsSysTask, C=1, E=0, M="RedundancyTask State:8257 IecCCnt:1221686 CCnt:1221686 CTime:48us AvgCTime:101us MaxCTime:1408us MinCTime:34us Jit:-323us JitMax:1474us JitMin:-1212us"
07.10.2024 02:28:08.012: Cmp=PsSysTask, C=1, E=0, M="Modbus State:8257 IecCCnt:122157 CCnt:122157 CTime:28us AvgCTime:33us MaxCTime:2654us MinCTime:20us Jit:-92us JitMax:2828us JitMin:-3123us"
07.10.2024 02:28:08.012: Cmp=PsSysTask, C=1, E=0, M="VISU_TASK State:8259 IecCCnt:298033 CCnt:298033 CTime:84us AvgCTime:110010us MaxCTime:890102us MinCTime:37us Jit:-148087us JitMax:691373us JitMin:-199924us"
07.10.2024 02:28:08.012: Cmp=PsSysTask, C=1, E=0, M="TASK_PLC_PRG State:8257 IecCCnt:3053926 CCnt:3053926 CTime:2500us AvgCTime:2430us MaxCTime:4378us MinCTime:2139us Jit:13us JitMax:1939us JitMin:-1348us"
07.10.2024 02:28:08.012: Cmp=PsSysTask, C=1, E=0, M="TASK_DIAGN State:8257 IecCCnt:61079 CCnt:61079 CTime:41194us AvgCTime:41292us MaxCTime:56475us MinCTime:36231us Jit:66us JitMax:5483us JitMin:-3574us"
07.10.2024 02:33:09.010: Cmp=PsSysTask, C=1, E=0, M="AlarmManagerTask State:8257 IecCCnt:788296 CCnt:788296 CTime:103us AvgCTime:689us MaxCTime:394883us MinCTime:66us Jit:477us JitMax:593098us JitMin:-49904us"
07.10.2024 02:33:09.010: Cmp=PsSysTask, C=1, E=0, M="RedundancyTask State:8257 IecCCnt:1227707 CCnt:1227707 CTime:283us AvgCTime:101us MaxCTime:1408us MinCTime:34us Jit:-87us JitMax:1474us JitMin:-1212us"
07.10.2024 02:33:09.010: Cmp=PsSysTask, C=1, E=0, M="Modbus State:8257 IecCCnt:122759 CCnt:122759 CTime:26us AvgCTime:33us MaxCTime:2654us MinCTime:20us Jit:-77us JitMax:2828us JitMin:-3123us"
07.10.2024 02:33:09.010: Cmp=PsSysTask, C=1, E=0, M="VISU_TASK State:8257 IecCCnt:299496 CCnt:299496 CTime:62us AvgCTime:110021us MaxCTime:890102us MinCTime:37us Jit:70098us JitMax:691373us JitMin:-199924us"
07.10.2024 02:33:09.010: Cmp=PsSysTask, C=1, E=0, M="TASK_PLC_PRG State:8257 IecCCnt:3068977 CCnt:3068977 CTime:2250us AvgCTime:2430us MaxCTime:4378us MinCTime:2139us Jit:3us JitMax:1939us JitMin:-1348us"
07.10.2024 02:33:09.010: Cmp=PsSysTask, C=1, E=0, M="TASK_DIAGN State:8257 IecCCnt:61380 CCnt:61380 CTime:40681us AvgCTime:41294us MaxCTime:56475us MinCTime:36231us Jit:-527us JitMax:5483us JitMin:-3574us"
07.10.2024 02:38:10.011: Cmp=PsSysTask, C=1, E=0, M="AlarmManagerTask State:8257 IecCCnt:792136 CCnt:792136 CTime:105us AvgCTime:689us MaxCTime:394883us MinCTime:66us Jit:5980us JitMax:593098us JitMin:-49904us"
07.10.2024 02:38:10.011: Cmp=PsSysTask, C=1, E=0, M="RedundancyTask State:8257 IecCCnt:1233728 CCnt:1233728 CTime:79us AvgCTime:101us MaxCTime:1408us MinCTime:34us Jit:74us JitMax:1474us JitMin:-1212us"
07.10.2024 02:38:10.011: Cmp=PsSysTask, C=1, E=0, M="Modbus State:8257 IecCCnt:123362 CCnt:123362 CTime:36us AvgCTime:33us MaxCTime:2654us MinCTime:20us Jit:-72us JitMax:2828us JitMin:-3123us"
07.10.2024 02:38:10.011: Cmp=PsSysTask, C=1, E=0, M="VISU_TASK State:8259 IecCCnt:300959 CCnt:300959 CTime:1253us AvgCTime:110028us MaxCTime:890102us MinCTime:37us Jit:-148909us JitMax:691373us JitMin:-199924us"
07.10.2024 02:38:10.011: Cmp=PsSysTask, C=1, E=0, M="TASK_PLC_PRG State:8257 IecCCnt:3084028 CCnt:3084028 CTime:2715us AvgCTime:2430us MaxCTime:4378us MinCTime:2139us Jit:5us JitMax:1939us JitMin:-1348us"
07.10.2024 02:38:10.011: Cmp=PsSysTask, C=1, E=0, M="TASK_DIAGN State:8257 IecCCnt:61681 CCnt:61681 CTime:40427us AvgCTime:41295us MaxCTime:56475us MinCTime:36231us Jit:-169us JitMax:5483us JitMin:-3574us"
07.10.2024 02:43:11.009: Cmp=PsSysTask, C=1, E=0, M="AlarmManagerTask State:8257 IecCCnt:795957 CCnt:795957 CTime:105us AvgCTime:689us MaxCTime:394883us MinCTime:66us Jit:5305us JitMax:593098us JitMin:-49904us"
07.10.2024 02:43:11.009: Cmp=PsSysTask, C=1, E=0, M="RedundancyTask State:8257 IecCCnt:1239749 CCnt:1239749 CTime:72us AvgCTime:101us MaxCTime:1408us MinCTime:34us Jit:-3us JitMax:1474us JitMin:-1212us"
07.10.2024 02:43:11.009: Cmp=PsSysTask, C=1, E=0, M="Modbus State:8257 IecCCnt:123964 CCnt:123964 CTime:25us AvgCTime:33us MaxCTime:2654us MinCTime:20us Jit:-240us JitMax:2828us JitMin:-3123us"
07.10.2024 02:43:11.009: Cmp=PsSysTask, C=1, E=0, M="VISU_TASK State:8259 IecCCnt:302421 CCnt:302421 CTime:327340us AvgCTime:110039us MaxCTime:890102us MinCTime:37us Jit:155us JitMax:691373us JitMin:-199924us"
07.10.2024 02:43:11.009: Cmp=PsSysTask, C=1, E=0, M="TASK_PLC_PRG State:8257 IecCCnt:3099078 CCnt:3099078 CTime:2416us AvgCTime:2430us MaxCTime:4378us MinCTime:2139us Jit:-4us JitMax:1939us JitMin:-1348us"
07.10.2024 02:43:11.009: Cmp=PsSysTask, C=1, E=0, M="TASK_DIAGN State:8257 IecCCnt:61982 CCnt:61982 CTime:41108us AvgCTime:41292us MaxCTime:56475us MinCTime:36231us Jit:-98us JitMax:5483us JitMin:-3574us"
07.10.2024 02:48:12.005: Cmp=PsSysTask, C=1, E=0, M="AlarmManagerTask State:8257 IecCCnt:799749 CCnt:799749 CTime:106us AvgCTime:689us MaxCTime:394883us MinCTime:66us Jit:7087us JitMax:593098us JitMin:-49904us"
07.10.2024 02:48:12.005: Cmp=PsSysTask, C=1, E=0, M="RedundancyTask State:8257 IecCCnt:1245770 CCnt:1245770 CTime:367us AvgCTime:101us MaxCTime:1408us MinCTime:34us Jit:-298us JitMax:1474us JitMin:-1212us"
07.10.2024 02:48:12.005: Cmp=PsSysTask, C=1, E=0, M="Modbus State:8257 IecCCnt:124566 CCnt:124566 CTime:36us AvgCTime:33us MaxCTime:2654us MinCTime:20us Jit:409us JitMax:2828us JitMin:-3123us"
07.10.2024 02:48:12.005: Cmp=PsSysTask, C=1, E=0, M="VISU_TASK State:8259 IecCCnt:303878 CCnt:303878 CTime:91us AvgCTime:110058us MaxCTime:890102us MinCTime:37us Jit:-111123us JitMax:691373us JitMin:-199924us"
07.10.2024 02:48:12.005: Cmp=PsSysTask, C=1, E=0, M="TASK_PLC_PRG State:8257 IecCCnt:3114130 CCnt:3114130 CTime:2421us AvgCTime:2430us MaxCTime:4378us MinCTime:2139us Jit:2us JitMax:1939us JitMin:-1348us"
07.10.2024 02:48:12.005: Cmp=PsSysTask, C=1, E=0, M="TASK_DIAGN State:8257 IecCCnt:62283 CCnt:62283 CTime:39744us AvgCTime:41294us MaxCTime:56475us MinCTime:36231us Jit:202us JitMax:5483us JitMin:-3574us"
07.10.2024 02:53:13.007: Cmp=PsSysTask, C=1, E=0, M="AlarmManagerTask State:8257 IecCCnt:803567 CCnt:803567 CTime:106us AvgCTime:689us MaxCTime:394883us MinCTime:66us Jit:8679us JitMax:593098us JitMin:-49904us"
07.10.2024 02:53:13.007: Cmp=PsSysTask, C=1, E=0, M="RedundancyTask State:8257 IecCCnt:1251791 CCnt:1251791 CTime:67us AvgCTime:101us MaxCTime:1408us MinCTime:34us Jit:-12us JitMax:1474us JitMin:-1212us"
07.10.2024 02:53:13.007: Cmp=PsSysTask, C=1, E=0, M="Modbus State:8257 IecCCnt:125168 CCnt:125168 CTime:25us AvgCTime:33us MaxCTime:2654us MinCTime:20us Jit:7us JitMax:2828us JitMin:-3123us"
07.10.2024 02:53:13.013: Cmp=PsSysTask, C=1, E=0, M="VISU_TASK State:8259 IecCCnt:305340 CCnt:305340 CTime:820us AvgCTime:110073us MaxCTime:890102us MinCTime:37us Jit:-149672us JitMax:691373us JitMin:-199924us"
07.10.2024 02:53:13.013: Cmp=PsSysTask, C=1, E=0, M="TASK_PLC_PRG State:8257 IecCCnt:3129182 CCnt:3129182 CTime:2382us AvgCTime:2430us MaxCTime:4378us MinCTime:2139us Jit:18us JitMax:1939us JitMin:-1348us"
07.10.2024 02:53:13.013: Cmp=PsSysTask, C=1, E=0, M="TASK_DIAGN State:8257 IecCCnt:62584 CCnt:62584 CTime:41321us AvgCTime:41294us MaxCTime:56475us MinCTime:36231us Jit:-275us JitMax:5483us JitMin:-3574us"
07.10.2024 02:58:14.012: Cmp=PsSysTask, C=1, E=0, M="AlarmManagerTask State:8257 IecCCnt:807396 CCnt:807396 CTime:178us AvgCTime:689us MaxCTime:394883us MinCTime:66us Jit:8127us JitMax:663805us JitMin:-49904us"
07.10.2024 02:58:14.012: Cmp=PsSysTask, C=1, E=0, M="RedundancyTask State:8257 IecCCnt:1257812 CCnt:1257812 CTime:65us AvgCTime:101us MaxCTime:1408us MinCTime:34us Jit:-2us JitMax:1474us JitMin:-1212us"
07.10.2024 02:58:14.012: Cmp=PsSysTask, C=1, E=0, M="Modbus State:8257 IecCCnt:125770 CCnt:125770 CTime:27us AvgCTime:33us MaxCTime:2654us MinCTime:20us Jit:-26us JitMax:2828us JitMin:-3123us"
07.10.2024 02:58:14.012: Cmp=PsSysTask, C=1, E=0, M="VISU_TASK State:8259 IecCCnt:306803 CCnt:306803 CTime:81us AvgCTime:110080us MaxCTime:890102us MinCTime:37us Jit:-84040us JitMax:691373us JitMin:-199924us"
07.10.2024 02:58:14.012: Cmp=PsSysTask, C=1, E=0, M="TASK_PLC_PRG State:8257 IecCCnt:3144232 CCnt:3144232 CTime:2236us AvgCTime:2430us MaxCTime:4378us MinCTime:2139us Jit:-1us JitMax:1939us JitMin:-1348us"
07.10.2024 02:58:14.012: Cmp=PsSysTask, C=1, E=0, M="TASK_DIAGN State:8257 IecCCnt:62885 CCnt:62885 CTime:41244us AvgCTime:41288us MaxCTime:56475us MinCTime:36231us Jit:-471us JitMax:5483us JitMin:-3574us"
07.10.2024 03:03:15.009: Cmp=PsSysTask, C=1, E=0, M="AlarmManagerTask State:8257 IecCCnt:811227 CCnt:811227 CTime:91us AvgCTime:689us MaxCTime:394883us MinCTime:66us Jit:4155us JitMax:663805us JitMin:-49904us"
07.10.2024 03:03:15.009: Cmp=PsSysTask, C=1, E=0, M="RedundancyTask State:8257 IecCCnt:1263833 CCnt:1263833 CTime:379us AvgCTime:101us MaxCTime:1408us MinCTime:34us Jit:-29us JitMax:1474us JitMin:-1212us"
07.10.2024 03:03:15.009: Cmp=PsSysTask, C=1, E=0, M="Modbus State:8257 IecCCnt:126372 CCnt:126372 CTime:36us AvgCTime:33us MaxCTime:2654us MinCTime:20us Jit:-368us JitMax:2828us JitMin:-3123us"
07.10.2024 03:03:15.009: Cmp=PsSysTask, C=1, E=0, M="VISU_TASK State:8259 IecCCnt:308261 CCnt:308261 CTime:70us AvgCTime:110092us MaxCTime:890102us MinCTime:37us Jit:-97041us JitMax:691373us JitMin:-199924us"
07.10.2024 03:03:15.010: Cmp=PsSysTask, C=1, E=0, M="TASK_PLC_PRG State:8257 IecCCnt:3159283 CCnt:3159283 CTime:2231us AvgCTime:2430us MaxCTime:4378us MinCTime:2139us Jit:-294us JitMax:1939us JitMin:-1348us"
07.10.2024 03:03:15.010: Cmp=PsSysTask, C=1, E=0, M="TASK_DIAGN State:8257 IecCCnt:63186 CCnt:63186 CTime:40456us AvgCTime:41290us MaxCTime:56475us MinCTime:36231us Jit:-161us JitMax:5483us JitMin:-3574us"
07.10.2024 03:08:16.002: Cmp=PsSysTask, C=1, E=0, M="AlarmManagerTask State:8257 IecCCnt:815069 CCnt:815069 CTime:106us AvgCTime:689us MaxCTime:394883us MinCTime:66us Jit:-449us JitMax:663805us JitMin:-49904us"
07.10.2024 03:08:16.002: Cmp=PsSysTask, C=1, E=0, M="RedundancyTask State:8257 IecCCnt:1269854 CCnt:1269854 CTime:58us AvgCTime:101us MaxCTime:1408us MinCTime:34us Jit:-212us JitMax:1474us JitMin:-1212us"
07.10.2024 03:08:16.002: Cmp=PsSysTask, C=1, E=0, M="Modbus State:8257 IecCCnt:126974 CCnt:126974 CTime:35us AvgCTime:33us MaxCTime:2654us MinCTime:20us Jit:-405us JitMax:2828us JitMin:-3123us"
07.10.2024 03:08:16.002: Cmp=PsSysTask, C=1, E=0, M="VISU_TASK State:8257 IecCCnt:309729 CCnt:309729 CTime:88us AvgCTime:110105us MaxCTime:890102us MinCTime:37us Jit:-135027us JitMax:691373us JitMin:-199924us"
07.10.2024 03:08:16.002: Cmp=PsSysTask, C=1, E=0, M="TASK_PLC_PRG State:8257 IecCCnt:3174334 CCnt:3174334 CTime:2297us AvgCTime:2430us MaxCTime:4378us MinCTime:2139us Jit:-26us JitMax:1939us JitMin:-1348us"
07.10.2024 03:08:16.003: Cmp=PsSysTask, C=1, E=0, M="TASK_DIAGN State:8257 IecCCnt:63487 CCnt:63487 CTime:42106us AvgCTime:41291us MaxCTime:56475us MinCTime:36231us Jit:-140us JitMax:5483us JitMin:-3574us"
07.10.2024 03:13:17.001: Cmp=PsSysTask, C=1, E=0, M="AlarmManagerTask State:8257 IecCCnt:818898 CCnt:818898 CTime:105us AvgCTime:689us MaxCTime:394883us MinCTime:66us Jit:-889us JitMax:663805us JitMin:-49904us"
07.10.2024 03:13:17.001: Cmp=PsSysTask, C=1, E=0, M="RedundancyTask State:8257 IecCCnt:1275874 CCnt:1275874 CTime:64us AvgCTime:101us MaxCTime:1408us MinCTime:34us Jit:284us JitMax:1474us JitMin:-1212us"
07.10.2024 03:13:17.001: Cmp=PsSysTask, C=1, E=0, M="Modbus State:8257 IecCCnt:127576 CCnt:127576 CTime:26us AvgCTime:33us MaxCTime:2654us MinCTime:20us Jit:-50us JitMax:2828us JitMin:-3123us"
07.10.2024 03:13:17.001: Cmp=PsSysTask, C=1, E=0, M="VISU_TASK State:8257 IecCCnt:311195 CCnt:311195 CTime:62us AvgCTime:110111us MaxCTime:890102us MinCTime:37us Jit:83080us JitMax:691373us JitMin:-199924us"
07.10.2024 03:13:17.001: Cmp=PsSysTask, C=1, E=0, M="TASK_PLC_PRG State:8257 IecCCnt:3189385 CCnt:3189385 CTime:2216us AvgCTime:2429us MaxCTime:4378us MinCTime:2139us Jit:-9us JitMax:1939us JitMin:-1348us"
07.10.2024 03:13:17.001: Cmp=PsSysTask, C=1, E=0, M="TASK_DIAGN State:8257 IecCCnt:63788 CCnt:63788 CTime:42224us AvgCTime:41294us MaxCTime:56475us MinCTime:36231us Jit:209us JitMax:5483us JitMin:-3574us"
07.10.2024 03:18:18.000: Cmp=PsSysTask, C=1, E=0, M="AlarmManagerTask State:8257 IecCCnt:822735 CCnt:822735 CTime:92us AvgCTime:689us MaxCTime:394883us MinCTime:66us Jit:26us JitMax:663805us JitMin:-49904us"
07.10.2024 03:18:18.000: Cmp=PsSysTask, C=1, E=0, M="RedundancyTask State:8257 IecCCnt:1281895 CCnt:1281895 CTime:68us AvgCTime:101us MaxCTime:1408us MinCTime:34us Jit:4us JitMax:1474us JitMin:-1212us"
07.10.2024 03:18:18.000: Cmp=PsSysTask, C=1, E=0, M="Modbus State:8257 IecCCnt:128178 CCnt:128178 CTime:27us AvgCTime:33us MaxCTime:2654us MinCTime:20us Jit:-94us JitMax:2828us JitMin:-3123us"
07.10.2024 03:18:18.000: Cmp=PsSysTask, C=1, E=0, M="VISU_TASK State:8259 IecCCnt:312658 CCnt:312658 CTime:88us AvgCTime:110118us MaxCTime:890102us MinCTime:37us Jit:-136049us JitMax:691373us JitMin:-199924us"
07.10.2024 03:18:18.000: Cmp=PsSysTask, C=1, E=0, M="TASK_PLC_PRG State:8257 IecCCnt:3204436 CCnt:3204436 CTime:2245us AvgCTime:2429us MaxCTime:4378us MinCTime:2139us Jit:-2us JitMax:1939us JitMin:-1348us"
07.10.2024 03:18:18.001: Cmp=PsSysTask, C=1, E=0, M="TASK_DIAGN State:8259 IecCCnt:64089 CCnt:64089 CTime:40889us AvgCTime:41299us MaxCTime:56475us MinCTime:36231us Jit:-182us JitMax:5483us JitMin:-3574us"
07.10.2024 03:23:19.008: Cmp=PsSysTask, C=1, E=0, M="AlarmManagerTask State:8257 IecCCnt:826518 CCnt:826518 CTime:102us AvgCTime:689us MaxCTime:394883us MinCTime:66us Jit:155163us JitMax:663805us JitMin:-49904us"
07.10.2024 03:23:19.008: Cmp=PsSysTask, C=1, E=0, M="RedundancyTask State:8257 IecCCnt:1287916 CCnt:1287916 CTime:58us AvgCTime:101us MaxCTime:1408us MinCTime:34us Jit:525us JitMax:1474us JitMin:-1212us"
07.10.2024 03:23:19.008: Cmp=PsSysTask, C=1, E=0, M="Modbus State:8257 IecCCnt:128780 CCnt:128780 CTime:36us AvgCTime:33us MaxCTime:2654us MinCTime:20us Jit:-67us JitMax:2828us JitMin:-3123us"
07.10.2024 03:23:19.008: Cmp=PsSysTask, C=1, E=0, M="VISU_TASK State:8257 IecCCnt:314113 CCnt:314113 CTime:74us AvgCTime:110139us MaxCTime:890102us MinCTime:37us Jit:100113us JitMax:691373us JitMin:-199924us"
07.10.2024 03:23:19.008: Cmp=PsSysTask, C=1, E=0, M="TASK_PLC_PRG State:8257 IecCCnt:3219487 CCnt:3219487 CTime:2217us AvgCTime:2429us MaxCTime:4378us MinCTime:2139us Jit:17us JitMax:1939us JitMin:-1348us"
07.10.2024 03:23:19.008: Cmp=PsSysTask, C=1, E=0, M="TASK_DIAGN State:8259 IecCCnt:64390 CCnt:64390 CTime:40001us AvgCTime:41304us MaxCTime:56475us MinCTime:36231us Jit:-123us JitMax:5483us JitMin:-3574us"
07.10.2024 03:28:20.002: Cmp=PsSysTask, C=1, E=0, M="AlarmManagerTask State:8257 IecCCnt:830371 CCnt:830371 CTime:107us AvgCTime:690us MaxCTime:394883us MinCTime:66us Jit:78us JitMax:663805us JitMin:-49904us"
07.10.2024 03:28:20.002: Cmp=PsSysTask, C=1, E=0, M="RedundancyTask State:8257 IecCCnt:1293937 CCnt:1293937 CTime:66us AvgCTime:101us MaxCTime:1408us MinCTime:34us Jit:-64us JitMax:1474us JitMin:-1212us"
07.10.2024 03:28:20.002: Cmp=PsSysTask, C=1, E=0, M="Modbus State:8257 IecCCnt:129382 CCnt:129382 CTime:25us AvgCTime:33us MaxCTime:2654us MinCTime:20us Jit:-78us JitMax:2828us JitMin:-3123us"
07.10.2024 03:28:20.003: Cmp=PsSysTask, C=1, E=0, M="VISU_TASK State:8257 IecCCnt:315578 CCnt:315578 CTime:68us AvgCTime:110144us MaxCTime:890102us MinCTime:37us Jit:81224us JitMax:691373us JitMin:-199924us"
07.10.2024 03:28:20.003: Cmp=PsSysTask, C=1, E=0, M="TASK_PLC_PRG State:8257 IecCCnt:3234538 CCnt:3234538 CTime:2205us AvgCTime:2429us MaxCTime:4378us MinCTime:2139us Jit:325us JitMax:1939us JitMin:-1348us"
07.10.2024 03:28:20.003: Cmp=PsSysTask, C=1, E=0, M="TASK_DIAGN State:8257 IecCCnt:64692 CCnt:64692 CTime:41097us AvgCTime:41305us MaxCTime:56475us MinCTime:36231us Jit:-226us JitMax:5483us JitMin:-3574us"
07.10.2024 03:33:21.004: Cmp=PsSysTask, C=1, E=0, M="AlarmManagerTask State:8257 IecCCnt:834195 CCnt:834195 CTime:105us AvgCTime:689us MaxCTime:394883us MinCTime:66us Jit:2063us JitMax:663805us JitMin:-49904us"
07.10.2024 03:33:21.004: Cmp=PsSysTask, C=1, E=0, M="RedundancyTask State:8257 IecCCnt:1299958 CCnt:1299958 CTime:117us AvgCTime:101us MaxCTime:1408us MinCTime:34us Jit:-12us JitMax:1474us JitMin:-1212us"
07.10.2024 03:33:21.004: Cmp=PsSysTask, C=1, E=0, M="Modbus State:8257 IecCCnt:129984 CCnt:129984 CTime:26us AvgCTime:33us MaxCTime:2654us MinCTime:20us Jit:229us JitMax:2828us JitMin:-3123us"
07.10.2024 03:33:21.004: Cmp=PsSysTask, C=1, E=0, M="VISU_TASK State:8257 IecCCnt:317032 CCnt:317032 CTime:78us AvgCTime:110160us MaxCTime:890102us MinCTime:37us Jit:-93629us JitMax:691373us JitMin:-199924us"
07.10.2024 03:33:21.004: Cmp=PsSysTask, C=1, E=0, M="TASK_PLC_PRG State:8257 IecCCnt:3249588 CCnt:3249588 CTime:2790us AvgCTime:2429us MaxCTime:4378us MinCTime:2139us Jit:-1us JitMax:1939us JitMin:-1348us"
07.10.2024 03:33:21.004: Cmp=PsSysTask, C=1, E=0, M="TASK_DIAGN State:8257 IecCCnt:64993 CCnt:64993 CTime:40567us AvgCTime:41306us MaxCTime:56475us MinCTime:36231us Jit:-296us JitMax:5483us JitMin:-3574us"
07.10.2024 03:38:22.009: Cmp=PsSysTask, C=1, E=0, M="AlarmManagerTask State:8257 IecCCnt:838051 CCnt:838051 CTime:105us AvgCTime:689us MaxCTime:394883us MinCTime:66us Jit:9373us JitMax:663805us JitMin:-49904us"
07.10.2024 03:38:22.009: Cmp=PsSysTask, C=1, E=0, M="RedundancyTask State:8257 IecCCnt:1305979 CCnt:1305979 CTime:62us AvgCTime:101us MaxCTime:1408us MinCTime:34us Jit:-12us JitMax:1474us JitMin:-1212us"
07.10.2024 03:38:22.009: Cmp=PsSysTask, C=1, E=0, M="Modbus State:8257 IecCCnt:130586 CCnt:130586 CTime:38us AvgCTime:33us MaxCTime:2654us MinCTime:20us Jit:-374us JitMax:2828us JitMin:-3123us"
07.10.2024 03:38:22.009: Cmp=PsSysTask, C=1, E=0, M="VISU_TASK State:8259 IecCCnt:318503 CCnt:318503 CTime:459us AvgCTime:110159us MaxCTime:890102us MinCTime:37us Jit:-104497us JitMax:691373us JitMin:-199924us"
07.10.2024 03:38:22.010: Cmp=PsSysTask, C=1, E=0, M="TASK_PLC_PRG State:8257 IecCCnt:3264639 CCnt:3264639 CTime:2271us AvgCTime:2430us MaxCTime:4378us MinCTime:2139us Jit:-1us JitMax:1939us JitMin:-1348us"
07.10.2024 03:38:22.010: Cmp=PsSysTask, C=1, E=0, M="TASK_DIAGN State:8257 IecCCnt:65294 CCnt:65294 CTime:48742us AvgCTime:41308us MaxCTime:56475us MinCTime:36231us Jit:-151us JitMax:5483us JitMin:-3574us"
07.10.2024 03:43:23.010: Cmp=PsSysTask, C=1, E=0, M="AlarmManagerTask State:8257 IecCCnt:841874 CCnt:841874 CTime:91us AvgCTime:690us MaxCTime:394883us MinCTime:66us Jit:245326us JitMax:663805us JitMin:-49904us"
07.10.2024 03:43:23.010: Cmp=PsSysTask, C=1, E=0, M="RedundancyTask State:8257 IecCCnt:1312000 CCnt:1312000 CTime:62us AvgCTime:101us MaxCTime:1408us MinCTime:34us Jit:-117us JitMax:1474us JitMin:-1212us"
07.10.2024 03:43:23.010: Cmp=PsSysTask, C=1, E=0, M="Modbus State:8257 IecCCnt:131188 CCnt:131188 CTime:24us AvgCTime:33us MaxCTime:2654us MinCTime:20us Jit:504us JitMax:2828us JitMin:-3123us"
07.10.2024 03:43:23.010: Cmp=PsSysTask, C=1, E=0, M="VISU_TASK State:8257 IecCCnt:319968 CCnt:319968 CTime:71us AvgCTime:110167us MaxCTime:890102us MinCTime:37us Jit:142356us JitMax:691373us JitMin:-199924us"
07.10.2024 03:43:23.010: Cmp=PsSysTask, C=1, E=0, M="TASK_PLC_PRG State:8257 IecCCnt:3279690 CCnt:3279690 CTime:2210us AvgCTime:2430us MaxCTime:4378us MinCTime:2139us Jit:390us JitMax:1939us JitMin:-1348us"
07.10.2024 03:43:23.010: Cmp=PsSysTask, C=1, E=0, M="TASK_DIAGN State:8257 IecCCnt:65595 CCnt:65595 CTime:41176us AvgCTime:41301us MaxCTime:56475us MinCTime:36231us Jit:196us JitMax:5483us JitMin:-3574us"
07.10.2024 03:48:24.011: Cmp=PsSysTask, C=1, E=0, M="AlarmManagerTask State:8257 IecCCnt:845701 CCnt:845701 CTime:103us AvgCTime:689us MaxCTime:394883us MinCTime:66us Jit:5055us JitMax:663805us JitMin:-49904us"
07.10.2024 03:48:24.011: Cmp=PsSysTask, C=1, E=0, M="RedundancyTask State:8257 IecCCnt:1318021 CCnt:1318021 CTime:62us AvgCTime:101us MaxCTime:1408us MinCTime:34us Jit:-35us JitMax:1474us JitMin:-1212us"
07.10.2024 03:48:24.011: Cmp=PsSysTask, C=1, E=0, M="Modbus State:8257 IecCCnt:131790 CCnt:131790 CTime:26us AvgCTime:33us MaxCTime:2654us MinCTime:20us Jit:-65us JitMax:2828us JitMin:-3123us"
07.10.2024 03:48:24.011: Cmp=PsSysTask, C=1, E=0, M="VISU_TASK State:8259 IecCCnt:321434 CCnt:321434 CTime:513us AvgCTime:110173us MaxCTime:890102us MinCTime:37us Jit:-138464us JitMax:691373us JitMin:-199924us"
07.10.2024 03:48:24.011: Cmp=PsSysTask, C=1, E=0, M="TASK_PLC_PRG State:8257 IecCCnt:3294741 CCnt:3294741 CTime:2610us AvgCTime:2429us MaxCTime:4378us MinCTime:2139us Jit:4us JitMax:1939us JitMin:-1348us"
07.10.2024 03:48:24.011: Cmp=PsSysTask, C=1, E=0, M="TASK_DIAGN State:8257 IecCCnt:65896 CCnt:65896 CTime:49082us AvgCTime:41294us MaxCTime:56475us MinCTime:36231us Jit:-172us JitMax:5483us JitMin:-3574us"
07.10.2024 03:53:25.010: Cmp=PsSysTask, C=1, E=0, M="AlarmManagerTask State:8257 IecCCnt:849572 CCnt:849572 CTime:107us AvgCTime:689us MaxCTime:394883us MinCTime:66us Jit:16921us JitMax:663805us JitMin:-49904us"
07.10.2024 03:53:25.010: Cmp=PsSysTask, C=1, E=0, M="RedundancyTask State:8257 IecCCnt:1324042 CCnt:1324042 CTime:330us AvgCTime:101us MaxCTime:1408us MinCTime:34us Jit:-262us JitMax:1474us JitMin:-1212us"
07.10.2024 03:53:25.010: Cmp=PsSysTask, C=1, E=0, M="Modbus State:8257 IecCCnt:132392 CCnt:132392 CTime:28us AvgCTime:33us MaxCTime:2654us MinCTime:20us Jit:-92us JitMax:2828us JitMin:-3123us"
07.10.2024 03:53:25.010: Cmp=PsSysTask, C=1, E=0, M="VISU_TASK State:8259 IecCCnt:322904 CCnt:322904 CTime:83us AvgCTime:110173us MaxCTime:890102us MinCTime:37us Jit:-120078us JitMax:691373us JitMin:-199924us"
07.10.2024 03:53:25.010: Cmp=PsSysTask, C=1, E=0, M="TASK_PLC_PRG State:8257 IecCCnt:3309793 CCnt:3309793 CTime:2227us AvgCTime:2429us MaxCTime:4378us MinCTime:2139us Jit:-21us JitMax:1939us JitMin:-1348us"
07.10.2024 03:53:25.010: Cmp=PsSysTask, C=1, E=0, M="TASK_DIAGN State:8257 IecCCnt:66197 CCnt:66197 CTime:40088us AvgCTime:41294us MaxCTime:56475us MinCTime:36231us Jit:-156us JitMax:5483us JitMin:-3574us"
07.10.2024 03:58:26.000: Cmp=PsSysTask, C=1, E=0, M="AlarmManagerTask State:8257 IecCCnt:853392 CCnt:853392 CTime:102us AvgCTime:690us MaxCTime:394883us MinCTime:66us Jit:5172us JitMax:663805us JitMin:-49904us"
07.10.2024 03:58:26.000: Cmp=PsSysTask, C=1, E=0, M="RedundancyTask State:8257 IecCCnt:1330063 CCnt:1330063 CTime:62us AvgCTime:101us MaxCTime:1408us MinCTime:34us Jit:239us JitMax:1474us JitMin:-1212us"
07.10.2024 03:58:26.000: Cmp=PsSysTask, C=1, E=0, M="Modbus State:8257 IecCCnt:132994 CCnt:132994 CTime:25us AvgCTime:33us MaxCTime:2654us MinCTime:20us Jit:-93us JitMax:2828us JitMin:-3123us"
07.10.2024 03:58:26.000: Cmp=PsSysTask, C=1, E=0, M="VISU_TASK State:8259 IecCCnt:324371 CCnt:324371 CTime:89us AvgCTime:110185us MaxCTime:890102us MinCTime:37us Jit:-128596us JitMax:691373us JitMin:-199924us"
07.10.2024 03:58:26.000: Cmp=PsSysTask, C=1, E=0, M="TASK_PLC_PRG State:8257 IecCCnt:3324843 CCnt:3324843 CTime:2965us AvgCTime:2429us MaxCTime:4378us MinCTime:2139us Jit:320us JitMax:1939us JitMin:-1348us"
07.10.2024 03:58:26.000: Cmp=PsSysTask, C=1, E=0, M="TASK_DIAGN State:8257 IecCCnt:66498 CCnt:66498 CTime:40152us AvgCTime:41295us MaxCTime:56475us MinCTime:36231us Jit:298us JitMax:5483us JitMin:-3574us"
07.10.2024 04:03:27.012: Cmp=PsSysTask, C=1, E=0, M="AlarmManagerTask State:8257 IecCCnt:857244 CCnt:857244 CTime:105us AvgCTime:690us MaxCTime:394883us MinCTime:66us Jit:-240us JitMax:663805us JitMin:-49904us"
07.10.2024 04:03:27.012: Cmp=PsSysTask, C=1, E=0, M="RedundancyTask State:8257 IecCCnt:1336084 CCnt:1336084 CTime:257us AvgCTime:101us MaxCTime:1408us MinCTime:34us Jit:-8us JitMax:1474us JitMin:-1212us"
07.10.2024 04:03:27.012: Cmp=PsSysTask, C=1, E=0, M="Modbus State:8257 IecCCnt:133596 CCnt:133596 CTime:25us AvgCTime:33us MaxCTime:2654us MinCTime:20us Jit:73us JitMax:2828us JitMin:-3123us"
07.10.2024 04:03:27.012: Cmp=PsSysTask, C=1, E=0, M="VISU_TASK State:8257 IecCCnt:325837 CCnt:325837 CTime:81us AvgCTime:110191us MaxCTime:890102us MinCTime:37us Jit:-155669us JitMax:691373us JitMin:-199924us"
07.10.2024 04:03:27.012: Cmp=PsSysTask, C=1, E=0, M="TASK_PLC_PRG State:8257 IecCCnt:3339895 CCnt:3339895 CTime:2216us AvgCTime:2429us MaxCTime:4378us MinCTime:2139us Jit:13us JitMax:1939us JitMin:-1348us"
07.10.2024 04:03:27.013: Cmp=PsSysTask, C=1, E=0, M="TASK_DIAGN State:8257 IecCCnt:66799 CCnt:66799 CTime:41441us AvgCTime:41289us MaxCTime:56475us MinCTime:36231us Jit:-213us JitMax:5483us JitMin:-3574us"
07.10.2024 04:08:28.012: Cmp=PsSysTask, C=1, E=0, M="AlarmManagerTask State:8257 IecCCnt:861080 CCnt:861080 CTime:106us AvgCTime:690us MaxCTime:394883us MinCTime:66us Jit:-4383us JitMax:663805us JitMin:-49904us"
07.10.2024 04:08:28.012: Cmp=PsSysTask, C=1, E=0, M="RedundancyTask State:8257 IecCCnt:1342105 CCnt:1342105 CTime:78us AvgCTime:101us MaxCTime:1408us MinCTime:34us Jit:89us JitMax:1474us JitMin:-1212us"
07.10.2024 04:08:28.012: Cmp=PsSysTask, C=1, E=0, M="Modbus State:8257 IecCCnt:134198 CCnt:134198 CTime:33us AvgCTime:33us MaxCTime:2654us MinCTime:20us Jit:49us JitMax:2828us JitMin:-3123us"
07.10.2024 04:08:28.012: Cmp=PsSysTask, C=1, E=0, M="VISU_TASK State:8259 IecCCnt:327299 CCnt:327299 CTime:83us AvgCTime:110196us MaxCTime:890102us MinCTime:37us Jit:-127440us JitMax:691373us JitMin:-199924us"
07.10.2024 04:08:28.012: Cmp=PsSysTask, C=1, E=0, M="TASK_PLC_PRG State:8257 IecCCnt:3354946 CCnt:3354946 CTime:3310us AvgCTime:2429us MaxCTime:4378us MinCTime:2139us Jit:-9us JitMax:1939us JitMin:-1348us"
07.10.2024 04:08:28.012: Cmp=PsSysTask, C=1, E=0, M="TASK_DIAGN State:8257 IecCCnt:67100 CCnt:67100 CTime:40714us AvgCTime:41290us MaxCTime:56475us MinCTime:36231us Jit:-369us JitMax:5483us JitMin:-3574us"
07.10.2024 04:13:29.012: Cmp=PsSysTask, C=1, E=0, M="AlarmManagerTask State:8257 IecCCnt:864887 CCnt:864887 CTime:107us AvgCTime:690us MaxCTime:394883us MinCTime:66us Jit:4086us JitMax:663805us JitMin:-49904us"
07.10.2024 04:13:29.012: Cmp=PsSysTask, C=1, E=0, M="RedundancyTask State:8257 IecCCnt:1348126 CCnt:1348126 CTime:73us AvgCTime:101us MaxCTime:1408us MinCTime:34us Jit:287us JitMax:1474us JitMin:-1212us"
07.10.2024 04:13:29.012: Cmp=PsSysTask, C=1, E=0, M="Modbus State:8257 IecCCnt:134800 CCnt:134800 CTime:29us AvgCTime:33us MaxCTime:2654us MinCTime:20us Jit:-74us JitMax:2828us JitMin:-3123us"
07.10.2024 04:13:29.012: Cmp=PsSysTask, C=1, E=0, M="VISU_TASK State:8259 IecCCnt:328761 CCnt:328761 CTime:86us AvgCTime:110209us MaxCTime:890102us MinCTime:37us Jit:-78426us JitMax:691373us JitMin:-199924us"
07.10.2024 04:13:29.012: Cmp=PsSysTask, C=1, E=0, M="TASK_PLC_PRG State:8257 IecCCnt:3369997 CCnt:3369997 CTime:2212us AvgCTime:2429us MaxCTime:4378us MinCTime:2139us Jit:13us JitMax:1939us JitMin:-1348us"
07.10.2024 04:13:29.012: Cmp=PsSysTask, C=1, E=0, M="TASK_DIAGN State:8257 IecCCnt:67401 CCnt:67401 CTime:40268us AvgCTime:41290us MaxCTime:56475us MinCTime:36231us Jit:-171us JitMax:5483us JitMin:-3574us"
07.10.2024 04:18:30.005: Cmp=PsSysTask, C=1, E=0, M="AlarmManagerTask State:8257 IecCCnt:868709 CCnt:868709 CTime:103us AvgCTime:690us MaxCTime:394883us MinCTime:66us Jit:740us JitMax:663805us JitMin:-49904us"
07.10.2024 04:18:30.005: Cmp=PsSysTask, C=1, E=0, M="RedundancyTask State:8257 IecCCnt:1354146 CCnt:1354146 CTime:68us AvgCTime:101us MaxCTime:1408us MinCTime:34us Jit:-19us JitMax:1474us JitMin:-1212us"
07.10.2024 04:18:30.006: Cmp=PsSysTask, C=1, E=0, M="Modbus State:8257 IecCCnt:135402 CCnt:135402 CTime:31us AvgCTime:33us MaxCTime:2654us MinCTime:20us Jit:-85us JitMax:2828us JitMin:-3123us"
07.10.2024 04:18:30.006: Cmp=PsSysTask, C=1, E=0, M="VISU_TASK State:8259 IecCCnt:330222 CCnt:330222 CTime:85us AvgCTime:110222us MaxCTime:890102us MinCTime:37us Jit:-115405us JitMax:691373us JitMin:-199924us"
07.10.2024 04:18:30.006: Cmp=PsSysTask, C=1, E=0, M="TASK_PLC_PRG State:8257 IecCCnt:3385048 CCnt:3385048 CTime:2383us AvgCTime:2429us MaxCTime:4379us MinCTime:2139us Jit:-371us JitMax:1939us JitMin:-1348us"
07.10.2024 04:18:30.006: Cmp=PsSysTask, C=1, E=0, M="TASK_DIAGN State:8257 IecCCnt:67702 CCnt:67702 CTime:40627us AvgCTime:41291us MaxCTime:56475us MinCTime:36231us Jit:-49us JitMax:5483us JitMin:-3574us"
07.10.2024 04:23:31.011: Cmp=PsSysTask, C=1, E=0, M="AlarmManagerTask State:8257 IecCCnt:872535 CCnt:872535 CTime:107us AvgCTime:690us MaxCTime:394883us MinCTime:66us Jit:-92us JitMax:663805us JitMin:-49904us"
07.10.2024 04:23:31.011: Cmp=PsSysTask, C=1, E=0, M="RedundancyTask State:8257 IecCCnt:1360167 CCnt:1360167 CTime:64us AvgCTime:101us MaxCTime:1408us MinCTime:34us Jit:-14us JitMax:1474us JitMin:-1212us"
07.10.2024 04:23:31.011: Cmp=PsSysTask, C=1, E=0, M="Modbus State:8257 IecCCnt:136004 CCnt:136004 CTime:27us AvgCTime:33us MaxCTime:2654us MinCTime:20us Jit:-413us JitMax:2828us JitMin:-3123us"
07.10.2024 04:23:31.011: Cmp=PsSysTask, C=1, E=0, M="VISU_TASK State:8257 IecCCnt:331683 CCnt:331683 CTime:84us AvgCTime:110237us MaxCTime:890102us MinCTime:37us Jit:-136939us JitMax:691373us JitMin:-199924us"
07.10.2024 04:23:31.011: Cmp=PsSysTask, C=1, E=0, M="TASK_PLC_PRG State:8257 IecCCnt:3400100 CCnt:3400100 CTime:2224us AvgCTime:2429us MaxCTime:4379us MinCTime:2139us Jit:304us JitMax:1939us JitMin:-1348us"
07.10.2024 04:23:31.011: Cmp=PsSysTask, C=1, E=0, M="TASK_DIAGN State:8257 IecCCnt:68003 CCnt:68003 CTime:41173us AvgCTime:41293us MaxCTime:56475us MinCTime:36231us Jit:-208us JitMax:5483us JitMin:-3574us"
07.10.2024 04:28:32.001: Cmp=PsSysTask, C=1, E=0, M="AlarmManagerTask State:8257 IecCCnt:876289 CCnt:876289 CTime:107us AvgCTime:690us MaxCTime:394883us MinCTime:66us Jit:-208us JitMax:4315796us JitMin:-49904us"
07.10.2024 04:28:32.001: Cmp=PsSysTask, C=1, E=0, M="RedundancyTask State:8257 IecCCnt:1366188 CCnt:1366188 CTime:358us AvgCTime:101us MaxCTime:1408us MinCTime:34us Jit:-285us JitMax:1474us JitMin:-1212us"
07.10.2024 04:28:32.001: Cmp=PsSysTask, C=1, E=0, M="Modbus State:8257 IecCCnt:136606 CCnt:136606 CTime:29us AvgCTime:33us MaxCTime:2654us MinCTime:20us Jit:-79us JitMax:2828us JitMin:-3123us"
07.10.2024 04:28:32.001: Cmp=PsSysTask, C=1, E=0, M="VISU_TASK State:8257 IecCCnt:333129 CCnt:333129 CTime:89us AvgCTime:110246us MaxCTime:890102us MinCTime:37us Jit:-133032us JitMax:4328256us JitMin:-199924us"
07.10.2024 04:28:32.001: Cmp=PsSysTask, C=1, E=0, M="TASK_PLC_PRG State:8257 IecCCnt:3415150 CCnt:3415150 CTime:2740us AvgCTime:2429us MaxCTime:4379us MinCTime:2139us Jit:-20us JitMax:1939us JitMin:-1348us"
07.10.2024 04:28:32.001: Cmp=PsSysTask, C=1, E=0, M="TASK_DIAGN State:8257 IecCCnt:68304 CCnt:68304 CTime:42070us AvgCTime:41294us MaxCTime:56475us MinCTime:36231us Jit:-163us JitMax:5483us JitMin:-3574us"
07.10.2024 04:33:33.012: Cmp=PsSysTask, C=1, E=0, M="AlarmManagerTask State:8257 IecCCnt:880154 CCnt:880154 CTime:102us AvgCTime:690us MaxCTime:394883us MinCTime:66us Jit:13002us JitMax:4315796us JitMin:-49904us"
07.10.2024 04:33:33.012: Cmp=PsSysTask, C=1, E=0, M="RedundancyTask State:8257 IecCCnt:1372209 CCnt:1372209 CTime:337us AvgCTime:101us MaxCTime:1408us MinCTime:34us Jit:9us JitMax:1474us JitMin:-1212us"
07.10.2024 04:33:33.012: Cmp=PsSysTask, C=1, E=0, M="Modbus State:8257 IecCCnt:137209 CCnt:137209 CTime:35us AvgCTime:33us MaxCTime:2654us MinCTime:20us Jit:-73us JitMax:2828us JitMin:-3123us"
07.10.2024 04:33:33.012: Cmp=PsSysTask, C=1, E=0, M="VISU_TASK State:8259 IecCCnt:334599 CCnt:334599 CTime:85us AvgCTime:110240us MaxCTime:890102us MinCTime:37us Jit:-129627us JitMax:4328256us JitMin:-199924us"
07.10.2024 04:33:33.012: Cmp=PsSysTask, C=1, E=0, M="TASK_PLC_PRG State:8257 IecCCnt:3430202 CCnt:3430202 CTime:2459us AvgCTime:2429us MaxCTime:4379us MinCTime:2139us Jit:20us JitMax:1939us JitMin:-1348us"
07.10.2024 04:33:33.012: Cmp=PsSysTask, C=1, E=0, M="TASK_DIAGN State:8257 IecCCnt:68605 CCnt:68605 CTime:46232us AvgCTime:41295us MaxCTime:56475us MinCTime:36231us Jit:-177us JitMax:5483us JitMin:-3574us"
07.10.2024 04:38:34.009: Cmp=PsSysTask, C=1, E=0, M="AlarmManagerTask State:8257 IecCCnt:883987 CCnt:883987 CTime:105us AvgCTime:690us MaxCTime:394883us MinCTime:66us Jit:151us JitMax:4315796us JitMin:-49904us"
07.10.2024 04:38:34.009: Cmp=PsSysTask, C=1, E=0, M="RedundancyTask State:8257 IecCCnt:1378230 CCnt:1378230 CTime:73us AvgCTime:101us MaxCTime:1408us MinCTime:34us Jit:90us JitMax:1474us JitMin:-1212us"
07.10.2024 04:38:34.009: Cmp=PsSysTask, C=1, E=0, M="Modbus State:8257 IecCCnt:137811 CCnt:137811 CTime:25us AvgCTime:33us MaxCTime:2654us MinCTime:20us Jit:100us JitMax:2828us JitMin:-3123us"
07.10.2024 04:38:34.009: Cmp=PsSysTask, C=1, E=0, M="VISU_TASK State:8257 IecCCnt:336062 CCnt:336062 CTime:85us AvgCTime:110249us MaxCTime:890102us MinCTime:37us Jit:-126704us JitMax:4328256us JitMin:-199924us"
07.10.2024 04:38:34.009: Cmp=PsSysTask, C=1, E=0, M="TASK_PLC_PRG State:8257 IecCCnt:3445252 CCnt:3445252 CTime:2235us AvgCTime:2429us MaxCTime:4379us MinCTime:2139us Jit:8us JitMax:1939us JitMin:-1348us"
07.10.2024 04:38:34.009: Cmp=PsSysTask, C=1, E=0, M="TASK_DIAGN State:8257 IecCCnt:68906 CCnt:68906 CTime:40746us AvgCTime:41297us MaxCTime:56475us MinCTime:36231us Jit:-151us JitMax:5483us JitMin:-3574us"
07.10.2024 04:43:35.005: Cmp=PsSysTask, C=1, E=0, M="AlarmManagerTask State:8257 IecCCnt:888287 CCnt:888287 CTime:114us AvgCTime:689us MaxCTime:394883us MinCTime:66us Jit:-141us JitMax:4315796us JitMin:-49904us"
07.10.2024 04:43:35.005: Cmp=PsSysTask, C=1, E=0, M="RedundancyTask State:8257 IecCCnt:1384251 CCnt:1384251 CTime:61us AvgCTime:101us MaxCTime:1408us MinCTime:34us Jit:-21us JitMax:1474us JitMin:-1212us"
07.10.2024 04:43:35.005: Cmp=PsSysTask, C=1, E=0, M="Modbus State:8257 IecCCnt:138413 CCnt:138413 CTime:30us AvgCTime:33us MaxCTime:2654us MinCTime:20us Jit:-81us JitMax:2828us JitMin:-3123us"
07.10.2024 04:43:35.005: Cmp=PsSysTask, C=1, E=0, M="VISU_TASK State:8257 IecCCnt:337554 CCnt:337554 CTime:76us AvgCTime:110150us MaxCTime:890102us MinCTime:37us Jit:-32665us JitMax:4328256us JitMin:-199924us"
07.10.2024 04:43:35.005: Cmp=PsSysTask, C=1, E=0, M="TASK_PLC_PRG State:8257 IecCCnt:3460303 CCnt:3460303 CTime:2384us AvgCTime:2429us MaxCTime:4379us MinCTime:2139us Jit:35us JitMax:1939us JitMin:-1348us"
07.10.2024 04:43:35.005: Cmp=PsSysTask, C=1, E=0, M="TASK_DIAGN State:8257 IecCCnt:69207 CCnt:69207 CTime:40634us AvgCTime:41298us MaxCTime:56475us MinCTime:36231us Jit:66us JitMax:5483us JitMin:-3574us"
07.10.2024 04:48:36.006: Cmp=PsSysTask, C=1, E=0, M="AlarmManagerTask State:8257 IecCCnt:892715 CCnt:892715 CTime:4645us AvgCTime:687us MaxCTime:394883us MinCTime:66us Jit:158558us JitMax:4315796us JitMin:-49904us"
07.10.2024 04:48:36.006: Cmp=PsSysTask, C=1, E=0, M="RedundancyTask State:8257 IecCCnt:1390272 CCnt:1390272 CTime:58us AvgCTime:101us MaxCTime:1408us MinCTime:34us Jit:-55us JitMax:1474us JitMin:-1212us"
07.10.2024 04:48:36.006: Cmp=PsSysTask, C=1, E=0, M="Modbus State:8257 IecCCnt:139015 CCnt:139015 CTime:32us AvgCTime:33us MaxCTime:2654us MinCTime:20us Jit:-71us JitMax:2828us JitMin:-3123us"
07.10.2024 04:48:36.006: Cmp=PsSysTask, C=1, E=0, M="VISU_TASK State:8257 IecCCnt:339058 CCnt:339058 CTime:63us AvgCTime:110019us MaxCTime:890102us MinCTime:37us Jit:41664us JitMax:4328256us JitMin:-199924us"
07.10.2024 04:48:36.006: Cmp=PsSysTask, C=1, E=0, M="TASK_PLC_PRG State:8257 IecCCnt:3475355 CCnt:3475355 CTime:2858us AvgCTime:2429us MaxCTime:4379us MinCTime:2139us Jit:-25us JitMax:1939us JitMin:-1348us"
07.10.2024 04:48:36.006: Cmp=PsSysTask, C=1, E=0, M="TASK_DIAGN State:8257 IecCCnt:69508 CCnt:69508 CTime:43637us AvgCTime:41299us MaxCTime:56475us MinCTime:36231us Jit:-537us JitMax:5483us JitMin:-3574us"
07.10.2024 04:53:37.002: Cmp=PsSysTask, C=1, E=0, M="AlarmManagerTask State:8257 IecCCnt:896849 CCnt:896849 CTime:89us AvgCTime:686us MaxCTime:394883us MinCTime:66us Jit:213936us JitMax:4315796us JitMin:-49904us"
07.10.2024 04:53:37.002: Cmp=PsSysTask, C=1, E=0, M="RedundancyTask State:8257 IecCCnt:1396293 CCnt:1396293 CTime:57us AvgCTime:101us MaxCTime:1408us MinCTime:34us Jit:104us JitMax:1474us JitMin:-1212us"
07.10.2024 04:53:37.002: Cmp=PsSysTask, C=1, E=0, M="Modbus State:8257 IecCCnt:139617 CCnt:139617 CTime:26us AvgCTime:33us MaxCTime:2654us MinCTime:20us Jit:-39us JitMax:2828us JitMin:-3123us"
07.10.2024 04:53:37.002: Cmp=PsSysTask, C=1, E=0, M="VISU_TASK State:8257 IecCCnt:340550 CCnt:340550 CTime:63us AvgCTime:109952us MaxCTime:890102us MinCTime:37us Jit:136013us JitMax:4328256us JitMin:-199924us"
07.10.2024 04:53:37.002: Cmp=PsSysTask, C=1, E=0, M="TASK_PLC_PRG State:8257 IecCCnt:3490406 CCnt:3490406 CTime:2228us AvgCTime:2429us MaxCTime:4379us MinCTime:2139us Jit:-53us JitMax:1939us JitMin:-1348us"
07.10.2024 04:53:37.002: Cmp=PsSysTask, C=1, E=0, M="TASK_DIAGN State:8257 IecCCnt:69809 CCnt:69809 CTime:40864us AvgCTime:41299us MaxCTime:56475us MinCTime:36231us Jit:-303us JitMax:5483us JitMin:-3574us"
07.10.2024 04:58:38.005: Cmp=PsSysTask, C=1, E=0, M="AlarmManagerTask State:8257 IecCCnt:900694 CCnt:900694 CTime:106us AvgCTime:686us MaxCTime:394883us MinCTime:66us Jit:4707us JitMax:4315796us JitMin:-49904us"
07.10.2024 04:58:38.005: Cmp=PsSysTask, C=1, E=0, M="RedundancyTask State:8257 IecCCnt:1402314 CCnt:1402314 CTime:63us AvgCTime:101us MaxCTime:1408us MinCTime:34us Jit:273us JitMax:1474us JitMin:-1212us"
07.10.2024 04:58:38.005: Cmp=PsSysTask, C=1, E=0, M="Modbus State:8257 IecCCnt:140219 CCnt:140219 CTime:34us AvgCTime:33us MaxCTime:2654us MinCTime:20us Jit:201us JitMax:2828us JitMin:-3123us"
07.10.2024 04:58:38.005: Cmp=PsSysTask, C=1, E=0, M="VISU_TASK State:8259 IecCCnt:342015 CCnt:342015 CTime:90us AvgCTime:109958us MaxCTime:890102us MinCTime:37us Jit:-160128us JitMax:4328256us JitMin:-199924us"
07.10.2024 04:58:38.005: Cmp=PsSysTask, C=1, E=0, M="TASK_PLC_PRG State:8257 IecCCnt:3505457 CCnt:3505457 CTime:2530us AvgCTime:2429us MaxCTime:4379us MinCTime:2139us Jit:20us JitMax:1939us JitMin:-1348us"
07.10.2024 04:58:38.005: Cmp=PsSysTask, C=1, E=0, M="TASK_DIAGN State:8257 IecCCnt:70110 CCnt:70110 CTime:47764us AvgCTime:41294us MaxCTime:56475us MinCTime:36231us Jit:-162us JitMax:5483us JitMin:-3574us"
07.10.2024 05:03:39.000: Cmp=PsSysTask, C=1, E=0, M="AlarmManagerTask State:8257 IecCCnt:904507 CCnt:904507 CTime:107us AvgCTime:686us MaxCTime:394883us MinCTime:66us Jit:-4061us JitMax:4315796us JitMin:-49904us"
07.10.2024 05:03:39.000: Cmp=PsSysTask, C=1, E=0, M="RedundancyTask State:8257 IecCCnt:1408335 CCnt:1408335 CTime:335us AvgCTime:101us MaxCTime:1408us MinCTime:34us Jit:-325us JitMax:1474us JitMin:-1212us"
07.10.2024 05:03:39.000: Cmp=PsSysTask, C=1, E=0, M="Modbus State:8257 IecCCnt:140821 CCnt:140821 CTime:26us AvgCTime:33us MaxCTime:2654us MinCTime:20us Jit:-98us JitMax:2828us JitMin:-3123us"
07.10.2024 05:03:39.000: Cmp=PsSysTask, C=1, E=0, M="VISU_TASK State:8257 IecCCnt:343491 CCnt:343491 CTime:84us AvgCTime:109964us MaxCTime:890102us MinCTime:37us Jit:-122266us JitMax:4328256us JitMin:-199924us"
07.10.2024 05:03:39.000: Cmp=PsSysTask, C=1, E=0, M="TASK_PLC_PRG State:8257 IecCCnt:3520508 CCnt:3520508 CTime:2570us AvgCTime:2429us MaxCTime:4379us MinCTime:2139us Jit:-303us JitMax:1939us JitMin:-1348us"
07.10.2024 05:03:39.000: Cmp=PsSysTask, C=1, E=0, M="TASK_DIAGN State:8257 IecCCnt:70411 CCnt:70411 CTime:42509us AvgCTime:41295us MaxCTime:56475us MinCTime:36231us Jit:-331us JitMax:5483us JitMin:-3574us"
07.10.2024 05:08:40.001: Cmp=PsSysTask, C=1, E=0, M="AlarmManagerTask State:8257 IecCCnt:908725 CCnt:908725 CTime:113us AvgCTime:685us MaxCTime:394883us MinCTime:66us Jit:-281us JitMax:4315796us JitMin:-49904us"
07.10.2024 05:08:40.001: Cmp=PsSysTask, C=1, E=0, M="RedundancyTask State:8257 IecCCnt:1414356 CCnt:1414356 CTime:60us AvgCTime:101us MaxCTime:1408us MinCTime:34us Jit:7us JitMax:1474us JitMin:-1212us"
07.10.2024 05:08:40.001: Cmp=PsSysTask, C=1, E=0, M="Modbus State:8257 IecCCnt:141423 CCnt:141423 CTime:36us AvgCTime:33us MaxCTime:2654us MinCTime:20us Jit:-329us JitMax:2828us JitMin:-3123us"
07.10.2024 05:08:40.001: Cmp=PsSysTask, C=1, E=0, M="VISU_TASK State:8257 IecCCnt:344983 CCnt:344983 CTime:85us AvgCTime:109885us MaxCTime:890102us MinCTime:37us Jit:-26259us JitMax:4328256us JitMin:-199924us"
07.10.2024 05:08:40.001: Cmp=PsSysTask, C=1, E=0, M="TASK_PLC_PRG State:8257 IecCCnt:3535558 CCnt:3535558 CTime:2232us AvgCTime:2429us MaxCTime:4379us MinCTime:2139us Jit:-8us JitMax:1939us JitMin:-1348us"
07.10.2024 05:08:40.001: Cmp=PsSysTask, C=1, E=0, M="TASK_DIAGN State:8257 IecCCnt:70712 CCnt:70712 CTime:40189us AvgCTime:41290us MaxCTime:56475us MinCTime:36231us Jit:171us JitMax:5483us JitMin:-3574us"
07.10.2024 05:13:41.007: Cmp=PsSysTask, C=1, E=0, M="AlarmManagerTask State:8257 IecCCnt:913152 CCnt:913152 CTime:112us AvgCTime:683us MaxCTime:394883us MinCTime:66us Jit:174us JitMax:4315796us JitMin:-49904us"
07.10.2024 05:13:41.007: Cmp=PsSysTask, C=1, E=0, M="RedundancyTask State:8257 IecCCnt:1420377 CCnt:1420377 CTime:64us AvgCTime:101us MaxCTime:1408us MinCTime:34us Jit:4us JitMax:1474us JitMin:-1212us"
07.10.2024 05:13:41.007: Cmp=PsSysTask, C=1, E=0, M="Modbus State:8257 IecCCnt:142025 CCnt:142025 CTime:27us AvgCTime:33us MaxCTime:2654us MinCTime:20us Jit:-70us JitMax:2828us JitMin:-3123us"
07.10.2024 05:13:41.007: Cmp=PsSysTask, C=1, E=0, M="VISU_TASK State:8259 IecCCnt:346487 CCnt:346487 CTime:87us AvgCTime:109759us MaxCTime:890102us MinCTime:37us Jit:-32212us JitMax:4328256us JitMin:-199924us"
07.10.2024 05:13:41.007: Cmp=PsSysTask, C=1, E=0, M="TASK_PLC_PRG State:8257 IecCCnt:3550610 CCnt:3550610 CTime:2241us AvgCTime:2429us MaxCTime:4379us MinCTime:2139us Jit:-32us JitMax:1939us JitMin:-1348us"
07.10.2024 05:13:41.007: Cmp=PsSysTask, C=1, E=0, M="TASK_DIAGN State:8257 IecCCnt:71013 CCnt:71013 CTime:41060us AvgCTime:41291us MaxCTime:56475us MinCTime:36231us Jit:-151us JitMax:5483us JitMin:-3574us"
07.10.2024 05:18:42.008: Cmp=PsSysTask, C=1, E=0, M="AlarmManagerTask State:8257 IecCCnt:917388 CCnt:917388 CTime:568us AvgCTime:682us MaxCTime:394883us MinCTime:66us Jit:2846us JitMax:4315796us JitMin:-49904us"
07.10.2024 05:18:42.008: Cmp=PsSysTask, C=1, E=0, M="RedundancyTask State:8257 IecCCnt:1426398 CCnt:1426398 CTime:66us AvgCTime:101us MaxCTime:1408us MinCTime:34us Jit:-214us JitMax:1474us JitMin:-1212us"
07.10.2024 05:18:42.008: Cmp=PsSysTask, C=1, E=0, M="Modbus State:8257 IecCCnt:142627 CCnt:142627 CTime:31us AvgCTime:33us MaxCTime:2654us MinCTime:20us Jit:-69us JitMax:2828us JitMin:-3123us"
07.10.2024 05:18:42.008: Cmp=PsSysTask, C=1, E=0, M="VISU_TASK State:8259 IecCCnt:347979 CCnt:347979 CTime:167us AvgCTime:109673us MaxCTime:890102us MinCTime:37us Jit:-57504us JitMax:4328256us JitMin:-199924us"
07.10.2024 05:18:42.008: Cmp=PsSysTask, C=1, E=0, M="TASK_PLC_PRG State:8257 IecCCnt:3565662 CCnt:3565662 CTime:2498us AvgCTime:2429us MaxCTime:4379us MinCTime:2139us Jit:1us JitMax:1939us JitMin:-1348us"
07.10.2024 05:18:42.008: Cmp=PsSysTask, C=1, E=0, M="TASK_DIAGN State:8257 IecCCnt:71314 CCnt:71314 CTime:40083us AvgCTime:41292us MaxCTime:56475us MinCTime:36231us Jit:-157us JitMax:5483us JitMin:-3574us"
07.10.2024 05:23:43.008: Cmp=PsSysTask, C=1, E=0, M="AlarmManagerTask State:8257 IecCCnt:921200 CCnt:921200 CTime:103us AvgCTime:682us MaxCTime:394883us MinCTime:66us Jit:1700us JitMax:4315796us JitMin:-49904us"
07.10.2024 05:23:43.008: Cmp=PsSysTask, C=1, E=0, M="RedundancyTask State:8257 IecCCnt:1432418 CCnt:1432418 CTime:329us AvgCTime:101us MaxCTime:1408us MinCTime:34us Jit:-13us JitMax:1474us JitMin:-1212us"
07.10.2024 05:23:43.008: Cmp=PsSysTask, C=1, E=0, M="Modbus State:8257 IecCCnt:143229 CCnt:143229 CTime:32us AvgCTime:33us MaxCTime:2654us MinCTime:20us Jit:-238us JitMax:2828us JitMin:-3123us"
07.10.2024 05:23:43.008: Cmp=PsSysTask, C=1, E=0, M="VISU_TASK State:8259 IecCCnt:349440 CCnt:349440 CTime:89us AvgCTime:109680us MaxCTime:890102us MinCTime:37us Jit:-127109us JitMax:4328256us JitMin:-199924us"
07.10.2024 05:23:43.008: Cmp=PsSysTask, C=1, E=0, M="TASK_PLC_PRG State:8257 IecCCnt:3580712 CCnt:3580712 CTime:2482us AvgCTime:2429us MaxCTime:4379us MinCTime:2139us Jit:296us JitMax:1939us JitMin:-1348us"
07.10.2024 05:23:43.008: Cmp=PsSysTask, C=1, E=0, M="TASK_DIAGN State:8257 IecCCnt:71615 CCnt:71615 CTime:42618us AvgCTime:41293us MaxCTime:56475us MinCTime:36231us Jit:130us JitMax:5483us JitMin:-3574us"
07.10.2024 05:28:44.006: Cmp=PsSysTask, C=1, E=0, M="AlarmManagerTask State:8257 IecCCnt:925007 CCnt:925007 CTime:106us AvgCTime:682us MaxCTime:394883us MinCTime:66us Jit:-38us JitMax:4315796us JitMin:-49904us"
07.10.2024 05:28:44.006: Cmp=PsSysTask, C=1, E=0, M="RedundancyTask State:8257 IecCCnt:1438439 CCnt:1438439 CTime:61us AvgCTime:101us MaxCTime:1408us MinCTime:34us Jit:-37us JitMax:1474us JitMin:-1212us"
07.10.2024 05:28:44.006: Cmp=PsSysTask, C=1, E=0, M="Modbus State:8257 IecCCnt:143831 CCnt:143831 CTime:25us AvgCTime:33us MaxCTime:2654us MinCTime:20us Jit:8us JitMax:2828us JitMin:-3123us"
07.10.2024 05:28:44.006: Cmp=PsSysTask, C=1, E=0, M="VISU_TASK State:8257 IecCCnt:350901 CCnt:350901 CTime:83us AvgCTime:109697us MaxCTime:890102us MinCTime:37us Jit:-148787us JitMax:4328256us JitMin:-199924us"
07.10.2024 05:28:44.006: Cmp=PsSysTask, C=1, E=0, M="TASK_PLC_PRG State:8257 IecCCnt:3595763 CCnt:3595763 CTime:2669us AvgCTime:2429us MaxCTime:4379us MinCTime:2139us Jit:9us JitMax:1939us JitMin:-1348us"
07.10.2024 05:28:44.006: Cmp=PsSysTask, C=1, E=0, M="TASK_DIAGN State:8257 IecCCnt:71916 CCnt:71916 CTime:40499us AvgCTime:41294us MaxCTime:56475us MinCTime:36231us Jit:99us JitMax:5483us JitMin:-3574us"
07.10.2024 05:33:45.003: Cmp=PsSysTask, C=1, E=0, M="AlarmManagerTask State:8257 IecCCnt:928864 CCnt:928864 CTime:88us AvgCTime:682us MaxCTime:394883us MinCTime:66us Jit:199124us JitMax:4315796us JitMin:-49904us"
07.10.2024 05:33:45.003: Cmp=PsSysTask, C=1, E=0, M="RedundancyTask State:8257 IecCCnt:1444460 CCnt:1444460 CTime:53us AvgCTime:101us MaxCTime:1408us MinCTime:34us Jit:-7us JitMax:1474us JitMin:-1212us"
07.10.2024 05:33:45.003: Cmp=PsSysTask, C=1, E=0, M="Modbus State:8257 IecCCnt:144433 CCnt:144433 CTime:37us AvgCTime:33us MaxCTime:2654us MinCTime:20us Jit:183us JitMax:2828us JitMin:-3123us"
07.10.2024 05:33:45.003: Cmp=PsSysTask, C=1, E=0, M="VISU_TASK State:8257 IecCCnt:352366 CCnt:352366 CTime:66us AvgCTime:109705us MaxCTime:890102us MinCTime:37us Jit:85957us JitMax:4328256us JitMin:-199924us"
07.10.2024 05:33:45.003: Cmp=PsSysTask, C=1, E=0, M="TASK_PLC_PRG State:8257 IecCCnt:3610813 CCnt:3610813 CTime:3094us AvgCTime:2429us MaxCTime:4379us MinCTime:2139us Jit:-21us JitMax:1939us JitMin:-1348us"
07.10.2024 05:33:45.003: Cmp=PsSysTask, C=1, E=0, M="TASK_DIAGN State:8257 IecCCnt:72217 CCnt:72217 CTime:36750us AvgCTime:41293us MaxCTime:56475us MinCTime:36231us Jit:-420us JitMax:5483us JitMin:-3574us"
07.10.2024 05:38:46.001: Cmp=PsSysTask, C=1, E=0, M="AlarmManagerTask State:8257 IecCCnt:932701 CCnt:932701 CTime:106us AvgCTime:682us MaxCTime:394883us MinCTime:66us Jit:1257us JitMax:4315796us JitMin:-49904us"
07.10.2024 05:38:46.002: Cmp=PsSysTask, C=1, E=0, M="RedundancyTask State:8257 IecCCnt:1450481 CCnt:1450481 CTime:66us AvgCTime:101us MaxCTime:1408us MinCTime:34us Jit:-311us JitMax:1474us JitMin:-1212us"
07.10.2024 05:38:46.002: Cmp=PsSysTask, C=1, E=0, M="Modbus State:8257 IecCCnt:145035 CCnt:145035 CTime:26us AvgCTime:33us MaxCTime:2654us MinCTime:20us Jit:-71us JitMax:2828us JitMin:-3123us"
07.10.2024 05:38:46.002: Cmp=PsSysTask, C=1, E=0, M="VISU_TASK State:8259 IecCCnt:353827 CCnt:353827 CTime:72us AvgCTime:109713us MaxCTime:890102us MinCTime:37us Jit:-74133us JitMax:4328256us JitMin:-199924us"
07.10.2024 05:38:46.002: Cmp=PsSysTask, C=1, E=0, M="TASK_PLC_PRG State:8257 IecCCnt:3625864 CCnt:3625864 CTime:2363us AvgCTime:2429us MaxCTime:4379us MinCTime:2139us Jit:105us JitMax:1939us JitMin:-1348us"
07.10.2024 05:38:46.002: Cmp=PsSysTask, C=1, E=0, M="TASK_DIAGN State:8257 IecCCnt:72518 CCnt:72518 CTime:42060us AvgCTime:41294us MaxCTime:56475us MinCTime:36231us Jit:117us JitMax:5483us JitMin:-3574us"
07.10.2024 05:43:47.011: Cmp=PsSysTask, C=1, E=0, M="AlarmManagerTask State:8257 IecCCnt:936501 CCnt:936501 CTime:89us AvgCTime:683us MaxCTime:394883us MinCTime:66us Jit:4785us JitMax:4315796us JitMin:-49904us"
07.10.2024 05:43:47.011: Cmp=PsSysTask, C=1, E=0, M="RedundancyTask State:8257 IecCCnt:1456502 CCnt:1456502 CTime:50us AvgCTime:101us MaxCTime:1408us MinCTime:34us Jit:-458us JitMax:1474us JitMin:-1212us"
07.10.2024 05:43:47.011: Cmp=PsSysTask, C=1, E=0, M="Modbus State:8257 IecCCnt:145637 CCnt:145637 CTime:35us AvgCTime:33us MaxCTime:2654us MinCTime:20us Jit:-62us JitMax:2828us JitMin:-3123us"
07.10.2024 05:43:47.011: Cmp=PsSysTask, C=1, E=0, M="VISU_TASK State:8259 IecCCnt:355292 CCnt:355292 CTime:91us AvgCTime:109730us MaxCTime:890102us MinCTime:37us Jit:-128611us JitMax:4328256us JitMin:-199924us"
07.10.2024 05:43:47.011: Cmp=PsSysTask, C=1, E=0, M="TASK_PLC_PRG State:8257 IecCCnt:3640915 CCnt:3640915 CTime:2512us AvgCTime:2429us MaxCTime:4379us MinCTime:2139us Jit:-260us JitMax:1939us JitMin:-1348us"
07.10.2024 05:43:47.011: Cmp=PsSysTask, C=1, E=0, M="TASK_DIAGN State:8257 IecCCnt:72819 CCnt:72819 CTime:40380us AvgCTime:41298us MaxCTime:56475us MinCTime:36231us Jit:138us JitMax:5483us JitMin:-3574us"
07.10.2024 05:48:48.013: Cmp=PsSysTask, C=1, E=0, M="AlarmManagerTask State:8257 IecCCnt:940327 CCnt:940327 CTime:104us AvgCTime:684us MaxCTime:394883us MinCTime:66us Jit:964us JitMax:4315796us JitMin:-49904us"
07.10.2024 05:48:48.013: Cmp=PsSysTask, C=1, E=0, M="RedundancyTask State:8257 IecCCnt:1462523 CCnt:1462523 CTime:63us AvgCTime:101us MaxCTime:1408us MinCTime:34us Jit:-17us JitMax:1474us JitMin:-1212us"
07.10.2024 05:48:48.013: Cmp=PsSysTask, C=1, E=0, M="Modbus State:8257 IecCCnt:146239 CCnt:146239 CTime:26us AvgCTime:33us MaxCTime:2654us MinCTime:20us Jit:-76us JitMax:2828us JitMin:-3123us"
07.10.2024 05:48:48.013: Cmp=PsSysTask, C=1, E=0, M="VISU_TASK State:8259 IecCCnt:356753 CCnt:356753 CTime:84us AvgCTime:109743us MaxCTime:890102us MinCTime:37us Jit:-102043us JitMax:4328256us JitMin:-199924us"
07.10.2024 05:48:48.013: Cmp=PsSysTask, C=1, E=0, M="TASK_PLC_PRG State:8257 IecCCnt:3655966 CCnt:3655966 CTime:2512us AvgCTime:2429us MaxCTime:4379us MinCTime:2139us Jit:-114us JitMax:1939us JitMin:-1348us"
07.10.2024 05:48:48.013: Cmp=PsSysTask, C=1, E=0, M="TASK_DIAGN State:8257 IecCCnt:73120 CCnt:73120 CTime:41135us AvgCTime:41300us MaxCTime:56475us MinCTime:36231us Jit:-170us JitMax:5483us JitMin:-3574us"
07.10.2024 05:53:49.001: Cmp=PsSysTask, C=1, E=0, M="AlarmManagerTask State:8257 IecCCnt:944184 CCnt:944184 CTime:104us AvgCTime:684us MaxCTime:394883us MinCTime:66us Jit:1919us JitMax:4315796us JitMin:-49904us"
07.10.2024 05:53:49.001: Cmp=PsSysTask, C=1, E=0, M="RedundancyTask State:8257 IecCCnt:1468544 CCnt:1468544 CTime:55us AvgCTime:101us MaxCTime:1408us MinCTime:34us Jit:-18us JitMax:1474us JitMin:-1212us"
07.10.2024 05:53:49.001: Cmp=PsSysTask, C=1, E=0, M="Modbus State:8257 IecCCnt:146841 CCnt:146841 CTime:35us AvgCTime:33us MaxCTime:2654us MinCTime:20us Jit:-344us JitMax:2828us JitMin:-3123us"
07.10.2024 05:53:49.001: Cmp=PsSysTask, C=1, E=0, M="VISU_TASK State:8259 IecCCnt:358219 CCnt:358219 CTime:75us AvgCTime:109749us MaxCTime:890102us MinCTime:37us Jit:-129841us JitMax:4328256us JitMin:-199924us"
07.10.2024 05:53:49.001: Cmp=PsSysTask, C=1, E=0, M="TASK_PLC_PRG State:8257 IecCCnt:3671016 CCnt:3671016 CTime:2303us AvgCTime:2429us MaxCTime:4379us MinCTime:2139us Jit:9us JitMax:1939us JitMin:-1348us"
07.10.2024 05:53:49.001: Cmp=PsSysTask, C=1, E=0, M="TASK_DIAGN State:8257 IecCCnt:73421 CCnt:73421 CTime:40467us AvgCTime:41301us MaxCTime:56475us MinCTime:36231us Jit:-138us JitMax:5483us JitMin:-3574us"
07.10.2024 05:58:50.001: Cmp=PsSysTask, C=1, E=0, M="AlarmManagerTask State:8257 IecCCnt:947988 CCnt:947988 CTime:103us AvgCTime:684us MaxCTime:394883us MinCTime:66us Jit:2442us JitMax:4315796us JitMin:-49904us"
07.10.2024 05:58:50.001: Cmp=PsSysTask, C=1, E=0, M="RedundancyTask State:8257 IecCCnt:1474565 CCnt:1474565 CTime:62us AvgCTime:101us MaxCTime:1408us MinCTime:34us Jit:22us JitMax:1474us JitMin:-1212us"
07.10.2024 05:58:50.001: Cmp=PsSysTask, C=1, E=0, M="Modbus State:8257 IecCCnt:147443 CCnt:147443 CTime:23us AvgCTime:33us MaxCTime:2654us MinCTime:20us Jit:-58us JitMax:2828us JitMin:-3123us"
07.10.2024 05:58:50.001: Cmp=PsSysTask, C=1, E=0, M="VISU_TASK State:8259 IecCCnt:359678 CCnt:359678 CTime:86us AvgCTime:109767us MaxCTime:890102us MinCTime:37us Jit:-112017us JitMax:4328256us JitMin:-199924us"
07.10.2024 05:58:50.002: Cmp=PsSysTask, C=1, E=0, M="TASK_PLC_PRG State:8257 IecCCnt:3686068 CCnt:3686068 CTime:2244us AvgCTime:2429us MaxCTime:4379us MinCTime:2139us Jit:-15us JitMax:1939us JitMin:-1348us"
07.10.2024 05:58:50.002: Cmp=PsSysTask, C=1, E=0, M="TASK_DIAGN State:8257 IecCCnt:73722 CCnt:73722 CTime:41897us AvgCTime:41302us MaxCTime:56475us MinCTime:36231us Jit:-165us JitMax:5483us JitMin:-3574us"
07.10.2024 06:03:51.008: Cmp=PsSysTask, C=1, E=0, M="AlarmManagerTask State:8257 IecCCnt:951820 CCnt:951820 CTime:103us AvgCTime:684us MaxCTime:394883us MinCTime:66us Jit:1957us JitMax:4315796us JitMin:-49904us"
07.10.2024 06:03:51.008: Cmp=PsSysTask, C=1, E=0, M="RedundancyTask State:8257 IecCCnt:1480586 CCnt:1480586 CTime:63us AvgCTime:101us MaxCTime:1408us MinCTime:34us Jit:-9us JitMax:1474us JitMin:-1212us"
07.10.2024 06:03:51.008: Cmp=PsSysTask, C=1, E=0, M="Modbus State:8257 IecCCnt:148045 CCnt:148045 CTime:26us AvgCTime:33us MaxCTime:2654us MinCTime:20us Jit:-357us JitMax:2828us JitMin:-3123us"
07.10.2024 06:03:51.008: Cmp=PsSysTask, C=1, E=0, M="VISU_TASK State:8259 IecCCnt:361133 CCnt:361133 CTime:82us AvgCTime:109782us MaxCTime:890102us MinCTime:37us Jit:-117981us JitMax:4328256us JitMin:-199924us"
07.10.2024 06:03:51.008: Cmp=PsSysTask, C=1, E=0, M="TASK_PLC_PRG State:8257 IecCCnt:3701119 CCnt:3701119 CTime:2212us AvgCTime:2429us MaxCTime:4379us MinCTime:2139us Jit:536us JitMax:1939us JitMin:-1348us"
07.10.2024 06:03:51.009: Cmp=PsSysTask, C=1, E=0, M="TASK_DIAGN State:8257 IecCCnt:74023 CCnt:74023 CTime:40777us AvgCTime:41303us MaxCTime:56475us MinCTime:36231us Jit:215us JitMax:5483us JitMin:-3574us"
07.10.2024 06:08:52.009: Cmp=PsSysTask, C=1, E=0, M="AlarmManagerTask State:8257 IecCCnt:955616 CCnt:955616 CTime:107us AvgCTime:684us MaxCTime:394883us MinCTime:66us Jit:304us JitMax:4315796us JitMin:-49904us"
07.10.2024 06:08:52.009: Cmp=PsSysTask, C=1, E=0, M="RedundancyTask State:8257 IecCCnt:1486607 CCnt:1486607 CTime:51us AvgCTime:101us MaxCTime:1408us MinCTime:34us Jit:-18us JitMax:1474us JitMin:-1212us"
07.10.2024 06:08:52.009: Cmp=PsSysTask, C=1, E=0, M="Modbus State:8257 IecCCnt:148647 CCnt:148647 CTime:26us AvgCTime:33us MaxCTime:2654us MinCTime:20us Jit:-63us JitMax:2828us JitMin:-3123us"
07.10.2024 06:08:52.009: Cmp=PsSysTask, C=1, E=0, M="VISU_TASK State:8257 IecCCnt:362592 CCnt:362592 CTime:77us AvgCTime:109797us MaxCTime:890102us MinCTime:37us Jit:-119277us JitMax:4328256us JitMin:-199924us"
07.10.2024 06:08:52.009: Cmp=PsSysTask, C=1, E=0, M="TASK_PLC_PRG State:8257 IecCCnt:3716170 CCnt:3716170 CTime:2861us AvgCTime:2429us MaxCTime:4379us MinCTime:2139us Jit:-3us JitMax:1939us JitMin:-1348us"
07.10.2024 06:08:52.009: Cmp=PsSysTask, C=1, E=0, M="TASK_DIAGN State:8257 IecCCnt:74324 CCnt:74324 CTime:41109us AvgCTime:41305us MaxCTime:56475us MinCTime:36231us Jit:562us JitMax:5483us JitMin:-3574us"
07.10.2024 06:13:53.009: Cmp=PsSysTask, C=1, E=0, M="AlarmManagerTask State:8257 IecCCnt:959450 CCnt:959450 CTime:100us AvgCTime:684us MaxCTime:394883us MinCTime:66us Jit:117us JitMax:4315796us JitMin:-49904us"
07.10.2024 06:13:53.009: Cmp=PsSysTask, C=1, E=0, M="RedundancyTask State:8257 IecCCnt:1492628 CCnt:1492628 CTime:318us AvgCTime:101us MaxCTime:1408us MinCTime:34us Jit:0us JitMax:1474us JitMin:-1212us"
07.10.2024 06:13:53.009: Cmp=PsSysTask, C=1, E=0, M="Modbus State:8257 IecCCnt:149249 CCnt:149249 CTime:26us AvgCTime:33us MaxCTime:2654us MinCTime:20us Jit:-94us JitMax:2828us JitMin:-3123us"
07.10.2024 06:13:53.009: Cmp=PsSysTask, C=1, E=0, M="VISU_TASK State:8257 IecCCnt:364053 CCnt:364053 CTime:87us AvgCTime:109808us MaxCTime:890102us MinCTime:37us Jit:-123195us JitMax:4328256us JitMin:-199924us"
07.10.2024 06:13:53.009: Cmp=PsSysTask, C=1, E=0, M="TASK_PLC_PRG State:8257 IecCCnt:3731221 CCnt:3731221 CTime:2236us AvgCTime:2429us MaxCTime:4379us MinCTime:2139us Jit:323us JitMax:1939us JitMin:-1348us"
07.10.2024 06:13:53.009: Cmp=PsSysTask, C=1, E=0, M="TASK_DIAGN State:8257 IecCCnt:74625 CCnt:74625 CTime:42349us AvgCTime:41306us MaxCTime:56475us MinCTime:36231us Jit:-232us JitMax:5483us JitMin:-3574us"
07.10.2024 06:18:54.001: Cmp=PsSysTask, C=1, E=0, M="AlarmManagerTask State:8257 IecCCnt:963293 CCnt:963293 CTime:106us AvgCTime:685us MaxCTime:394883us MinCTime:66us Jit:2084us JitMax:4315796us JitMin:-49904us"
07.10.2024 06:18:54.001: Cmp=PsSysTask, C=1, E=0, M="RedundancyTask State:8257 IecCCnt:1498648 CCnt:1498648 CTime:56us AvgCTime:101us MaxCTime:1408us MinCTime:34us Jit:-6us JitMax:1474us JitMin:-1212us"
07.10.2024 06:18:54.001: Cmp=PsSysTask, C=1, E=0, M="Modbus State:8257 IecCCnt:149851 CCnt:149851 CTime:26us AvgCTime:33us MaxCTime:2654us MinCTime:20us Jit:-44us JitMax:2828us JitMin:-3123us"
07.10.2024 06:18:54.001: Cmp=PsSysTask, C=1, E=0, M="VISU_TASK State:8259 IecCCnt:365518 CCnt:365518 CTime:85us AvgCTime:109815us MaxCTime:890102us MinCTime:37us Jit:-146251us JitMax:4328256us JitMin:-199924us"
07.10.2024 06:18:54.001: Cmp=PsSysTask, C=1, E=0, M="TASK_PLC_PRG State:8257 IecCCnt:3746271 CCnt:3746271 CTime:2355us AvgCTime:2429us MaxCTime:4379us MinCTime:2139us Jit:-245us JitMax:1939us JitMin:-1348us"
07.10.2024 06:18:54.001: Cmp=PsSysTask, C=1, E=0, M="TASK_DIAGN State:8257 IecCCnt:74926 CCnt:74926 CTime:40106us AvgCTime:41308us MaxCTime:56475us MinCTime:36231us Jit:244us JitMax:5483us JitMin:-3574us"
07.10.2024 06:23:55.008: Cmp=PsSysTask, C=1, E=0, M="AlarmManagerTask State:8257 IecCCnt:967113 CCnt:967113 CTime:92us AvgCTime:685us MaxCTime:394883us MinCTime:66us Jit:-26us JitMax:4315796us JitMin:-49904us"
07.10.2024 06:23:55.008: Cmp=PsSysTask, C=1, E=0, M="RedundancyTask State:8257 IecCCnt:1504669 CCnt:1504669 CTime:60us AvgCTime:101us MaxCTime:1408us MinCTime:34us Jit:0us JitMax:1474us JitMin:-1212us"
07.10.2024 06:23:55.008: Cmp=PsSysTask, C=1, E=0, M="Modbus State:8257 IecCCnt:150453 CCnt:150453 CTime:30us AvgCTime:33us MaxCTime:2654us MinCTime:20us Jit:256us JitMax:2828us JitMin:-3123us"
07.10.2024 06:23:55.008: Cmp=PsSysTask, C=1, E=0, M="VISU_TASK State:8257 IecCCnt:366976 CCnt:366976 CTime:85us AvgCTime:109834us MaxCTime:890102us MinCTime:37us Jit:142978us JitMax:4328256us JitMin:-199924us"
07.10.2024 06:23:55.008: Cmp=PsSysTask, C=1, E=0, M="TASK_PLC_PRG State:8257 IecCCnt:3761322 CCnt:3761322 CTime:2213us AvgCTime:2429us MaxCTime:4379us MinCTime:2139us Jit:104us JitMax:1939us JitMin:-1348us"
07.10.2024 06:23:55.008: Cmp=PsSysTask, C=1, E=0, M="TASK_DIAGN State:8257 IecCCnt:75227 CCnt:75227 CTime:40441us AvgCTime:41308us MaxCTime:56475us MinCTime:36231us Jit:-150us JitMax:5483us JitMin:-3574us"
07.10.2024 06:28:56.004: Cmp=PsSysTask, C=1, E=0, M="AlarmManagerTask State:8257 IecCCnt:970946 CCnt:970946 CTime:102us AvgCTime:685us MaxCTime:394883us MinCTime:66us Jit:84us JitMax:4315796us JitMin:-49904us"
07.10.2024 06:28:56.004: Cmp=PsSysTask, C=1, E=0, M="RedundancyTask State:8257 IecCCnt:1510690 CCnt:1510690 CTime:67us AvgCTime:101us MaxCTime:1408us MinCTime:34us Jit:-14us JitMax:1474us JitMin:-1212us"
07.10.2024 06:28:56.004: Cmp=PsSysTask, C=1, E=0, M="Modbus State:8257 IecCCnt:151055 CCnt:151055 CTime:25us AvgCTime:33us MaxCTime:2654us MinCTime:20us Jit:656us JitMax:2828us JitMin:-3123us"
07.10.2024 06:28:56.004: Cmp=PsSysTask, C=1, E=0, M="VISU_TASK State:8257 IecCCnt:368444 CCnt:368444 CTime:83us AvgCTime:109838us MaxCTime:890102us MinCTime:37us Jit:-129504us JitMax:4328256us JitMin:-199924us"
07.10.2024 06:28:56.004: Cmp=PsSysTask, C=1, E=0, M="TASK_PLC_PRG State:8257 IecCCnt:3776373 CCnt:3776373 CTime:2211us AvgCTime:2429us MaxCTime:4379us MinCTime:2139us Jit:15us JitMax:1939us JitMin:-1348us"
07.10.2024 06:28:56.004: Cmp=PsSysTask, C=1, E=0, M="TASK_DIAGN State:8257 IecCCnt:75528 CCnt:75528 CTime:40104us AvgCTime:41309us MaxCTime:56475us MinCTime:36231us Jit:-164us JitMax:5483us JitMin:-3574us"
07.10.2024 06:33:57.005: Cmp=PsSysTask, C=1, E=0, M="AlarmManagerTask State:8257 IecCCnt:974780 CCnt:974780 CTime:102us AvgCTime:685us MaxCTime:394883us MinCTime:66us Jit:2034us JitMax:4315796us JitMin:-49904us"
07.10.2024 06:33:57.005: Cmp=PsSysTask, C=1, E=0, M="RedundancyTask State:8257 IecCCnt:1516711 CCnt:1516711 CTime:61us AvgCTime:101us MaxCTime:1408us MinCTime:34us Jit:-317us JitMax:1474us JitMin:-1212us"
07.10.2024 06:33:57.005: Cmp=PsSysTask, C=1, E=0, M="Modbus State:8257 IecCCnt:151657 CCnt:151657 CTime:24us AvgCTime:33us MaxCTime:2654us MinCTime:20us Jit:42us JitMax:2828us JitMin:-3123us"
07.10.2024 06:33:57.005: Cmp=PsSysTask, C=1, E=0, M="VISU_TASK State:8257 IecCCnt:369913 CCnt:369913 CTime:88us AvgCTime:109846us MaxCTime:890102us MinCTime:37us Jit:-107819us JitMax:4328256us JitMin:-199924us"
07.10.2024 06:33:57.005: Cmp=PsSysTask, C=1, E=0, M="TASK_PLC_PRG State:8257 IecCCnt:3791424 CCnt:3791424 CTime:2433us AvgCTime:2429us MaxCTime:4379us MinCTime:2139us Jit:-154us JitMax:1939us JitMin:-1348us"
07.10.2024 06:33:57.005: Cmp=PsSysTask, C=1, E=0, M="TASK_DIAGN State:8257 IecCCnt:75829 CCnt:75829 CTime:40770us AvgCTime:41310us MaxCTime:56475us MinCTime:36231us Jit:-42us JitMax:5483us JitMin:-3574us"
07.10.2024 06:38:58.011: Cmp=PsSysTask, C=1, E=0, M="AlarmManagerTask State:8257 IecCCnt:978567 CCnt:978567 CTime:106us AvgCTime:685us MaxCTime:394883us MinCTime:66us Jit:762us JitMax:4315796us JitMin:-49904us"
07.10.2024 06:38:58.011: Cmp=PsSysTask, C=1, E=0, M="RedundancyTask State:8257 IecCCnt:1522732 CCnt:1522732 CTime:65us AvgCTime:101us MaxCTime:1408us MinCTime:34us Jit:-7us JitMax:1474us JitMin:-1212us"
07.10.2024 06:38:58.011: Cmp=PsSysTask, C=1, E=0, M="Modbus State:8257 IecCCnt:152260 CCnt:152260 CTime:25us AvgCTime:33us MaxCTime:2654us MinCTime:20us Jit:21us JitMax:2828us JitMin:-3123us"
07.10.2024 06:38:58.011: Cmp=PsSysTask, C=1, E=0, M="VISU_TASK State:8259 IecCCnt:371362 CCnt:371362 CTime:86us AvgCTime:109867us MaxCTime:890102us MinCTime:37us Jit:-52038us JitMax:4328256us JitMin:-199924us"
07.10.2024 06:38:58.011: Cmp=PsSysTask, C=1, E=0, M="TASK_PLC_PRG State:8257 IecCCnt:3806475 CCnt:3806475 CTime:2236us AvgCTime:2429us MaxCTime:4379us MinCTime:2139us Jit:104us JitMax:1939us JitMin:-1348us"
07.10.2024 06:38:58.011: Cmp=PsSysTask, C=1, E=0, M="TASK_DIAGN State:8257 IecCCnt:76130 CCnt:76130 CTime:49811us AvgCTime:41308us MaxCTime:56475us MinCTime:36231us Jit:-485us JitMax:5483us JitMin:-3574us"
07.10.2024 06:43:59.005: Cmp=PsSysTask, C=1, E=0, M="AlarmManagerTask State:8257 IecCCnt:982384 CCnt:982384 CTime:3577us AvgCTime:685us MaxCTime:394883us MinCTime:66us Jit:15288us JitMax:4315796us JitMin:-49904us"
07.10.2024 06:43:59.005: Cmp=PsSysTask, C=1, E=0, M="RedundancyTask State:8257 IecCCnt:1528753 CCnt:1528753 CTime:63us AvgCTime:101us MaxCTime:1408us MinCTime:34us Jit:306us JitMax:1474us JitMin:-1212us"
07.10.2024 06:43:59.005: Cmp=PsSysTask, C=1, E=0, M="Modbus State:8257 IecCCnt:152862 CCnt:152862 CTime:33us AvgCTime:33us MaxCTime:2654us MinCTime:20us Jit:-67us JitMax:2828us JitMin:-3123us"
07.10.2024 06:43:59.005: Cmp=PsSysTask, C=1, E=0, M="VISU_TASK State:8259 IecCCnt:372824 CCnt:372824 CTime:68us AvgCTime:109875us MaxCTime:890102us MinCTime:37us Jit:86222us JitMax:4328256us JitMin:-199924us"
07.10.2024 06:43:59.005: Cmp=PsSysTask, C=1, E=0, M="TASK_PLC_PRG State:8257 IecCCnt:3821526 CCnt:3821526 CTime:2263us AvgCTime:2429us MaxCTime:4379us MinCTime:2139us Jit:10us JitMax:1939us JitMin:-1348us"
07.10.2024 06:43:59.005: Cmp=PsSysTask, C=1, E=0, M="TASK_DIAGN State:8257 IecCCnt:76431 CCnt:76431 CTime:40599us AvgCTime:41307us MaxCTime:56475us MinCTime:36231us Jit:-133us JitMax:5483us JitMin:-3574us"
07.10.2024 06:49:00.001: Cmp=PsSysTask, C=1, E=0, M="AlarmManagerTask State:8257 IecCCnt:986240 CCnt:986240 CTime:106us AvgCTime:685us MaxCTime:394883us MinCTime:66us Jit:4790us JitMax:4315796us JitMin:-49904us"
07.10.2024 06:49:00.001: Cmp=PsSysTask, C=1, E=0, M="RedundancyTask State:8257 IecCCnt:1534774 CCnt:1534774 CTime:66us AvgCTime:101us MaxCTime:1408us MinCTime:34us Jit:298us JitMax:1474us JitMin:-1212us"
07.10.2024 06:49:00.001: Cmp=PsSysTask, C=1, E=0, M="Modbus State:8257 IecCCnt:153464 CCnt:153464 CTime:26us AvgCTime:33us MaxCTime:2654us MinCTime:20us Jit:-459us JitMax:2828us JitMin:-3123us"
07.10.2024 06:49:00.001: Cmp=PsSysTask, C=1, E=0, M="VISU_TASK State:8259 IecCCnt:374295 CCnt:374295 CTime:351214us AvgCTime:109880us MaxCTime:890102us MinCTime:37us Jit:-27927us JitMax:4328256us JitMin:-199924us"
07.10.2024 06:49:00.001: Cmp=PsSysTask, C=1, E=0, M="TASK_PLC_PRG State:8257 IecCCnt:3836577 CCnt:3836577 CTime:2476us AvgCTime:2429us MaxCTime:4379us MinCTime:2139us Jit:-297us JitMax:1939us JitMin:-1348us"
07.10.2024 06:49:00.001: Cmp=PsSysTask, C=1, E=0, M="TASK_DIAGN State:8257 IecCCnt:76732 CCnt:76732 CTime:41140us AvgCTime:41308us MaxCTime:56475us MinCTime:36231us Jit:-155us JitMax:5483us JitMin:-3574us"
07.10.2024 06:54:01.006: Cmp=PsSysTask, C=1, E=0, M="AlarmManagerTask State:8257 IecCCnt:990025 CCnt:990025 CTime:2729us AvgCTime:686us MaxCTime:394883us MinCTime:66us Jit:164539us JitMax:4315796us JitMin:-49904us"
07.10.2024 06:54:01.006: Cmp=PsSysTask, C=1, E=0, M="RedundancyTask State:8257 IecCCnt:1540795 CCnt:1540795 CTime:311us AvgCTime:101us MaxCTime:1408us MinCTime:34us Jit:-383us JitMax:1474us JitMin:-1212us"
07.10.2024 06:54:01.006: Cmp=PsSysTask, C=1, E=0, M="Modbus State:8257 IecCCnt:154066 CCnt:154066 CTime:27us AvgCTime:33us MaxCTime:2654us MinCTime:20us Jit:-26us JitMax:2867us JitMin:-3459us"
07.10.2024 06:54:01.006: Cmp=PsSysTask, C=1, E=0, M="VISU_TASK State:8257 IecCCnt:375757 CCnt:375757 CTime:63us AvgCTime:109896us MaxCTime:890102us MinCTime:37us Jit:102520us JitMax:4328256us JitMin:-199924us"
07.10.2024 06:54:01.006: Cmp=PsSysTask, C=1, E=0, M="TASK_PLC_PRG State:8257 IecCCnt:3851627 CCnt:3851627 CTime:2341us AvgCTime:2430us MaxCTime:4379us MinCTime:2139us Jit:-7us JitMax:1939us JitMin:-1348us"
07.10.2024 06:54:01.006: Cmp=PsSysTask, C=1, E=0, M="TASK_DIAGN State:8257 IecCCnt:77033 CCnt:77033 CTime:42880us AvgCTime:41312us MaxCTime:56475us MinCTime:36231us Jit:-186us JitMax:5483us JitMin:-3574us"
07.10.2024 06:59:02.002: Cmp=PsSysTask, C=1, E=0, M="AlarmManagerTask State:8257 IecCCnt:993852 CCnt:993852 CTime:98us AvgCTime:685us MaxCTime:394883us MinCTime:66us Jit:9942us JitMax:4315796us JitMin:-49904us"
07.10.2024 06:59:02.002: Cmp=PsSysTask, C=1, E=0, M="RedundancyTask State:8257 IecCCnt:1546816 CCnt:1546816 CTime:71us AvgCTime:101us MaxCTime:1408us MinCTime:34us Jit:283us JitMax:1474us JitMin:-1212us"
07.10.2024 06:59:02.002: Cmp=PsSysTask, C=1, E=0, M="Modbus State:8257 IecCCnt:154668 CCnt:154668 CTime:25us AvgCTime:33us MaxCTime:2654us MinCTime:20us Jit:-30us JitMax:2867us JitMin:-3459us"
07.10.2024 06:59:02.002: Cmp=PsSysTask, C=1, E=0, M="VISU_TASK State:8259 IecCCnt:377218 CCnt:377218 CTime:87us AvgCTime:109904us MaxCTime:890102us MinCTime:37us Jit:-96202us JitMax:4328256us JitMin:-199924us"
07.10.2024 06:59:02.002: Cmp=PsSysTask, C=1, E=0, M="TASK_PLC_PRG State:8257 IecCCnt:3866678 CCnt:3866678 CTime:2246us AvgCTime:2429us MaxCTime:4379us MinCTime:2139us Jit:1us JitMax:1939us JitMin:-1348us"
07.10.2024 06:59:02.002: Cmp=PsSysTask, C=1, E=0, M="TASK_DIAGN State:8259 IecCCnt:77334 CCnt:77334 CTime:41121us AvgCTime:41315us MaxCTime:56475us MinCTime:36231us Jit:-313us JitMax:5483us JitMin:-3574us"
07.10.2024 07:04:03.011: Cmp=PsSysTask, C=1, E=0, M="AlarmManagerTask State:8257 IecCCnt:997659 CCnt:997659 CTime:106us AvgCTime:685us MaxCTime:394883us MinCTime:66us Jit:964us JitMax:4315796us JitMin:-49904us"
07.10.2024 07:04:03.011: Cmp=PsSysTask, C=1, E=0, M="RedundancyTask State:8257 IecCCnt:1552837 CCnt:1552837 CTime:51us AvgCTime:101us MaxCTime:1408us MinCTime:34us Jit:25us JitMax:1474us JitMin:-1212us"
07.10.2024 07:04:03.011: Cmp=PsSysTask, C=1, E=0, M="Modbus State:8257 IecCCnt:155270 CCnt:155270 CTime:26us AvgCTime:33us MaxCTime:2654us MinCTime:20us Jit:-53us JitMax:2867us JitMin:-3459us"
07.10.2024 07:04:03.011: Cmp=PsSysTask, C=1, E=0, M="VISU_TASK State:8259 IecCCnt:378677 CCnt:378677 CTime:84us AvgCTime:109923us MaxCTime:890102us MinCTime:37us Jit:-154676us JitMax:4328256us JitMin:-199924us"
07.10.2024 07:04:03.011: Cmp=PsSysTask, C=1, E=0, M="TASK_PLC_PRG State:8257 IecCCnt:3881728 CCnt:3881728 CTime:2592us AvgCTime:2430us MaxCTime:4379us MinCTime:2139us Jit:-20us JitMax:1939us JitMin:-1348us"
07.10.2024 07:04:03.011: Cmp=PsSysTask, C=1, E=0, M="TASK_DIAGN State:8259 IecCCnt:77635 CCnt:77635 CTime:41673us AvgCTime:41320us MaxCTime:56475us MinCTime:36231us Jit:-428us JitMax:5483us JitMin:-3574us"
07.10.2024 07:09:04.010: Cmp=PsSysTask, C=1, E=0, M="AlarmManagerTask State:8257 IecCCnt:1001501 CCnt:1001501 CTime:107us AvgCTime:685us MaxCTime:394883us MinCTime:66us Jit:-330us JitMax:4315796us JitMin:-49904us"
07.10.2024 07:09:04.010: Cmp=PsSysTask, C=1, E=0, M="RedundancyTask State:8257 IecCCnt:1558858 CCnt:1558858 CTime:61us AvgCTime:101us MaxCTime:1408us MinCTime:34us Jit:-10us JitMax:1474us JitMin:-1212us"
07.10.2024 07:09:04.010: Cmp=PsSysTask, C=1, E=0, M="Modbus State:8257 IecCCnt:155872 CCnt:155872 CTime:23us AvgCTime:33us MaxCTime:2654us MinCTime:20us Jit:434us JitMax:2867us JitMin:-3459us"
07.10.2024 07:09:04.010: Cmp=PsSysTask, C=1, E=0, M="VISU_TASK State:8257 IecCCnt:380144 CCnt:380144 CTime:85us AvgCTime:109926us MaxCTime:890102us MinCTime:37us Jit:-130424us JitMax:4328256us JitMin:-199924us"
07.10.2024 07:09:04.010: Cmp=PsSysTask, C=1, E=0, M="TASK_PLC_PRG State:8257 IecCCnt:3896778 CCnt:3896778 CTime:2303us AvgCTime:2430us MaxCTime:4379us MinCTime:2139us Jit:-12us JitMax:1939us JitMin:-1348us"
07.10.2024 07:09:04.010: Cmp=PsSysTask, C=1, E=0, M="TASK_DIAGN State:8259 IecCCnt:77936 CCnt:77936 CTime:43599us AvgCTime:41325us MaxCTime:56475us MinCTime:36231us Jit:132us JitMax:5483us JitMin:-3574us"
07.10.2024 07:14:05.007: Cmp=PsSysTask, C=1, E=0, M="AlarmManagerTask State:8257 IecCCnt:1005337 CCnt:1005337 CTime:106us AvgCTime:686us MaxCTime:394883us MinCTime:66us Jit:-1224us JitMax:4315796us JitMin:-49904us"
07.10.2024 07:14:05.007: Cmp=PsSysTask, C=1, E=0, M="RedundancyTask State:8257 IecCCnt:1564879 CCnt:1564879 CTime:63us AvgCTime:101us MaxCTime:1408us MinCTime:34us Jit:9us JitMax:1474us JitMin:-1212us"
07.10.2024 07:14:05.007: Cmp=PsSysTask, C=1, E=0, M="Modbus State:8257 IecCCnt:156474 CCnt:156474 CTime:24us AvgCTime:33us MaxCTime:2654us MinCTime:20us Jit:193us JitMax:2867us JitMin:-3459us"
07.10.2024 07:14:05.007: Cmp=PsSysTask, C=1, E=0, M="VISU_TASK State:8259 IecCCnt:381603 CCnt:381603 CTime:87us AvgCTime:109936us MaxCTime:890102us MinCTime:37us Jit:-130563us JitMax:4328256us JitMin:-199924us"
07.10.2024 07:14:05.011: Cmp=PsSysTask, C=1, E=0, M="TASK_PLC_PRG State:8257 IecCCnt:3911830 CCnt:3911830 CTime:2363us AvgCTime:2430us MaxCTime:4379us MinCTime:2139us Jit:-83us JitMax:1939us JitMin:-1348us"
07.10.2024 07:14:05.011: Cmp=PsSysTask, C=1, E=0, M="TASK_DIAGN State:8257 IecCCnt:78238 CCnt:78238 CTime:40920us AvgCTime:41327us MaxCTime:56475us MinCTime:36231us Jit:-143us JitMax:5483us JitMin:-3574us"
07.10.2024 07:19:06.011: Cmp=PsSysTask, C=1, E=0, M="AlarmManagerTask State:8257 IecCCnt:1009126 CCnt:1009126 CTime:100us AvgCTime:686us MaxCTime:394883us MinCTime:66us Jit:4135us JitMax:4315796us JitMin:-49904us"
07.10.2024 07:19:06.012: Cmp=PsSysTask, C=1, E=0, M="RedundancyTask State:8257 IecCCnt:1570900 CCnt:1570900 CTime:62us AvgCTime:101us MaxCTime:1408us MinCTime:34us Jit:290us JitMax:1474us JitMin:-1212us"
07.10.2024 07:19:06.012: Cmp=PsSysTask, C=1, E=0, M="Modbus State:8257 IecCCnt:157076 CCnt:157076 CTime:26us AvgCTime:33us MaxCTime:3005us MinCTime:20us Jit:-558us JitMax:2867us JitMin:-3459us"
07.10.2024 07:19:06.012: Cmp=PsSysTask, C=1, E=0, M="VISU_TASK State:8259 IecCCnt:383061 CCnt:383061 CTime:85us AvgCTime:109953us MaxCTime:890102us MinCTime:37us Jit:-131302us JitMax:4328256us JitMin:-199924us"
07.10.2024 07:19:06.012: Cmp=PsSysTask, C=1, E=0, M="TASK_PLC_PRG State:8257 IecCCnt:3926880 CCnt:3926880 CTime:2203us AvgCTime:2430us MaxCTime:4379us MinCTime:2139us Jit:362us JitMax:1939us JitMin:-1348us"
07.10.2024 07:19:06.012: Cmp=PsSysTask, C=1, E=0, M="TASK_DIAGN State:8257 IecCCnt:78539 CCnt:78539 CTime:41384us AvgCTime:41328us MaxCTime:56475us MinCTime:36231us Jit:-428us JitMax:5483us JitMin:-3574us"
07.10.2024 07:24:07.003: Cmp=PsSysTask, C=1, E=0, M="AlarmManagerTask State:8257 IecCCnt:1012937 CCnt:1012937 CTime:105us AvgCTime:686us MaxCTime:394883us MinCTime:66us Jit:-259us JitMax:4315796us JitMin:-49904us"
07.10.2024 07:24:07.003: Cmp=PsSysTask, C=1, E=0, M="RedundancyTask State:8257 IecCCnt:1576920 CCnt:1576920 CTime:63us AvgCTime:101us MaxCTime:1408us MinCTime:34us Jit:-23us JitMax:1474us JitMin:-1212us"
07.10.2024 07:24:07.003: Cmp=PsSysTask, C=1, E=0, M="Modbus State:8257 IecCCnt:157678 CCnt:157678 CTime:25us AvgCTime:33us MaxCTime:3005us MinCTime:20us Jit:154us JitMax:2867us JitMin:-3459us"
07.10.2024 07:24:07.003: Cmp=PsSysTask, C=1, E=0, M="VISU_TASK State:8257 IecCCnt:384526 CCnt:384526 CTime:65us AvgCTime:109961us MaxCTime:890102us MinCTime:37us Jit:127961us JitMax:4328256us JitMin:-199924us"
07.10.2024 07:24:07.003: Cmp=PsSysTask, C=1, E=0, M="TASK_PLC_PRG State:8257 IecCCnt:3941930 CCnt:3941930 CTime:2285us AvgCTime:2430us MaxCTime:4379us MinCTime:2139us Jit:-2us JitMax:1939us JitMin:-1348us"
07.10.2024 07:24:07.003: Cmp=PsSysTask, C=1, E=0, M="TASK_DIAGN State:8257 IecCCnt:78840 CCnt:78840 CTime:47742us AvgCTime:41327us MaxCTime:56475us MinCTime:36231us Jit:-461us JitMax:5483us JitMin:-3574us"
07.10.2024 07:29:08.000: Cmp=PsSysTask, C=1, E=0, M="AlarmManagerTask State:8257 IecCCnt:1016777 CCnt:1016777 CTime:90us AvgCTime:686us MaxCTime:394883us MinCTime:66us Jit:215366us JitMax:4315796us JitMin:-49904us"
07.10.2024 07:29:08.000: Cmp=PsSysTask, C=1, E=0, M="RedundancyTask State:8257 IecCCnt:1582941 CCnt:1582941 CTime:287us AvgCTime:101us MaxCTime:1408us MinCTime:34us Jit:-14us JitMax:1474us JitMin:-1295us"
07.10.2024 07:29:08.000: Cmp=PsSysTask, C=1, E=0, M="Modbus State:8257 IecCCnt:158280 CCnt:158280 CTime:24us AvgCTime:33us MaxCTime:3005us MinCTime:20us Jit:78us JitMax:2867us JitMin:-3459us"
07.10.2024 07:29:08.000: Cmp=PsSysTask, C=1, E=0, M="VISU_TASK State:8257 IecCCnt:385992 CCnt:385992 CTime:66us AvgCTime:109970us MaxCTime:890102us MinCTime:37us Jit:128313us JitMax:4328256us JitMin:-199924us"
07.10.2024 07:29:08.000: Cmp=PsSysTask, C=1, E=0, M="TASK_PLC_PRG State:8257 IecCCnt:3956981 CCnt:3956981 CTime:2601us AvgCTime:2430us MaxCTime:4379us MinCTime:2139us Jit:-6us JitMax:1939us JitMin:-1348us"
07.10.2024 07:29:08.000: Cmp=PsSysTask, C=1, E=0, M="TASK_DIAGN State:8257 IecCCnt:79141 CCnt:79141 CTime:42087us AvgCTime:41324us MaxCTime:56475us MinCTime:36231us Jit:315us JitMax:5483us JitMin:-3574us"
07.10.2024 07:34:09.000: Cmp=PsSysTask, C=1, E=0, M="AlarmManagerTask State:8257 IecCCnt:1020586 CCnt:1020586 CTime:108us AvgCTime:686us MaxCTime:394883us MinCTime:66us Jit:-175us JitMax:4315796us JitMin:-49904us"
07.10.2024 07:34:09.000: Cmp=PsSysTask, C=1, E=0, M="RedundancyTask State:8257 IecCCnt:1588962 CCnt:1588962 CTime:61us AvgCTime:101us MaxCTime:1408us MinCTime:34us Jit:9us JitMax:1474us JitMin:-1295us"
07.10.2024 07:34:09.000: Cmp=PsSysTask, C=1, E=0, M="Modbus State:8257 IecCCnt:158882 CCnt:158882 CTime:26us AvgCTime:33us MaxCTime:3005us MinCTime:20us Jit:-104us JitMax:2867us JitMin:-3459us"
07.10.2024 07:34:09.000: Cmp=PsSysTask, C=1, E=0, M="VISU_TASK State:8259 IecCCnt:387456 CCnt:387456 CTime:88us AvgCTime:109983us MaxCTime:890102us MinCTime:37us Jit:-62502us JitMax:4328256us JitMin:-199924us"
07.10.2024 07:34:09.000: Cmp=PsSysTask, C=1, E=0, M="TASK_PLC_PRG State:8257 IecCCnt:3972032 CCnt:3972032 CTime:2232us AvgCTime:2430us MaxCTime:4409us MinCTime:2139us Jit:0us JitMax:1939us JitMin:-1348us"
07.10.2024 07:34:09.000: Cmp=PsSysTask, C=1, E=0, M="TASK_DIAGN State:8257 IecCCnt:79442 CCnt:79442 CTime:42858us AvgCTime:41325us MaxCTime:56475us MinCTime:36231us Jit:-226us JitMax:5483us JitMin:-3574us"
07.10.2024 07:39:10.011: Cmp=PsSysTask, C=1, E=0, M="AlarmManagerTask State:8257 IecCCnt:1024433 CCnt:1024433 CTime:107us AvgCTime:686us MaxCTime:394883us MinCTime:66us Jit:992us JitMax:4315796us JitMin:-49904us"
07.10.2024 07:39:10.011: Cmp=PsSysTask, C=1, E=0, M="RedundancyTask State:8257 IecCCnt:1594983 CCnt:1594983 CTime:66us AvgCTime:101us MaxCTime:1408us MinCTime:34us Jit:-13us JitMax:1474us JitMin:-1295us"
07.10.2024 07:39:10.011: Cmp=PsSysTask, C=1, E=0, M="Modbus State:8257 IecCCnt:159484 CCnt:159484 CTime:28us AvgCTime:33us MaxCTime:3005us MinCTime:20us Jit:-79us JitMax:2867us JitMin:-3459us"
07.10.2024 07:39:10.011: Cmp=PsSysTask, C=1, E=0, M="VISU_TASK State:8257 IecCCnt:388919 CCnt:388919 CTime:90us AvgCTime:109990us MaxCTime:890102us MinCTime:37us Jit:-78154us JitMax:4328256us JitMin:-199924us"
07.10.2024 07:39:10.011: Cmp=PsSysTask, C=1, E=0, M="TASK_PLC_PRG State:8257 IecCCnt:3987083 CCnt:3987083 CTime:2746us AvgCTime:2430us MaxCTime:4409us MinCTime:2139us Jit:7us JitMax:1939us JitMin:-1348us"
07.10.2024 07:39:10.011: Cmp=PsSysTask, C=1, E=0, M="TASK_DIAGN State:8257 IecCCnt:79743 CCnt:79743 CTime:40955us AvgCTime:41326us MaxCTime:56475us MinCTime:36231us Jit:33us JitMax:5483us JitMin:-3574us"
07.10.2024 07:44:11.000: Cmp=PsSysTask, C=1, E=0, M="AlarmManagerTask State:8257 IecCCnt:1028243 CCnt:1028243 CTime:106us AvgCTime:687us MaxCTime:394883us MinCTime:66us Jit:11061us JitMax:4315796us JitMin:-49904us"
07.10.2024 07:44:11.000: Cmp=PsSysTask, C=1, E=0, M="RedundancyTask State:8257 IecCCnt:1601004 CCnt:1601004 CTime:67us AvgCTime:101us MaxCTime:1408us MinCTime:34us Jit:-12us JitMax:1474us JitMin:-1295us"
07.10.2024 07:44:11.000: Cmp=PsSysTask, C=1, E=0, M="Modbus State:8257 IecCCnt:160086 CCnt:160086 CTime:36us AvgCTime:33us MaxCTime:3005us MinCTime:20us Jit:243us JitMax:2867us JitMin:-3459us"
07.10.2024 07:44:11.000: Cmp=PsSysTask, C=1, E=0, M="VISU_TASK State:8259 IecCCnt:390380 CCnt:390380 CTime:89us AvgCTime:110000us MaxCTime:890102us MinCTime:37us Jit:-133570us JitMax:4328256us JitMin:-199924us"
07.10.2024 07:44:11.000: Cmp=PsSysTask, C=1, E=0, M="TASK_PLC_PRG State:8257 IecCCnt:4002133 CCnt:4002133 CTime:2224us AvgCTime:2430us MaxCTime:4409us MinCTime:2139us Jit:2us JitMax:1939us JitMin:-1348us"
07.10.2024 07:44:11.000: Cmp=PsSysTask, C=1, E=0, M="TASK_DIAGN State:8257 IecCCnt:80044 CCnt:80044 CTime:40782us AvgCTime:41327us MaxCTime:56475us MinCTime:36231us Jit:-128us JitMax:5483us JitMin:-3574us"
07.10.2024 07:49:12.005: Cmp=PsSysTask, C=1, E=0, M="AlarmManagerTask State:8257 IecCCnt:1032052 CCnt:1032052 CTime:107us AvgCTime:686us MaxCTime:394883us MinCTime:66us Jit:5016us JitMax:4315796us JitMin:-49904us"
07.10.2024 07:49:12.005: Cmp=PsSysTask, C=1, E=0, M="RedundancyTask State:8257 IecCCnt:1607025 CCnt:1607025 CTime:64us AvgCTime:101us MaxCTime:1408us MinCTime:34us Jit:314us JitMax:1474us JitMin:-1295us"
07.10.2024 07:49:12.005: Cmp=PsSysTask, C=1, E=0, M="Modbus State:8257 IecCCnt:160688 CCnt:160688 CTime:27us AvgCTime:33us MaxCTime:3005us MinCTime:20us Jit:-87us JitMax:2867us JitMin:-3459us"
07.10.2024 07:49:12.006: Cmp=PsSysTask, C=1, E=0, M="VISU_TASK State:8257 IecCCnt:391846 CCnt:391846 CTime:89us AvgCTime:110009us MaxCTime:890102us MinCTime:37us Jit:-150089us JitMax:4328256us JitMin:-199924us"
07.10.2024 07:49:12.006: Cmp=PsSysTask, C=1, E=0, M="TASK_PLC_PRG State:8257 IecCCnt:4017184 CCnt:4017184 CTime:2829us AvgCTime:2430us MaxCTime:4409us MinCTime:2139us Jit:-17us JitMax:1939us JitMin:-1348us"
07.10.2024 07:49:12.006: Cmp=PsSysTask, C=1, E=0, M="TASK_DIAGN State:8257 IecCCnt:80345 CCnt:80345 CTime:40708us AvgCTime:41328us MaxCTime:56475us MinCTime:36231us Jit:-159us JitMax:5483us JitMin:-3574us"
07.10.2024 07:54:13.008: Cmp=PsSysTask, C=1, E=0, M="AlarmManagerTask State:8257 IecCCnt:1035871 CCnt:1035871 CTime:114us AvgCTime:686us MaxCTime:394883us MinCTime:66us Jit:-492us JitMax:4315796us JitMin:-49904us"
07.10.2024 07:54:13.008: Cmp=PsSysTask, C=1, E=0, M="RedundancyTask State:8257 IecCCnt:1613046 CCnt:1613046 CTime:56us AvgCTime:101us MaxCTime:1408us MinCTime:34us Jit:-20us JitMax:1474us JitMin:-1295us"
07.10.2024 07:54:13.008: Cmp=PsSysTask, C=1, E=0, M="Modbus State:8257 IecCCnt:161290 CCnt:161290 CTime:39us AvgCTime:33us MaxCTime:3005us MinCTime:20us Jit:222us JitMax:2867us JitMin:-3459us"
07.10.2024 07:54:13.008: Cmp=PsSysTask, C=1, E=0, M="VISU_TASK State:8257 IecCCnt:393314 CCnt:393314 CTime:67us AvgCTime:110018us MaxCTime:890102us MinCTime:37us Jit:37238us JitMax:4328256us JitMin:-199924us"
07.10.2024 07:54:13.008: Cmp=PsSysTask, C=1, E=0, M="TASK_PLC_PRG State:8257 IecCCnt:4032236 CCnt:4032236 CTime:2902us AvgCTime:2430us MaxCTime:4409us MinCTime:2139us Jit:-631us JitMax:1939us JitMin:-1348us"
07.10.2024 07:54:13.008: Cmp=PsSysTask, C=1, E=0, M="TASK_DIAGN State:8257 IecCCnt:80646 CCnt:80646 CTime:41161us AvgCTime:41323us MaxCTime:56475us MinCTime:36231us Jit:-150us JitMax:5483us JitMin:-3574us"
07.10.2024 07:59:14.000: Cmp=PsSysTask, C=1, E=0, M="AlarmManagerTask State:8259 IecCCnt:1039801 CCnt:1039801 CTime:101us AvgCTime:685us MaxCTime:394883us MinCTime:66us Jit:10166us JitMax:4315796us JitMin:-49904us"
07.10.2024 07:59:14.000: Cmp=PsSysTask, C=1, E=0, M="RedundancyTask State:8257 IecCCnt:1619067 CCnt:1619067 CTime:57us AvgCTime:101us MaxCTime:1408us MinCTime:34us Jit:1us JitMax:1474us JitMin:-1295us"
07.10.2024 07:59:14.000: Cmp=PsSysTask, C=1, E=0, M="Modbus State:8257 IecCCnt:161892 CCnt:161892 CTime:28us AvgCTime:33us MaxCTime:3005us MinCTime:20us Jit:-116us JitMax:2867us JitMin:-3459us"
07.10.2024 07:59:14.000: Cmp=PsSysTask, C=1, E=0, M="VISU_TASK State:8259 IecCCnt:394784 CCnt:394784 CTime:379084us AvgCTime:110003us MaxCTime:890102us MinCTime:37us Jit:285us JitMax:4328256us JitMin:-199924us"
07.10.2024 07:59:14.002: Cmp=PsSysTask, C=1, E=0, M="TASK_PLC_PRG State:8257 IecCCnt:4047286 CCnt:4047286 CTime:2252us AvgCTime:2430us MaxCTime:4409us MinCTime:2139us Jit:-16us JitMax:1939us JitMin:-1348us"
07.10.2024 07:59:14.002: Cmp=PsSysTask, C=1, E=0, M="TASK_DIAGN State:8257 IecCCnt:80947 CCnt:80947 CTime:42436us AvgCTime:41325us MaxCTime:56475us MinCTime:36231us Jit:-98us JitMax:5483us JitMin:-3574us"
07.10.2024 08:04:15.005: Cmp=PsSysTask, C=1, E=0, M="AlarmManagerTask State:8257 IecCCnt:1043938 CCnt:1043938 CTime:117us AvgCTime:685us MaxCTime:394883us MinCTime:66us Jit:215us JitMax:4315796us JitMin:-49904us"
07.10.2024 08:04:15.005: Cmp=PsSysTask, C=1, E=0, M="RedundancyTask State:8257 IecCCnt:1625088 CCnt:1625088 CTime:61us AvgCTime:101us MaxCTime:1408us MinCTime:34us Jit:-13us JitMax:1474us JitMin:-1295us"
07.10.2024 08:04:15.005: Cmp=PsSysTask, C=1, E=0, M="Modbus State:8257 IecCCnt:162494 CCnt:162494 CTime:25us AvgCTime:33us MaxCTime:3005us MinCTime:20us Jit:48us JitMax:2867us JitMin:-3459us"
07.10.2024 08:04:15.005: Cmp=PsSysTask, C=1, E=0, M="VISU_TASK State:8257 IecCCnt:396266 CCnt:396266 CTime:88us AvgCTime:109953us MaxCTime:890102us MinCTime:37us Jit:-37189us JitMax:4328256us JitMin:-199924us"
07.10.2024 08:04:15.005: Cmp=PsSysTask, C=1, E=0, M="TASK_PLC_PRG State:8257 IecCCnt:4062337 CCnt:4062337 CTime:3067us AvgCTime:2430us MaxCTime:4409us MinCTime:2139us Jit:-20us JitMax:1939us JitMin:-1348us"
07.10.2024 08:04:15.005: Cmp=PsSysTask, C=1, E=0, M="TASK_DIAGN State:8257 IecCCnt:81248 CCnt:81248 CTime:42747us AvgCTime:41326us MaxCTime:56475us MinCTime:36231us Jit:436us JitMax:5483us JitMin:-3574us"
07.10.2024 08:09:16.002: Cmp=PsSysTask, C=1, E=0, M="AlarmManagerTask State:8257 IecCCnt:1048213 CCnt:1048213 CTime:114us AvgCTime:683us MaxCTime:394883us MinCTime:66us Jit:-71us JitMax:4315796us JitMin:-49904us"
07.10.2024 08:09:16.003: Cmp=PsSysTask, C=1, E=0, M="RedundancyTask State:8257 IecCCnt:1631109 CCnt:1631109 CTime:63us AvgCTime:101us MaxCTime:1408us MinCTime:34us Jit:17us JitMax:1474us JitMin:-1295us"
07.10.2024 08:09:16.003: Cmp=PsSysTask, C=1, E=0, M="Modbus State:8257 IecCCnt:163096 CCnt:163096 CTime:25us AvgCTime:33us MaxCTime:3005us MinCTime:20us Jit:-55us JitMax:2867us JitMin:-3459us"
07.10.2024 08:09:16.003: Cmp=PsSysTask, C=1, E=0, M="VISU_TASK State:8259 IecCCnt:397760 CCnt:397760 CTime:85us AvgCTime:109875us MaxCTime:890102us MinCTime:37us Jit:-32355us JitMax:4328256us JitMin:-199924us"
07.10.2024 08:09:16.003: Cmp=PsSysTask, C=1, E=0, M="TASK_PLC_PRG State:8257 IecCCnt:4077388 CCnt:4077388 CTime:2304us AvgCTime:2430us MaxCTime:4409us MinCTime:2139us Jit:22us JitMax:1939us JitMin:-1348us"
07.10.2024 08:09:16.003: Cmp=PsSysTask, C=1, E=0, M="TASK_DIAGN State:8257 IecCCnt:81549 CCnt:81549 CTime:40739us AvgCTime:41327us MaxCTime:56475us MinCTime:36231us Jit:-66us JitMax:5483us JitMin:-3574us"
07.10.2024 08:14:17.009: Cmp=PsSysTask, C=1, E=0, M="AlarmManagerTask State:8257 IecCCnt:1052637 CCnt:1052637 CTime:100us AvgCTime:682us MaxCTime:394883us MinCTime:66us Jit:79us JitMax:4315796us JitMin:-49904us"
07.10.2024 08:14:17.009: Cmp=PsSysTask, C=1, E=0, M="RedundancyTask State:8257 IecCCnt:1637130 CCnt:1637130 CTime:122us AvgCTime:101us MaxCTime:1408us MinCTime:34us Jit:-9us JitMax:1474us JitMin:-1295us"
07.10.2024 08:14:17.009: Cmp=PsSysTask, C=1, E=0, M="Modbus State:8257 IecCCnt:163698 CCnt:163698 CTime:31us AvgCTime:33us MaxCTime:3005us MinCTime:20us Jit:-88us JitMax:2867us JitMin:-3459us"
07.10.2024 08:14:17.009: Cmp=PsSysTask, C=1, E=0, M="VISU_TASK State:8257 IecCCnt:399264 CCnt:399264 CTime:579us AvgCTime:109767us MaxCTime:890102us MinCTime:37us Jit:37604us JitMax:4328256us JitMin:-199924us"
07.10.2024 08:14:17.009: Cmp=PsSysTask, C=1, E=0, M="TASK_PLC_PRG State:8257 IecCCnt:4092439 CCnt:4092439 CTime:2559us AvgCTime:2430us MaxCTime:4409us MinCTime:2139us Jit:-2us JitMax:1939us JitMin:-1348us"
07.10.2024 08:14:17.009: Cmp=PsSysTask, C=1, E=0, M="TASK_DIAGN State:8257 IecCCnt:81850 CCnt:81850 CTime:40104us AvgCTime:41328us MaxCTime:56475us MinCTime:36231us Jit:-144us JitMax:5483us JitMin:-3574us"
07.10.2024 08:19:18.000: Cmp=PsSysTask, C=1, E=0, M="AlarmManagerTask State:8257 IecCCnt:1056861 CCnt:1056861 CTime:103us AvgCTime:681us MaxCTime:394883us MinCTime:66us Jit:20us JitMax:4315796us JitMin:-49904us"
07.10.2024 08:19:18.000: Cmp=PsSysTask, C=1, E=0, M="RedundancyTask State:8257 IecCCnt:1643150 CCnt:1643150 CTime:49us AvgCTime:101us MaxCTime:1408us MinCTime:34us Jit:-28us JitMax:1474us JitMin:-1295us"
07.10.2024 08:19:18.000: Cmp=PsSysTask, C=1, E=0, M="Modbus State:8257 IecCCnt:164300 CCnt:164300 CTime:27us AvgCTime:33us MaxCTime:3005us MinCTime:20us Jit:-215us JitMax:2867us JitMin:-3459us"
07.10.2024 08:19:18.000: Cmp=PsSysTask, C=1, E=0, M="VISU_TASK State:8257 IecCCnt:400756 CCnt:400756 CTime:85us AvgCTime:109697us MaxCTime:890102us MinCTime:37us Jit:-42590us JitMax:4328256us JitMin:-199924us"
07.10.2024 08:19:18.000: Cmp=PsSysTask, C=1, E=0, M="TASK_PLC_PRG State:8257 IecCCnt:4107490 CCnt:4107490 CTime:2279us AvgCTime:2430us MaxCTime:4409us MinCTime:2139us Jit:-19us JitMax:1939us JitMin:-1348us"
07.10.2024 08:19:18.000: Cmp=PsSysTask, C=1, E=0, M="TASK_DIAGN State:8257 IecCCnt:82151 CCnt:82151 CTime:40760us AvgCTime:41329us MaxCTime:56475us MinCTime:36231us Jit:-136us JitMax:5483us JitMin:-3574us"
07.10.2024 08:24:19.001: Cmp=PsSysTask, C=1, E=0, M="AlarmManagerTask State:8257 IecCCnt:1060660 CCnt:1060660 CTime:106us AvgCTime:681us MaxCTime:394883us MinCTime:66us Jit:4588us JitMax:4315796us JitMin:-49904us"
07.10.2024 08:24:19.001: Cmp=PsSysTask, C=1, E=0, M="RedundancyTask State:8257 IecCCnt:1649171 CCnt:1649171 CTime:64us AvgCTime:101us MaxCTime:1408us MinCTime:34us Jit:-9us JitMax:1474us JitMin:-1295us"
07.10.2024 08:24:19.001: Cmp=PsSysTask, C=1, E=0, M="Modbus State:8257 IecCCnt:164902 CCnt:164902 CTime:26us AvgCTime:33us MaxCTime:3005us MinCTime:20us Jit:-183us JitMax:2867us JitMin:-3459us"
07.10.2024 08:24:19.001: Cmp=PsSysTask, C=1, E=0, M="VISU_TASK State:8259 IecCCnt:402213 CCnt:402213 CTime:86us AvgCTime:109712us MaxCTime:890102us MinCTime:37us Jit:-92999us JitMax:4328256us JitMin:-199924us"
07.10.2024 08:24:19.001: Cmp=PsSysTask, C=1, E=0, M="TASK_PLC_PRG State:8257 IecCCnt:4122540 CCnt:4122540 CTime:2223us AvgCTime:2430us MaxCTime:4409us MinCTime:2139us Jit:9us JitMax:1939us JitMin:-1348us"
07.10.2024 08:24:19.001: Cmp=PsSysTask, C=1, E=0, M="TASK_DIAGN State:8257 IecCCnt:82452 CCnt:82452 CTime:41371us AvgCTime:41329us MaxCTime:56475us MinCTime:36231us Jit:-430us JitMax:5483us JitMin:-3574us"
07.10.2024 08:29:20.004: Cmp=PsSysTask, C=1, E=0, M="AlarmManagerTask State:8257 IecCCnt:1065073 CCnt:1065073 CTime:140us AvgCTime:679us MaxCTime:394883us MinCTime:66us Jit:561us JitMax:4315796us JitMin:-49904us"
07.10.2024 08:29:20.004: Cmp=PsSysTask, C=1, E=0, M="RedundancyTask State:8257 IecCCnt:1655192 CCnt:1655192 CTime:54us AvgCTime:101us MaxCTime:1408us MinCTime:34us Jit:-14us JitMax:1474us JitMin:-1295us"
07.10.2024 08:29:20.004: Cmp=PsSysTask, C=1, E=0, M="Modbus State:8257 IecCCnt:165504 CCnt:165504 CTime:25us AvgCTime:33us MaxCTime:3005us MinCTime:20us Jit:395us JitMax:2867us JitMin:-3459us"
07.10.2024 08:29:20.004: Cmp=PsSysTask, C=1, E=0, M="VISU_TASK State:8257 IecCCnt:403718 CCnt:403718 CTime:91us AvgCTime:109610us MaxCTime:890102us MinCTime:37us Jit:-33177us JitMax:4328256us JitMin:-199924us"
07.10.2024 08:29:20.004: Cmp=PsSysTask, C=1, E=0, M="TASK_PLC_PRG State:8257 IecCCnt:4137590 CCnt:4137590 CTime:2225us AvgCTime:2430us MaxCTime:4409us MinCTime:2139us Jit:-234us JitMax:1939us JitMin:-1348us"
07.10.2024 08:29:20.004: Cmp=PsSysTask, C=1, E=0, M="TASK_DIAGN State:8257 IecCCnt:82753 CCnt:82753 CTime:40683us AvgCTime:41326us MaxCTime:56475us MinCTime:36231us Jit:1567us JitMax:5483us JitMin:-3574us"
07.10.2024 08:34:21.003: Cmp=PsSysTask, C=1, E=0, M="AlarmManagerTask State:8257 IecCCnt:1069246 CCnt:1069246 CTime:106us AvgCTime:678us MaxCTime:394883us MinCTime:66us Jit:-231us JitMax:4315796us JitMin:-49904us"
07.10.2024 08:34:21.003: Cmp=PsSysTask, C=1, E=0, M="RedundancyTask State:8257 IecCCnt:1661213 CCnt:1661213 CTime:63us AvgCTime:101us MaxCTime:1408us MinCTime:34us Jit:-29us JitMax:1474us JitMin:-1295us"
07.10.2024 08:34:21.003: Cmp=PsSysTask, C=1, E=0, M="Modbus State:8257 IecCCnt:166106 CCnt:166106 CTime:36us AvgCTime:33us MaxCTime:3005us MinCTime:20us Jit:-198us JitMax:2867us JitMin:-3459us"
07.10.2024 08:34:21.003: Cmp=PsSysTask, C=1, E=0, M="VISU_TASK State:8257 IecCCnt:405209 CCnt:405209 CTime:86us AvgCTime:109548us MaxCTime:890102us MinCTime:37us Jit:-154747us JitMax:4328256us JitMin:-199924us"
07.10.2024 08:34:21.003: Cmp=PsSysTask, C=1, E=0, M="TASK_PLC_PRG State:8257 IecCCnt:4152641 CCnt:4152641 CTime:2234us AvgCTime:2430us MaxCTime:4409us MinCTime:2139us Jit:-372us JitMax:1939us JitMin:-1348us"
07.10.2024 08:34:21.003: Cmp=PsSysTask, C=1, E=0, M="TASK_DIAGN State:8257 IecCCnt:83054 CCnt:83054 CTime:39864us AvgCTime:41328us MaxCTime:56475us MinCTime:36231us Jit:-130us JitMax:5483us JitMin:-3574us"
07.10.2024 08:39:22.009: Cmp=PsSysTask, C=1, E=0, M="AlarmManagerTask State:8257 IecCCnt:1073044 CCnt:1073044 CTime:89us AvgCTime:679us MaxCTime:394883us MinCTime:66us Jit:171455us JitMax:4315796us JitMin:-49904us"
07.10.2024 08:39:22.009: Cmp=PsSysTask, C=1, E=0, M="RedundancyTask State:8257 IecCCnt:1667234 CCnt:1667234 CTime:63us AvgCTime:101us MaxCTime:1408us MinCTime:34us Jit:4us JitMax:1474us JitMin:-1295us"
07.10.2024 08:39:22.009: Cmp=PsSysTask, C=1, E=0, M="Modbus State:8257 IecCCnt:166708 CCnt:166708 CTime:27us AvgCTime:33us MaxCTime:3005us MinCTime:20us Jit:-32us JitMax:2867us JitMin:-3459us"
07.10.2024 08:39:22.009: Cmp=PsSysTask, C=1, E=0, M="VISU_TASK State:8257 IecCCnt:406667 CCnt:406667 CTime:61us AvgCTime:109561us MaxCTime:890102us MinCTime:37us Jit:91394us JitMax:4328256us JitMin:-199924us"
07.10.2024 08:39:22.009: Cmp=PsSysTask, C=1, E=0, M="TASK_PLC_PRG State:8257 IecCCnt:4167692 CCnt:4167692 CTime:2600us AvgCTime:2430us MaxCTime:4409us MinCTime:2139us Jit:24us JitMax:1939us JitMin:-1348us"
07.10.2024 08:39:22.009: Cmp=PsSysTask, C=1, E=0, M="TASK_DIAGN State:8257 IecCCnt:83355 CCnt:83355 CTime:40754us AvgCTime:41328us MaxCTime:56475us MinCTime:36231us Jit:150us JitMax:5483us JitMin:-3574us"
07.10.2024 08:44:23.004: Cmp=PsSysTask, C=1, E=0, M="AlarmManagerTask State:8257 IecCCnt:1076817 CCnt:1076817 CTime:109us AvgCTime:679us MaxCTime:394883us MinCTime:66us Jit:-1285us JitMax:4315796us JitMin:-49904us"
07.10.2024 08:44:23.004: Cmp=PsSysTask, C=1, E=0, M="RedundancyTask State:8257 IecCCnt:1673255 CCnt:1673255 CTime:59us AvgCTime:101us MaxCTime:1408us MinCTime:34us Jit:253us JitMax:1474us JitMin:-1295us"
07.10.2024 08:44:23.004: Cmp=PsSysTask, C=1, E=0, M="Modbus State:8257 IecCCnt:167310 CCnt:167310 CTime:32us AvgCTime:33us MaxCTime:3005us MinCTime:20us Jit:211us JitMax:2867us JitMin:-3459us"
07.10.2024 08:44:23.004: Cmp=PsSysTask, C=1, E=0, M="VISU_TASK State:8257 IecCCnt:408121 CCnt:408121 CTime:88us AvgCTime:109586us MaxCTime:890102us MinCTime:37us Jit:-154357us JitMax:4328256us JitMin:-199924us"
07.10.2024 08:44:23.004: Cmp=PsSysTask, C=1, E=0, M="TASK_PLC_PRG State:8257 IecCCnt:4182742 CCnt:4182742 CTime:2225us AvgCTime:2430us MaxCTime:4409us MinCTime:2139us Jit:-26us JitMax:1939us JitMin:-1348us"
07.10.2024 08:44:23.004: Cmp=PsSysTask, C=1, E=0, M="TASK_DIAGN State:8257 IecCCnt:83656 CCnt:83656 CTime:40716us AvgCTime:41327us MaxCTime:56475us MinCTime:36231us Jit:145us JitMax:5483us JitMin:-3574us"
07.10.2024 08:49:24.006: Cmp=PsSysTask, C=1, E=0, M="AlarmManagerTask State:8257 IecCCnt:1080970 CCnt:1080970 CTime:114us AvgCTime:678us MaxCTime:394883us MinCTime:66us Jit:13us JitMax:4315796us JitMin:-49904us"
07.10.2024 08:49:24.006: Cmp=PsSysTask, C=1, E=0, M="RedundancyTask State:8257 IecCCnt:1679276 CCnt:1679276 CTime:139us AvgCTime:101us MaxCTime:1408us MinCTime:34us Jit:6us JitMax:1474us JitMin:-1295us"
07.10.2024 08:49:24.006: Cmp=PsSysTask, C=1, E=0, M="Modbus State:8257 IecCCnt:167912 CCnt:167912 CTime:37us AvgCTime:33us MaxCTime:3005us MinCTime:20us Jit:-59us JitMax:2867us JitMin:-3459us"
07.10.2024 08:49:24.006: Cmp=PsSysTask, C=1, E=0, M="VISU_TASK State:8259 IecCCnt:409606 CCnt:409606 CTime:90us AvgCTime:109534us MaxCTime:890102us MinCTime:37us Jit:-40392us JitMax:4328256us JitMin:-199924us"
07.10.2024 08:49:24.006: Cmp=PsSysTask, C=1, E=0, M="TASK_PLC_PRG State:8257 IecCCnt:4197793 CCnt:4197793 CTime:2241us AvgCTime:2430us MaxCTime:4409us MinCTime:2139us Jit:-511us JitMax:1939us JitMin:-1348us"
07.10.2024 08:49:24.006: Cmp=PsSysTask, C=1, E=0, M="TASK_DIAGN State:8257 IecCCnt:83957 CCnt:83957 CTime:40055us AvgCTime:41328us MaxCTime:56475us MinCTime:36231us Jit:-140us JitMax:5483us JitMin:-3574us"
07.10.2024 08:54:25.006: Cmp=PsSysTask, C=1, E=0, M="AlarmManagerTask State:8257 IecCCnt:1085404 CCnt:1085404 CTime:104us AvgCTime:677us MaxCTime:394883us MinCTime:66us Jit:-113us JitMax:4315796us JitMin:-49904us"
07.10.2024 08:54:25.006: Cmp=PsSysTask, C=1, E=0, M="RedundancyTask State:8257 IecCCnt:1685297 CCnt:1685297 CTime:63us AvgCTime:101us MaxCTime:1408us MinCTime:34us Jit:529us JitMax:1474us JitMin:-1295us"
07.10.2024 08:54:25.006: Cmp=PsSysTask, C=1, E=0, M="Modbus State:8257 IecCCnt:168514 CCnt:168514 CTime:28us AvgCTime:33us MaxCTime:3005us MinCTime:20us Jit:-78us JitMax:2867us JitMin:-3459us"
07.10.2024 08:54:25.006: Cmp=PsSysTask, C=1, E=0, M="VISU_TASK State:8259 IecCCnt:411110 CCnt:411110 CTime:83us AvgCTime:109427us MaxCTime:890102us MinCTime:37us Jit:-36511us JitMax:4328256us JitMin:-199924us"
07.10.2024 08:54:25.006: Cmp=PsSysTask, C=1, E=0, M="TASK_PLC_PRG State:8257 IecCCnt:4212844 CCnt:4212844 CTime:3093us AvgCTime:2430us MaxCTime:4409us MinCTime:2139us Jit:-3us JitMax:1939us JitMin:-1348us"
07.10.2024 08:54:25.006: Cmp=PsSysTask, C=1, E=0, M="TASK_DIAGN State:8257 IecCCnt:84258 CCnt:84258 CTime:40879us AvgCTime:41329us MaxCTime:56475us MinCTime:36231us Jit:-153us JitMax:5483us JitMin:-3574us"
07.10.2024 08:59:26.008: Cmp=PsSysTask, C=1, E=0, M="AlarmManagerTask State:8257 IecCCnt:1089669 CCnt:1089669 CTime:107us AvgCTime:676us MaxCTime:394883us MinCTime:66us Jit:-88us JitMax:4315796us JitMin:-49904us"
07.10.2024 08:59:26.008: Cmp=PsSysTask, C=1, E=0, M="RedundancyTask State:8257 IecCCnt:1691318 CCnt:1691318 CTime:60us AvgCTime:101us MaxCTime:1408us MinCTime:34us Jit:6us JitMax:1474us JitMin:-1295us"
07.10.2024 08:59:26.008: Cmp=PsSysTask, C=1, E=0, M="Modbus State:8257 IecCCnt:169116 CCnt:169116 CTime:32us AvgCTime:33us MaxCTime:3005us MinCTime:20us Jit:-69us JitMax:2867us JitMin:-3459us"
07.10.2024 08:59:26.008: Cmp=PsSysTask, C=1, E=0, M="VISU_TASK State:8257 IecCCnt:412604 CCnt:412604 CTime:85us AvgCTime:109353us MaxCTime:890102us MinCTime:37us Jit:-135435us JitMax:4328256us JitMin:-199924us"
07.10.2024 08:59:26.008: Cmp=PsSysTask, C=1, E=0, M="TASK_PLC_PRG State:8257 IecCCnt:4227895 CCnt:4227895 CTime:2661us AvgCTime:2430us MaxCTime:4409us MinCTime:2139us Jit:27us JitMax:1939us JitMin:-1348us"
07.10.2024 08:59:26.008: Cmp=PsSysTask, C=1, E=0, M="TASK_DIAGN State:8257 IecCCnt:84559 CCnt:84559 CTime:40510us AvgCTime:41329us MaxCTime:56475us MinCTime:36231us Jit:-143us JitMax:5483us JitMin:-3574us"
07.10.2024 09:04:27.011: Cmp=PsSysTask, C=1, E=0, M="AlarmManagerTask State:8257 IecCCnt:1093480 CCnt:1093480 CTime:104us AvgCTime:676us MaxCTime:394883us MinCTime:66us Jit:110us JitMax:4315796us JitMin:-49904us"
07.10.2024 09:04:27.011: Cmp=PsSysTask, C=1, E=0, M="RedundancyTask State:8257 IecCCnt:1697339 CCnt:1697339 CTime:139us AvgCTime:101us MaxCTime:1408us MinCTime:34us Jit:15us JitMax:1474us JitMin:-1295us"
07.10.2024 09:04:27.011: Cmp=PsSysTask, C=1, E=0, M="Modbus State:8257 IecCCnt:169718 CCnt:169718 CTime:34us AvgCTime:33us MaxCTime:3005us MinCTime:20us Jit:-78us JitMax:2867us JitMin:-3459us"
07.10.2024 09:04:27.011: Cmp=PsSysTask, C=1, E=0, M="VISU_TASK State:8257 IecCCnt:414065 CCnt:414065 CTime:88us AvgCTime:109365us MaxCTime:890102us MinCTime:37us Jit:-52051us JitMax:4328256us JitMin:-199924us"
07.10.2024 09:04:27.011: Cmp=PsSysTask, C=1, E=0, M="TASK_PLC_PRG State:8257 IecCCnt:4242946 CCnt:4242946 CTime:2616us AvgCTime:2430us MaxCTime:4409us MinCTime:2139us Jit:-11us JitMax:1939us JitMin:-1348us"
07.10.2024 09:04:27.011: Cmp=PsSysTask, C=1, E=0, M="TASK_DIAGN State:8257 IecCCnt:84860 CCnt:84860 CTime:50728us AvgCTime:41330us MaxCTime:56475us MinCTime:36231us Jit:-177us JitMax:5483us JitMin:-3574us"
07.10.2024 09:09:28.009: Cmp=PsSysTask, C=1, E=0, M="AlarmManagerTask State:8257 IecCCnt:1097888 CCnt:1097888 CTime:106us AvgCTime:674us MaxCTime:394883us MinCTime:66us Jit:-157us JitMax:4315796us JitMin:-49904us"
07.10.2024 09:09:28.009: Cmp=PsSysTask, C=1, E=0, M="RedundancyTask State:8257 IecCCnt:1703360 CCnt:1703360 CTime:61us AvgCTime:101us MaxCTime:1408us MinCTime:34us Jit:10us JitMax:1474us JitMin:-1295us"
07.10.2024 09:09:28.009: Cmp=PsSysTask, C=1, E=0, M="Modbus State:8257 IecCCnt:170320 CCnt:170320 CTime:38us AvgCTime:33us MaxCTime:3005us MinCTime:20us Jit:-87us JitMax:2867us JitMin:-3459us"
07.10.2024 09:09:28.009: Cmp=PsSysTask, C=1, E=0, M="VISU_TASK State:8257 IecCCnt:415569 CCnt:415569 CTime:96us AvgCTime:109265us MaxCTime:890102us MinCTime:37us Jit:-28555us JitMax:4328256us JitMin:-199924us"
07.10.2024 09:09:28.009: Cmp=PsSysTask, C=1, E=0, M="TASK_PLC_PRG State:8257 IecCCnt:4257997 CCnt:4257997 CTime:2369us AvgCTime:2430us MaxCTime:4409us MinCTime:2139us Jit:10us JitMax:1939us JitMin:-1348us"
07.10.2024 09:09:28.009: Cmp=PsSysTask, C=1, E=0, M="TASK_DIAGN State:8257 IecCCnt:85161 CCnt:85161 CTime:40656us AvgCTime:41331us MaxCTime:56475us MinCTime:36231us Jit:-13us JitMax:5483us JitMin:-3574us"

-------------------------------------------------------------------------------------
----- CLOSED BY SIZE 99809/100000
-------------------------------------------------------------------------------------
