Cmp=PsSysTask, C=1, E=0, M="TASK_DIAGN State:8257 IecCCnt:36395 CCnt:36395 CTime:39872us AvgCTime:41304us MaxCTime:55826us MinCTime:36238us Jit:290us JitMax:5483us JitMin:-3304us"
06.10.2024 19:41:47.003: Cmp=PsSysTask, C=1, E=0, M="AlarmManagerTask State:8257 IecCCnt:473589 CCnt:473589 CTime:108us AvgCTime:671us MaxCTime:394883us MinCTime:67us Jit:-958us JitMax:569891us JitMin:-49904us"
06.10.2024 19:41:47.003: Cmp=PsSysTask, C=1, E=0, M="RedundancyTask State:8257 IecCCnt:733992 CCnt:733992 CTime:64us AvgCTime:100us MaxCTime:1365us MinCTime:34us Jit:-12us JitMax:1474us JitMin:-1212us"
06.10.2024 19:41:47.003: Cmp=PsSysTask, C=1, E=0, M="Modbus State:8257 IecCCnt:73392 CCnt:73392 CTime:26us AvgCTime:33us MaxCTime:2654us MinCTime:20us Jit:-172us JitMax:2634us JitMin:-2931us"
06.10.2024 19:41:47.003: Cmp=PsSysTask, C=1, E=0, M="VISU_TASK State:8259 IecCCnt:179363 CCnt:179363 CTime:83us AvgCTime:108878us MaxCTime:890102us MinCTime:37us Jit:-21526us JitMax:691373us JitMin:-199922us"
06.10.2024 19:41:47.003: Cmp=PsSysTask, C=1, E=0, M="TASK_PLC_PRG State:8257 IecCCnt:1834802 CCnt:1834802 CTime:2236us AvgCTime:2430us MaxCTime:4378us MinCTime:2144us Jit:16us JitMax:1882us JitMin:-1348us"
06.10.2024 19:41:47.003: Cmp=PsSysTask, C=1, E=0, M="TASK_DIAGN State:8257 IecCCnt:36696 CCnt:36696 CTime:40920us AvgCTime:41306us MaxCTime:55826us MinCTime:36238us Jit:180us JitMax:5483us JitMin:-3304us"
06.10.2024 19:46:48.002: Cmp=PsSysTask, C=1, E=0, M="AlarmManagerTask State:8257 IecCCnt:477401 CCnt:477401 CTime:108us AvgCTime:671us MaxCTime:394883us MinCTime:67us Jit:-319us JitMax:569891us JitMin:-49904us"
06.10.2024 19:46:48.002: Cmp=PsSysTask, C=1, E=0, M="RedundancyTask State:8257 IecCCnt:740013 CCnt:740013 CTime:93us AvgCTime:100us MaxCTime:1365us MinCTime:34us Jit:302us JitMax:1474us JitMin:-1212us"
06.10.2024 19:46:48.003: Cmp=PsSysTask, C=1, E=0, M="Modbus State:8257 IecCCnt:73994 CCnt:73994 CTime:24us AvgCTime:33us MaxCTime:2654us MinCTime:20us Jit:331us JitMax:2634us JitMin:-2931us"
06.10.2024 19:46:48.003: Cmp=PsSysTask, C=1, E=0, M="VISU_TASK State:8257 IecCCnt:180825 CCnt:180825 CTime:76us AvgCTime:108909us MaxCTime:890102us MinCTime:37us Jit:-108377us JitMax:691373us JitMin:-199922us"
06.10.2024 19:46:48.003: Cmp=PsSysTask, C=1, E=0, M="TASK_PLC_PRG State:8257 IecCCnt:1849854 CCnt:1849854 CTime:2202us AvgCTime:2430us MaxCTime:4378us MinCTime:2144us Jit:-108us JitMax:1882us JitMin:-1348us"
06.10.2024 19:46:48.003: Cmp=PsSysTask, C=1, E=0, M="TASK_DIAGN State:8257 IecCCnt:36997 CCnt:36997 CTime:36396us AvgCTime:41308us MaxCTime:55826us MinCTime:36238us Jit:148us JitMax:5483us JitMin:-3304us"
06.10.2024 19:51:49.000: Cmp=PsSysTask, C=1, E=0, M="AlarmManagerTask State:8257 IecCCnt:481269 CCnt:481269 CTime:102us AvgCTime:671us MaxCTime:394883us MinCTime:67us Jit:3036us JitMax:569891us JitMin:-49904us"
06.10.2024 19:51:49.000: Cmp=PsSysTask, C=1, E=0, M="RedundancyTask State:8257 IecCCnt:746034 CCnt:746034 CTime:67us AvgCTime:100us MaxCTime:1365us MinCTime:34us Jit:-282us JitMax:1474us JitMin:-1212us"
06.10.2024 19:51:49.000: Cmp=PsSysTask, C=1, E=0, M="Modbus State:8257 IecCCnt:74596 CCnt:74596 CTime:26us AvgCTime:33us MaxCTime:2654us MinCTime:20us Jit:-319us JitMax:2634us JitMin:-2931us"
06.10.2024 19:51:49.000: Cmp=PsSysTask, C=1, E=0, M="VISU_TASK State:8259 IecCCnt:182291 CCnt:182291 CTime:75us AvgCTime:108923us MaxCTime:890102us MinCTime:37us Jit:-53532us JitMax:691373us JitMin:-199922us"
06.10.2024 19:51:49.000: Cmp=PsSysTask, C=1, E=0, M="TASK_PLC_PRG State:8257 IecCCnt:1864904 CCnt:1864904 CTime:2598us AvgCTime:2430us MaxCTime:4378us MinCTime:2141us Jit:-288us JitMax:1882us JitMin:-1348us"
06.10.2024 19:51:49.001: Cmp=PsSysTask, C=1, E=0, M="TASK_DIAGN State:8257 IecCCnt:37298 CCnt:37298 CTime:40798us AvgCTime:41304us MaxCTime:55826us MinCTime:36238us Jit:-152us JitMax:5483us JitMin:-3304us"
06.10.2024 19:56:50.005: Cmp=PsSysTask, C=1, E=0, M="AlarmManagerTask State:8257 IecCCnt:485144 CCnt:485144 CTime:106us AvgCTime:671us MaxCTime:394883us MinCTime:67us Jit:3941us JitMax:569891us JitMin:-49904us"
06.10.2024 19:56:50.005: Cmp=PsSysTask, C=1, E=0, M="RedundancyTask State:8257 IecCCnt:752055 CCnt:752055 CTime:65us AvgCTime:100us MaxCTime:1365us MinCTime:34us Jit:-300us JitMax:1474us JitMin:-1212us"
06.10.2024 19:56:50.005: Cmp=PsSysTask, C=1, E=0, M="Modbus State:8257 IecCCnt:75198 CCnt:75198 CTime:26us AvgCTime:33us MaxCTime:2654us MinCTime:20us Jit:-388us JitMax:2634us JitMin:-2931us"
06.10.2024 19:56:50.005: Cmp=PsSysTask, C=1, E=0, M="VISU_TASK State:8259 IecCCnt:183756 CCnt:183756 CTime:83us AvgCTime:108938us MaxCTime:890102us MinCTime:37us Jit:-137799us JitMax:691373us JitMin:-199922us"
06.10.2024 19:56:50.005: Cmp=PsSysTask, C=1, E=0, M="TASK_PLC_PRG State:8257 IecCCnt:1879955 CCnt:1879955 CTime:2235us AvgCTime:2430us MaxCTime:4378us MinCTime:2141us Jit:-7us JitMax:1882us JitMin:-1348us"
06.10.2024 19:56:50.005: Cmp=PsSysTask, C=1, E=0, M="TASK_DIAGN State:8257 IecCCnt:37599 CCnt:37599 CTime:37108us AvgCTime:41300us MaxCTime:55826us MinCTime:36238us Jit:-185us JitMax:5483us JitMin:-3304us"
06.10.2024 20:01:51.002: Cmp=PsSysTask, C=1, E=0, M="AlarmManagerTask State:8257 IecCCnt:488980 CCnt:488980 CTime:102us AvgCTime:671us MaxCTime:394883us MinCTime:67us Jit:-592us JitMax:569891us JitMin:-49904us"
06.10.2024 20:01:51.002: Cmp=PsSysTask, C=1, E=0, M="RedundancyTask State:8257 IecCCnt:758076 CCnt:758076 CTime:62us AvgCTime:100us MaxCTime:1365us MinCTime:34us Jit:-308us JitMax:1474us JitMin:-1212us"
06.10.2024 20:01:51.002: Cmp=PsSysTask, C=1, E=0, M="Modbus State:8257 IecCCnt:75800 CCnt:75800 CTime:32us AvgCTime:33us MaxCTime:2654us MinCTime:20us Jit:-78us JitMax:2634us JitMin:-2931us"
06.10.2024 20:01:51.002: Cmp=PsSysTask, C=1, E=0, M="VISU_TASK State:8259 IecCCnt:185224 CCnt:185224 CTime:78us AvgCTime:108959us MaxCTime:890102us MinCTime:37us Jit:-126401us JitMax:691373us JitMin:-199922us"
06.10.2024 20:01:51.002: Cmp=PsSysTask, C=1, E=0, M="TASK_PLC_PRG State:8257 IecCCnt:1895006 CCnt:1895006 CTime:2205us AvgCTime:2430us MaxCTime:4378us MinCTime:2141us Jit:12us JitMax:1882us JitMin:-1348us"
06.10.2024 20:01:51.002: Cmp=PsSysTask, C=1, E=0, M="TASK_DIAGN State:8257 IecCCnt:37900 CCnt:37900 CTime:40771us AvgCTime:41288us MaxCTime:56475us MinCTime:36238us Jit:-407us JitMax:5483us JitMin:-3304us"
06.10.2024 20:06:52.003: Cmp=PsSysTask, C=1, E=0, M="AlarmManagerTask State:8257 IecCCnt:492830 CCnt:492830 CTime:104us AvgCTime:672us MaxCTime:394883us MinCTime:66us Jit:1129us JitMax:569891us JitMin:-49904us"
06.10.2024 20:06:52.003: Cmp=PsSysTask, C=1, E=0, M="RedundancyTask State:8257 IecCCnt:764097 CCnt:764097 CTime:58us AvgCTime:100us MaxCTime:1365us MinCTime:34us Jit:7us JitMax:1474us JitMin:-1212us"
06.10.2024 20:06:52.003: Cmp=PsSysTask, C=1, E=0, M="Modbus State:8257 IecCCnt:76402 CCnt:76402 CTime:27us AvgCTime:33us MaxCTime:2654us MinCTime:20us Jit:-286us JitMax:2634us JitMin:-2931us"
06.10.2024 20:06:52.003: Cmp=PsSysTask, C=1, E=0, M="VISU_TASK State:8257 IecCCnt:186692 CCnt:186692 CTime:84us AvgCTime:108974us MaxCTime:890102us MinCTime:37us Jit:-92399us JitMax:691373us JitMin:-199922us"
06.10.2024 20:06:52.003: Cmp=PsSysTask, C=1, E=0, M="TASK_PLC_PRG State:8257 IecCCnt:1910056 CCnt:1910056 CTime:2387us AvgCTime:2430us MaxCTime:4378us MinCTime:2141us Jit:1us JitMax:1882us JitMin:-1348us"
06.10.2024 20:06:52.003: Cmp=PsSysTask, C=1, E=0, M="TASK_DIAGN State:8257 IecCCnt:38201 CCnt:38201 CTime:41119us AvgCTime:41284us MaxCTime:56475us MinCTime:36238us Jit:-68us JitMax:5483us JitMin:-3304us"
06.10.2024 20:11:53.000: Cmp=PsSysTask, C=1, E=0, M="AlarmManagerTask State:8257 IecCCnt:496676 CCnt:496676 CTime:102us AvgCTime:671us MaxCTime:394883us MinCTime:66us Jit:1162us JitMax:569891us JitMin:-49904us"
06.10.2024 20:11:53.000: Cmp=PsSysTask, C=1, E=0, M="RedundancyTask State:8257 IecCCnt:770117 CCnt:770117 CTime:64us AvgCTime:100us MaxCTime:1365us MinCTime:34us Jit:-18us JitMax:1474us JitMin:-1212us"
06.10.2024 20:11:53.000: Cmp=PsSysTask, C=1, E=0, M="Modbus State:8257 IecCCnt:77004 CCnt:77004 CTime:31us AvgCTime:33us MaxCTime:2654us MinCTime:20us Jit:-387us JitMax:2634us JitMin:-2931us"
06.10.2024 20:11:53.000: Cmp=PsSysTask, C=1, E=0, M="VISU_TASK State:8257 IecCCnt:188153 CCnt:188153 CTime:85us AvgCTime:109000us MaxCTime:890102us MinCTime:37us Jit:-113105us JitMax:691373us JitMin:-199922us"
06.10.2024 20:11:53.000: Cmp=PsSysTask, C=1, E=0, M="TASK_PLC_PRG State:8257 IecCCnt:1925107 CCnt:1925107 CTime:2705us AvgCTime:2430us MaxCTime:4378us MinCTime:2141us Jit:-283us JitMax:1882us JitMin:-1348us"
06.10.2024 20:11:53.000: Cmp=PsSysTask, C=1, E=0, M="TASK_DIAGN State:8257 IecCCnt:38502 CCnt:38502 CTime:40788us AvgCTime:41287us MaxCTime:56475us MinCTime:36238us Jit:-166us JitMax:5483us JitMin:-3304us"
06.10.2024 20:16:54.007: Cmp=PsSysTask, C=1, E=0, M="AlarmManagerTask State:8257 IecCCnt:500511 CCnt:500511 CTime:104us AvgCTime:671us MaxCTime:394883us MinCTime:66us Jit:1817us JitMax:569891us JitMin:-49904us"
06.10.2024 20:16:54.007: Cmp=PsSysTask, C=1, E=0, M="RedundancyTask State:8257 IecCCnt:776139 CCnt:776139 CTime:97us AvgCTime:100us MaxCTime:1365us MinCTime:34us Jit:126us JitMax:1474us JitMin:-1212us"
06.10.2024 20:16:54.007: Cmp=PsSysTask, C=1, E=0, M="Modbus State:8257 IecCCnt:77606 CCnt:77606 CTime:26us AvgCTime:33us MaxCTime:2654us MinCTime:20us Jit:-176us JitMax:2634us JitMin:-2931us"
06.10.2024 20:16:54.007: Cmp=PsSysTask, C=1, E=0, M="VISU_TASK State:8257 IecCCnt:189612 CCnt:189612 CTime:60us AvgCTime:109026us MaxCTime:890102us MinCTime:37us Jit:108627us JitMax:691373us JitMin:-199922us"
06.10.2024 20:16:54.007: Cmp=PsSysTask, C=1, E=0, M="TASK_PLC_PRG State:8257 IecCCnt:1940157 CCnt:1940157 CTime:2262us AvgCTime:2431us MaxCTime:4378us MinCTime:2141us Jit:30us JitMax:1882us JitMin:-1348us"
06.10.2024 20:16:54.007: Cmp=PsSysTask, C=1, E=0, M="TASK_DIAGN State:8257 IecCCnt:38803 CCnt:38803 CTime:50449us AvgCTime:41286us MaxCTime:56475us MinCTime:36238us Jit:139us JitMax:5483us JitMin:-3304us"
06.10.2024 20:21:55.010: Cmp=PsSysTask, C=1, E=0, M="AlarmManagerTask State:8257 IecCCnt:504372 CCnt:504372 CTime:186us AvgCTime:672us MaxCTime:394883us MinCTime:66us Jit:2001us JitMax:569891us JitMin:-49904us"
06.10.2024 20:21:55.010: Cmp=PsSysTask, C=1, E=0, M="RedundancyTask State:8257 IecCCnt:782160 CCnt:782160 CTime:65us AvgCTime:100us MaxCTime:1365us MinCTime:34us Jit:14us JitMax:1474us JitMin:-1212us"
06.10.2024 20:21:55.010: Cmp=PsSysTask, C=1, E=0, M="Modbus State:8257 IecCCnt:78208 CCnt:78208 CTime:25us AvgCTime:33us MaxCTime:2654us MinCTime:20us Jit:109us JitMax:2634us JitMin:-2931us"
06.10.2024 20:21:55.010: Cmp=PsSysTask, C=1, E=0, M="VISU_TASK State:8259 IecCCnt:191084 CCnt:191084 CTime:81us AvgCTime:109035us MaxCTime:890102us MinCTime:37us Jit:-114058us JitMax:691373us JitMin:-199922us"
06.10.2024 20:21:55.010: Cmp=PsSysTask, C=1, E=0, M="TASK_PLC_PRG State:8257 IecCCnt:1955207 CCnt:1955207 CTime:2190us AvgCTime:2431us MaxCTime:4378us MinCTime:2139us Jit:9us JitMax:1882us JitMin:-1348us"
06.10.2024 20:21:55.010: Cmp=PsSysTask, C=1, E=0, M="TASK_DIAGN State:8259 IecCCnt:39104 CCnt:39104 CTime:40748us AvgCTime:41284us MaxCTime:56475us MinCTime:36238us Jit:-119us JitMax:5483us JitMin:-3304us"
06.10.2024 20:26:56.013: Cmp=PsSysTask, C=1, E=0, M="AlarmManagerTask State:8257 IecCCnt:508210 CCnt:508210 CTime:89us AvgCTime:672us MaxCTime:394883us MinCTime:66us Jit:201109us JitMax:569891us JitMin:-49904us"
06.10.2024 20:26:56.013: Cmp=PsSysTask, C=1, E=0, M="RedundancyTask State:8257 IecCCnt:788180 CCnt:788180 CTime:66us AvgCTime:100us MaxCTime:1365us MinCTime:34us Jit:-9us JitMax:1474us JitMin:-1212us"
06.10.2024 20:26:56.013: Cmp=PsSysTask, C=1, E=0, M="Modbus State:8257 IecCCnt:78811 CCnt:78811 CTime:23us AvgCTime:33us MaxCTime:2654us MinCTime:20us Jit:-77us JitMax:2634us JitMin:-2931us"
06.10.2024 20:26:56.013: Cmp=PsSysTask, C=1, E=0, M="VISU_TASK State:8257 IecCCnt:192555 CCnt:192555 CTime:65us AvgCTime:109053us MaxCTime:890102us MinCTime:37us Jit:148340us JitMax:691373us JitMin:-199922us"
06.10.2024 20:26:56.013: Cmp=PsSysTask, C=1, E=0, M="TASK_PLC_PRG State:8257 IecCCnt:1970259 CCnt:1970259 CTime:2231us AvgCTime:2431us MaxCTime:4378us MinCTime:2139us Jit:14us JitMax:1882us JitMin:-1348us"
06.10.2024 20:26:56.013: Cmp=PsSysTask, C=1, E=0, M="TASK_DIAGN State:8259 IecCCnt:39405 CCnt:39405 CTime:40183us AvgCTime:41289us MaxCTime:56475us MinCTime:36238us Jit:-133us JitMax:5483us JitMin:-3304us"
06.10.2024 20:31:57.002: Cmp=PsSysTask, C=1, E=0, M="AlarmManagerTask State:8257 IecCCnt:512058 CCnt:512058 CTime:448us AvgCTime:674us MaxCTime:394883us MinCTime:66us Jit:3902us JitMax:569891us JitMin:-49904us"
06.10.2024 20:31:57.002: Cmp=PsSysTask, C=1, E=0, M="RedundancyTask State:8257 IecCCnt:794201 CCnt:794201 CTime:79us AvgCTime:100us MaxCTime:1365us MinCTime:34us Jit:-250us JitMax:1474us JitMin:-1212us"
06.10.2024 20:31:57.002: Cmp=PsSysTask, C=1, E=0, M="Modbus State:8257 IecCCnt:79413 CCnt:79413 CTime:25us AvgCTime:33us MaxCTime:2654us MinCTime:20us Jit:122us JitMax:2634us JitMin:-2931us"
06.10.2024 20:31:57.002: Cmp=PsSysTask, C=1, E=0, M="VISU_TASK State:8259 IecCCnt:194025 CCnt:194025 CTime:83us AvgCTime:109071us MaxCTime:890102us MinCTime:37us Jit:188697us JitMax:691373us JitMin:-199922us"
06.10.2024 20:31:57.002: Cmp=PsSysTask, C=1, E=0, M="TASK_PLC_PRG State:8257 IecCCnt:1985309 CCnt:1985309 CTime:2218us AvgCTime:2431us MaxCTime:4378us MinCTime:2139us Jit:-92us JitMax:1882us JitMin:-1348us"
06.10.2024 20:31:57.002: Cmp=PsSysTask, C=1, E=0, M="TASK_DIAGN State:8257 IecCCnt:39707 CCnt:39707 CTime:40634us AvgCTime:41291us MaxCTime:56475us MinCTime:36238us Jit:1109us JitMax:5483us JitMin:-3304us"
06.10.2024 20:36:58.010: Cmp=PsSysTask, C=1, E=0, M="AlarmManagerTask State:8257 IecCCnt:515885 CCnt:515885 CTime:106us AvgCTime:674us MaxCTime:394883us MinCTime:66us Jit:4862us JitMax:569891us JitMin:-49904us"
06.10.2024 20:36:58.010: Cmp=PsSysTask, C=1, E=0, M="RedundancyTask State:8257 IecCCnt:800222 CCnt:800222 CTime:63us AvgCTime:100us MaxCTime:1365us MinCTime:34us Jit:322us JitMax:1474us JitMin:-1212us"
06.10.2024 20:36:58.010: Cmp=PsSysTask, C=1, E=0, M="Modbus State:8257 IecCCnt:80015 CCnt:80015 CTime:33us AvgCTime:33us MaxCTime:2654us MinCTime:20us Jit:-374us JitMax:2634us JitMin:-2931us"
06.10.2024 20:36:58.011: Cmp=PsSysTask, C=1, E=0, M="VISU_TASK State:8257 IecCCnt:195498 CCnt:195498 CTime:439us AvgCTime:109085us MaxCTime:890102us MinCTime:37us Jit:-97986us JitMax:691373us JitMin:-199922us"
06.10.2024 20:36:58.011: Cmp=PsSysTask, C=1, E=0, M="TASK_PLC_PRG State:8257 IecCCnt:2000361 CCnt:2000361 CTime:2251us AvgCTime:2431us MaxCTime:4378us MinCTime:2139us Jit:296us JitMax:1882us JitMin:-1348us"
06.10.2024 20:36:58.011: Cmp=PsSysTask, C=1, E=0, M="TASK_DIAGN State:8257 IecCCnt:40008 CCnt:40008 CTime:40058us AvgCTime:41291us MaxCTime:56475us MinCTime:36238us Jit:-506us JitMax:5483us JitMin:-3304us"
06.10.2024 20:41:59.003: Cmp=PsSysTask, C=1, E=0, M="AlarmManagerTask State:8257 IecCCnt:519735 CCnt:519735 CTime:89us AvgCTime:675us MaxCTime:394883us MinCTime:66us Jit:206329us JitMax:569891us JitMin:-49904us"
06.10.2024 20:41:59.003: Cmp=PsSysTask, C=1, E=0, M="RedundancyTask State:8257 IecCCnt:806243 CCnt:806243 CTime:50us AvgCTime:100us MaxCTime:1365us MinCTime:34us Jit:-1us JitMax:1474us JitMin:-1212us"
06.10.2024 20:41:59.003: Cmp=PsSysTask, C=1, E=0, M="Modbus State:8257 IecCCnt:80617 CCnt:80617 CTime:27us AvgCTime:33us MaxCTime:2654us MinCTime:20us Jit:-165us JitMax:2634us JitMin:-2931us"
06.10.2024 20:41:59.003: Cmp=PsSysTask, C=1, E=0, M="VISU_TASK State:8257 IecCCnt:196965 CCnt:196965 CTime:60us AvgCTime:109109us MaxCTime:890102us MinCTime:37us Jit:117286us JitMax:691373us JitMin:-199922us"
06.10.2024 20:41:59.003: Cmp=PsSysTask, C=1, E=0, M="TASK_PLC_PRG State:8257 IecCCnt:2015412 CCnt:2015412 CTime:2194us AvgCTime:2430us MaxCTime:4378us MinCTime:2139us Jit:-211us JitMax:1882us JitMin:-1348us"
06.10.2024 20:41:59.003: Cmp=PsSysTask, C=1, E=0, M="TASK_DIAGN State:8257 IecCCnt:40309 CCnt:40309 CTime:40145us AvgCTime:41293us MaxCTime:56475us MinCTime:36238us Jit:421us JitMax:5483us JitMin:-3304us"
06.10.2024 20:47:00.002: Cmp=PsSysTask, C=1, E=0, M="AlarmManagerTask State:8257 IecCCnt:523572 CCnt:523572 CTime:90us AvgCTime:675us MaxCTime:394883us MinCTime:66us Jit:218297us JitMax:569891us JitMin:-49904us"
06.10.2024 20:47:00.002: Cmp=PsSysTask, C=1, E=0, M="RedundancyTask State:8257 IecCCnt:812264 CCnt:812264 CTime:61us AvgCTime:100us MaxCTime:1365us MinCTime:34us Jit:250us JitMax:1474us JitMin:-1212us"
06.10.2024 20:47:00.002: Cmp=PsSysTask, C=1, E=0, M="Modbus State:8257 IecCCnt:81219 CCnt:81219 CTime:26us AvgCTime:33us MaxCTime:2654us MinCTime:20us Jit:-643us JitMax:2828us JitMin:-2931us"
06.10.2024 20:47:00.002: Cmp=PsSysTask, C=1, E=0, M="VISU_TASK State:8257 IecCCnt:198427 CCnt:198427 CTime:61us AvgCTime:109136us MaxCTime:890102us MinCTime:37us Jit:114819us JitMax:691373us JitMin:-199924us"
06.10.2024 20:47:00.002: Cmp=PsSysTask, C=1, E=0, M="TASK_PLC_PRG State:8257 IecCCnt:2030463 CCnt:2030463 CTime:2869us AvgCTime:2431us MaxCTime:4378us MinCTime:2139us Jit:56us JitMax:1882us JitMin:-1348us"
06.10.2024 20:47:00.002: Cmp=PsSysTask, C=1, E=0, M="TASK_DIAGN State:8257 IecCCnt:40610 CCnt:40610 CTime:41027us AvgCTime:41285us MaxCTime:56475us MinCTime:36238us Jit:223us JitMax:5483us JitMin:-3304us"
06.10.2024 20:52:01.000: Cmp=PsSysTask, C=1, E=0, M="AlarmManagerTask State:8257 IecCCnt:527430 CCnt:527430 CTime:91us AvgCTime:676us MaxCTime:394883us MinCTime:66us Jit:1219us JitMax:569891us JitMin:-49904us"
06.10.2024 20:52:01.000: Cmp=PsSysTask, C=1, E=0, M="RedundancyTask State:8257 IecCCnt:818285 CCnt:818285 CTime:69us AvgCTime:100us MaxCTime:1365us MinCTime:34us Jit:352us JitMax:1474us JitMin:-1212us"
06.10.2024 20:52:01.000: Cmp=PsSysTask, C=1, E=0, M="Modbus State:8257 IecCCnt:81821 CCnt:81821 CTime:25us AvgCTime:33us MaxCTime:2654us MinCTime:20us Jit:-269us JitMax:2828us JitMin:-2931us"
06.10.2024 20:52:01.000: Cmp=PsSysTask, C=1, E=0, M="VISU_TASK State:8257 IecCCnt:199894 CCnt:199894 CTime:85us AvgCTime:109142us MaxCTime:890102us MinCTime:37us Jit:-93025us JitMax:691373us JitMin:-199924us"
06.10.2024 20:52:01.000: Cmp=PsSysTask, C=1, E=0, M="TASK_PLC_PRG State:8257 IecCCnt:2045513 CCnt:2045513 CTime:2213us AvgCTime:2431us MaxCTime:4378us MinCTime:2139us Jit:304us JitMax:1882us JitMin:-1348us"
06.10.2024 20:52:01.000: Cmp=PsSysTask, C=1, E=0, M="TASK_DIAGN State:8257 IecCCnt:40911 CCnt:40911 CTime:40168us AvgCTime:41280us MaxCTime:56475us MinCTime:36231us Jit:251us JitMax:5483us JitMin:-3304us"
06.10.2024 20:57:02.003: Cmp=PsSysTask, C=1, E=0, M="AlarmManagerTask State:8257 IecCCnt:531240 CCnt:531240 CTime:103us AvgCTime:677us MaxCTime:394883us MinCTime:66us Jit:378us JitMax:569891us JitMin:-49904us"
06.10.2024 20:57:02.003: Cmp=PsSysTask, C=1, E=0, M="RedundancyTask State:8257 IecCCnt:824306 CCnt:824306 CTime:63us AvgCTime:100us MaxCTime:1365us MinCTime:34us Jit:-16us JitMax:1474us JitMin:-1212us"
06.10.2024 20:57:02.003: Cmp=PsSysTask, C=1, E=0, M="Modbus State:8257 IecCCnt:82423 CCnt:82423 CTime:26us AvgCTime:33us MaxCTime:2654us MinCTime:20us Jit:-82us JitMax:2828us JitMin:-2931us"
06.10.2024 20:57:02.003: Cmp=PsSysTask, C=1, E=0, M="VISU_TASK State:8257 IecCCnt:201347 CCnt:201347 CTime:64us AvgCTime:109181us MaxCTime:890102us MinCTime:37us Jit:95083us JitMax:691373us JitMin:-199924us"
06.10.2024 20:57:02.003: Cmp=PsSysTask, C=1, E=0, M="TASK_PLC_PRG State:8257 IecCCnt:2060565 CCnt:2060565 CTime:2382us AvgCTime:2431us MaxCTime:4378us MinCTime:2139us Jit:-5us JitMax:1882us JitMin:-1348us"
06.10.2024 20:57:02.003: Cmp=PsSysTask, C=1, E=0, M="TASK_DIAGN State:8257 IecCCnt:41212 CCnt:41212 CTime:40698us AvgCTime:41282us MaxCTime:56475us MinCTime:36231us Jit:-192us JitMax:5483us JitMin:-3304us"
06.10.2024 21:02:03.004: Cmp=PsSysTask, C=1, E=0, M="AlarmManagerTask State:8257 IecCCnt:535046 CCnt:535046 CTime:103us AvgCTime:677us MaxCTime:394883us MinCTime:66us Jit:2392us JitMax:569891us JitMin:-49904us"
06.10.2024 21:02:03.004: Cmp=PsSysTask, C=1, E=0, M="RedundancyTask State:8257 IecCCnt:830327 CCnt:830327 CTime:64us AvgCTime:101us MaxCTime:1365us MinCTime:34us Jit:-540us JitMax:1474us JitMin:-1212us"
06.10.2024 21:02:03.004: Cmp=PsSysTask, C=1, E=0, M="Modbus State:8257 IecCCnt:83025 CCnt:83025 CTime:24us AvgCTime:33us MaxCTime:2654us MinCTime:20us Jit:540us JitMax:2828us JitMin:-2931us"
06.10.2024 21:02:03.004: Cmp=PsSysTask, C=1, E=0, M="VISU_TASK State:8257 IecCCnt:202803 CCnt:202803 CTime:69us AvgCTime:109215us MaxCTime:890102us MinCTime:37us Jit:-97067us JitMax:691373us JitMin:-199924us"
06.10.2024 21:02:03.004: Cmp=PsSysTask, C=1, E=0, M="TASK_PLC_PRG State:8257 IecCCnt:2075615 CCnt:2075615 CTime:2873us AvgCTime:2431us MaxCTime:4378us MinCTime:2139us Jit:1us JitMax:1882us JitMin:-1348us"
06.10.2024 21:02:03.004: Cmp=PsSysTask, C=1, E=0, M="TASK_DIAGN State:8257 IecCCnt:41513 CCnt:41513 CTime:40574us AvgCTime:41278us MaxCTime:56475us MinCTime:36231us Jit:-117us JitMax:5483us JitMin:-3304us"
06.10.2024 21:07:04.011: Cmp=PsSysTask, C=1, E=0, M="AlarmManagerTask State:8257 IecCCnt:538926 CCnt:538926 CTime:105us AvgCTime:677us MaxCTime:394883us MinCTime:66us Jit:863us JitMax:569891us JitMin:-49904us"
06.10.2024 21:07:04.011: Cmp=PsSysTask, C=1, E=0, M="RedundancyTask State:8257 IecCCnt:836348 CCnt:836348 CTime:55us AvgCTime:100us MaxCTime:1365us MinCTime:34us Jit:1us JitMax:1474us JitMin:-1212us"
06.10.2024 21:07:04.011: Cmp=PsSysTask, C=1, E=0, M="Modbus State:8257 IecCCnt:83627 CCnt:83627 CTime:23us AvgCTime:33us MaxCTime:2654us MinCTime:20us Jit:-89us JitMax:2828us JitMin:-2931us"
06.10.2024 21:07:04.011: Cmp=PsSysTask, C=1, E=0, M="VISU_TASK State:8257 IecCCnt:204268 CCnt:204268 CTime:84us AvgCTime:109225us MaxCTime:890102us MinCTime:37us Jit:-333us JitMax:691373us JitMin:-199924us"
06.10.2024 21:07:04.011: Cmp=PsSysTask, C=1, E=0, M="TASK_PLC_PRG State:8257 IecCCnt:2090666 CCnt:2090666 CTime:2234us AvgCTime:2431us MaxCTime:4378us MinCTime:2139us Jit:133us JitMax:1939us JitMin:-1348us"
06.10.2024 21:07:04.011: Cmp=PsSysTask, C=1, E=0, M="TASK_DIAGN State:8257 IecCCnt:41814 CCnt:41814 CTime:40031us AvgCTime:41280us MaxCTime:56475us MinCTime:36231us Jit:161us JitMax:5483us JitMin:-3304us"
06.10.2024 21:12:05.012: Cmp=PsSysTask, C=1, E=0, M="AlarmManagerTask State:8257 IecCCnt:542750 CCnt:542750 CTime:105us AvgCTime:676us MaxCTime:394883us MinCTime:66us Jit:4812us JitMax:569891us JitMin:-49904us"
06.10.2024 21:12:05.012: Cmp=PsSysTask, C=1, E=0, M="RedundancyTask State:8257 IecCCnt:842369 CCnt:842369 CTime:63us AvgCTime:100us MaxCTime:1365us MinCTime:34us Jit:-2us JitMax:1474us JitMin:-1212us"
06.10.2024 21:12:05.012: Cmp=PsSysTask, C=1, E=0, M="Modbus State:8257 IecCCnt:84229 CCnt:84229 CTime:26us AvgCTime:33us MaxCTime:2654us MinCTime:20us Jit:-98us JitMax:2828us JitMin:-2931us"
06.10.2024 21:12:05.014: Cmp=PsSysTask, C=1, E=0, M="VISU_TASK State:8259 IecCCnt:205728 CCnt:205728 CTime:85us AvgCTime:109253us MaxCTime:890102us MinCTime:37us Jit:-111178us JitMax:691373us JitMin:-199924us"
06.10.2024 21:12:05.014: Cmp=PsSysTask, C=1, E=0, M="TASK_PLC_PRG State:8257 IecCCnt:2105718 CCnt:2105718 CTime:2194us AvgCTime:2430us MaxCTime:4378us MinCTime:2139us Jit:385us JitMax:1939us JitMin:-1348us"
06.10.2024 21:12:05.014: Cmp=PsSysTask, C=1, E=0, M="TASK_DIAGN State:8257 IecCCnt:42115 CCnt:42115 CTime:40000us AvgCTime:41282us MaxCTime:56475us MinCTime:36231us Jit:-142us JitMax:5483us JitMin:-3304us"
06.10.2024 21:17:06.011: Cmp=PsSysTask, C=1, E=0, M="AlarmManagerTask State:8257 IecCCnt:546579 CCnt:546579 CTime:107us AvgCTime:677us MaxCTime:394883us MinCTime:66us Jit:968us JitMax:569891us JitMin:-49904us"
06.10.2024 21:17:06.011: Cmp=PsSysTask, C=1, E=0, M="RedundancyTask State:8257 IecCCnt:848390 CCnt:848390 CTime:267us AvgCTime:101us MaxCTime:1365us MinCTime:34us Jit:-321us JitMax:1474us JitMin:-1212us"
06.10.2024 21:17:06.011: Cmp=PsSysTask, C=1, E=0, M="Modbus State:8257 IecCCnt:84831 CCnt:84831 CTime:24us AvgCTime:33us MaxCTime:2654us MinCTime:20us Jit:94us JitMax:2828us JitMin:-2931us"
06.10.2024 21:17:06.011: Cmp=PsSysTask, C=1, E=0, M="VISU_TASK State:8257 IecCCnt:207197 CCnt:207197 CTime:88us AvgCTime:109272us MaxCTime:890102us MinCTime:37us Jit:-74273us JitMax:691373us JitMin:-199924us"
06.10.2024 21:17:06.011: Cmp=PsSysTask, C=1, E=0, M="TASK_PLC_PRG State:8257 IecCCnt:2120768 CCnt:2120768 CTime:2203us AvgCTime:2430us MaxCTime:4378us MinCTime:2139us Jit:-22us JitMax:1939us JitMin:-1348us"
06.10.2024 21:17:06.012: Cmp=PsSysTask, C=1, E=0, M="TASK_DIAGN State:8257 IecCCnt:42416 CCnt:42416 CTime:36860us AvgCTime:41277us MaxCTime:56475us MinCTime:36231us Jit:-135us JitMax:5483us JitMin:-3304us"
06.10.2024 21:22:07.004: Cmp=PsSysTask, C=1, E=0, M="AlarmManagerTask State:8257 IecCCnt:550413 CCnt:550413 CTime:106us AvgCTime:678us MaxCTime:394883us MinCTime:66us Jit:209178us JitMax:569891us JitMin:-49904us"
06.10.2024 21:22:07.004: Cmp=PsSysTask, C=1, E=0, M="RedundancyTask State:8257 IecCCnt:854410 CCnt:854410 CTime:65us AvgCTime:100us MaxCTime:1365us MinCTime:34us Jit:-39us JitMax:1474us JitMin:-1212us"
06.10.2024 21:22:07.005: Cmp=PsSysTask, C=1, E=0, M="Modbus State:8257 IecCCnt:85433 CCnt:85433 CTime:38us AvgCTime:34us MaxCTime:2654us MinCTime:20us Jit:-80us JitMax:2828us JitMin:-2931us"
06.10.2024 21:22:07.005: Cmp=PsSysTask, C=1, E=0, M="VISU_TASK State:8257 IecCCnt:208663 CCnt:208663 CTime:62us AvgCTime:109288us MaxCTime:890102us MinCTime:37us Jit:141076us JitMax:691373us JitMin:-199924us"
06.10.2024 21:22:07.005: Cmp=PsSysTask, C=1, E=0, M="TASK_PLC_PRG State:8257 IecCCnt:2135818 CCnt:2135818 CTime:2494us AvgCTime:2430us MaxCTime:4378us MinCTime:2139us Jit:-5us JitMax:1939us JitMin:-1348us"
06.10.2024 21:22:07.005: Cmp=PsSysTask, C=1, E=0, M="TASK_DIAGN State:8257 IecCCnt:42717 CCnt:42717 CTime:46076us AvgCTime:41272us MaxCTime:56475us MinCTime:36231us Jit:-136us JitMax:5483us JitMin:-3304us"
06.10.2024 21:27:08.013: Cmp=PsSysTask, C=1, E=0, M="AlarmManagerTask State:8257 IecCCnt:554264 CCnt:554264 CTime:253us AvgCTime:677us MaxCTime:394883us MinCTime:66us Jit:2850us JitMax:569891us JitMin:-49904us"
06.10.2024 21:27:08.013: Cmp=PsSysTask, C=1, E=0, M="RedundancyTask State:8257 IecCCnt:860431 CCnt:860431 CTime:64us AvgCTime:101us MaxCTime:1365us MinCTime:34us Jit:-111us JitMax:1474us JitMin:-1212us"
06.10.2024 21:27:08.013: Cmp=PsSysTask, C=1, E=0, M="Modbus State:8257 IecCCnt:86035 CCnt:86035 CTime:37us AvgCTime:34us MaxCTime:2654us MinCTime:20us Jit:-56us JitMax:2828us JitMin:-2931us"
06.10.2024 21:27:08.013: Cmp=PsSysTask, C=1, E=0, M="VISU_TASK State:8259 IecCCnt:210130 CCnt:210130 CTime:71us AvgCTime:109294us MaxCTime:890102us MinCTime:37us Jit:-83914us JitMax:691373us JitMin:-199924us"
06.10.2024 21:27:08.013: Cmp=PsSysTask, C=1, E=0, M="TASK_PLC_PRG State:8257 IecCCnt:2150870 CCnt:2150870 CTime:2201us AvgCTime:2430us MaxCTime:4378us MinCTime:2139us Jit:-2us JitMax:1939us JitMin:-1348us"
06.10.2024 21:27:08.013: Cmp=PsSysTask, C=1, E=0, M="TASK_DIAGN State:8257 IecCCnt:43018 CCnt:43018 CTime:40037us AvgCTime:41264us MaxCTime:56475us MinCTime:36231us Jit:-155us JitMax:5483us JitMin:-3304us"
06.10.2024 21:32:09.008: Cmp=PsSysTask, C=1, E=0, M="AlarmManagerTask State:8257 IecCCnt:558104 CCnt:558104 CTime:91us AvgCTime:678us MaxCTime:394883us MinCTime:66us Jit:195098us JitMax:569891us JitMin:-49904us"
06.10.2024 21:32:09.008: Cmp=PsSysTask, C=1, E=0, M="RedundancyTask State:8257 IecCCnt:866452 CCnt:866452 CTime:62us AvgCTime:101us MaxCTime:1365us MinCTime:34us Jit:-40us JitMax:1474us JitMin:-1212us"
06.10.2024 21:32:09.008: Cmp=PsSysTask, C=1, E=0, M="Modbus State:8257 IecCCnt:86637 CCnt:86637 CTime:24us AvgCTime:34us MaxCTime:2654us MinCTime:20us Jit:171us JitMax:2828us JitMin:-2931us"
06.10.2024 21:32:09.008: Cmp=PsSysTask, C=1, E=0, M="VISU_TASK State:8257 IecCCnt:211601 CCnt:211601 CTime:63us AvgCTime:109311us MaxCTime:890102us MinCTime:37us Jit:142309us JitMax:691373us JitMin:-199924us"
06.10.2024 21:32:09.008: Cmp=PsSysTask, C=1, E=0, M="TASK_PLC_PRG State:8257 IecCCnt:2165920 CCnt:2165920 CTime:2197us AvgCTime:2430us MaxCTime:4378us MinCTime:2139us Jit:6us JitMax:1939us JitMin:-1348us"
06.10.2024 21:32:09.008: Cmp=PsSysTask, C=1, E=0, M="TASK_DIAGN State:8257 IecCCnt:43319 CCnt:43319 CTime:40753us AvgCTime:41266us MaxCTime:56475us MinCTime:36231us Jit:180us JitMax:5483us JitMin:-3304us"
06.10.2024 21:37:10.003: Cmp=PsSysTask, C=1, E=0, M="AlarmManagerTask State:8257 IecCCnt:561903 CCnt:561903 CTime:89us AvgCTime:679us MaxCTime:394883us MinCTime:66us Jit:223141us JitMax:569891us JitMin:-49904us"
06.10.2024 21:37:10.003: Cmp=PsSysTask, C=1, E=0, M="RedundancyTask State:8257 IecCCnt:872473 CCnt:872473 CTime:61us AvgCTime:101us MaxCTime:1365us MinCTime:34us Jit:-37us JitMax:1474us JitMin:-1212us"
06.10.2024 21:37:10.003: Cmp=PsSysTask, C=1, E=0, M="Modbus State:8257 IecCCnt:87239 CCnt:87239 CTime:36us AvgCTime:34us MaxCTime:2654us MinCTime:20us Jit:195us JitMax:2828us JitMin:-2931us"
06.10.2024 21:37:10.003: Cmp=PsSysTask, C=1, E=0, M="VISU_TASK State:8257 IecCCnt:213065 CCnt:213065 CTime:63us AvgCTime:109341us MaxCTime:890102us MinCTime:37us Jit:137939us JitMax:691373us JitMin:-199924us"
06.10.2024 21:37:10.003: Cmp=PsSysTask, C=1, E=0, M="TASK_PLC_PRG State:8257 IecCCnt:2180971 CCnt:2180971 CTime:2418us AvgCTime:2430us MaxCTime:4378us MinCTime:2139us Jit:6us JitMax:1939us JitMin:-1348us"
06.10.2024 21:37:10.003: Cmp=PsSysTask, C=1, E=0, M="TASK_DIAGN State:8257 IecCCnt:43620 CCnt:43620 CTime:40998us AvgCTime:41268us MaxCTime:56475us MinCTime:36231us Jit:-109us JitMax:5483us JitMin:-3304us"
06.10.2024 21:42:11.007: Cmp=PsSysTask, C=1, E=0, M="AlarmManagerTask State:8257 IecCCnt:565761 CCnt:565761 CTime:105us AvgCTime:679us MaxCTime:394883us MinCTime:66us Jit:2260us JitMax:569891us JitMin:-49904us"
06.10.2024 21:42:11.008: Cmp=PsSysTask, C=1, E=0, M="RedundancyTask State:8257 IecCCnt:878494 CCnt:878494 CTime:69us AvgCTime:101us MaxCTime:1365us MinCTime:34us Jit:-51us JitMax:1474us JitMin:-1212us"
06.10.2024 21:42:11.008: Cmp=PsSysTask, C=1, E=0, M="Modbus State:8257 IecCCnt:87841 CCnt:87841 CTime:25us AvgCTime:34us MaxCTime:2654us MinCTime:20us Jit:33us JitMax:2828us JitMin:-2931us"
06.10.2024 21:42:11.008: Cmp=PsSysTask, C=1, E=0, M="VISU_TASK State:8257 IecCCnt:214538 CCnt:214538 CTime:1946us AvgCTime:109348us MaxCTime:890102us MinCTime:37us Jit:-105320us JitMax:691373us JitMin:-199924us"
06.10.2024 21:42:11.008: Cmp=PsSysTask, C=1, E=0, M="TASK_PLC_PRG State:8257 IecCCnt:2196023 CCnt:2196023 CTime:2438us AvgCTime:2430us MaxCTime:4378us MinCTime:2139us Jit:-45us JitMax:1939us JitMin:-1348us"
06.10.2024 21:42:11.008: Cmp=PsSysTask, C=1, E=0, M="TASK_DIAGN State:8257 IecCCnt:43921 CCnt:43921 CTime:51685us AvgCTime:41270us MaxCTime:56475us MinCTime:36231us Jit:-126us JitMax:5483us JitMin:-3304us"
06.10.2024 21:47:12.009: Cmp=PsSysTask, C=1, E=0, M="AlarmManagerTask State:8257 IecCCnt:569626 CCnt:569626 CTime:106us AvgCTime:679us MaxCTime:394883us MinCTime:66us Jit:4993us JitMax:569891us JitMin:-49904us"
06.10.2024 21:47:12.009: Cmp=PsSysTask, C=1, E=0, M="RedundancyTask State:8257 IecCCnt:884515 CCnt:884515 CTime:75us AvgCTime:101us MaxCTime:1365us MinCTime:34us Jit:90us JitMax:1474us JitMin:-1212us"
06.10.2024 21:47:12.009: Cmp=PsSysTask, C=1, E=0, M="Modbus State:8257 IecCCnt:88443 CCnt:88443 CTime:36us AvgCTime:34us MaxCTime:2654us MinCTime:20us Jit:269us JitMax:2828us JitMin:-2931us"
06.10.2024 21:47:12.009: Cmp=PsSysTask, C=1, E=0, M="VISU_TASK State:8259 IecCCnt:216000 CCnt:216000 CTime:83us AvgCTime:109355us MaxCTime:890102us MinCTime:37us Jit:-138351us JitMax:691373us JitMin:-199924us"
06.10.2024 21:47:12.009: Cmp=PsSysTask, C=1, E=0, M="TASK_PLC_PRG State:8257 IecCCnt:2211074 CCnt:2211074 CTime:2223us AvgCTime:2430us MaxCTime:4378us MinCTime:2139us Jit:-8us JitMax:1939us JitMin:-1348us"
06.10.2024 21:47:12.009: Cmp=PsSysTask, C=1, E=0, M="TASK_DIAGN State:8257 IecCCnt:44222 CCnt:44222 CTime:41269us AvgCTime:41271us MaxCTime:56475us MinCTime:36231us Jit:-149us JitMax:5483us JitMin:-3304us"
06.10.2024 21:52:13.002: Cmp=PsSysTask, C=1, E=0, M="AlarmManagerTask State:8257 IecCCnt:573413 CCnt:573413 CTime:104us AvgCTime:679us MaxCTime:394883us MinCTime:66us Jit:5381us JitMax:569891us JitMin:-49904us"
06.10.2024 21:52:13.002: Cmp=PsSysTask, C=1, E=0, M="RedundancyTask State:8257 IecCCnt:890536 CCnt:890536 CTime:50us AvgCTime:101us MaxCTime:1365us MinCTime:34us Jit:-31us JitMax:1474us JitMin:-1212us"
06.10.2024 21:52:13.002: Cmp=PsSysTask, C=1, E=0, M="Modbus State:8257 IecCCnt:89045 CCnt:89045 CTime:34us AvgCTime:34us MaxCTime:2654us MinCTime:20us Jit:-85us JitMax:2828us JitMin:-2931us"
06.10.2024 21:52:13.002: Cmp=PsSysTask, C=1, E=0, M="VISU_TASK State:8259 IecCCnt:217455 CCnt:217455 CTime:81us AvgCTime:109388us MaxCTime:890102us MinCTime:37us Jit:-147490us JitMax:691373us JitMin:-199924us"
06.10.2024 21:52:13.002: Cmp=PsSysTask, C=1, E=0, M="TASK_PLC_PRG State:8257 IecCCnt:2226124 CCnt:2226124 CTime:2241us AvgCTime:2430us MaxCTime:4378us MinCTime:2139us Jit:258us JitMax:1939us JitMin:-1348us"
06.10.2024 21:52:13.002: Cmp=PsSysTask, C=1, E=0, M="TASK_DIAGN State:8257 IecCCnt:44523 CCnt:44523 CTime:47524us AvgCTime:41273us MaxCTime:56475us MinCTime:36231us Jit:-465us JitMax:5483us JitMin:-3304us"
06.10.2024 21:57:14.012: Cmp=PsSysTask, C=1, E=0, M="AlarmManagerTask State:8257 IecCCnt:577252 CCnt:577252 CTime:102us AvgCTime:680us MaxCTime:394883us MinCTime:66us Jit:3050us JitMax:569891us JitMin:-49904us"
06.10.2024 21:57:14.012: Cmp=PsSysTask, C=1, E=0, M="RedundancyTask State:8257 IecCCnt:896557 CCnt:896557 CTime:82us AvgCTime:101us MaxCTime:1365us MinCTime:34us Jit:102us JitMax:1474us JitMin:-1212us"
06.10.2024 21:57:14.012: Cmp=PsSysTask, C=1, E=0, M="Modbus State:8257 IecCCnt:89647 CCnt:89647 CTime:28us AvgCTime:34us MaxCTime:2654us MinCTime:20us Jit:-207us JitMax:2828us JitMin:-2931us"
06.10.2024 21:57:14.012: Cmp=PsSysTask, C=1, E=0, M="VISU_TASK State:8259 IecCCnt:218923 CCnt:218923 CTime:79us AvgCTime:109396us MaxCTime:890102us MinCTime:37us Jit:-78424us JitMax:691373us JitMin:-199924us"
06.10.2024 21:57:14.012: Cmp=PsSysTask, C=1, E=0, M="TASK_PLC_PRG State:8257 IecCCnt:2241175 CCnt:2241175 CTime:2572us AvgCTime:2430us MaxCTime:4378us MinCTime:2139us Jit:-8us JitMax:1939us JitMin:-1348us"
06.10.2024 21:57:14.012: Cmp=PsSysTask, C=1, E=0, M="TASK_DIAGN State:8257 IecCCnt:44824 CCnt:44824 CTime:36758us AvgCTime:41273us MaxCTime:56475us MinCTime:36231us Jit:-158us JitMax:5483us JitMin:-3304us"
06.10.2024 22:02:15.008: Cmp=PsSysTask, C=1, E=0, M="AlarmManagerTask State:8257 IecCCnt:581088 CCnt:581088 CTime:106us AvgCTime:680us MaxCTime:394883us MinCTime:66us Jit:3689us JitMax:569891us JitMin:-49904us"
06.10.2024 22:02:15.008: Cmp=PsSysTask, C=1, E=0, M="RedundancyTask State:8257 IecCCnt:902578 CCnt:902578 CTime:68us AvgCTime:101us MaxCTime:1365us MinCTime:34us Jit:-188us JitMax:1474us JitMin:-1212us"
06.10.2024 22:02:15.008: Cmp=PsSysTask, C=1, E=0, M="Modbus State:8257 IecCCnt:90249 CCnt:90249 CTime:39us AvgCTime:34us MaxCTime:2654us MinCTime:20us Jit:-84us JitMax:2828us JitMin:-3123us"
06.10.2024 22:02:15.008: Cmp=PsSysTask, C=1, E=0, M="VISU_TASK State:8259 IecCCnt:220392 CCnt:220392 CTime:78us AvgCTime:109411us MaxCTime:890102us MinCTime:37us Jit:-130329us JitMax:691373us JitMin:-199924us"
06.10.2024 22:02:15.008: Cmp=PsSysTask, C=1, E=0, M="TASK_PLC_PRG State:8257 IecCCnt:2256226 CCnt:2256226 CTime:2773us AvgCTime:2430us MaxCTime:4378us MinCTime:2139us Jit:11us JitMax:1939us JitMin:-1348us"
06.10.2024 22:02:15.008: Cmp=PsSysTask, C=1, E=0, M="TASK_DIAGN State:8257 IecCCnt:45125 CCnt:45125 CTime:50247us AvgCTime:41268us MaxCTime:56475us MinCTime:36231us Jit:214us JitMax:5483us JitMin:-3304us"
06.10.2024 22:07:16.002: Cmp=PsSysTask, C=1, E=0, M="AlarmManagerTask State:8257 IecCCnt:584924 CCnt:584924 CTime:106us AvgCTime:681us MaxCTime:394883us MinCTime:66us Jit:1948us JitMax:569891us JitMin:-49904us"
06.10.2024 22:07:16.002: Cmp=PsSysTask, C=1, E=0, M="RedundancyTask State:8257 IecCCnt:908599 CCnt:908599 CTime:51us AvgCTime:101us MaxCTime:1365us MinCTime:34us Jit:-32us JitMax:1474us JitMin:-1212us"
06.10.2024 22:07:16.002: Cmp=PsSysTask, C=1, E=0, M="Modbus State:8257 IecCCnt:90851 CCnt:90851 CTime:26us AvgCTime:34us MaxCTime:2654us MinCTime:20us Jit:-102us JitMax:2828us JitMin:-3123us"
06.10.2024 22:07:16.002: Cmp=PsSysTask, C=1, E=0, M="VISU_TASK State:8259 IecCCnt:221860 CCnt:221860 CTime:85us AvgCTime:109423us MaxCTime:890102us MinCTime:37us Jit:-109402us JitMax:691373us JitMin:-199924us"
06.10.2024 22:07:16.002: Cmp=PsSysTask, C=1, E=0, M="TASK_PLC_PRG State:8257 IecCCnt:2271276 CCnt:2271276 CTime:2222us AvgCTime:2430us MaxCTime:4378us MinCTime:2139us Jit:-14us JitMax:1939us JitMin:-1348us"
06.10.2024 22:07:16.002: Cmp=PsSysTask, C=1, E=0, M="TASK_DIAGN State:8257 IecCCnt:45426 CCnt:45426 CTime:37075us AvgCTime:41266us MaxCTime:56475us MinCTime:36231us Jit:-165us JitMax:5483us JitMin:-3304us"
06.10.2024 22:12:17.010: Cmp=PsSysTask, C=1, E=0, M="AlarmManagerTask State:8257 IecCCnt:588738 CCnt:588738 CTime:104us AvgCTime:680us MaxCTime:394883us MinCTime:66us Jit:866us JitMax:569891us JitMin:-49904us"
06.10.2024 22:12:17.010: Cmp=PsSysTask, C=1, E=0, M="RedundancyTask State:8257 IecCCnt:914620 CCnt:914620 CTime:65us AvgCTime:101us MaxCTime:1365us MinCTime:34us Jit:258us JitMax:1474us JitMin:-1212us"
06.10.2024 22:12:17.010: Cmp=PsSysTask, C=1, E=0, M="Modbus State:8257 IecCCnt:91453 CCnt:91453 CTime:25us AvgCTime:34us MaxCTime:2654us MinCTime:20us Jit:-59us JitMax:2828us JitMin:-3123us"
06.10.2024 22:12:17.010: Cmp=PsSysTask, C=1, E=0, M="VISU_TASK State:8259 IecCCnt:223325 CCnt:223325 CTime:90us AvgCTime:109442us MaxCTime:890102us MinCTime:37us Jit:-88152us JitMax:691373us JitMin:-199924us"
06.10.2024 22:12:17.010: Cmp=PsSysTask, C=1, E=0, M="TASK_PLC_PRG State:8257 IecCCnt:2286327 CCnt:2286327 CTime:2234us AvgCTime:2430us MaxCTime:4378us MinCTime:2139us Jit:13us JitMax:1939us JitMin:-1348us"
06.10.2024 22:12:17.010: Cmp=PsSysTask, C=1, E=0, M="TASK_DIAGN State:8257 IecCCnt:45727 CCnt:45727 CTime:40441us AvgCTime:41260us MaxCTime:56475us MinCTime:36231us Jit:179us JitMax:5483us JitMin:-3304us"
06.10.2024 22:17:18.007: Cmp=PsSysTask, C=1, E=0, M="AlarmManagerTask State:8257 IecCCnt:592616 CCnt:592616 CTime:104us AvgCTime:680us MaxCTime:394883us MinCTime:66us Jit:2013us JitMax:569891us JitMin:-49904us"
06.10.2024 22:17:18.007: Cmp=PsSysTask, C=1, E=0, M="RedundancyTask State:8257 IecCCnt:920640 CCnt:920640 CTime:65us AvgCTime:101us MaxCTime:1365us MinCTime:34us Jit:8us JitMax:1474us JitMin:-1212us"
06.10.2024 22:17:18.007: Cmp=PsSysTask, C=1, E=0, M="Modbus State:8257 IecCCnt:92055 CCnt:92055 CTime:29us AvgCTime:34us MaxCTime:2654us MinCTime:20us Jit:-89us JitMax:2828us JitMin:-3123us"
06.10.2024 22:17:18.007: Cmp=PsSysTask, C=1, E=0, M="VISU_TASK State:8259 IecCCnt:224790 CCnt:224790 CTime:78us AvgCTime:109454us MaxCTime:890102us MinCTime:37us Jit:-122497us JitMax:691373us JitMin:-199924us"
06.10.2024 22:17:18.007: Cmp=PsSysTask, C=1, E=0, M="TASK_PLC_PRG State:8257 IecCCnt:2301378 CCnt:2301378 CTime:2226us AvgCTime:2430us MaxCTime:4378us MinCTime:2139us Jit:-9us JitMax:1939us JitMin:-1348us"
06.10.2024 22:17:18.007: Cmp=PsSysTask, C=1, E=0, M="TASK_DIAGN State:8257 IecCCnt:46028 CCnt:46028 CTime:40694us AvgCTime:41262us MaxCTime:56475us MinCTime:36231us Jit:-115us JitMax:5483us JitMin:-3304us"
06.10.2024 22:22:19.001: Cmp=PsSysTask, C=1, E=0, M="AlarmManagerTask State:8257 IecCCnt:596438 CCnt:596438 CTime:481us AvgCTime:681us MaxCTime:394883us MinCTime:66us Jit:386us JitMax:569891us JitMin:-49904us"
06.10.2024 22:22:19.001: Cmp=PsSysTask, C=1, E=0, M="RedundancyTask State:8257 IecCCnt:926661 CCnt:926661 CTime:63us AvgCTime:101us MaxCTime:1365us MinCTime:34us Jit:17us JitMax:1474us JitMin:-1212us"
06.10.2024 22:22:19.001: Cmp=PsSysTask, C=1, E=0, M="Modbus State:8257 IecCCnt:92657 CCnt:92657 CTime:35us AvgCTime:34us MaxCTime:2654us MinCTime:20us Jit:-226us JitMax:2828us JitMin:-3123us"
06.10.2024 22:22:19.001: Cmp=PsSysTask, C=1, E=0, M="VISU_TASK State:8259 IecCCnt:226251 CCnt:226251 CTime:90us AvgCTime:109476us MaxCTime:890102us MinCTime:37us Jit:-97996us JitMax:691373us JitMin:-199924us"
06.10.2024 22:22:19.001: Cmp=PsSysTask, C=1, E=0, M="TASK_PLC_PRG State:8257 IecCCnt:2316428 CCnt:2316428 CTime:2518us AvgCTime:2430us MaxCTime:4378us MinCTime:2139us Jit:248us JitMax:1939us JitMin:-1348us"
06.10.2024 22:22:19.001: Cmp=PsSysTask, C=1, E=0, M="TASK_DIAGN State:8257 IecCCnt:46329 CCnt:46329 CTime:40076us AvgCTime:41256us MaxCTime:56475us MinCTime:36231us Jit:-152us JitMax:5483us JitMin:-3304us"
06.10.2024 22:27:20.009: Cmp=PsSysTask, C=1, E=0, M="AlarmManagerTask State:8257 IecCCnt:600273 CCnt:600273 CTime:101us AvgCTime:681us MaxCTime:394883us MinCTime:66us Jit:216009us JitMax:569891us JitMin:-49904us"
06.10.2024 22:27:20.009: Cmp=PsSysTask, C=1, E=0, M="RedundancyTask State:8257 IecCCnt:932682 CCnt:932682 CTime:61us AvgCTime:101us MaxCTime:1365us MinCTime:34us Jit:6us JitMax:1474us JitMin:-1212us"
06.10.2024 22:27:20.009: Cmp=PsSysTask, C=1, E=0, M="Modbus State:8257 IecCCnt:93260 CCnt:93260 CTime:39us AvgCTime:34us MaxCTime:2654us MinCTime:20us Jit:-296us JitMax:2828us JitMin:-3123us"
06.10.2024 22:27:20.010: Cmp=PsSysTask, C=1, E=0, M="VISU_TASK State:8257 IecCCnt:227719 CCnt:227719 CTime:63us AvgCTime:109486us MaxCTime:890102us MinCTime:37us Jit:110463us JitMax:691373us JitMin:-199924us"
06.10.2024 22:27:20.010: Cmp=PsSysTask, C=1, E=0, M="TASK_PLC_PRG State:8257 IecCCnt:2331480 CCnt:2331480 CTime:2555us AvgCTime:2430us MaxCTime:4378us MinCTime:2139us Jit:-6us JitMax:1939us JitMin:-1348us"
06.10.2024 22:27:20.010: Cmp=PsSysTask, C=1, E=0, M="TASK_DIAGN State:8257 IecCCnt:46630 CCnt:46630 CTime:40789us AvgCTime:41250us MaxCTime:56475us MinCTime:36231us Jit:43us JitMax:5483us JitMin:-3304us"
06.10.2024 22:32:21.003: Cmp=PsSysTask, C=1, E=0, M="AlarmManagerTask State:8257 IecCCnt:604105 CCnt:604105 CTime:106us AvgCTime:681us MaxCTime:394883us MinCTime:66us Jit:-208us JitMax:569891us JitMin:-49904us"
06.10.2024 22:32:21.003: Cmp=PsSysTask, C=1, E=0, M="RedundancyTask State:8257 IecCCnt:938703 CCnt:938703 CTime:61us AvgCTime:101us MaxCTime:1365us MinCTime:34us Jit:-347us JitMax:1474us JitMin:-1212us"
06.10.2024 22:32:21.003: Cmp=PsSysTask, C=1, E=0, M="Modbus State:8257 IecCCnt:93862 CCnt:93862 CTime:27us AvgCTime:34us MaxCTime:2654us MinCTime:20us Jit:-72us JitMax:2828us JitMin:-3123us"
06.10.2024 22:32:21.003: Cmp=PsSysTask, C=1, E=0, M="VISU_TASK State:8257 IecCCnt:229190 CCnt:229190 CTime:64us AvgCTime:109501us MaxCTime:890102us MinCTime:37us Jit:130813us JitMax:691373us JitMin:-199924us"
06.10.2024 22:32:21.003: Cmp=PsSysTask, C=1, E=0, M="TASK_PLC_PRG State:8257 IecCCnt:2346531 CCnt:2346531 CTime:2225us AvgCTime:2430us MaxCTime:4378us MinCTime:2139us Jit:316us JitMax:1939us JitMin:-1348us"
06.10.2024 22:32:21.003: Cmp=PsSysTask, C=1, E=0, M="TASK_DIAGN State:8257 IecCCnt:46931 CCnt:46931 CTime:42743us AvgCTime:41253us MaxCTime:56475us MinCTime:36231us Jit:-4us JitMax:5483us JitMin:-3304us"
06.10.2024 22:37:22.001: Cmp=PsSysTask, C=1, E=0, M="AlarmManagerTask State:8257 IecCCnt:607936 CCnt:607936 CTime:104us AvgCTime:682us MaxCTime:394883us MinCTime:66us Jit:6661us JitMax:569891us JitMin:-49904us"
06.10.2024 22:37:22.001: Cmp=PsSysTask, C=1, E=0, M="RedundancyTask State:8257 IecCCnt:944724 CCnt:944724 CTime:64us AvgCTime:101us MaxCTime:1365us MinCTime:34us Jit:299us JitMax:1474us JitMin:-1212us"
06.10.2024 22:37:22.001: Cmp=PsSysTask, C=1, E=0, M="Modbus State:8257 IecCCnt:94464 CCnt:94464 CTime:36us AvgCTime:34us MaxCTime:2654us MinCTime:20us Jit:5us JitMax:2828us JitMin:-3123us"
06.10.2024 22:37:22.001: Cmp=PsSysTask, C=1, E=0, M="VISU_TASK State:8259 IecCCnt:230653 CCnt:230653 CTime:139us AvgCTime:109516us MaxCTime:890102us MinCTime:37us Jit:-117111us JitMax:691373us JitMin:-199924us"
06.10.2024 22:37:22.001: Cmp=PsSysTask, C=1, E=0, M="TASK_PLC_PRG State:8257 IecCCnt:2361582 CCnt:2361582 CTime:2238us AvgCTime:2430us MaxCTime:4378us MinCTime:2139us Jit:-18us JitMax:1939us JitMin:-1348us"
06.10.2024 22:37:22.001: Cmp=PsSysTask, C=1, E=0, M="TASK_DIAGN State:8257 IecCCnt:47232 CCnt:47232 CTime:41776us AvgCTime:41257us MaxCTime:56475us MinCTime:36231us Jit:-152us JitMax:5483us JitMin:-3304us"
06.10.2024 22:42:23.008: Cmp=PsSysTask, C=1, E=0, M="AlarmManagerTask State:8257 IecCCnt:611795 CCnt:611795 CTime:106us AvgCTime:681us MaxCTime:394883us MinCTime:66us Jit:-625us JitMax:569891us JitMin:-49904us"
06.10.2024 22:42:23.008: Cmp=PsSysTask, C=1, E=0, M="RedundancyTask State:8257 IecCCnt:950745 CCnt:950745 CTime:59us AvgCTime:101us MaxCTime:1365us MinCTime:34us Jit:-22us JitMax:1474us JitMin:-1212us"
06.10.2024 22:42:23.008: Cmp=PsSysTask, C=1, E=0, M="Modbus State:8257 IecCCnt:95066 CCnt:95066 CTime:26us AvgCTime:34us MaxCTime:2654us MinCTime:20us Jit:-13us JitMax:2828us JitMin:-3123us"
06.10.2024 22:42:23.008: Cmp=PsSysTask, C=1, E=0, M="VISU_TASK State:8257 IecCCnt:232124 CCnt:232124 CTime:85us AvgCTime:109521us MaxCTime:890102us MinCTime:37us Jit:-104554us JitMax:691373us JitMin:-199924us"
06.10.2024 22:42:23.008: Cmp=PsSysTask, C=1, E=0, M="TASK_PLC_PRG State:8257 IecCCnt:2376632 CCnt:2376632 CTime:2207us AvgCTime:2430us MaxCTime:4378us MinCTime:2139us Jit:-295us JitMax:1939us JitMin:-1348us"
06.10.2024 22:42:23.008: Cmp=PsSysTask, C=1, E=0, M="TASK_DIAGN State:8257 IecCCnt:47533 CCnt:47533 CTime:40866us AvgCTime:41260us MaxCTime:56475us MinCTime:36231us Jit:-143us JitMax:5483us JitMin:-3304us"
06.10.2024 22:47:24.007: Cmp=PsSysTask, C=1, E=0, M="AlarmManagerTask State:8257 IecCCnt:615623 CCnt:615623 CTime:92us AvgCTime:682us MaxCTime:394883us MinCTime:66us Jit:2144us JitMax:569891us JitMin:-49904us"
06.10.2024 22:47:24.008: Cmp=PsSysTask, C=1, E=0, M="RedundancyTask State:8257 IecCCnt:956766 CCnt:956766 CTime:60us AvgCTime:101us MaxCTime:1365us MinCTime:34us Jit:7us JitMax:1474us JitMin:-1212us"
06.10.2024 22:47:24.008: Cmp=PsSysTask, C=1, E=0, M="Modbus State:8257 IecCCnt:95668 CCnt:95668 CTime:24us AvgCTime:34us MaxCTime:2654us MinCTime:20us Jit:184us JitMax:2828us JitMin:-3123us"
06.10.2024 22:47:24.008: Cmp=PsSysTask, C=1, E=0, M="VISU_TASK State:8259 IecCCnt:233587 CCnt:233587 CTime:88us AvgCTime:109542us MaxCTime:890102us MinCTime:37us Jit:-69098us JitMax:691373us JitMin:-199924us"
06.10.2024 22:47:24.008: Cmp=PsSysTask, C=1, E=0, M="TASK_PLC_PRG State:8257 IecCCnt:2391683 CCnt:2391683 CTime:2576us AvgCTime:2430us MaxCTime:4378us MinCTime:2139us Jit:17us JitMax:1939us JitMin:-1348us"
06.10.2024 22:47:24.008: Cmp=PsSysTask, C=1, E=0, M="TASK_DIAGN State:8257 IecCCnt:47834 CCnt:47834 CTime:41089us AvgCTime:41256us MaxCTime:56475us MinCTime:36231us Jit:-378us JitMax:5483us JitMin:-3304us"
06.10.2024 22:52:25.013: Cmp=PsSysTask, C=1, E=0, M="AlarmManagerTask State:8257 IecCCnt:619478 CCnt:619478 CTime:108us AvgCTime:683us MaxCTime:394883us MinCTime:66us Jit:-423us JitMax:569891us JitMin:-49904us"
06.10.2024 22:52:25.013: Cmp=PsSysTask, C=1, E=0, M="RedundancyTask State:8257 IecCCnt:962787 CCnt:962787 CTime:71us AvgCTime:101us MaxCTime:1365us MinCTime:34us Jit:278us JitMax:1474us JitMin:-1212us"
06.10.2024 22:52:25.013: Cmp=PsSysTask, C=1, E=0, M="Modbus State:8257 IecCCnt:96270 CCnt:96270 CTime:27us AvgCTime:34us MaxCTime:2654us MinCTime:20us Jit:-223us JitMax:2828us JitMin:-3123us"
06.10.2024 22:52:25.013: Cmp=PsSysTask, C=1, E=0, M="VISU_TASK State:8257 IecCCnt:235058 CCnt:235058 CTime:3354us AvgCTime:109548us MaxCTime:890102us MinCTime:37us Jit:-132590us JitMax:691373us JitMin:-199924us"
06.10.2024 22:52:25.013: Cmp=PsSysTask, C=1, E=0, M="TASK_PLC_PRG State:8257 IecCCnt:2406735 CCnt:2406735 CTime:2917us AvgCTime:2430us MaxCTime:4378us MinCTime:2139us Jit:12us JitMax:1939us JitMin:-1348us"
06.10.2024 22:52:25.013: Cmp=PsSysTask, C=1, E=0, M="TASK_DIAGN State:8257 IecCCnt:48135 CCnt:48135 CTime:42617us AvgCTime:41259us MaxCTime:56475us MinCTime:36231us Jit:-272us JitMax:5483us JitMin:-3304us"
06.10.2024 22:57:26.001: Cmp=PsSysTask, C=1, E=0, M="AlarmManagerTask State:8257 IecCCnt:623319 CCnt:623319 CTime:104us AvgCTime:683us MaxCTime:394883us MinCTime:66us Jit:1272us JitMax:569891us JitMin:-49904us"
06.10.2024 22:57:26.001: Cmp=PsSysTask, C=1, E=0, M="RedundancyTask State:8257 IecCCnt:968808 CCnt:968808 CTime:62us AvgCTime:101us MaxCTime:1365us MinCTime:34us Jit:13us JitMax:1474us JitMin:-1212us"
06.10.2024 22:57:26.001: Cmp=PsSysTask, C=1, E=0, M="Modbus State:8257 IecCCnt:96872 CCnt:96872 CTime:27us AvgCTime:34us MaxCTime:2654us MinCTime:20us Jit:-368us JitMax:2828us JitMin:-3123us"
06.10.2024 22:57:26.001: Cmp=PsSysTask, C=1, E=0, M="VISU_TASK State:8257 IecCCnt:236526 CCnt:236526 CTime:86us AvgCTime:109554us MaxCTime:890102us MinCTime:37us Jit:-135427us JitMax:691373us JitMin:-199924us"
06.10.2024 22:57:26.001: Cmp=PsSysTask, C=1, E=0, M="TASK_PLC_PRG State:8257 IecCCnt:2421785 CCnt:2421785 CTime:2197us AvgCTime:2430us MaxCTime:4378us MinCTime:2139us Jit:225us JitMax:1939us JitMin:-1348us"
06.10.2024 22:57:26.001: Cmp=PsSysTask, C=1, E=0, M="TASK_DIAGN State:8257 IecCCnt:48436 CCnt:48436 CTime:42534us AvgCTime:41261us MaxCTime:56475us MinCTime:36231us Jit:68us JitMax:5483us JitMin:-3304us"
06.10.2024 23:02:27.004: Cmp=PsSysTask, C=1, E=0, M="AlarmManagerTask State:8257 IecCCnt:627157 CCnt:627157 CTime:104us AvgCTime:683us MaxCTime:394883us MinCTime:66us Jit:4311us JitMax:569891us JitMin:-49904us"
06.10.2024 23:02:27.004: Cmp=PsSysTask, C=1, E=0, M="RedundancyTask State:8257 IecCCnt:974829 CCnt:974829 CTime:69us AvgCTime:101us MaxCTime:1365us MinCTime:34us Jit:-6us JitMax:1474us JitMin:-1212us"
06.10.2024 23:02:27.004: Cmp=PsSysTask, C=1, E=0, M="Modbus State:8257 IecCCnt:97474 CCnt:97474 CTime:27us AvgCTime:33us MaxCTime:2654us MinCTime:20us Jit:-65us JitMax:2828us JitMin:-3123us"
06.10.2024 23:02:27.004: Cmp=PsSysTask, C=1, E=0, M="VISU_TASK State:8259 IecCCnt:237992 CCnt:237992 CTime:86us AvgCTime:109568us MaxCTime:890102us MinCTime:37us Jit:-138905us JitMax:691373us JitMin:-199924us"
06.10.2024 23:02:27.004: Cmp=PsSysTask, C=1, E=0, M="TASK_PLC_PRG State:8257 IecCCnt:2436836 CCnt:2436836 CTime:3122us AvgCTime:2430us MaxCTime:4378us MinCTime:2139us Jit:-1us JitMax:1939us JitMin:-1348us"
06.10.2024 23:02:27.004: Cmp=PsSysTask, C=1, E=0, M="TASK_DIAGN State:8257 IecCCnt:48737 CCnt:48737 CTime:41301us AvgCTime:41263us MaxCTime:56475us MinCTime:36231us Jit:229us JitMax:5483us JitMin:-3304us"
06.10.2024 23:07:28.003: Cmp=PsSysTask, C=1, E=0, M="AlarmManagerTask State:8257 IecCCnt:631016 CCnt:631016 CTime:106us AvgCTime:683us MaxCTime:394883us MinCTime:66us Jit:-276us JitMax:569891us JitMin:-49904us"
06.10.2024 23:07:28.003: Cmp=PsSysTask, C=1, E=0, M="RedundancyTask State:8257 IecCCnt:980850 CCnt:980850 CTime:62us AvgCTime:101us MaxCTime:1365us MinCTime:34us Jit:-17us JitMax:1474us JitMin:-1212us"
06.10.2024 23:07:28.003: Cmp=PsSysTask, C=1, E=0, M="Modbus State:8257 IecCCnt:98076 CCnt:98076 CTime:28us AvgCTime:33us MaxCTime:2654us MinCTime:20us Jit:-507us JitMax:2828us JitMin:-3123us"
06.10.2024 23:07:28.003: Cmp=PsSysTask, C=1, E=0, M="VISU_TASK State:8257 IecCCnt:239460 CCnt:239460 CTime:82us AvgCTime:109573us MaxCTime:890102us MinCTime:37us Jit:-73702us JitMax:691373us JitMin:-199924us"
06.10.2024 23:07:28.003: Cmp=PsSysTask, C=1, E=0, M="TASK_PLC_PRG State:8257 IecCCnt:2451886 CCnt:2451886 CTime:2582us AvgCTime:2430us MaxCTime:4378us MinCTime:2139us Jit:-338us JitMax:1939us JitMin:-1348us"
06.10.2024 23:07:28.003: Cmp=PsSysTask, C=1, E=0, M="TASK_DIAGN State:8257 IecCCnt:49038 CCnt:49038 CTime:40751us AvgCTime:41265us MaxCTime:56475us MinCTime:36231us Jit:-206us JitMax:5483us JitMin:-3304us"
06.10.2024 23:12:29.003: Cmp=PsSysTask, C=1, E=0, M="AlarmManagerTask State:8257 IecCCnt:634880 CCnt:634880 CTime:105us AvgCTime:684us MaxCTime:394883us MinCTime:66us Jit:6071us JitMax:569891us JitMin:-49904us"
06.10.2024 23:12:29.003: Cmp=PsSysTask, C=1, E=0, M="RedundancyTask State:8257 IecCCnt:986870 CCnt:986870 CTime:67us AvgCTime:101us MaxCTime:1365us MinCTime:34us Jit:-13us JitMax:1474us JitMin:-1212us"
06.10.2024 23:12:29.003: Cmp=PsSysTask, C=1, E=0, M="Modbus State:8257 IecCCnt:98678 CCnt:98678 CTime:26us AvgCTime:33us MaxCTime:2654us MinCTime:20us Jit:-265us JitMax:2828us JitMin:-3123us"
06.10.2024 23:12:29.004: Cmp=PsSysTask, C=1, E=0, M="VISU_TASK State:8259 IecCCnt:240932 CCnt:240932 CTime:68us AvgCTime:109575us MaxCTime:890102us MinCTime:37us Jit:-150590us JitMax:691373us JitMin:-199924us"
06.10.2024 23:12:29.004: Cmp=PsSysTask, C=1, E=0, M="TASK_PLC_PRG State:8257 IecCCnt:2466938 CCnt:2466938 CTime:2565us AvgCTime:2430us MaxCTime:4378us MinCTime:2139us Jit:-248us JitMax:1939us JitMin:-1348us"
06.10.2024 23:12:29.004: Cmp=PsSysTask, C=1, E=0, M="TASK_DIAGN State:8257 IecCCnt:49339 CCnt:49339 CTime:37758us AvgCTime:41265us MaxCTime:56475us MinCTime:36231us Jit:-174us JitMax:5483us JitMin:-3574us"
06.10.2024 23:17:30.002: Cmp=PsSysTask, C=1, E=0, M="AlarmManagerTask State:8257 IecCCnt:638706 CCnt:638706 CTime:102us AvgCTime:683us MaxCTime:394883us MinCTime:66us Jit:92us JitMax:569891us JitMin:-49904us"
06.10.2024 23:17:30.002: Cmp=PsSysTask, C=1, E=0, M="RedundancyTask State:8257 IecCCnt:992891 CCnt:992891 CTime:65us AvgCTime:101us MaxCTime:1365us MinCTime:34us Jit:-335us JitMax:1474us JitMin:-1212us"
06.10.2024 23:17:30.002: Cmp=PsSysTask, C=1, E=0, M="Modbus State:8257 IecCCnt:99280 CCnt:99280 CTime:28us AvgCTime:33us MaxCTime:2654us MinCTime:20us Jit:-82us JitMax:2828us JitMin:-3123us"
06.10.2024 23:17:30.002: Cmp=PsSysTask, C=1, E=0, M="VISU_TASK State:8257 IecCCnt:242391 CCnt:242391 CTime:81us AvgCTime:109596us MaxCTime:890102us MinCTime:37us Jit:-91410us JitMax:691373us JitMin:-199924us"
06.10.2024 23:17:30.002: Cmp=PsSysTask, C=1, E=0, M="TASK_PLC_PRG State:8257 IecCCnt:2481989 CCnt:2481989 CTime:2251us AvgCTime:2430us MaxCTime:4378us MinCTime:2139us Jit:14us JitMax:1939us JitMin:-1348us"
06.10.2024 23:17:30.003: Cmp=PsSysTask, C=1, E=0, M="TASK_DIAGN State:8257 IecCCnt:49640 CCnt:49640 CTime:40336us AvgCTime:41265us MaxCTime:56475us MinCTime:36231us Jit:-120us JitMax:5483us JitMin:-3574us"
06.10.2024 23:22:31.000: Cmp=PsSysTask, C=1, E=0, M="AlarmManagerTask State:8257 IecCCnt:642542 CCnt:642542 CTime:99us AvgCTime:684us MaxCTime:394883us MinCTime:66us Jit:-76us JitMax:569891us JitMin:-49904us"
06.10.2024 23:22:31.000: Cmp=PsSysTask, C=1, E=0, M="RedundancyTask State:8257 IecCCnt:998912 CCnt:998912 CTime:70us AvgCTime:101us MaxCTime:1365us MinCTime:34us Jit:-402us JitMax:1474us JitMin:-1212us"
06.10.2024 23:22:31.000: Cmp=PsSysTask, C=1, E=0, M="Modbus State:8257 IecCCnt:99882 CCnt:99882 CTime:25us AvgCTime:33us MaxCTime:2654us MinCTime:20us Jit:-252us JitMax:2828us JitMin:-3123us"
06.10.2024 23:22:31.000: Cmp=PsSysTask, C=1, E=0, M="VISU_TASK State:8257 IecCCnt:243849 CCnt:243849 CTime:61us AvgCTime:109611us MaxCTime:890102us MinCTime:37us Jit:93058us JitMax:691373us JitMin:-199924us"
06.10.2024 23:22:31.000: Cmp=PsSysTask, C=1, E=0, M="TASK_PLC_PRG State:8257 IecCCnt:2497040 CCnt:2497040 CTime:2213us AvgCTime:2430us MaxCTime:4378us MinCTime:2139us Jit:-320us JitMax:1939us JitMin:-1348us"
06.10.2024 23:22:31.000: Cmp=PsSysTask, C=1, E=0, M="TASK_DIAGN State:8257 IecCCnt:49941 CCnt:49941 CTime:40212us AvgCTime:41266us MaxCTime:56475us MinCTime:36231us Jit:-150us JitMax:5483us JitMin:-3574us"
06.10.2024 23:27:32.009: Cmp=PsSysTask, C=1, E=0, M="AlarmManagerTask State:8257 IecCCnt:646377 CCnt:646377 CTime:104us AvgCTime:684us MaxCTime:394883us MinCTime:66us Jit:236us JitMax:569891us JitMin:-49904us"
06.10.2024 23:27:32.009: Cmp=PsSysTask, C=1, E=0, M="RedundancyTask State:8257 IecCCnt:1004933 CCnt:1004933 CTime:65us AvgCTime:101us MaxCTime:1365us MinCTime:34us Jit:-11us JitMax:1474us JitMin:-1212us"
06.10.2024 23:27:32.009: Cmp=PsSysTask, C=1, E=0, M="Modbus State:8257 IecCCnt:100484 CCnt:100484 CTime:32us AvgCTime:33us MaxCTime:2654us MinCTime:20us Jit:-396us JitMax:2828us JitMin:-3123us"
06.10.2024 23:27:32.009: Cmp=PsSysTask, C=1, E=0, M="VISU_TASK State:8259 IecCCnt:245312 CCnt:245312 CTime:87us AvgCTime:109626us MaxCTime:890102us MinCTime:37us Jit:-147016us JitMax:691373us JitMin:-199924us"
06.10.2024 23:27:32.010: Cmp=PsSysTask, C=1, E=0, M="TASK_PLC_PRG State:8257 IecCCnt:2512090 CCnt:2512090 CTime:2381us AvgCTime:2430us MaxCTime:4378us MinCTime:2139us Jit:-6us JitMax:1939us JitMin:-1348us"
06.10.2024 23:27:32.010: Cmp=PsSysTask, C=1, E=0, M="TASK_DIAGN State:8257 IecCCnt:50242 CCnt:50242 CTime:40977us AvgCTime:41269us MaxCTime:56475us MinCTime:36231us Jit:394us JitMax:5483us JitMin:-3574us"
06.10.2024 23:32:33.003: Cmp=PsSysTask, C=1, E=0, M="AlarmManagerTask State:8257 IecCCnt:650212 CCnt:650212 CTime:100us AvgCTime:684us MaxCTime:394883us MinCTime:66us Jit:2985us JitMax:569891us JitMin:-49904us"
06.10.2024 23:32:33.003: Cmp=PsSysTask, C=1, E=0, M="RedundancyTask State:8257 IecCCnt:1010954 CCnt:1010954 CTime:79us AvgCTime:101us MaxCTime:1365us MinCTime:34us Jit:-270us JitMax:1474us JitMin:-1212us"
06.10.2024 23:32:33.003: Cmp=PsSysTask, C=1, E=0, M="Modbus State:8257 IecCCnt:101086 CCnt:101086 CTime:31us AvgCTime:33us MaxCTime:2654us MinCTime:20us Jit:-91us JitMax:2828us JitMin:-3123us"
06.10.2024 23:32:33.003: Cmp=PsSysTask, C=1, E=0, M="VISU_TASK State:8259 IecCCnt:246772 CCnt:246772 CTime:73us AvgCTime:109642us MaxCTime:890102us MinCTime:37us Jit:-91338us JitMax:691373us JitMin:-199924us"
06.10.2024 23:32:33.003: Cmp=PsSysTask, C=1, E=0, M="TASK_PLC_PRG State:8257 IecCCnt:2527141 CCnt:2527141 CTime:2354us AvgCTime:2430us MaxCTime:4378us MinCTime:2139us Jit:10us JitMax:1939us JitMin:-1348us"
06.10.2024 23:32:33.003: Cmp=PsSysTask, C=1, E=0, M="TASK_DIAGN State:8257 IecCCnt:50543 CCnt:50543 CTime:40910us AvgCTime:41271us MaxCTime:56475us MinCTime:36231us Jit:-186us JitMax:5483us JitMin:-3574us"
06.10.2024 23:37:34.010: Cmp=PsSysTask, C=1, E=0, M="AlarmManagerTask State:8257 IecCCnt:654100 CCnt:654100 CTime:107us AvgCTime:685us MaxCTime:394883us MinCTime:66us Jit:2720us JitMax:569891us JitMin:-49904us"
06.10.2024 23:37:34.010: Cmp=PsSysTask, C=1, E=0, M="RedundancyTask State:8257 IecCCnt:1016975 CCnt:1016975 CTime:66us AvgCTime:101us MaxCTime:1365us MinCTime:34us Jit:-295us JitMax:1474us JitMin:-1212us"
06.10.2024 23:37:34.010: Cmp=PsSysTask, C=1, E=0, M="Modbus State:8257 IecCCnt:101688 CCnt:101688 CTime:27us AvgCTime:33us MaxCTime:2654us MinCTime:20us Jit:-61us JitMax:2828us JitMin:-3123us"
06.10.2024 23:37:34.010: Cmp=PsSysTask, C=1, E=0, M="VISU_TASK State:8259 IecCCnt:248248 CCnt:248248 CTime:85us AvgCTime:109639us MaxCTime:890102us MinCTime:37us Jit:-80128us JitMax:691373us JitMin:-199924us"
06.10.2024 23:37:34.010: Cmp=PsSysTask, C=1, E=0, M="TASK_PLC_PRG State:8257 IecCCnt:2542193 CCnt:2542193 CTime:2838us AvgCTime:2430us MaxCTime:4378us MinCTime:2139us Jit:260us JitMax:1939us JitMin:-1348us"
06.10.2024 23:37:34.010: Cmp=PsSysTask, C=1, E=0, M="TASK_DIAGN State:8257 IecCCnt:50844 CCnt:50844 CTime:41686us AvgCTime:41272us MaxCTime:56475us MinCTime:36231us Jit:-137us JitMax:5483us JitMin:-3574us"
06.10.2024 23:42:35.002: Cmp=PsSysTask, C=1, E=0, M="AlarmManagerTask State:8257 IecCCnt:657893 CCnt:657893 CTime:89us AvgCTime:684us MaxCTime:394883us MinCTime:66us Jit:204371us JitMax:569891us JitMin:-49904us"
06.10.2024 23:42:35.002: Cmp=PsSysTask, C=1, E=0, M="RedundancyTask State:8257 IecCCnt:1022996 CCnt:1022996 CTime:62us AvgCTime:101us MaxCTime:1365us MinCTime:34us Jit:335us JitMax:1474us JitMin:-1212us"
06.10.2024 23:42:35.002: Cmp=PsSysTask, C=1, E=0, M="Modbus State:8257 IecCCnt:102290 CCnt:102290 CTime:25us AvgCTime:33us MaxCTime:2654us MinCTime:20us Jit:495us JitMax:2828us JitMin:-3123us"
06.10.2024 23:42:35.002: Cmp=PsSysTask, C=1, E=0, M="VISU_TASK State:8257 IecCCnt:249716 CCnt:249716 CTime:63us AvgCTime:109658us MaxCTime:890102us MinCTime:37us Jit:125006us JitMax:691373us JitMin:-199924us"
06.10.2024 23:42:35.003: Cmp=PsSysTask, C=1, E=0, M="TASK_PLC_PRG State:8257 IecCCnt:2557244 CCnt:2557244 CTime:2486us AvgCTime:2429us MaxCTime:4378us MinCTime:2139us Jit:-436us JitMax:1939us JitMin:-1348us"
06.10.2024 23:42:35.003: Cmp=PsSysTask, C=1, E=0, M="TASK_DIAGN State:8259 IecCCnt:51145 CCnt:51145 CTime:41704us AvgCTime:41275us MaxCTime:56475us MinCTime:36231us Jit:-147us JitMax:5483us JitMin:-3574us"
06.10.2024 23:47:36.009: Cmp=PsSysTask, C=1, E=0, M="AlarmManagerTask State:8257 IecCCnt:661730 CCnt:661730 CTime:89us AvgCTime:684us MaxCTime:394883us MinCTime:66us Jit:4405us JitMax:569891us JitMin:-49904us"
06.10.2024 23:47:36.009: Cmp=PsSysTask, C=1, E=0, M="RedundancyTask State:8257 IecCCnt:1029017 CCnt:1029017 CTime:67us AvgCTime:101us MaxCTime:1408us MinCTime:34us Jit:11us JitMax:1474us JitMin:-1212us"
06.10.2024 23:47:36.009: Cmp=PsSysTask, C=1, E=0, M="Modbus State:8257 IecCCnt:102892 CCnt:102892 CTime:26us AvgCTime:33us MaxCTime:2654us MinCTime:20us Jit:-70us JitMax:2828us JitMin:-3123us"
06.10.2024 23:47:36.009: Cmp=PsSysTask, C=1, E=0, M="VISU_TASK State:8259 IecCCnt:251185 CCnt:251185 CTime:85us AvgCTime:109673us MaxCTime:890102us MinCTime:37us Jit:-95457us JitMax:691373us JitMin:-199924us"
06.10.2024 23:47:36.009: Cmp=PsSysTask, C=1, E=0, M="TASK_PLC_PRG State:8257 IecCCnt:2572295 CCnt:2572295 CTime:2217us AvgCTime:2429us MaxCTime:4378us MinCTime:2139us Jit:1us JitMax:1939us JitMin:-1348us"
06.10.2024 23:47:36.009: Cmp=PsSysTask, C=1, E=0, M="TASK_DIAGN State:8257 IecCCnt:51447 CCnt:51447 CTime:40087us AvgCTime:41272us MaxCTime:56475us MinCTime:36231us Jit:-77us JitMax:5483us JitMin:-3574us"
06.10.2024 23:52:37.011: Cmp=PsSysTask, C=1, E=0, M="AlarmManagerTask State:8257 IecCCnt:665608 CCnt:665608 CTime:105us AvgCTime:686us MaxCTime:394883us MinCTime:66us Jit:2970us JitMax:569891us JitMin:-49904us"
06.10.2024 23:52:37.011: Cmp=PsSysTask, C=1, E=0, M="RedundancyTask State:8257 IecCCnt:1035038 CCnt:1035038 CTime:361us AvgCTime:101us MaxCTime:1408us MinCTime:34us Jit:-321us JitMax:1474us JitMin:-1212us"
06.10.2024 23:52:37.011: Cmp=PsSysTask, C=1, E=0, M="Modbus State:8257 IecCCnt:103494 CCnt:103494 CTime:26us AvgCTime:33us MaxCTime:2654us MinCTime:20us Jit:-414us JitMax:2828us JitMin:-3123us"
06.10.2024 23:52:37.011: Cmp=PsSysTask, C=1, E=0, M="VISU_TASK State:8259 IecCCnt:252659 CCnt:252659 CTime:87us AvgCTime:109669us MaxCTime:890102us MinCTime:37us Jit:-131280us JitMax:691373us JitMin:-199924us"
06.10.2024 23:52:37.011: Cmp=PsSysTask, C=1, E=0, M="TASK_PLC_PRG State:8257 IecCCnt:2587346 CCnt:2587346 CTime:2240us AvgCTime:2430us MaxCTime:4378us MinCTime:2139us Jit:-324us JitMax:1939us JitMin:-1348us"
06.10.2024 23:52:37.011: Cmp=PsSysTask, C=1, E=0, M="TASK_DIAGN State:8257 IecCCnt:51748 CCnt:51748 CTime:41970us AvgCTime:41273us MaxCTime:56475us MinCTime:36231us Jit:-480us JitMax:5483us JitMin:-3574us"
06.10.2024 23:57:38.007: Cmp=PsSysTask, C=1, E=0, M="AlarmManagerTask State:8257 IecCCnt:669461 CCnt:669461 CTime:105us AvgCTime:686us MaxCTime:394883us MinCTime:66us Jit:-393us JitMax:569891us JitMin:-49904us"
06.10.2024 23:57:38.007: Cmp=PsSysTask, C=1, E=0, M="RedundancyTask State:8257 IecCCnt:1041059 CCnt:1041059 CTime:62us AvgCTime:101us MaxCTime:1408us MinCTime:34us Jit:10us JitMax:1474us JitMin:-1212us"
06.10.2024 23:57:38.007: Cmp=PsSysTask, C=1, E=0, M="Modbus State:8257 IecCCnt:104096 CCnt:104096 CTime:33us AvgCTime:33us MaxCTime:2654us MinCTime:20us Jit:-64us JitMax:2828us JitMin:-3123us"
06.10.2024 23:57:38.007: Cmp=PsSysTask, C=1, E=0, M="VISU_TASK State:8257 IecCCnt:254126 CCnt:254126 CTime:82us AvgCTime:109682us MaxCTime:890102us MinCTime:37us Jit:-64364us JitMax:691373us JitMin:-199924us"
06.10.2024 23:57:38.007: Cmp=PsSysTask, C=1, E=0, M="TASK_PLC_PRG State:8257 IecCCnt:2602397 CCnt:2602397 CTime:2180us AvgCTime:2429us MaxCTime:4378us MinCTime:2139us Jit:101us JitMax:1939us JitMin:-1348us"
06.10.2024 23:57:38.007: Cmp=PsSysTask, C=1, E=0, M="TASK_DIAGN State:8257 IecCCnt:52049 CCnt:52049 CTime:40307us AvgCTime:41275us MaxCTime:56475us MinCTime:36231us Jit:-169us JitMax:5483us JitMin:-3574us"
07.10.2024 00:02:39.011: Cmp=PsSysTask, C=1, E=0, M="AlarmManagerTask State:8257 IecCCnt:673269 CCnt:673269 CTime:90us AvgCTime:687us MaxCTime:394883us MinCTime:66us Jit:187288us JitMax:593098us JitMin:-49904us"
07.10.2024 00:02:39.011: Cmp=PsSysTask, C=1, E=0, M="RedundancyTask State:8257 IecCCnt:1047080 CCnt:1047080 CTime:63us AvgCTime:101us MaxCTime:1408us MinCTime:34us Jit:-6us JitMax:1474us JitMin:-1212us"
07.10.2024 00:02:39.011: Cmp=PsSysTask, C=1, E=0, M="Modbus State:8257 IecCCnt:104698 CCnt:104698 CTime:26us AvgCTime:33us MaxCTime:2654us MinCTime:20us Jit:-137us JitMax:2828us JitMin:-3123us"
07.10.2024 00:02:39.011: Cmp=PsSysTask, C=1, E=0, M="VISU_TASK State:8257 IecCCnt:255582 CCnt:255582 CTime:61us AvgCTime:109704us MaxCTime:890102us MinCTime:37us Jit:136191us JitMax:691373us JitMin:-199924us"
07.10.2024 00:02:39.011: Cmp=PsSysTask, C=1, E=0, M="TASK_PLC_PRG State:8257 IecCCnt:2617449 CCnt:2617449 CTime:2788us AvgCTime:2429us MaxCTime:4378us MinCTime:2139us Jit:-12us JitMax:1939us JitMin:-1348us"
07.10.2024 00:02:39.011: Cmp=PsSysTask, C=1, E=0, M="TASK_DIAGN State:8257 IecCCnt:52350 CCnt:52350 CTime:40073us AvgCTime:41276us MaxCTime:56475us MinCTime:36231us Jit:-150us JitMax:5483us JitMin:-3574us"
07.10.2024 00:07:40.003: Cmp=PsSysTask, C=1, E=0, M="AlarmManagerTask State:8257 IecCCnt:677121 CCnt:677121 CTime:107us AvgCTime:686us MaxCTime:394883us MinCTime:66us Jit:9921us JitMax:593098us JitMin:-49904us"
07.10.2024 00:07:40.003: Cmp=PsSysTask, C=1, E=0, M="RedundancyTask State:8257 IecCCnt:1053101 CCnt:1053101 CTime:69us AvgCTime:101us MaxCTime:1408us MinCTime:34us Jit:-362us JitMax:1474us JitMin:-1212us"
07.10.2024 00:07:40.003: Cmp=PsSysTask, C=1, E=0, M="Modbus State:8257 IecCCnt:105300 CCnt:105300 CTime:24us AvgCTime:33us MaxCTime:2654us MinCTime:20us Jit:208us JitMax:2828us JitMin:-3123us"
07.10.2024 00:07:40.003: Cmp=PsSysTask, C=1, E=0, M="VISU_TASK State:8259 IecCCnt:257046 CCnt:257046 CTime:85us AvgCTime:109710us MaxCTime:890102us MinCTime:37us Jit:-107644us JitMax:691373us JitMin:-199924us"
07.10.2024 00:07:40.003: Cmp=PsSysTask, C=1, E=0, M="TASK_PLC_PRG State:8257 IecCCnt:2632499 CCnt:2632499 CTime:2186us AvgCTime:2429us MaxCTime:4378us MinCTime:2139us Jit:39us JitMax:1939us JitMin:-1348us"
07.10.2024 00:07:40.003: Cmp=PsSysTask, C=1, E=0, M="TASK_DIAGN State:8257 IecCCnt:52651 CCnt:52651 CTime:40550us AvgCTime:41278us MaxCTime:56475us MinCTime:36231us Jit:107us JitMax:5483us JitMin:-3574us"
07.10.2024 00:12:41.005: Cmp=PsSysTask, C=1, E=0, M="AlarmManagerTask State:8257 IecCCnt:680955 CCnt:680955 CTime:105us AvgCTime:686us MaxCTime:394883us MinCTime:66us Jit:-326us JitMax:593098us JitMin:-49904us"
07.10.2024 00:12:41.005: Cmp=PsSysTask, C=1, E=0, M="RedundancyTask State:8257 IecCCnt:1059122 CCnt:1059122 CTime:255us AvgCTime:101us MaxCTime:1408us MinCTime:34us Jit:0us JitMax:1474us JitMin:-1212us"
07.10.2024 00:12:41.005: Cmp=PsSysTask, C=1, E=0, M="Modbus State:8257 IecCCnt:105902 CCnt:105902 CTime:25us AvgCTime:33us MaxCTime:2654us MinCTime:20us Jit:41us JitMax:2828us JitMin:-3123us"
07.10.2024 00:12:41.005: Cmp=PsSysTask, C=1, E=0, M="VISU_TASK State:8257 IecCCnt:258516 CCnt:258516 CTime:66us AvgCTime:109720us MaxCTime:890102us MinCTime:37us Jit:78476us JitMax:691373us JitMin:-199924us"
07.10.2024 00:12:41.005: Cmp=PsSysTask, C=1, E=0, M="TASK_PLC_PRG State:8257 IecCCnt:2647550 CCnt:2647550 CTime:2352us AvgCTime:2429us MaxCTime:4378us MinCTime:2139us Jit:203us JitMax:1939us JitMin:-1348us"
07.10.2024 00:12:41.008: Cmp=PsSysTask, C=1, E=0, M="TASK_DIAGN State:8257 IecCCnt:52952 CCnt:52952 CTime:41193us AvgCTime:41279us MaxCTime:56475us MinCTime:36231us Jit:-282us JitMax:5483us JitMin:-3574us"
07.10.2024 00:17:42.005: Cmp=PsSysTask, C=1, E=0, M="AlarmManagerTask State:8257 IecCCnt:684765 CCnt:684765 CTime:92us AvgCTime:686us MaxCTime:394883us MinCTime:66us Jit:129us JitMax:593098us JitMin:-49904us"
07.10.2024 00:17:42.005: Cmp=PsSysTask, C=1, E=0, M="RedundancyTask State:8257 IecCCnt:1065142 CCnt:1065142 CTime:298us AvgCTime:101us MaxCTime:1408us MinCTime:34us Jit:-18us JitMax:1474us JitMin:-1212us"
07.10.2024 00:17:42.005: Cmp=PsSysTask, C=1, E=0, M="Modbus State:8257 IecCCnt:106504 CCnt:106504 CTime:36us AvgCTime:33us MaxCTime:2654us MinCTime:20us Jit:-83us JitMax:2828us JitMin:-3123us"
07.10.2024 00:17:42.005: Cmp=PsSysTask, C=1, E=0, M="VISU_TASK State:8257 IecCCnt:259976 CCnt:259976 CTime:82us AvgCTime:109738us MaxCTime:890102us MinCTime:37us Jit:-84906us JitMax:691373us JitMin:-199924us"
07.10.2024 00:17:42.005: Cmp=PsSysTask, C=1, E=0, M="TASK_PLC_PRG State:8257 IecCCnt:2662601 CCnt:2662601 CTime:2231us AvgCTime:2429us MaxCTime:4378us MinCTime:2139us Jit:9us JitMax:1939us JitMin:-1348us"
07.10.2024 00:17:42.005: Cmp=PsSysTask, C=1, E=0, M="TASK_DIAGN State:8257 IecCCnt:53253 CCnt:53253 CTime:48943us AvgCTime:41280us MaxCTime:56475us MinCTime:36231us Jit:708us JitMax:5483us JitMin:-3574us"
07.10.2024 00:22:43.007: Cmp=PsSysTask, C=1, E=0, M="AlarmManagerTask State:8257 IecCCnt:688602 CCnt:688602 CTime:90us AvgCTime:686us MaxCTime:394883us MinCTime:66us Jit:216958us JitMax:593098us JitMin:-49904us"
07.10.2024 00:22:43.007: Cmp=PsSysTask, C=1, E=0, M="RedundancyTask State:8257 IecCCnt:1071163 CCnt:1071163 CTime:68us AvgCTime:101us MaxCTime:1408us MinCTime:34us Jit:-15us JitMax:1474us JitMin:-1212us"
07.10.2024 00:22:43.007: Cmp=PsSysTask, C=1, E=0, M="Modbus State:8257 IecCCnt:107106 CCnt:107106 CTime:29us AvgCTime:33us MaxCTime:2654us MinCTime:20us Jit:-218us JitMax:2828us JitMin:-3123us"
07.10.2024 00:22:43.007: Cmp=PsSysTask, C=1, E=0, M="VISU_TASK State:8257 IecCCnt:261437 CCnt:261437 CTime:65us AvgCTime:109751us MaxCTime:890102us MinCTime:37us Jit:127321us JitMax:691373us JitMin:-199924us"
07.10.2024 00:22:43.007: Cmp=PsSysTask, C=1, E=0, M="TASK_PLC_PRG State:8257 IecCCnt:2677652 CCnt:2677652 CTime:2474us AvgCTime:2429us MaxCTime:4378us MinCTime:2139us Jit:0us JitMax:1939us JitMin:-1348us"
07.10.2024 00:22:43.007: Cmp=PsSysTask, C=1, E=0, M="TASK_DIAGN State:8257 IecCCnt:53554 CCnt:53554 CTime:37760us AvgCTime:41273us MaxCTime:56475us MinCTime:36231us Jit:-160us JitMax:5483us JitMin:-3574us"
07.10.2024 00:27:44.007: Cmp=PsSysTask, C=1, E=0, M="AlarmManagerTask State:8257 IecCCnt:692430 CCnt:692430 CTime:166us AvgCTime:686us MaxCTime:394883us MinCTime:66us Jit:-38us JitMax:593098us JitMin:-49904us"
07.10.2024 00:27:44.007: Cmp=PsSysTask, C=1, E=0, M="RedundancyTask State:8257 IecCCnt:1077184 CCnt:1077184 CTime:63us AvgCTime:101us MaxCTime:1408us MinCTime:34us Jit:-29us JitMax:1474us JitMin:-1212us"
07.10.2024 00:27:44.007: Cmp=PsSysTask, C=1, E=0, M="Modbus State:8257 IecCCnt:107708 CCnt:107708 CTime:25us AvgCTime:33us MaxCTime:2654us MinCTime:20us Jit:7us JitMax:2828us JitMin:-3123us"
07.10.2024 00:27:44.007: Cmp=PsSysTask, C=1, E=0, M="VISU_TASK State:8257 IecCCnt:262900 CCnt:262900 CTime:86us AvgCTime:109766us MaxCTime:890102us MinCTime:37us Jit:-73868us JitMax:691373us JitMin:-199924us"
07.10.2024 00:27:44.007: Cmp=PsSysTask, C=1, E=0, M="TASK_PLC_PRG State:8257 IecCCnt:2692703 CCnt:2692703 CTime:2212us AvgCTime:2429us MaxCTime:4378us MinCTime:2139us Jit:183us JitMax:1939us JitMin:-1348us"
07.10.2024 00:27:44.007: Cmp=PsSysTask, C=1, E=0, M="TASK_DIAGN State:8257 IecCCnt:53855 CCnt:53855 CTime:42960us AvgCTime:41271us MaxCTime:56475us MinCTime:36231us Jit:-276us JitMax:5483us JitMin:-3574us"
07.10.2024 00:32:45.011: Cmp=PsSysTask, C=1, E=0, M="AlarmManagerTask State:8257 IecCCnt:696280 CCnt:696280 CTime:1421us AvgCTime:686us MaxCTime:394883us MinCTime:66us Jit:170768us JitMax:593098us JitMin:-49904us"
07.10.2024 00:32:45.011: Cmp=PsSysTask, C=1, E=0, M="RedundancyTask State:8257 IecCCnt:1083205 CCnt:1083205 CTime:66us AvgCTime:101us MaxCTime:1408us MinCTime:34us Jit:-7us JitMax:1474us JitMin:-1212us"
07.10.2024 00:32:45.011: Cmp=PsSysTask, C=1, E=0, M="Modbus State:8257 IecCCnt:108310 CCnt:108310 CTime:29us AvgCTime:33us MaxCTime:2654us MinCTime:20us Jit:-311us JitMax:2828us JitMin:-3123us"
07.10.2024 00:32:45.011: Cmp=PsSysTask, C=1, E=0, M="VISU_TASK State:8257 IecCCnt:264359 CCnt:264359 CTime:68us AvgCTime:109772us MaxCTime:890102us MinCTime:37us Jit:66352us JitMax:691373us JitMin:-199924us"
07.10.2024 00:32:45.011: Cmp=PsSysTask, C=1, E=0, M="TASK_PLC_PRG State:8257 IecCCnt:2707754 CCnt:2707754 CTime:2537us AvgCTime:2429us MaxCTime:4378us MinCTime:2139us Jit:-19us JitMax:1939us JitMin:-1348us"
07.10.2024 00:32:45.011: Cmp=PsSysTask, C=1, E=0, M="TASK_DIAGN State:8257 IecCCnt:54156 CCnt:54156 CTime:43197us AvgCTime:41270us MaxCTime:56475us MinCTime:36231us Jit:-144us JitMax:5483us JitMin:-3574us"
07.10.2024 00:37:46.004: Cmp=PsSysTask, C=1, E=0, M="AlarmManagerTask State:8257 IecCCnt:700116 CCnt:700116 CTime:105us AvgCTime:686us MaxCTime:394883us MinCTime:66us Jit:4889us JitMax:593098us JitMin:-49904us"
07.10.2024 00:37:46.004: Cmp=PsSysTask, C=1, E=0, M="RedundancyTask State:8257 IecCCnt:1089226 CCnt:1089226 CTime:266us AvgCTime:101us MaxCTime:1408us MinCTime:34us Jit:-13us JitMax:1474us JitMin:-1212us"
07.10.2024 00:37:46.004: Cmp=PsSysTask, C=1, E=0, M="Modbus State:8257 IecCCnt:108913 CCnt:108913 CTime:37us AvgCTime:33us MaxCTime:2654us MinCTime:20us Jit:-53us JitMax:2828us JitMin:-3123us"
07.10.2024 00:37:46.004: Cmp=PsSysTask, C=1, E=0, M="VISU_TASK State:8257 IecCCnt:265823 CCnt:265823 CTime:95us AvgCTime:109784us MaxCTime:890102us MinCTime:37us Jit:-82516us JitMax:691373us JitMin:-199924us"
07.10.2024 00:37:46.004: Cmp=PsSysTask, C=1, E=0, M="TASK_PLC_PRG State:8257 IecCCnt:2722805 CCnt:2722805 CTime:2212us AvgCTime:2429us MaxCTime:4378us MinCTime:2139us Jit:-11us JitMax:1939us JitMin:-1348us"
07.10.2024 00:37:46.004: Cmp=PsSysTask, C=1, E=0, M="TASK_DIAGN State:8257 IecCCnt:54457 CCnt:54457 CTime:40367us AvgCTime:41271us MaxCTime:56475us MinCTime:36231us Jit:-142us JitMax:5483us JitMin:-3574us"
07.10.2024 00:42:47.002: Cmp=PsSysTask, C=1, E=0, M="AlarmManagerTask State:8257 IecCCnt:703928 CCnt:703928 CTime:97us AvgCTime:687us MaxCTime:394883us MinCTime:66us Jit:4513us JitMax:593098us JitMin:-49904us"
07.10.2024 00:42:47.002: Cmp=PsSysTask, C=1, E=0, M="RedundancyTask State:8257 IecCCnt:1095247 CCnt:1095247 CTime:65us AvgCTime:101us MaxCTime:1408us MinCTime:34us Jit:-323us JitMax:1474us JitMin:-1212us"
07.10.2024 00:42:47.002: Cmp=PsSysTask, C=1, E=0, M="Modbus State:8257 IecCCnt:109515 CCnt:109515 CTime:31us AvgCTime:33us MaxCTime:2654us MinCTime:20us Jit:-82us JitMax:2828us JitMin:-3123us"
07.10.2024 00:42:47.002: Cmp=PsSysTask, C=1, E=0, M="VISU_TASK State:8259 IecCCnt:267279 CCnt:267279 CTime:86us AvgCTime:109805us MaxCTime:890102us MinCTime:37us Jit:-121211us JitMax:691373us JitMin:-199924us"
07.10.2024 00:42:47.002: Cmp=PsSysTask, C=1, E=0, M="TASK_PLC_PRG State:8257 IecCCnt:2737856 CCnt:2737856 CTime:2188us AvgCTime:2429us MaxCTime:4378us MinCTime:2139us Jit:331us JitMax:1939us JitMin:-1348us"
07.10.2024 00:42:47.002: Cmp=PsSysTask, C=1, E=0, M="TASK_DIAGN State:8257 IecCCnt:54758 CCnt:54758 CTime:37740us AvgCTime:41266us MaxCTime:56475us MinCTime:36231us Jit:131us JitMax:5483us JitMin:-3574us"
07.10.2024 00:47:48.007: Cmp=PsSysTask, C=1, E=0, M="AlarmManagerTask State:8257 IecCCnt:707776 CCnt:707776 CTime:107us AvgCTime:686us MaxCTime:394883us MinCTime:66us Jit:9093us JitMax:593098us JitMin:-49904us"
07.10.2024 00:47:48.007: Cmp=PsSysTask, C=1, E=0, M="RedundancyTask State:8257 IecCCnt:1101268 CCnt:1101268 CTime:80us AvgCTime:101us MaxCTime:1408us MinCTime:34us Jit:95us JitMax:1474us JitMin:-1212us"
07.10.2024 00:47:48.007: Cmp=PsSysTask, C=1, E=0, M="Modbus State:8257 IecCCnt:110117 CCnt:110117 CTime:34us AvgCTime:33us MaxCTime:2654us MinCTime:20us Jit:-52us JitMax:2828us JitMin:-3123us"
07.10.2024 00:47:48.007: Cmp=PsSysTask, C=1, E=0, M="VISU_TASK State:8259 IecCCnt:268739 CCnt:268739 CTime:84us AvgCTime:109812us MaxCTime:890102us MinCTime:37us Jit:-84038us JitMax:691373us JitMin:-199924us"
07.10.2024 00:47:48.007: Cmp=PsSysTask, C=1, E=0, M="TASK_PLC_PRG State:8257 IecCCnt:2752908 CCnt:2752908 CTime:2277us AvgCTime:2429us MaxCTime:4378us MinCTime:2139us Jit:-5us JitMax:1939us JitMin:-1348us"
07.10.2024 00:47:48.007: Cmp=PsSysTask, C=1, E=0, M="TASK_DIAGN State:8257 IecCCnt:55059 CCnt:55059 CTime:39735us AvgCTime:41261us MaxCTime:56475us MinCTime:36231us Jit:867us JitMax:5483us JitMin:-3574us"
07.10.2024 00:52:49.006: Cmp=PsSysTask, C=1, E=0, M="AlarmManagerTask State:8257 IecCCnt:711601 CCnt:711601 CTime:94us AvgCTime:686us MaxCTime:394883us MinCTime:66us Jit:-486us JitMax:593098us JitMin:-49904us"
07.10.2024 00:52:49.006: Cmp=PsSysTask, C=1, E=0, M="RedundancyTask State:8257 IecCCnt:1107289 CCnt:1107289 CTime:66us AvgCTime:101us MaxCTime:1408us MinCTime:34us Jit:323us JitMax:1474us JitMin:-1212us"
07.10.2024 00:52:49.006: Cmp=PsSysTask, C=1, E=0, M="Modbus State:8257 IecCCnt:110719 CCnt:110719 CTime:35us AvgCTime:33us MaxCTime:2654us MinCTime:20us Jit:204us JitMax:2828us JitMin:-3123us"
07.10.2024 00:52:49.006: Cmp=PsSysTask, C=1, E=0, M="VISU_TASK State:8257 IecCCnt:270201 CCnt:270201 CTime:87us AvgCTime:109823us MaxCTime:890102us MinCTime:37us Jit:-144116us JitMax:691373us JitMin:-199924us"
07.10.2024 00:52:49.006: Cmp=PsSysTask, C=1, E=0, M="TASK_PLC_PRG State:8257 IecCCnt:2767959 CCnt:2767959 CTime:2607us AvgCTime:2429us MaxCTime:4378us MinCTime:2139us Jit:259us JitMax:1939us JitMin:-1348us"
07.10.2024 00:52:49.006: Cmp=PsSysTask, C=1, E=0, M="TASK_DIAGN State:8257 IecCCnt:55360 CCnt:55360 CTime:40502us AvgCTime:41261us MaxCTime:56475us MinCTime:36231us Jit:134us JitMax:5483us JitMin:-3574us"
07.10.2024 00:57:50.007: Cmp=PsSysTask, C=1, E=0, M="AlarmManagerTask State:8257 IecCCnt:715428 CCnt:715428 CTime:105us AvgCTime:686us MaxCTime:394883us MinCTime:66us Jit:644us JitMax:593098us JitMin:-49904us"
07.10.2024 00:57:50.007: Cmp=PsSysTask, C=1, E=0, M="RedundancyTask State:8257 IecCCnt:1113310 CCnt:1113310 CTime:379us AvgCTime:101us MaxCTime:1408us MinCTime:34us Jit:2us JitMax:1474us JitMin:-1212us"
07.10.2024 00:57:50.007: Cmp=PsSysTask, C=1, E=0, M="Modbus State:8257 IecCCnt:111321 CCnt:111321 CTime:30us AvgCTime:33us MaxCTime:2654us MinCTime:20us Jit:292us JitMax:2828us JitMin:-3123us"
07.10.2024 00:57:50.007: Cmp=PsSysTask, C=1, E=0, M="VISU_TASK State:8259 IecCCnt:271664 CCnt:271664 CTime:87us AvgCTime:109833us MaxCTime:890102us MinCTime:37us Jit:-83970us JitMax:691373us JitMin:-199924us"
07.10.2024 00:57:50.008: Cmp=PsSysTask, C=1, E=0, M="TASK_PLC_PRG State:8257 IecCCnt:2783010 CCnt:2783010 CTime:3080us AvgCTime:2429us MaxCTime:4378us MinCTime:2139us Jit:-8us JitMax:1939us JitMin:-1348us"
07.10.2024 00:57:50.008: Cmp=PsSysTask, C=1, E=0, M="TASK_DIAGN State:8257 IecCCnt:55661 CCnt:55661 CTime:40870us AvgCTime:41262us MaxCTime:56475us MinCTime:36231us Jit:-499us JitMax:5483us JitMin:-3574us"
07.10.2024 01:02:51.010: Cmp=PsSysTask, C=1, E=0, M="AlarmManagerTask State:8257 IecCCnt:719274 CCnt:719274 CTime:108us AvgCTime:686us MaxCTime:394883us MinCTime:66us Jit:-304us JitMax:593098us JitMin:-49904us"
07.10.2024 01:02:51.010: Cmp=PsSysTask, C=1, E=0, M="RedundancyTask State:8257 IecCCnt:1119331 CCnt:1119331 CTime:53us AvgCTime:101us MaxCTime:1408us MinCTime:34us Jit:-10us JitMax:1474us JitMin:-1212us"
07.10.2024 01:02:51.010: Cmp=PsSysTask, C=1, E=0, M="Modbus State:8257 IecCCnt:111923 CCnt:111923 CTime:25us AvgCTime:33us MaxCTime:2654us MinCTime:20us Jit:16us JitMax:2828us JitMin:-3123us"
07.10.2024 01:02:51.010: Cmp=PsSysTask, C=1, E=0, M="VISU_TASK State:8259 IecCCnt:273135 CCnt:273135 CTime:83us AvgCTime:109838us MaxCTime:890102us MinCTime:37us Jit:-86116us JitMax:691373us JitMin:-199924us"
07.10.2024 01:02:51.010: Cmp=PsSysTask, C=1, E=0, M="TASK_PLC_PRG State:8257 IecCCnt:2798061 CCnt:2798061 CTime:2282us AvgCTime:2429us MaxCTime:4378us MinCTime:2139us Jit:97us JitMax:1939us JitMin:-1348us"
07.10.2024 01:02:51.010: Cmp=PsSysTask, C=1, E=0, M="TASK_DIAGN State:8257 IecCCnt:55962 CCnt:55962 CTime:41507us AvgCTime:41262us MaxCTime:56475us MinCTime:36231us Jit:-517us JitMax:5483us JitMin:-3574us"
07.10.2024 01:07:52.009: Cmp=PsSysTask, C=1, E=0, M="AlarmManagerTask State:8257 IecCCnt:723125 CCnt:723125 CTime:105us AvgCTime:686us MaxCTime:394883us MinCTime:66us Jit:-76us JitMax:593098us JitMin:-49904us"
07.10.2024 01:07:52.009: Cmp=PsSysTask, C=1, E=0, M="RedundancyTask State:8257 IecCCnt:1125352 CCnt:1125352 CTime:60us AvgCTime:101us MaxCTime:1408us MinCTime:34us Jit:15us JitMax:1474us JitMin:-1212us"
07.10.2024 01:07:52.009: Cmp=PsSysTask, C=1, E=0, M="Modbus State:8257 IecCCnt:112525 CCnt:112525 CTime:32us AvgCTime:33us MaxCTime:2654us MinCTime:20us Jit:271us JitMax:2828us JitMin:-3123us"
07.10.2024 01:07:52.009: Cmp=PsSysTask, C=1, E=0, M="VISU_TASK State:8257 IecCCnt:274606 CCnt:274606 CTime:86us AvgCTime:109843us MaxCTime:890102us MinCTime:37us Jit:-79355us JitMax:691373us JitMin:-199924us"
07.10.2024 01:07:52.009: Cmp=PsSysTask, C=1, E=0, M="TASK_PLC_PRG State:8257 IecCCnt:2813112 CCnt:2813112 CTime:2419us AvgCTime:2430us MaxCTime:4378us MinCTime:2139us Jit:10us JitMax:1939us JitMin:-1348us"
07.10.2024 01:07:52.009: Cmp=PsSysTask, C=1, E=0, M="TASK_DIAGN State:8257 IecCCnt:56263 CCnt:56263 CTime:41101us AvgCTime:41263us MaxCTime:56475us MinCTime:36231us Jit:6us JitMax:5483us JitMin:-3574us"
07.10.2024 01:12:53.004: Cmp=PsSysTask, C=1, E=0, M="AlarmManagerTask State:8257 IecCCnt:726982 CCnt:726982 CTime:105us AvgCTime:686us MaxCTime:394883us MinCTime:66us Jit:8971us JitMax:593098us JitMin:-49904us"
07.10.2024 01:12:53.004: Cmp=PsSysTask, C=1, E=0, M="RedundancyTask State:8257 IecCCnt:1131373 CCnt:1131373 CTime:61us AvgCTime:101us MaxCTime:1408us MinCTime:34us Jit:352us JitMax:1474us JitMin:-1212us"
07.10.2024 01:12:53.004: Cmp=PsSysTask, C=1, E=0, M="Modbus State:8257 IecCCnt:113127 CCnt:113127 CTime:24us AvgCTime:33us MaxCTime:2654us MinCTime:20us Jit:410us JitMax:2828us JitMin:-3123us"
07.10.2024 01:12:53.004: Cmp=PsSysTask, C=1, E=0, M="VISU_TASK State:8259 IecCCnt:276066 CCnt:276066 CTime:84us AvgCTime:109855us MaxCTime:890102us MinCTime:37us Jit:-103480us JitMax:691373us JitMin:-199924us"
07.10.2024 01:12:53.004: Cmp=PsSysTask, C=1, E=0, M="TASK_PLC_PRG State:8257 IecCCnt:2828163 CCnt:2828163 CTime:2199us AvgCTime:2429us MaxCTime:4378us MinCTime:2139us Jit:271us JitMax:1939us JitMin:-1348us"
07.10.2024 01:12:53.004: Cmp=PsSysTask, C=1, E=0, M="TASK_DIAGN State:8257 IecCCnt:56564 CCnt:56564 CTime:40822us AvgCTime:41265us MaxCTime:56475us MinCTime:36231us Jit:-221us JitMax:5483us JitMin:-3574us"
07.10.2024 01:17:54.002: Cmp=PsSysTask, C=1, E=0, M="AlarmManagerTask State:8257 IecCCnt:730810 CCnt:730810 CTime:106us AvgCTime:686us MaxCTime:394883us MinCTime:66us Jit:12200us JitMax:593098us JitMin:-49904us"
07.10.2024 01:17:54.002: Cmp=PsSysTask, C=1, E=0, M="RedundancyTask State:8257 IecCCnt:1137393 CCnt:1137393 CTime:62us AvgCTime:101us MaxCTime:1408us MinCTime:34us Jit:-16us JitMax:1474us JitMin:-1212us"
07.10.2024 01:17:54.002: Cmp=PsSysTask, C=1, E=0, M="Modbus State:8257 IecCCnt:113729 CCnt:113729 CTime:38us AvgCTime:33us MaxCTime:2654us MinCTime:20us Jit:-445us JitMax:2828us JitMin:-3123us"
07.10.2024 01:17:54.002: Cmp=PsSysTask, C=1, E=0, M="VISU_TASK State:8259 IecCCnt:277525 CCnt:277525 CTime:477us AvgCTime:109872us MaxCTime:890102us MinCTime:37us Jit:-83491us JitMax:691373us JitMin:-199924us"
07.10.2024 01:17:54.002: Cmp=PsSysTask, C=1, E=0, M="TASK_PLC_PRG State:8257 IecCCnt:2843213 CCnt:2843213 CTime:2213us AvgCTime:2429us MaxCTime:4378us MinCTime:2139us Jit:13us JitMax:1939us JitMin:-1348us"
07.10.2024 01:17:54.002: Cmp=PsSysTask, C=1, E=0, M="TASK_DIAGN State:8257 IecCCnt:56865 CCnt:56865 CTime:41376us AvgCTime:41267us MaxCTime:56475us MinCTime:36231us Jit:-153us JitMax:5483us JitMin:-3574us"
07.10.2024 01:22:55.010: Cmp=PsSysTask, C=1, E=0, M="AlarmManagerTask State:8257 IecCCnt:734626 CCnt:734626 CTime:105us AvgCTime:687us MaxCTime:394883us MinCTime:66us Jit:3501us JitMax:593098us JitMin:-49904us"
07.10.2024 01:22:55.010: Cmp=PsSysTask, C=1, E=0, M="RedundancyTask State:8257 IecCCnt:1143414 CCnt:1143414 CTime:65us AvgCTime:101us MaxCTime:1408us MinCTime:34us Jit:-5us JitMax:1474us JitMin:-1212us"
07.10.2024 01:22:55.010: Cmp=PsSysTask, C=1, E=0, M="Modbus State:8257 IecCCnt:114331 CCnt:114331 CTime:25us AvgCTime:33us MaxCTime:2654us MinCTime:20us Jit:-55us JitMax:2828us JitMin:-3123us"
07.10.2024 01:22:55.010: Cmp=PsSysTask, C=1, E=0, M="VISU_TASK State:8259 IecCCnt:278991 CCnt:278991 CTime:83us AvgCTime:109885us MaxCTime:890102us MinCTime:37us Jit:-116752us JitMax:691373us JitMin:-199924us"
07.10.2024 01:22:55.010: Cmp=PsSysTask, C=1, E=0, M="TASK_PLC_PRG State:8257 IecCCnt:2858265 CCnt:2858265 CTime:2233us AvgCTime:2429us MaxCTime:4378us MinCTime:2139us Jit:63us JitMax:1939us JitMin:-1348us"
07.10.2024 01:22:55.010: Cmp=PsSysTask, C=1, E=0, M="TASK_DIAGN State:8257 IecCCnt:57166 CCnt:57166 CTime:41655us AvgCTime:41268us MaxCTime:56475us MinCTime:36231us Jit:-249us JitMax:5483us JitMin:-3574us"
07.10.2024 01:27:56.010: Cmp=PsSysTask, C=1, E=0, M="AlarmManagerTask State:8257 IecCCnt:738511 CCnt:738511 CTime:103us AvgCTime:687us MaxCTime:394883us MinCTime:66us Jit:1434us JitMax:593098us JitMin:-49904us"
07.10.2024 01:27:56.010: Cmp=PsSysTask, C=1, E=0, M="RedundancyTask State:8257 IecCCnt:1149435 CCnt:1149435 CTime:60us AvgCTime:101us MaxCTime:1408us MinCTime:34us Jit:-12us JitMax:1474us JitMin:-1212us"
07.10.2024 01:27:56.010: Cmp=PsSysTask, C=1, E=0, M="Modbus State:8257 IecCCnt:114933 CCnt:114933 CTime:26us AvgCTime:33us MaxCTime:2654us MinCTime:20us Jit:30us JitMax:2828us JitMin:-3123us"
07.10.2024 01:27:56.010: Cmp=PsSysTask, C=1, E=0, M="VISU_TASK State:8259 IecCCnt:280465 CCnt:280465 CTime:79us AvgCTime:109882us MaxCTime:890102us MinCTime:37us Jit:-143438us JitMax:691373us JitMin:-199924us"
07.10.2024 01:27:56.010: Cmp=PsSysTask, C=1, E=0, M="TASK_PLC_PRG State:8257 IecCCnt:2873317 CCnt:2873317 CTime:2789us AvgCTime:2429us MaxCTime:4378us MinCTime:2139us Jit:-5us JitMax:1939us JitMin:-1348us"
07.10.2024 01:27:56.010: Cmp=PsSysTask, C=1, E=0, M="TASK_DIAGN State:8257 IecCCnt:57467 CCnt:57467 CTime:41429us AvgCTime:41270us MaxCTime:56475us MinCTime:36231us Jit:-243us JitMax:5483us JitMin:-3574us"
07.10.2024 01:32:57.003: Cmp=PsSysTask, C=1, E=0, M="AlarmManagerTask State:8257 IecCCnt:742322 CCnt:742322 CTime:272us AvgCTime:687us MaxCTime:394883us MinCTime:66us Jit:1922us JitMax:593098us JitMin:-49904us"
07.10.2024 01:32:57.003: Cmp=PsSysTask, C=1, E=0, M="RedundancyTask State:8257 IecCCnt:1155456 CCnt:1155456 CTime:62us AvgCTime:101us MaxCTime:1408us MinCTime:34us Jit:216us JitMax:1474us JitMin:-1212us"
07.10.2024 01:32:57.003: Cmp=PsSysTask, C=1, E=0, M="Modbus State:8257 IecCCnt:115535 CCnt:115535 CTime:31us AvgCTime:33us MaxCTime:2654us MinCTime:20us Jit:-87us JitMax:2828us JitMin:-3123us"
07.10.2024 01:32:57.003: Cmp=PsSysTask, C=1, E=0, M="VISU_TASK State:8257 IecCCnt:281932 CCnt:281932 CTime:84us AvgCTime:109898us MaxCTime:890102us MinCTime:37us Jit:-94941us JitMax:691373us JitMin:-199924us"
07.10.2024 01:32:57.003: Cmp=PsSysTask, C=1, E=0, M="TASK_PLC_PRG State:8257 IecCCnt:2888368 CCnt:2888368 CTime:2402us AvgCTime:2429us MaxCTime:4378us MinCTime:2139us Jit:12us JitMax:1939us JitMin:-1348us"
07.10.2024 01:32:57.004: Cmp=PsSysTask, C=1, E=0, M="TASK_DIAGN State:8257 IecCCnt:57768 CCnt:57768 CTime:40054us AvgCTime:41271us MaxCTime:56475us MinCTime:36231us Jit:-176us JitMax:5483us JitMin:-3574us"
07.10.2024 01:37:58.000: Cmp=PsSysTask, C=1, E=0, M="AlarmManagerTask State:8257 IecCCnt:746161 CCnt:746161 CTime:103us AvgCTime:687us MaxCTime:394883us MinCTime:66us Jit:1712us JitMax:593098us JitMin:-49904us"
07.10.2024 01:37:58.000: Cmp=PsSysTask, C=1, E=0, M="RedundancyTask State:8257 IecCCnt:1161477 CCnt:1161477 CTime:247us AvgCTime:101us MaxCTime:1408us MinCTime:34us Jit:6us JitMax:1474us JitMin:-1212us"
07.10.2024 01:37:58.000: Cmp=PsSysTask, C=1, E=0, M="Modbus State:8257 IecCCnt:116137 CCnt:116137 CTime:26us AvgCTime:33us MaxCTime:2654us MinCTime:20us Jit:-8us JitMax:2828us JitMin:-3123us"
07.10.2024 01:37:58.000: Cmp=PsSysTask, C=1, E=0, M="VISU_TASK State:8259 IecCCnt:283392 CCnt:283392 CTime:85us AvgCTime:109908us MaxCTime:890102us MinCTime:37us Jit:-126065us JitMax:691373us JitMin:-199924us"
07.10.2024 01:37:58.000: Cmp=PsSysTask, C=1, E=0, M="TASK_PLC_PRG State:8257 IecCCnt:2903418 CCnt:2903418 CTime:2490us AvgCTime:2429us MaxCTime:4378us MinCTime:2139us Jit:22us JitMax:1939us JitMin:-1348us"
07.10.2024 01:37:58.000: Cmp=PsSysTask, C=1, E=0, M="TASK_DIAGN State:8257 IecCCnt:58069 CCnt:58069 CTime:40841us AvgCTime:41273us MaxCTime:56475us MinCTime:36231us Jit:-241us JitMax:5483us JitMin:-3574us"
07.10.2024 01:42:59.008: Cmp=PsSysTask, C=1, E=0, M="AlarmManagerTask State:8257 IecCCnt:750021 CCnt:750021 CTime:105us AvgCTime:687us MaxCTime:394883us MinCTime:66us Jit:3108us JitMax:593098us JitMin:-49904us"
07.10.2024 01:42:59.008: Cmp=PsSysTask, C=1, E=0, M="RedundancyTask State:8257 IecCCnt:1167498 CCnt:1167498 CTime:60us AvgCTime:101us MaxCTime:1408us MinCTime:34us Jit:-76us JitMax:1474us JitMin:-1212us"
07.10.2024 01:42:59.008: Cmp=PsSysTask, C=1, E=0, M="Modbus State:8257 IecCCnt:116739 CCnt:116739 CTime:27us AvgCTime:33us MaxCTime:2654us MinCTime:20us Jit:-112us JitMax:2828us JitMin:-3123us"
07.10.2024 01:42:59.008: Cmp=PsSysTask, C=1, E=0, M="VISU_TASK State:8259 IecCCnt:284859 CCnt:284859 CTime:90us AvgCTime:109913us MaxCTime:890102us MinCTime:37us Jit:-141092us JitMax:691373us JitMin:-199924us"
07.10.2024 01:42:59.008: Cmp=PsSysTask, C=1, E=0, M="TASK_PLC_PRG State:8257 IecCCnt:2918469 CCnt:2918469 CTime:2796us AvgCTime:2429us MaxCTime:4378us MinCTime:2139us Jit:-602us JitMax:1939us JitMin:-1348us"
07.10.2024 01:42:59.008: Cmp=PsSysTask, C=1, E=0, M="TASK_DIAGN State:8257 IecCCnt:58370 CCnt:58370 CTime:40852us AvgCTime:41275us MaxCTime:56475us MinCTime:36231us Jit:-477us JitMax:5483us JitMin:-3574us"
07.10.2024 01:48:00.008: Cmp=PsSysTask, C=1, E=0, M="AlarmManagerTask State:8257 IecCCnt:753831 CCnt:753831 CTime:102us AvgCTime:687us MaxCTime:394883us MinCTime:66us Jit:-24us JitMax:593098us JitMin:-49904us"
07.10.2024 01:48:00.008: Cmp=PsSysTask, C=1, E=0, M="RedundancyTask State:8257 IecCCnt:1173519 CCnt:1173519 CTime:61us AvgCTime:101us MaxCTime:1408us MinCTime:34us Jit:-122us JitMax:1474us JitMin:-1212us"
07.10.2024 01:48:00.008: Cmp=PsSysTask, C=1, E=0, M="Modbus State:8257 IecCCnt:117341 CCnt:117341 CTime:25us AvgCTime:33us MaxCTime:2654us MinCTime:20us Jit:188us JitMax:2828us JitMin:-3123us"
07.10.2024 01:48:00.008: Cmp=PsSysTask, C=1, E=0, M="VISU_TASK State:8257 IecCCnt:286316 CCnt:286316 CTime:79us AvgCTime:109933us MaxCTime:890102us MinCTime:37us Jit:-116013us JitMax:691373us JitMin:-199924us"
07.10.2024 01:48:00.008: Cmp=PsSysTask, C=1, E=0, M="TASK_PLC_PRG State:8257 IecCCnt:2933519 CCnt:2933519 CTime:3026us AvgCTime:2430us MaxCTime:4378us MinCTime:2139us Jit:-4us JitMax:1939us JitMin:-1348us"
07.10.2024 01:48:00.008: Cmp=PsSysTask, C=1, E=0, M="TASK_DIAGN State:8257 IecCCnt:58671 CCnt:58671 CTime:50232us AvgCTime:41275us MaxCTime:56475us MinCTime:36231us Jit:-286us JitMax:5483us JitMin:-3574us"
07.10.2024 01:53:01.010: Cmp=PsSysTask, C=1, E=0, M="AlarmManagerTask State:8257 IecCCnt:757653 CCnt:757653 CTime:98us AvgCTime:688us MaxCTime:394883us MinCTime:66us Jit:-84us JitMax:593098us JitMin:-49904us"
07.10.2024 01:53:01.010: Cmp=PsSysTask, C=1, E=0, M="RedundancyTask State:8257 IecCCnt:1179540 CCnt:1179540 CTime:71us AvgCTime:101us MaxCTime:1408us MinCTime:34us Jit:-10us JitMax:1474us JitMin:-1212us"
07.10.2024 01:53:01.010: Cmp=PsSysTask, C=1, E=0, M="Modbus State:8257 IecCCnt:117943 CCnt:117943 CTime:35us AvgCTime:33us MaxCTime:2654us MinCTime:20us Jit:-77us JitMax:2828us JitMin:-3123us"
07.10.2024 01:53:01.011: Cmp=PsSysTask, C=1, E=0, M="VISU_TASK State:8257 IecCCnt:287776 CCnt:287776 CTime:83us AvgCTime:109948us MaxCTime:890102us MinCTime:37us Jit:-96099us JitMax:691373us JitMin:-199924us"
07.10.2024 01:53:01.011: Cmp=PsSysTask, C=1, E=0, M="TASK_PLC_PRG State:8257 IecCCnt:2948570 CCnt:2948570 CTime:2710us AvgCTime:2429us MaxCTime:4378us MinCTime:2139us Jit:-17us JitMax:1939us JitMin:-1348us"
07.10.2024 01:53:01.011: Cmp=PsSysTask, C=1, E=0, M="TASK_DIAGN State:8257 IecCCnt:58972 CCnt:58972 CTime:41710us AvgCTime:41277us MaxCTime:56475us MinCTime:36231us Jit:-132us JitMax:5483us JitMin:-3574us"
07.10.2024 01:58:02.009: Cmp=PsSysTask, C=1, E=0, M="AlarmManagerTask State:8257 IecCCnt:761460 CCnt:761460 CTime:101us AvgCTime:689us MaxCTime:394883us MinCTime:66us Jit:6065us JitMax:593098us JitMin:-49904us"
07.10.2024 01:58:02.009: Cmp=PsSysTask, C=1, E=0, M="RedundancyTask State:8257 IecCCnt:1185561 CCnt:1185561 CTime:66us AvgCTime:101us MaxCTime:1408us MinCTime:34us Jit:330us JitMax:1474us JitMin:-1212us"
07.10.2024 01:58:02.009: Cmp=PsSysTask, C=1, E=0, M="Modbus State:8257 IecCCnt:118545 CCnt:118545 CTime:36us AvgCTime:33us MaxCTime:2654us MinCTime:20us Jit:-80us JitMax:2828us JitMin:-3123us"
07.10.2024 01:58:02.009: Cmp=PsSysTask, C=1, E=0, M="VISU_TASK State:8259 IecCCnt:289244 CCnt:289244 CTime:63us AvgCTime:109961us MaxCTime:890102us MinCTime:37us Jit:96818us JitMax:691373us JitMin:-199924us"
07.10.2024 01:58:02.009: Cmp=PsSysTask, C=1, E=0, M="TASK_PLC_PRG State:8257 IecCCnt:2963621 CCnt:2963621 CTime:2212us AvgCTime:2429us MaxCTime:4378us MinCTime:2139us Jit:10us JitMax:1939us JitMin:-1348us"
07.10.2024 01:58:02.009: Cmp=PsSysTask, C=1, E=0, M="TASK_DIAGN State:8257 IecCCnt:59273 CCnt:59273 CTime:44144us AvgCTime:41278us MaxCTime:56475us MinCTime:36231us Jit:-435us JitMax:5483us JitMin:-3574us"
07.10.2024 02:03:03.011: Cmp=PsSysTask, C=1, E=0, M="AlarmManagerTask State:8257 IecCCnt:765283 CCnt:765283 CTime:107us AvgCTime:688us MaxCTime:394883us MinCTime:66us Jit:-44us JitMax:593098us JitMin:-49904us"
07.10.2024 02:03:03.011: Cmp=PsSysTask, C=1, E=0, M="RedundancyTask State:8257 IecCCnt:1191582 CCnt:1191582 CTime:65us AvgCTime:101us MaxCTime:1408us MinCTime:34us Jit:8us JitMax:1474us JitMin:-1212us"
07.10.2024 02:03:03.011: Cmp=PsSysTask, C=1, E=0, M="Modbus State:8257 IecCCnt:119147 CCnt:119147 CTime:25us AvgCTime:33us MaxCTime:2654us MinCTime:20us Jit:210us JitMax:2828us JitMin:-3123us"
07.10.2024 02:03:03.011: Cmp=PsSysTask, C=1, E=0, M="VISU_TASK State:8257 IecCCnt:290702 CCnt:290702 CTime:82us AvgCTime:109973us MaxCTime:890102us MinCTime:37us Jit:-93272us JitMax:691373us JitMin:-199924us"
07.10.2024 02:03:03.011: Cmp=PsSysTask, C=1, E=0, M="TASK_PLC_PRG State:8257 IecCCnt:2978672 CCnt:2978672 CTime:2213us AvgCTime:2429us MaxCTime:4378us MinCTime:2139us Jit:-8us JitMax:1939us JitMin:-1348us"
07.10.2024 02:03:03.011: Cmp=PsSysTask, C=1, E=0, M="TASK_DIAGN State:8257 IecCCnt:59574 CCnt:59574 CTime:40534us AvgCTime:41279us MaxCTime:56475us MinCTime:36231us Jit:133us JitMax:5483us JitMin:-3574us"
07.10.2024 02:08:04.012: Cmp=PsSysTask, C=1, E=0, M="AlarmManagerTask State:8257 IecCCnt:769113 CCnt:769113 CTime:106us AvgCTime:689us MaxCTime:394883us MinCTime:66us Jit:3008us JitMax:593098us JitMin:-49904us"
07.10.2024 02:08:04.012: Cmp=PsSysTask, C=1, E=0, M="RedundancyTask State:8257 IecCCnt:1197603 CCnt:1197603 CTime:54us AvgCTime:101us MaxCTime:1408us MinCTime:34us Jit:-7us JitMax:1474us JitMin:-1212us"
07.10.2024 02:08:04.012: Cmp=PsSysTask, C=1, E=0, M="Modbus State:8257 IecCCnt:119749 CCnt:119749 CTime:29us AvgCTime:33us MaxCTime:2654us MinCTime:20us Jit:392us JitMax:2828us JitMin:-3123us"
07.10.2024 02:08:04.012: Cmp=PsSysTask, C=1, E=0, M="VISU_TASK State:8259 IecCCnt:292164 CCnt:292164 CTime:84us AvgCTime:109985us MaxCTime:890102us MinCTime:37us Jit:-118856us JitMax:691373us JitMin:-199924us"
07.10.2024 02:08:04.012: Cmp=PsSysTask, C=1, E=0, M="TASK_PLC_PRG State:8257 IecCCnt:2993723 CCnt:2993723 CTime:3153us AvgCTime:2429us MaxCTime:4378us MinCTime:2139us Jit:-53us JitMax:1939us JitMin:-1348us"
07.10.2024 02:08:04.013: Cmp=PsSysTask, C=1, E=0, M="TASK_DIAGN State:8257 IecCCnt:59875 CCnt:59875 CTime:41162us AvgCTime:41281us MaxCTime:56475us MinCTime:36231us Jit:93us JitMax:5483us JitMin:-3574us"
07.10.2024 02:13:05.006: Cmp=PsSysTask, C=1, E=0, M="AlarmManagerTask State:8257 IecCCnt:772931 CCnt:772931 CTime:107us AvgCTime:689us MaxCTime:394883us MinCTime:66us Jit:3186us JitMax:593098us JitMin:-49904us"
07.10.2024 02:13:05.006: Cmp=PsSysTask, C=1, E=0, M="RedundancyTask State:8257 IecCCnt:1203624 CCnt:1203624 CTime:65us AvgCTime:101us MaxCTime:1408us MinCTime:34us Jit:7us JitMax:1474us JitMin:-1212us"
07.10.2024 02:13:05.006: Cmp=PsSysTask, C=1, E=0, M="Modbus State:8257 IecCCnt:120351 CCnt:120351 CTime:36us AvgCTime:33us MaxCTime:2654us MinCTime:20us Jit:-79us JitMax:2828us JitMin:-3123us"
07.10.2024 02:13:05.006: Cmp=PsSysTask, C=1, E=0, M="VISU_TASK State:8259 IecCCnt:293629 CCnt:293629 CTime:459us AvgCTime:109997us MaxCTime:890102us MinCTime:37us Jit:-100645us JitMax:691373us JitMin:-199924us"
07.10.2024 02:13:05.006: Cmp=PsSysTask, C=1, E=0, M="TASK_PLC_PRG State:8257 IecCCnt:3008773 CCnt:3008773 CTime:2217us AvgCTime:2430us MaxCTime:4378us MinCTime:2139us Jit:67us JitMax:1939us JitMin:-1348us"
07.10.2024 02:13:05.006: Cmp=PsSysTask, C=1, E=0, M="TASK_DIAGN State:8257 IecCCnt:60176 CCnt:60176 CTime:42278us AvgCTime:41285us MaxCTime:56475us MinCTime:36231us Jit:-513us JitMax:5483us JitMin:-3574us"
07.10.2024 02:18:06.010: Cmp=PsSysTask, C=1, E=0, M="AlarmManagerTask State:8257 IecCCnt:776768 CCnt:776768 CTime:104us AvgCTime:689us MaxCTime:394883us MinCTime:66us Jit:1784us JitMax:593098us JitMin:-49904us"
07.10.2024 02:18:06.010: Cmp=PsSysTask, C=1, E=0, M="RedundancyTask State:8257 IecCCnt:1209645 CCnt:1209645 CTime:258us AvgCTime:101us MaxCTime:1408us MinCTime:34us Jit:-20us JitMax:1474us JitMin:-1212us"
07.10.2024 02:18:06.010: Cmp=PsSysTask, C=1, E=0, M="Modbus State:8257 IecCCnt:120953 CCnt:120953 CTime:28us AvgCTime:33us MaxCTime:2654us MinCTime:20us Jit:-85us JitMax:2828us JitMin:-3123us"
07.10.2024 02:18:06.010: Cmp=PsSysTask, C=1, E=0, M="VISU_TASK State:8259 IecCCnt:295094 CCnt:295094 CTime:83us AvgCTime:110003us MaxCTime:890102us MinCTime:37us Jit:-115730us JitMax:691373us JitMin:-199924us"
07.10.2024 02:18:06.010: Cmp=PsSysTask, C=1, E=0, M="TASK_PLC_PRG State:8257 IecCCnt:3023824 CCnt:3023824 CTime:2274us AvgCTime:2429us MaxCTime:4378us MinCTime:2139us Jit:-164us JitMax:1939us JitMin:-1348us"
07.10.2024 02:18:06.010: Cmp=PsSysTask, C=1, E=0, M="TASK_DIAGN State:8257 IecCCnt:60477 CCnt:60477 CTime:42471us AvgCTime:41288us MaxCTime:56475us MinCTime:36231us Jit:138us JitMax:5483us JitMin:-3574us"
07.10.2024 02:23:07.006: Cmp=PsSysTask, C=1, E=0, M="AlarmManagerTask State:8257 IecCCnt:780636 CCnt:780636 CTime:102us AvgCTime:688us MaxCTime:394883us MinCTime:66us Jit:1396us JitMax:593098us JitMin:-49904us"
07.10.2024 02:23:07.006: Cmp=PsSysTask, C=1, E=0, M="RedundancyTask State:8257 IecCCnt:1215665 CCnt:1215665 CTime:371us AvgCTime:101us MaxCTime:1408us MinCTime:34us Jit:-31us JitMax:1474us JitMin:-1212us"
07.10.2024 02:23:07.006: Cmp=PsSysTask, C=1, E=0, M="Modbus State:8257 IecCCnt:121555 CCnt:121555 CTime:33us AvgCTime:33us MaxCTime:2654us MinCTime:20us Jit:-303us JitMax:2828us JitMin:-3123us"
07.10.2024 02:23:07.007: Cmp=PsSysTask, C=1, E=0, M="VISU_TASK State:8259 IecCCnt:296568 CCnt:296568 CTime:85us AvgCTime:109998us MaxCTime:890102us MinCTime:37us Jit:-125991us JitMax:691373us JitMin:-199924us"
07.10.2024 02:23:07.007: Cmp=PsSysTask, C=1, E=0, M="TASK_PLC_PRG State:8257 IecCCnt:3038874 CCnt:3038874 CTime:3166us AvgCTime:2430us MaxCTime:4378us MinCTime:2139us Jit:12us JitMax:1939us JitMin:-1348us"
07.10.2024 02:23:07.007: Cmp=PsSysTask, C=1, E=0, M="TASK_DIAGN State:8257 IecCCnt:60778 CCnt:60778 CTime:40321us AvgCTime:41291us MaxCTime:56475us MinCTime:36231us Jit:-461us JitMax:5483us JitMin:-3574us"
07.10.2024 02:28:08.011: 
-------------------------------------------------------------------------------------
----- CLOSED BY SIZE 99703/100000
-------------------------------------------------------------------------------------
