07.10.2024 09:14:29.009: Cmp=PsSysTask, C=1, E=0, M="AlarmManagerTask State:8257 IecCCnt:1102001 CCnt:1102001 CTime:109us AvgCTime:674us MaxCTime:394883us MinCTime:66us Jit:35us JitMax:4315796us JitMin:-49904us"
07.10.2024 09:14:29.009: Cmp=PsSysTask, C=1, E=0, M="RedundancyTask State:8257 IecCCnt:1709381 CCnt:1709381 CTime:62us AvgCTime:101us MaxCTime:1408us MinCTime:34us Jit:-350us JitMax:1474us JitMin:-1295us"
07.10.2024 09:14:29.009: Cmp=PsSysTask, C=1, E=0, M="Modbus State:8257 IecCCnt:170923 CCnt:170923 CTime:25us AvgCTime:33us MaxCTime:3005us MinCTime:20us Jit:-266us JitMax:2867us JitMin:-3459us"
07.10.2024 09:14:29.009: Cmp=PsSysTask, C=1, E=0, M="VISU_TASK State:8257 IecCCnt:417053 CCnt:417053 CTime:77us AvgCTime:109221us MaxCTime:890102us MinCTime:37us Jit:-40746us JitMax:4328256us JitMin:-199924us"
07.10.2024 09:14:29.009: Cmp=PsSysTask, C=1, E=0, M="TASK_PLC_PRG State:8257 IecCCnt:4273048 CCnt:4273048 CTime:2235us AvgCTime:2430us MaxCTime:4409us MinCTime:2139us Jit:-6us JitMax:1939us JitMin:-1348us"
07.10.2024 09:14:29.009: Cmp=PsSysTask, C=1, E=0, M="TASK_DIAGN State:8257 IecCCnt:85462 CCnt:85462 CTime:40882us AvgCTime:41332us MaxCTime:56475us MinCTime:36231us Jit:-165us JitMax:5483us JitMin:-3574us"
07.10.2024 09:19:30.000: Cmp=PsSysTask, C=1, E=0, M="AlarmManagerTask State:8257 IecCCnt:1106419 CCnt:1106419 CTime:92us AvgCTime:672us MaxCTime:394883us MinCTime:66us Jit:-936us JitMax:4315796us JitMin:-49904us"
07.10.2024 09:19:30.000: Cmp=PsSysTask, C=1, E=0, M="RedundancyTask State:8257 IecCCnt:1715401 CCnt:1715401 CTime:59us AvgCTime:101us MaxCTime:1408us MinCTime:34us Jit:-20us JitMax:1474us JitMin:-1295us"
07.10.2024 09:19:30.000: Cmp=PsSysTask, C=1, E=0, M="Modbus State:8257 IecCCnt:171525 CCnt:171525 CTime:34us AvgCTime:33us MaxCTime:3005us MinCTime:20us Jit:-65us JitMax:2867us JitMin:-3459us"
07.10.2024 09:19:30.000: Cmp=PsSysTask, C=1, E=0, M="VISU_TASK State:8257 IecCCnt:418558 CCnt:418558 CTime:67us AvgCTime:109121us MaxCTime:890102us MinCTime:37us Jit:32276us JitMax:4328256us JitMin:-199924us"
07.10.2024 09:19:30.000: Cmp=PsSysTask, C=1, E=0, M="TASK_PLC_PRG State:8257 IecCCnt:4288097 CCnt:4288097 CTime:2245us AvgCTime:2430us MaxCTime:4409us MinCTime:2139us Jit:0us JitMax:1939us JitMin:-1348us"
07.10.2024 09:19:30.000: Cmp=PsSysTask, C=1, E=0, M="TASK_DIAGN State:8257 IecCCnt:85763 CCnt:85763 CTime:47762us AvgCTime:41330us MaxCTime:56475us MinCTime:36231us Jit:-186us JitMax:5483us JitMin:-3574us"
07.10.2024 09:24:31.015: Cmp=PsSysTask, C=1, E=0, M="AlarmManagerTask State:8257 IecCCnt:1110863 CCnt:1110863 CTime:106us AvgCTime:671us MaxCTime:394883us MinCTime:66us Jit:2663us JitMax:4315796us JitMin:-49904us"
07.10.2024 09:24:31.015: Cmp=PsSysTask, C=1, E=0, M="RedundancyTask State:8257 IecCCnt:1721423 CCnt:1721423 CTime:107us AvgCTime:101us MaxCTime:1408us MinCTime:34us Jit:228us JitMax:1474us JitMin:-1295us"
07.10.2024 09:24:31.016: Cmp=PsSysTask, C=1, E=0, M="Modbus State:8257 IecCCnt:172127 CCnt:172127 CTime:26us AvgCTime:33us MaxCTime:3005us MinCTime:20us Jit:-158us JitMax:2867us JitMin:-3459us"
07.10.2024 09:24:31.016: Cmp=PsSysTask, C=1, E=0, M="VISU_TASK State:8259 IecCCnt:420062 CCnt:420062 CTime:79us AvgCTime:109017us MaxCTime:890102us MinCTime:37us Jit:-41486us JitMax:4328256us JitMin:-199924us"
07.10.2024 09:24:31.016: Cmp=PsSysTask, C=1, E=0, M="TASK_PLC_PRG State:8257 IecCCnt:4303150 CCnt:4303150 CTime:2320us AvgCTime:2430us MaxCTime:4409us MinCTime:2139us Jit:349us JitMax:1939us JitMin:-1348us"
07.10.2024 09:24:31.016: Cmp=PsSysTask, C=1, E=0, M="TASK_DIAGN State:8257 IecCCnt:86064 CCnt:86064 CTime:41072us AvgCTime:41330us MaxCTime:56475us MinCTime:36231us Jit:-139us JitMax:5483us JitMin:-3574us"
07.10.2024 09:29:32.012: Cmp=PsSysTask, C=1, E=0, M="AlarmManagerTask State:8257 IecCCnt:1115138 CCnt:1115138 CTime:105us AvgCTime:670us MaxCTime:394883us MinCTime:66us Jit:973us JitMax:4315796us JitMin:-49904us"
07.10.2024 09:29:32.012: Cmp=PsSysTask, C=1, E=0, M="RedundancyTask State:8257 IecCCnt:1727443 CCnt:1727443 CTime:283us AvgCTime:100us MaxCTime:1408us MinCTime:34us Jit:-44us JitMax:1474us JitMin:-1295us"
07.10.2024 09:29:32.012: Cmp=PsSysTask, C=1, E=0, M="Modbus State:8257 IecCCnt:172729 CCnt:172729 CTime:24us AvgCTime:33us MaxCTime:3005us MinCTime:20us Jit:126us JitMax:2867us JitMin:-3459us"
07.10.2024 09:29:32.012: Cmp=PsSysTask, C=1, E=0, M="VISU_TASK State:8259 IecCCnt:421562 CCnt:421562 CTime:93us AvgCTime:108938us MaxCTime:890102us MinCTime:37us Jit:-144408us JitMax:4328256us JitMin:-199924us"
07.10.2024 09:29:32.013: Cmp=PsSysTask, C=1, E=0, M="TASK_PLC_PRG State:8257 IecCCnt:4318201 CCnt:4318201 CTime:2233us AvgCTime:2430us MaxCTime:4409us MinCTime:2139us Jit:1us JitMax:1939us JitMin:-1348us"
07.10.2024 09:29:32.013: Cmp=PsSysTask, C=1, E=0, M="TASK_DIAGN State:8257 IecCCnt:86365 CCnt:86365 CTime:40767us AvgCTime:41331us MaxCTime:56475us MinCTime:36231us Jit:-84us JitMax:5483us JitMin:-3574us"
07.10.2024 09:34:33.001: Cmp=PsSysTask, C=16, E=0, M="AlarmManagerTask: reset statistics!"
07.10.2024 09:34:33.001: Cmp=PsSysTask, C=1, E=0, M="AlarmManagerTask State:8257 IecCCnt:3285 CCnt:3285 CTime:103us AvgCTime:727us MaxCTime:181935us MinCTime:69us Jit:1650us JitMax:319415us JitMin:-49886us"
07.10.2024 09:34:33.001: Cmp=PsSysTask, C=16, E=0, M="RedundancyTask: reset statistics!"
07.10.2024 09:34:33.001: Cmp=PsSysTask, C=1, E=0, M="RedundancyTask State:8257 IecCCnt:5181 CCnt:5181 CTime:369us AvgCTime:102us MaxCTime:719us MinCTime:39us Jit:-15us JitMax:1204us JitMin:-761us"
07.10.2024 09:34:33.001: Cmp=PsSysTask, C=16, E=0, M="Modbus: reset statistics!"
07.10.2024 09:34:33.001: Cmp=PsSysTask, C=1, E=0, M="Modbus State:8257 IecCCnt:518 CCnt:518 CTime:25us AvgCTime:27us MaxCTime:138us MinCTime:21us Jit:294us JitMax:1176us JitMin:-762us"
07.10.2024 09:34:33.001: Cmp=PsSysTask, C=16, E=0, M="VISU_TASK: reset statistics!"
07.10.2024 09:34:33.001: Cmp=PsSysTask, C=1, E=0, M="VISU_TASK State:8259 IecCCnt:1260 CCnt:1260 CTime:462us AvgCTime:111583us MaxCTime:564885us MinCTime:43us Jit:-111655us JitMax:364897us JitMin:-195242us"
07.10.2024 09:34:33.001: Cmp=PsSysTask, C=16, E=0, M="TASK_PLC_PRG: reset statistics!"
07.10.2024 09:34:33.001: Cmp=PsSysTask, C=1, E=0, M="TASK_PLC_PRG State:8257 IecCCnt:12950 CCnt:12950 CTime:2220us AvgCTime:2406us MaxCTime:3713us MinCTime:2156us Jit:-7us JitMax:1715us JitMin:-784us"
07.10.2024 09:34:33.001: Cmp=PsSysTask, C=16, E=0, M="TASK_DIAGN: reset statistics!"
07.10.2024 09:34:33.001: Cmp=PsSysTask, C=1, E=0, M="TASK_DIAGN State:8257 IecCCnt:259 CCnt:259 CTime:41110us AvgCTime:41669us MaxCTime:51080us MinCTime:39862us Jit:-271us JitMax:1851us JitMin:-793us"
07.10.2024 09:39:34.007: Cmp=PsSysTask, C=1, E=0, M="AlarmManagerTask State:8257 IecCCnt:7066 CCnt:7066 CTime:106us AvgCTime:680us MaxCTime:181935us MinCTime:69us Jit:4076us JitMax:376338us JitMin:-49886us"
07.10.2024 09:39:34.007: Cmp=PsSysTask, C=1, E=0, M="RedundancyTask State:8257 IecCCnt:11202 CCnt:11202 CTime:63us AvgCTime:105us MaxCTime:1322us MinCTime:39us Jit:-13us JitMax:1204us JitMin:-792us"
07.10.2024 09:39:34.007: Cmp=PsSysTask, C=1, E=0, M="Modbus State:8257 IecCCnt:1120 CCnt:1120 CTime:24us AvgCTime:27us MaxCTime:138us MinCTime:21us Jit:114us JitMax:1548us JitMin:-762us"
07.10.2024 09:39:34.007: Cmp=PsSysTask, C=1, E=0, M="VISU_TASK State:8257 IecCCnt:2717 CCnt:2717 CTime:85us AvgCTime:113611us MaxCTime:580130us MinCTime:43us Jit:-141305us JitMax:380144us JitMin:-197011us"
07.10.2024 09:39:34.007: Cmp=PsSysTask, C=1, E=0, M="TASK_PLC_PRG State:8257 IecCCnt:28002 CCnt:28002 CTime:2200us AvgCTime:2404us MaxCTime:3904us MinCTime:2150us Jit:100us JitMax:1715us JitMin:-1133us"
07.10.2024 09:39:34.007: Cmp=PsSysTask, C=1, E=0, M="TASK_DIAGN State:8257 IecCCnt:560 CCnt:560 CTime:41136us AvgCTime:41581us MaxCTime:51551us MinCTime:39498us Jit:841us JitMax:1851us JitMin:-793us"
07.10.2024 09:44:35.002: Cmp=PsSysTask, C=1, E=0, M="AlarmManagerTask State:8257 IecCCnt:10807 CCnt:10807 CTime:102us AvgCTime:681us MaxCTime:218191us MinCTime:69us Jit:3930us JitMax:704986us JitMin:-49886us"
07.10.2024 09:44:35.002: Cmp=PsSysTask, C=1, E=0, M="RedundancyTask State:8257 IecCCnt:17223 CCnt:17223 CTime:69us AvgCTime:104us MaxCTime:1322us MinCTime:39us Jit:-320us JitMax:1204us JitMin:-793us"
07.10.2024 09:44:35.002: Cmp=PsSysTask, C=1, E=0, M="Modbus State:8257 IecCCnt:1722 CCnt:1722 CTime:24us AvgCTime:30us MaxCTime:2188us MinCTime:21us Jit:104us JitMax:1548us JitMin:-762us"
07.10.2024 09:44:35.002: Cmp=PsSysTask, C=1, E=0, M="VISU_TASK State:8259 IecCCnt:4151 CCnt:4151 CTime:87us AvgCTime:115259us MaxCTime:835403us MinCTime:40us Jit:-181976us JitMax:635418us JitMin:-199101us"
07.10.2024 09:44:35.002: Cmp=PsSysTask, C=1, E=0, M="TASK_PLC_PRG State:8257 IecCCnt:43052 CCnt:43052 CTime:2405us AvgCTime:2423us MaxCTime:4088us MinCTime:2150us Jit:11us JitMax:1715us JitMin:-1133us"
07.10.2024 09:44:35.002: Cmp=PsSysTask, C=1, E=0, M="TASK_DIAGN State:8257 IecCCnt:861 CCnt:861 CTime:40850us AvgCTime:41541us MaxCTime:51551us MinCTime:39498us Jit:-364us JitMax:1851us JitMin:-815us"
07.10.2024 09:49:36.000: Cmp=PsSysTask, C=1, E=0, M="AlarmManagerTask State:8257 IecCCnt:14646 CCnt:14646 CTime:102us AvgCTime:741us MaxCTime:232519us MinCTime:69us Jit:545us JitMax:704986us JitMin:-49894us"
07.10.2024 09:49:36.000: Cmp=PsSysTask, C=1, E=0, M="RedundancyTask State:8257 IecCCnt:23244 CCnt:23244 CTime:59us AvgCTime:104us MaxCTime:1322us MinCTime:39us Jit:-401us JitMax:1204us JitMin:-793us"
07.10.2024 09:49:36.000: Cmp=PsSysTask, C=1, E=0, M="Modbus State:8257 IecCCnt:2324 CCnt:2324 CTime:27us AvgCTime:30us MaxCTime:2188us MinCTime:21us Jit:-84us JitMax:1548us JitMin:-762us"
07.10.2024 09:49:36.000: Cmp=PsSysTask, C=1, E=0, M="VISU_TASK State:8257 IecCCnt:5617 CCnt:5617 CTime:84us AvgCTime:114465us MaxCTime:835403us MinCTime:40us Jit:-128991us JitMax:635418us JitMin:-199897us"
07.10.2024 09:49:36.000: Cmp=PsSysTask, C=1, E=0, M="TASK_PLC_PRG State:8257 IecCCnt:58104 CCnt:58104 CTime:2205us AvgCTime:2431us MaxCTime:4088us MinCTime:2150us Jit:-13us JitMax:1715us JitMin:-1133us"
07.10.2024 09:49:36.000: Cmp=PsSysTask, C=1, E=0, M="TASK_DIAGN State:8257 IecCCnt:1162 CCnt:1162 CTime:40032us AvgCTime:41531us MaxCTime:51551us MinCTime:39498us Jit:-153us JitMax:1963us JitMin:-917us"
07.10.2024 09:54:37.001: Cmp=PsSysTask, C=1, E=0, M="AlarmManagerTask State:8257 IecCCnt:18452 CCnt:18452 CTime:104us AvgCTime:759us MaxCTime:232519us MinCTime:69us Jit:-349us JitMax:704986us JitMin:-49894us"
07.10.2024 09:54:37.001: Cmp=PsSysTask, C=1, E=0, M="RedundancyTask State:8257 IecCCnt:29265 CCnt:29265 CTime:64us AvgCTime:105us MaxCTime:1322us MinCTime:36us Jit:-15us JitMax:1308us JitMin:-833us"
07.10.2024 09:54:37.001: Cmp=PsSysTask, C=1, E=0, M="Modbus State:8257 IecCCnt:2926 CCnt:2926 CTime:37us AvgCTime:30us MaxCTime:2188us MinCTime:21us Jit:-59us JitMax:1609us JitMin:-901us"
07.10.2024 09:54:37.001: Cmp=PsSysTask, C=1, E=0, M="VISU_TASK State:8257 IecCCnt:7082 CCnt:7082 CTime:417us AvgCTime:114217us MaxCTime:835403us MinCTime:38us Jit:-158452us JitMax:635418us JitMin:-199918us"
07.10.2024 09:54:37.001: Cmp=PsSysTask, C=1, E=0, M="TASK_PLC_PRG State:8257 IecCCnt:73154 CCnt:73154 CTime:2208us AvgCTime:2437us MaxCTime:4206us MinCTime:2150us Jit:8us JitMax:1715us JitMin:-1133us"
07.10.2024 09:54:37.001: Cmp=PsSysTask, C=1, E=0, M="TASK_DIAGN State:8257 IecCCnt:1463 CCnt:1463 CTime:39745us AvgCTime:41554us MaxCTime:52034us MinCTime:39498us Jit:111us JitMax:1963us JitMin:-917us"
07.10.2024 09:59:38.009: Cmp=PsSysTask, C=1, E=0, M="AlarmManagerTask State:8257 IecCCnt:22217 CCnt:22217 CTime:104us AvgCTime:757us MaxCTime:240134us MinCTime:69us Jit:889us JitMax:704986us JitMin:-49894us"
07.10.2024 09:59:38.009: Cmp=PsSysTask, C=1, E=0, M="RedundancyTask State:8257 IecCCnt:35286 CCnt:35286 CTime:65us AvgCTime:105us MaxCTime:1322us MinCTime:36us Jit:258us JitMax:1308us JitMin:-833us"
07.10.2024 09:59:38.009: Cmp=PsSysTask, C=1, E=0, M="Modbus State:8257 IecCCnt:3528 CCnt:3528 CTime:26us AvgCTime:30us MaxCTime:2188us MinCTime:21us Jit:910us JitMax:2174us JitMin:-901us"
07.10.2024 09:59:38.009: Cmp=PsSysTask, C=1, E=0, M="VISU_TASK State:8259 IecCCnt:8538 CCnt:8538 CTime:85us AvgCTime:114597us MaxCTime:835403us MinCTime:38us Jit:-163160us JitMax:635418us JitMin:-199918us"
07.10.2024 09:59:38.009: Cmp=PsSysTask, C=1, E=0, M="TASK_PLC_PRG State:8257 IecCCnt:88204 CCnt:88204 CTime:2225us AvgCTime:2447us MaxCTime:4206us MinCTime:2150us Jit:1us JitMax:1715us JitMin:-1133us"
07.10.2024 09:59:38.009: Cmp=PsSysTask, C=1, E=0, M="TASK_DIAGN State:8257 IecCCnt:1764 CCnt:1764 CTime:50534us AvgCTime:41550us MaxCTime:52034us MinCTime:39498us Jit:-86us JitMax:2055us JitMin:-3469us"
07.10.2024 10:04:39.002: Cmp=PsSysTask, C=1, E=0, M="AlarmManagerTask State:8257 IecCCnt:26014 CCnt:26014 CTime:101us AvgCTime:783us MaxCTime:240134us MinCTime:69us Jit:1136us JitMax:704986us JitMin:-49894us"
07.10.2024 10:04:39.002: Cmp=PsSysTask, C=1, E=0, M="RedundancyTask State:8257 IecCCnt:41307 CCnt:41307 CTime:51us AvgCTime:105us MaxCTime:1322us MinCTime:36us Jit:-2us JitMax:1308us JitMin:-945us"
07.10.2024 10:04:39.002: Cmp=PsSysTask, C=1, E=0, M="Modbus State:8257 IecCCnt:4130 CCnt:4130 CTime:25us AvgCTime:35us MaxCTime:2188us MinCTime:21us Jit:-376us JitMax:2360us JitMin:-1913us"
07.10.2024 10:04:39.002: Cmp=PsSysTask, C=1, E=0, M="VISU_TASK State:8257 IecCCnt:9984 CCnt:9984 CTime:86us AvgCTime:114717us MaxCTime:835403us MinCTime:38us Jit:-122004us JitMax:635418us JitMin:-199918us"
07.10.2024 10:04:39.002: Cmp=PsSysTask, C=1, E=0, M="TASK_PLC_PRG State:8257 IecCCnt:103254 CCnt:103254 CTime:2197us AvgCTime:2445us MaxCTime:4206us MinCTime:2150us Jit:-94us JitMax:1715us JitMin:-1133us"
07.10.2024 10:04:39.002: Cmp=PsSysTask, C=1, E=0, M="TASK_DIAGN State:8257 IecCCnt:2065 CCnt:2065 CTime:40741us AvgCTime:41413us MaxCTime:53141us MinCTime:36395us Jit:-180us JitMax:2055us JitMin:-3469us"
07.10.2024 10:09:40.002: Cmp=PsSysTask, C=1, E=0, M="AlarmManagerTask State:8257 IecCCnt:29915 CCnt:29915 CTime:123us AvgCTime:767us MaxCTime:240134us MinCTime:69us Jit:-273us JitMax:704986us JitMin:-49894us"
07.10.2024 10:09:40.002: Cmp=PsSysTask, C=1, E=0, M="RedundancyTask State:8257 IecCCnt:47328 CCnt:47328 CTime:65us AvgCTime:105us MaxCTime:1322us MinCTime:36us Jit:-6us JitMax:1308us JitMin:-945us"
07.10.2024 10:09:40.002: Cmp=PsSysTask, C=1, E=0, M="Modbus State:8257 IecCCnt:4732 CCnt:4732 CTime:23us AvgCTime:34us MaxCTime:2188us MinCTime:20us Jit:28us JitMax:2360us JitMin:-1913us"
07.10.2024 10:09:40.002: Cmp=PsSysTask, C=1, E=0, M="VISU_TASK State:8257 IecCCnt:11454 CCnt:11454 CTime:62us AvgCTime:113933us MaxCTime:835403us MinCTime:38us Jit:24197us JitMax:635418us JitMin:-199918us"
07.10.2024 10:09:40.002: Cmp=PsSysTask, C=1, E=0, M="TASK_PLC_PRG State:8257 IecCCnt:118304 CCnt:118304 CTime:3171us AvgCTime:2446us MaxCTime:4314us MinCTime:2150us Jit:139us JitMax:1765us JitMin:-1133us"
07.10.2024 10:09:40.002: Cmp=PsSysTask, C=1, E=0, M="TASK_DIAGN State:8257 IecCCnt:2366 CCnt:2366 CTime:40776us AvgCTime:41438us MaxCTime:53141us MinCTime:36395us Jit:240us JitMax:2055us JitMin:-3469us"
07.10.2024 10:14:41.004: Cmp=PsSysTask, C=1, E=0, M="AlarmManagerTask State:8257 IecCCnt:34368 CCnt:34368 CTime:105us AvgCTime:710us MaxCTime:240134us MinCTime:69us Jit:10123us JitMax:704986us JitMin:-49894us"
07.10.2024 10:14:41.004: Cmp=PsSysTask, C=1, E=0, M="RedundancyTask State:8257 IecCCnt:53349 CCnt:53349 CTime:62us AvgCTime:102us MaxCTime:1322us MinCTime:36us Jit:-10us JitMax:1308us JitMin:-945us"
07.10.2024 10:14:41.004: Cmp=PsSysTask, C=1, E=0, M="Modbus State:8257 IecCCnt:5334 CCnt:5334 CTime:35us AvgCTime:34us MaxCTime:2188us MinCTime:20us Jit:-295us JitMax:2360us JitMin:-1913us"
07.10.2024 10:14:41.004: Cmp=PsSysTask, C=1, E=0, M="VISU_TASK State:8259 IecCCnt:12957 CCnt:12957 CTime:91us AvgCTime:109923us MaxCTime:835403us MinCTime:38us Jit:-38418us JitMax:635418us JitMin:-199918us"
07.10.2024 10:14:41.004: Cmp=PsSysTask, C=1, E=0, M="TASK_PLC_PRG State:8257 IecCCnt:133356 CCnt:133356 CTime:3223us AvgCTime:2449us MaxCTime:4314us MinCTime:2150us Jit:4us JitMax:1765us JitMin:-1133us"
07.10.2024 10:14:41.004: Cmp=PsSysTask, C=1, E=0, M="TASK_DIAGN State:8257 IecCCnt:2667 CCnt:2667 CTime:42142us AvgCTime:41506us MaxCTime:53141us MinCTime:36395us Jit:-212us JitMax:2055us JitMin:-3469us"
07.10.2024 10:19:42.005: Cmp=PsSysTask, C=1, E=0, M="AlarmManagerTask State:8257 IecCCnt:38438 CCnt:38438 CTime:107us AvgCTime:683us MaxCTime:240134us MinCTime:69us Jit:-422us JitMax:2714618us JitMin:-49894us"
07.10.2024 10:19:42.005: Cmp=PsSysTask, C=1, E=0, M="RedundancyTask State:8257 IecCCnt:59369 CCnt:59369 CTime:64us AvgCTime:101us MaxCTime:1322us MinCTime:36us Jit:-3us JitMax:1308us JitMin:-945us"
07.10.2024 10:19:42.005: Cmp=PsSysTask, C=1, E=0, M="Modbus State:8257 IecCCnt:5936 CCnt:5936 CTime:47us AvgCTime:35us MaxCTime:2188us MinCTime:20us Jit:305us JitMax:2360us JitMin:-2849us"
07.10.2024 10:19:42.005: Cmp=PsSysTask, C=1, E=0, M="VISU_TASK State:8257 IecCCnt:14403 CCnt:14403 CTime:84us AvgCTime:108466us MaxCTime:2807689us MinCTime:38us Jit:-25741us JitMax:2614711us JitMin:-199918us"
07.10.2024 10:19:42.005: Cmp=PsSysTask, C=1, E=0, M="TASK_PLC_PRG State:8257 IecCCnt:148407 CCnt:148407 CTime:2243us AvgCTime:2449us MaxCTime:4314us MinCTime:2150us Jit:-177us JitMax:1765us JitMin:-1133us"
07.10.2024 10:19:42.005: Cmp=PsSysTask, C=1, E=0, M="TASK_DIAGN State:8257 IecCCnt:2968 CCnt:2968 CTime:41889us AvgCTime:41573us MaxCTime:53141us MinCTime:36395us Jit:710us JitMax:2055us JitMin:-3469us"
07.10.2024 10:24:43.011: Cmp=PsSysTask, C=1, E=0, M="AlarmManagerTask State:8257 IecCCnt:42285 CCnt:42285 CTime:105us AvgCTime:677us MaxCTime:240134us MinCTime:69us Jit:1341us JitMax:2714618us JitMin:-49894us"
07.10.2024 10:24:43.011: Cmp=PsSysTask, C=1, E=0, M="RedundancyTask State:8257 IecCCnt:65391 CCnt:65391 CTime:68us AvgCTime:101us MaxCTime:1322us MinCTime:36us Jit:2us JitMax:1308us JitMin:-945us"
07.10.2024 10:24:43.011: Cmp=PsSysTask, C=1, E=0, M="Modbus State:8257 IecCCnt:6538 CCnt:6538 CTime:24us AvgCTime:35us MaxCTime:2188us MinCTime:20us Jit:212us JitMax:2360us JitMin:-2849us"
07.10.2024 10:24:43.011: Cmp=PsSysTask, C=1, E=0, M="VISU_TASK State:8259 IecCCnt:15866 CCnt:15866 CTime:611us AvgCTime:108593us MaxCTime:2807689us MinCTime:38us Jit:-116539us JitMax:2614711us JitMin:-199918us"
07.10.2024 10:24:43.014: Cmp=PsSysTask, C=1, E=0, M="TASK_PLC_PRG State:8257 IecCCnt:163458 CCnt:163458 CTime:2325us AvgCTime:2443us MaxCTime:4314us MinCTime:2150us Jit:130us JitMax:1765us JitMin:-1133us"
07.10.2024 10:24:43.014: Cmp=PsSysTask, C=1, E=0, M="TASK_DIAGN State:8257 IecCCnt:3269 CCnt:3269 CTime:40239us AvgCTime:41589us MaxCTime:53141us MinCTime:36395us Jit:-161us JitMax:2055us JitMin:-3469us"
07.10.2024 10:29:44.012: Cmp=PsSysTask, C=1, E=0, M="AlarmManagerTask State:8257 IecCCnt:45991 CCnt:45991 CTime:106us AvgCTime:693us MaxCTime:254471us MinCTime:69us Jit:8052us JitMax:2714618us JitMin:-49894us"
07.10.2024 10:29:44.012: Cmp=PsSysTask, C=1, E=0, M="RedundancyTask State:8257 IecCCnt:71411 CCnt:71411 CTime:104us AvgCTime:102us MaxCTime:1322us MinCTime:36us Jit:168us JitMax:1308us JitMin:-959us"
07.10.2024 10:29:44.012: Cmp=PsSysTask, C=1, E=0, M="Modbus State:8257 IecCCnt:7140 CCnt:7140 CTime:27us AvgCTime:34us MaxCTime:2188us MinCTime:20us Jit:-50us JitMax:2360us JitMin:-2849us"
07.10.2024 10:29:44.012: Cmp=PsSysTask, C=1, E=0, M="VISU_TASK State:8259 IecCCnt:17309 CCnt:17309 CTime:84us AvgCTime:109517us MaxCTime:2807689us MinCTime:38us Jit:-154324us JitMax:2614711us JitMin:-199918us"
07.10.2024 10:29:44.012: Cmp=PsSysTask, C=1, E=0, M="TASK_PLC_PRG State:8257 IecCCnt:178508 CCnt:178508 CTime:2289us AvgCTime:2446us MaxCTime:4314us MinCTime:2150us Jit:-15us JitMax:1765us JitMin:-1133us"
07.10.2024 10:29:44.012: Cmp=PsSysTask, C=1, E=0, M="TASK_DIAGN State:8257 IecCCnt:3570 CCnt:3570 CTime:39426us AvgCTime:41573us MaxCTime:56840us MinCTime:36395us Jit:-96us JitMax:2491us JitMin:-3504us"
07.10.2024 10:34:45.001: Cmp=PsSysTask, C=1, E=0, M="AlarmManagerTask State:8257 IecCCnt:49722 CCnt:49722 CTime:89us AvgCTime:705us MaxCTime:254471us MinCTime:69us Jit:158579us JitMax:2714618us JitMin:-49894us"
07.10.2024 10:34:45.001: Cmp=PsSysTask, C=1, E=0, M="RedundancyTask State:8257 IecCCnt:77432 CCnt:77432 CTime:369us AvgCTime:102us MaxCTime:1322us MinCTime:36us Jit:-16us JitMax:1308us JitMin:-959us"
07.10.2024 10:34:45.001: Cmp=PsSysTask, C=1, E=0, M="Modbus State:8257 IecCCnt:7742 CCnt:7742 CTime:25us AvgCTime:34us MaxCTime:2188us MinCTime:20us Jit:-60us JitMax:2360us JitMin:-2849us"
07.10.2024 10:34:45.001: Cmp=PsSysTask, C=1, E=0, M="VISU_TASK State:8257 IecCCnt:18761 CCnt:18761 CTime:61us AvgCTime:110118us MaxCTime:2807689us MinCTime:38us Jit:99769us JitMax:2614711us JitMin:-199918us"
07.10.2024 10:34:45.001: Cmp=PsSysTask, C=1, E=0, M="TASK_PLC_PRG State:8257 IecCCnt:193558 CCnt:193558 CTime:2197us AvgCTime:2447us MaxCTime:4314us MinCTime:2150us Jit:-9us JitMax:1765us JitMin:-1133us"
07.10.2024 10:34:45.001: Cmp=PsSysTask, C=1, E=0, M="TASK_DIAGN State:8257 IecCCnt:3871 CCnt:3871 CTime:40831us AvgCTime:41546us MaxCTime:56840us MinCTime:36395us Jit:-473us JitMax:2491us JitMin:-3504us"
07.10.2024 10:39:46.004: Cmp=PsSysTask, C=1, E=0, M="AlarmManagerTask State:8257 IecCCnt:53539 CCnt:53539 CTime:100us AvgCTime:708us MaxCTime:254471us MinCTime:69us Jit:4441us JitMax:2714618us JitMin:-49894us"
07.10.2024 10:39:46.004: Cmp=PsSysTask, C=1, E=0, M="RedundancyTask State:8257 IecCCnt:83453 CCnt:83453 CTime:67us AvgCTime:102us MaxCTime:1408us MinCTime:36us Jit:-368us JitMax:1308us JitMin:-959us"
07.10.2024 10:39:46.004: Cmp=PsSysTask, C=1, E=0, M="Modbus State:8257 IecCCnt:8344 CCnt:8344 CTime:26us AvgCTime:33us MaxCTime:2188us MinCTime:19us Jit:310us JitMax:2360us JitMin:-2849us"
07.10.2024 10:39:46.004: Cmp=PsSysTask, C=1, E=0, M="VISU_TASK State:8259 IecCCnt:20218 CCnt:20218 CTime:84us AvgCTime:110389us MaxCTime:2807689us MinCTime:38us Jit:-125045us JitMax:2614711us JitMin:-199918us"
07.10.2024 10:39:46.004: Cmp=PsSysTask, C=1, E=0, M="TASK_PLC_PRG State:8257 IecCCnt:208609 CCnt:208609 CTime:2218us AvgCTime:2447us MaxCTime:4314us MinCTime:2150us Jit:22us JitMax:1765us JitMin:-1303us"
07.10.2024 10:39:46.004: Cmp=PsSysTask, C=1, E=0, M="TASK_DIAGN State:8257 IecCCnt:4172 CCnt:4172 CTime:44958us AvgCTime:41541us MaxCTime:56840us MinCTime:36395us Jit:-406us JitMax:2491us JitMin:-3504us"
07.10.2024 10:44:47.008: Cmp=PsSysTask, C=1, E=0, M="AlarmManagerTask State:8257 IecCCnt:57343 CCnt:57343 CTime:105us AvgCTime:703us MaxCTime:316793us MinCTime:68us Jit:7237us JitMax:2714618us JitMin:-49903us"
07.10.2024 10:44:47.008: Cmp=PsSysTask, C=1, E=0, M="RedundancyTask State:8257 IecCCnt:89474 CCnt:89474 CTime:305us AvgCTime:103us MaxCTime:1408us MinCTime:36us Jit:-9us JitMax:1308us JitMin:-959us"
07.10.2024 10:44:47.008: Cmp=PsSysTask, C=1, E=0, M="Modbus State:8257 IecCCnt:8946 CCnt:8946 CTime:26us AvgCTime:33us MaxCTime:2188us MinCTime:19us Jit:-22us JitMax:2360us JitMin:-2849us"
07.10.2024 10:44:47.008: Cmp=PsSysTask, C=1, E=0, M="VISU_TASK State:8259 IecCCnt:21674 CCnt:21674 CTime:83us AvgCTime:110633us MaxCTime:2807689us MinCTime:38us Jit:-132399us JitMax:2614711us JitMin:-199918us"
07.10.2024 10:44:47.008: Cmp=PsSysTask, C=1, E=0, M="TASK_PLC_PRG State:8257 IecCCnt:223659 CCnt:223659 CTime:2609us AvgCTime:2450us MaxCTime:4314us MinCTime:2150us Jit:-325us JitMax:1765us JitMin:-1303us"
07.10.2024 10:44:47.008: Cmp=PsSysTask, C=1, E=0, M="TASK_DIAGN State:8257 IecCCnt:4473 CCnt:4473 CTime:41771us AvgCTime:41550us MaxCTime:56840us MinCTime:36395us Jit:-147us JitMax:2491us JitMin:-3504us"
07.10.2024 10:49:48.004: Cmp=PsSysTask, C=1, E=0, M="AlarmManagerTask State:8257 IecCCnt:61139 CCnt:61139 CTime:103us AvgCTime:699us MaxCTime:316793us MinCTime:68us Jit:975us JitMax:2714618us JitMin:-49903us"
07.10.2024 10:49:48.004: Cmp=PsSysTask, C=1, E=0, M="RedundancyTask State:8257 IecCCnt:95495 CCnt:95495 CTime:62us AvgCTime:103us MaxCTime:1408us MinCTime:36us Jit:17us JitMax:1308us JitMin:-959us"
07.10.2024 10:49:48.004: Cmp=PsSysTask, C=1, E=0, M="Modbus State:8257 IecCCnt:9548 CCnt:9548 CTime:36us AvgCTime:33us MaxCTime:2188us MinCTime:19us Jit:250us JitMax:2360us JitMin:-2849us"
07.10.2024 10:49:48.004: Cmp=PsSysTask, C=1, E=0, M="VISU_TASK State:8259 IecCCnt:23143 CCnt:23143 CTime:72us AvgCTime:110774us MaxCTime:2807689us MinCTime:38us Jit:-92285us JitMax:2614711us JitMin:-199918us"
07.10.2024 10:49:48.004: Cmp=PsSysTask, C=1, E=0, M="TASK_PLC_PRG State:8257 IecCCnt:238709 CCnt:238709 CTime:2222us AvgCTime:2448us MaxCTime:4314us MinCTime:2150us Jit:296us JitMax:1765us JitMin:-1303us"
07.10.2024 10:49:48.005: Cmp=PsSysTask, C=1, E=0, M="TASK_DIAGN State:8257 IecCCnt:4774 CCnt:4774 CTime:40619us AvgCTime:41558us MaxCTime:56840us MinCTime:36395us Jit:86us JitMax:2491us JitMin:-3504us"
07.10.2024 10:54:49.002: Cmp=PsSysTask, C=1, E=0, M="AlarmManagerTask State:8257 IecCCnt:65038 CCnt:65038 CTime:106us AvgCTime:705us MaxCTime:316793us MinCTime:68us Jit:9128us JitMax:2714618us JitMin:-49903us"
07.10.2024 10:54:49.002: Cmp=PsSysTask, C=1, E=0, M="RedundancyTask State:8257 IecCCnt:101516 CCnt:101516 CTime:59us AvgCTime:103us MaxCTime:1408us MinCTime:36us Jit:-26us JitMax:1308us JitMin:-959us"
07.10.2024 10:54:49.002: Cmp=PsSysTask, C=1, E=0, M="Modbus State:8257 IecCCnt:10150 CCnt:10150 CTime:24us AvgCTime:33us MaxCTime:2374us MinCTime:19us Jit:105us JitMax:2360us JitMin:-2849us"
07.10.2024 10:54:49.002: Cmp=PsSysTask, C=1, E=0, M="VISU_TASK State:8259 IecCCnt:24611 CCnt:24611 CTime:86us AvgCTime:110624us MaxCTime:2807689us MinCTime:38us Jit:-158140us JitMax:2614711us JitMin:-199918us"
07.10.2024 10:54:49.002: Cmp=PsSysTask, C=1, E=0, M="TASK_PLC_PRG State:8257 IecCCnt:253759 CCnt:253759 CTime:2276us AvgCTime:2448us MaxCTime:4314us MinCTime:2150us Jit:236us JitMax:1765us JitMin:-1303us"
07.10.2024 10:54:49.002: Cmp=PsSysTask, C=1, E=0, M="TASK_DIAGN State:8257 IecCCnt:5075 CCnt:5075 CTime:40913us AvgCTime:41518us MaxCTime:56840us MinCTime:36360us Jit:373us JitMax:2491us JitMin:-3504us"
07.10.2024 10:59:50.012: Cmp=PsSysTask, C=1, E=0, M="AlarmManagerTask State:8257 IecCCnt:69240 CCnt:69240 CTime:120us AvgCTime:693us MaxCTime:316793us MinCTime:68us Jit:665us JitMax:2714618us JitMin:-49903us"
07.10.2024 10:59:50.012: Cmp=PsSysTask, C=1, E=0, M="RedundancyTask State:8257 IecCCnt:107537 CCnt:107537 CTime:65us AvgCTime:103us MaxCTime:1408us MinCTime:36us Jit:-28us JitMax:1308us JitMin:-959us"
07.10.2024 10:59:50.012: Cmp=PsSysTask, C=1, E=0, M="Modbus State:8257 IecCCnt:10752 CCnt:10752 CTime:28us AvgCTime:33us MaxCTime:2374us MinCTime:19us Jit:-433us JitMax:2360us JitMin:-2849us"
07.10.2024 10:59:50.012: Cmp=PsSysTask, C=1, E=0, M="VISU_TASK State:8259 IecCCnt:26097 CCnt:26097 CTime:86us AvgCTime:109615us MaxCTime:2807689us MinCTime:38us Jit:-30088us JitMax:2614711us JitMin:-199918us"
07.10.2024 10:59:50.012: Cmp=PsSysTask, C=1, E=0, M="TASK_PLC_PRG State:8257 IecCCnt:268811 CCnt:268811 CTime:2284us AvgCTime:2445us MaxCTime:4314us MinCTime:2150us Jit:-12us JitMax:1765us JitMin:-1303us"
07.10.2024 10:59:50.012: Cmp=PsSysTask, C=1, E=0, M="TASK_DIAGN State:8257 IecCCnt:5376 CCnt:5376 CTime:40422us AvgCTime:41520us MaxCTime:56840us MinCTime:36360us Jit:-150us JitMax:2491us JitMin:-3504us"
07.10.2024 11:04:51.009: Cmp=PsSysTask, C=1, E=0, M="AlarmManagerTask State:8257 IecCCnt:73573 CCnt:73573 CTime:160us AvgCTime:679us MaxCTime:316793us MinCTime:68us Jit:-97us JitMax:2714618us JitMin:-49903us"
07.10.2024 11:04:51.009: Cmp=PsSysTask, C=1, E=0, M="RedundancyTask State:8257 IecCCnt:113558 CCnt:113558 CTime:53us AvgCTime:102us MaxCTime:1408us MinCTime:36us Jit:-35us JitMax:1308us JitMin:-959us"
07.10.2024 11:04:51.009: Cmp=PsSysTask, C=1, E=0, M="Modbus State:8257 IecCCnt:11354 CCnt:11354 CTime:24us AvgCTime:33us MaxCTime:2374us MinCTime:19us Jit:-320us JitMax:2388us JitMin:-2849us"
07.10.2024 11:04:51.009: Cmp=PsSysTask, C=1, E=0, M="VISU_TASK State:8257 IecCCnt:27594 CCnt:27594 CTime:517us AvgCTime:108319us MaxCTime:2807689us MinCTime:38us Jit:-37635us JitMax:2614711us JitMin:-199918us"
07.10.2024 11:04:51.009: Cmp=PsSysTask, C=1, E=0, M="TASK_PLC_PRG State:8257 IecCCnt:283861 CCnt:283861 CTime:2283us AvgCTime:2442us MaxCTime:4314us MinCTime:2150us Jit:-5us JitMax:1765us JitMin:-1303us"
07.10.2024 11:04:51.009: Cmp=PsSysTask, C=1, E=0, M="TASK_DIAGN State:8257 IecCCnt:5677 CCnt:5677 CTime:41475us AvgCTime:41529us MaxCTime:56840us MinCTime:36360us Jit:-99us JitMax:2491us JitMin:-3504us"
07.10.2024 11:09:52.007: Cmp=PsSysTask, C=1, E=0, M="AlarmManagerTask State:8257 IecCCnt:77970 CCnt:77970 CTime:105us AvgCTime:663us MaxCTime:316793us MinCTime:68us Jit:-534us JitMax:2714618us JitMin:-49903us"
07.10.2024 11:09:52.007: Cmp=PsSysTask, C=1, E=0, M="RedundancyTask State:8257 IecCCnt:119579 CCnt:119579 CTime:61us AvgCTime:102us MaxCTime:1408us MinCTime:36us Jit:14us JitMax:1308us JitMin:-959us"
07.10.2024 11:09:52.007: Cmp=PsSysTask, C=1, E=0, M="Modbus State:8257 IecCCnt:11956 CCnt:11956 CTime:38us AvgCTime:34us MaxCTime:2664us MinCTime:19us Jit:-73us JitMax:2388us JitMin:-2849us"
07.10.2024 11:09:52.007: Cmp=PsSysTask, C=1, E=0, M="VISU_TASK State:8257 IecCCnt:29093 CCnt:29093 CTime:84us AvgCTime:106992us MaxCTime:2807689us MinCTime:38us Jit:-38713us JitMax:2614711us JitMin:-199918us"
07.10.2024 11:09:52.007: Cmp=PsSysTask, C=1, E=0, M="TASK_PLC_PRG State:8257 IecCCnt:298912 CCnt:298912 CTime:2208us AvgCTime:2443us MaxCTime:4314us MinCTime:2150us Jit:-12us JitMax:1765us JitMin:-1303us"
07.10.2024 11:09:52.007: Cmp=PsSysTask, C=1, E=0, M="TASK_DIAGN State:8257 IecCCnt:5978 CCnt:5978 CTime:39269us AvgCTime:41529us MaxCTime:56840us MinCTime:36360us Jit:-149us JitMax:2491us JitMin:-3504us"
07.10.2024 11:14:53.011: Cmp=PsSysTask, C=1, E=0, M="AlarmManagerTask State:8257 IecCCnt:82085 CCnt:82085 CTime:105us AvgCTime:655us MaxCTime:316793us MinCTime:68us Jit:72us JitMax:2714618us JitMin:-49903us"
07.10.2024 11:14:53.011: Cmp=PsSysTask, C=1, E=0, M="RedundancyTask State:8257 IecCCnt:125600 CCnt:125600 CTime:77us AvgCTime:101us MaxCTime:1408us MinCTime:36us Jit:86us JitMax:1308us JitMin:-959us"
07.10.2024 11:14:53.011: Cmp=PsSysTask, C=1, E=0, M="Modbus State:8257 IecCCnt:12558 CCnt:12558 CTime:24us AvgCTime:33us MaxCTime:2664us MinCTime:19us Jit:46us JitMax:2388us JitMin:-2849us"
07.10.2024 11:14:53.011: Cmp=PsSysTask, C=1, E=0, M="VISU_TASK State:8257 IecCCnt:30577 CCnt:30577 CTime:70023us AvgCTime:106471us MaxCTime:2807689us MinCTime:38us Jit:1105us JitMax:2614711us JitMin:-199918us"
07.10.2024 11:14:53.011: Cmp=PsSysTask, C=1, E=0, M="TASK_PLC_PRG State:8257 IecCCnt:313962 CCnt:313962 CTime:2313us AvgCTime:2440us MaxCTime:4314us MinCTime:2150us Jit:-88us JitMax:1765us JitMin:-1303us"
07.10.2024 11:14:53.011: Cmp=PsSysTask, C=1, E=0, M="TASK_DIAGN State:8257 IecCCnt:6279 CCnt:6279 CTime:40761us AvgCTime:41514us MaxCTime:56840us MinCTime:36360us Jit:-168us JitMax:2491us JitMin:-3504us"
07.10.2024 11:19:54.003: Cmp=PsSysTask, C=1, E=0, M="AlarmManagerTask State:8257 IecCCnt:85986 CCnt:85986 CTime:114us AvgCTime:657us MaxCTime:316793us MinCTime:68us Jit:-65us JitMax:2714618us JitMin:-49903us"
07.10.2024 11:19:54.003: Cmp=PsSysTask, C=1, E=0, M="RedundancyTask State:8257 IecCCnt:131620 CCnt:131620 CTime:63us AvgCTime:102us MaxCTime:1408us MinCTime:36us Jit:-6us JitMax:1308us JitMin:-959us"
07.10.2024 11:19:54.003: Cmp=PsSysTask, C=1, E=0, M="Modbus State:8257 IecCCnt:13160 CCnt:13160 CTime:26us AvgCTime:33us MaxCTime:2664us MinCTime:19us Jit:-120us JitMax:2388us JitMin:-2849us"
07.10.2024 11:19:54.003: Cmp=PsSysTask, C=1, E=0, M="VISU_TASK State:8257 IecCCnt:32022 CCnt:32022 CTime:68us AvgCTime:106665us MaxCTime:2807689us MinCTime:38us Jit:24367us JitMax:2614711us JitMin:-199918us"
07.10.2024 11:19:54.003: Cmp=PsSysTask, C=1, E=0, M="TASK_PLC_PRG State:8257 IecCCnt:329013 CCnt:329013 CTime:2466us AvgCTime:2438us MaxCTime:4314us MinCTime:2150us Jit:13us JitMax:1765us JitMin:-1303us"
07.10.2024 11:19:54.003: Cmp=PsSysTask, C=1, E=0, M="TASK_DIAGN State:8257 IecCCnt:6580 CCnt:6580 CTime:40822us AvgCTime:41518us MaxCTime:56840us MinCTime:36360us Jit:-134us JitMax:2491us JitMin:-3504us"
07.10.2024 11:24:55.008: Cmp=PsSysTask, C=1, E=0, M="AlarmManagerTask State:8257 IecCCnt:90397 CCnt:90397 CTime:103us AvgCTime:643us MaxCTime:316793us MinCTime:68us Jit:9614us JitMax:2714618us JitMin:-49903us"
07.10.2024 11:24:55.008: Cmp=PsSysTask, C=1, E=0, M="RedundancyTask State:8257 IecCCnt:137641 CCnt:137641 CTime:61us AvgCTime:101us MaxCTime:1408us MinCTime:36us Jit:-6us JitMax:1308us JitMin:-959us"
07.10.2024 11:24:55.008: Cmp=PsSysTask, C=1, E=0, M="Modbus State:8257 IecCCnt:13762 CCnt:13762 CTime:27us AvgCTime:33us MaxCTime:2664us MinCTime:19us Jit:-98us JitMax:2388us JitMin:-2849us"
07.10.2024 11:24:55.008: Cmp=PsSysTask, C=1, E=0, M="VISU_TASK State:8259 IecCCnt:33525 CCnt:33525 CTime:1939us AvgCTime:105522us MaxCTime:2807689us MinCTime:38us Jit:-21699us JitMax:2614711us JitMin:-199918us"
07.10.2024 11:24:55.008: Cmp=PsSysTask, C=1, E=0, M="TASK_PLC_PRG State:8257 IecCCnt:344064 CCnt:344064 CTime:2458us AvgCTime:2439us MaxCTime:4314us MinCTime:2150us Jit:-137us JitMax:1765us JitMin:-1303us"
07.10.2024 11:24:55.008: Cmp=PsSysTask, C=1, E=0, M="TASK_DIAGN State:8257 IecCCnt:6881 CCnt:6881 CTime:40742us AvgCTime:41503us MaxCTime:56840us MinCTime:36360us Jit:-117us JitMax:2491us JitMin:-3504us"
07.10.2024 11:29:56.001: Cmp=PsSysTask, C=1, E=0, M="AlarmManagerTask State:8257 IecCCnt:94385 CCnt:94385 CTime:11025us AvgCTime:642us MaxCTime:316793us MinCTime:68us Jit:420us JitMax:2714618us JitMin:-49903us"
07.10.2024 11:29:56.001: Cmp=PsSysTask, C=1, E=0, M="RedundancyTask State:8257 IecCCnt:143662 CCnt:143662 CTime:62us AvgCTime:101us MaxCTime:1408us MinCTime:36us Jit:242us JitMax:1308us JitMin:-959us"
07.10.2024 11:29:56.001: Cmp=PsSysTask, C=1, E=0, M="Modbus State:8257 IecCCnt:14364 CCnt:14364 CTime:26us AvgCTime:33us MaxCTime:2664us MinCTime:19us Jit:-434us JitMax:2674us JitMin:-2849us"
07.10.2024 11:29:56.001: Cmp=PsSysTask, C=1, E=0, M="VISU_TASK State:8259 IecCCnt:34975 CCnt:34975 CTime:84us AvgCTime:105474us MaxCTime:2807689us MinCTime:38us Jit:-175988us JitMax:2614711us JitMin:-199918us"
07.10.2024 11:29:56.001: Cmp=PsSysTask, C=1, E=0, M="TASK_PLC_PRG State:8257 IecCCnt:359115 CCnt:359115 CTime:2213us AvgCTime:2438us MaxCTime:4314us MinCTime:2150us Jit:4us JitMax:1765us JitMin:-1303us"
07.10.2024 11:29:56.001: Cmp=PsSysTask, C=1, E=0, M="TASK_DIAGN State:8257 IecCCnt:7182 CCnt:7182 CTime:42274us AvgCTime:41493us MaxCTime:56840us MinCTime:36360us Jit:186us JitMax:2491us JitMin:-3504us"
07.10.2024 11:34:57.000: Cmp=PsSysTask, C=1, E=0, M="AlarmManagerTask State:8257 IecCCnt:98085 CCnt:98085 CTime:107us AvgCTime:656us MaxCTime:316793us MinCTime:68us Jit:7458us JitMax:2714618us JitMin:-49903us"
07.10.2024 11:34:57.000: Cmp=PsSysTask, C=1, E=0, M="RedundancyTask State:8257 IecCCnt:149683 CCnt:149683 CTime:63us AvgCTime:102us MaxCTime:1424us MinCTime:36us Jit:-268us JitMax:1308us JitMin:-959us"
07.10.2024 11:34:57.000: Cmp=PsSysTask, C=1, E=0, M="Modbus State:8257 IecCCnt:14966 CCnt:14966 CTime:25us AvgCTime:33us MaxCTime:2664us MinCTime:19us Jit:-90us JitMax:2674us JitMin:-2849us"
07.10.2024 11:34:57.000: Cmp=PsSysTask, C=1, E=0, M="VISU_TASK State:8259 IecCCnt:36413 CCnt:36413 CTime:84us AvgCTime:106001us MaxCTime:2807689us MinCTime:38us Jit:-88781us JitMax:2614711us JitMin:-199918us"
07.10.2024 11:34:57.000: Cmp=PsSysTask, C=1, E=0, M="TASK_PLC_PRG State:8257 IecCCnt:374166 CCnt:374166 CTime:2231us AvgCTime:2436us MaxCTime:4419us MinCTime:2150us Jit:173us JitMax:1765us JitMin:-1303us"
07.10.2024 11:34:57.000: Cmp=PsSysTask, C=1, E=0, M="TASK_DIAGN State:8257 IecCCnt:7483 CCnt:7483 CTime:37805us AvgCTime:41490us MaxCTime:56840us MinCTime:36360us Jit:-157us JitMax:2491us JitMin:-3504us"
07.10.2024 11:39:58.008: Cmp=PsSysTask, C=1, E=0, M="AlarmManagerTask State:8257 IecCCnt:101780 CCnt:101780 CTime:94us AvgCTime:663us MaxCTime:316793us MinCTime:68us Jit:3473us JitMax:2714618us JitMin:-49903us"
07.10.2024 11:39:58.008: Cmp=PsSysTask, C=1, E=0, M="RedundancyTask State:8257 IecCCnt:155704 CCnt:155704 CTime:71us AvgCTime:102us MaxCTime:1424us MinCTime:36us Jit:-44us JitMax:1308us JitMin:-959us"
07.10.2024 11:39:58.008: Cmp=PsSysTask, C=1, E=0, M="Modbus State:8257 IecCCnt:15568 CCnt:15568 CTime:37us AvgCTime:34us MaxCTime:2664us MinCTime:19us Jit:215us JitMax:2674us JitMin:-2849us"
07.10.2024 11:39:58.008: Cmp=PsSysTask, C=1, E=0, M="VISU_TASK State:8257 IecCCnt:37853 CCnt:37853 CTime:85us AvgCTime:106531us MaxCTime:2807689us MinCTime:38us Jit:-178034us JitMax:2614711us JitMin:-199921us"
07.10.2024 11:39:58.008: Cmp=PsSysTask, C=1, E=0, M="TASK_PLC_PRG State:8257 IecCCnt:389217 CCnt:389217 CTime:2222us AvgCTime:2435us MaxCTime:4419us MinCTime:2150us Jit:-334us JitMax:1765us JitMin:-1303us"
07.10.2024 11:39:58.008: Cmp=PsSysTask, C=1, E=0, M="TASK_DIAGN State:8259 IecCCnt:7784 CCnt:7784 CTime:40753us AvgCTime:41488us MaxCTime:56840us MinCTime:36360us Jit:-133us JitMax:2906us JitMin:-3504us"
07.10.2024 11:44:59.000: Cmp=PsSysTask, C=1, E=0, M="AlarmManagerTask State:8257 IecCCnt:105342 CCnt:105342 CTime:107us AvgCTime:695us MaxCTime:1830009us MinCTime:68us Jit:-678us JitMax:2804839us JitMin:-49903us"
07.10.2024 11:44:59.000: Cmp=PsSysTask, C=1, E=0, M="RedundancyTask State:8257 IecCCnt:161725 CCnt:161725 CTime:64us AvgCTime:102us MaxCTime:1424us MinCTime:36us Jit:103us JitMax:1331us JitMin:-959us"
07.10.2024 11:44:59.000: Cmp=PsSysTask, C=1, E=0, M="Modbus State:8257 IecCCnt:16170 CCnt:16170 CTime:33us AvgCTime:33us MaxCTime:2664us MinCTime:19us Jit:-350us JitMax:2674us JitMin:-2849us"
07.10.2024 11:44:59.000: Cmp=PsSysTask, C=1, E=0, M="VISU_TASK State:8259 IecCCnt:39215 CCnt:39215 CTime:74us AvgCTime:107314us MaxCTime:5521159us MinCTime:38us Jit:-134289us JitMax:5321174us JitMin:-199921us"
07.10.2024 11:44:59.000: Cmp=PsSysTask, C=1, E=0, M="TASK_PLC_PRG State:8257 IecCCnt:404267 CCnt:404267 CTime:2587us AvgCTime:2434us MaxCTime:4419us MinCTime:2150us Jit:-27us JitMax:1765us JitMin:-1303us"
07.10.2024 11:44:59.000: Cmp=PsSysTask, C=1, E=0, M="TASK_DIAGN State:8257 IecCCnt:8086 CCnt:8086 CTime:40729us AvgCTime:41485us MaxCTime:56840us MinCTime:36360us Jit:-155us JitMax:2906us JitMin:-3504us"
07.10.2024 11:50:00.007: Cmp=PsSysTask, C=1, E=0, M="AlarmManagerTask State:8257 IecCCnt:109000 CCnt:109000 CTime:105us AvgCTime:712us MaxCTime:1830009us MinCTime:68us Jit:727us JitMax:2804839us JitMin:-49903us"
07.10.2024 11:50:00.007: Cmp=PsSysTask, C=1, E=0, M="RedundancyTask State:8257 IecCCnt:167746 CCnt:167746 CTime:62us AvgCTime:102us MaxCTime:1424us MinCTime:36us Jit:2us JitMax:1331us JitMin:-959us"
07.10.2024 11:50:00.007: Cmp=PsSysTask, C=1, E=0, M="Modbus State:8257 IecCCnt:16773 CCnt:16773 CTime:32us AvgCTime:33us MaxCTime:2664us MinCTime:19us Jit:-413us JitMax:2674us JitMin:-2849us"
07.10.2024 11:50:00.007: Cmp=PsSysTask, C=1, E=0, M="VISU_TASK State:8259 IecCCnt:40641 CCnt:40641 CTime:85us AvgCTime:107780us MaxCTime:5521159us MinCTime:38us Jit:-139254us JitMax:5321174us JitMin:-199921us"
07.10.2024 11:50:00.007: Cmp=PsSysTask, C=1, E=0, M="TASK_PLC_PRG State:8257 IecCCnt:419319 CCnt:419319 CTime:2421us AvgCTime:2431us MaxCTime:4419us MinCTime:2150us Jit:-20us JitMax:1765us JitMin:-1303us"
07.10.2024 11:50:00.007: Cmp=PsSysTask, C=1, E=0, M="TASK_DIAGN State:8257 IecCCnt:8387 CCnt:8387 CTime:50353us AvgCTime:41487us MaxCTime:56840us MinCTime:36360us Jit:-491us JitMax:2906us JitMin:-3504us"
07.10.2024 11:55:01.002: Cmp=PsSysTask, C=1, E=0, M="AlarmManagerTask State:8257 IecCCnt:112720 CCnt:112720 CTime:101us AvgCTime:717us MaxCTime:1830009us MinCTime:68us Jit:2220us JitMax:2804839us JitMin:-49903us"
07.10.2024 11:55:01.002: Cmp=PsSysTask, C=1, E=0, M="RedundancyTask State:8257 IecCCnt:173767 CCnt:173767 CTime:68us AvgCTime:102us MaxCTime:1424us MinCTime:36us Jit:-87us JitMax:1331us JitMin:-959us"
07.10.2024 11:55:01.002: Cmp=PsSysTask, C=1, E=0, M="Modbus State:8257 IecCCnt:17375 CCnt:17375 CTime:26us AvgCTime:33us MaxCTime:2664us MinCTime:19us Jit:-361us JitMax:2674us JitMin:-2849us"
07.10.2024 11:55:01.002: Cmp=PsSysTask, C=1, E=0, M="VISU_TASK State:8259 IecCCnt:42077 CCnt:42077 CTime:85us AvgCTime:108164us MaxCTime:5521159us MinCTime:38us Jit:-30608us JitMax:5321174us JitMin:-199921us"
07.10.2024 11:55:01.002: Cmp=PsSysTask, C=1, E=0, M="TASK_PLC_PRG State:8257 IecCCnt:434370 CCnt:434370 CTime:2203us AvgCTime:2430us MaxCTime:4419us MinCTime:2150us Jit:1us JitMax:1765us JitMin:-1303us"
07.10.2024 11:55:01.002: Cmp=PsSysTask, C=1, E=0, M="TASK_DIAGN State:8257 IecCCnt:8688 CCnt:8688 CTime:41102us AvgCTime:41490us MaxCTime:56840us MinCTime:36360us Jit:-143us JitMax:2906us JitMin:-3504us"
07.10.2024 12:00:02.003: Cmp=PsSysTask, C=1, E=0, M="AlarmManagerTask State:8257 IecCCnt:116167 CCnt:116167 CTime:3042us AvgCTime:798us MaxCTime:1830009us MinCTime:68us Jit:451us JitMax:3107712us JitMin:-49903us"
07.10.2024 12:00:02.003: Cmp=PsSysTask, C=1, E=0, M="RedundancyTask State:8257 IecCCnt:179788 CCnt:179788 CTime:78us AvgCTime:102us MaxCTime:1424us MinCTime:36us Jit:53us JitMax:1331us JitMin:-959us"
07.10.2024 12:00:02.003: Cmp=PsSysTask, C=1, E=0, M="Modbus State:8257 IecCCnt:17977 CCnt:17977 CTime:26us AvgCTime:33us MaxCTime:2664us MinCTime:19us Jit:-104us JitMax:2674us JitMin:-2849us"
07.10.2024 12:00:02.003: Cmp=PsSysTask, C=1, E=0, M="VISU_TASK State:8259 IecCCnt:43211 CCnt:43211 CTime:616us AvgCTime:109690us MaxCTime:5521159us MinCTime:38us Jit:-53066us JitMax:5321174us JitMin:-199921us"
07.10.2024 12:00:02.003: Cmp=PsSysTask, C=1, E=0, M="TASK_PLC_PRG State:8257 IecCCnt:449421 CCnt:449421 CTime:2232us AvgCTime:2431us MaxCTime:4419us MinCTime:2150us Jit:-347us JitMax:1765us JitMin:-1303us"
07.10.2024 12:00:02.003: Cmp=PsSysTask, C=1, E=0, M="TASK_DIAGN State:8257 IecCCnt:8989 CCnt:8989 CTime:40582us AvgCTime:41493us MaxCTime:56840us MinCTime:36360us Jit:34us JitMax:2906us JitMin:-3504us"
